<?xml version="1.0" encoding="UTF-8"?>
<testsuite xmlns:xsi="http://www.w3.org/2001/XMLSchema-instance" xsi:noNamespaceSchemaLocation="https://maven.apache.org/surefire/maven-surefire-plugin/xsd/surefire-test-report-3.0.xsd" version="3.0" name="com.cwa.crudspringboot.CrudSpringbootApplicationTests" time="8.581" tests="1" errors="0" skipped="0" failures="0">
  <properties>
    <property name="java.specification.version" value="17"/>
    <property name="sun.jnu.encoding" value="UTF-8"/>
    <property name="java.class.path" value="/home/damien/crud-springboot-jwt/target/test-classes:/home/damien/crud-springboot-jwt/target/classes:/home/damien/.m2/repository/org/springframework/boot/spring-boot-starter-data-jpa/3.2.7/spring-boot-starter-data-jpa-3.2.7.jar:/home/damien/.m2/repository/org/springframework/boot/spring-boot-starter-aop/3.2.7/spring-boot-starter-aop-3.2.7.jar:/home/damien/.m2/repository/org/aspectj/aspectjweaver/1.9.22/aspectjweaver-1.9.22.jar:/home/damien/.m2/repository/org/springframework/boot/spring-boot-starter-jdbc/3.2.7/spring-boot-starter-jdbc-3.2.7.jar:/home/damien/.m2/repository/com/zaxxer/HikariCP/5.0.1/HikariCP-5.0.1.jar:/home/damien/.m2/repository/org/springframework/spring-jdbc/6.1.10/spring-jdbc-6.1.10.jar:/home/damien/.m2/repository/org/hibernate/orm/hibernate-core/6.4.9.Final/hibernate-core-6.4.9.Final.jar:/home/damien/.m2/repository/jakarta/persistence/jakarta.persistence-api/3.1.0/jakarta.persistence-api-3.1.0.jar:/home/damien/.m2/repository/jakarta/transaction/jakarta.transaction-api/2.0.1/jakarta.transaction-api-2.0.1.jar:/home/damien/.m2/repository/org/jboss/logging/jboss-logging/3.5.3.Final/jboss-logging-3.5.3.Final.jar:/home/damien/.m2/repository/org/hibernate/common/hibernate-commons-annotations/6.0.6.Final/hibernate-commons-annotations-6.0.6.Final.jar:/home/damien/.m2/repository/io/smallrye/jandex/3.1.2/jandex-3.1.2.jar:/home/damien/.m2/repository/com/fasterxml/classmate/1.6.0/classmate-1.6.0.jar:/home/damien/.m2/repository/net/bytebuddy/byte-buddy/1.14.17/byte-buddy-1.14.17.jar:/home/damien/.m2/repository/org/glassfish/jaxb/jaxb-runtime/4.0.5/jaxb-runtime-4.0.5.jar:/home/damien/.m2/repository/org/glassfish/jaxb/jaxb-core/4.0.5/jaxb-core-4.0.5.jar:/home/damien/.m2/repository/org/eclipse/angus/angus-activation/2.0.2/angus-activation-2.0.2.jar:/home/damien/.m2/repository/org/glassfish/jaxb/txw2/4.0.5/txw2-4.0.5.jar:/home/damien/.m2/repository/com/sun/istack/istack-commons-runtime/4.1.2/istack-commons-runtime-4.1.2.jar:/home/damien/.m2/repository/jakarta/inject/jakarta.inject-api/2.0.1/jakarta.inject-api-2.0.1.jar:/home/damien/.m2/repository/org/antlr/antlr4-runtime/4.13.0/antlr4-runtime-4.13.0.jar:/home/damien/.m2/repository/org/springframework/data/spring-data-jpa/3.2.7/spring-data-jpa-3.2.7.jar:/home/damien/.m2/repository/org/springframework/data/spring-data-commons/3.2.7/spring-data-commons-3.2.7.jar:/home/damien/.m2/repository/org/springframework/spring-orm/6.1.10/spring-orm-6.1.10.jar:/home/damien/.m2/repository/org/springframework/spring-context/6.1.10/spring-context-6.1.10.jar:/home/damien/.m2/repository/org/springframework/spring-tx/6.1.10/spring-tx-6.1.10.jar:/home/damien/.m2/repository/org/springframework/spring-beans/6.1.10/spring-beans-6.1.10.jar:/home/damien/.m2/repository/jakarta/annotation/jakarta.annotation-api/2.1.1/jakarta.annotation-api-2.1.1.jar:/home/damien/.m2/repository/org/slf4j/slf4j-api/2.0.13/slf4j-api-2.0.13.jar:/home/damien/.m2/repository/org/springframework/spring-aspects/6.1.10/spring-aspects-6.1.10.jar:/home/damien/.m2/repository/org/springframework/boot/spring-boot-starter-web/3.2.7/spring-boot-starter-web-3.2.7.jar:/home/damien/.m2/repository/org/springframework/boot/spring-boot-starter/3.2.7/spring-boot-starter-3.2.7.jar:/home/damien/.m2/repository/org/springframework/boot/spring-boot-starter-logging/3.2.7/spring-boot-starter-logging-3.2.7.jar:/home/damien/.m2/repository/ch/qos/logback/logback-classic/1.4.14/logback-classic-1.4.14.jar:/home/damien/.m2/repository/ch/qos/logback/logback-core/1.4.14/logback-core-1.4.14.jar:/home/damien/.m2/repository/org/apache/logging/log4j/log4j-to-slf4j/2.21.1/log4j-to-slf4j-2.21.1.jar:/home/damien/.m2/repository/org/apache/logging/log4j/log4j-api/2.21.1/log4j-api-2.21.1.jar:/home/damien/.m2/repository/org/slf4j/jul-to-slf4j/2.0.13/jul-to-slf4j-2.0.13.jar:/home/damien/.m2/repository/org/yaml/snakeyaml/2.2/snakeyaml-2.2.jar:/home/damien/.m2/repository/org/springframework/boot/spring-boot-starter-json/3.2.7/spring-boot-starter-json-3.2.7.jar:/home/damien/.m2/repository/com/fasterxml/jackson/datatype/jackson-datatype-jdk8/2.15.4/jackson-datatype-jdk8-2.15.4.jar:/home/damien/.m2/repository/com/fasterxml/jackson/datatype/jackson-datatype-jsr310/2.15.4/jackson-datatype-jsr310-2.15.4.jar:/home/damien/.m2/repository/com/fasterxml/jackson/module/jackson-module-parameter-names/2.15.4/jackson-module-parameter-names-2.15.4.jar:/home/damien/.m2/repository/org/springframework/boot/spring-boot-starter-tomcat/3.2.7/spring-boot-starter-tomcat-3.2.7.jar:/home/damien/.m2/repository/org/apache/tomcat/embed/tomcat-embed-core/10.1.25/tomcat-embed-core-10.1.25.jar:/home/damien/.m2/repository/org/apache/tomcat/embed/tomcat-embed-el/10.1.25/tomcat-embed-el-10.1.25.jar:/home/damien/.m2/repository/org/apache/tomcat/embed/tomcat-embed-websocket/10.1.25/tomcat-embed-websocket-10.1.25.jar:/home/damien/.m2/repository/org/springframework/spring-web/6.1.10/spring-web-6.1.10.jar:/home/damien/.m2/repository/io/micrometer/micrometer-observation/1.12.7/micrometer-observation-1.12.7.jar:/home/damien/.m2/repository/io/micrometer/micrometer-commons/1.12.7/micrometer-commons-1.12.7.jar:/home/damien/.m2/repository/org/springframework/spring-webmvc/6.1.10/spring-webmvc-6.1.10.jar:/home/damien/.m2/repository/org/springframework/spring-expression/6.1.10/spring-expression-6.1.10.jar:/home/damien/.m2/repository/com/mysql/mysql-connector-j/8.3.0/mysql-connector-j-8.3.0.jar:/home/damien/.m2/repository/org/springframework/boot/spring-boot-starter-test/3.2.7/spring-boot-starter-test-3.2.7.jar:/home/damien/.m2/repository/org/springframework/boot/spring-boot-test/3.2.7/spring-boot-test-3.2.7.jar:/home/damien/.m2/repository/org/springframework/boot/spring-boot-test-autoconfigure/3.2.7/spring-boot-test-autoconfigure-3.2.7.jar:/home/damien/.m2/repository/com/jayway/jsonpath/json-path/2.9.0/json-path-2.9.0.jar:/home/damien/.m2/repository/jakarta/xml/bind/jakarta.xml.bind-api/4.0.2/jakarta.xml.bind-api-4.0.2.jar:/home/damien/.m2/repository/jakarta/activation/jakarta.activation-api/2.1.3/jakarta.activation-api-2.1.3.jar:/home/damien/.m2/repository/net/minidev/json-smart/2.5.1/json-smart-2.5.1.jar:/home/damien/.m2/repository/net/minidev/accessors-smart/2.5.1/accessors-smart-2.5.1.jar:/home/damien/.m2/repository/org/ow2/asm/asm/9.6/asm-9.6.jar:/home/damien/.m2/repository/org/assertj/assertj-core/3.24.2/assertj-core-3.24.2.jar:/home/damien/.m2/repository/org/awaitility/awaitility/4.2.1/awaitility-4.2.1.jar:/home/damien/.m2/repository/org/hamcrest/hamcrest/2.2/hamcrest-2.2.jar:/home/damien/.m2/repository/org/junit/jupiter/junit-jupiter/5.10.2/junit-jupiter-5.10.2.jar:/home/damien/.m2/repository/org/junit/jupiter/junit-jupiter-api/5.10.2/junit-jupiter-api-5.10.2.jar:/home/damien/.m2/repository/org/opentest4j/opentest4j/1.3.0/opentest4j-1.3.0.jar:/home/damien/.m2/repository/org/junit/platform/junit-platform-commons/1.10.2/junit-platform-commons-1.10.2.jar:/home/damien/.m2/repository/org/apiguardian/apiguardian-api/1.1.2/apiguardian-api-1.1.2.jar:/home/damien/.m2/repository/org/junit/jupiter/junit-jupiter-params/5.10.2/junit-jupiter-params-5.10.2.jar:/home/damien/.m2/repository/org/junit/jupiter/junit-jupiter-engine/5.10.2/junit-jupiter-engine-5.10.2.jar:/home/damien/.m2/repository/org/junit/platform/junit-platform-engine/1.10.2/junit-platform-engine-1.10.2.jar:/home/damien/.m2/repository/org/mockito/mockito-core/5.7.0/mockito-core-5.7.0.jar:/home/damien/.m2/repository/net/bytebuddy/byte-buddy-agent/1.14.17/byte-buddy-agent-1.14.17.jar:/home/damien/.m2/repository/org/objenesis/objenesis/3.3/objenesis-3.3.jar:/home/damien/.m2/repository/org/mockito/mockito-junit-jupiter/5.7.0/mockito-junit-jupiter-5.7.0.jar:/home/damien/.m2/repository/org/skyscreamer/jsonassert/1.5.1/jsonassert-1.5.1.jar:/home/damien/.m2/repository/com/vaadin/external/google/android-json/0.0.20131108.vaadin1/android-json-0.0.20131108.vaadin1.jar:/home/damien/.m2/repository/org/springframework/spring-core/6.1.10/spring-core-6.1.10.jar:/home/damien/.m2/repository/org/springframework/spring-jcl/6.1.10/spring-jcl-6.1.10.jar:/home/damien/.m2/repository/org/springframework/spring-test/6.1.10/spring-test-6.1.10.jar:/home/damien/.m2/repository/org/xmlunit/xmlunit-core/2.9.1/xmlunit-core-2.9.1.jar:/home/damien/.m2/repository/org/springframework/boot/spring-boot-devtools/3.2.7/spring-boot-devtools-3.2.7.jar:/home/damien/.m2/repository/org/springframework/boot/spring-boot/3.2.7/spring-boot-3.2.7.jar:/home/damien/.m2/repository/org/springframework/boot/spring-boot-autoconfigure/3.2.7/spring-boot-autoconfigure-3.2.7.jar:/home/damien/.m2/repository/org/springframework/boot/spring-boot-starter-security/3.2.7/spring-boot-starter-security-3.2.7.jar:/home/damien/.m2/repository/org/springframework/spring-aop/6.1.10/spring-aop-6.1.10.jar:/home/damien/.m2/repository/org/springframework/security/spring-security-config/6.2.5/spring-security-config-6.2.5.jar:/home/damien/.m2/repository/org/springframework/security/spring-security-web/6.2.5/spring-security-web-6.2.5.jar:/home/damien/.m2/repository/org/projectlombok/lombok/1.18.32/lombok-1.18.32.jar:/home/damien/.m2/repository/org/springframework/security/spring-security-test/6.2.5/spring-security-test-6.2.5.jar:/home/damien/.m2/repository/org/springframework/security/spring-security-core/6.2.5/spring-security-core-6.2.5.jar:/home/damien/.m2/repository/org/springframework/security/spring-security-crypto/6.2.5/spring-security-crypto-6.2.5.jar:/home/damien/.m2/repository/io/jsonwebtoken/jjwt-api/0.11.5/jjwt-api-0.11.5.jar:/home/damien/.m2/repository/io/jsonwebtoken/jjwt-impl/0.11.5/jjwt-impl-0.11.5.jar:/home/damien/.m2/repository/io/jsonwebtoken/jjwt-jackson/0.11.5/jjwt-jackson-0.11.5.jar:/home/damien/.m2/repository/com/fasterxml/jackson/core/jackson-databind/2.15.4/jackson-databind-2.15.4.jar:/home/damien/.m2/repository/com/fasterxml/jackson/core/jackson-annotations/2.15.4/jackson-annotations-2.15.4.jar:/home/damien/.m2/repository/com/fasterxml/jackson/core/jackson-core/2.15.4/jackson-core-2.15.4.jar:/home/damien/.m2/repository/org/springframework/boot/spring-boot-starter-thymeleaf/3.2.7/spring-boot-starter-thymeleaf-3.2.7.jar:/home/damien/.m2/repository/org/thymeleaf/thymeleaf-spring6/3.1.2.RELEASE/thymeleaf-spring6-3.1.2.RELEASE.jar:/home/damien/.m2/repository/org/thymeleaf/thymeleaf/3.1.2.RELEASE/thymeleaf-3.1.2.RELEASE.jar:/home/damien/.m2/repository/org/attoparser/attoparser/2.0.7.RELEASE/attoparser-2.0.7.RELEASE.jar:/home/damien/.m2/repository/org/unbescape/unbescape/1.1.6.RELEASE/unbescape-1.1.6.RELEASE.jar:"/>
    <property name="java.vm.vendor" value="Ubuntu"/>
    <property name="sun.arch.data.model" value="64"/>
    <property name="java.vendor.url" value="https://ubuntu.com/"/>
    <property name="user.timezone" value="Europe/Paris"/>
    <property name="org.jboss.logging.provider" value="slf4j"/>
    <property name="os.name" value="Linux"/>
    <property name="java.vm.specification.version" value="17"/>
    <property name="sun.java.launcher" value="SUN_STANDARD"/>
    <property name="sun.boot.library.path" value="/usr/lib/jvm/java-17-openjdk-amd64/lib"/>
    <property name="sun.java.command" value="/home/damien/crud-springboot-jwt/target/surefire/surefirebooter-20240721154954500_3.jar /home/damien/crud-springboot-jwt/target/surefire 2024-07-21T15-49-54_427-jvmRun1 surefire-20240721154954500_1tmp surefire_0-20240721154954500_2tmp"/>
    <property name="jdk.debug" value="release"/>
    <property name="surefire.test.class.path" value="/home/damien/crud-springboot-jwt/target/test-classes:/home/damien/crud-springboot-jwt/target/classes:/home/damien/.m2/repository/org/springframework/boot/spring-boot-starter-data-jpa/3.2.7/spring-boot-starter-data-jpa-3.2.7.jar:/home/damien/.m2/repository/org/springframework/boot/spring-boot-starter-aop/3.2.7/spring-boot-starter-aop-3.2.7.jar:/home/damien/.m2/repository/org/aspectj/aspectjweaver/1.9.22/aspectjweaver-1.9.22.jar:/home/damien/.m2/repository/org/springframework/boot/spring-boot-starter-jdbc/3.2.7/spring-boot-starter-jdbc-3.2.7.jar:/home/damien/.m2/repository/com/zaxxer/HikariCP/5.0.1/HikariCP-5.0.1.jar:/home/damien/.m2/repository/org/springframework/spring-jdbc/6.1.10/spring-jdbc-6.1.10.jar:/home/damien/.m2/repository/org/hibernate/orm/hibernate-core/6.4.9.Final/hibernate-core-6.4.9.Final.jar:/home/damien/.m2/repository/jakarta/persistence/jakarta.persistence-api/3.1.0/jakarta.persistence-api-3.1.0.jar:/home/damien/.m2/repository/jakarta/transaction/jakarta.transaction-api/2.0.1/jakarta.transaction-api-2.0.1.jar:/home/damien/.m2/repository/org/jboss/logging/jboss-logging/3.5.3.Final/jboss-logging-3.5.3.Final.jar:/home/damien/.m2/repository/org/hibernate/common/hibernate-commons-annotations/6.0.6.Final/hibernate-commons-annotations-6.0.6.Final.jar:/home/damien/.m2/repository/io/smallrye/jandex/3.1.2/jandex-3.1.2.jar:/home/damien/.m2/repository/com/fasterxml/classmate/1.6.0/classmate-1.6.0.jar:/home/damien/.m2/repository/net/bytebuddy/byte-buddy/1.14.17/byte-buddy-1.14.17.jar:/home/damien/.m2/repository/org/glassfish/jaxb/jaxb-runtime/4.0.5/jaxb-runtime-4.0.5.jar:/home/damien/.m2/repository/org/glassfish/jaxb/jaxb-core/4.0.5/jaxb-core-4.0.5.jar:/home/damien/.m2/repository/org/eclipse/angus/angus-activation/2.0.2/angus-activation-2.0.2.jar:/home/damien/.m2/repository/org/glassfish/jaxb/txw2/4.0.5/txw2-4.0.5.jar:/home/damien/.m2/repository/com/sun/istack/istack-commons-runtime/4.1.2/istack-commons-runtime-4.1.2.jar:/home/damien/.m2/repository/jakarta/inject/jakarta.inject-api/2.0.1/jakarta.inject-api-2.0.1.jar:/home/damien/.m2/repository/org/antlr/antlr4-runtime/4.13.0/antlr4-runtime-4.13.0.jar:/home/damien/.m2/repository/org/springframework/data/spring-data-jpa/3.2.7/spring-data-jpa-3.2.7.jar:/home/damien/.m2/repository/org/springframework/data/spring-data-commons/3.2.7/spring-data-commons-3.2.7.jar:/home/damien/.m2/repository/org/springframework/spring-orm/6.1.10/spring-orm-6.1.10.jar:/home/damien/.m2/repository/org/springframework/spring-context/6.1.10/spring-context-6.1.10.jar:/home/damien/.m2/repository/org/springframework/spring-tx/6.1.10/spring-tx-6.1.10.jar:/home/damien/.m2/repository/org/springframework/spring-beans/6.1.10/spring-beans-6.1.10.jar:/home/damien/.m2/repository/jakarta/annotation/jakarta.annotation-api/2.1.1/jakarta.annotation-api-2.1.1.jar:/home/damien/.m2/repository/org/slf4j/slf4j-api/2.0.13/slf4j-api-2.0.13.jar:/home/damien/.m2/repository/org/springframework/spring-aspects/6.1.10/spring-aspects-6.1.10.jar:/home/damien/.m2/repository/org/springframework/boot/spring-boot-starter-web/3.2.7/spring-boot-starter-web-3.2.7.jar:/home/damien/.m2/repository/org/springframework/boot/spring-boot-starter/3.2.7/spring-boot-starter-3.2.7.jar:/home/damien/.m2/repository/org/springframework/boot/spring-boot-starter-logging/3.2.7/spring-boot-starter-logging-3.2.7.jar:/home/damien/.m2/repository/ch/qos/logback/logback-classic/1.4.14/logback-classic-1.4.14.jar:/home/damien/.m2/repository/ch/qos/logback/logback-core/1.4.14/logback-core-1.4.14.jar:/home/damien/.m2/repository/org/apache/logging/log4j/log4j-to-slf4j/2.21.1/log4j-to-slf4j-2.21.1.jar:/home/damien/.m2/repository/org/apache/logging/log4j/log4j-api/2.21.1/log4j-api-2.21.1.jar:/home/damien/.m2/repository/org/slf4j/jul-to-slf4j/2.0.13/jul-to-slf4j-2.0.13.jar:/home/damien/.m2/repository/org/yaml/snakeyaml/2.2/snakeyaml-2.2.jar:/home/damien/.m2/repository/org/springframework/boot/spring-boot-starter-json/3.2.7/spring-boot-starter-json-3.2.7.jar:/home/damien/.m2/repository/com/fasterxml/jackson/datatype/jackson-datatype-jdk8/2.15.4/jackson-datatype-jdk8-2.15.4.jar:/home/damien/.m2/repository/com/fasterxml/jackson/datatype/jackson-datatype-jsr310/2.15.4/jackson-datatype-jsr310-2.15.4.jar:/home/damien/.m2/repository/com/fasterxml/jackson/module/jackson-module-parameter-names/2.15.4/jackson-module-parameter-names-2.15.4.jar:/home/damien/.m2/repository/org/springframework/boot/spring-boot-starter-tomcat/3.2.7/spring-boot-starter-tomcat-3.2.7.jar:/home/damien/.m2/repository/org/apache/tomcat/embed/tomcat-embed-core/10.1.25/tomcat-embed-core-10.1.25.jar:/home/damien/.m2/repository/org/apache/tomcat/embed/tomcat-embed-el/10.1.25/tomcat-embed-el-10.1.25.jar:/home/damien/.m2/repository/org/apache/tomcat/embed/tomcat-embed-websocket/10.1.25/tomcat-embed-websocket-10.1.25.jar:/home/damien/.m2/repository/org/springframework/spring-web/6.1.10/spring-web-6.1.10.jar:/home/damien/.m2/repository/io/micrometer/micrometer-observation/1.12.7/micrometer-observation-1.12.7.jar:/home/damien/.m2/repository/io/micrometer/micrometer-commons/1.12.7/micrometer-commons-1.12.7.jar:/home/damien/.m2/repository/org/springframework/spring-webmvc/6.1.10/spring-webmvc-6.1.10.jar:/home/damien/.m2/repository/org/springframework/spring-expression/6.1.10/spring-expression-6.1.10.jar:/home/damien/.m2/repository/com/mysql/mysql-connector-j/8.3.0/mysql-connector-j-8.3.0.jar:/home/damien/.m2/repository/org/springframework/boot/spring-boot-starter-test/3.2.7/spring-boot-starter-test-3.2.7.jar:/home/damien/.m2/repository/org/springframework/boot/spring-boot-test/3.2.7/spring-boot-test-3.2.7.jar:/home/damien/.m2/repository/org/springframework/boot/spring-boot-test-autoconfigure/3.2.7/spring-boot-test-autoconfigure-3.2.7.jar:/home/damien/.m2/repository/com/jayway/jsonpath/json-path/2.9.0/json-path-2.9.0.jar:/home/damien/.m2/repository/jakarta/xml/bind/jakarta.xml.bind-api/4.0.2/jakarta.xml.bind-api-4.0.2.jar:/home/damien/.m2/repository/jakarta/activation/jakarta.activation-api/2.1.3/jakarta.activation-api-2.1.3.jar:/home/damien/.m2/repository/net/minidev/json-smart/2.5.1/json-smart-2.5.1.jar:/home/damien/.m2/repository/net/minidev/accessors-smart/2.5.1/accessors-smart-2.5.1.jar:/home/damien/.m2/repository/org/ow2/asm/asm/9.6/asm-9.6.jar:/home/damien/.m2/repository/org/assertj/assertj-core/3.24.2/assertj-core-3.24.2.jar:/home/damien/.m2/repository/org/awaitility/awaitility/4.2.1/awaitility-4.2.1.jar:/home/damien/.m2/repository/org/hamcrest/hamcrest/2.2/hamcrest-2.2.jar:/home/damien/.m2/repository/org/junit/jupiter/junit-jupiter/5.10.2/junit-jupiter-5.10.2.jar:/home/damien/.m2/repository/org/junit/jupiter/junit-jupiter-api/5.10.2/junit-jupiter-api-5.10.2.jar:/home/damien/.m2/repository/org/opentest4j/opentest4j/1.3.0/opentest4j-1.3.0.jar:/home/damien/.m2/repository/org/junit/platform/junit-platform-commons/1.10.2/junit-platform-commons-1.10.2.jar:/home/damien/.m2/repository/org/apiguardian/apiguardian-api/1.1.2/apiguardian-api-1.1.2.jar:/home/damien/.m2/repository/org/junit/jupiter/junit-jupiter-params/5.10.2/junit-jupiter-params-5.10.2.jar:/home/damien/.m2/repository/org/junit/jupiter/junit-jupiter-engine/5.10.2/junit-jupiter-engine-5.10.2.jar:/home/damien/.m2/repository/org/junit/platform/junit-platform-engine/1.10.2/junit-platform-engine-1.10.2.jar:/home/damien/.m2/repository/org/mockito/mockito-core/5.7.0/mockito-core-5.7.0.jar:/home/damien/.m2/repository/net/bytebuddy/byte-buddy-agent/1.14.17/byte-buddy-agent-1.14.17.jar:/home/damien/.m2/repository/org/objenesis/objenesis/3.3/objenesis-3.3.jar:/home/damien/.m2/repository/org/mockito/mockito-junit-jupiter/5.7.0/mockito-junit-jupiter-5.7.0.jar:/home/damien/.m2/repository/org/skyscreamer/jsonassert/1.5.1/jsonassert-1.5.1.jar:/home/damien/.m2/repository/com/vaadin/external/google/android-json/0.0.20131108.vaadin1/android-json-0.0.20131108.vaadin1.jar:/home/damien/.m2/repository/org/springframework/spring-core/6.1.10/spring-core-6.1.10.jar:/home/damien/.m2/repository/org/springframework/spring-jcl/6.1.10/spring-jcl-6.1.10.jar:/home/damien/.m2/repository/org/springframework/spring-test/6.1.10/spring-test-6.1.10.jar:/home/damien/.m2/repository/org/xmlunit/xmlunit-core/2.9.1/xmlunit-core-2.9.1.jar:/home/damien/.m2/repository/org/springframework/boot/spring-boot-devtools/3.2.7/spring-boot-devtools-3.2.7.jar:/home/damien/.m2/repository/org/springframework/boot/spring-boot/3.2.7/spring-boot-3.2.7.jar:/home/damien/.m2/repository/org/springframework/boot/spring-boot-autoconfigure/3.2.7/spring-boot-autoconfigure-3.2.7.jar:/home/damien/.m2/repository/org/springframework/boot/spring-boot-starter-security/3.2.7/spring-boot-starter-security-3.2.7.jar:/home/damien/.m2/repository/org/springframework/spring-aop/6.1.10/spring-aop-6.1.10.jar:/home/damien/.m2/repository/org/springframework/security/spring-security-config/6.2.5/spring-security-config-6.2.5.jar:/home/damien/.m2/repository/org/springframework/security/spring-security-web/6.2.5/spring-security-web-6.2.5.jar:/home/damien/.m2/repository/org/projectlombok/lombok/1.18.32/lombok-1.18.32.jar:/home/damien/.m2/repository/org/springframework/security/spring-security-test/6.2.5/spring-security-test-6.2.5.jar:/home/damien/.m2/repository/org/springframework/security/spring-security-core/6.2.5/spring-security-core-6.2.5.jar:/home/damien/.m2/repository/org/springframework/security/spring-security-crypto/6.2.5/spring-security-crypto-6.2.5.jar:/home/damien/.m2/repository/io/jsonwebtoken/jjwt-api/0.11.5/jjwt-api-0.11.5.jar:/home/damien/.m2/repository/io/jsonwebtoken/jjwt-impl/0.11.5/jjwt-impl-0.11.5.jar:/home/damien/.m2/repository/io/jsonwebtoken/jjwt-jackson/0.11.5/jjwt-jackson-0.11.5.jar:/home/damien/.m2/repository/com/fasterxml/jackson/core/jackson-databind/2.15.4/jackson-databind-2.15.4.jar:/home/damien/.m2/repository/com/fasterxml/jackson/core/jackson-annotations/2.15.4/jackson-annotations-2.15.4.jar:/home/damien/.m2/repository/com/fasterxml/jackson/core/jackson-core/2.15.4/jackson-core-2.15.4.jar:/home/damien/.m2/repository/org/springframework/boot/spring-boot-starter-thymeleaf/3.2.7/spring-boot-starter-thymeleaf-3.2.7.jar:/home/damien/.m2/repository/org/thymeleaf/thymeleaf-spring6/3.1.2.RELEASE/thymeleaf-spring6-3.1.2.RELEASE.jar:/home/damien/.m2/repository/org/thymeleaf/thymeleaf/3.1.2.RELEASE/thymeleaf-3.1.2.RELEASE.jar:/home/damien/.m2/repository/org/attoparser/attoparser/2.0.7.RELEASE/attoparser-2.0.7.RELEASE.jar:/home/damien/.m2/repository/org/unbescape/unbescape/1.1.6.RELEASE/unbescape-1.1.6.RELEASE.jar:"/>
    <property name="sun.cpu.endian" value="little"/>
    <property name="user.home" value="/home/damien"/>
    <property name="user.language" value="en"/>
    <property name="java.specification.vendor" value="Oracle Corporation"/>
    <property name="java.version.date" value="2024-04-16"/>
    <property name="java.home" value="/usr/lib/jvm/java-17-openjdk-amd64"/>
    <property name="file.separator" value="/"/>
    <property name="basedir" value="/home/damien/crud-springboot-jwt"/>
    <property name="java.vm.compressedOopsMode" value="Zero based"/>
    <property name="line.separator" value="&#10;"/>
    <property name="java.specification.name" value="Java Platform API Specification"/>
    <property name="java.vm.specification.vendor" value="Oracle Corporation"/>
    <property name="FILE_LOG_CHARSET" value="UTF-8"/>
    <property name="java.awt.headless" value="true"/>
    <property name="surefire.real.class.path" value="/home/damien/crud-springboot-jwt/target/surefire/surefirebooter-20240721154954500_3.jar"/>
    <property name="sun.management.compiler" value="HotSpot 64-Bit Tiered Compilers"/>
    <property name="java.runtime.version" value="17.0.11+9-Ubuntu-122.04.1"/>
    <property name="user.name" value="damien"/>
    <property name="path.separator" value=":"/>
    <property name="os.version" value="5.15.153.1-microsoft-standard-WSL2"/>
    <property name="java.runtime.name" value="OpenJDK Runtime Environment"/>
    <property name="file.encoding" value="UTF-8"/>
    <property name="java.vm.name" value="OpenJDK 64-Bit Server VM"/>
    <property name="localRepository" value="/home/damien/.m2/repository"/>
    <property name="java.vendor.url.bug" value="https://bugs.launchpad.net/ubuntu/+source/openjdk-17"/>
    <property name="java.io.tmpdir" value="/tmp"/>
    <property name="com.zaxxer.hikari.pool_number" value="1"/>
    <property name="java.version" value="17.0.11"/>
    <property name="user.dir" value="/home/damien/crud-springboot-jwt"/>
    <property name="os.arch" value="amd64"/>
    <property name="java.vm.specification.name" value="Java Virtual Machine Specification"/>
    <property name="PID" value="248560"/>
    <property name="CONSOLE_LOG_CHARSET" value="UTF-8"/>
    <property name="native.encoding" value="UTF-8"/>
    <property name="java.library.path" value="/usr/java/packages/lib:/usr/lib/x86_64-linux-gnu/jni:/lib/x86_64-linux-gnu:/usr/lib/x86_64-linux-gnu:/usr/lib/jni:/lib:/usr/lib"/>
    <property name="java.vm.info" value="mixed mode, sharing"/>
    <property name="java.vendor" value="Ubuntu"/>
    <property name="java.vm.version" value="17.0.11+9-Ubuntu-122.04.1"/>
    <property name="sun.io.unicode.encoding" value="UnicodeLittle"/>
    <property name="java.class.version" value="61.0"/>
    <property name="LOGGED_APPLICATION_NAME" value="[crud-springboot] "/>
  </properties>
  <testcase name="contextLoads" classname="com.cwa.crudspringboot.CrudSpringbootApplicationTests" time="0.8">
    <system-out><![CDATA[15:49:55.223 [main] INFO org.springframework.test.context.support.AnnotationConfigContextLoaderUtils -- Could not detect default configuration classes for test class [com.cwa.crudspringboot.CrudSpringbootApplicationTests]: CrudSpringbootApplicationTests does not declare any static, non-private, non-final, nested classes annotated with @Configuration.
15:49:55.319 [main] INFO org.springframework.boot.test.context.SpringBootTestContextBootstrapper -- Found @SpringBootConfiguration com.cwa.crudspringboot.CrudSpringbootApplication for test class com.cwa.crudspringboot.CrudSpringbootApplicationTests
15:49:55.477 [main] INFO org.springframework.boot.devtools.restart.RestartApplicationListener -- Restart disabled due to context in which it is running
2024-07-21T15:49:55.656+02:00 TRACE 248560 --- [crud-springboot] [           main] o.s.c.io.support.SpringFactoriesLoader   : Loaded [org.springframework.boot.ApplicationContextFactory] names: [org.springframework.boot.web.reactive.context.ReactiveWebServerApplicationContextFactory, org.springframework.boot.web.servlet.context.ServletWebServerApplicationContextFactory]

  .   ____          _            __ _ _
 /\\ / ___'_ __ _ _(_)_ __  __ _ \ \ \ \
( ( )\___ | '_ | '_| | '_ \/ _` | \ \ \ \
 \\/  ___)| |_)| | | | | || (_| |  ) ) ) )
  '  |____| .__|_| |_|_| |_\__, | / / / /
 =========|_|==============|___/=/_/_/_/
 :: Spring Boot ::                (v3.2.7)

2024-07-21T15:49:55.687+02:00 TRACE 248560 --- [crud-springboot] [           main] o.s.b.f.s.DefaultListableBeanFactory     : Registering scope 'restart' with implementation [org.springframework.boot.devtools.restart.RestartScopeInitializer$RestartScope@72efb5c1]
2024-07-21T15:49:55.696+02:00  INFO 248560 --- [crud-springboot] [           main] c.c.c.CrudSpringbootApplicationTests     : Starting CrudSpringbootApplicationTests using Java 17.0.11 with PID 248560 (started by damien in /home/damien/crud-springboot-jwt)
2024-07-21T15:49:55.698+02:00  INFO 248560 --- [crud-springboot] [           main] c.c.c.CrudSpringbootApplicationTests     : No active profile set, falling back to 1 default profile: "default"
2024-07-21T15:49:55.700+02:00 DEBUG 248560 --- [crud-springboot] [           main] o.s.boot.SpringApplication               : Loading source class com.cwa.crudspringboot.CrudSpringbootApplication
2024-07-21T15:49:55.718+02:00 TRACE 248560 --- [crud-springboot] [           main] o.s.c.a.ClassPathBeanDefinitionScanner   : JSR-250 'jakarta.annotation.ManagedBean' found and supported for component scanning
2024-07-21T15:49:55.719+02:00 TRACE 248560 --- [crud-springboot] [           main] o.s.c.a.ClassPathBeanDefinitionScanner   : JSR-330 'jakarta.inject.Named' annotation found and supported for component scanning
2024-07-21T15:49:55.731+02:00 TRACE 248560 --- [crud-springboot] [           main] uePropertySourceEnvironmentPostProcessor : RandomValuePropertySource add to Environment
2024-07-21T15:49:55.731+02:00 TRACE 248560 --- [crud-springboot] [           main] b.c.c.ConfigDataEnvironmentPostProcessor : Post-processing environment to add config data
2024-07-21T15:49:55.731+02:00 TRACE 248560 --- [crud-springboot] [           main] o.s.b.c.config.ConfigDataEnvironment     : Building config data environment contributors
2024-07-21T15:49:55.731+02:00 TRACE 248560 --- [crud-springboot] [           main] o.s.b.c.config.ConfigDataEnvironment     : Creating wrapped config data contributor for 'Inlined Test Properties'
2024-07-21T15:49:55.731+02:00 TRACE 248560 --- [crud-springboot] [           main] o.s.b.c.config.ConfigDataEnvironment     : Creating wrapped config data contributor for 'configurationProperties'
2024-07-21T15:49:55.731+02:00 TRACE 248560 --- [crud-springboot] [           main] o.s.b.c.config.ConfigDataEnvironment     : Creating wrapped config data contributor for 'servletConfigInitParams'
2024-07-21T15:49:55.731+02:00 TRACE 248560 --- [crud-springboot] [           main] o.s.b.c.config.ConfigDataEnvironment     : Creating wrapped config data contributor for 'servletContextInitParams'
2024-07-21T15:49:55.731+02:00 TRACE 248560 --- [crud-springboot] [           main] o.s.b.c.config.ConfigDataEnvironment     : Creating wrapped config data contributor for 'systemProperties'
2024-07-21T15:49:55.732+02:00 TRACE 248560 --- [crud-springboot] [           main] o.s.b.c.config.ConfigDataEnvironment     : Creating wrapped config data contributor for 'systemEnvironment'
2024-07-21T15:49:55.732+02:00 TRACE 248560 --- [crud-springboot] [           main] o.s.b.c.config.ConfigDataEnvironment     : Creating wrapped config data contributor for 'random'
2024-07-21T15:49:55.732+02:00 TRACE 248560 --- [crud-springboot] [           main] o.s.b.c.config.ConfigDataEnvironment     : Adding initial config data import from location 'optional:file:./;optional:file:./config/;optional:file:./config/*/'
2024-07-21T15:49:55.732+02:00 TRACE 248560 --- [crud-springboot] [           main] o.s.b.c.config.ConfigDataEnvironment     : Adding initial config data import from location 'optional:classpath:/;optional:classpath:/config/'
2024-07-21T15:49:55.732+02:00 TRACE 248560 --- [crud-springboot] [           main] o.s.b.c.config.ConfigDataEnvironment     : Processing initial config data environment contributors without activation context
2024-07-21T15:49:55.732+02:00 TRACE 248560 --- [crud-springboot] [           main] .b.c.c.ConfigDataEnvironmentContributors : Processing imports for phase BEFORE_PROFILE_ACTIVATION. no activation context
2024-07-21T15:49:55.732+02:00 TRACE 248560 --- [crud-springboot] [           main] .b.c.c.ConfigDataEnvironmentContributors : Processing imports [optional:file:./;optional:file:./config/;optional:file:./config/*/]
2024-07-21T15:49:55.732+02:00 TRACE 248560 --- [crud-springboot] [           main] b.c.c.StandardConfigDataLocationResolver : Skipping missing resource file:./application.yaml
2024-07-21T15:49:55.733+02:00 TRACE 248560 --- [crud-springboot] [           main] b.c.c.StandardConfigDataLocationResolver : Skipping missing resource file:./application.yml
2024-07-21T15:49:55.733+02:00 TRACE 248560 --- [crud-springboot] [           main] b.c.c.StandardConfigDataLocationResolver : Skipping missing resource file:./application.xml
2024-07-21T15:49:55.733+02:00 TRACE 248560 --- [crud-springboot] [           main] b.c.c.StandardConfigDataLocationResolver : Skipping missing resource file:./application.properties
2024-07-21T15:49:55.733+02:00 TRACE 248560 --- [crud-springboot] [           main] b.c.c.StandardConfigDataLocationResolver : Skipping missing resource file:./config/application.yaml
2024-07-21T15:49:55.733+02:00 TRACE 248560 --- [crud-springboot] [           main] b.c.c.StandardConfigDataLocationResolver : Skipping missing resource file:./config/application.yml
2024-07-21T15:49:55.733+02:00 TRACE 248560 --- [crud-springboot] [           main] b.c.c.StandardConfigDataLocationResolver : Skipping missing resource file:./config/application.xml
2024-07-21T15:49:55.733+02:00 TRACE 248560 --- [crud-springboot] [           main] b.c.c.StandardConfigDataLocationResolver : Skipping missing resource file:./config/application.properties
2024-07-21T15:49:55.734+02:00 TRACE 248560 --- [crud-springboot] [           main] o.s.b.context.config.ConfigDataImporter  : Considering resource file [.] from location optional:file:./;optional:file:./config/;optional:file:./config/*/
2024-07-21T15:49:55.734+02:00 TRACE 248560 --- [crud-springboot] [           main] o.s.b.context.config.ConfigDataLoaders   : Loading file [.] using loader org.springframework.boot.context.config.StandardConfigDataLoader
2024-07-21T15:49:55.734+02:00 TRACE 248560 --- [crud-springboot] [           main] o.s.b.context.config.ConfigDataImporter  : Loaded resource file [.] from location optional:file:./;optional:file:./config/;optional:file:./config/*/
2024-07-21T15:49:55.737+02:00 TRACE 248560 --- [crud-springboot] [           main] .b.c.c.ConfigDataEnvironmentContributors : Imported 1 resource [file [.]]
2024-07-21T15:49:55.738+02:00 TRACE 248560 --- [crud-springboot] [           main] .b.c.c.ConfigDataEnvironmentContributors : Processing imports [optional:classpath:/;optional:classpath:/config/]
2024-07-21T15:49:55.738+02:00 TRACE 248560 --- [crud-springboot] [           main] b.c.c.StandardConfigDataLocationResolver : Skipping missing resource classpath:/application.yaml
2024-07-21T15:49:55.738+02:00 TRACE 248560 --- [crud-springboot] [           main] b.c.c.StandardConfigDataLocationResolver : Skipping missing resource classpath:/application.yml
2024-07-21T15:49:55.738+02:00 TRACE 248560 --- [crud-springboot] [           main] b.c.c.StandardConfigDataLocationResolver : Skipping missing resource classpath:/application.xml
2024-07-21T15:49:55.738+02:00 TRACE 248560 --- [crud-springboot] [           main] b.c.c.StandardConfigDataLocationResolver : Skipping missing resource classpath:/config/application.yaml
2024-07-21T15:49:55.738+02:00 TRACE 248560 --- [crud-springboot] [           main] b.c.c.StandardConfigDataLocationResolver : Skipping missing resource classpath:/config/application.yml
2024-07-21T15:49:55.738+02:00 TRACE 248560 --- [crud-springboot] [           main] b.c.c.StandardConfigDataLocationResolver : Skipping missing resource classpath:/config/application.xml
2024-07-21T15:49:55.738+02:00 TRACE 248560 --- [crud-springboot] [           main] b.c.c.StandardConfigDataLocationResolver : Skipping missing resource classpath:/config/application.properties
2024-07-21T15:49:55.739+02:00 TRACE 248560 --- [crud-springboot] [           main] o.s.b.context.config.ConfigDataImporter  : Considering resource class path resource [application.properties] from location optional:classpath:/;optional:classpath:/config/
2024-07-21T15:49:55.739+02:00 TRACE 248560 --- [crud-springboot] [           main] o.s.b.context.config.ConfigDataLoaders   : Loading class path resource [application.properties] using loader org.springframework.boot.context.config.StandardConfigDataLoader
2024-07-21T15:49:55.739+02:00 TRACE 248560 --- [crud-springboot] [           main] o.s.b.context.config.ConfigDataImporter  : Loaded resource class path resource [application.properties] from location optional:classpath:/;optional:classpath:/config/
2024-07-21T15:49:55.739+02:00 TRACE 248560 --- [crud-springboot] [           main] .b.c.c.ConfigDataEnvironmentContributors : Imported 1 resource [class path resource [application.properties]]
2024-07-21T15:49:55.743+02:00 TRACE 248560 --- [crud-springboot] [           main] .b.c.c.ConfigDataEnvironmentContributors : Processed imports for of 2 contributors
2024-07-21T15:49:55.744+02:00 TRACE 248560 --- [crud-springboot] [           main] o.s.b.c.config.ConfigDataEnvironment     : Creating config data activation context from initial contributions
2024-07-21T15:49:55.744+02:00 TRACE 248560 --- [crud-springboot] [           main] o.s.b.c.config.ConfigDataEnvironment     : Processing config data environment contributors with initial activation context
2024-07-21T15:49:55.746+02:00 TRACE 248560 --- [crud-springboot] [           main] .b.c.c.ConfigDataEnvironmentContributors : Processing imports for phase BEFORE_PROFILE_ACTIVATION. [ConfigDataActivationContext@7561db12 cloudPlatform = [null], profiles = [null]]
2024-07-21T15:49:55.746+02:00 TRACE 248560 --- [crud-springboot] [           main] .b.c.c.ConfigDataEnvironmentContributors : Processed imports for of 0 contributors
2024-07-21T15:49:55.746+02:00 TRACE 248560 --- [crud-springboot] [           main] o.s.b.c.config.ConfigDataEnvironment     : Deducing profiles from current config data environment contributors
2024-07-21T15:49:55.746+02:00 TRACE 248560 --- [crud-springboot] [           main] o.s.b.c.config.ConfigDataEnvironment     : Processing config data environment contributors with profile activation context
2024-07-21T15:49:55.747+02:00 TRACE 248560 --- [crud-springboot] [           main] .b.c.c.ConfigDataEnvironmentContributors : Processing imports for phase AFTER_PROFILE_ACTIVATION. [ConfigDataActivationContext@3301500b cloudPlatform = [null], profiles = [Profiles@24b52d3e active = '[]', default = '[default]', accepted = '[default]']]
2024-07-21T15:49:55.747+02:00 TRACE 248560 --- [crud-springboot] [           main] .b.c.c.ConfigDataEnvironmentContributors : Processing imports [optional:file:./;optional:file:./config/;optional:file:./config/*/]
2024-07-21T15:49:55.747+02:00 TRACE 248560 --- [crud-springboot] [           main] b.c.c.StandardConfigDataLocationResolver : Skipping missing resource file:./application.yaml
2024-07-21T15:49:55.747+02:00 TRACE 248560 --- [crud-springboot] [           main] b.c.c.StandardConfigDataLocationResolver : Skipping missing resource file:./application.yml
2024-07-21T15:49:55.748+02:00 TRACE 248560 --- [crud-springboot] [           main] b.c.c.StandardConfigDataLocationResolver : Skipping missing resource file:./application.xml
2024-07-21T15:49:55.748+02:00 TRACE 248560 --- [crud-springboot] [           main] b.c.c.StandardConfigDataLocationResolver : Skipping missing resource file:./application.properties
2024-07-21T15:49:55.748+02:00 TRACE 248560 --- [crud-springboot] [           main] b.c.c.StandardConfigDataLocationResolver : Skipping missing resource file:./config/application.yaml
2024-07-21T15:49:55.748+02:00 TRACE 248560 --- [crud-springboot] [           main] b.c.c.StandardConfigDataLocationResolver : Skipping missing resource file:./config/application.yml
2024-07-21T15:49:55.748+02:00 TRACE 248560 --- [crud-springboot] [           main] b.c.c.StandardConfigDataLocationResolver : Skipping missing resource file:./config/application.xml
2024-07-21T15:49:55.748+02:00 TRACE 248560 --- [crud-springboot] [           main] b.c.c.StandardConfigDataLocationResolver : Skipping missing resource file:./config/application.properties
2024-07-21T15:49:55.748+02:00 TRACE 248560 --- [crud-springboot] [           main] b.c.c.StandardConfigDataLocationResolver : Skipping missing resource file:./application-default.yaml
2024-07-21T15:49:55.749+02:00 TRACE 248560 --- [crud-springboot] [           main] b.c.c.StandardConfigDataLocationResolver : Skipping missing resource file:./application-default.yml
2024-07-21T15:49:55.749+02:00 TRACE 248560 --- [crud-springboot] [           main] b.c.c.StandardConfigDataLocationResolver : Skipping missing resource file:./application-default.xml
2024-07-21T15:49:55.749+02:00 TRACE 248560 --- [crud-springboot] [           main] b.c.c.StandardConfigDataLocationResolver : Skipping missing resource file:./application-default.properties
2024-07-21T15:49:55.749+02:00 TRACE 248560 --- [crud-springboot] [           main] b.c.c.StandardConfigDataLocationResolver : Skipping missing resource file:./config/application-default.yaml
2024-07-21T15:49:55.749+02:00 TRACE 248560 --- [crud-springboot] [           main] b.c.c.StandardConfigDataLocationResolver : Skipping missing resource file:./config/application-default.yml
2024-07-21T15:49:55.749+02:00 TRACE 248560 --- [crud-springboot] [           main] b.c.c.StandardConfigDataLocationResolver : Skipping missing resource file:./config/application-default.xml
2024-07-21T15:49:55.749+02:00 TRACE 248560 --- [crud-springboot] [           main] b.c.c.StandardConfigDataLocationResolver : Skipping missing resource file:./config/application-default.properties
2024-07-21T15:49:55.750+02:00 TRACE 248560 --- [crud-springboot] [           main] o.s.b.context.config.ConfigDataImporter  : Considering resource file [.] from location optional:file:./;optional:file:./config/;optional:file:./config/*/
2024-07-21T15:49:55.750+02:00 TRACE 248560 --- [crud-springboot] [           main] o.s.b.context.config.ConfigDataImporter  : Already loaded resource file [.] ignoring location optional:file:./;optional:file:./config/;optional:file:./config/*/
2024-07-21T15:49:55.750+02:00 TRACE 248560 --- [crud-springboot] [           main] o.s.b.context.config.ConfigDataImporter  : Considering resource file [.] from location optional:file:./;optional:file:./config/;optional:file:./config/*/
2024-07-21T15:49:55.750+02:00 TRACE 248560 --- [crud-springboot] [           main] o.s.b.context.config.ConfigDataImporter  : Already loaded resource file [.] ignoring location optional:file:./;optional:file:./config/;optional:file:./config/*/
2024-07-21T15:49:55.750+02:00 TRACE 248560 --- [crud-springboot] [           main] .b.c.c.ConfigDataEnvironmentContributors : Nothing imported
2024-07-21T15:49:55.750+02:00 TRACE 248560 --- [crud-springboot] [           main] .b.c.c.ConfigDataEnvironmentContributors : Processing imports [optional:classpath:/;optional:classpath:/config/]
2024-07-21T15:49:55.750+02:00 TRACE 248560 --- [crud-springboot] [           main] b.c.c.StandardConfigDataLocationResolver : Skipping missing resource classpath:/application.yaml
2024-07-21T15:49:55.750+02:00 TRACE 248560 --- [crud-springboot] [           main] b.c.c.StandardConfigDataLocationResolver : Skipping missing resource classpath:/application.yml
2024-07-21T15:49:55.750+02:00 TRACE 248560 --- [crud-springboot] [           main] b.c.c.StandardConfigDataLocationResolver : Skipping missing resource classpath:/application.xml
2024-07-21T15:49:55.751+02:00 TRACE 248560 --- [crud-springboot] [           main] b.c.c.StandardConfigDataLocationResolver : Skipping missing resource classpath:/config/application.yaml
2024-07-21T15:49:55.751+02:00 TRACE 248560 --- [crud-springboot] [           main] b.c.c.StandardConfigDataLocationResolver : Skipping missing resource classpath:/config/application.yml
2024-07-21T15:49:55.751+02:00 TRACE 248560 --- [crud-springboot] [           main] b.c.c.StandardConfigDataLocationResolver : Skipping missing resource classpath:/config/application.xml
2024-07-21T15:49:55.751+02:00 TRACE 248560 --- [crud-springboot] [           main] b.c.c.StandardConfigDataLocationResolver : Skipping missing resource classpath:/config/application.properties
2024-07-21T15:49:55.751+02:00 TRACE 248560 --- [crud-springboot] [           main] b.c.c.StandardConfigDataLocationResolver : Skipping missing resource classpath:/application-default.yaml
2024-07-21T15:49:55.751+02:00 TRACE 248560 --- [crud-springboot] [           main] b.c.c.StandardConfigDataLocationResolver : Skipping missing resource classpath:/application-default.yml
2024-07-21T15:49:55.751+02:00 TRACE 248560 --- [crud-springboot] [           main] b.c.c.StandardConfigDataLocationResolver : Skipping missing resource classpath:/application-default.xml
2024-07-21T15:49:55.751+02:00 TRACE 248560 --- [crud-springboot] [           main] b.c.c.StandardConfigDataLocationResolver : Skipping missing resource classpath:/application-default.properties
2024-07-21T15:49:55.751+02:00 TRACE 248560 --- [crud-springboot] [           main] b.c.c.StandardConfigDataLocationResolver : Skipping missing resource classpath:/config/application-default.yaml
2024-07-21T15:49:55.751+02:00 TRACE 248560 --- [crud-springboot] [           main] b.c.c.StandardConfigDataLocationResolver : Skipping missing resource classpath:/config/application-default.yml
2024-07-21T15:49:55.751+02:00 TRACE 248560 --- [crud-springboot] [           main] b.c.c.StandardConfigDataLocationResolver : Skipping missing resource classpath:/config/application-default.xml
2024-07-21T15:49:55.752+02:00 TRACE 248560 --- [crud-springboot] [           main] b.c.c.StandardConfigDataLocationResolver : Skipping missing resource classpath:/config/application-default.properties
2024-07-21T15:49:55.752+02:00 TRACE 248560 --- [crud-springboot] [           main] o.s.b.context.config.ConfigDataImporter  : Considering resource class path resource [application.properties] from location optional:classpath:/;optional:classpath:/config/
2024-07-21T15:49:55.752+02:00 TRACE 248560 --- [crud-springboot] [           main] o.s.b.context.config.ConfigDataImporter  : Already loaded resource class path resource [application.properties] ignoring location optional:classpath:/;optional:classpath:/config/
2024-07-21T15:49:55.752+02:00 TRACE 248560 --- [crud-springboot] [           main] .b.c.c.ConfigDataEnvironmentContributors : Nothing imported
2024-07-21T15:49:55.752+02:00 TRACE 248560 --- [crud-springboot] [           main] .b.c.c.ConfigDataEnvironmentContributors : Processed imports for of 2 contributors
2024-07-21T15:49:55.752+02:00 TRACE 248560 --- [crud-springboot] [           main] o.s.b.c.config.ConfigDataEnvironment     : Applying config data environment contributions
2024-07-21T15:49:55.752+02:00 TRACE 248560 --- [crud-springboot] [           main] o.s.b.c.config.ConfigDataEnvironment     : Adding imported property source 'Config resource 'class path resource [application.properties]' via location 'optional:classpath:/''
2024-07-21T15:49:55.753+02:00 TRACE 248560 --- [crud-springboot] [           main] o.s.b.c.config.ConfigDataEnvironment     : Setting default profiles: [default]
2024-07-21T15:49:55.753+02:00 TRACE 248560 --- [crud-springboot] [           main] o.s.b.c.config.ConfigDataEnvironment     : Setting active profiles: []
2024-07-21T15:49:55.760+02:00 TRACE 248560 --- [crud-springboot] [           main] o.s.w.c.s.GenericWebApplicationContext   : Refreshing org.springframework.web.context.support.GenericWebApplicationContext@3574e198, started on Sun Jul 21 15:49:55 CEST 2024
2024-07-21T15:49:55.766+02:00 TRACE 248560 --- [crud-springboot] [           main] o.s.b.f.s.DefaultListableBeanFactory     : Registering scope 'request' with implementation [org.springframework.web.context.request.RequestScope@3b718392]
2024-07-21T15:49:55.767+02:00 TRACE 248560 --- [crud-springboot] [           main] o.s.b.f.s.DefaultListableBeanFactory     : Registering scope 'session' with implementation [org.springframework.web.context.request.SessionScope@7ee55e70]
2024-07-21T15:49:55.767+02:00 TRACE 248560 --- [crud-springboot] [           main] o.s.b.f.s.DefaultListableBeanFactory     : Registering scope 'application' with implementation [org.springframework.web.context.support.ServletContextScope@6c44052e]
2024-07-21T15:49:55.774+02:00 DEBUG 248560 --- [crud-springboot] [           main] o.s.b.f.s.DefaultListableBeanFactory     : Creating shared instance of singleton bean 'org.springframework.context.annotation.internalConfigurationAnnotationProcessor'
2024-07-21T15:49:55.775+02:00 TRACE 248560 --- [crud-springboot] [           main] o.s.b.f.s.DefaultListableBeanFactory     : Creating instance of bean 'org.springframework.context.annotation.internalConfigurationAnnotationProcessor'
2024-07-21T15:49:55.786+02:00 DEBUG 248560 --- [crud-springboot] [           main] o.s.b.f.s.DefaultListableBeanFactory     : Creating shared instance of singleton bean 'org.springframework.boot.autoconfigure.internalCachingMetadataReaderFactory'
2024-07-21T15:49:55.786+02:00 TRACE 248560 --- [crud-springboot] [           main] o.s.b.f.s.DefaultListableBeanFactory     : Creating instance of bean 'org.springframework.boot.autoconfigure.internalCachingMetadataReaderFactory'
2024-07-21T15:49:55.788+02:00 TRACE 248560 --- [crud-springboot] [           main] o.s.b.f.s.DefaultListableBeanFactory     : Finished creating instance of bean 'org.springframework.boot.autoconfigure.internalCachingMetadataReaderFactory'
2024-07-21T15:49:55.790+02:00 TRACE 248560 --- [crud-springboot] [           main] o.s.c.io.support.SpringFactoriesLoader   : Loaded [org.springframework.beans.BeanInfoFactory] names: [org.springframework.data.util.KotlinBeanInfoFactory]
2024-07-21T15:49:55.793+02:00 TRACE 248560 --- [crud-springboot] [           main] o.s.beans.CachedIntrospectionResults     : Getting BeanInfo for class [org.springframework.context.annotation.ConfigurationClassPostProcessor]
2024-07-21T15:49:55.800+02:00 TRACE 248560 --- [crud-springboot] [           main] o.s.beans.CachedIntrospectionResults     : Caching PropertyDescriptors for class [org.springframework.context.annotation.ConfigurationClassPostProcessor]
2024-07-21T15:49:55.802+02:00 TRACE 248560 --- [crud-springboot] [           main] o.s.beans.CachedIntrospectionResults     : Found bean property 'applicationStartup' of type [org.springframework.core.metrics.ApplicationStartup]
2024-07-21T15:49:55.802+02:00 TRACE 248560 --- [crud-springboot] [           main] o.s.beans.CachedIntrospectionResults     : Found bean property 'beanClassLoader' of type [java.lang.ClassLoader]
2024-07-21T15:49:55.803+02:00 TRACE 248560 --- [crud-springboot] [           main] o.s.beans.CachedIntrospectionResults     : Found bean property 'beanExcludedFromAotProcessing' of type [boolean]
2024-07-21T15:49:55.803+02:00 TRACE 248560 --- [crud-springboot] [           main] o.s.beans.CachedIntrospectionResults     : Found bean property 'beanNameGenerator' of type [org.springframework.beans.factory.support.BeanNameGenerator]
2024-07-21T15:49:55.804+02:00 TRACE 248560 --- [crud-springboot] [           main] o.s.beans.CachedIntrospectionResults     : Found bean property 'class' of type [java.lang.Class]
2024-07-21T15:49:55.805+02:00 TRACE 248560 --- [crud-springboot] [           main] o.s.beans.CachedIntrospectionResults     : Found bean property 'environment' of type [org.springframework.core.env.Environment]
2024-07-21T15:49:55.808+02:00 TRACE 248560 --- [crud-springboot] [           main] o.s.beans.CachedIntrospectionResults     : Found bean property 'metadataReaderFactory' of type [org.springframework.core.type.classreading.MetadataReaderFactory]
2024-07-21T15:49:55.808+02:00 TRACE 248560 --- [crud-springboot] [           main] o.s.beans.CachedIntrospectionResults     : Found bean property 'order' of type [int]
2024-07-21T15:49:55.809+02:00 TRACE 248560 --- [crud-springboot] [           main] o.s.beans.CachedIntrospectionResults     : Found bean property 'problemReporter' of type [org.springframework.beans.factory.parsing.ProblemReporter]
2024-07-21T15:49:55.809+02:00 TRACE 248560 --- [crud-springboot] [           main] o.s.beans.CachedIntrospectionResults     : Found bean property 'resourceLoader' of type [org.springframework.core.io.ResourceLoader]
2024-07-21T15:49:55.810+02:00 TRACE 248560 --- [crud-springboot] [           main] o.s.beans.CachedIntrospectionResults     : Found bean property 'sourceExtractor' of type [org.springframework.beans.factory.parsing.SourceExtractor]
2024-07-21T15:49:55.816+02:00 TRACE 248560 --- [crud-springboot] [           main] o.s.b.f.s.DefaultListableBeanFactory     : Finished creating instance of bean 'org.springframework.context.annotation.internalConfigurationAnnotationProcessor'
2024-07-21T15:49:55.836+02:00 TRACE 248560 --- [crud-springboot] [           main] o.s.c.a.ClassPathBeanDefinitionScanner   : JSR-250 'jakarta.annotation.ManagedBean' found and supported for component scanning
2024-07-21T15:49:55.837+02:00 TRACE 248560 --- [crud-springboot] [           main] o.s.c.a.ClassPathBeanDefinitionScanner   : JSR-330 'jakarta.inject.Named' annotation found and supported for component scanning
2024-07-21T15:49:55.840+02:00 TRACE 248560 --- [crud-springboot] [           main] .i.s.PathMatchingResourcePatternResolver : Resolved module-path location pattern [com/cwa/crudspringboot/**/*.class] to resources []
2024-07-21T15:49:55.841+02:00 TRACE 248560 --- [crud-springboot] [           main] .i.s.PathMatchingResourcePatternResolver : Resolved module-path location pattern [com/cwa/crudspringboot/] to resources []
2024-07-21T15:49:55.843+02:00 TRACE 248560 --- [crud-springboot] [           main] .i.s.PathMatchingResourcePatternResolver : Resolved class path location [com/cwa/crudspringboot/] to resources [file [/home/damien/crud-springboot-jwt/target/test-classes/com/cwa/crudspringboot], file [/home/damien/crud-springboot-jwt/target/classes/com/cwa/crudspringboot]]
2024-07-21T15:49:55.845+02:00 TRACE 248560 --- [crud-springboot] [           main] .i.s.PathMatchingResourcePatternResolver : Searching directory [/home/damien/crud-springboot-jwt/target/test-classes/com/cwa/crudspringboot] for files matching pattern [**/*.class]
2024-07-21T15:49:55.847+02:00 TRACE 248560 --- [crud-springboot] [           main] .i.s.PathMatchingResourcePatternResolver : Searching directory [/home/damien/crud-springboot-jwt/target/classes/com/cwa/crudspringboot] for files matching pattern [**/*.class]
2024-07-21T15:49:55.856+02:00 TRACE 248560 --- [crud-springboot] [           main] .i.s.PathMatchingResourcePatternResolver : Resolved location pattern [classpath*:com/cwa/crudspringboot/**/*.class] to resources [file [/home/damien/crud-springboot-jwt/target/test-classes/com/cwa/crudspringboot/CrudSpringbootApplicationTests.class], file [/home/damien/crud-springboot-jwt/target/classes/com/cwa/crudspringboot/CrudSpringbootApplication.class], file [/home/damien/crud-springboot-jwt/target/classes/com/cwa/crudspringboot/configuration/JwtUtils.class], file [/home/damien/crud-springboot-jwt/target/classes/com/cwa/crudspringboot/configuration/SecurityConfig.class], file [/home/damien/crud-springboot-jwt/target/classes/com/cwa/crudspringboot/controller/ApiResponse.class], file [/home/damien/crud-springboot-jwt/target/classes/com/cwa/crudspringboot/controller/AuthController.class], file [/home/damien/crud-springboot-jwt/target/classes/com/cwa/crudspringboot/controller/LoginRequest.class], file [/home/damien/crud-springboot-jwt/target/classes/com/cwa/crudspringboot/controller/PersonController.class], file [/home/damien/crud-springboot-jwt/target/classes/com/cwa/crudspringboot/controller/RegisterRequest.class], file [/home/damien/crud-springboot-jwt/target/classes/com/cwa/crudspringboot/controller/UserController.class], file [/home/damien/crud-springboot-jwt/target/classes/com/cwa/crudspringboot/controller/WebController.class], file [/home/damien/crud-springboot-jwt/target/classes/com/cwa/crudspringboot/entity/Allergen.class], file [/home/damien/crud-springboot-jwt/target/classes/com/cwa/crudspringboot/entity/Card.class], file [/home/damien/crud-springboot-jwt/target/classes/com/cwa/crudspringboot/entity/Dish.class], file [/home/damien/crud-springboot-jwt/target/classes/com/cwa/crudspringboot/entity/Ingredient.class], file [/home/damien/crud-springboot-jwt/target/classes/com/cwa/crudspringboot/entity/Menu.class], file [/home/damien/crud-springboot-jwt/target/classes/com/cwa/crudspringboot/entity/Person.class], file [/home/damien/crud-springboot-jwt/target/classes/com/cwa/crudspringboot/entity/User.class], file [/home/damien/crud-springboot-jwt/target/classes/com/cwa/crudspringboot/filter/JwtFilter.class], file [/home/damien/crud-springboot-jwt/target/classes/com/cwa/crudspringboot/repository/AllergenRepository.class], file [/home/damien/crud-springboot-jwt/target/classes/com/cwa/crudspringboot/repository/CardRepository.class], file [/home/damien/crud-springboot-jwt/target/classes/com/cwa/crudspringboot/repository/DishRepository.class], file [/home/damien/crud-springboot-jwt/target/classes/com/cwa/crudspringboot/repository/IngredientRepository.class], file [/home/damien/crud-springboot-jwt/target/classes/com/cwa/crudspringboot/repository/MenuRepository.class], file [/home/damien/crud-springboot-jwt/target/classes/com/cwa/crudspringboot/repository/PersonRepository.class], file [/home/damien/crud-springboot-jwt/target/classes/com/cwa/crudspringboot/repository/UserRepository.class], file [/home/damien/crud-springboot-jwt/target/classes/com/cwa/crudspringboot/service/CardService.class], file [/home/damien/crud-springboot-jwt/target/classes/com/cwa/crudspringboot/service/CustomUserDetailsService.class], file [/home/damien/crud-springboot-jwt/target/classes/com/cwa/crudspringboot/service/UserService.class]]
2024-07-21T15:49:55.857+02:00 TRACE 248560 --- [crud-springboot] [           main] o.s.c.a.ClassPathBeanDefinitionScanner   : Scanning file [/home/damien/crud-springboot-jwt/target/test-classes/com/cwa/crudspringboot/CrudSpringbootApplicationTests.class]
2024-07-21T15:49:55.858+02:00 TRACE 248560 --- [crud-springboot] [           main] o.s.b.f.s.DefaultListableBeanFactory     : Returning cached instance of singleton bean 'org.springframework.boot.test.context.filter.TestTypeExcludeFilter'
2024-07-21T15:49:55.858+02:00 TRACE 248560 --- [crud-springboot] [           main] o.s.c.a.ClassPathBeanDefinitionScanner   : Ignored because not matching any filter: file [/home/damien/crud-springboot-jwt/target/test-classes/com/cwa/crudspringboot/CrudSpringbootApplicationTests.class]
2024-07-21T15:49:55.859+02:00 TRACE 248560 --- [crud-springboot] [           main] o.s.c.a.ClassPathBeanDefinitionScanner   : Scanning file [/home/damien/crud-springboot-jwt/target/classes/com/cwa/crudspringboot/CrudSpringbootApplication.class]
2024-07-21T15:49:55.859+02:00 TRACE 248560 --- [crud-springboot] [           main] o.s.c.a.ClassPathBeanDefinitionScanner   : Ignored because not matching any filter: file [/home/damien/crud-springboot-jwt/target/classes/com/cwa/crudspringboot/CrudSpringbootApplication.class]
2024-07-21T15:49:55.859+02:00 TRACE 248560 --- [crud-springboot] [           main] o.s.c.a.ClassPathBeanDefinitionScanner   : Scanning file [/home/damien/crud-springboot-jwt/target/classes/com/cwa/crudspringboot/configuration/JwtUtils.class]
2024-07-21T15:49:55.862+02:00 DEBUG 248560 --- [crud-springboot] [           main] o.s.c.a.ClassPathBeanDefinitionScanner   : Identified candidate component class: file [/home/damien/crud-springboot-jwt/target/classes/com/cwa/crudspringboot/configuration/JwtUtils.class]
2024-07-21T15:49:55.862+02:00 TRACE 248560 --- [crud-springboot] [           main] o.s.c.a.ClassPathBeanDefinitionScanner   : Scanning file [/home/damien/crud-springboot-jwt/target/classes/com/cwa/crudspringboot/configuration/SecurityConfig.class]
2024-07-21T15:49:55.880+02:00 DEBUG 248560 --- [crud-springboot] [           main] o.s.c.a.ClassPathBeanDefinitionScanner   : Identified candidate component class: file [/home/damien/crud-springboot-jwt/target/classes/com/cwa/crudspringboot/configuration/SecurityConfig.class]
2024-07-21T15:49:55.881+02:00 TRACE 248560 --- [crud-springboot] [           main] o.s.c.a.ClassPathBeanDefinitionScanner   : Scanning file [/home/damien/crud-springboot-jwt/target/classes/com/cwa/crudspringboot/controller/ApiResponse.class]
2024-07-21T15:49:55.886+02:00 DEBUG 248560 --- [crud-springboot] [           main] o.s.c.a.ClassPathBeanDefinitionScanner   : Identified candidate component class: file [/home/damien/crud-springboot-jwt/target/classes/com/cwa/crudspringboot/controller/ApiResponse.class]
2024-07-21T15:49:55.886+02:00 TRACE 248560 --- [crud-springboot] [           main] o.s.c.a.ClassPathBeanDefinitionScanner   : Scanning file [/home/damien/crud-springboot-jwt/target/classes/com/cwa/crudspringboot/controller/AuthController.class]
2024-07-21T15:49:55.903+02:00 DEBUG 248560 --- [crud-springboot] [           main] o.s.c.a.ClassPathBeanDefinitionScanner   : Identified candidate component class: file [/home/damien/crud-springboot-jwt/target/classes/com/cwa/crudspringboot/controller/AuthController.class]
2024-07-21T15:49:55.904+02:00 TRACE 248560 --- [crud-springboot] [           main] o.s.c.a.ClassPathBeanDefinitionScanner   : Scanning file [/home/damien/crud-springboot-jwt/target/classes/com/cwa/crudspringboot/controller/LoginRequest.class]
2024-07-21T15:49:55.905+02:00 DEBUG 248560 --- [crud-springboot] [           main] o.s.c.a.ClassPathBeanDefinitionScanner   : Identified candidate component class: file [/home/damien/crud-springboot-jwt/target/classes/com/cwa/crudspringboot/controller/LoginRequest.class]
2024-07-21T15:49:55.905+02:00 TRACE 248560 --- [crud-springboot] [           main] o.s.c.a.ClassPathBeanDefinitionScanner   : Scanning file [/home/damien/crud-springboot-jwt/target/classes/com/cwa/crudspringboot/controller/PersonController.class]
2024-07-21T15:49:55.914+02:00 DEBUG 248560 --- [crud-springboot] [           main] o.s.c.a.ClassPathBeanDefinitionScanner   : Identified candidate component class: file [/home/damien/crud-springboot-jwt/target/classes/com/cwa/crudspringboot/controller/PersonController.class]
2024-07-21T15:49:55.915+02:00 TRACE 248560 --- [crud-springboot] [           main] o.s.c.a.ClassPathBeanDefinitionScanner   : Scanning file [/home/damien/crud-springboot-jwt/target/classes/com/cwa/crudspringboot/controller/RegisterRequest.class]
2024-07-21T15:49:55.916+02:00 DEBUG 248560 --- [crud-springboot] [           main] o.s.c.a.ClassPathBeanDefinitionScanner   : Identified candidate component class: file [/home/damien/crud-springboot-jwt/target/classes/com/cwa/crudspringboot/controller/RegisterRequest.class]
2024-07-21T15:49:55.917+02:00 TRACE 248560 --- [crud-springboot] [           main] o.s.c.a.ClassPathBeanDefinitionScanner   : Scanning file [/home/damien/crud-springboot-jwt/target/classes/com/cwa/crudspringboot/controller/UserController.class]
2024-07-21T15:49:55.918+02:00 TRACE 248560 --- [crud-springboot] [           main] o.s.c.a.ClassPathBeanDefinitionScanner   : Ignored because not matching any filter: file [/home/damien/crud-springboot-jwt/target/classes/com/cwa/crudspringboot/controller/UserController.class]
2024-07-21T15:49:55.919+02:00 TRACE 248560 --- [crud-springboot] [           main] o.s.c.a.ClassPathBeanDefinitionScanner   : Scanning file [/home/damien/crud-springboot-jwt/target/classes/com/cwa/crudspringboot/controller/WebController.class]
2024-07-21T15:49:55.921+02:00 DEBUG 248560 --- [crud-springboot] [           main] o.s.c.a.ClassPathBeanDefinitionScanner   : Identified candidate component class: file [/home/damien/crud-springboot-jwt/target/classes/com/cwa/crudspringboot/controller/WebController.class]
2024-07-21T15:49:55.922+02:00 TRACE 248560 --- [crud-springboot] [           main] o.s.c.a.ClassPathBeanDefinitionScanner   : Scanning file [/home/damien/crud-springboot-jwt/target/classes/com/cwa/crudspringboot/entity/Allergen.class]
2024-07-21T15:49:55.924+02:00 TRACE 248560 --- [crud-springboot] [           main] o.s.c.a.ClassPathBeanDefinitionScanner   : Ignored because not matching any filter: file [/home/damien/crud-springboot-jwt/target/classes/com/cwa/crudspringboot/entity/Allergen.class]
2024-07-21T15:49:55.925+02:00 TRACE 248560 --- [crud-springboot] [           main] o.s.c.a.ClassPathBeanDefinitionScanner   : Scanning file [/home/damien/crud-springboot-jwt/target/classes/com/cwa/crudspringboot/entity/Card.class]
2024-07-21T15:49:55.925+02:00 TRACE 248560 --- [crud-springboot] [           main] o.s.c.a.ClassPathBeanDefinitionScanner   : Ignored because not matching any filter: file [/home/damien/crud-springboot-jwt/target/classes/com/cwa/crudspringboot/entity/Card.class]
2024-07-21T15:49:55.926+02:00 TRACE 248560 --- [crud-springboot] [           main] o.s.c.a.ClassPathBeanDefinitionScanner   : Scanning file [/home/damien/crud-springboot-jwt/target/classes/com/cwa/crudspringboot/entity/Dish.class]
2024-07-21T15:49:55.927+02:00 TRACE 248560 --- [crud-springboot] [           main] o.s.c.a.ClassPathBeanDefinitionScanner   : Ignored because not matching any filter: file [/home/damien/crud-springboot-jwt/target/classes/com/cwa/crudspringboot/entity/Dish.class]
2024-07-21T15:49:55.927+02:00 TRACE 248560 --- [crud-springboot] [           main] o.s.c.a.ClassPathBeanDefinitionScanner   : Scanning file [/home/damien/crud-springboot-jwt/target/classes/com/cwa/crudspringboot/entity/Ingredient.class]
2024-07-21T15:49:55.928+02:00 TRACE 248560 --- [crud-springboot] [           main] o.s.c.a.ClassPathBeanDefinitionScanner   : Ignored because not matching any filter: file [/home/damien/crud-springboot-jwt/target/classes/com/cwa/crudspringboot/entity/Ingredient.class]
2024-07-21T15:49:55.928+02:00 TRACE 248560 --- [crud-springboot] [           main] o.s.c.a.ClassPathBeanDefinitionScanner   : Scanning file [/home/damien/crud-springboot-jwt/target/classes/com/cwa/crudspringboot/entity/Menu.class]
2024-07-21T15:49:55.929+02:00 TRACE 248560 --- [crud-springboot] [           main] o.s.c.a.ClassPathBeanDefinitionScanner   : Ignored because not matching any filter: file [/home/damien/crud-springboot-jwt/target/classes/com/cwa/crudspringboot/entity/Menu.class]
2024-07-21T15:49:55.929+02:00 TRACE 248560 --- [crud-springboot] [           main] o.s.c.a.ClassPathBeanDefinitionScanner   : Scanning file [/home/damien/crud-springboot-jwt/target/classes/com/cwa/crudspringboot/entity/Person.class]
2024-07-21T15:49:55.930+02:00 TRACE 248560 --- [crud-springboot] [           main] o.s.c.a.ClassPathBeanDefinitionScanner   : Ignored because not matching any filter: file [/home/damien/crud-springboot-jwt/target/classes/com/cwa/crudspringboot/entity/Person.class]
2024-07-21T15:49:55.930+02:00 TRACE 248560 --- [crud-springboot] [           main] o.s.c.a.ClassPathBeanDefinitionScanner   : Scanning file [/home/damien/crud-springboot-jwt/target/classes/com/cwa/crudspringboot/entity/User.class]
2024-07-21T15:49:55.931+02:00 TRACE 248560 --- [crud-springboot] [           main] o.s.c.a.ClassPathBeanDefinitionScanner   : Ignored because not matching any filter: file [/home/damien/crud-springboot-jwt/target/classes/com/cwa/crudspringboot/entity/User.class]
2024-07-21T15:49:55.931+02:00 TRACE 248560 --- [crud-springboot] [           main] o.s.c.a.ClassPathBeanDefinitionScanner   : Scanning file [/home/damien/crud-springboot-jwt/target/classes/com/cwa/crudspringboot/filter/JwtFilter.class]
2024-07-21T15:49:55.932+02:00 DEBUG 248560 --- [crud-springboot] [           main] o.s.c.a.ClassPathBeanDefinitionScanner   : Identified candidate component class: file [/home/damien/crud-springboot-jwt/target/classes/com/cwa/crudspringboot/filter/JwtFilter.class]
2024-07-21T15:49:55.932+02:00 TRACE 248560 --- [crud-springboot] [           main] o.s.c.a.ClassPathBeanDefinitionScanner   : Scanning file [/home/damien/crud-springboot-jwt/target/classes/com/cwa/crudspringboot/repository/AllergenRepository.class]
2024-07-21T15:49:55.933+02:00 TRACE 248560 --- [crud-springboot] [           main] o.s.c.a.ClassPathBeanDefinitionScanner   : Ignored because not matching any filter: file [/home/damien/crud-springboot-jwt/target/classes/com/cwa/crudspringboot/repository/AllergenRepository.class]
2024-07-21T15:49:55.933+02:00 TRACE 248560 --- [crud-springboot] [           main] o.s.c.a.ClassPathBeanDefinitionScanner   : Scanning file [/home/damien/crud-springboot-jwt/target/classes/com/cwa/crudspringboot/repository/CardRepository.class]
2024-07-21T15:49:55.933+02:00 TRACE 248560 --- [crud-springboot] [           main] o.s.c.a.ClassPathBeanDefinitionScanner   : Ignored because not matching any filter: file [/home/damien/crud-springboot-jwt/target/classes/com/cwa/crudspringboot/repository/CardRepository.class]
2024-07-21T15:49:55.933+02:00 TRACE 248560 --- [crud-springboot] [           main] o.s.c.a.ClassPathBeanDefinitionScanner   : Scanning file [/home/damien/crud-springboot-jwt/target/classes/com/cwa/crudspringboot/repository/DishRepository.class]
2024-07-21T15:49:55.934+02:00 TRACE 248560 --- [crud-springboot] [           main] o.s.c.a.ClassPathBeanDefinitionScanner   : Ignored because not matching any filter: file [/home/damien/crud-springboot-jwt/target/classes/com/cwa/crudspringboot/repository/DishRepository.class]
2024-07-21T15:49:55.935+02:00 TRACE 248560 --- [crud-springboot] [           main] o.s.c.a.ClassPathBeanDefinitionScanner   : Scanning file [/home/damien/crud-springboot-jwt/target/classes/com/cwa/crudspringboot/repository/IngredientRepository.class]
2024-07-21T15:49:55.936+02:00 TRACE 248560 --- [crud-springboot] [           main] o.s.c.a.ClassPathBeanDefinitionScanner   : Ignored because not matching any filter: file [/home/damien/crud-springboot-jwt/target/classes/com/cwa/crudspringboot/repository/IngredientRepository.class]
2024-07-21T15:49:55.936+02:00 TRACE 248560 --- [crud-springboot] [           main] o.s.c.a.ClassPathBeanDefinitionScanner   : Scanning file [/home/damien/crud-springboot-jwt/target/classes/com/cwa/crudspringboot/repository/MenuRepository.class]
2024-07-21T15:49:55.937+02:00 TRACE 248560 --- [crud-springboot] [           main] o.s.c.a.ClassPathBeanDefinitionScanner   : Ignored because not matching any filter: file [/home/damien/crud-springboot-jwt/target/classes/com/cwa/crudspringboot/repository/MenuRepository.class]
2024-07-21T15:49:55.937+02:00 TRACE 248560 --- [crud-springboot] [           main] o.s.c.a.ClassPathBeanDefinitionScanner   : Scanning file [/home/damien/crud-springboot-jwt/target/classes/com/cwa/crudspringboot/repository/PersonRepository.class]
2024-07-21T15:49:55.938+02:00 TRACE 248560 --- [crud-springboot] [           main] o.s.c.a.ClassPathBeanDefinitionScanner   : Ignored because not matching any filter: file [/home/damien/crud-springboot-jwt/target/classes/com/cwa/crudspringboot/repository/PersonRepository.class]
2024-07-21T15:49:55.938+02:00 TRACE 248560 --- [crud-springboot] [           main] o.s.c.a.ClassPathBeanDefinitionScanner   : Scanning file [/home/damien/crud-springboot-jwt/target/classes/com/cwa/crudspringboot/repository/UserRepository.class]
2024-07-21T15:49:55.938+02:00 TRACE 248560 --- [crud-springboot] [           main] o.s.c.a.ClassPathBeanDefinitionScanner   : Ignored because not matching any filter: file [/home/damien/crud-springboot-jwt/target/classes/com/cwa/crudspringboot/repository/UserRepository.class]
2024-07-21T15:49:55.938+02:00 TRACE 248560 --- [crud-springboot] [           main] o.s.c.a.ClassPathBeanDefinitionScanner   : Scanning file [/home/damien/crud-springboot-jwt/target/classes/com/cwa/crudspringboot/service/CardService.class]
2024-07-21T15:49:55.940+02:00 DEBUG 248560 --- [crud-springboot] [           main] o.s.c.a.ClassPathBeanDefinitionScanner   : Identified candidate component class: file [/home/damien/crud-springboot-jwt/target/classes/com/cwa/crudspringboot/service/CardService.class]
2024-07-21T15:49:55.940+02:00 TRACE 248560 --- [crud-springboot] [           main] o.s.c.a.ClassPathBeanDefinitionScanner   : Scanning file [/home/damien/crud-springboot-jwt/target/classes/com/cwa/crudspringboot/service/CustomUserDetailsService.class]
2024-07-21T15:49:55.941+02:00 DEBUG 248560 --- [crud-springboot] [           main] o.s.c.a.ClassPathBeanDefinitionScanner   : Identified candidate component class: file [/home/damien/crud-springboot-jwt/target/classes/com/cwa/crudspringboot/service/CustomUserDetailsService.class]
2024-07-21T15:49:55.941+02:00 TRACE 248560 --- [crud-springboot] [           main] o.s.c.a.ClassPathBeanDefinitionScanner   : Scanning file [/home/damien/crud-springboot-jwt/target/classes/com/cwa/crudspringboot/service/UserService.class]
2024-07-21T15:49:55.942+02:00 TRACE 248560 --- [crud-springboot] [           main] o.s.c.a.ClassPathBeanDefinitionScanner   : Ignored because not matching any filter: file [/home/damien/crud-springboot-jwt/target/classes/com/cwa/crudspringboot/service/UserService.class]
2024-07-21T15:49:56.050+02:00 TRACE 248560 --- [crud-springboot] [           main] o.s.c.io.support.SpringFactoriesLoader   : Loaded [org.springframework.boot.autoconfigure.AutoConfigurationImportFilter] names: [org.springframework.boot.autoconfigure.condition.OnBeanCondition, org.springframework.boot.autoconfigure.condition.OnClassCondition, org.springframework.boot.autoconfigure.condition.OnWebApplicationCondition]
2024-07-21T15:49:56.080+02:00 TRACE 248560 --- [crud-springboot] [           main] o.s.b.f.s.DefaultListableBeanFactory     : Returning cached instance of singleton bean 'autoConfigurationReport'
2024-07-21T15:49:56.138+02:00 TRACE 248560 --- [crud-springboot] [           main] o.s.b.a.condition.OnClassCondition       : Condition OnClassCondition on org.springframework.boot.devtools.autoconfigure.DevToolsR2dbcAutoConfiguration did not match due to @ConditionalOnClass did not find required class 'io.r2dbc.spi.ConnectionFactory'
2024-07-21T15:49:56.139+02:00 TRACE 248560 --- [crud-springboot] [           main] o.s.b.a.condition.OnClassCondition       : Condition OnClassCondition on org.springframework.boot.autoconfigure.amqp.RabbitAutoConfiguration did not match due to @ConditionalOnClass did not find required class 'com.rabbitmq.client.Channel'
2024-07-21T15:49:56.139+02:00 TRACE 248560 --- [crud-springboot] [           main] o.s.b.a.condition.OnClassCondition       : Condition OnClassCondition on org.springframework.boot.autoconfigure.batch.BatchAutoConfiguration did not match due to @ConditionalOnClass did not find required class 'org.springframework.batch.core.launch.JobLauncher'
2024-07-21T15:49:56.139+02:00 TRACE 248560 --- [crud-springboot] [           main] o.s.b.a.condition.OnClassCondition       : Condition OnClassCondition on org.springframework.boot.autoconfigure.cassandra.CassandraAutoConfiguration did not match due to @ConditionalOnClass did not find required class 'com.datastax.oss.driver.api.core.CqlSession'
2024-07-21T15:49:56.139+02:00 TRACE 248560 --- [crud-springboot] [           main] o.s.b.a.condition.OnClassCondition       : Condition OnClassCondition on org.springframework.boot.autoconfigure.couchbase.CouchbaseAutoConfiguration did not match due to @ConditionalOnClass did not find required class 'com.couchbase.client.java.Cluster'
2024-07-21T15:49:56.139+02:00 TRACE 248560 --- [crud-springboot] [           main] o.s.b.a.condition.OnClassCondition       : Condition OnClassCondition on org.springframework.boot.autoconfigure.data.cassandra.CassandraDataAutoConfiguration did not match due to @ConditionalOnClass did not find required class 'com.datastax.oss.driver.api.core.CqlSession'
2024-07-21T15:49:56.139+02:00 TRACE 248560 --- [crud-springboot] [           main] o.s.b.a.condition.OnClassCondition       : Condition OnClassCondition on org.springframework.boot.autoconfigure.data.cassandra.CassandraReactiveDataAutoConfiguration did not match due to @ConditionalOnClass did not find required class 'com.datastax.oss.driver.api.core.CqlSession'
2024-07-21T15:49:56.139+02:00 TRACE 248560 --- [crud-springboot] [           main] o.s.b.a.condition.OnClassCondition       : Condition OnClassCondition on org.springframework.boot.autoconfigure.data.cassandra.CassandraReactiveRepositoriesAutoConfiguration did not match due to @ConditionalOnClass did not find required class 'org.springframework.data.cassandra.ReactiveSession'
2024-07-21T15:49:56.139+02:00 TRACE 248560 --- [crud-springboot] [           main] o.s.b.a.condition.OnClassCondition       : Condition OnClassCondition on org.springframework.boot.autoconfigure.data.cassandra.CassandraRepositoriesAutoConfiguration did not match due to @ConditionalOnClass did not find required class 'com.datastax.oss.driver.api.core.CqlSession'
2024-07-21T15:49:56.139+02:00 TRACE 248560 --- [crud-springboot] [           main] o.s.b.a.condition.OnClassCondition       : Condition OnClassCondition on org.springframework.boot.autoconfigure.data.couchbase.CouchbaseDataAutoConfiguration did not match due to @ConditionalOnClass did not find required class 'com.couchbase.client.java.Bucket'
2024-07-21T15:49:56.139+02:00 TRACE 248560 --- [crud-springboot] [           main] o.s.b.a.condition.OnClassCondition       : Condition OnClassCondition on org.springframework.boot.autoconfigure.data.couchbase.CouchbaseReactiveDataAutoConfiguration did not match due to @ConditionalOnClass did not find required class 'com.couchbase.client.java.Cluster'
2024-07-21T15:49:56.139+02:00 TRACE 248560 --- [crud-springboot] [           main] o.s.b.a.condition.OnClassCondition       : Condition OnClassCondition on org.springframework.boot.autoconfigure.data.couchbase.CouchbaseReactiveRepositoriesAutoConfiguration did not match due to @ConditionalOnClass did not find required class 'com.couchbase.client.java.Cluster'
2024-07-21T15:49:56.139+02:00 TRACE 248560 --- [crud-springboot] [           main] o.s.b.a.condition.OnClassCondition       : Condition OnClassCondition on org.springframework.boot.autoconfigure.data.couchbase.CouchbaseRepositoriesAutoConfiguration did not match due to @ConditionalOnClass did not find required class 'com.couchbase.client.java.Bucket'
2024-07-21T15:49:56.140+02:00 TRACE 248560 --- [crud-springboot] [           main] o.s.b.a.condition.OnClassCondition       : Condition OnClassCondition on org.springframework.boot.autoconfigure.data.elasticsearch.ElasticsearchDataAutoConfiguration did not match due to @ConditionalOnClass did not find required class 'org.springframework.data.elasticsearch.client.elc.ElasticsearchTemplate'
2024-07-21T15:49:56.140+02:00 TRACE 248560 --- [crud-springboot] [           main] o.s.b.a.condition.OnClassCondition       : Condition OnClassCondition on org.springframework.boot.autoconfigure.data.elasticsearch.ElasticsearchRepositoriesAutoConfiguration did not match due to @ConditionalOnClass did not find required class 'org.springframework.data.elasticsearch.repository.ElasticsearchRepository'
2024-07-21T15:49:56.140+02:00 TRACE 248560 --- [crud-springboot] [           main] o.s.b.a.condition.OnClassCondition       : Condition OnClassCondition on org.springframework.boot.autoconfigure.data.elasticsearch.ReactiveElasticsearchRepositoriesAutoConfiguration did not match due to @ConditionalOnClass did not find required class 'org.springframework.data.elasticsearch.client.elc.ReactiveElasticsearchClient'
2024-07-21T15:49:56.140+02:00 TRACE 248560 --- [crud-springboot] [           main] o.s.b.a.condition.OnClassCondition       : Condition OnClassCondition on org.springframework.boot.autoconfigure.data.jdbc.JdbcRepositoriesAutoConfiguration did not match due to @ConditionalOnClass did not find required class 'org.springframework.data.jdbc.repository.config.AbstractJdbcConfiguration'
2024-07-21T15:49:56.140+02:00 TRACE 248560 --- [crud-springboot] [           main] o.s.b.a.condition.OnClassCondition       : Condition OnClassCondition on org.springframework.boot.autoconfigure.data.ldap.LdapRepositoriesAutoConfiguration did not match due to @ConditionalOnClass did not find required class 'org.springframework.data.ldap.repository.LdapRepository'
2024-07-21T15:49:56.140+02:00 TRACE 248560 --- [crud-springboot] [           main] o.s.b.a.condition.OnClassCondition       : Condition OnClassCondition on org.springframework.boot.autoconfigure.data.mongo.MongoDataAutoConfiguration did not match due to @ConditionalOnClass did not find required class 'com.mongodb.client.MongoClient'
2024-07-21T15:49:56.140+02:00 TRACE 248560 --- [crud-springboot] [           main] o.s.b.a.condition.OnClassCondition       : Condition OnClassCondition on org.springframework.boot.autoconfigure.data.mongo.MongoReactiveDataAutoConfiguration did not match due to @ConditionalOnClass did not find required class 'com.mongodb.reactivestreams.client.MongoClient'
2024-07-21T15:49:56.140+02:00 TRACE 248560 --- [crud-springboot] [           main] o.s.b.a.condition.OnClassCondition       : Condition OnClassCondition on org.springframework.boot.autoconfigure.data.mongo.MongoReactiveRepositoriesAutoConfiguration did not match due to @ConditionalOnClass did not find required class 'com.mongodb.reactivestreams.client.MongoClient'
2024-07-21T15:49:56.140+02:00 TRACE 248560 --- [crud-springboot] [           main] o.s.b.a.condition.OnClassCondition       : Condition OnClassCondition on org.springframework.boot.autoconfigure.data.mongo.MongoRepositoriesAutoConfiguration did not match due to @ConditionalOnClass did not find required class 'com.mongodb.client.MongoClient'
2024-07-21T15:49:56.140+02:00 TRACE 248560 --- [crud-springboot] [           main] o.s.b.a.condition.OnClassCondition       : Condition OnClassCondition on org.springframework.boot.autoconfigure.data.neo4j.Neo4jDataAutoConfiguration did not match due to @ConditionalOnClass did not find required class 'org.neo4j.driver.Driver'
2024-07-21T15:49:56.140+02:00 TRACE 248560 --- [crud-springboot] [           main] o.s.b.a.condition.OnClassCondition       : Condition OnClassCondition on org.springframework.boot.autoconfigure.data.neo4j.Neo4jReactiveDataAutoConfiguration did not match due to @ConditionalOnClass did not find required class 'org.neo4j.driver.Driver'
2024-07-21T15:49:56.140+02:00 TRACE 248560 --- [crud-springboot] [           main] o.s.b.a.condition.OnClassCondition       : Condition OnClassCondition on org.springframework.boot.autoconfigure.data.neo4j.Neo4jReactiveRepositoriesAutoConfiguration did not match due to @ConditionalOnClass did not find required class 'org.neo4j.driver.Driver'
2024-07-21T15:49:56.140+02:00 TRACE 248560 --- [crud-springboot] [           main] o.s.b.a.condition.OnClassCondition       : Condition OnClassCondition on org.springframework.boot.autoconfigure.data.neo4j.Neo4jRepositoriesAutoConfiguration did not match due to @ConditionalOnClass did not find required class 'org.neo4j.driver.Driver'
2024-07-21T15:49:56.140+02:00 TRACE 248560 --- [crud-springboot] [           main] o.s.b.a.condition.OnClassCondition       : Condition OnClassCondition on org.springframework.boot.autoconfigure.data.r2dbc.R2dbcDataAutoConfiguration did not match due to @ConditionalOnClass did not find required class 'org.springframework.data.r2dbc.core.R2dbcEntityTemplate'
2024-07-21T15:49:56.141+02:00 TRACE 248560 --- [crud-springboot] [           main] o.s.b.a.condition.OnClassCondition       : Condition OnClassCondition on org.springframework.boot.autoconfigure.data.r2dbc.R2dbcRepositoriesAutoConfiguration did not match due to @ConditionalOnClass did not find required class 'io.r2dbc.spi.ConnectionFactory'
2024-07-21T15:49:56.141+02:00 TRACE 248560 --- [crud-springboot] [           main] o.s.b.a.condition.OnClassCondition       : Condition OnClassCondition on org.springframework.boot.autoconfigure.data.redis.RedisAutoConfiguration did not match due to @ConditionalOnClass did not find required class 'org.springframework.data.redis.core.RedisOperations'
2024-07-21T15:49:56.141+02:00 TRACE 248560 --- [crud-springboot] [           main] o.s.b.a.condition.OnClassCondition       : Condition OnClassCondition on org.springframework.boot.autoconfigure.data.redis.RedisReactiveAutoConfiguration did not match due to @ConditionalOnClass did not find required class 'reactor.core.publisher.Flux'
2024-07-21T15:49:56.141+02:00 TRACE 248560 --- [crud-springboot] [           main] o.s.b.a.condition.OnClassCondition       : Condition OnClassCondition on org.springframework.boot.autoconfigure.data.redis.RedisRepositoriesAutoConfiguration did not match due to @ConditionalOnClass did not find required class 'org.springframework.data.redis.repository.configuration.EnableRedisRepositories'
2024-07-21T15:49:56.141+02:00 TRACE 248560 --- [crud-springboot] [           main] o.s.b.a.condition.OnClassCondition       : Condition OnClassCondition on org.springframework.boot.autoconfigure.data.rest.RepositoryRestMvcAutoConfiguration did not match due to @ConditionalOnClass did not find required class 'org.springframework.data.rest.webmvc.config.RepositoryRestMvcConfiguration'
2024-07-21T15:49:56.141+02:00 TRACE 248560 --- [crud-springboot] [           main] o.s.b.a.condition.OnClassCondition       : Condition OnClassCondition on org.springframework.boot.autoconfigure.elasticsearch.ElasticsearchClientAutoConfiguration did not match due to @ConditionalOnClass did not find required class 'co.elastic.clients.elasticsearch.ElasticsearchClient'
2024-07-21T15:49:56.141+02:00 TRACE 248560 --- [crud-springboot] [           main] o.s.b.a.condition.OnClassCondition       : Condition OnClassCondition on org.springframework.boot.autoconfigure.elasticsearch.ElasticsearchRestClientAutoConfiguration did not match due to @ConditionalOnClass did not find required class 'org.elasticsearch.client.RestClientBuilder'
2024-07-21T15:49:56.141+02:00 TRACE 248560 --- [crud-springboot] [           main] o.s.b.a.condition.OnClassCondition       : Condition OnClassCondition on org.springframework.boot.autoconfigure.elasticsearch.ReactiveElasticsearchClientAutoConfiguration did not match due to @ConditionalOnClass did not find required class 'co.elastic.clients.transport.ElasticsearchTransport'
2024-07-21T15:49:56.141+02:00 TRACE 248560 --- [crud-springboot] [           main] o.s.b.a.condition.OnClassCondition       : Condition OnClassCondition on org.springframework.boot.autoconfigure.flyway.FlywayAutoConfiguration did not match due to @ConditionalOnClass did not find required class 'org.flywaydb.core.Flyway'
2024-07-21T15:49:56.141+02:00 TRACE 248560 --- [crud-springboot] [           main] o.s.b.a.condition.OnClassCondition       : Condition OnClassCondition on org.springframework.boot.autoconfigure.freemarker.FreeMarkerAutoConfiguration did not match due to @ConditionalOnClass did not find required class 'freemarker.template.Configuration'
2024-07-21T15:49:56.141+02:00 TRACE 248560 --- [crud-springboot] [           main] o.s.b.a.condition.OnClassCondition       : Condition OnClassCondition on org.springframework.boot.autoconfigure.graphql.GraphQlAutoConfiguration did not match due to @ConditionalOnClass did not find required class 'graphql.GraphQL'
2024-07-21T15:49:56.141+02:00 TRACE 248560 --- [crud-springboot] [           main] o.s.b.a.condition.OnClassCondition       : Condition OnClassCondition on org.springframework.boot.autoconfigure.graphql.data.GraphQlReactiveQueryByExampleAutoConfiguration did not match due to @ConditionalOnClass did not find required class 'graphql.GraphQL'
2024-07-21T15:49:56.141+02:00 TRACE 248560 --- [crud-springboot] [           main] o.s.b.a.condition.OnClassCondition       : Condition OnClassCondition on org.springframework.boot.autoconfigure.graphql.data.GraphQlReactiveQuerydslAutoConfiguration did not match due to @ConditionalOnClass did not find required class 'com.querydsl.core.Query'
2024-07-21T15:49:56.142+02:00 TRACE 248560 --- [crud-springboot] [           main] o.s.b.a.condition.OnClassCondition       : Condition OnClassCondition on org.springframework.boot.autoconfigure.graphql.data.GraphQlQueryByExampleAutoConfiguration did not match due to @ConditionalOnClass did not find required class 'graphql.GraphQL'
2024-07-21T15:49:56.142+02:00 TRACE 248560 --- [crud-springboot] [           main] o.s.b.a.condition.OnClassCondition       : Condition OnClassCondition on org.springframework.boot.autoconfigure.graphql.data.GraphQlQuerydslAutoConfiguration did not match due to @ConditionalOnClass did not find required class 'com.querydsl.core.Query'
2024-07-21T15:49:56.142+02:00 TRACE 248560 --- [crud-springboot] [           main] o.s.b.a.condition.OnClassCondition       : Condition OnClassCondition on org.springframework.boot.autoconfigure.graphql.reactive.GraphQlWebFluxAutoConfiguration did not match due to @ConditionalOnClass did not find required class 'graphql.GraphQL'
2024-07-21T15:49:56.142+02:00 TRACE 248560 --- [crud-springboot] [           main] o.s.b.a.condition.OnClassCondition       : Condition OnClassCondition on org.springframework.boot.autoconfigure.graphql.rsocket.GraphQlRSocketAutoConfiguration did not match due to @ConditionalOnClass did not find required class 'graphql.GraphQL'
2024-07-21T15:49:56.142+02:00 TRACE 248560 --- [crud-springboot] [           main] o.s.b.a.condition.OnClassCondition       : Condition OnClassCondition on org.springframework.boot.autoconfigure.graphql.rsocket.RSocketGraphQlClientAutoConfiguration did not match due to @ConditionalOnClass did not find required class 'graphql.GraphQL'
2024-07-21T15:49:56.142+02:00 TRACE 248560 --- [crud-springboot] [           main] o.s.b.a.condition.OnClassCondition       : Condition OnClassCondition on org.springframework.boot.autoconfigure.graphql.security.GraphQlWebFluxSecurityAutoConfiguration did not match due to @ConditionalOnClass did not find required class 'graphql.GraphQL'
2024-07-21T15:49:56.142+02:00 TRACE 248560 --- [crud-springboot] [           main] o.s.b.a.condition.OnClassCondition       : Condition OnClassCondition on org.springframework.boot.autoconfigure.graphql.security.GraphQlWebMvcSecurityAutoConfiguration did not match due to @ConditionalOnClass did not find required class 'graphql.GraphQL'
2024-07-21T15:49:56.142+02:00 TRACE 248560 --- [crud-springboot] [           main] o.s.b.a.condition.OnClassCondition       : Condition OnClassCondition on org.springframework.boot.autoconfigure.graphql.servlet.GraphQlWebMvcAutoConfiguration did not match due to @ConditionalOnClass did not find required class 'graphql.GraphQL'
2024-07-21T15:49:56.142+02:00 TRACE 248560 --- [crud-springboot] [           main] o.s.b.a.condition.OnClassCondition       : Condition OnClassCondition on org.springframework.boot.autoconfigure.groovy.template.GroovyTemplateAutoConfiguration did not match due to @ConditionalOnClass did not find required class 'groovy.text.markup.MarkupTemplateEngine'
2024-07-21T15:49:56.142+02:00 TRACE 248560 --- [crud-springboot] [           main] o.s.b.a.condition.OnClassCondition       : Condition OnClassCondition on org.springframework.boot.autoconfigure.gson.GsonAutoConfiguration did not match due to @ConditionalOnClass did not find required class 'com.google.gson.Gson'
2024-07-21T15:49:56.142+02:00 TRACE 248560 --- [crud-springboot] [           main] o.s.b.a.condition.OnClassCondition       : Condition OnClassCondition on org.springframework.boot.autoconfigure.h2.H2ConsoleAutoConfiguration did not match due to @ConditionalOnClass did not find required class 'org.h2.server.web.JakartaWebServlet'
2024-07-21T15:49:56.142+02:00 TRACE 248560 --- [crud-springboot] [           main] o.s.b.a.condition.OnClassCondition       : Condition OnClassCondition on org.springframework.boot.autoconfigure.hateoas.HypermediaAutoConfiguration did not match due to @ConditionalOnClass did not find required class 'org.springframework.hateoas.EntityModel'
2024-07-21T15:49:56.142+02:00 TRACE 248560 --- [crud-springboot] [           main] o.s.b.a.condition.OnClassCondition       : Condition OnClassCondition on org.springframework.boot.autoconfigure.hazelcast.HazelcastAutoConfiguration did not match due to @ConditionalOnClass did not find required class 'com.hazelcast.core.HazelcastInstance'
2024-07-21T15:49:56.142+02:00 TRACE 248560 --- [crud-springboot] [           main] o.s.b.a.condition.OnClassCondition       : Condition OnClassCondition on org.springframework.boot.autoconfigure.hazelcast.HazelcastJpaDependencyAutoConfiguration did not match due to @ConditionalOnClass did not find required class 'com.hazelcast.core.HazelcastInstance'
2024-07-21T15:49:56.142+02:00 TRACE 248560 --- [crud-springboot] [           main] o.s.b.a.condition.OnClassCondition       : Condition OnClassCondition on org.springframework.boot.autoconfigure.http.codec.CodecsAutoConfiguration did not match due to @ConditionalOnClass did not find required class 'org.springframework.web.reactive.function.client.WebClient'
2024-07-21T15:49:56.143+02:00 TRACE 248560 --- [crud-springboot] [           main] o.s.b.a.condition.OnClassCondition       : Condition OnClassCondition on org.springframework.boot.autoconfigure.influx.InfluxDbAutoConfiguration did not match due to @ConditionalOnClass did not find required class 'org.influxdb.InfluxDB'
2024-07-21T15:49:56.143+02:00 TRACE 248560 --- [crud-springboot] [           main] o.s.b.a.condition.OnClassCondition       : Condition OnClassCondition on org.springframework.boot.autoconfigure.integration.IntegrationAutoConfiguration did not match due to @ConditionalOnClass did not find required class 'org.springframework.integration.config.EnableIntegration'
2024-07-21T15:49:56.143+02:00 TRACE 248560 --- [crud-springboot] [           main] o.s.b.a.condition.OnClassCondition       : Condition OnClassCondition on org.springframework.boot.autoconfigure.jersey.JerseyAutoConfiguration did not match due to @ConditionalOnClass did not find required class 'org.glassfish.jersey.server.spring.SpringComponentProvider'
2024-07-21T15:49:56.143+02:00 TRACE 248560 --- [crud-springboot] [           main] o.s.b.a.condition.OnClassCondition       : Condition OnClassCondition on org.springframework.boot.autoconfigure.jms.JmsAutoConfiguration did not match due to @ConditionalOnClass did not find required class 'jakarta.jms.Message'
2024-07-21T15:49:56.143+02:00 TRACE 248560 --- [crud-springboot] [           main] o.s.b.a.condition.OnClassCondition       : Condition OnClassCondition on org.springframework.boot.autoconfigure.jms.JndiConnectionFactoryAutoConfiguration did not match due to @ConditionalOnClass did not find required class 'org.springframework.jms.core.JmsTemplate'
2024-07-21T15:49:56.143+02:00 TRACE 248560 --- [crud-springboot] [           main] o.s.b.a.condition.OnClassCondition       : Condition OnClassCondition on org.springframework.boot.autoconfigure.jms.activemq.ActiveMQAutoConfiguration did not match due to @ConditionalOnClass did not find required class 'jakarta.jms.ConnectionFactory'
2024-07-21T15:49:56.143+02:00 TRACE 248560 --- [crud-springboot] [           main] o.s.b.a.condition.OnClassCondition       : Condition OnClassCondition on org.springframework.boot.autoconfigure.jms.artemis.ArtemisAutoConfiguration did not match due to @ConditionalOnClass did not find required class 'jakarta.jms.ConnectionFactory'
2024-07-21T15:49:56.143+02:00 TRACE 248560 --- [crud-springboot] [           main] o.s.b.a.condition.OnClassCondition       : Condition OnClassCondition on org.springframework.boot.autoconfigure.jooq.JooqAutoConfiguration did not match due to @ConditionalOnClass did not find required class 'org.jooq.DSLContext'
2024-07-21T15:49:56.143+02:00 TRACE 248560 --- [crud-springboot] [           main] o.s.b.a.condition.OnClassCondition       : Condition OnClassCondition on org.springframework.boot.autoconfigure.jsonb.JsonbAutoConfiguration did not match due to @ConditionalOnClass did not find required class 'jakarta.json.bind.Jsonb'
2024-07-21T15:49:56.143+02:00 TRACE 248560 --- [crud-springboot] [           main] o.s.b.a.condition.OnClassCondition       : Condition OnClassCondition on org.springframework.boot.autoconfigure.kafka.KafkaAutoConfiguration did not match due to @ConditionalOnClass did not find required class 'org.springframework.kafka.core.KafkaTemplate'
2024-07-21T15:49:56.143+02:00 TRACE 248560 --- [crud-springboot] [           main] o.s.b.a.condition.OnClassCondition       : Condition OnClassCondition on org.springframework.boot.autoconfigure.ldap.embedded.EmbeddedLdapAutoConfiguration did not match due to @ConditionalOnClass did not find required class 'com.unboundid.ldap.listener.InMemoryDirectoryServer'
2024-07-21T15:49:56.143+02:00 TRACE 248560 --- [crud-springboot] [           main] o.s.b.a.condition.OnClassCondition       : Condition OnClassCondition on org.springframework.boot.autoconfigure.ldap.LdapAutoConfiguration did not match due to @ConditionalOnClass did not find required class 'org.springframework.ldap.core.ContextSource'
2024-07-21T15:49:56.143+02:00 TRACE 248560 --- [crud-springboot] [           main] o.s.b.a.condition.OnClassCondition       : Condition OnClassCondition on org.springframework.boot.autoconfigure.liquibase.LiquibaseAutoConfiguration did not match due to @ConditionalOnClass did not find required class 'liquibase.change.DatabaseChange'
2024-07-21T15:49:56.144+02:00 TRACE 248560 --- [crud-springboot] [           main] o.s.b.a.condition.OnClassCondition       : Condition OnClassCondition on org.springframework.boot.autoconfigure.mail.MailSenderAutoConfiguration did not match due to @ConditionalOnClass did not find required class 'jakarta.mail.internet.MimeMessage'
2024-07-21T15:49:56.144+02:00 TRACE 248560 --- [crud-springboot] [           main] o.s.b.a.condition.OnClassCondition       : Condition OnClassCondition on org.springframework.boot.autoconfigure.mongo.MongoAutoConfiguration did not match due to @ConditionalOnClass did not find required class 'com.mongodb.client.MongoClient'
2024-07-21T15:49:56.144+02:00 TRACE 248560 --- [crud-springboot] [           main] o.s.b.a.condition.OnClassCondition       : Condition OnClassCondition on org.springframework.boot.autoconfigure.mongo.MongoReactiveAutoConfiguration did not match due to @ConditionalOnClass did not find required class 'com.mongodb.reactivestreams.client.MongoClient'
2024-07-21T15:49:56.144+02:00 TRACE 248560 --- [crud-springboot] [           main] o.s.b.a.condition.OnClassCondition       : Condition OnClassCondition on org.springframework.boot.autoconfigure.mustache.MustacheAutoConfiguration did not match due to @ConditionalOnClass did not find required class 'com.samskivert.mustache.Mustache'
2024-07-21T15:49:56.144+02:00 TRACE 248560 --- [crud-springboot] [           main] o.s.b.a.condition.OnClassCondition       : Condition OnClassCondition on org.springframework.boot.autoconfigure.neo4j.Neo4jAutoConfiguration did not match due to @ConditionalOnClass did not find required class 'org.neo4j.driver.Driver'
2024-07-21T15:49:56.144+02:00 TRACE 248560 --- [crud-springboot] [           main] o.s.b.a.condition.OnClassCondition       : Condition OnClassCondition on org.springframework.boot.autoconfigure.netty.NettyAutoConfiguration did not match due to @ConditionalOnClass did not find required class 'io.netty.util.NettyRuntime'
2024-07-21T15:49:56.144+02:00 TRACE 248560 --- [crud-springboot] [           main] o.s.b.a.condition.OnClassCondition       : Condition OnClassCondition on org.springframework.boot.autoconfigure.pulsar.PulsarAutoConfiguration did not match due to @ConditionalOnClass did not find required class 'org.apache.pulsar.client.api.PulsarClient'
2024-07-21T15:49:56.144+02:00 TRACE 248560 --- [crud-springboot] [           main] o.s.b.a.condition.OnClassCondition       : Condition OnClassCondition on org.springframework.boot.autoconfigure.pulsar.PulsarReactiveAutoConfiguration did not match due to @ConditionalOnClass did not find required class 'org.apache.pulsar.client.api.PulsarClient'
2024-07-21T15:49:56.145+02:00 TRACE 248560 --- [crud-springboot] [           main] o.s.b.a.condition.OnClassCondition       : Condition OnClassCondition on org.springframework.boot.autoconfigure.quartz.QuartzAutoConfiguration did not match due to @ConditionalOnClass did not find required class 'org.quartz.Scheduler'
2024-07-21T15:49:56.145+02:00 TRACE 248560 --- [crud-springboot] [           main] o.s.b.a.condition.OnClassCondition       : Condition OnClassCondition on org.springframework.boot.autoconfigure.r2dbc.R2dbcAutoConfiguration did not match due to @ConditionalOnClass did not find required class 'io.r2dbc.spi.ConnectionFactory'
2024-07-21T15:49:56.145+02:00 TRACE 248560 --- [crud-springboot] [           main] o.s.b.a.condition.OnClassCondition       : Condition OnClassCondition on org.springframework.boot.autoconfigure.r2dbc.R2dbcTransactionManagerAutoConfiguration did not match due to @ConditionalOnClass did not find required class 'org.springframework.r2dbc.connection.R2dbcTransactionManager'
2024-07-21T15:49:56.145+02:00 TRACE 248560 --- [crud-springboot] [           main] o.s.b.a.condition.OnClassCondition       : Condition OnClassCondition on org.springframework.boot.autoconfigure.reactor.ReactorAutoConfiguration did not match due to @ConditionalOnClass did not find required class 'reactor.core.publisher.Hooks'
2024-07-21T15:49:56.145+02:00 TRACE 248560 --- [crud-springboot] [           main] o.s.b.a.condition.OnClassCondition       : Condition OnClassCondition on org.springframework.boot.autoconfigure.rsocket.RSocketMessagingAutoConfiguration did not match due to @ConditionalOnClass did not find required class 'io.rsocket.RSocket'
2024-07-21T15:49:56.145+02:00 TRACE 248560 --- [crud-springboot] [           main] o.s.b.a.condition.OnClassCondition       : Condition OnClassCondition on org.springframework.boot.autoconfigure.rsocket.RSocketRequesterAutoConfiguration did not match due to @ConditionalOnClass did not find required class 'io.rsocket.RSocket'
2024-07-21T15:49:56.145+02:00 TRACE 248560 --- [crud-springboot] [           main] o.s.b.a.condition.OnClassCondition       : Condition OnClassCondition on org.springframework.boot.autoconfigure.rsocket.RSocketServerAutoConfiguration did not match due to @ConditionalOnClass did not find required class 'io.rsocket.core.RSocketServer'
2024-07-21T15:49:56.145+02:00 TRACE 248560 --- [crud-springboot] [           main] o.s.b.a.condition.OnClassCondition       : Condition OnClassCondition on org.springframework.boot.autoconfigure.rsocket.RSocketStrategiesAutoConfiguration did not match due to @ConditionalOnClass did not find required class 'io.netty.buffer.PooledByteBufAllocator'
2024-07-21T15:49:56.145+02:00 TRACE 248560 --- [crud-springboot] [           main] o.s.b.a.condition.OnClassCondition       : Condition OnClassCondition on org.springframework.boot.autoconfigure.security.reactive.ReactiveSecurityAutoConfiguration did not match due to @ConditionalOnClass did not find required class 'reactor.core.publisher.Flux'
2024-07-21T15:49:56.145+02:00 TRACE 248560 --- [crud-springboot] [           main] o.s.b.a.condition.OnClassCondition       : Condition OnClassCondition on org.springframework.boot.autoconfigure.security.rsocket.RSocketSecurityAutoConfiguration did not match due to @ConditionalOnClass did not find required class 'org.springframework.security.rsocket.core.SecuritySocketAcceptorInterceptor'
2024-07-21T15:49:56.145+02:00 TRACE 248560 --- [crud-springboot] [           main] o.s.b.a.condition.OnClassCondition       : Condition OnClassCondition on org.springframework.boot.autoconfigure.security.saml2.Saml2RelyingPartyAutoConfiguration did not match due to @ConditionalOnClass did not find required class 'org.springframework.security.saml2.provider.service.registration.RelyingPartyRegistrationRepository'
2024-07-21T15:49:56.145+02:00 TRACE 248560 --- [crud-springboot] [           main] o.s.b.a.condition.OnClassCondition       : Condition OnClassCondition on org.springframework.boot.autoconfigure.sendgrid.SendGridAutoConfiguration did not match due to @ConditionalOnClass did not find required class 'com.sendgrid.SendGrid'
2024-07-21T15:49:56.145+02:00 TRACE 248560 --- [crud-springboot] [           main] o.s.b.a.condition.OnClassCondition       : Condition OnClassCondition on org.springframework.boot.autoconfigure.session.SessionAutoConfiguration did not match due to @ConditionalOnClass did not find required class 'org.springframework.session.Session'
2024-07-21T15:49:56.145+02:00 TRACE 248560 --- [crud-springboot] [           main] o.s.b.a.condition.OnClassCondition       : Condition OnClassCondition on org.springframework.boot.autoconfigure.security.oauth2.client.servlet.OAuth2ClientAutoConfiguration did not match due to @ConditionalOnClass did not find required class 'org.springframework.security.oauth2.client.registration.ClientRegistration'
2024-07-21T15:49:56.145+02:00 TRACE 248560 --- [crud-springboot] [           main] o.s.b.a.condition.OnClassCondition       : Condition OnClassCondition on org.springframework.boot.autoconfigure.security.oauth2.client.reactive.ReactiveOAuth2ClientAutoConfiguration did not match due to @ConditionalOnClass did not find required class 'reactor.core.publisher.Flux'
2024-07-21T15:49:56.145+02:00 TRACE 248560 --- [crud-springboot] [           main] o.s.b.a.condition.OnClassCondition       : Condition OnClassCondition on org.springframework.boot.autoconfigure.security.oauth2.resource.servlet.OAuth2ResourceServerAutoConfiguration did not match due to @ConditionalOnClass did not find required class 'org.springframework.security.oauth2.server.resource.authentication.BearerTokenAuthenticationToken'
2024-07-21T15:49:56.146+02:00 TRACE 248560 --- [crud-springboot] [           main] o.s.b.a.condition.OnClassCondition       : Condition OnClassCondition on org.springframework.boot.autoconfigure.security.oauth2.server.servlet.OAuth2AuthorizationServerAutoConfiguration did not match due to @ConditionalOnClass did not find required class 'org.springframework.security.oauth2.server.authorization.OAuth2Authorization'
2024-07-21T15:49:56.146+02:00 TRACE 248560 --- [crud-springboot] [           main] o.s.b.a.condition.OnClassCondition       : Condition OnClassCondition on org.springframework.boot.autoconfigure.security.oauth2.server.servlet.OAuth2AuthorizationServerJwtAutoConfiguration did not match due to @ConditionalOnClass did not find required class 'org.springframework.security.oauth2.server.authorization.OAuth2Authorization'
2024-07-21T15:49:56.146+02:00 TRACE 248560 --- [crud-springboot] [           main] o.s.b.a.condition.OnClassCondition       : Condition OnClassCondition on org.springframework.boot.autoconfigure.validation.ValidationAutoConfiguration did not match due to @ConditionalOnClass did not find required class 'jakarta.validation.executable.ExecutableValidator'
2024-07-21T15:49:56.146+02:00 TRACE 248560 --- [crud-springboot] [           main] o.s.b.a.condition.OnClassCondition       : Condition OnClassCondition on org.springframework.boot.autoconfigure.web.reactive.HttpHandlerAutoConfiguration did not match due to @ConditionalOnClass did not find required class 'org.springframework.web.reactive.DispatcherHandler'
2024-07-21T15:49:56.146+02:00 TRACE 248560 --- [crud-springboot] [           main] o.s.b.a.condition.OnClassCondition       : Condition OnClassCondition on org.springframework.boot.autoconfigure.web.reactive.ReactiveMultipartAutoConfiguration did not match due to @ConditionalOnClass did not find required class 'org.springframework.web.reactive.config.WebFluxConfigurer'
2024-07-21T15:49:56.146+02:00 TRACE 248560 --- [crud-springboot] [           main] o.s.b.a.condition.OnClassCondition       : Condition OnClassCondition on org.springframework.boot.autoconfigure.web.reactive.WebFluxAutoConfiguration did not match due to @ConditionalOnClass did not find required class 'org.springframework.web.reactive.config.WebFluxConfigurer'
2024-07-21T15:49:56.146+02:00 TRACE 248560 --- [crud-springboot] [           main] o.s.b.a.condition.OnClassCondition       : Condition OnClassCondition on org.springframework.boot.autoconfigure.web.reactive.WebSessionIdResolverAutoConfiguration did not match due to @ConditionalOnClass did not find required class 'reactor.core.publisher.Mono'
2024-07-21T15:49:56.146+02:00 TRACE 248560 --- [crud-springboot] [           main] o.s.b.a.condition.OnClassCondition       : Condition OnClassCondition on org.springframework.boot.autoconfigure.web.reactive.error.ErrorWebFluxAutoConfiguration did not match due to @ConditionalOnClass did not find required class 'org.springframework.web.reactive.config.WebFluxConfigurer'
2024-07-21T15:49:56.146+02:00 TRACE 248560 --- [crud-springboot] [           main] o.s.b.a.condition.OnClassCondition       : Condition OnClassCondition on org.springframework.boot.autoconfigure.web.reactive.function.client.ClientHttpConnectorAutoConfiguration did not match due to @ConditionalOnClass did not find required class 'org.springframework.web.reactive.function.client.WebClient'
2024-07-21T15:49:56.146+02:00 TRACE 248560 --- [crud-springboot] [           main] o.s.b.a.condition.OnClassCondition       : Condition OnClassCondition on org.springframework.boot.autoconfigure.web.reactive.function.client.WebClientAutoConfiguration did not match due to @ConditionalOnClass did not find required class 'org.springframework.web.reactive.function.client.WebClient'
2024-07-21T15:49:56.146+02:00 TRACE 248560 --- [crud-springboot] [           main] o.s.b.a.condition.OnClassCondition       : Condition OnClassCondition on org.springframework.boot.autoconfigure.websocket.servlet.WebSocketMessagingAutoConfiguration did not match due to @ConditionalOnClass did not find required class 'org.springframework.web.socket.config.annotation.WebSocketMessageBrokerConfigurer'
2024-07-21T15:49:56.146+02:00 TRACE 248560 --- [crud-springboot] [           main] o.s.b.a.condition.OnClassCondition       : Condition OnClassCondition on org.springframework.boot.autoconfigure.webservices.WebServicesAutoConfiguration did not match due to @ConditionalOnClass did not find required class 'org.springframework.ws.transport.http.MessageDispatcherServlet'
2024-07-21T15:49:56.146+02:00 TRACE 248560 --- [crud-springboot] [           main] o.s.b.a.condition.OnClassCondition       : Condition OnClassCondition on org.springframework.boot.autoconfigure.webservices.client.WebServiceTemplateAutoConfiguration did not match due to @ConditionalOnClass did not find required class 'org.springframework.oxm.Marshaller'
2024-07-21T15:49:56.146+02:00 TRACE 248560 --- [crud-springboot] [           main] o.s.b.f.s.DefaultListableBeanFactory     : Returning cached instance of singleton bean 'autoConfigurationReport'
2024-07-21T15:49:56.148+02:00 TRACE 248560 --- [crud-springboot] [           main] o.s.b.a.c.OnWebApplicationCondition      : Condition OnWebApplicationCondition on org.springframework.boot.autoconfigure.security.oauth2.resource.reactive.ReactiveOAuth2ResourceServerAutoConfiguration did not match due to @ConditionalOnWebApplication did not find reactive web application classes
2024-07-21T15:49:56.148+02:00 TRACE 248560 --- [crud-springboot] [           main] o.s.b.a.c.OnWebApplicationCondition      : Condition OnWebApplicationCondition on org.springframework.boot.autoconfigure.web.reactive.ReactiveWebServerFactoryAutoConfiguration did not match due to @ConditionalOnWebApplication did not find reactive web application classes
2024-07-21T15:49:56.148+02:00 TRACE 248560 --- [crud-springboot] [           main] o.s.b.a.c.OnWebApplicationCondition      : Condition OnWebApplicationCondition on org.springframework.boot.autoconfigure.websocket.reactive.WebSocketReactiveAutoConfiguration did not match due to @ConditionalOnWebApplication did not find reactive web application classes
2024-07-21T15:49:56.148+02:00 TRACE 248560 --- [crud-springboot] [           main] o.s.b.f.s.DefaultListableBeanFactory     : Returning cached instance of singleton bean 'autoConfigurationReport'
2024-07-21T15:49:56.152+02:00 TRACE 248560 --- [crud-springboot] [           main] o.s.b.a.condition.OnBeanCondition        : Condition OnBeanCondition on org.springframework.boot.autoconfigure.mail.MailSenderValidatorAutoConfiguration did not match due to @ConditionalOnSingleCandidate did not find required type 'org.springframework.mail.javamail.JavaMailSenderImpl'
2024-07-21T15:49:56.155+02:00 TRACE 248560 --- [crud-springboot] [           main] o.s.b.a.AutoConfigurationImportSelector  : Filtered 109 auto configuration class in 72 ms
2024-07-21T15:49:56.155+02:00 TRACE 248560 --- [crud-springboot] [           main] o.s.c.io.support.SpringFactoriesLoader   : Loaded [org.springframework.boot.autoconfigure.AutoConfigurationImportListener] names: [org.springframework.boot.autoconfigure.condition.ConditionEvaluationReportAutoConfigurationImportListener]
2024-07-21T15:49:56.156+02:00 TRACE 248560 --- [crud-springboot] [           main] o.s.b.f.s.DefaultListableBeanFactory     : Returning cached instance of singleton bean 'autoConfigurationReport'
2024-07-21T15:49:56.159+02:00 TRACE 248560 --- [crud-springboot] [           main] o.s.b.f.s.DefaultListableBeanFactory     : Returning cached instance of singleton bean 'org.springframework.boot.autoconfigure.internalCachingMetadataReaderFactory'
2024-07-21T15:49:56.166+02:00 TRACE 248560 --- [crud-springboot] [           main] o.s.b.f.s.DefaultListableBeanFactory     : Returning cached instance of singleton bean 'autoConfigurationReport'
2024-07-21T15:49:56.166+02:00 TRACE 248560 --- [crud-springboot] [           main] o.s.b.f.s.DefaultListableBeanFactory     : Returning cached instance of singleton bean 'autoConfigurationReport'
2024-07-21T15:49:56.166+02:00 TRACE 248560 --- [crud-springboot] [           main] o.s.b.f.s.DefaultListableBeanFactory     : Returning cached instance of singleton bean 'autoConfigurationReport'
2024-07-21T15:49:56.167+02:00 TRACE 248560 --- [crud-springboot] [           main] o.s.b.f.s.DefaultListableBeanFactory     : Returning cached instance of singleton bean 'autoConfigurationReport'
2024-07-21T15:49:56.167+02:00 TRACE 248560 --- [crud-springboot] [           main] o.s.b.f.s.DefaultListableBeanFactory     : Returning cached instance of singleton bean 'autoConfigurationReport'
2024-07-21T15:49:56.167+02:00 TRACE 248560 --- [crud-springboot] [           main] o.s.b.f.s.DefaultListableBeanFactory     : Returning cached instance of singleton bean 'autoConfigurationReport'
2024-07-21T15:49:56.179+02:00 TRACE 248560 --- [crud-springboot] [           main] .i.s.PathMatchingResourcePatternResolver : Resolved module-path location pattern [messages.properties] to resources []
2024-07-21T15:49:56.179+02:00 TRACE 248560 --- [crud-springboot] [           main] .i.s.PathMatchingResourcePatternResolver : Resolved class path location [messages.properties] to resources []
2024-07-21T15:49:56.179+02:00 TRACE 248560 --- [crud-springboot] [           main] utoConfiguration$ResourceBundleCondition : Condition MessageSourceAutoConfiguration.ResourceBundleCondition on org.springframework.boot.autoconfigure.context.MessageSourceAutoConfiguration did not match due to ResourceBundle did not find bundle with basename messages
2024-07-21T15:49:56.179+02:00 TRACE 248560 --- [crud-springboot] [           main] o.s.b.f.s.DefaultListableBeanFactory     : Returning cached instance of singleton bean 'autoConfigurationReport'
2024-07-21T15:49:56.179+02:00 TRACE 248560 --- [crud-springboot] [           main] o.s.b.f.s.DefaultListableBeanFactory     : Returning cached instance of singleton bean 'autoConfigurationReport'
2024-07-21T15:49:56.179+02:00 TRACE 248560 --- [crud-springboot] [           main] o.s.b.f.s.DefaultListableBeanFactory     : Returning cached instance of singleton bean 'autoConfigurationReport'
2024-07-21T15:49:56.179+02:00 TRACE 248560 --- [crud-springboot] [           main] o.s.b.f.s.DefaultListableBeanFactory     : Returning cached instance of singleton bean 'autoConfigurationReport'
2024-07-21T15:49:56.180+02:00 TRACE 248560 --- [crud-springboot] [           main] o.s.b.f.s.DefaultListableBeanFactory     : Returning cached instance of singleton bean 'autoConfigurationReport'
2024-07-21T15:49:56.180+02:00 TRACE 248560 --- [crud-springboot] [           main] o.s.b.f.s.DefaultListableBeanFactory     : Returning cached instance of singleton bean 'autoConfigurationReport'
2024-07-21T15:49:56.180+02:00 TRACE 248560 --- [crud-springboot] [           main] o.s.b.f.s.DefaultListableBeanFactory     : Returning cached instance of singleton bean 'autoConfigurationReport'
2024-07-21T15:49:56.180+02:00 TRACE 248560 --- [crud-springboot] [           main] o.s.b.f.s.DefaultListableBeanFactory     : Returning cached instance of singleton bean 'autoConfigurationReport'
2024-07-21T15:49:56.180+02:00 TRACE 248560 --- [crud-springboot] [           main] o.s.b.f.s.DefaultListableBeanFactory     : Returning cached instance of singleton bean 'autoConfigurationReport'
2024-07-21T15:49:56.180+02:00 TRACE 248560 --- [crud-springboot] [           main] o.s.b.f.s.DefaultListableBeanFactory     : Returning cached instance of singleton bean 'autoConfigurationReport'
2024-07-21T15:49:56.183+02:00 TRACE 248560 --- [crud-springboot] [           main] o.s.b.f.s.DefaultListableBeanFactory     : Returning cached instance of singleton bean 'autoConfigurationReport'
2024-07-21T15:49:56.183+02:00 TRACE 248560 --- [crud-springboot] [           main] o.s.b.f.s.DefaultListableBeanFactory     : Returning cached instance of singleton bean 'autoConfigurationReport'
2024-07-21T15:49:56.183+02:00 TRACE 248560 --- [crud-springboot] [           main] o.s.b.f.s.DefaultListableBeanFactory     : Returning cached instance of singleton bean 'autoConfigurationReport'
2024-07-21T15:49:56.183+02:00 TRACE 248560 --- [crud-springboot] [           main] o.s.b.f.s.DefaultListableBeanFactory     : Returning cached instance of singleton bean 'autoConfigurationReport'
2024-07-21T15:49:56.183+02:00 TRACE 248560 --- [crud-springboot] [           main] o.s.b.f.s.DefaultListableBeanFactory     : Returning cached instance of singleton bean 'autoConfigurationReport'
2024-07-21T15:49:56.183+02:00 TRACE 248560 --- [crud-springboot] [           main] o.s.b.f.s.DefaultListableBeanFactory     : Returning cached instance of singleton bean 'autoConfigurationReport'
2024-07-21T15:49:56.184+02:00 TRACE 248560 --- [crud-springboot] [           main] o.s.b.f.s.DefaultListableBeanFactory     : Returning cached instance of singleton bean 'autoConfigurationReport'
2024-07-21T15:49:56.185+02:00 TRACE 248560 --- [crud-springboot] [           main] o.s.b.f.s.DefaultListableBeanFactory     : Returning cached instance of singleton bean 'autoConfigurationReport'
2024-07-21T15:49:56.185+02:00 TRACE 248560 --- [crud-springboot] [           main] o.s.b.f.s.DefaultListableBeanFactory     : Returning cached instance of singleton bean 'autoConfigurationReport'
2024-07-21T15:49:56.187+02:00 TRACE 248560 --- [crud-springboot] [           main] o.s.b.f.s.DefaultListableBeanFactory     : Returning cached instance of singleton bean 'autoConfigurationReport'
2024-07-21T15:49:56.187+02:00 TRACE 248560 --- [crud-springboot] [           main] o.s.b.f.s.DefaultListableBeanFactory     : Returning cached instance of singleton bean 'autoConfigurationReport'
2024-07-21T15:49:56.187+02:00 TRACE 248560 --- [crud-springboot] [           main] o.s.b.f.s.DefaultListableBeanFactory     : Returning cached instance of singleton bean 'autoConfigurationReport'
2024-07-21T15:49:56.187+02:00 TRACE 248560 --- [crud-springboot] [           main] o.s.b.f.s.DefaultListableBeanFactory     : Returning cached instance of singleton bean 'autoConfigurationReport'
2024-07-21T15:49:56.187+02:00 TRACE 248560 --- [crud-springboot] [           main] o.s.b.f.s.DefaultListableBeanFactory     : Returning cached instance of singleton bean 'autoConfigurationReport'
2024-07-21T15:49:56.187+02:00 TRACE 248560 --- [crud-springboot] [           main] o.s.b.f.s.DefaultListableBeanFactory     : Returning cached instance of singleton bean 'autoConfigurationReport'
2024-07-21T15:49:56.189+02:00 TRACE 248560 --- [crud-springboot] [           main] o.s.b.a.condition.OnClassCondition       : Condition OnClassCondition on org.springframework.boot.autoconfigure.websocket.servlet.WebSocketServletAutoConfiguration matched due to @ConditionalOnClass found required classes 'jakarta.servlet.Servlet', 'jakarta.websocket.server.ServerContainer'
2024-07-21T15:49:56.190+02:00 TRACE 248560 --- [crud-springboot] [           main] o.s.b.f.s.DefaultListableBeanFactory     : Returning cached instance of singleton bean 'autoConfigurationReport'
2024-07-21T15:49:56.190+02:00 TRACE 248560 --- [crud-springboot] [           main] o.s.b.a.c.OnWebApplicationCondition      : Condition OnWebApplicationCondition on org.springframework.boot.autoconfigure.websocket.servlet.WebSocketServletAutoConfiguration matched due to found 'session' scope
2024-07-21T15:49:56.190+02:00 TRACE 248560 --- [crud-springboot] [           main] o.s.b.f.s.DefaultListableBeanFactory     : Returning cached instance of singleton bean 'autoConfigurationReport'
2024-07-21T15:49:56.190+02:00 TRACE 248560 --- [crud-springboot] [           main] o.s.b.f.s.DefaultListableBeanFactory     : Returning cached instance of singleton bean 'autoConfigurationReport'
2024-07-21T15:49:56.190+02:00 TRACE 248560 --- [crud-springboot] [           main] o.s.b.f.s.DefaultListableBeanFactory     : Returning cached instance of singleton bean 'autoConfigurationReport'
2024-07-21T15:49:56.191+02:00 TRACE 248560 --- [crud-springboot] [           main] o.s.b.f.s.DefaultListableBeanFactory     : Returning cached instance of singleton bean 'autoConfigurationReport'
2024-07-21T15:49:56.194+02:00 TRACE 248560 --- [crud-springboot] [           main] o.s.b.a.condition.OnClassCondition       : Condition OnClassCondition on org.springframework.boot.autoconfigure.websocket.servlet.WebSocketServletAutoConfiguration$UndertowWebSocketConfiguration did not match due to @ConditionalOnClass did not find required class 'io.undertow.websockets.jsr.Bootstrap'
2024-07-21T15:49:56.194+02:00 TRACE 248560 --- [crud-springboot] [           main] o.s.b.f.s.DefaultListableBeanFactory     : Returning cached instance of singleton bean 'autoConfigurationReport'
2024-07-21T15:49:56.195+02:00 TRACE 248560 --- [crud-springboot] [           main] o.s.b.a.condition.OnClassCondition       : Condition OnClassCondition on org.springframework.boot.autoconfigure.websocket.servlet.WebSocketServletAutoConfiguration$JettyWebSocketConfiguration did not match due to @ConditionalOnClass did not find required class 'org.eclipse.jetty.ee10.websocket.jakarta.server.config.JakartaWebSocketServletContainerInitializer'
2024-07-21T15:49:56.195+02:00 TRACE 248560 --- [crud-springboot] [           main] o.s.b.f.s.DefaultListableBeanFactory     : Returning cached instance of singleton bean 'autoConfigurationReport'
2024-07-21T15:49:56.197+02:00 TRACE 248560 --- [crud-springboot] [           main] o.s.b.a.condition.OnClassCondition       : Condition OnClassCondition on org.springframework.boot.autoconfigure.websocket.servlet.WebSocketServletAutoConfiguration$TomcatWebSocketConfiguration matched due to @ConditionalOnClass found required classes 'org.apache.catalina.startup.Tomcat', 'org.apache.tomcat.websocket.server.WsSci'
2024-07-21T15:49:56.197+02:00 TRACE 248560 --- [crud-springboot] [           main] o.s.b.f.s.DefaultListableBeanFactory     : Returning cached instance of singleton bean 'autoConfigurationReport'
2024-07-21T15:49:56.197+02:00 TRACE 248560 --- [crud-springboot] [           main] o.s.b.f.s.DefaultListableBeanFactory     : Returning cached instance of singleton bean 'autoConfigurationReport'
2024-07-21T15:49:56.197+02:00 TRACE 248560 --- [crud-springboot] [           main] o.s.b.f.s.DefaultListableBeanFactory     : Returning cached instance of singleton bean 'autoConfigurationReport'
2024-07-21T15:49:56.197+02:00 TRACE 248560 --- [crud-springboot] [           main] o.s.b.f.s.DefaultListableBeanFactory     : Returning cached instance of singleton bean 'autoConfigurationReport'
2024-07-21T15:49:56.200+02:00 TRACE 248560 --- [crud-springboot] [           main] o.s.b.f.s.DefaultListableBeanFactory     : Returning cached instance of singleton bean 'autoConfigurationReport'
2024-07-21T15:49:56.201+02:00 TRACE 248560 --- [crud-springboot] [           main] o.s.b.f.s.DefaultListableBeanFactory     : Returning cached instance of singleton bean 'autoConfigurationReport'
2024-07-21T15:49:56.201+02:00 TRACE 248560 --- [crud-springboot] [           main] o.s.b.f.s.DefaultListableBeanFactory     : Returning cached instance of singleton bean 'autoConfigurationReport'
2024-07-21T15:49:56.201+02:00 TRACE 248560 --- [crud-springboot] [           main] o.s.b.f.s.DefaultListableBeanFactory     : Returning cached instance of singleton bean 'autoConfigurationReport'
2024-07-21T15:49:56.201+02:00 TRACE 248560 --- [crud-springboot] [           main] o.s.b.f.s.DefaultListableBeanFactory     : Returning cached instance of singleton bean 'autoConfigurationReport'
2024-07-21T15:49:56.201+02:00 TRACE 248560 --- [crud-springboot] [           main] o.s.b.f.s.DefaultListableBeanFactory     : Returning cached instance of singleton bean 'autoConfigurationReport'
2024-07-21T15:49:56.202+02:00 TRACE 248560 --- [crud-springboot] [           main] o.s.b.a.condition.OnClassCondition       : Condition OnClassCondition on org.springframework.boot.autoconfigure.web.servlet.ServletWebServerFactoryAutoConfiguration matched due to @ConditionalOnClass found required class 'jakarta.servlet.ServletRequest'
2024-07-21T15:49:56.203+02:00 TRACE 248560 --- [crud-springboot] [           main] o.s.b.f.s.DefaultListableBeanFactory     : Returning cached instance of singleton bean 'autoConfigurationReport'
2024-07-21T15:49:56.203+02:00 TRACE 248560 --- [crud-springboot] [           main] o.s.b.a.c.OnWebApplicationCondition      : Condition OnWebApplicationCondition on org.springframework.boot.autoconfigure.web.servlet.ServletWebServerFactoryAutoConfiguration matched due to found 'session' scope
2024-07-21T15:49:56.203+02:00 TRACE 248560 --- [crud-springboot] [           main] o.s.b.f.s.DefaultListableBeanFactory     : Returning cached instance of singleton bean 'autoConfigurationReport'
2024-07-21T15:49:56.203+02:00 TRACE 248560 --- [crud-springboot] [           main] o.s.b.f.s.DefaultListableBeanFactory     : Returning cached instance of singleton bean 'autoConfigurationReport'
2024-07-21T15:49:56.203+02:00 TRACE 248560 --- [crud-springboot] [           main] o.s.b.f.s.DefaultListableBeanFactory     : Returning cached instance of singleton bean 'autoConfigurationReport'
2024-07-21T15:49:56.204+02:00 TRACE 248560 --- [crud-springboot] [           main] o.s.b.f.s.DefaultListableBeanFactory     : Returning cached instance of singleton bean 'autoConfigurationReport'
2024-07-21T15:49:56.215+02:00 TRACE 248560 --- [crud-springboot] [           main] o.s.b.a.condition.OnPropertyCondition    : Condition OnPropertyCondition on org.springframework.boot.autoconfigure.web.servlet.ServletWebServerFactoryAutoConfiguration$ForwardedHeaderFilterConfiguration did not match due to @ConditionalOnProperty (server.forward-headers-strategy=framework) did not find property 'server.forward-headers-strategy'
2024-07-21T15:49:56.216+02:00 TRACE 248560 --- [crud-springboot] [           main] o.s.b.f.s.DefaultListableBeanFactory     : Returning cached instance of singleton bean 'autoConfigurationReport'
2024-07-21T15:49:56.224+02:00 TRACE 248560 --- [crud-springboot] [           main] o.s.b.a.condition.OnClassCondition       : Condition OnClassCondition on org.springframework.boot.autoconfigure.web.servlet.ServletWebServerFactoryConfiguration$EmbeddedTomcat matched due to @ConditionalOnClass found required classes 'jakarta.servlet.Servlet', 'org.apache.catalina.startup.Tomcat', 'org.apache.coyote.UpgradeProtocol'
2024-07-21T15:49:56.225+02:00 TRACE 248560 --- [crud-springboot] [           main] o.s.b.f.s.DefaultListableBeanFactory     : Returning cached instance of singleton bean 'autoConfigurationReport'
2024-07-21T15:49:56.226+02:00 TRACE 248560 --- [crud-springboot] [           main] o.s.b.f.s.DefaultListableBeanFactory     : Returning cached instance of singleton bean 'autoConfigurationReport'
2024-07-21T15:49:56.226+02:00 TRACE 248560 --- [crud-springboot] [           main] o.s.b.f.s.DefaultListableBeanFactory     : Returning cached instance of singleton bean 'autoConfigurationReport'
2024-07-21T15:49:56.226+02:00 TRACE 248560 --- [crud-springboot] [           main] o.s.b.f.s.DefaultListableBeanFactory     : Returning cached instance of singleton bean 'autoConfigurationReport'
2024-07-21T15:49:56.229+02:00 TRACE 248560 --- [crud-springboot] [           main] o.s.b.a.condition.OnClassCondition       : Condition OnClassCondition on org.springframework.boot.autoconfigure.web.servlet.ServletWebServerFactoryConfiguration$EmbeddedJetty did not match due to @ConditionalOnClass did not find required classes 'org.eclipse.jetty.server.Server', 'org.eclipse.jetty.util.Loader', 'org.eclipse.jetty.ee10.webapp.WebAppContext'
2024-07-21T15:49:56.229+02:00 TRACE 248560 --- [crud-springboot] [           main] o.s.b.f.s.DefaultListableBeanFactory     : Returning cached instance of singleton bean 'autoConfigurationReport'
2024-07-21T15:49:56.230+02:00 TRACE 248560 --- [crud-springboot] [           main] o.s.b.a.condition.OnClassCondition       : Condition OnClassCondition on org.springframework.boot.autoconfigure.web.servlet.ServletWebServerFactoryConfiguration$EmbeddedUndertow did not match due to @ConditionalOnClass did not find required classes 'io.undertow.Undertow', 'org.xnio.SslClientAuthMode'
2024-07-21T15:49:56.230+02:00 TRACE 248560 --- [crud-springboot] [           main] o.s.b.f.s.DefaultListableBeanFactory     : Returning cached instance of singleton bean 'autoConfigurationReport'
2024-07-21T15:49:56.231+02:00 TRACE 248560 --- [crud-springboot] [           main] o.s.b.f.s.DefaultListableBeanFactory     : Returning cached instance of singleton bean 'autoConfigurationReport'
2024-07-21T15:49:56.231+02:00 TRACE 248560 --- [crud-springboot] [           main] o.s.b.f.s.DefaultListableBeanFactory     : Returning cached instance of singleton bean 'autoConfigurationReport'
2024-07-21T15:49:56.231+02:00 TRACE 248560 --- [crud-springboot] [           main] o.s.b.f.s.DefaultListableBeanFactory     : Returning cached instance of singleton bean 'autoConfigurationReport'
2024-07-21T15:49:56.231+02:00 TRACE 248560 --- [crud-springboot] [           main] o.s.b.f.s.DefaultListableBeanFactory     : Returning cached instance of singleton bean 'autoConfigurationReport'
2024-07-21T15:49:56.231+02:00 TRACE 248560 --- [crud-springboot] [           main] o.s.b.f.s.DefaultListableBeanFactory     : Returning cached instance of singleton bean 'autoConfigurationReport'
2024-07-21T15:49:56.231+02:00 TRACE 248560 --- [crud-springboot] [           main] o.s.b.f.s.DefaultListableBeanFactory     : Returning cached instance of singleton bean 'autoConfigurationReport'
2024-07-21T15:49:56.233+02:00 TRACE 248560 --- [crud-springboot] [           main] o.s.b.a.condition.OnClassCondition       : Condition OnClassCondition on org.springframework.boot.autoconfigure.web.servlet.DispatcherServletAutoConfiguration matched due to @ConditionalOnClass found required class 'org.springframework.web.servlet.DispatcherServlet'
2024-07-21T15:49:56.233+02:00 TRACE 248560 --- [crud-springboot] [           main] o.s.b.f.s.DefaultListableBeanFactory     : Returning cached instance of singleton bean 'autoConfigurationReport'
2024-07-21T15:49:56.234+02:00 TRACE 248560 --- [crud-springboot] [           main] o.s.b.a.c.OnWebApplicationCondition      : Condition OnWebApplicationCondition on org.springframework.boot.autoconfigure.web.servlet.DispatcherServletAutoConfiguration matched due to found 'session' scope
2024-07-21T15:49:56.234+02:00 TRACE 248560 --- [crud-springboot] [           main] o.s.b.f.s.DefaultListableBeanFactory     : Returning cached instance of singleton bean 'autoConfigurationReport'
2024-07-21T15:49:56.234+02:00 TRACE 248560 --- [crud-springboot] [           main] o.s.b.f.s.DefaultListableBeanFactory     : Returning cached instance of singleton bean 'autoConfigurationReport'
2024-07-21T15:49:56.234+02:00 TRACE 248560 --- [crud-springboot] [           main] o.s.b.f.s.DefaultListableBeanFactory     : Returning cached instance of singleton bean 'autoConfigurationReport'
2024-07-21T15:49:56.234+02:00 TRACE 248560 --- [crud-springboot] [           main] o.s.b.f.s.DefaultListableBeanFactory     : Returning cached instance of singleton bean 'autoConfigurationReport'
2024-07-21T15:49:56.239+02:00 TRACE 248560 --- [crud-springboot] [           main] o.s.b.a.condition.OnClassCondition       : Condition OnClassCondition on org.springframework.boot.autoconfigure.web.servlet.DispatcherServletAutoConfiguration$DispatcherServletRegistrationConfiguration matched due to @ConditionalOnClass found required class 'jakarta.servlet.ServletRegistration'
2024-07-21T15:49:56.239+02:00 TRACE 248560 --- [crud-springboot] [           main] o.s.b.f.s.DefaultListableBeanFactory     : Returning cached instance of singleton bean 'autoConfigurationReport'
2024-07-21T15:49:56.246+02:00 TRACE 248560 --- [crud-springboot] [           main] n$DispatcherServletRegistrationCondition : Condition DispatcherServletAutoConfiguration.DispatcherServletRegistrationCondition on org.springframework.boot.autoconfigure.web.servlet.DispatcherServletAutoConfiguration$DispatcherServletRegistrationConfiguration matched due to DispatcherServlet Registration did not find servlet registration bean
2024-07-21T15:49:56.247+02:00 TRACE 248560 --- [crud-springboot] [           main] o.s.b.f.s.DefaultListableBeanFactory     : Returning cached instance of singleton bean 'autoConfigurationReport'
2024-07-21T15:49:56.247+02:00 TRACE 248560 --- [crud-springboot] [           main] o.s.b.f.s.DefaultListableBeanFactory     : Returning cached instance of singleton bean 'autoConfigurationReport'
2024-07-21T15:49:56.247+02:00 TRACE 248560 --- [crud-springboot] [           main] o.s.b.f.s.DefaultListableBeanFactory     : Returning cached instance of singleton bean 'autoConfigurationReport'
2024-07-21T15:49:56.247+02:00 TRACE 248560 --- [crud-springboot] [           main] o.s.b.f.s.DefaultListableBeanFactory     : Returning cached instance of singleton bean 'autoConfigurationReport'
2024-07-21T15:49:56.250+02:00 TRACE 248560 --- [crud-springboot] [           main] o.s.b.a.condition.OnClassCondition       : Condition OnClassCondition on org.springframework.boot.autoconfigure.web.servlet.DispatcherServletAutoConfiguration$DispatcherServletConfiguration matched due to @ConditionalOnClass found required class 'jakarta.servlet.ServletRegistration'
2024-07-21T15:49:56.250+02:00 TRACE 248560 --- [crud-springboot] [           main] o.s.b.f.s.DefaultListableBeanFactory     : Returning cached instance of singleton bean 'autoConfigurationReport'
2024-07-21T15:49:56.251+02:00 TRACE 248560 --- [crud-springboot] [           main] ration$DefaultDispatcherServletCondition : Condition DispatcherServletAutoConfiguration.DefaultDispatcherServletCondition on org.springframework.boot.autoconfigure.web.servlet.DispatcherServletAutoConfiguration$DispatcherServletConfiguration matched due to Default DispatcherServlet did not find dispatcher servlet beans
2024-07-21T15:49:56.251+02:00 TRACE 248560 --- [crud-springboot] [           main] o.s.b.f.s.DefaultListableBeanFactory     : Returning cached instance of singleton bean 'autoConfigurationReport'
2024-07-21T15:49:56.251+02:00 TRACE 248560 --- [crud-springboot] [           main] o.s.b.f.s.DefaultListableBeanFactory     : Returning cached instance of singleton bean 'autoConfigurationReport'
2024-07-21T15:49:56.251+02:00 TRACE 248560 --- [crud-springboot] [           main] o.s.b.f.s.DefaultListableBeanFactory     : Returning cached instance of singleton bean 'autoConfigurationReport'
2024-07-21T15:49:56.251+02:00 TRACE 248560 --- [crud-springboot] [           main] o.s.b.f.s.DefaultListableBeanFactory     : Returning cached instance of singleton bean 'autoConfigurationReport'
2024-07-21T15:49:56.253+02:00 TRACE 248560 --- [crud-springboot] [           main] o.s.b.a.condition.OnClassCondition       : Condition OnClassCondition on org.springframework.boot.autoconfigure.web.servlet.DispatcherServletAutoConfiguration$DispatcherServletConfiguration matched due to @ConditionalOnClass found required class 'jakarta.servlet.ServletRegistration'
2024-07-21T15:49:56.253+02:00 TRACE 248560 --- [crud-springboot] [           main] o.s.b.f.s.DefaultListableBeanFactory     : Returning cached instance of singleton bean 'autoConfigurationReport'
2024-07-21T15:49:56.254+02:00 TRACE 248560 --- [crud-springboot] [           main] ration$DefaultDispatcherServletCondition : Condition DispatcherServletAutoConfiguration.DefaultDispatcherServletCondition on org.springframework.boot.autoconfigure.web.servlet.DispatcherServletAutoConfiguration$DispatcherServletConfiguration matched due to Default DispatcherServlet did not find dispatcher servlet beans
2024-07-21T15:49:56.254+02:00 TRACE 248560 --- [crud-springboot] [           main] o.s.b.f.s.DefaultListableBeanFactory     : Returning cached instance of singleton bean 'autoConfigurationReport'
2024-07-21T15:49:56.255+02:00 TRACE 248560 --- [crud-springboot] [           main] o.s.b.f.s.DefaultListableBeanFactory     : Returning cached instance of singleton bean 'autoConfigurationReport'
2024-07-21T15:49:56.255+02:00 TRACE 248560 --- [crud-springboot] [           main] o.s.b.f.s.DefaultListableBeanFactory     : Returning cached instance of singleton bean 'autoConfigurationReport'
2024-07-21T15:49:56.255+02:00 TRACE 248560 --- [crud-springboot] [           main] o.s.b.f.s.DefaultListableBeanFactory     : Returning cached instance of singleton bean 'autoConfigurationReport'
2024-07-21T15:49:56.255+02:00 TRACE 248560 --- [crud-springboot] [           main] o.s.b.f.s.DefaultListableBeanFactory     : Returning cached instance of singleton bean 'autoConfigurationReport'
2024-07-21T15:49:56.255+02:00 TRACE 248560 --- [crud-springboot] [           main] o.s.b.f.s.DefaultListableBeanFactory     : Returning cached instance of singleton bean 'autoConfigurationReport'
2024-07-21T15:49:56.255+02:00 TRACE 248560 --- [crud-springboot] [           main] o.s.b.f.s.DefaultListableBeanFactory     : Returning cached instance of singleton bean 'autoConfigurationReport'
2024-07-21T15:49:56.257+02:00 TRACE 248560 --- [crud-springboot] [           main] o.s.b.a.condition.OnClassCondition       : Condition OnClassCondition on org.springframework.boot.autoconfigure.task.TaskExecutionAutoConfiguration matched due to @ConditionalOnClass found required class 'org.springframework.scheduling.concurrent.ThreadPoolTaskExecutor'
2024-07-21T15:49:56.257+02:00 TRACE 248560 --- [crud-springboot] [           main] o.s.b.f.s.DefaultListableBeanFactory     : Returning cached instance of singleton bean 'autoConfigurationReport'
2024-07-21T15:49:56.257+02:00 TRACE 248560 --- [crud-springboot] [           main] o.s.b.f.s.DefaultListableBeanFactory     : Returning cached instance of singleton bean 'autoConfigurationReport'
2024-07-21T15:49:56.257+02:00 TRACE 248560 --- [crud-springboot] [           main] o.s.b.f.s.DefaultListableBeanFactory     : Returning cached instance of singleton bean 'autoConfigurationReport'
2024-07-21T15:49:56.257+02:00 TRACE 248560 --- [crud-springboot] [           main] o.s.b.f.s.DefaultListableBeanFactory     : Returning cached instance of singleton bean 'autoConfigurationReport'
2024-07-21T15:49:56.265+02:00 TRACE 248560 --- [crud-springboot] [           main] o.s.b.f.s.DefaultListableBeanFactory     : Returning cached instance of singleton bean 'autoConfigurationReport'
2024-07-21T15:49:56.266+02:00 TRACE 248560 --- [crud-springboot] [           main] o.s.b.f.s.DefaultListableBeanFactory     : Returning cached instance of singleton bean 'autoConfigurationReport'
2024-07-21T15:49:56.266+02:00 TRACE 248560 --- [crud-springboot] [           main] o.s.b.f.s.DefaultListableBeanFactory     : Returning cached instance of singleton bean 'autoConfigurationReport'
2024-07-21T15:49:56.267+02:00 TRACE 248560 --- [crud-springboot] [           main] o.s.b.f.s.DefaultListableBeanFactory     : Returning cached instance of singleton bean 'autoConfigurationReport'
2024-07-21T15:49:56.267+02:00 TRACE 248560 --- [crud-springboot] [           main] o.s.b.f.s.DefaultListableBeanFactory     : Returning cached instance of singleton bean 'autoConfigurationReport'
2024-07-21T15:49:56.267+02:00 TRACE 248560 --- [crud-springboot] [           main] o.s.b.f.s.DefaultListableBeanFactory     : Returning cached instance of singleton bean 'autoConfigurationReport'
2024-07-21T15:49:56.268+02:00 TRACE 248560 --- [crud-springboot] [           main] o.s.b.f.s.DefaultListableBeanFactory     : Returning cached instance of singleton bean 'autoConfigurationReport'
2024-07-21T15:49:56.268+02:00 TRACE 248560 --- [crud-springboot] [           main] o.s.b.f.s.DefaultListableBeanFactory     : Returning cached instance of singleton bean 'autoConfigurationReport'
2024-07-21T15:49:56.268+02:00 TRACE 248560 --- [crud-springboot] [           main] o.s.b.f.s.DefaultListableBeanFactory     : Returning cached instance of singleton bean 'autoConfigurationReport'
2024-07-21T15:49:56.269+02:00 TRACE 248560 --- [crud-springboot] [           main] o.s.b.f.s.DefaultListableBeanFactory     : Returning cached instance of singleton bean 'autoConfigurationReport'
2024-07-21T15:49:56.269+02:00 TRACE 248560 --- [crud-springboot] [           main] o.s.b.f.s.DefaultListableBeanFactory     : Returning cached instance of singleton bean 'autoConfigurationReport'
2024-07-21T15:49:56.269+02:00 TRACE 248560 --- [crud-springboot] [           main] o.s.b.f.s.DefaultListableBeanFactory     : Returning cached instance of singleton bean 'autoConfigurationReport'
2024-07-21T15:49:56.270+02:00 TRACE 248560 --- [crud-springboot] [           main] o.s.b.f.s.DefaultListableBeanFactory     : Returning cached instance of singleton bean 'autoConfigurationReport'
2024-07-21T15:49:56.270+02:00 TRACE 248560 --- [crud-springboot] [           main] o.s.b.f.s.DefaultListableBeanFactory     : Returning cached instance of singleton bean 'autoConfigurationReport'
2024-07-21T15:49:56.270+02:00 TRACE 248560 --- [crud-springboot] [           main] o.s.b.f.s.DefaultListableBeanFactory     : Returning cached instance of singleton bean 'autoConfigurationReport'
2024-07-21T15:49:56.271+02:00 TRACE 248560 --- [crud-springboot] [           main] o.s.b.f.s.DefaultListableBeanFactory     : Returning cached instance of singleton bean 'autoConfigurationReport'
2024-07-21T15:49:56.271+02:00 TRACE 248560 --- [crud-springboot] [           main] o.s.b.f.s.DefaultListableBeanFactory     : Returning cached instance of singleton bean 'autoConfigurationReport'
2024-07-21T15:49:56.271+02:00 TRACE 248560 --- [crud-springboot] [           main] o.s.b.f.s.DefaultListableBeanFactory     : Returning cached instance of singleton bean 'autoConfigurationReport'
2024-07-21T15:49:56.273+02:00 TRACE 248560 --- [crud-springboot] [           main] o.s.b.a.condition.OnClassCondition       : Condition OnClassCondition on org.springframework.boot.autoconfigure.web.servlet.error.ErrorMvcAutoConfiguration matched due to @ConditionalOnClass found required classes 'jakarta.servlet.Servlet', 'org.springframework.web.servlet.DispatcherServlet'
2024-07-21T15:49:56.273+02:00 TRACE 248560 --- [crud-springboot] [           main] o.s.b.f.s.DefaultListableBeanFactory     : Returning cached instance of singleton bean 'autoConfigurationReport'
2024-07-21T15:49:56.273+02:00 TRACE 248560 --- [crud-springboot] [           main] o.s.b.a.c.OnWebApplicationCondition      : Condition OnWebApplicationCondition on org.springframework.boot.autoconfigure.web.servlet.error.ErrorMvcAutoConfiguration matched due to found 'session' scope
2024-07-21T15:49:56.273+02:00 TRACE 248560 --- [crud-springboot] [           main] o.s.b.f.s.DefaultListableBeanFactory     : Returning cached instance of singleton bean 'autoConfigurationReport'
2024-07-21T15:49:56.273+02:00 TRACE 248560 --- [crud-springboot] [           main] o.s.b.f.s.DefaultListableBeanFactory     : Returning cached instance of singleton bean 'autoConfigurationReport'
2024-07-21T15:49:56.273+02:00 TRACE 248560 --- [crud-springboot] [           main] o.s.b.f.s.DefaultListableBeanFactory     : Returning cached instance of singleton bean 'autoConfigurationReport'
2024-07-21T15:49:56.273+02:00 TRACE 248560 --- [crud-springboot] [           main] o.s.b.f.s.DefaultListableBeanFactory     : Returning cached instance of singleton bean 'autoConfigurationReport'
2024-07-21T15:49:56.280+02:00 TRACE 248560 --- [crud-springboot] [           main] o.s.b.a.condition.OnPropertyCondition    : Condition OnPropertyCondition on org.springframework.boot.autoconfigure.web.servlet.error.ErrorMvcAutoConfiguration$WhitelabelErrorViewConfiguration matched due to @ConditionalOnProperty (server.error.whitelabel.enabled) matched
2024-07-21T15:49:56.280+02:00 TRACE 248560 --- [crud-springboot] [           main] o.s.b.f.s.DefaultListableBeanFactory     : Returning cached instance of singleton bean 'autoConfigurationReport'
2024-07-21T15:49:56.284+02:00 TRACE 248560 --- [crud-springboot] [           main] o.s.c.io.support.SpringFactoriesLoader   : Loaded [org.springframework.boot.autoconfigure.template.TemplateAvailabilityProvider] names: [org.springframework.boot.autoconfigure.freemarker.FreeMarkerTemplateAvailabilityProvider, org.springframework.boot.autoconfigure.mustache.MustacheTemplateAvailabilityProvider, org.springframework.boot.autoconfigure.groovy.template.GroovyTemplateAvailabilityProvider, org.springframework.boot.autoconfigure.thymeleaf.ThymeleafTemplateAvailabilityProvider, org.springframework.boot.autoconfigure.web.servlet.JspTemplateAvailabilityProvider]
2024-07-21T15:49:56.290+02:00 TRACE 248560 --- [crud-springboot] [           main] figuration$ErrorTemplateMissingCondition : Condition ErrorMvcAutoConfiguration.ErrorTemplateMissingCondition on org.springframework.boot.autoconfigure.web.servlet.error.ErrorMvcAutoConfiguration$WhitelabelErrorViewConfiguration matched due to ErrorTemplate Missing did not find error template view
2024-07-21T15:49:56.290+02:00 TRACE 248560 --- [crud-springboot] [           main] o.s.b.f.s.DefaultListableBeanFactory     : Returning cached instance of singleton bean 'autoConfigurationReport'
2024-07-21T15:49:56.290+02:00 TRACE 248560 --- [crud-springboot] [           main] o.s.b.f.s.DefaultListableBeanFactory     : Returning cached instance of singleton bean 'autoConfigurationReport'
2024-07-21T15:49:56.290+02:00 TRACE 248560 --- [crud-springboot] [           main] o.s.b.f.s.DefaultListableBeanFactory     : Returning cached instance of singleton bean 'autoConfigurationReport'
2024-07-21T15:49:56.290+02:00 TRACE 248560 --- [crud-springboot] [           main] o.s.b.f.s.DefaultListableBeanFactory     : Returning cached instance of singleton bean 'autoConfigurationReport'
2024-07-21T15:49:56.292+02:00 TRACE 248560 --- [crud-springboot] [           main] o.s.b.f.s.DefaultListableBeanFactory     : Returning cached instance of singleton bean 'autoConfigurationReport'
2024-07-21T15:49:56.292+02:00 TRACE 248560 --- [crud-springboot] [           main] o.s.b.f.s.DefaultListableBeanFactory     : Returning cached instance of singleton bean 'autoConfigurationReport'
2024-07-21T15:49:56.292+02:00 TRACE 248560 --- [crud-springboot] [           main] o.s.b.f.s.DefaultListableBeanFactory     : Returning cached instance of singleton bean 'autoConfigurationReport'
2024-07-21T15:49:56.294+02:00 TRACE 248560 --- [crud-springboot] [           main] o.s.b.f.s.DefaultListableBeanFactory     : Returning cached instance of singleton bean 'autoConfigurationReport'
2024-07-21T15:49:56.294+02:00 TRACE 248560 --- [crud-springboot] [           main] o.s.b.f.s.DefaultListableBeanFactory     : Returning cached instance of singleton bean 'autoConfigurationReport'
2024-07-21T15:49:56.295+02:00 TRACE 248560 --- [crud-springboot] [           main] o.s.b.f.s.DefaultListableBeanFactory     : Returning cached instance of singleton bean 'autoConfigurationReport'
2024-07-21T15:49:56.295+02:00 TRACE 248560 --- [crud-springboot] [           main] o.s.b.f.s.DefaultListableBeanFactory     : Returning cached instance of singleton bean 'autoConfigurationReport'
2024-07-21T15:49:56.295+02:00 TRACE 248560 --- [crud-springboot] [           main] o.s.b.f.s.DefaultListableBeanFactory     : Returning cached instance of singleton bean 'autoConfigurationReport'
2024-07-21T15:49:56.295+02:00 TRACE 248560 --- [crud-springboot] [           main] o.s.b.f.s.DefaultListableBeanFactory     : Returning cached instance of singleton bean 'autoConfigurationReport'
2024-07-21T15:49:56.297+02:00 TRACE 248560 --- [crud-springboot] [           main] o.s.b.a.condition.OnClassCondition       : Condition OnClassCondition on org.springframework.boot.autoconfigure.web.servlet.WebMvcAutoConfiguration matched due to @ConditionalOnClass found required classes 'jakarta.servlet.Servlet', 'org.springframework.web.servlet.DispatcherServlet', 'org.springframework.web.servlet.config.annotation.WebMvcConfigurer'
2024-07-21T15:49:56.297+02:00 TRACE 248560 --- [crud-springboot] [           main] o.s.b.f.s.DefaultListableBeanFactory     : Returning cached instance of singleton bean 'autoConfigurationReport'
2024-07-21T15:49:56.297+02:00 TRACE 248560 --- [crud-springboot] [           main] o.s.b.a.c.OnWebApplicationCondition      : Condition OnWebApplicationCondition on org.springframework.boot.autoconfigure.web.servlet.WebMvcAutoConfiguration matched due to found 'session' scope
2024-07-21T15:49:56.297+02:00 TRACE 248560 --- [crud-springboot] [           main] o.s.b.f.s.DefaultListableBeanFactory     : Returning cached instance of singleton bean 'autoConfigurationReport'
2024-07-21T15:49:56.297+02:00 TRACE 248560 --- [crud-springboot] [           main] o.s.b.f.s.DefaultListableBeanFactory     : Returning cached instance of singleton bean 'autoConfigurationReport'
2024-07-21T15:49:56.297+02:00 TRACE 248560 --- [crud-springboot] [           main] o.s.b.f.s.DefaultListableBeanFactory     : Returning cached instance of singleton bean 'autoConfigurationReport'
2024-07-21T15:49:56.297+02:00 TRACE 248560 --- [crud-springboot] [           main] o.s.b.f.s.DefaultListableBeanFactory     : Returning cached instance of singleton bean 'autoConfigurationReport'
2024-07-21T15:49:56.304+02:00 TRACE 248560 --- [crud-springboot] [           main] o.s.b.f.s.DefaultListableBeanFactory     : Returning cached instance of singleton bean 'autoConfigurationReport'
2024-07-21T15:49:56.305+02:00 TRACE 248560 --- [crud-springboot] [           main] o.s.b.f.s.DefaultListableBeanFactory     : Returning cached instance of singleton bean 'autoConfigurationReport'
2024-07-21T15:49:56.305+02:00 TRACE 248560 --- [crud-springboot] [           main] o.s.b.f.s.DefaultListableBeanFactory     : Returning cached instance of singleton bean 'autoConfigurationReport'
2024-07-21T15:49:56.308+02:00 TRACE 248560 --- [crud-springboot] [           main] o.s.b.f.s.DefaultListableBeanFactory     : Returning cached instance of singleton bean 'autoConfigurationReport'
2024-07-21T15:49:56.308+02:00 TRACE 248560 --- [crud-springboot] [           main] o.s.b.f.s.DefaultListableBeanFactory     : Returning cached instance of singleton bean 'autoConfigurationReport'
2024-07-21T15:49:56.308+02:00 TRACE 248560 --- [crud-springboot] [           main] o.s.b.f.s.DefaultListableBeanFactory     : Returning cached instance of singleton bean 'autoConfigurationReport'
2024-07-21T15:49:56.312+02:00 TRACE 248560 --- [crud-springboot] [           main] o.s.b.a.condition.OnPropertyCondition    : Condition OnPropertyCondition on org.springframework.boot.autoconfigure.web.servlet.WebMvcAutoConfiguration$ProblemDetailsErrorHandlingConfiguration did not match due to @ConditionalOnProperty (spring.mvc.problemdetails.enabled=true) did not find property 'enabled'
2024-07-21T15:49:56.313+02:00 TRACE 248560 --- [crud-springboot] [           main] o.s.b.f.s.DefaultListableBeanFactory     : Returning cached instance of singleton bean 'autoConfigurationReport'
2024-07-21T15:49:56.317+02:00 TRACE 248560 --- [crud-springboot] [           main] .s.b.a.w.OnEnabledResourceChainCondition : Condition OnEnabledResourceChainCondition on org.springframework.boot.autoconfigure.web.servlet.WebMvcAutoConfiguration$ResourceChainCustomizerConfiguration did not match due to @ConditionalOnEnabledResourceChain did not find class org.webjars.WebJarAssetLocator
2024-07-21T15:49:56.317+02:00 TRACE 248560 --- [crud-springboot] [           main] o.s.b.f.s.DefaultListableBeanFactory     : Returning cached instance of singleton bean 'autoConfigurationReport'
2024-07-21T15:49:56.319+02:00 TRACE 248560 --- [crud-springboot] [           main] o.s.b.f.s.DefaultListableBeanFactory     : Returning cached instance of singleton bean 'autoConfigurationReport'
2024-07-21T15:49:56.320+02:00 TRACE 248560 --- [crud-springboot] [           main] o.s.b.f.s.DefaultListableBeanFactory     : Returning cached instance of singleton bean 'autoConfigurationReport'
2024-07-21T15:49:56.320+02:00 TRACE 248560 --- [crud-springboot] [           main] o.s.b.f.s.DefaultListableBeanFactory     : Returning cached instance of singleton bean 'autoConfigurationReport'
2024-07-21T15:49:56.320+02:00 TRACE 248560 --- [crud-springboot] [           main] o.s.b.f.s.DefaultListableBeanFactory     : Returning cached instance of singleton bean 'autoConfigurationReport'
2024-07-21T15:49:56.320+02:00 TRACE 248560 --- [crud-springboot] [           main] o.s.b.f.s.DefaultListableBeanFactory     : Returning cached instance of singleton bean 'autoConfigurationReport'
2024-07-21T15:49:56.321+02:00 TRACE 248560 --- [crud-springboot] [           main] o.s.b.f.s.DefaultListableBeanFactory     : Returning cached instance of singleton bean 'autoConfigurationReport'
2024-07-21T15:49:56.322+02:00 TRACE 248560 --- [crud-springboot] [           main] o.s.b.a.condition.OnClassCondition       : Condition OnClassCondition on org.springframework.boot.autoconfigure.jmx.JmxAutoConfiguration matched due to @ConditionalOnClass found required class 'org.springframework.jmx.export.MBeanExporter'
2024-07-21T15:49:56.323+02:00 TRACE 248560 --- [crud-springboot] [           main] o.s.b.f.s.DefaultListableBeanFactory     : Returning cached instance of singleton bean 'autoConfigurationReport'
2024-07-21T15:49:56.323+02:00 TRACE 248560 --- [crud-springboot] [           main] o.s.b.a.condition.OnPropertyCondition    : Condition OnPropertyCondition on org.springframework.boot.autoconfigure.jmx.JmxAutoConfiguration did not match due to @ConditionalOnProperty (spring.jmx.enabled=true) found different value in property 'enabled'
2024-07-21T15:49:56.324+02:00 TRACE 248560 --- [crud-springboot] [           main] o.s.b.f.s.DefaultListableBeanFactory     : Returning cached instance of singleton bean 'autoConfigurationReport'
2024-07-21T15:49:56.324+02:00 TRACE 248560 --- [crud-springboot] [           main] o.s.b.f.s.DefaultListableBeanFactory     : Returning cached instance of singleton bean 'autoConfigurationReport'
2024-07-21T15:49:56.324+02:00 TRACE 248560 --- [crud-springboot] [           main] o.s.b.f.s.DefaultListableBeanFactory     : Returning cached instance of singleton bean 'autoConfigurationReport'
2024-07-21T15:49:56.324+02:00 TRACE 248560 --- [crud-springboot] [           main] o.s.b.f.s.DefaultListableBeanFactory     : Returning cached instance of singleton bean 'autoConfigurationReport'
2024-07-21T15:49:56.324+02:00 TRACE 248560 --- [crud-springboot] [           main] o.s.b.f.s.DefaultListableBeanFactory     : Returning cached instance of singleton bean 'autoConfigurationReport'
2024-07-21T15:49:56.324+02:00 TRACE 248560 --- [crud-springboot] [           main] o.s.b.f.s.DefaultListableBeanFactory     : Returning cached instance of singleton bean 'autoConfigurationReport'
2024-07-21T15:49:56.324+02:00 TRACE 248560 --- [crud-springboot] [           main] o.s.b.f.s.DefaultListableBeanFactory     : Returning cached instance of singleton bean 'autoConfigurationReport'
2024-07-21T15:49:56.326+02:00 TRACE 248560 --- [crud-springboot] [           main] o.s.b.a.condition.OnPropertyCondition    : Condition OnPropertyCondition on org.springframework.boot.autoconfigure.admin.SpringApplicationAdminJmxAutoConfiguration did not match due to @ConditionalOnProperty (spring.application.admin.enabled=true) did not find property 'enabled'
2024-07-21T15:49:56.326+02:00 TRACE 248560 --- [crud-springboot] [           main] o.s.b.f.s.DefaultListableBeanFactory     : Returning cached instance of singleton bean 'autoConfigurationReport'
2024-07-21T15:49:56.327+02:00 TRACE 248560 --- [crud-springboot] [           main] o.s.b.f.s.DefaultListableBeanFactory     : Returning cached instance of singleton bean 'autoConfigurationReport'
2024-07-21T15:49:56.327+02:00 TRACE 248560 --- [crud-springboot] [           main] o.s.b.f.s.DefaultListableBeanFactory     : Returning cached instance of singleton bean 'autoConfigurationReport'
2024-07-21T15:49:56.327+02:00 TRACE 248560 --- [crud-springboot] [           main] o.s.b.f.s.DefaultListableBeanFactory     : Returning cached instance of singleton bean 'autoConfigurationReport'
2024-07-21T15:49:56.327+02:00 TRACE 248560 --- [crud-springboot] [           main] o.s.b.f.s.DefaultListableBeanFactory     : Returning cached instance of singleton bean 'autoConfigurationReport'
2024-07-21T15:49:56.327+02:00 TRACE 248560 --- [crud-springboot] [           main] o.s.b.f.s.DefaultListableBeanFactory     : Returning cached instance of singleton bean 'autoConfigurationReport'
2024-07-21T15:49:56.327+02:00 TRACE 248560 --- [crud-springboot] [           main] o.s.b.f.s.DefaultListableBeanFactory     : Returning cached instance of singleton bean 'autoConfigurationReport'
2024-07-21T15:49:56.329+02:00 TRACE 248560 --- [crud-springboot] [           main] o.s.b.a.condition.OnPropertyCondition    : Condition OnPropertyCondition on org.springframework.boot.autoconfigure.aop.AopAutoConfiguration matched due to @ConditionalOnProperty (spring.aop.auto=true) matched
2024-07-21T15:49:56.329+02:00 TRACE 248560 --- [crud-springboot] [           main] o.s.b.f.s.DefaultListableBeanFactory     : Returning cached instance of singleton bean 'autoConfigurationReport'
2024-07-21T15:49:56.329+02:00 TRACE 248560 --- [crud-springboot] [           main] o.s.b.f.s.DefaultListableBeanFactory     : Returning cached instance of singleton bean 'autoConfigurationReport'
2024-07-21T15:49:56.330+02:00 TRACE 248560 --- [crud-springboot] [           main] o.s.b.f.s.DefaultListableBeanFactory     : Returning cached instance of singleton bean 'autoConfigurationReport'
2024-07-21T15:49:56.330+02:00 TRACE 248560 --- [crud-springboot] [           main] o.s.b.f.s.DefaultListableBeanFactory     : Returning cached instance of singleton bean 'autoConfigurationReport'
2024-07-21T15:49:56.337+02:00 TRACE 248560 --- [crud-springboot] [           main] o.s.b.a.condition.OnClassCondition       : Condition OnClassCondition on org.springframework.boot.autoconfigure.aop.AopAutoConfiguration$ClassProxyingConfiguration did not match due to @ConditionalOnMissingClass found unwanted class 'org.aspectj.weaver.Advice'
2024-07-21T15:49:56.337+02:00 TRACE 248560 --- [crud-springboot] [           main] o.s.b.f.s.DefaultListableBeanFactory     : Returning cached instance of singleton bean 'autoConfigurationReport'
2024-07-21T15:49:56.338+02:00 TRACE 248560 --- [crud-springboot] [           main] o.s.b.a.condition.OnClassCondition       : Condition OnClassCondition on org.springframework.boot.autoconfigure.aop.AopAutoConfiguration$AspectJAutoProxyingConfiguration matched due to @ConditionalOnClass found required class 'org.aspectj.weaver.Advice'
2024-07-21T15:49:56.338+02:00 TRACE 248560 --- [crud-springboot] [           main] o.s.b.f.s.DefaultListableBeanFactory     : Returning cached instance of singleton bean 'autoConfigurationReport'
2024-07-21T15:49:56.338+02:00 TRACE 248560 --- [crud-springboot] [           main] o.s.b.f.s.DefaultListableBeanFactory     : Returning cached instance of singleton bean 'autoConfigurationReport'
2024-07-21T15:49:56.338+02:00 TRACE 248560 --- [crud-springboot] [           main] o.s.b.f.s.DefaultListableBeanFactory     : Returning cached instance of singleton bean 'autoConfigurationReport'
2024-07-21T15:49:56.338+02:00 TRACE 248560 --- [crud-springboot] [           main] o.s.b.f.s.DefaultListableBeanFactory     : Returning cached instance of singleton bean 'autoConfigurationReport'
2024-07-21T15:49:56.341+02:00 TRACE 248560 --- [crud-springboot] [           main] o.s.b.a.condition.OnPropertyCondition    : Condition OnPropertyCondition on org.springframework.boot.autoconfigure.aop.AopAutoConfiguration$AspectJAutoProxyingConfiguration$CglibAutoProxyConfiguration matched due to @ConditionalOnProperty (spring.aop.proxy-target-class=true) matched
2024-07-21T15:49:56.342+02:00 TRACE 248560 --- [crud-springboot] [           main] o.s.b.f.s.DefaultListableBeanFactory     : Returning cached instance of singleton bean 'autoConfigurationReport'
2024-07-21T15:49:56.342+02:00 TRACE 248560 --- [crud-springboot] [           main] o.s.b.f.s.DefaultListableBeanFactory     : Returning cached instance of singleton bean 'autoConfigurationReport'
2024-07-21T15:49:56.342+02:00 TRACE 248560 --- [crud-springboot] [           main] o.s.b.f.s.DefaultListableBeanFactory     : Returning cached instance of singleton bean 'autoConfigurationReport'
2024-07-21T15:49:56.342+02:00 TRACE 248560 --- [crud-springboot] [           main] o.s.b.f.s.DefaultListableBeanFactory     : Returning cached instance of singleton bean 'autoConfigurationReport'
2024-07-21T15:49:56.345+02:00 TRACE 248560 --- [crud-springboot] [           main] o.s.b.a.condition.OnPropertyCondition    : Condition OnPropertyCondition on org.springframework.boot.autoconfigure.aop.AopAutoConfiguration$AspectJAutoProxyingConfiguration$JdkDynamicAutoProxyConfiguration did not match due to @ConditionalOnProperty (spring.aop.proxy-target-class=false) did not find property 'proxy-target-class'
2024-07-21T15:49:56.345+02:00 TRACE 248560 --- [crud-springboot] [           main] o.s.b.f.s.DefaultListableBeanFactory     : Returning cached instance of singleton bean 'autoConfigurationReport'
2024-07-21T15:49:56.346+02:00 TRACE 248560 --- [crud-springboot] [           main] o.s.b.f.s.DefaultListableBeanFactory     : Returning cached instance of singleton bean 'autoConfigurationReport'
2024-07-21T15:49:56.347+02:00 TRACE 248560 --- [crud-springboot] [           main] o.s.b.f.s.DefaultListableBeanFactory     : Returning cached instance of singleton bean 'autoConfigurationReport'
2024-07-21T15:49:56.347+02:00 TRACE 248560 --- [crud-springboot] [           main] o.s.b.f.s.DefaultListableBeanFactory     : Returning cached instance of singleton bean 'autoConfigurationReport'
2024-07-21T15:49:56.347+02:00 TRACE 248560 --- [crud-springboot] [           main] o.s.b.f.s.DefaultListableBeanFactory     : Returning cached instance of singleton bean 'autoConfigurationReport'
2024-07-21T15:49:56.347+02:00 TRACE 248560 --- [crud-springboot] [           main] o.s.b.f.s.DefaultListableBeanFactory     : Returning cached instance of singleton bean 'autoConfigurationReport'
2024-07-21T15:49:56.347+02:00 TRACE 248560 --- [crud-springboot] [           main] o.s.b.f.s.DefaultListableBeanFactory     : Returning cached instance of singleton bean 'autoConfigurationReport'
2024-07-21T15:49:56.349+02:00 TRACE 248560 --- [crud-springboot] [           main] o.s.b.f.s.DefaultListableBeanFactory     : Returning cached instance of singleton bean 'autoConfigurationReport'
2024-07-21T15:49:56.349+02:00 TRACE 248560 --- [crud-springboot] [           main] o.s.b.f.s.DefaultListableBeanFactory     : Returning cached instance of singleton bean 'autoConfigurationReport'
2024-07-21T15:49:56.349+02:00 TRACE 248560 --- [crud-springboot] [           main] o.s.b.f.s.DefaultListableBeanFactory     : Returning cached instance of singleton bean 'autoConfigurationReport'
2024-07-21T15:49:56.350+02:00 TRACE 248560 --- [crud-springboot] [           main] o.s.b.f.s.DefaultListableBeanFactory     : Returning cached instance of singleton bean 'autoConfigurationReport'
2024-07-21T15:49:56.350+02:00 TRACE 248560 --- [crud-springboot] [           main] o.s.b.f.s.DefaultListableBeanFactory     : Returning cached instance of singleton bean 'autoConfigurationReport'
2024-07-21T15:49:56.350+02:00 TRACE 248560 --- [crud-springboot] [           main] o.s.b.f.s.DefaultListableBeanFactory     : Returning cached instance of singleton bean 'autoConfigurationReport'
2024-07-21T15:49:56.350+02:00 TRACE 248560 --- [crud-springboot] [           main] o.s.b.f.s.DefaultListableBeanFactory     : Returning cached instance of singleton bean 'autoConfigurationReport'
2024-07-21T15:49:56.350+02:00 TRACE 248560 --- [crud-springboot] [           main] o.s.b.f.s.DefaultListableBeanFactory     : Returning cached instance of singleton bean 'autoConfigurationReport'
2024-07-21T15:49:56.351+02:00 TRACE 248560 --- [crud-springboot] [           main] o.s.b.f.s.DefaultListableBeanFactory     : Returning cached instance of singleton bean 'autoConfigurationReport'
2024-07-21T15:49:56.353+02:00 TRACE 248560 --- [crud-springboot] [           main] o.s.b.a.condition.OnClassCondition       : Condition OnClassCondition on org.springframework.boot.autoconfigure.jdbc.JndiDataSourceAutoConfiguration matched due to @ConditionalOnClass found required classes 'javax.sql.DataSource', 'org.springframework.jdbc.datasource.embedded.EmbeddedDatabaseType'
2024-07-21T15:49:56.353+02:00 TRACE 248560 --- [crud-springboot] [           main] o.s.b.f.s.DefaultListableBeanFactory     : Returning cached instance of singleton bean 'autoConfigurationReport'
2024-07-21T15:49:56.354+02:00 TRACE 248560 --- [crud-springboot] [           main] o.s.b.a.condition.OnPropertyCondition    : Condition OnPropertyCondition on org.springframework.boot.autoconfigure.jdbc.JndiDataSourceAutoConfiguration did not match due to @ConditionalOnProperty (spring.datasource.jndi-name) did not find property 'jndi-name'
2024-07-21T15:49:56.354+02:00 TRACE 248560 --- [crud-springboot] [           main] o.s.b.f.s.DefaultListableBeanFactory     : Returning cached instance of singleton bean 'autoConfigurationReport'
2024-07-21T15:49:56.354+02:00 TRACE 248560 --- [crud-springboot] [           main] o.s.b.f.s.DefaultListableBeanFactory     : Returning cached instance of singleton bean 'autoConfigurationReport'
2024-07-21T15:49:56.354+02:00 TRACE 248560 --- [crud-springboot] [           main] o.s.b.f.s.DefaultListableBeanFactory     : Returning cached instance of singleton bean 'autoConfigurationReport'
2024-07-21T15:49:56.354+02:00 TRACE 248560 --- [crud-springboot] [           main] o.s.b.f.s.DefaultListableBeanFactory     : Returning cached instance of singleton bean 'autoConfigurationReport'
2024-07-21T15:49:56.355+02:00 TRACE 248560 --- [crud-springboot] [           main] o.s.b.f.s.DefaultListableBeanFactory     : Returning cached instance of singleton bean 'autoConfigurationReport'
2024-07-21T15:49:56.355+02:00 TRACE 248560 --- [crud-springboot] [           main] o.s.b.f.s.DefaultListableBeanFactory     : Returning cached instance of singleton bean 'autoConfigurationReport'
2024-07-21T15:49:56.355+02:00 TRACE 248560 --- [crud-springboot] [           main] o.s.b.f.s.DefaultListableBeanFactory     : Returning cached instance of singleton bean 'autoConfigurationReport'
2024-07-21T15:49:56.357+02:00 TRACE 248560 --- [crud-springboot] [           main] o.s.b.a.condition.OnClassCondition       : Condition OnClassCondition on org.springframework.boot.autoconfigure.transaction.jta.JtaAutoConfiguration matched due to @ConditionalOnClass found required class 'jakarta.transaction.Transaction'
2024-07-21T15:49:56.357+02:00 TRACE 248560 --- [crud-springboot] [           main] o.s.b.f.s.DefaultListableBeanFactory     : Returning cached instance of singleton bean 'autoConfigurationReport'
2024-07-21T15:49:56.357+02:00 TRACE 248560 --- [crud-springboot] [           main] o.s.b.a.condition.OnPropertyCondition    : Condition OnPropertyCondition on org.springframework.boot.autoconfigure.transaction.jta.JtaAutoConfiguration matched due to @ConditionalOnProperty (spring.jta.enabled) matched
2024-07-21T15:49:56.358+02:00 TRACE 248560 --- [crud-springboot] [           main] o.s.b.f.s.DefaultListableBeanFactory     : Returning cached instance of singleton bean 'autoConfigurationReport'
2024-07-21T15:49:56.358+02:00 TRACE 248560 --- [crud-springboot] [           main] o.s.b.f.s.DefaultListableBeanFactory     : Returning cached instance of singleton bean 'autoConfigurationReport'
2024-07-21T15:49:56.358+02:00 TRACE 248560 --- [crud-springboot] [           main] o.s.b.f.s.DefaultListableBeanFactory     : Returning cached instance of singleton bean 'autoConfigurationReport'
2024-07-21T15:49:56.358+02:00 TRACE 248560 --- [crud-springboot] [           main] o.s.b.f.s.DefaultListableBeanFactory     : Returning cached instance of singleton bean 'autoConfigurationReport'
2024-07-21T15:49:56.367+02:00 TRACE 248560 --- [crud-springboot] [           main] o.s.b.a.condition.OnClassCondition       : Condition OnClassCondition on org.springframework.boot.autoconfigure.transaction.jta.JndiJtaConfiguration matched due to @ConditionalOnClass found required class 'org.springframework.transaction.jta.JtaTransactionManager'
2024-07-21T15:49:56.367+02:00 TRACE 248560 --- [crud-springboot] [           main] o.s.b.f.s.DefaultListableBeanFactory     : Returning cached instance of singleton bean 'autoConfigurationReport'
2024-07-21T15:49:56.368+02:00 TRACE 248560 --- [crud-springboot] [           main] o.s.b.a.condition.OnJndiCondition        : Condition OnJndiCondition on org.springframework.boot.autoconfigure.transaction.jta.JndiJtaConfiguration did not match due to @ConditionalOnJndi JNDI environment is not available
2024-07-21T15:49:56.368+02:00 TRACE 248560 --- [crud-springboot] [           main] o.s.b.f.s.DefaultListableBeanFactory     : Returning cached instance of singleton bean 'autoConfigurationReport'
2024-07-21T15:49:56.368+02:00 TRACE 248560 --- [crud-springboot] [           main] o.s.b.f.s.DefaultListableBeanFactory     : Returning cached instance of singleton bean 'autoConfigurationReport'
2024-07-21T15:49:56.368+02:00 TRACE 248560 --- [crud-springboot] [           main] o.s.b.f.s.DefaultListableBeanFactory     : Returning cached instance of singleton bean 'autoConfigurationReport'
2024-07-21T15:49:56.368+02:00 TRACE 248560 --- [crud-springboot] [           main] o.s.b.f.s.DefaultListableBeanFactory     : Returning cached instance of singleton bean 'autoConfigurationReport'
2024-07-21T15:49:56.368+02:00 TRACE 248560 --- [crud-springboot] [           main] o.s.b.f.s.DefaultListableBeanFactory     : Returning cached instance of singleton bean 'autoConfigurationReport'
2024-07-21T15:49:56.369+02:00 TRACE 248560 --- [crud-springboot] [           main] o.s.b.f.s.DefaultListableBeanFactory     : Returning cached instance of singleton bean 'autoConfigurationReport'
2024-07-21T15:49:56.369+02:00 TRACE 248560 --- [crud-springboot] [           main] o.s.b.f.s.DefaultListableBeanFactory     : Returning cached instance of singleton bean 'autoConfigurationReport'
2024-07-21T15:49:56.371+02:00 TRACE 248560 --- [crud-springboot] [           main] o.s.b.a.condition.OnClassCondition       : Condition OnClassCondition on org.springframework.boot.autoconfigure.jdbc.XADataSourceAutoConfiguration matched due to @ConditionalOnClass found required classes 'javax.sql.DataSource', 'jakarta.transaction.TransactionManager', 'org.springframework.jdbc.datasource.embedded.EmbeddedDatabaseType'
2024-07-21T15:49:56.371+02:00 TRACE 248560 --- [crud-springboot] [           main] o.s.b.f.s.DefaultListableBeanFactory     : Returning cached instance of singleton bean 'autoConfigurationReport'
2024-07-21T15:49:56.372+02:00 TRACE 248560 --- [crud-springboot] [           main] o.s.b.f.s.DefaultListableBeanFactory     : Returning cached instance of singleton bean 'autoConfigurationReport'
2024-07-21T15:49:56.372+02:00 TRACE 248560 --- [crud-springboot] [           main] o.s.b.f.s.DefaultListableBeanFactory     : Returning cached instance of singleton bean 'autoConfigurationReport'
2024-07-21T15:49:56.372+02:00 TRACE 248560 --- [crud-springboot] [           main] o.s.b.f.s.DefaultListableBeanFactory     : Returning cached instance of singleton bean 'autoConfigurationReport'
2024-07-21T15:49:56.373+02:00 TRACE 248560 --- [crud-springboot] [           main] o.s.b.f.s.DefaultListableBeanFactory     : Returning cached instance of singleton bean 'autoConfigurationReport'
2024-07-21T15:49:56.373+02:00 TRACE 248560 --- [crud-springboot] [           main] o.s.b.f.s.DefaultListableBeanFactory     : Returning cached instance of singleton bean 'autoConfigurationReport'
2024-07-21T15:49:56.373+02:00 TRACE 248560 --- [crud-springboot] [           main] o.s.b.f.s.DefaultListableBeanFactory     : Returning cached instance of singleton bean 'autoConfigurationReport'
2024-07-21T15:49:56.374+02:00 TRACE 248560 --- [crud-springboot] [           main] o.s.b.f.s.DefaultListableBeanFactory     : Returning cached instance of singleton bean 'autoConfigurationReport'
2024-07-21T15:49:56.374+02:00 TRACE 248560 --- [crud-springboot] [           main] o.s.b.f.s.DefaultListableBeanFactory     : Returning cached instance of singleton bean 'autoConfigurationReport'
2024-07-21T15:49:56.374+02:00 TRACE 248560 --- [crud-springboot] [           main] o.s.b.f.s.DefaultListableBeanFactory     : Returning cached instance of singleton bean 'autoConfigurationReport'
2024-07-21T15:49:56.375+02:00 TRACE 248560 --- [crud-springboot] [           main] o.s.b.a.condition.OnClassCondition       : Condition OnClassCondition on org.springframework.boot.autoconfigure.jdbc.DataSourceAutoConfiguration matched due to @ConditionalOnClass found required classes 'javax.sql.DataSource', 'org.springframework.jdbc.datasource.embedded.EmbeddedDatabaseType'
2024-07-21T15:49:56.375+02:00 TRACE 248560 --- [crud-springboot] [           main] o.s.b.f.s.DefaultListableBeanFactory     : Returning cached instance of singleton bean 'autoConfigurationReport'
2024-07-21T15:49:56.375+02:00 TRACE 248560 --- [crud-springboot] [           main] o.s.b.f.s.DefaultListableBeanFactory     : Returning cached instance of singleton bean 'autoConfigurationReport'
2024-07-21T15:49:56.375+02:00 TRACE 248560 --- [crud-springboot] [           main] o.s.b.f.s.DefaultListableBeanFactory     : Returning cached instance of singleton bean 'autoConfigurationReport'
2024-07-21T15:49:56.376+02:00 TRACE 248560 --- [crud-springboot] [           main] o.s.b.f.s.DefaultListableBeanFactory     : Returning cached instance of singleton bean 'autoConfigurationReport'
2024-07-21T15:49:56.409+02:00 TRACE 248560 --- [crud-springboot] [           main] oConfiguration$PooledDataSourceCondition : Condition DataSourceAutoConfiguration.PooledDataSourceCondition on org.springframework.boot.autoconfigure.jdbc.DataSourceAutoConfiguration$PooledDataSourceConfiguration matched due to AnyNestedCondition 1 matched 1 did not; NestedCondition on DataSourceAutoConfiguration.PooledDataSourceCondition.PooledDataSourceAvailable PooledDataSource found supported DataSource; NestedCondition on DataSourceAutoConfiguration.PooledDataSourceCondition.ExplicitType @ConditionalOnProperty (spring.datasource.type) did not find property 'type'
2024-07-21T15:49:56.409+02:00 TRACE 248560 --- [crud-springboot] [           main] o.s.b.f.s.DefaultListableBeanFactory     : Returning cached instance of singleton bean 'autoConfigurationReport'
2024-07-21T15:49:56.409+02:00 TRACE 248560 --- [crud-springboot] [           main] o.s.b.f.s.DefaultListableBeanFactory     : Returning cached instance of singleton bean 'autoConfigurationReport'
2024-07-21T15:49:56.409+02:00 TRACE 248560 --- [crud-springboot] [           main] o.s.b.f.s.DefaultListableBeanFactory     : Returning cached instance of singleton bean 'autoConfigurationReport'
2024-07-21T15:49:56.409+02:00 TRACE 248560 --- [crud-springboot] [           main] o.s.b.f.s.DefaultListableBeanFactory     : Returning cached instance of singleton bean 'autoConfigurationReport'
2024-07-21T15:49:56.415+02:00 TRACE 248560 --- [crud-springboot] [           main] o.s.b.a.condition.OnClassCondition       : Condition OnClassCondition on org.springframework.boot.autoconfigure.jdbc.DataSourceConfiguration$Hikari matched due to @ConditionalOnClass found required class 'com.zaxxer.hikari.HikariDataSource'
2024-07-21T15:49:56.415+02:00 TRACE 248560 --- [crud-springboot] [           main] o.s.b.f.s.DefaultListableBeanFactory     : Returning cached instance of singleton bean 'autoConfigurationReport'
2024-07-21T15:49:56.415+02:00 TRACE 248560 --- [crud-springboot] [           main] o.s.b.a.condition.OnPropertyCondition    : Condition OnPropertyCondition on org.springframework.boot.autoconfigure.jdbc.DataSourceConfiguration$Hikari matched due to @ConditionalOnProperty (spring.datasource.type=com.zaxxer.hikari.HikariDataSource) matched
2024-07-21T15:49:56.415+02:00 TRACE 248560 --- [crud-springboot] [           main] o.s.b.f.s.DefaultListableBeanFactory     : Returning cached instance of singleton bean 'autoConfigurationReport'
2024-07-21T15:49:56.416+02:00 TRACE 248560 --- [crud-springboot] [           main] o.s.b.f.s.DefaultListableBeanFactory     : Returning cached instance of singleton bean 'autoConfigurationReport'
2024-07-21T15:49:56.416+02:00 TRACE 248560 --- [crud-springboot] [           main] o.s.b.f.s.DefaultListableBeanFactory     : Returning cached instance of singleton bean 'autoConfigurationReport'
2024-07-21T15:49:56.416+02:00 TRACE 248560 --- [crud-springboot] [           main] o.s.b.f.s.DefaultListableBeanFactory     : Returning cached instance of singleton bean 'autoConfigurationReport'
2024-07-21T15:49:56.419+02:00 TRACE 248560 --- [crud-springboot] [           main] o.s.b.a.condition.OnClassCondition       : Condition OnClassCondition on org.springframework.boot.autoconfigure.jdbc.DataSourceConfiguration$Tomcat did not match due to @ConditionalOnClass did not find required class 'org.apache.tomcat.jdbc.pool.DataSource'
2024-07-21T15:49:56.419+02:00 TRACE 248560 --- [crud-springboot] [           main] o.s.b.f.s.DefaultListableBeanFactory     : Returning cached instance of singleton bean 'autoConfigurationReport'
2024-07-21T15:49:56.421+02:00 TRACE 248560 --- [crud-springboot] [           main] o.s.b.a.condition.OnClassCondition       : Condition OnClassCondition on org.springframework.boot.autoconfigure.jdbc.DataSourceConfiguration$Dbcp2 did not match due to @ConditionalOnClass did not find required class 'org.apache.commons.dbcp2.BasicDataSource'
2024-07-21T15:49:56.421+02:00 TRACE 248560 --- [crud-springboot] [           main] o.s.b.f.s.DefaultListableBeanFactory     : Returning cached instance of singleton bean 'autoConfigurationReport'
2024-07-21T15:49:56.425+02:00 TRACE 248560 --- [crud-springboot] [           main] o.s.b.a.condition.OnClassCondition       : Condition OnClassCondition on org.springframework.boot.autoconfigure.jdbc.DataSourceConfiguration$OracleUcp did not match due to @ConditionalOnClass did not find required classes 'oracle.ucp.jdbc.PoolDataSourceImpl', 'oracle.jdbc.OracleConnection'
2024-07-21T15:49:56.425+02:00 TRACE 248560 --- [crud-springboot] [           main] o.s.b.f.s.DefaultListableBeanFactory     : Returning cached instance of singleton bean 'autoConfigurationReport'
2024-07-21T15:49:56.426+02:00 TRACE 248560 --- [crud-springboot] [           main] o.s.b.a.condition.OnPropertyCondition    : Condition OnPropertyCondition on org.springframework.boot.autoconfigure.jdbc.DataSourceConfiguration$Generic did not match due to @ConditionalOnProperty (spring.datasource.type) did not find property 'spring.datasource.type'
2024-07-21T15:49:56.426+02:00 TRACE 248560 --- [crud-springboot] [           main] o.s.b.f.s.DefaultListableBeanFactory     : Returning cached instance of singleton bean 'autoConfigurationReport'
2024-07-21T15:49:56.427+02:00 TRACE 248560 --- [crud-springboot] [           main] o.s.b.a.condition.OnPropertyCondition    : Condition OnPropertyCondition on org.springframework.boot.autoconfigure.jdbc.DataSourceJmxConfiguration did not match due to @ConditionalOnProperty (spring.jmx.enabled=true) found different value in property 'enabled'
2024-07-21T15:49:56.427+02:00 TRACE 248560 --- [crud-springboot] [           main] o.s.b.f.s.DefaultListableBeanFactory     : Returning cached instance of singleton bean 'autoConfigurationReport'
2024-07-21T15:49:56.429+02:00 TRACE 248560 --- [crud-springboot] [           main] oConfiguration$EmbeddedDatabaseCondition : Condition DataSourceAutoConfiguration.EmbeddedDatabaseCondition on org.springframework.boot.autoconfigure.jdbc.DataSourceAutoConfiguration$EmbeddedDatabaseConfiguration did not match due to EmbeddedDataSource spring.datasource.url is set
2024-07-21T15:49:56.429+02:00 TRACE 248560 --- [crud-springboot] [           main] o.s.b.f.s.DefaultListableBeanFactory     : Returning cached instance of singleton bean 'autoConfigurationReport'
2024-07-21T15:49:56.433+02:00 TRACE 248560 --- [crud-springboot] [           main] o.s.b.f.s.DefaultListableBeanFactory     : Returning cached instance of singleton bean 'autoConfigurationReport'
2024-07-21T15:49:56.433+02:00 TRACE 248560 --- [crud-springboot] [           main] o.s.b.f.s.DefaultListableBeanFactory     : Returning cached instance of singleton bean 'autoConfigurationReport'
2024-07-21T15:49:56.433+02:00 TRACE 248560 --- [crud-springboot] [           main] o.s.b.f.s.DefaultListableBeanFactory     : Returning cached instance of singleton bean 'autoConfigurationReport'
2024-07-21T15:49:56.439+02:00 TRACE 248560 --- [crud-springboot] [           main] o.s.b.a.condition.OnClassCondition       : Condition OnClassCondition on org.springframework.boot.autoconfigure.jdbc.metadata.DataSourcePoolMetadataProvidersConfiguration$OracleUcpPoolDataSourceMetadataProviderConfiguration did not match due to @ConditionalOnClass did not find required classes 'oracle.ucp.jdbc.PoolDataSource', 'oracle.jdbc.OracleConnection'
2024-07-21T15:49:56.439+02:00 TRACE 248560 --- [crud-springboot] [           main] o.s.b.f.s.DefaultListableBeanFactory     : Returning cached instance of singleton bean 'autoConfigurationReport'
2024-07-21T15:49:56.439+02:00 TRACE 248560 --- [crud-springboot] [           main] o.s.b.a.condition.OnClassCondition       : Condition OnClassCondition on org.springframework.boot.autoconfigure.jdbc.metadata.DataSourcePoolMetadataProvidersConfiguration$CommonsDbcp2PoolDataSourceMetadataProviderConfiguration did not match due to @ConditionalOnClass did not find required class 'org.apache.commons.dbcp2.BasicDataSource'
2024-07-21T15:49:56.439+02:00 TRACE 248560 --- [crud-springboot] [           main] o.s.b.f.s.DefaultListableBeanFactory     : Returning cached instance of singleton bean 'autoConfigurationReport'
2024-07-21T15:49:56.440+02:00 TRACE 248560 --- [crud-springboot] [           main] o.s.b.a.condition.OnClassCondition       : Condition OnClassCondition on org.springframework.boot.autoconfigure.jdbc.metadata.DataSourcePoolMetadataProvidersConfiguration$HikariPoolDataSourceMetadataProviderConfiguration matched due to @ConditionalOnClass found required class 'com.zaxxer.hikari.HikariDataSource'
2024-07-21T15:49:56.440+02:00 TRACE 248560 --- [crud-springboot] [           main] o.s.b.f.s.DefaultListableBeanFactory     : Returning cached instance of singleton bean 'autoConfigurationReport'
2024-07-21T15:49:56.440+02:00 TRACE 248560 --- [crud-springboot] [           main] o.s.b.f.s.DefaultListableBeanFactory     : Returning cached instance of singleton bean 'autoConfigurationReport'
2024-07-21T15:49:56.440+02:00 TRACE 248560 --- [crud-springboot] [           main] o.s.b.f.s.DefaultListableBeanFactory     : Returning cached instance of singleton bean 'autoConfigurationReport'
2024-07-21T15:49:56.440+02:00 TRACE 248560 --- [crud-springboot] [           main] o.s.b.f.s.DefaultListableBeanFactory     : Returning cached instance of singleton bean 'autoConfigurationReport'
2024-07-21T15:49:56.441+02:00 TRACE 248560 --- [crud-springboot] [           main] o.s.b.a.condition.OnClassCondition       : Condition OnClassCondition on org.springframework.boot.autoconfigure.jdbc.metadata.DataSourcePoolMetadataProvidersConfiguration$TomcatDataSourcePoolMetadataProviderConfiguration did not match due to @ConditionalOnClass did not find required class 'org.apache.tomcat.jdbc.pool.DataSource'
2024-07-21T15:49:56.442+02:00 TRACE 248560 --- [crud-springboot] [           main] o.s.b.f.s.DefaultListableBeanFactory     : Returning cached instance of singleton bean 'autoConfigurationReport'
2024-07-21T15:49:56.443+02:00 TRACE 248560 --- [crud-springboot] [           main] o.s.b.a.condition.OnClassCondition       : Condition OnClassCondition on org.springframework.boot.autoconfigure.jdbc.DataSourceCheckpointRestoreConfiguration did not match due to @ConditionalOnClass did not find required class 'org.crac.Resource'
2024-07-21T15:49:56.443+02:00 TRACE 248560 --- [crud-springboot] [           main] o.s.b.f.s.DefaultListableBeanFactory     : Returning cached instance of singleton bean 'autoConfigurationReport'
2024-07-21T15:49:56.443+02:00 TRACE 248560 --- [crud-springboot] [           main] o.s.b.f.s.DefaultListableBeanFactory     : Returning cached instance of singleton bean 'autoConfigurationReport'
2024-07-21T15:49:56.444+02:00 TRACE 248560 --- [crud-springboot] [           main] o.s.b.f.s.DefaultListableBeanFactory     : Returning cached instance of singleton bean 'autoConfigurationReport'
2024-07-21T15:49:56.444+02:00 TRACE 248560 --- [crud-springboot] [           main] o.s.b.f.s.DefaultListableBeanFactory     : Returning cached instance of singleton bean 'autoConfigurationReport'
2024-07-21T15:49:56.444+02:00 TRACE 248560 --- [crud-springboot] [           main] o.s.b.f.s.DefaultListableBeanFactory     : Returning cached instance of singleton bean 'autoConfigurationReport'
2024-07-21T15:49:56.444+02:00 TRACE 248560 --- [crud-springboot] [           main] o.s.b.f.s.DefaultListableBeanFactory     : Returning cached instance of singleton bean 'autoConfigurationReport'
2024-07-21T15:49:56.444+02:00 TRACE 248560 --- [crud-springboot] [           main] o.s.b.f.s.DefaultListableBeanFactory     : Returning cached instance of singleton bean 'autoConfigurationReport'
2024-07-21T15:49:56.446+02:00 TRACE 248560 --- [crud-springboot] [           main] o.s.b.a.condition.OnClassCondition       : Condition OnClassCondition on org.springframework.boot.autoconfigure.transaction.TransactionManagerCustomizationAutoConfiguration matched due to @ConditionalOnClass found required class 'org.springframework.transaction.PlatformTransactionManager'
2024-07-21T15:49:56.446+02:00 TRACE 248560 --- [crud-springboot] [           main] o.s.b.f.s.DefaultListableBeanFactory     : Returning cached instance of singleton bean 'autoConfigurationReport'
2024-07-21T15:49:56.446+02:00 TRACE 248560 --- [crud-springboot] [           main] o.s.b.f.s.DefaultListableBeanFactory     : Returning cached instance of singleton bean 'autoConfigurationReport'
2024-07-21T15:49:56.446+02:00 TRACE 248560 --- [crud-springboot] [           main] o.s.b.f.s.DefaultListableBeanFactory     : Returning cached instance of singleton bean 'autoConfigurationReport'
2024-07-21T15:49:56.446+02:00 TRACE 248560 --- [crud-springboot] [           main] o.s.b.f.s.DefaultListableBeanFactory     : Returning cached instance of singleton bean 'autoConfigurationReport'
2024-07-21T15:49:56.447+02:00 TRACE 248560 --- [crud-springboot] [           main] o.s.b.f.s.DefaultListableBeanFactory     : Returning cached instance of singleton bean 'autoConfigurationReport'
2024-07-21T15:49:56.447+02:00 TRACE 248560 --- [crud-springboot] [           main] o.s.b.f.s.DefaultListableBeanFactory     : Returning cached instance of singleton bean 'autoConfigurationReport'
2024-07-21T15:49:56.447+02:00 TRACE 248560 --- [crud-springboot] [           main] o.s.b.f.s.DefaultListableBeanFactory     : Returning cached instance of singleton bean 'autoConfigurationReport'
2024-07-21T15:49:56.447+02:00 TRACE 248560 --- [crud-springboot] [           main] o.s.b.f.s.DefaultListableBeanFactory     : Returning cached instance of singleton bean 'autoConfigurationReport'
2024-07-21T15:49:56.447+02:00 TRACE 248560 --- [crud-springboot] [           main] o.s.b.f.s.DefaultListableBeanFactory     : Returning cached instance of singleton bean 'autoConfigurationReport'
2024-07-21T15:49:56.447+02:00 TRACE 248560 --- [crud-springboot] [           main] o.s.b.f.s.DefaultListableBeanFactory     : Returning cached instance of singleton bean 'autoConfigurationReport'
2024-07-21T15:49:56.449+02:00 TRACE 248560 --- [crud-springboot] [           main] o.s.b.a.condition.OnClassCondition       : Condition OnClassCondition on org.springframework.boot.autoconfigure.orm.jpa.HibernateJpaAutoConfiguration matched due to @ConditionalOnClass found required classes 'org.springframework.orm.jpa.LocalContainerEntityManagerFactoryBean', 'jakarta.persistence.EntityManager', 'org.hibernate.engine.spi.SessionImplementor'
2024-07-21T15:49:56.449+02:00 TRACE 248560 --- [crud-springboot] [           main] o.s.b.f.s.DefaultListableBeanFactory     : Returning cached instance of singleton bean 'autoConfigurationReport'
2024-07-21T15:49:56.449+02:00 TRACE 248560 --- [crud-springboot] [           main] o.s.b.f.s.DefaultListableBeanFactory     : Returning cached instance of singleton bean 'autoConfigurationReport'
2024-07-21T15:49:56.449+02:00 TRACE 248560 --- [crud-springboot] [           main] o.s.b.f.s.DefaultListableBeanFactory     : Returning cached instance of singleton bean 'autoConfigurationReport'
2024-07-21T15:49:56.449+02:00 TRACE 248560 --- [crud-springboot] [           main] o.s.b.f.s.DefaultListableBeanFactory     : Returning cached instance of singleton bean 'autoConfigurationReport'
2024-07-21T15:49:56.454+02:00 TRACE 248560 --- [crud-springboot] [           main] o.s.b.f.s.DefaultListableBeanFactory     : Returning cached instance of singleton bean 'autoConfigurationReport'
2024-07-21T15:49:56.454+02:00 TRACE 248560 --- [crud-springboot] [           main] o.s.b.f.s.DefaultListableBeanFactory     : Returning cached instance of singleton bean 'autoConfigurationReport'
2024-07-21T15:49:56.455+02:00 TRACE 248560 --- [crud-springboot] [           main] o.s.b.f.s.DefaultListableBeanFactory     : Returning cached instance of singleton bean 'autoConfigurationReport'
2024-07-21T15:49:56.460+02:00 TRACE 248560 --- [crud-springboot] [           main] o.s.b.a.condition.OnClassCondition       : Condition OnClassCondition on org.springframework.boot.autoconfigure.orm.jpa.JpaBaseConfiguration$JpaWebConfiguration matched due to @ConditionalOnClass found required class 'org.springframework.web.servlet.config.annotation.WebMvcConfigurer'
2024-07-21T15:49:56.460+02:00 TRACE 248560 --- [crud-springboot] [           main] o.s.b.f.s.DefaultListableBeanFactory     : Returning cached instance of singleton bean 'autoConfigurationReport'
2024-07-21T15:49:56.460+02:00 TRACE 248560 --- [crud-springboot] [           main] o.s.b.a.c.OnWebApplicationCondition      : Condition OnWebApplicationCondition on org.springframework.boot.autoconfigure.orm.jpa.JpaBaseConfiguration$JpaWebConfiguration matched due to found 'session' scope
2024-07-21T15:49:56.461+02:00 TRACE 248560 --- [crud-springboot] [           main] o.s.b.f.s.DefaultListableBeanFactory     : Returning cached instance of singleton bean 'autoConfigurationReport'
2024-07-21T15:49:56.461+02:00 TRACE 248560 --- [crud-springboot] [           main] o.s.b.a.condition.OnPropertyCondition    : Condition OnPropertyCondition on org.springframework.boot.autoconfigure.orm.jpa.JpaBaseConfiguration$JpaWebConfiguration matched due to @ConditionalOnProperty (spring.jpa.open-in-view=true) matched
2024-07-21T15:49:56.462+02:00 TRACE 248560 --- [crud-springboot] [           main] o.s.b.f.s.DefaultListableBeanFactory     : Returning cached instance of singleton bean 'autoConfigurationReport'
2024-07-21T15:49:56.462+02:00 TRACE 248560 --- [crud-springboot] [           main] o.s.b.f.s.DefaultListableBeanFactory     : Returning cached instance of singleton bean 'autoConfigurationReport'
2024-07-21T15:49:56.462+02:00 TRACE 248560 --- [crud-springboot] [           main] o.s.b.f.s.DefaultListableBeanFactory     : Returning cached instance of singleton bean 'autoConfigurationReport'
2024-07-21T15:49:56.462+02:00 TRACE 248560 --- [crud-springboot] [           main] o.s.b.f.s.DefaultListableBeanFactory     : Returning cached instance of singleton bean 'autoConfigurationReport'
2024-07-21T15:49:56.463+02:00 TRACE 248560 --- [crud-springboot] [           main] o.s.b.f.s.DefaultListableBeanFactory     : Returning cached instance of singleton bean 'autoConfigurationReport'
2024-07-21T15:49:56.464+02:00 TRACE 248560 --- [crud-springboot] [           main] o.s.b.f.s.DefaultListableBeanFactory     : Returning cached instance of singleton bean 'autoConfigurationReport'
2024-07-21T15:49:56.464+02:00 TRACE 248560 --- [crud-springboot] [           main] o.s.b.f.s.DefaultListableBeanFactory     : Returning cached instance of singleton bean 'autoConfigurationReport'
2024-07-21T15:49:56.465+02:00 TRACE 248560 --- [crud-springboot] [           main] o.s.b.f.s.DefaultListableBeanFactory     : Returning cached instance of singleton bean 'autoConfigurationReport'
2024-07-21T15:49:56.465+02:00 TRACE 248560 --- [crud-springboot] [           main] o.s.b.f.s.DefaultListableBeanFactory     : Returning cached instance of singleton bean 'autoConfigurationReport'
2024-07-21T15:49:56.465+02:00 TRACE 248560 --- [crud-springboot] [           main] o.s.b.f.s.DefaultListableBeanFactory     : Returning cached instance of singleton bean 'autoConfigurationReport'
2024-07-21T15:49:56.465+02:00 TRACE 248560 --- [crud-springboot] [           main] o.s.b.f.s.DefaultListableBeanFactory     : Returning cached instance of singleton bean 'autoConfigurationReport'
2024-07-21T15:49:56.465+02:00 TRACE 248560 --- [crud-springboot] [           main] o.s.b.f.s.DefaultListableBeanFactory     : Returning cached instance of singleton bean 'autoConfigurationReport'
2024-07-21T15:49:56.465+02:00 TRACE 248560 --- [crud-springboot] [           main] o.s.b.f.s.DefaultListableBeanFactory     : Returning cached instance of singleton bean 'autoConfigurationReport'
2024-07-21T15:49:56.466+02:00 TRACE 248560 --- [crud-springboot] [           main] o.s.b.a.condition.OnClassCondition       : Condition OnClassCondition on org.springframework.boot.autoconfigure.jackson.JacksonAutoConfiguration matched due to @ConditionalOnClass found required class 'com.fasterxml.jackson.databind.ObjectMapper'
2024-07-21T15:49:56.466+02:00 TRACE 248560 --- [crud-springboot] [           main] o.s.b.f.s.DefaultListableBeanFactory     : Returning cached instance of singleton bean 'autoConfigurationReport'
2024-07-21T15:49:56.467+02:00 TRACE 248560 --- [crud-springboot] [           main] o.s.b.f.s.DefaultListableBeanFactory     : Returning cached instance of singleton bean 'autoConfigurationReport'
2024-07-21T15:49:56.467+02:00 TRACE 248560 --- [crud-springboot] [           main] o.s.b.f.s.DefaultListableBeanFactory     : Returning cached instance of singleton bean 'autoConfigurationReport'
2024-07-21T15:49:56.467+02:00 TRACE 248560 --- [crud-springboot] [           main] o.s.b.f.s.DefaultListableBeanFactory     : Returning cached instance of singleton bean 'autoConfigurationReport'
2024-07-21T15:49:56.471+02:00 TRACE 248560 --- [crud-springboot] [           main] o.s.b.a.condition.OnClassCondition       : Condition OnClassCondition on org.springframework.boot.autoconfigure.jackson.JacksonAutoConfiguration$Jackson2ObjectMapperBuilderCustomizerConfiguration matched due to @ConditionalOnClass found required class 'org.springframework.http.converter.json.Jackson2ObjectMapperBuilder'
2024-07-21T15:49:56.471+02:00 TRACE 248560 --- [crud-springboot] [           main] o.s.b.f.s.DefaultListableBeanFactory     : Returning cached instance of singleton bean 'autoConfigurationReport'
2024-07-21T15:49:56.471+02:00 TRACE 248560 --- [crud-springboot] [           main] o.s.b.f.s.DefaultListableBeanFactory     : Returning cached instance of singleton bean 'autoConfigurationReport'
2024-07-21T15:49:56.471+02:00 TRACE 248560 --- [crud-springboot] [           main] o.s.b.f.s.DefaultListableBeanFactory     : Returning cached instance of singleton bean 'autoConfigurationReport'
2024-07-21T15:49:56.471+02:00 TRACE 248560 --- [crud-springboot] [           main] o.s.b.f.s.DefaultListableBeanFactory     : Returning cached instance of singleton bean 'autoConfigurationReport'
2024-07-21T15:49:56.473+02:00 TRACE 248560 --- [crud-springboot] [           main] o.s.b.a.condition.OnClassCondition       : Condition OnClassCondition on org.springframework.boot.autoconfigure.jackson.JacksonAutoConfiguration$JacksonObjectMapperBuilderConfiguration matched due to @ConditionalOnClass found required class 'org.springframework.http.converter.json.Jackson2ObjectMapperBuilder'
2024-07-21T15:49:56.474+02:00 TRACE 248560 --- [crud-springboot] [           main] o.s.b.f.s.DefaultListableBeanFactory     : Returning cached instance of singleton bean 'autoConfigurationReport'
2024-07-21T15:49:56.474+02:00 TRACE 248560 --- [crud-springboot] [           main] o.s.b.f.s.DefaultListableBeanFactory     : Returning cached instance of singleton bean 'autoConfigurationReport'
2024-07-21T15:49:56.474+02:00 TRACE 248560 --- [crud-springboot] [           main] o.s.b.f.s.DefaultListableBeanFactory     : Returning cached instance of singleton bean 'autoConfigurationReport'
2024-07-21T15:49:56.474+02:00 TRACE 248560 --- [crud-springboot] [           main] o.s.b.f.s.DefaultListableBeanFactory     : Returning cached instance of singleton bean 'autoConfigurationReport'
2024-07-21T15:49:56.475+02:00 TRACE 248560 --- [crud-springboot] [           main] o.s.b.a.condition.OnClassCondition       : Condition OnClassCondition on org.springframework.boot.autoconfigure.jackson.JacksonAutoConfiguration$ParameterNamesModuleConfiguration matched due to @ConditionalOnClass found required class 'com.fasterxml.jackson.module.paramnames.ParameterNamesModule'
2024-07-21T15:49:56.475+02:00 TRACE 248560 --- [crud-springboot] [           main] o.s.b.f.s.DefaultListableBeanFactory     : Returning cached instance of singleton bean 'autoConfigurationReport'
2024-07-21T15:49:56.475+02:00 TRACE 248560 --- [crud-springboot] [           main] o.s.b.f.s.DefaultListableBeanFactory     : Returning cached instance of singleton bean 'autoConfigurationReport'
2024-07-21T15:49:56.475+02:00 TRACE 248560 --- [crud-springboot] [           main] o.s.b.f.s.DefaultListableBeanFactory     : Returning cached instance of singleton bean 'autoConfigurationReport'
2024-07-21T15:49:56.476+02:00 TRACE 248560 --- [crud-springboot] [           main] o.s.b.f.s.DefaultListableBeanFactory     : Returning cached instance of singleton bean 'autoConfigurationReport'
2024-07-21T15:49:56.477+02:00 TRACE 248560 --- [crud-springboot] [           main] o.s.b.a.condition.OnClassCondition       : Condition OnClassCondition on org.springframework.boot.autoconfigure.jackson.JacksonAutoConfiguration$JacksonObjectMapperConfiguration matched due to @ConditionalOnClass found required class 'org.springframework.http.converter.json.Jackson2ObjectMapperBuilder'
2024-07-21T15:49:56.477+02:00 TRACE 248560 --- [crud-springboot] [           main] o.s.b.f.s.DefaultListableBeanFactory     : Returning cached instance of singleton bean 'autoConfigurationReport'
2024-07-21T15:49:56.477+02:00 TRACE 248560 --- [crud-springboot] [           main] o.s.b.f.s.DefaultListableBeanFactory     : Returning cached instance of singleton bean 'autoConfigurationReport'
2024-07-21T15:49:56.477+02:00 TRACE 248560 --- [crud-springboot] [           main] o.s.b.f.s.DefaultListableBeanFactory     : Returning cached instance of singleton bean 'autoConfigurationReport'
2024-07-21T15:49:56.477+02:00 TRACE 248560 --- [crud-springboot] [           main] o.s.b.f.s.DefaultListableBeanFactory     : Returning cached instance of singleton bean 'autoConfigurationReport'
2024-07-21T15:49:56.478+02:00 TRACE 248560 --- [crud-springboot] [           main] o.s.b.f.s.DefaultListableBeanFactory     : Returning cached instance of singleton bean 'autoConfigurationReport'
2024-07-21T15:49:56.478+02:00 TRACE 248560 --- [crud-springboot] [           main] o.s.b.f.s.DefaultListableBeanFactory     : Returning cached instance of singleton bean 'autoConfigurationReport'
2024-07-21T15:49:56.478+02:00 TRACE 248560 --- [crud-springboot] [           main] o.s.b.f.s.DefaultListableBeanFactory     : Returning cached instance of singleton bean 'autoConfigurationReport'
2024-07-21T15:49:56.479+02:00 TRACE 248560 --- [crud-springboot] [           main] o.s.b.f.s.DefaultListableBeanFactory     : Returning cached instance of singleton bean 'autoConfigurationReport'
2024-07-21T15:49:56.479+02:00 TRACE 248560 --- [crud-springboot] [           main] o.s.b.f.s.DefaultListableBeanFactory     : Returning cached instance of singleton bean 'autoConfigurationReport'
2024-07-21T15:49:56.479+02:00 TRACE 248560 --- [crud-springboot] [           main] o.s.b.f.s.DefaultListableBeanFactory     : Returning cached instance of singleton bean 'autoConfigurationReport'
2024-07-21T15:49:56.479+02:00 TRACE 248560 --- [crud-springboot] [           main] o.s.b.f.s.DefaultListableBeanFactory     : Returning cached instance of singleton bean 'autoConfigurationReport'
2024-07-21T15:49:56.479+02:00 TRACE 248560 --- [crud-springboot] [           main] o.s.b.f.s.DefaultListableBeanFactory     : Returning cached instance of singleton bean 'autoConfigurationReport'
2024-07-21T15:49:56.479+02:00 TRACE 248560 --- [crud-springboot] [           main] o.s.b.f.s.DefaultListableBeanFactory     : Returning cached instance of singleton bean 'autoConfigurationReport'
2024-07-21T15:49:56.480+02:00 TRACE 248560 --- [crud-springboot] [           main] o.s.b.a.condition.OnClassCondition       : Condition OnClassCondition on org.springframework.boot.autoconfigure.cache.CacheAutoConfiguration matched due to @ConditionalOnClass found required class 'org.springframework.cache.CacheManager'
2024-07-21T15:49:56.480+02:00 TRACE 248560 --- [crud-springboot] [           main] o.s.b.f.s.DefaultListableBeanFactory     : Returning cached instance of singleton bean 'autoConfigurationReport'
2024-07-21T15:49:56.480+02:00 TRACE 248560 --- [crud-springboot] [           main] o.s.b.f.s.DefaultListableBeanFactory     : Returning cached instance of singleton bean 'autoConfigurationReport'
2024-07-21T15:49:56.481+02:00 TRACE 248560 --- [crud-springboot] [           main] o.s.b.f.s.DefaultListableBeanFactory     : Returning cached instance of singleton bean 'autoConfigurationReport'
2024-07-21T15:49:56.481+02:00 TRACE 248560 --- [crud-springboot] [           main] o.s.b.f.s.DefaultListableBeanFactory     : Returning cached instance of singleton bean 'autoConfigurationReport'
2024-07-21T15:49:56.490+02:00 TRACE 248560 --- [crud-springboot] [           main] o.s.b.f.s.DefaultListableBeanFactory     : Returning cached instance of singleton bean 'autoConfigurationReport'
2024-07-21T15:49:56.490+02:00 TRACE 248560 --- [crud-springboot] [           main] o.s.b.f.s.DefaultListableBeanFactory     : Returning cached instance of singleton bean 'autoConfigurationReport'
2024-07-21T15:49:56.491+02:00 TRACE 248560 --- [crud-springboot] [           main] o.s.b.f.s.DefaultListableBeanFactory     : Returning cached instance of singleton bean 'autoConfigurationReport'
2024-07-21T15:49:56.494+02:00 TRACE 248560 --- [crud-springboot] [           main] o.s.b.f.s.DefaultListableBeanFactory     : Returning cached instance of singleton bean 'autoConfigurationReport'
2024-07-21T15:49:56.495+02:00 TRACE 248560 --- [crud-springboot] [           main] o.s.b.a.condition.OnClassCondition       : Condition OnClassCondition on org.springframework.boot.autoconfigure.cache.JCacheCacheConfiguration did not match due to @ConditionalOnClass did not find required class 'javax.cache.Caching'
2024-07-21T15:49:56.495+02:00 TRACE 248560 --- [crud-springboot] [           main] o.s.b.f.s.DefaultListableBeanFactory     : Returning cached instance of singleton bean 'autoConfigurationReport'
2024-07-21T15:49:56.495+02:00 TRACE 248560 --- [crud-springboot] [           main] o.s.b.f.s.DefaultListableBeanFactory     : Returning cached instance of singleton bean 'autoConfigurationReport'
2024-07-21T15:49:56.495+02:00 TRACE 248560 --- [crud-springboot] [           main] o.s.b.a.AutoConfigurationImportSelector  : Filtered 1 auto configuration class in 1 ms
2024-07-21T15:49:56.495+02:00 TRACE 248560 --- [crud-springboot] [           main] o.s.b.f.s.DefaultListableBeanFactory     : Returning cached instance of singleton bean 'autoConfigurationReport'
2024-07-21T15:49:56.495+02:00 TRACE 248560 --- [crud-springboot] [           main] o.s.b.a.condition.OnClassCondition       : Condition OnClassCondition on org.springframework.boot.autoconfigure.cache.HazelcastCacheConfiguration did not match due to @ConditionalOnClass did not find required class 'com.hazelcast.core.HazelcastInstance'
2024-07-21T15:49:56.495+02:00 TRACE 248560 --- [crud-springboot] [           main] o.s.b.f.s.DefaultListableBeanFactory     : Returning cached instance of singleton bean 'autoConfigurationReport'
2024-07-21T15:49:56.495+02:00 TRACE 248560 --- [crud-springboot] [           main] o.s.b.f.s.DefaultListableBeanFactory     : Returning cached instance of singleton bean 'autoConfigurationReport'
2024-07-21T15:49:56.496+02:00 TRACE 248560 --- [crud-springboot] [           main] o.s.b.a.AutoConfigurationImportSelector  : Filtered 1 auto configuration class in 0 ms
2024-07-21T15:49:56.496+02:00 TRACE 248560 --- [crud-springboot] [           main] o.s.b.f.s.DefaultListableBeanFactory     : Returning cached instance of singleton bean 'autoConfigurationReport'
2024-07-21T15:49:56.496+02:00 TRACE 248560 --- [crud-springboot] [           main] o.s.b.a.condition.OnClassCondition       : Condition OnClassCondition on org.springframework.boot.autoconfigure.cache.CouchbaseCacheConfiguration did not match due to @ConditionalOnClass did not find required class 'com.couchbase.client.java.Cluster'
2024-07-21T15:49:56.496+02:00 TRACE 248560 --- [crud-springboot] [           main] o.s.b.f.s.DefaultListableBeanFactory     : Returning cached instance of singleton bean 'autoConfigurationReport'
2024-07-21T15:49:56.496+02:00 TRACE 248560 --- [crud-springboot] [           main] o.s.b.f.s.DefaultListableBeanFactory     : Returning cached instance of singleton bean 'autoConfigurationReport'
2024-07-21T15:49:56.496+02:00 TRACE 248560 --- [crud-springboot] [           main] o.s.b.a.AutoConfigurationImportSelector  : Filtered 1 auto configuration class in 0 ms
2024-07-21T15:49:56.496+02:00 TRACE 248560 --- [crud-springboot] [           main] o.s.b.f.s.DefaultListableBeanFactory     : Returning cached instance of singleton bean 'autoConfigurationReport'
2024-07-21T15:49:56.496+02:00 TRACE 248560 --- [crud-springboot] [           main] o.s.b.a.condition.OnClassCondition       : Condition OnClassCondition on org.springframework.boot.autoconfigure.cache.InfinispanCacheConfiguration did not match due to @ConditionalOnClass did not find required class 'org.infinispan.spring.embedded.provider.SpringEmbeddedCacheManager'
2024-07-21T15:49:56.496+02:00 TRACE 248560 --- [crud-springboot] [           main] o.s.b.f.s.DefaultListableBeanFactory     : Returning cached instance of singleton bean 'autoConfigurationReport'
2024-07-21T15:49:56.497+02:00 TRACE 248560 --- [crud-springboot] [           main] o.s.b.f.s.DefaultListableBeanFactory     : Returning cached instance of singleton bean 'autoConfigurationReport'
2024-07-21T15:49:56.497+02:00 TRACE 248560 --- [crud-springboot] [           main] o.s.b.a.AutoConfigurationImportSelector  : Filtered 1 auto configuration class in 0 ms
2024-07-21T15:49:56.497+02:00 TRACE 248560 --- [crud-springboot] [           main] o.s.b.f.s.DefaultListableBeanFactory     : Returning cached instance of singleton bean 'autoConfigurationReport'
2024-07-21T15:49:56.497+02:00 TRACE 248560 --- [crud-springboot] [           main] o.s.b.a.condition.OnClassCondition       : Condition OnClassCondition on org.springframework.boot.autoconfigure.cache.RedisCacheConfiguration did not match due to @ConditionalOnClass did not find required class 'org.springframework.data.redis.connection.RedisConnectionFactory'
2024-07-21T15:49:56.497+02:00 TRACE 248560 --- [crud-springboot] [           main] o.s.b.f.s.DefaultListableBeanFactory     : Returning cached instance of singleton bean 'autoConfigurationReport'
2024-07-21T15:49:56.497+02:00 TRACE 248560 --- [crud-springboot] [           main] o.s.b.f.s.DefaultListableBeanFactory     : Returning cached instance of singleton bean 'autoConfigurationReport'
2024-07-21T15:49:56.497+02:00 TRACE 248560 --- [crud-springboot] [           main] o.s.b.a.AutoConfigurationImportSelector  : Filtered 1 auto configuration class in 0 ms
2024-07-21T15:49:56.497+02:00 TRACE 248560 --- [crud-springboot] [           main] o.s.b.f.s.DefaultListableBeanFactory     : Returning cached instance of singleton bean 'autoConfigurationReport'
2024-07-21T15:49:56.498+02:00 TRACE 248560 --- [crud-springboot] [           main] o.s.b.a.condition.OnClassCondition       : Condition OnClassCondition on org.springframework.boot.autoconfigure.cache.Cache2kCacheConfiguration did not match due to @ConditionalOnClass did not find required class 'org.cache2k.Cache2kBuilder'
2024-07-21T15:49:56.498+02:00 TRACE 248560 --- [crud-springboot] [           main] o.s.b.f.s.DefaultListableBeanFactory     : Returning cached instance of singleton bean 'autoConfigurationReport'
2024-07-21T15:49:56.498+02:00 TRACE 248560 --- [crud-springboot] [           main] o.s.b.f.s.DefaultListableBeanFactory     : Returning cached instance of singleton bean 'autoConfigurationReport'
2024-07-21T15:49:56.498+02:00 TRACE 248560 --- [crud-springboot] [           main] o.s.b.a.AutoConfigurationImportSelector  : Filtered 1 auto configuration class in 0 ms
2024-07-21T15:49:56.498+02:00 TRACE 248560 --- [crud-springboot] [           main] o.s.b.f.s.DefaultListableBeanFactory     : Returning cached instance of singleton bean 'autoConfigurationReport'
2024-07-21T15:49:56.498+02:00 TRACE 248560 --- [crud-springboot] [           main] o.s.b.a.condition.OnClassCondition       : Condition OnClassCondition on org.springframework.boot.autoconfigure.cache.CaffeineCacheConfiguration did not match due to @ConditionalOnClass did not find required class 'com.github.benmanes.caffeine.cache.Caffeine'
2024-07-21T15:49:56.498+02:00 TRACE 248560 --- [crud-springboot] [           main] o.s.b.f.s.DefaultListableBeanFactory     : Returning cached instance of singleton bean 'autoConfigurationReport'
2024-07-21T15:49:56.499+02:00 TRACE 248560 --- [crud-springboot] [           main] o.s.b.f.s.DefaultListableBeanFactory     : Returning cached instance of singleton bean 'autoConfigurationReport'
2024-07-21T15:49:56.499+02:00 TRACE 248560 --- [crud-springboot] [           main] o.s.b.a.AutoConfigurationImportSelector  : Filtered 1 auto configuration class in 0 ms
2024-07-21T15:49:56.499+02:00 TRACE 248560 --- [crud-springboot] [           main] o.s.b.f.s.DefaultListableBeanFactory     : Returning cached instance of singleton bean 'autoConfigurationReport'
2024-07-21T15:49:56.499+02:00 TRACE 248560 --- [crud-springboot] [           main] o.s.b.f.s.DefaultListableBeanFactory     : Returning cached instance of singleton bean 'autoConfigurationReport'
2024-07-21T15:49:56.499+02:00 TRACE 248560 --- [crud-springboot] [           main] o.s.b.f.s.DefaultListableBeanFactory     : Returning cached instance of singleton bean 'autoConfigurationReport'
2024-07-21T15:49:56.499+02:00 TRACE 248560 --- [crud-springboot] [           main] o.s.b.f.s.DefaultListableBeanFactory     : Returning cached instance of singleton bean 'autoConfigurationReport'
2024-07-21T15:49:56.500+02:00 TRACE 248560 --- [crud-springboot] [           main] o.s.b.f.s.DefaultListableBeanFactory     : Returning cached instance of singleton bean 'autoConfigurationReport'
2024-07-21T15:49:56.500+02:00 TRACE 248560 --- [crud-springboot] [           main] o.s.b.f.s.DefaultListableBeanFactory     : Returning cached instance of singleton bean 'autoConfigurationReport'
2024-07-21T15:49:56.503+02:00 TRACE 248560 --- [crud-springboot] [           main] o.s.b.a.cache.CacheCondition             : Condition CacheCondition on org.springframework.boot.autoconfigure.cache.GenericCacheConfiguration matched due to Cache org.springframework.boot.autoconfigure.cache.GenericCacheConfiguration automatic cache type
2024-07-21T15:49:56.503+02:00 TRACE 248560 --- [crud-springboot] [           main] o.s.b.f.s.DefaultListableBeanFactory     : Returning cached instance of singleton bean 'autoConfigurationReport'
2024-07-21T15:49:56.503+02:00 TRACE 248560 --- [crud-springboot] [           main] o.s.b.f.s.DefaultListableBeanFactory     : Returning cached instance of singleton bean 'autoConfigurationReport'
2024-07-21T15:49:56.503+02:00 TRACE 248560 --- [crud-springboot] [           main] o.s.b.f.s.DefaultListableBeanFactory     : Returning cached instance of singleton bean 'autoConfigurationReport'
2024-07-21T15:49:56.503+02:00 TRACE 248560 --- [crud-springboot] [           main] o.s.b.f.s.DefaultListableBeanFactory     : Returning cached instance of singleton bean 'autoConfigurationReport'
2024-07-21T15:49:56.504+02:00 TRACE 248560 --- [crud-springboot] [           main] o.s.b.f.s.DefaultListableBeanFactory     : Returning cached instance of singleton bean 'autoConfigurationReport'
2024-07-21T15:49:56.504+02:00 TRACE 248560 --- [crud-springboot] [           main] o.s.b.f.s.DefaultListableBeanFactory     : Returning cached instance of singleton bean 'autoConfigurationReport'
2024-07-21T15:49:56.504+02:00 TRACE 248560 --- [crud-springboot] [           main] o.s.b.f.s.DefaultListableBeanFactory     : Returning cached instance of singleton bean 'autoConfigurationReport'
2024-07-21T15:49:56.509+02:00 TRACE 248560 --- [crud-springboot] [           main] o.s.b.a.cache.CacheCondition             : Condition CacheCondition on org.springframework.boot.autoconfigure.cache.SimpleCacheConfiguration matched due to Cache org.springframework.boot.autoconfigure.cache.SimpleCacheConfiguration automatic cache type
2024-07-21T15:49:56.509+02:00 TRACE 248560 --- [crud-springboot] [           main] o.s.b.f.s.DefaultListableBeanFactory     : Returning cached instance of singleton bean 'autoConfigurationReport'
2024-07-21T15:49:56.509+02:00 TRACE 248560 --- [crud-springboot] [           main] o.s.b.f.s.DefaultListableBeanFactory     : Returning cached instance of singleton bean 'autoConfigurationReport'
2024-07-21T15:49:56.509+02:00 TRACE 248560 --- [crud-springboot] [           main] o.s.b.f.s.DefaultListableBeanFactory     : Returning cached instance of singleton bean 'autoConfigurationReport'
2024-07-21T15:49:56.509+02:00 TRACE 248560 --- [crud-springboot] [           main] o.s.b.f.s.DefaultListableBeanFactory     : Returning cached instance of singleton bean 'autoConfigurationReport'
2024-07-21T15:49:56.510+02:00 TRACE 248560 --- [crud-springboot] [           main] o.s.b.a.cache.CacheCondition             : Condition CacheCondition on org.springframework.boot.autoconfigure.cache.NoOpCacheConfiguration matched due to Cache org.springframework.boot.autoconfigure.cache.NoOpCacheConfiguration automatic cache type
2024-07-21T15:49:56.511+02:00 TRACE 248560 --- [crud-springboot] [           main] o.s.b.f.s.DefaultListableBeanFactory     : Returning cached instance of singleton bean 'autoConfigurationReport'
2024-07-21T15:49:56.511+02:00 TRACE 248560 --- [crud-springboot] [           main] o.s.b.f.s.DefaultListableBeanFactory     : Returning cached instance of singleton bean 'autoConfigurationReport'
2024-07-21T15:49:56.511+02:00 TRACE 248560 --- [crud-springboot] [           main] o.s.b.f.s.DefaultListableBeanFactory     : Returning cached instance of singleton bean 'autoConfigurationReport'
2024-07-21T15:49:56.512+02:00 TRACE 248560 --- [crud-springboot] [           main] o.s.b.f.s.DefaultListableBeanFactory     : Returning cached instance of singleton bean 'autoConfigurationReport'
2024-07-21T15:49:56.515+02:00 TRACE 248560 --- [crud-springboot] [           main] o.s.b.a.condition.OnClassCondition       : Condition OnClassCondition on org.springframework.boot.autoconfigure.cache.CacheAutoConfiguration$CacheManagerEntityManagerFactoryDependsOnPostProcessor matched due to @ConditionalOnClass found required class 'org.springframework.orm.jpa.LocalContainerEntityManagerFactoryBean'
2024-07-21T15:49:56.515+02:00 TRACE 248560 --- [crud-springboot] [           main] o.s.b.f.s.DefaultListableBeanFactory     : Returning cached instance of singleton bean 'autoConfigurationReport'
2024-07-21T15:49:56.515+02:00 TRACE 248560 --- [crud-springboot] [           main] o.s.b.f.s.DefaultListableBeanFactory     : Returning cached instance of singleton bean 'autoConfigurationReport'
2024-07-21T15:49:56.515+02:00 TRACE 248560 --- [crud-springboot] [           main] o.s.b.f.s.DefaultListableBeanFactory     : Returning cached instance of singleton bean 'autoConfigurationReport'
2024-07-21T15:49:56.515+02:00 TRACE 248560 --- [crud-springboot] [           main] o.s.b.f.s.DefaultListableBeanFactory     : Returning cached instance of singleton bean 'autoConfigurationReport'
2024-07-21T15:49:56.516+02:00 TRACE 248560 --- [crud-springboot] [           main] o.s.b.f.s.DefaultListableBeanFactory     : Returning cached instance of singleton bean 'autoConfigurationReport'
2024-07-21T15:49:56.516+02:00 TRACE 248560 --- [crud-springboot] [           main] o.s.b.f.s.DefaultListableBeanFactory     : Returning cached instance of singleton bean 'autoConfigurationReport'
2024-07-21T15:49:56.516+02:00 TRACE 248560 --- [crud-springboot] [           main] o.s.b.f.s.DefaultListableBeanFactory     : Returning cached instance of singleton bean 'autoConfigurationReport'
2024-07-21T15:49:56.516+02:00 TRACE 248560 --- [crud-springboot] [           main] o.s.b.f.s.DefaultListableBeanFactory     : Returning cached instance of singleton bean 'autoConfigurationReport'
2024-07-21T15:49:56.516+02:00 TRACE 248560 --- [crud-springboot] [           main] o.s.b.f.s.DefaultListableBeanFactory     : Returning cached instance of singleton bean 'autoConfigurationReport'
2024-07-21T15:49:56.517+02:00 TRACE 248560 --- [crud-springboot] [           main] o.s.b.f.s.DefaultListableBeanFactory     : Returning cached instance of singleton bean 'autoConfigurationReport'
2024-07-21T15:49:56.517+02:00 TRACE 248560 --- [crud-springboot] [           main] o.s.b.f.s.DefaultListableBeanFactory     : Returning cached instance of singleton bean 'autoConfigurationReport'
2024-07-21T15:49:56.518+02:00 TRACE 248560 --- [crud-springboot] [           main] o.s.b.f.s.DefaultListableBeanFactory     : Returning cached instance of singleton bean 'autoConfigurationReport'
2024-07-21T15:49:56.518+02:00 TRACE 248560 --- [crud-springboot] [           main] o.s.b.f.s.DefaultListableBeanFactory     : Returning cached instance of singleton bean 'autoConfigurationReport'
2024-07-21T15:49:56.518+02:00 TRACE 248560 --- [crud-springboot] [           main] o.s.b.f.s.DefaultListableBeanFactory     : Returning cached instance of singleton bean 'autoConfigurationReport'
2024-07-21T15:49:56.518+02:00 TRACE 248560 --- [crud-springboot] [           main] o.s.b.f.s.DefaultListableBeanFactory     : Returning cached instance of singleton bean 'autoConfigurationReport'
2024-07-21T15:49:56.518+02:00 TRACE 248560 --- [crud-springboot] [           main] o.s.b.f.s.DefaultListableBeanFactory     : Returning cached instance of singleton bean 'autoConfigurationReport'
2024-07-21T15:49:56.518+02:00 TRACE 248560 --- [crud-springboot] [           main] o.s.b.f.s.DefaultListableBeanFactory     : Returning cached instance of singleton bean 'autoConfigurationReport'
2024-07-21T15:49:56.518+02:00 TRACE 248560 --- [crud-springboot] [           main] o.s.b.f.s.DefaultListableBeanFactory     : Returning cached instance of singleton bean 'autoConfigurationReport'
2024-07-21T15:49:56.518+02:00 TRACE 248560 --- [crud-springboot] [           main] o.s.b.f.s.DefaultListableBeanFactory     : Returning cached instance of singleton bean 'autoConfigurationReport'
2024-07-21T15:49:56.519+02:00 TRACE 248560 --- [crud-springboot] [           main] o.s.b.f.s.DefaultListableBeanFactory     : Returning cached instance of singleton bean 'autoConfigurationReport'
2024-07-21T15:49:56.519+02:00 TRACE 248560 --- [crud-springboot] [           main] o.s.b.f.s.DefaultListableBeanFactory     : Returning cached instance of singleton bean 'autoConfigurationReport'
2024-07-21T15:49:56.519+02:00 TRACE 248560 --- [crud-springboot] [           main] o.s.b.f.s.DefaultListableBeanFactory     : Returning cached instance of singleton bean 'autoConfigurationReport'
2024-07-21T15:49:56.519+02:00 TRACE 248560 --- [crud-springboot] [           main] o.s.b.f.s.DefaultListableBeanFactory     : Returning cached instance of singleton bean 'autoConfigurationReport'
2024-07-21T15:49:56.519+02:00 TRACE 248560 --- [crud-springboot] [           main] o.s.b.f.s.DefaultListableBeanFactory     : Returning cached instance of singleton bean 'autoConfigurationReport'
2024-07-21T15:49:56.519+02:00 TRACE 248560 --- [crud-springboot] [           main] o.s.b.f.s.DefaultListableBeanFactory     : Returning cached instance of singleton bean 'autoConfigurationReport'
2024-07-21T15:49:56.519+02:00 TRACE 248560 --- [crud-springboot] [           main] o.s.b.f.s.DefaultListableBeanFactory     : Returning cached instance of singleton bean 'autoConfigurationReport'
2024-07-21T15:49:56.520+02:00 TRACE 248560 --- [crud-springboot] [           main] o.s.b.f.s.DefaultListableBeanFactory     : Returning cached instance of singleton bean 'autoConfigurationReport'
2024-07-21T15:49:56.520+02:00 TRACE 248560 --- [crud-springboot] [           main] o.s.b.f.s.DefaultListableBeanFactory     : Returning cached instance of singleton bean 'autoConfigurationReport'
2024-07-21T15:49:56.520+02:00 TRACE 248560 --- [crud-springboot] [           main] o.s.b.a.condition.OnClassCondition       : Condition OnClassCondition on org.springframework.boot.autoconfigure.dao.PersistenceExceptionTranslationAutoConfiguration matched due to @ConditionalOnClass found required class 'org.springframework.dao.annotation.PersistenceExceptionTranslationPostProcessor'
2024-07-21T15:49:56.520+02:00 TRACE 248560 --- [crud-springboot] [           main] o.s.b.f.s.DefaultListableBeanFactory     : Returning cached instance of singleton bean 'autoConfigurationReport'
2024-07-21T15:49:56.520+02:00 TRACE 248560 --- [crud-springboot] [           main] o.s.b.f.s.DefaultListableBeanFactory     : Returning cached instance of singleton bean 'autoConfigurationReport'
2024-07-21T15:49:56.520+02:00 TRACE 248560 --- [crud-springboot] [           main] o.s.b.f.s.DefaultListableBeanFactory     : Returning cached instance of singleton bean 'autoConfigurationReport'
2024-07-21T15:49:56.520+02:00 TRACE 248560 --- [crud-springboot] [           main] o.s.b.f.s.DefaultListableBeanFactory     : Returning cached instance of singleton bean 'autoConfigurationReport'
2024-07-21T15:49:56.521+02:00 TRACE 248560 --- [crud-springboot] [           main] o.s.b.f.s.DefaultListableBeanFactory     : Returning cached instance of singleton bean 'autoConfigurationReport'
2024-07-21T15:49:56.521+02:00 TRACE 248560 --- [crud-springboot] [           main] o.s.b.f.s.DefaultListableBeanFactory     : Returning cached instance of singleton bean 'autoConfigurationReport'
2024-07-21T15:49:56.521+02:00 TRACE 248560 --- [crud-springboot] [           main] o.s.b.f.s.DefaultListableBeanFactory     : Returning cached instance of singleton bean 'autoConfigurationReport'
2024-07-21T15:49:56.521+02:00 TRACE 248560 --- [crud-springboot] [           main] o.s.b.f.s.DefaultListableBeanFactory     : Returning cached instance of singleton bean 'autoConfigurationReport'
2024-07-21T15:49:56.521+02:00 TRACE 248560 --- [crud-springboot] [           main] o.s.b.f.s.DefaultListableBeanFactory     : Returning cached instance of singleton bean 'autoConfigurationReport'
2024-07-21T15:49:56.521+02:00 TRACE 248560 --- [crud-springboot] [           main] o.s.b.f.s.DefaultListableBeanFactory     : Returning cached instance of singleton bean 'autoConfigurationReport'
2024-07-21T15:49:56.523+02:00 TRACE 248560 --- [crud-springboot] [           main] o.s.b.a.condition.OnClassCondition       : Condition OnClassCondition on org.springframework.boot.autoconfigure.data.jpa.JpaRepositoriesAutoConfiguration matched due to @ConditionalOnClass found required class 'org.springframework.data.jpa.repository.JpaRepository'
2024-07-21T15:49:56.523+02:00 TRACE 248560 --- [crud-springboot] [           main] o.s.b.f.s.DefaultListableBeanFactory     : Returning cached instance of singleton bean 'autoConfigurationReport'
2024-07-21T15:49:56.524+02:00 TRACE 248560 --- [crud-springboot] [           main] o.s.b.a.condition.OnPropertyCondition    : Condition OnPropertyCondition on org.springframework.boot.autoconfigure.data.jpa.JpaRepositoriesAutoConfiguration matched due to @ConditionalOnProperty (spring.data.jpa.repositories.enabled=true) matched
2024-07-21T15:49:56.524+02:00 TRACE 248560 --- [crud-springboot] [           main] o.s.b.f.s.DefaultListableBeanFactory     : Returning cached instance of singleton bean 'autoConfigurationReport'
2024-07-21T15:49:56.524+02:00 TRACE 248560 --- [crud-springboot] [           main] o.s.b.f.s.DefaultListableBeanFactory     : Returning cached instance of singleton bean 'autoConfigurationReport'
2024-07-21T15:49:56.524+02:00 TRACE 248560 --- [crud-springboot] [           main] o.s.b.f.s.DefaultListableBeanFactory     : Returning cached instance of singleton bean 'autoConfigurationReport'
2024-07-21T15:49:56.524+02:00 TRACE 248560 --- [crud-springboot] [           main] o.s.b.f.s.DefaultListableBeanFactory     : Returning cached instance of singleton bean 'autoConfigurationReport'
2024-07-21T15:49:56.527+02:00 TRACE 248560 --- [crud-springboot] [           main] o.s.b.f.s.DefaultListableBeanFactory     : Returning cached instance of singleton bean 'autoConfigurationReport'
2024-07-21T15:49:56.527+02:00 TRACE 248560 --- [crud-springboot] [           main] o.s.b.f.s.DefaultListableBeanFactory     : Returning cached instance of singleton bean 'autoConfigurationReport'
2024-07-21T15:49:56.527+02:00 TRACE 248560 --- [crud-springboot] [           main] o.s.b.f.s.DefaultListableBeanFactory     : Returning cached instance of singleton bean 'autoConfigurationReport'
2024-07-21T15:49:56.532+02:00 TRACE 248560 --- [crud-springboot] [           main] o.s.b.f.s.DefaultListableBeanFactory     : Returning cached instance of singleton bean 'autoConfigurationReport'
2024-07-21T15:49:56.532+02:00 TRACE 248560 --- [crud-springboot] [           main] o.s.b.f.s.DefaultListableBeanFactory     : Returning cached instance of singleton bean 'autoConfigurationReport'
2024-07-21T15:49:56.532+02:00 TRACE 248560 --- [crud-springboot] [           main] o.s.b.f.s.DefaultListableBeanFactory     : Returning cached instance of singleton bean 'autoConfigurationReport'
2024-07-21T15:49:56.532+02:00 TRACE 248560 --- [crud-springboot] [           main] o.s.b.f.s.DefaultListableBeanFactory     : Returning cached instance of singleton bean 'autoConfigurationReport'
2024-07-21T15:49:56.532+02:00 TRACE 248560 --- [crud-springboot] [           main] o.s.b.f.s.DefaultListableBeanFactory     : Returning cached instance of singleton bean 'autoConfigurationReport'
2024-07-21T15:49:56.532+02:00 TRACE 248560 --- [crud-springboot] [           main] o.s.b.f.s.DefaultListableBeanFactory     : Returning cached instance of singleton bean 'autoConfigurationReport'
2024-07-21T15:49:56.535+02:00 TRACE 248560 --- [crud-springboot] [           main] o.s.b.a.condition.OnClassCondition       : Condition OnClassCondition on org.springframework.boot.autoconfigure.http.HttpMessageConvertersAutoConfiguration matched due to @ConditionalOnClass found required class 'org.springframework.http.converter.HttpMessageConverter'
2024-07-21T15:49:56.535+02:00 TRACE 248560 --- [crud-springboot] [           main] o.s.b.f.s.DefaultListableBeanFactory     : Returning cached instance of singleton bean 'autoConfigurationReport'
2024-07-21T15:49:56.537+02:00 TRACE 248560 --- [crud-springboot] [           main] ation$NotReactiveWebApplicationCondition : Condition HttpMessageConvertersAutoConfiguration.NotReactiveWebApplicationCondition on org.springframework.boot.autoconfigure.http.HttpMessageConvertersAutoConfiguration matched due to NoneNestedConditions 0 matched 1 did not; NestedCondition on HttpMessageConvertersAutoConfiguration.NotReactiveWebApplicationCondition.ReactiveWebApplication did not find reactive web application classes
2024-07-21T15:49:56.537+02:00 TRACE 248560 --- [crud-springboot] [           main] o.s.b.f.s.DefaultListableBeanFactory     : Returning cached instance of singleton bean 'autoConfigurationReport'
2024-07-21T15:49:56.537+02:00 TRACE 248560 --- [crud-springboot] [           main] o.s.b.f.s.DefaultListableBeanFactory     : Returning cached instance of singleton bean 'autoConfigurationReport'
2024-07-21T15:49:56.537+02:00 TRACE 248560 --- [crud-springboot] [           main] o.s.b.f.s.DefaultListableBeanFactory     : Returning cached instance of singleton bean 'autoConfigurationReport'
2024-07-21T15:49:56.537+02:00 TRACE 248560 --- [crud-springboot] [           main] o.s.b.f.s.DefaultListableBeanFactory     : Returning cached instance of singleton bean 'autoConfigurationReport'
2024-07-21T15:49:56.538+02:00 TRACE 248560 --- [crud-springboot] [           main] o.s.b.a.condition.OnClassCondition       : Condition OnClassCondition on org.springframework.boot.autoconfigure.http.HttpMessageConvertersAutoConfiguration$StringHttpMessageConverterConfiguration matched due to @ConditionalOnClass found required class 'org.springframework.http.converter.StringHttpMessageConverter'
2024-07-21T15:49:56.539+02:00 TRACE 248560 --- [crud-springboot] [           main] o.s.b.f.s.DefaultListableBeanFactory     : Returning cached instance of singleton bean 'autoConfigurationReport'
2024-07-21T15:49:56.539+02:00 TRACE 248560 --- [crud-springboot] [           main] o.s.b.f.s.DefaultListableBeanFactory     : Returning cached instance of singleton bean 'autoConfigurationReport'
2024-07-21T15:49:56.539+02:00 TRACE 248560 --- [crud-springboot] [           main] o.s.b.f.s.DefaultListableBeanFactory     : Returning cached instance of singleton bean 'autoConfigurationReport'
2024-07-21T15:49:56.539+02:00 TRACE 248560 --- [crud-springboot] [           main] o.s.b.f.s.DefaultListableBeanFactory     : Returning cached instance of singleton bean 'autoConfigurationReport'
2024-07-21T15:49:56.541+02:00 TRACE 248560 --- [crud-springboot] [           main] o.s.b.f.s.DefaultListableBeanFactory     : Returning cached instance of singleton bean 'autoConfigurationReport'
2024-07-21T15:49:56.541+02:00 TRACE 248560 --- [crud-springboot] [           main] o.s.b.f.s.DefaultListableBeanFactory     : Returning cached instance of singleton bean 'autoConfigurationReport'
2024-07-21T15:49:56.541+02:00 TRACE 248560 --- [crud-springboot] [           main] o.s.b.f.s.DefaultListableBeanFactory     : Returning cached instance of singleton bean 'autoConfigurationReport'
2024-07-21T15:49:56.543+02:00 TRACE 248560 --- [crud-springboot] [           main] o.s.b.a.condition.OnClassCondition       : Condition OnClassCondition on org.springframework.boot.autoconfigure.http.JacksonHttpMessageConvertersConfiguration$MappingJackson2XmlHttpMessageConverterConfiguration did not match due to @ConditionalOnClass did not find required class 'com.fasterxml.jackson.dataformat.xml.XmlMapper'
2024-07-21T15:49:56.544+02:00 TRACE 248560 --- [crud-springboot] [           main] o.s.b.f.s.DefaultListableBeanFactory     : Returning cached instance of singleton bean 'autoConfigurationReport'
2024-07-21T15:49:56.545+02:00 TRACE 248560 --- [crud-springboot] [           main] o.s.b.a.condition.OnClassCondition       : Condition OnClassCondition on org.springframework.boot.autoconfigure.http.JacksonHttpMessageConvertersConfiguration$MappingJackson2HttpMessageConverterConfiguration matched due to @ConditionalOnClass found required class 'com.fasterxml.jackson.databind.ObjectMapper'
2024-07-21T15:49:56.546+02:00 TRACE 248560 --- [crud-springboot] [           main] o.s.b.f.s.DefaultListableBeanFactory     : Returning cached instance of singleton bean 'autoConfigurationReport'
2024-07-21T15:49:56.546+02:00 TRACE 248560 --- [crud-springboot] [           main] o.s.b.a.condition.OnPropertyCondition    : Condition OnPropertyCondition on org.springframework.boot.autoconfigure.http.JacksonHttpMessageConvertersConfiguration$MappingJackson2HttpMessageConverterConfiguration matched due to @ConditionalOnProperty (spring.mvc.converters.preferred-json-mapper=jackson) matched
2024-07-21T15:49:56.546+02:00 TRACE 248560 --- [crud-springboot] [           main] o.s.b.f.s.DefaultListableBeanFactory     : Returning cached instance of singleton bean 'autoConfigurationReport'
2024-07-21T15:49:56.546+02:00 TRACE 248560 --- [crud-springboot] [           main] o.s.b.f.s.DefaultListableBeanFactory     : Returning cached instance of singleton bean 'autoConfigurationReport'
2024-07-21T15:49:56.546+02:00 TRACE 248560 --- [crud-springboot] [           main] o.s.b.f.s.DefaultListableBeanFactory     : Returning cached instance of singleton bean 'autoConfigurationReport'
2024-07-21T15:49:56.546+02:00 TRACE 248560 --- [crud-springboot] [           main] o.s.b.f.s.DefaultListableBeanFactory     : Returning cached instance of singleton bean 'autoConfigurationReport'
2024-07-21T15:49:56.547+02:00 TRACE 248560 --- [crud-springboot] [           main] o.s.b.a.condition.OnClassCondition       : Condition OnClassCondition on org.springframework.boot.autoconfigure.http.GsonHttpMessageConvertersConfiguration did not match due to @ConditionalOnClass did not find required class 'com.google.gson.Gson'
2024-07-21T15:49:56.548+02:00 TRACE 248560 --- [crud-springboot] [           main] o.s.b.f.s.DefaultListableBeanFactory     : Returning cached instance of singleton bean 'autoConfigurationReport'
2024-07-21T15:49:56.548+02:00 TRACE 248560 --- [crud-springboot] [           main] o.s.b.a.condition.OnClassCondition       : Condition OnClassCondition on org.springframework.boot.autoconfigure.http.JsonbHttpMessageConvertersConfiguration did not match due to @ConditionalOnClass did not find required class 'jakarta.json.bind.Jsonb'
2024-07-21T15:49:56.548+02:00 TRACE 248560 --- [crud-springboot] [           main] o.s.b.f.s.DefaultListableBeanFactory     : Returning cached instance of singleton bean 'autoConfigurationReport'
2024-07-21T15:49:56.548+02:00 TRACE 248560 --- [crud-springboot] [           main] o.s.b.f.s.DefaultListableBeanFactory     : Returning cached instance of singleton bean 'autoConfigurationReport'
2024-07-21T15:49:56.548+02:00 TRACE 248560 --- [crud-springboot] [           main] o.s.b.f.s.DefaultListableBeanFactory     : Returning cached instance of singleton bean 'autoConfigurationReport'
2024-07-21T15:49:56.548+02:00 TRACE 248560 --- [crud-springboot] [           main] o.s.b.f.s.DefaultListableBeanFactory     : Returning cached instance of singleton bean 'autoConfigurationReport'
2024-07-21T15:49:56.549+02:00 TRACE 248560 --- [crud-springboot] [           main] o.s.b.f.s.DefaultListableBeanFactory     : Returning cached instance of singleton bean 'autoConfigurationReport'
2024-07-21T15:49:56.549+02:00 TRACE 248560 --- [crud-springboot] [           main] o.s.b.f.s.DefaultListableBeanFactory     : Returning cached instance of singleton bean 'autoConfigurationReport'
2024-07-21T15:49:56.549+02:00 TRACE 248560 --- [crud-springboot] [           main] o.s.b.f.s.DefaultListableBeanFactory     : Returning cached instance of singleton bean 'autoConfigurationReport'
2024-07-21T15:49:56.552+02:00 TRACE 248560 --- [crud-springboot] [           main] o.s.b.a.condition.OnClassCondition       : Condition OnClassCondition on org.springframework.boot.autoconfigure.data.web.SpringDataWebAutoConfiguration matched due to @ConditionalOnClass found required classes 'org.springframework.data.web.PageableHandlerMethodArgumentResolver', 'org.springframework.web.servlet.config.annotation.WebMvcConfigurer'
2024-07-21T15:49:56.552+02:00 TRACE 248560 --- [crud-springboot] [           main] o.s.b.f.s.DefaultListableBeanFactory     : Returning cached instance of singleton bean 'autoConfigurationReport'
2024-07-21T15:49:56.552+02:00 TRACE 248560 --- [crud-springboot] [           main] o.s.b.a.c.OnWebApplicationCondition      : Condition OnWebApplicationCondition on org.springframework.boot.autoconfigure.data.web.SpringDataWebAutoConfiguration matched due to found 'session' scope
2024-07-21T15:49:56.552+02:00 TRACE 248560 --- [crud-springboot] [           main] o.s.b.f.s.DefaultListableBeanFactory     : Returning cached instance of singleton bean 'autoConfigurationReport'
2024-07-21T15:49:56.552+02:00 TRACE 248560 --- [crud-springboot] [           main] o.s.b.f.s.DefaultListableBeanFactory     : Returning cached instance of singleton bean 'autoConfigurationReport'
2024-07-21T15:49:56.552+02:00 TRACE 248560 --- [crud-springboot] [           main] o.s.b.f.s.DefaultListableBeanFactory     : Returning cached instance of singleton bean 'autoConfigurationReport'
2024-07-21T15:49:56.552+02:00 TRACE 248560 --- [crud-springboot] [           main] o.s.b.f.s.DefaultListableBeanFactory     : Returning cached instance of singleton bean 'autoConfigurationReport'
2024-07-21T15:49:56.558+02:00 TRACE 248560 --- [crud-springboot] [           main] o.s.b.f.s.DefaultListableBeanFactory     : Returning cached instance of singleton bean 'autoConfigurationReport'
2024-07-21T15:49:56.558+02:00 TRACE 248560 --- [crud-springboot] [           main] o.s.b.f.s.DefaultListableBeanFactory     : Returning cached instance of singleton bean 'autoConfigurationReport'
2024-07-21T15:49:56.558+02:00 TRACE 248560 --- [crud-springboot] [           main] o.s.b.f.s.DefaultListableBeanFactory     : Returning cached instance of singleton bean 'autoConfigurationReport'
2024-07-21T15:49:56.559+02:00 TRACE 248560 --- [crud-springboot] [           main] o.s.b.f.s.DefaultListableBeanFactory     : Returning cached instance of singleton bean 'autoConfigurationReport'
2024-07-21T15:49:56.559+02:00 TRACE 248560 --- [crud-springboot] [           main] o.s.b.f.s.DefaultListableBeanFactory     : Returning cached instance of singleton bean 'autoConfigurationReport'
2024-07-21T15:49:56.559+02:00 TRACE 248560 --- [crud-springboot] [           main] o.s.b.f.s.DefaultListableBeanFactory     : Returning cached instance of singleton bean 'autoConfigurationReport'
2024-07-21T15:49:56.559+02:00 TRACE 248560 --- [crud-springboot] [           main] o.s.b.f.s.DefaultListableBeanFactory     : Returning cached instance of singleton bean 'autoConfigurationReport'
2024-07-21T15:49:56.559+02:00 TRACE 248560 --- [crud-springboot] [           main] o.s.b.f.s.DefaultListableBeanFactory     : Returning cached instance of singleton bean 'autoConfigurationReport'
2024-07-21T15:49:56.559+02:00 TRACE 248560 --- [crud-springboot] [           main] o.s.b.f.s.DefaultListableBeanFactory     : Returning cached instance of singleton bean 'autoConfigurationReport'
2024-07-21T15:49:56.560+02:00 TRACE 248560 --- [crud-springboot] [           main] o.s.b.f.s.DefaultListableBeanFactory     : Returning cached instance of singleton bean 'autoConfigurationReport'
2024-07-21T15:49:56.560+02:00 TRACE 248560 --- [crud-springboot] [           main] o.s.b.f.s.DefaultListableBeanFactory     : Returning cached instance of singleton bean 'autoConfigurationReport'
2024-07-21T15:49:56.560+02:00 TRACE 248560 --- [crud-springboot] [           main] o.s.b.f.s.DefaultListableBeanFactory     : Returning cached instance of singleton bean 'autoConfigurationReport'
2024-07-21T15:49:56.562+02:00 TRACE 248560 --- [crud-springboot] [           main] o.s.b.f.s.DefaultListableBeanFactory     : Returning cached instance of singleton bean 'autoConfigurationReport'
2024-07-21T15:49:56.562+02:00 TRACE 248560 --- [crud-springboot] [           main] o.s.b.f.s.DefaultListableBeanFactory     : Returning cached instance of singleton bean 'autoConfigurationReport'
2024-07-21T15:49:56.562+02:00 TRACE 248560 --- [crud-springboot] [           main] o.s.b.f.s.DefaultListableBeanFactory     : Returning cached instance of singleton bean 'autoConfigurationReport'
2024-07-21T15:49:56.563+02:00 TRACE 248560 --- [crud-springboot] [           main] o.s.b.f.s.DefaultListableBeanFactory     : Returning cached instance of singleton bean 'autoConfigurationReport'
2024-07-21T15:49:56.564+02:00 TRACE 248560 --- [crud-springboot] [           main] o.s.b.f.s.DefaultListableBeanFactory     : Returning cached instance of singleton bean 'autoConfigurationReport'
2024-07-21T15:49:56.564+02:00 TRACE 248560 --- [crud-springboot] [           main] o.s.b.f.s.DefaultListableBeanFactory     : Returning cached instance of singleton bean 'autoConfigurationReport'
2024-07-21T15:49:56.567+02:00 TRACE 248560 --- [crud-springboot] [           main] o.s.b.f.s.DefaultListableBeanFactory     : Returning cached instance of singleton bean 'autoConfigurationReport'
2024-07-21T15:49:56.567+02:00 TRACE 248560 --- [crud-springboot] [           main] o.s.b.f.s.DefaultListableBeanFactory     : Returning cached instance of singleton bean 'autoConfigurationReport'
2024-07-21T15:49:56.567+02:00 TRACE 248560 --- [crud-springboot] [           main] o.s.b.f.s.DefaultListableBeanFactory     : Returning cached instance of singleton bean 'autoConfigurationReport'
2024-07-21T15:49:56.568+02:00 TRACE 248560 --- [crud-springboot] [           main] o.s.b.f.s.DefaultListableBeanFactory     : Returning cached instance of singleton bean 'autoConfigurationReport'
2024-07-21T15:49:56.568+02:00 TRACE 248560 --- [crud-springboot] [           main] o.s.b.f.s.DefaultListableBeanFactory     : Returning cached instance of singleton bean 'autoConfigurationReport'
2024-07-21T15:49:56.568+02:00 TRACE 248560 --- [crud-springboot] [           main] o.s.b.f.s.DefaultListableBeanFactory     : Returning cached instance of singleton bean 'autoConfigurationReport'
2024-07-21T15:49:56.571+02:00 TRACE 248560 --- [crud-springboot] [           main] o.s.b.f.s.DefaultListableBeanFactory     : Returning cached instance of singleton bean 'autoConfigurationReport'
2024-07-21T15:49:56.571+02:00 TRACE 248560 --- [crud-springboot] [           main] o.s.b.f.s.DefaultListableBeanFactory     : Returning cached instance of singleton bean 'autoConfigurationReport'
2024-07-21T15:49:56.571+02:00 TRACE 248560 --- [crud-springboot] [           main] o.s.b.f.s.DefaultListableBeanFactory     : Returning cached instance of singleton bean 'autoConfigurationReport'
2024-07-21T15:49:56.572+02:00 TRACE 248560 --- [crud-springboot] [           main] o.s.b.f.s.DefaultListableBeanFactory     : Returning cached instance of singleton bean 'autoConfigurationReport'
2024-07-21T15:49:56.572+02:00 TRACE 248560 --- [crud-springboot] [           main] o.s.b.f.s.DefaultListableBeanFactory     : Returning cached instance of singleton bean 'autoConfigurationReport'
2024-07-21T15:49:56.572+02:00 TRACE 248560 --- [crud-springboot] [           main] o.s.b.f.s.DefaultListableBeanFactory     : Returning cached instance of singleton bean 'autoConfigurationReport'
2024-07-21T15:49:56.572+02:00 TRACE 248560 --- [crud-springboot] [           main] o.s.b.f.s.DefaultListableBeanFactory     : Returning cached instance of singleton bean 'autoConfigurationReport'
2024-07-21T15:49:56.572+02:00 TRACE 248560 --- [crud-springboot] [           main] o.s.b.f.s.DefaultListableBeanFactory     : Returning cached instance of singleton bean 'autoConfigurationReport'
2024-07-21T15:49:56.572+02:00 TRACE 248560 --- [crud-springboot] [           main] o.s.b.f.s.DefaultListableBeanFactory     : Returning cached instance of singleton bean 'autoConfigurationReport'
2024-07-21T15:49:56.574+02:00 TRACE 248560 --- [crud-springboot] [           main] o.s.b.a.condition.OnClassCondition       : Condition OnClassCondition on org.springframework.boot.autoconfigure.jdbc.JdbcTemplateAutoConfiguration matched due to @ConditionalOnClass found required classes 'javax.sql.DataSource', 'org.springframework.jdbc.core.JdbcTemplate'
2024-07-21T15:49:56.574+02:00 TRACE 248560 --- [crud-springboot] [           main] o.s.b.f.s.DefaultListableBeanFactory     : Returning cached instance of singleton bean 'autoConfigurationReport'
2024-07-21T15:49:56.574+02:00 TRACE 248560 --- [crud-springboot] [           main] o.s.b.f.s.DefaultListableBeanFactory     : Returning cached instance of singleton bean 'autoConfigurationReport'
2024-07-21T15:49:56.574+02:00 TRACE 248560 --- [crud-springboot] [           main] o.s.b.f.s.DefaultListableBeanFactory     : Returning cached instance of singleton bean 'autoConfigurationReport'
2024-07-21T15:49:56.574+02:00 TRACE 248560 --- [crud-springboot] [           main] o.s.b.f.s.DefaultListableBeanFactory     : Returning cached instance of singleton bean 'autoConfigurationReport'
2024-07-21T15:49:56.577+02:00 TRACE 248560 --- [crud-springboot] [           main] o.s.b.f.s.DefaultListableBeanFactory     : Returning cached instance of singleton bean 'autoConfigurationReport'
2024-07-21T15:49:56.577+02:00 TRACE 248560 --- [crud-springboot] [           main] o.s.b.f.s.DefaultListableBeanFactory     : Returning cached instance of singleton bean 'autoConfigurationReport'
2024-07-21T15:49:56.577+02:00 TRACE 248560 --- [crud-springboot] [           main] o.s.b.f.s.DefaultListableBeanFactory     : Returning cached instance of singleton bean 'autoConfigurationReport'
2024-07-21T15:49:56.578+02:00 TRACE 248560 --- [crud-springboot] [           main] o.s.b.f.s.DefaultListableBeanFactory     : Returning cached instance of singleton bean 'autoConfigurationReport'
2024-07-21T15:49:56.579+02:00 TRACE 248560 --- [crud-springboot] [           main] o.s.b.f.s.DefaultListableBeanFactory     : Returning cached instance of singleton bean 'autoConfigurationReport'
2024-07-21T15:49:56.579+02:00 TRACE 248560 --- [crud-springboot] [           main] o.s.b.f.s.DefaultListableBeanFactory     : Returning cached instance of singleton bean 'autoConfigurationReport'
2024-07-21T15:49:56.579+02:00 TRACE 248560 --- [crud-springboot] [           main] o.s.b.f.s.DefaultListableBeanFactory     : Returning cached instance of singleton bean 'autoConfigurationReport'
2024-07-21T15:49:56.579+02:00 TRACE 248560 --- [crud-springboot] [           main] o.s.b.f.s.DefaultListableBeanFactory     : Returning cached instance of singleton bean 'autoConfigurationReport'
2024-07-21T15:49:56.579+02:00 TRACE 248560 --- [crud-springboot] [           main] o.s.b.f.s.DefaultListableBeanFactory     : Returning cached instance of singleton bean 'autoConfigurationReport'
2024-07-21T15:49:56.580+02:00 TRACE 248560 --- [crud-springboot] [           main] o.s.b.f.s.DefaultListableBeanFactory     : Returning cached instance of singleton bean 'autoConfigurationReport'
2024-07-21T15:49:56.580+02:00 TRACE 248560 --- [crud-springboot] [           main] o.s.b.f.s.DefaultListableBeanFactory     : Returning cached instance of singleton bean 'autoConfigurationReport'
2024-07-21T15:49:56.580+02:00 TRACE 248560 --- [crud-springboot] [           main] o.s.b.f.s.DefaultListableBeanFactory     : Returning cached instance of singleton bean 'autoConfigurationReport'
2024-07-21T15:49:56.581+02:00 TRACE 248560 --- [crud-springboot] [           main] o.s.b.f.s.DefaultListableBeanFactory     : Returning cached instance of singleton bean 'autoConfigurationReport'
2024-07-21T15:49:56.581+02:00 TRACE 248560 --- [crud-springboot] [           main] o.s.b.f.s.DefaultListableBeanFactory     : Returning cached instance of singleton bean 'autoConfigurationReport'
2024-07-21T15:49:56.581+02:00 TRACE 248560 --- [crud-springboot] [           main] o.s.b.f.s.DefaultListableBeanFactory     : Returning cached instance of singleton bean 'autoConfigurationReport'
2024-07-21T15:49:56.583+02:00 TRACE 248560 --- [crud-springboot] [           main] o.s.b.f.s.DefaultListableBeanFactory     : Returning cached instance of singleton bean 'autoConfigurationReport'
2024-07-21T15:49:56.583+02:00 TRACE 248560 --- [crud-springboot] [           main] o.s.b.f.s.DefaultListableBeanFactory     : Returning cached instance of singleton bean 'autoConfigurationReport'
2024-07-21T15:49:56.583+02:00 TRACE 248560 --- [crud-springboot] [           main] o.s.b.f.s.DefaultListableBeanFactory     : Returning cached instance of singleton bean 'autoConfigurationReport'
2024-07-21T15:49:56.583+02:00 TRACE 248560 --- [crud-springboot] [           main] o.s.b.f.s.DefaultListableBeanFactory     : Returning cached instance of singleton bean 'autoConfigurationReport'
2024-07-21T15:49:56.583+02:00 TRACE 248560 --- [crud-springboot] [           main] o.s.b.f.s.DefaultListableBeanFactory     : Returning cached instance of singleton bean 'autoConfigurationReport'
2024-07-21T15:49:56.583+02:00 TRACE 248560 --- [crud-springboot] [           main] o.s.b.f.s.DefaultListableBeanFactory     : Returning cached instance of singleton bean 'autoConfigurationReport'
2024-07-21T15:49:56.587+02:00 TRACE 248560 --- [crud-springboot] [           main] o.s.b.a.condition.OnClassCondition       : Condition OnClassCondition on org.springframework.boot.autoconfigure.security.reactive.ReactiveUserDetailsServiceAutoConfiguration matched due to @ConditionalOnClass found required class 'org.springframework.security.authentication.ReactiveAuthenticationManager'
2024-07-21T15:49:56.587+02:00 TRACE 248560 --- [crud-springboot] [           main] o.s.b.f.s.DefaultListableBeanFactory     : Returning cached instance of singleton bean 'autoConfigurationReport'
2024-07-21T15:49:56.590+02:00 TRACE 248560 --- [crud-springboot] [           main] ingAlternativeOrUserPropertiesConfigured : Condition ReactiveUserDetailsServiceAutoConfiguration.MissingAlternativeOrUserPropertiesConfigured on org.springframework.boot.autoconfigure.security.reactive.ReactiveUserDetailsServiceAutoConfiguration matched due to AnyNestedCondition 1 matched 2 did not; NestedCondition on ReactiveUserDetailsServiceAutoConfiguration.MissingAlternativeOrUserPropertiesConfigured.PasswordConfigured @ConditionalOnProperty (spring.security.user.password) did not find property 'password'; NestedCondition on ReactiveUserDetailsServiceAutoConfiguration.MissingAlternativeOrUserPropertiesConfigured.NameConfigured @ConditionalOnProperty (spring.security.user.name) did not find property 'name'; NestedCondition on ReactiveUserDetailsServiceAutoConfiguration.MissingAlternativeOrUserPropertiesConfigured.MissingAlternative @ConditionalOnMissingClass did not find unwanted classes 'org.springframework.security.oauth2.client.registration.ClientRegistrationRepository', 'org.springframework.security.oauth2.server.resource.introspection.ReactiveOpaqueTokenIntrospector'
2024-07-21T15:49:56.591+02:00 TRACE 248560 --- [crud-springboot] [           main] o.s.b.f.s.DefaultListableBeanFactory     : Returning cached instance of singleton bean 'autoConfigurationReport'
2024-07-21T15:49:56.591+02:00 TRACE 248560 --- [crud-springboot] [           main] o.s.b.f.s.DefaultListableBeanFactory     : Returning cached instance of singleton bean 'autoConfigurationReport'
2024-07-21T15:49:56.591+02:00 TRACE 248560 --- [crud-springboot] [           main] o.s.b.f.s.DefaultListableBeanFactory     : Returning cached instance of singleton bean 'autoConfigurationReport'
2024-07-21T15:49:56.591+02:00 TRACE 248560 --- [crud-springboot] [           main] o.s.b.f.s.DefaultListableBeanFactory     : Returning cached instance of singleton bean 'autoConfigurationReport'
2024-07-21T15:49:56.592+02:00 TRACE 248560 --- [crud-springboot] [           main] o.s.b.f.s.DefaultListableBeanFactory     : Returning cached instance of singleton bean 'autoConfigurationReport'
2024-07-21T15:49:56.592+02:00 TRACE 248560 --- [crud-springboot] [           main] o.s.b.f.s.DefaultListableBeanFactory     : Returning cached instance of singleton bean 'autoConfigurationReport'
2024-07-21T15:49:56.592+02:00 TRACE 248560 --- [crud-springboot] [           main] o.s.b.f.s.DefaultListableBeanFactory     : Returning cached instance of singleton bean 'autoConfigurationReport'
2024-07-21T15:49:56.592+02:00 TRACE 248560 --- [crud-springboot] [           main] o.s.b.f.s.DefaultListableBeanFactory     : Returning cached instance of singleton bean 'autoConfigurationReport'
2024-07-21T15:49:56.592+02:00 TRACE 248560 --- [crud-springboot] [           main] o.s.b.f.s.DefaultListableBeanFactory     : Returning cached instance of singleton bean 'autoConfigurationReport'
2024-07-21T15:49:56.592+02:00 TRACE 248560 --- [crud-springboot] [           main] o.s.b.f.s.DefaultListableBeanFactory     : Returning cached instance of singleton bean 'autoConfigurationReport'
2024-07-21T15:49:56.593+02:00 TRACE 248560 --- [crud-springboot] [           main] o.s.b.a.condition.OnClassCondition       : Condition OnClassCondition on org.springframework.boot.autoconfigure.security.servlet.SecurityAutoConfiguration matched due to @ConditionalOnClass found required class 'org.springframework.security.authentication.DefaultAuthenticationEventPublisher'
2024-07-21T15:49:56.593+02:00 TRACE 248560 --- [crud-springboot] [           main] o.s.b.f.s.DefaultListableBeanFactory     : Returning cached instance of singleton bean 'autoConfigurationReport'
2024-07-21T15:49:56.593+02:00 TRACE 248560 --- [crud-springboot] [           main] o.s.b.f.s.DefaultListableBeanFactory     : Returning cached instance of singleton bean 'autoConfigurationReport'
2024-07-21T15:49:56.593+02:00 TRACE 248560 --- [crud-springboot] [           main] o.s.b.f.s.DefaultListableBeanFactory     : Returning cached instance of singleton bean 'autoConfigurationReport'
2024-07-21T15:49:56.593+02:00 TRACE 248560 --- [crud-springboot] [           main] o.s.b.f.s.DefaultListableBeanFactory     : Returning cached instance of singleton bean 'autoConfigurationReport'
2024-07-21T15:49:56.596+02:00 TRACE 248560 --- [crud-springboot] [           main] o.s.b.a.c.OnWebApplicationCondition      : Condition OnWebApplicationCondition on org.springframework.boot.autoconfigure.security.servlet.SpringBootWebSecurityConfiguration matched due to found 'session' scope
2024-07-21T15:49:56.596+02:00 TRACE 248560 --- [crud-springboot] [           main] o.s.b.f.s.DefaultListableBeanFactory     : Returning cached instance of singleton bean 'autoConfigurationReport'
2024-07-21T15:49:56.596+02:00 TRACE 248560 --- [crud-springboot] [           main] o.s.b.f.s.DefaultListableBeanFactory     : Returning cached instance of singleton bean 'autoConfigurationReport'
2024-07-21T15:49:56.596+02:00 TRACE 248560 --- [crud-springboot] [           main] o.s.b.f.s.DefaultListableBeanFactory     : Returning cached instance of singleton bean 'autoConfigurationReport'
2024-07-21T15:49:56.596+02:00 TRACE 248560 --- [crud-springboot] [           main] o.s.b.f.s.DefaultListableBeanFactory     : Returning cached instance of singleton bean 'autoConfigurationReport'
2024-07-21T15:49:56.601+02:00 TRACE 248560 --- [crud-springboot] [           main] o.s.b.a.condition.OnClassCondition       : Condition OnClassCondition on org.springframework.boot.autoconfigure.security.servlet.SpringBootWebSecurityConfiguration$WebSecurityEnablerConfiguration matched due to @ConditionalOnClass found required class 'org.springframework.security.config.annotation.web.configuration.EnableWebSecurity'
2024-07-21T15:49:56.601+02:00 TRACE 248560 --- [crud-springboot] [           main] o.s.b.f.s.DefaultListableBeanFactory     : Returning cached instance of singleton bean 'autoConfigurationReport'
2024-07-21T15:49:56.601+02:00 TRACE 248560 --- [crud-springboot] [           main] o.s.b.f.s.DefaultListableBeanFactory     : Returning cached instance of singleton bean 'autoConfigurationReport'
2024-07-21T15:49:56.601+02:00 TRACE 248560 --- [crud-springboot] [           main] o.s.b.f.s.DefaultListableBeanFactory     : Returning cached instance of singleton bean 'autoConfigurationReport'
2024-07-21T15:49:56.602+02:00 TRACE 248560 --- [crud-springboot] [           main] o.s.b.f.s.DefaultListableBeanFactory     : Returning cached instance of singleton bean 'autoConfigurationReport'
2024-07-21T15:49:56.603+02:00 TRACE 248560 --- [crud-springboot] [           main] o.s.b.f.s.DefaultListableBeanFactory     : Returning cached instance of singleton bean 'autoConfigurationReport'
2024-07-21T15:49:56.603+02:00 TRACE 248560 --- [crud-springboot] [           main] o.s.b.f.s.DefaultListableBeanFactory     : Returning cached instance of singleton bean 'autoConfigurationReport'
2024-07-21T15:49:56.603+02:00 TRACE 248560 --- [crud-springboot] [           main] o.s.b.f.s.DefaultListableBeanFactory     : Returning cached instance of singleton bean 'autoConfigurationReport'
2024-07-21T15:49:56.605+02:00 TRACE 248560 --- [crud-springboot] [           main] o.s.b.f.s.DefaultListableBeanFactory     : Returning cached instance of singleton bean 'autoConfigurationReport'
2024-07-21T15:49:56.605+02:00 TRACE 248560 --- [crud-springboot] [           main] o.s.b.f.s.DefaultListableBeanFactory     : Returning cached instance of singleton bean 'autoConfigurationReport'
2024-07-21T15:49:56.605+02:00 TRACE 248560 --- [crud-springboot] [           main] o.s.b.f.s.DefaultListableBeanFactory     : Returning cached instance of singleton bean 'autoConfigurationReport'
2024-07-21T15:49:56.606+02:00 TRACE 248560 --- [crud-springboot] [           main] o.s.b.a.condition.OnClassCondition       : Condition OnClassCondition on org.springframework.boot.autoconfigure.security.SecurityDataConfiguration did not match due to @ConditionalOnClass did not find required class 'org.springframework.security.data.repository.query.SecurityEvaluationContextExtension'
2024-07-21T15:49:56.606+02:00 TRACE 248560 --- [crud-springboot] [           main] o.s.b.f.s.DefaultListableBeanFactory     : Returning cached instance of singleton bean 'autoConfigurationReport'
2024-07-21T15:49:56.606+02:00 TRACE 248560 --- [crud-springboot] [           main] o.s.b.f.s.DefaultListableBeanFactory     : Returning cached instance of singleton bean 'autoConfigurationReport'
2024-07-21T15:49:56.606+02:00 TRACE 248560 --- [crud-springboot] [           main] o.s.b.f.s.DefaultListableBeanFactory     : Returning cached instance of singleton bean 'autoConfigurationReport'
2024-07-21T15:49:56.606+02:00 TRACE 248560 --- [crud-springboot] [           main] o.s.b.f.s.DefaultListableBeanFactory     : Returning cached instance of singleton bean 'autoConfigurationReport'
2024-07-21T15:49:56.607+02:00 TRACE 248560 --- [crud-springboot] [           main] o.s.b.f.s.DefaultListableBeanFactory     : Returning cached instance of singleton bean 'autoConfigurationReport'
2024-07-21T15:49:56.607+02:00 TRACE 248560 --- [crud-springboot] [           main] o.s.b.f.s.DefaultListableBeanFactory     : Returning cached instance of singleton bean 'autoConfigurationReport'
2024-07-21T15:49:56.607+02:00 TRACE 248560 --- [crud-springboot] [           main] o.s.b.f.s.DefaultListableBeanFactory     : Returning cached instance of singleton bean 'autoConfigurationReport'
2024-07-21T15:49:56.608+02:00 TRACE 248560 --- [crud-springboot] [           main] o.s.b.a.condition.OnClassCondition       : Condition OnClassCondition on org.springframework.boot.autoconfigure.security.servlet.SecurityFilterAutoConfiguration matched due to @ConditionalOnClass found required classes 'org.springframework.security.web.context.AbstractSecurityWebApplicationInitializer', 'org.springframework.security.config.http.SessionCreationPolicy'
2024-07-21T15:49:56.608+02:00 TRACE 248560 --- [crud-springboot] [           main] o.s.b.f.s.DefaultListableBeanFactory     : Returning cached instance of singleton bean 'autoConfigurationReport'
2024-07-21T15:49:56.608+02:00 TRACE 248560 --- [crud-springboot] [           main] o.s.b.a.c.OnWebApplicationCondition      : Condition OnWebApplicationCondition on org.springframework.boot.autoconfigure.security.servlet.SecurityFilterAutoConfiguration matched due to found 'session' scope
2024-07-21T15:49:56.608+02:00 TRACE 248560 --- [crud-springboot] [           main] o.s.b.f.s.DefaultListableBeanFactory     : Returning cached instance of singleton bean 'autoConfigurationReport'
2024-07-21T15:49:56.608+02:00 TRACE 248560 --- [crud-springboot] [           main] o.s.b.f.s.DefaultListableBeanFactory     : Returning cached instance of singleton bean 'autoConfigurationReport'
2024-07-21T15:49:56.608+02:00 TRACE 248560 --- [crud-springboot] [           main] o.s.b.f.s.DefaultListableBeanFactory     : Returning cached instance of singleton bean 'autoConfigurationReport'
2024-07-21T15:49:56.608+02:00 TRACE 248560 --- [crud-springboot] [           main] o.s.b.f.s.DefaultListableBeanFactory     : Returning cached instance of singleton bean 'autoConfigurationReport'
2024-07-21T15:49:56.609+02:00 TRACE 248560 --- [crud-springboot] [           main] o.s.b.f.s.DefaultListableBeanFactory     : Returning cached instance of singleton bean 'autoConfigurationReport'
2024-07-21T15:49:56.609+02:00 TRACE 248560 --- [crud-springboot] [           main] o.s.b.f.s.DefaultListableBeanFactory     : Returning cached instance of singleton bean 'autoConfigurationReport'
2024-07-21T15:49:56.609+02:00 TRACE 248560 --- [crud-springboot] [           main] o.s.b.f.s.DefaultListableBeanFactory     : Returning cached instance of singleton bean 'autoConfigurationReport'
2024-07-21T15:49:56.609+02:00 TRACE 248560 --- [crud-springboot] [           main] o.s.b.f.s.DefaultListableBeanFactory     : Returning cached instance of singleton bean 'autoConfigurationReport'
2024-07-21T15:49:56.609+02:00 TRACE 248560 --- [crud-springboot] [           main] o.s.b.f.s.DefaultListableBeanFactory     : Returning cached instance of singleton bean 'autoConfigurationReport'
2024-07-21T15:49:56.609+02:00 TRACE 248560 --- [crud-springboot] [           main] o.s.b.f.s.DefaultListableBeanFactory     : Returning cached instance of singleton bean 'autoConfigurationReport'
2024-07-21T15:49:56.611+02:00 TRACE 248560 --- [crud-springboot] [           main] o.s.b.a.condition.OnClassCondition       : Condition OnClassCondition on org.springframework.boot.autoconfigure.security.servlet.UserDetailsServiceAutoConfiguration matched due to @ConditionalOnClass found required class 'org.springframework.security.authentication.AuthenticationManager'
2024-07-21T15:49:56.611+02:00 TRACE 248560 --- [crud-springboot] [           main] o.s.b.f.s.DefaultListableBeanFactory     : Returning cached instance of singleton bean 'autoConfigurationReport'
2024-07-21T15:49:56.619+02:00 TRACE 248560 --- [crud-springboot] [           main] ingAlternativeOrUserPropertiesConfigured : Condition UserDetailsServiceAutoConfiguration.MissingAlternativeOrUserPropertiesConfigured on org.springframework.boot.autoconfigure.security.servlet.UserDetailsServiceAutoConfiguration matched due to AnyNestedCondition 1 matched 2 did not; NestedCondition on UserDetailsServiceAutoConfiguration.MissingAlternativeOrUserPropertiesConfigured.PasswordConfigured @ConditionalOnProperty (spring.security.user.password) did not find property 'password'; NestedCondition on UserDetailsServiceAutoConfiguration.MissingAlternativeOrUserPropertiesConfigured.NameConfigured @ConditionalOnProperty (spring.security.user.name) did not find property 'name'; NestedCondition on UserDetailsServiceAutoConfiguration.MissingAlternativeOrUserPropertiesConfigured.MissingAlternative @ConditionalOnMissingClass did not find unwanted classes 'org.springframework.security.oauth2.client.registration.ClientRegistrationRepository', 'org.springframework.security.oauth2.server.resource.introspection.OpaqueTokenIntrospector', 'org.springframework.security.saml2.provider.service.registration.RelyingPartyRegistrationRepository'
2024-07-21T15:49:56.619+02:00 TRACE 248560 --- [crud-springboot] [           main] o.s.b.f.s.DefaultListableBeanFactory     : Returning cached instance of singleton bean 'autoConfigurationReport'
2024-07-21T15:49:56.619+02:00 TRACE 248560 --- [crud-springboot] [           main] o.s.b.f.s.DefaultListableBeanFactory     : Returning cached instance of singleton bean 'autoConfigurationReport'
2024-07-21T15:49:56.619+02:00 TRACE 248560 --- [crud-springboot] [           main] o.s.b.f.s.DefaultListableBeanFactory     : Returning cached instance of singleton bean 'autoConfigurationReport'
2024-07-21T15:49:56.619+02:00 TRACE 248560 --- [crud-springboot] [           main] o.s.b.f.s.DefaultListableBeanFactory     : Returning cached instance of singleton bean 'autoConfigurationReport'
2024-07-21T15:49:56.620+02:00 TRACE 248560 --- [crud-springboot] [           main] o.s.b.f.s.DefaultListableBeanFactory     : Returning cached instance of singleton bean 'autoConfigurationReport'
2024-07-21T15:49:56.620+02:00 TRACE 248560 --- [crud-springboot] [           main] o.s.b.f.s.DefaultListableBeanFactory     : Returning cached instance of singleton bean 'autoConfigurationReport'
2024-07-21T15:49:56.620+02:00 TRACE 248560 --- [crud-springboot] [           main] o.s.b.f.s.DefaultListableBeanFactory     : Returning cached instance of singleton bean 'autoConfigurationReport'
2024-07-21T15:49:56.620+02:00 TRACE 248560 --- [crud-springboot] [           main] o.s.b.f.s.DefaultListableBeanFactory     : Returning cached instance of singleton bean 'autoConfigurationReport'
2024-07-21T15:49:56.620+02:00 TRACE 248560 --- [crud-springboot] [           main] o.s.b.f.s.DefaultListableBeanFactory     : Returning cached instance of singleton bean 'autoConfigurationReport'
2024-07-21T15:49:56.620+02:00 TRACE 248560 --- [crud-springboot] [           main] o.s.b.f.s.DefaultListableBeanFactory     : Returning cached instance of singleton bean 'autoConfigurationReport'
2024-07-21T15:49:56.622+02:00 TRACE 248560 --- [crud-springboot] [           main] o.s.b.a.condition.OnPropertyCondition    : Condition OnPropertyCondition on org.springframework.boot.autoconfigure.sql.init.SqlInitializationAutoConfiguration matched due to @ConditionalOnProperty (spring.sql.init.enabled) matched
2024-07-21T15:49:56.622+02:00 TRACE 248560 --- [crud-springboot] [           main] o.s.b.f.s.DefaultListableBeanFactory     : Returning cached instance of singleton bean 'autoConfigurationReport'
2024-07-21T15:49:56.624+02:00 TRACE 248560 --- [crud-springboot] [           main] iguration$SqlInitializationModeCondition : Condition SqlInitializationAutoConfiguration.SqlInitializationModeCondition on org.springframework.boot.autoconfigure.sql.init.SqlInitializationAutoConfiguration matched due to NoneNestedConditions 0 matched 1 did not; NestedCondition on SqlInitializationAutoConfiguration.SqlInitializationModeCondition.ModeIsNever @ConditionalOnProperty (spring.sql.init.mode=never) did not find property 'mode'
2024-07-21T15:49:56.624+02:00 TRACE 248560 --- [crud-springboot] [           main] o.s.b.f.s.DefaultListableBeanFactory     : Returning cached instance of singleton bean 'autoConfigurationReport'
2024-07-21T15:49:56.625+02:00 TRACE 248560 --- [crud-springboot] [           main] o.s.b.f.s.DefaultListableBeanFactory     : Returning cached instance of singleton bean 'autoConfigurationReport'
2024-07-21T15:49:56.625+02:00 TRACE 248560 --- [crud-springboot] [           main] o.s.b.f.s.DefaultListableBeanFactory     : Returning cached instance of singleton bean 'autoConfigurationReport'
2024-07-21T15:49:56.625+02:00 TRACE 248560 --- [crud-springboot] [           main] o.s.b.f.s.DefaultListableBeanFactory     : Returning cached instance of singleton bean 'autoConfigurationReport'
2024-07-21T15:49:56.627+02:00 TRACE 248560 --- [crud-springboot] [           main] o.s.b.a.condition.OnClassCondition       : Condition OnClassCondition on org.springframework.boot.autoconfigure.sql.init.R2dbcInitializationConfiguration did not match due to @ConditionalOnClass did not find required classes 'io.r2dbc.spi.ConnectionFactory', 'org.springframework.r2dbc.connection.init.DatabasePopulator'
2024-07-21T15:49:56.628+02:00 TRACE 248560 --- [crud-springboot] [           main] o.s.b.f.s.DefaultListableBeanFactory     : Returning cached instance of singleton bean 'autoConfigurationReport'
2024-07-21T15:49:56.629+02:00 TRACE 248560 --- [crud-springboot] [           main] o.s.b.a.condition.OnClassCondition       : Condition OnClassCondition on org.springframework.boot.autoconfigure.sql.init.DataSourceInitializationConfiguration matched due to @ConditionalOnClass found required class 'org.springframework.jdbc.datasource.init.DatabasePopulator'
2024-07-21T15:49:56.629+02:00 TRACE 248560 --- [crud-springboot] [           main] o.s.b.f.s.DefaultListableBeanFactory     : Returning cached instance of singleton bean 'autoConfigurationReport'
2024-07-21T15:49:56.629+02:00 TRACE 248560 --- [crud-springboot] [           main] o.s.b.f.s.DefaultListableBeanFactory     : Returning cached instance of singleton bean 'autoConfigurationReport'
2024-07-21T15:49:56.629+02:00 TRACE 248560 --- [crud-springboot] [           main] o.s.b.f.s.DefaultListableBeanFactory     : Returning cached instance of singleton bean 'autoConfigurationReport'
2024-07-21T15:49:56.629+02:00 TRACE 248560 --- [crud-springboot] [           main] o.s.b.f.s.DefaultListableBeanFactory     : Returning cached instance of singleton bean 'autoConfigurationReport'
2024-07-21T15:49:56.630+02:00 TRACE 248560 --- [crud-springboot] [           main] o.s.b.f.s.DefaultListableBeanFactory     : Returning cached instance of singleton bean 'autoConfigurationReport'
2024-07-21T15:49:56.630+02:00 TRACE 248560 --- [crud-springboot] [           main] o.s.b.f.s.DefaultListableBeanFactory     : Returning cached instance of singleton bean 'autoConfigurationReport'
2024-07-21T15:49:56.630+02:00 TRACE 248560 --- [crud-springboot] [           main] o.s.b.f.s.DefaultListableBeanFactory     : Returning cached instance of singleton bean 'autoConfigurationReport'
2024-07-21T15:49:56.630+02:00 TRACE 248560 --- [crud-springboot] [           main] o.s.b.f.s.DefaultListableBeanFactory     : Returning cached instance of singleton bean 'autoConfigurationReport'
2024-07-21T15:49:56.630+02:00 TRACE 248560 --- [crud-springboot] [           main] o.s.b.f.s.DefaultListableBeanFactory     : Returning cached instance of singleton bean 'autoConfigurationReport'
2024-07-21T15:49:56.630+02:00 TRACE 248560 --- [crud-springboot] [           main] o.s.b.f.s.DefaultListableBeanFactory     : Returning cached instance of singleton bean 'autoConfigurationReport'
2024-07-21T15:49:56.631+02:00 TRACE 248560 --- [crud-springboot] [           main] o.s.b.a.condition.OnClassCondition       : Condition OnClassCondition on org.springframework.boot.autoconfigure.task.TaskSchedulingAutoConfiguration matched due to @ConditionalOnClass found required class 'org.springframework.scheduling.concurrent.ThreadPoolTaskScheduler'
2024-07-21T15:49:56.631+02:00 TRACE 248560 --- [crud-springboot] [           main] o.s.b.f.s.DefaultListableBeanFactory     : Returning cached instance of singleton bean 'autoConfigurationReport'
2024-07-21T15:49:56.631+02:00 TRACE 248560 --- [crud-springboot] [           main] o.s.b.f.s.DefaultListableBeanFactory     : Returning cached instance of singleton bean 'autoConfigurationReport'
2024-07-21T15:49:56.631+02:00 TRACE 248560 --- [crud-springboot] [           main] o.s.b.f.s.DefaultListableBeanFactory     : Returning cached instance of singleton bean 'autoConfigurationReport'
2024-07-21T15:49:56.631+02:00 TRACE 248560 --- [crud-springboot] [           main] o.s.b.f.s.DefaultListableBeanFactory     : Returning cached instance of singleton bean 'autoConfigurationReport'
2024-07-21T15:49:56.636+02:00 TRACE 248560 --- [crud-springboot] [           main] o.s.b.f.s.DefaultListableBeanFactory     : Returning cached instance of singleton bean 'autoConfigurationReport'
2024-07-21T15:49:56.636+02:00 TRACE 248560 --- [crud-springboot] [           main] o.s.b.f.s.DefaultListableBeanFactory     : Returning cached instance of singleton bean 'autoConfigurationReport'
2024-07-21T15:49:56.636+02:00 TRACE 248560 --- [crud-springboot] [           main] o.s.b.f.s.DefaultListableBeanFactory     : Returning cached instance of singleton bean 'autoConfigurationReport'
2024-07-21T15:49:56.637+02:00 TRACE 248560 --- [crud-springboot] [           main] o.s.b.f.s.DefaultListableBeanFactory     : Returning cached instance of singleton bean 'autoConfigurationReport'
2024-07-21T15:49:56.637+02:00 TRACE 248560 --- [crud-springboot] [           main] o.s.b.f.s.DefaultListableBeanFactory     : Returning cached instance of singleton bean 'autoConfigurationReport'
2024-07-21T15:49:56.637+02:00 TRACE 248560 --- [crud-springboot] [           main] o.s.b.f.s.DefaultListableBeanFactory     : Returning cached instance of singleton bean 'autoConfigurationReport'
2024-07-21T15:49:56.638+02:00 TRACE 248560 --- [crud-springboot] [           main] o.s.b.f.s.DefaultListableBeanFactory     : Returning cached instance of singleton bean 'autoConfigurationReport'
2024-07-21T15:49:56.638+02:00 TRACE 248560 --- [crud-springboot] [           main] o.s.b.f.s.DefaultListableBeanFactory     : Returning cached instance of singleton bean 'autoConfigurationReport'
2024-07-21T15:49:56.638+02:00 TRACE 248560 --- [crud-springboot] [           main] o.s.b.f.s.DefaultListableBeanFactory     : Returning cached instance of singleton bean 'autoConfigurationReport'
2024-07-21T15:49:56.639+02:00 TRACE 248560 --- [crud-springboot] [           main] o.s.b.f.s.DefaultListableBeanFactory     : Returning cached instance of singleton bean 'autoConfigurationReport'
2024-07-21T15:49:56.639+02:00 TRACE 248560 --- [crud-springboot] [           main] o.s.b.f.s.DefaultListableBeanFactory     : Returning cached instance of singleton bean 'autoConfigurationReport'
2024-07-21T15:49:56.639+02:00 TRACE 248560 --- [crud-springboot] [           main] o.s.b.f.s.DefaultListableBeanFactory     : Returning cached instance of singleton bean 'autoConfigurationReport'
2024-07-21T15:49:56.639+02:00 TRACE 248560 --- [crud-springboot] [           main] o.s.b.f.s.DefaultListableBeanFactory     : Returning cached instance of singleton bean 'autoConfigurationReport'
2024-07-21T15:49:56.639+02:00 TRACE 248560 --- [crud-springboot] [           main] o.s.b.f.s.DefaultListableBeanFactory     : Returning cached instance of singleton bean 'autoConfigurationReport'
2024-07-21T15:49:56.639+02:00 TRACE 248560 --- [crud-springboot] [           main] o.s.b.f.s.DefaultListableBeanFactory     : Returning cached instance of singleton bean 'autoConfigurationReport'
2024-07-21T15:49:56.639+02:00 TRACE 248560 --- [crud-springboot] [           main] o.s.b.f.s.DefaultListableBeanFactory     : Returning cached instance of singleton bean 'autoConfigurationReport'
2024-07-21T15:49:56.639+02:00 TRACE 248560 --- [crud-springboot] [           main] o.s.b.f.s.DefaultListableBeanFactory     : Returning cached instance of singleton bean 'autoConfigurationReport'
2024-07-21T15:49:56.640+02:00 TRACE 248560 --- [crud-springboot] [           main] o.s.b.f.s.DefaultListableBeanFactory     : Returning cached instance of singleton bean 'autoConfigurationReport'
2024-07-21T15:49:56.641+02:00 TRACE 248560 --- [crud-springboot] [           main] o.s.b.a.condition.OnClassCondition       : Condition OnClassCondition on org.springframework.boot.autoconfigure.thymeleaf.ThymeleafAutoConfiguration matched due to @ConditionalOnClass found required classes 'org.thymeleaf.templatemode.TemplateMode', 'org.thymeleaf.spring6.SpringTemplateEngine'
2024-07-21T15:49:56.641+02:00 TRACE 248560 --- [crud-springboot] [           main] o.s.b.f.s.DefaultListableBeanFactory     : Returning cached instance of singleton bean 'autoConfigurationReport'
2024-07-21T15:49:56.641+02:00 TRACE 248560 --- [crud-springboot] [           main] o.s.b.f.s.DefaultListableBeanFactory     : Returning cached instance of singleton bean 'autoConfigurationReport'
2024-07-21T15:49:56.641+02:00 TRACE 248560 --- [crud-springboot] [           main] o.s.b.f.s.DefaultListableBeanFactory     : Returning cached instance of singleton bean 'autoConfigurationReport'
2024-07-21T15:49:56.641+02:00 TRACE 248560 --- [crud-springboot] [           main] o.s.b.f.s.DefaultListableBeanFactory     : Returning cached instance of singleton bean 'autoConfigurationReport'
2024-07-21T15:49:56.644+02:00 TRACE 248560 --- [crud-springboot] [           main] o.s.b.a.condition.OnClassCondition       : Condition OnClassCondition on org.springframework.boot.autoconfigure.thymeleaf.ThymeleafAutoConfiguration$ThymeleafSecurityDialectConfiguration did not match due to @ConditionalOnClass did not find required class 'org.thymeleaf.extras.springsecurity6.dialect.SpringSecurityDialect'
2024-07-21T15:49:56.645+02:00 TRACE 248560 --- [crud-springboot] [           main] o.s.b.f.s.DefaultListableBeanFactory     : Returning cached instance of singleton bean 'autoConfigurationReport'
2024-07-21T15:49:56.645+02:00 TRACE 248560 --- [crud-springboot] [           main] o.s.b.a.condition.OnClassCondition       : Condition OnClassCondition on org.springframework.boot.autoconfigure.thymeleaf.ThymeleafAutoConfiguration$DataAttributeDialectConfiguration did not match due to @ConditionalOnClass did not find required class 'com.github.mxab.thymeleaf.extras.dataattribute.dialect.DataAttributeDialect'
2024-07-21T15:49:56.645+02:00 TRACE 248560 --- [crud-springboot] [           main] o.s.b.f.s.DefaultListableBeanFactory     : Returning cached instance of singleton bean 'autoConfigurationReport'
2024-07-21T15:49:56.646+02:00 TRACE 248560 --- [crud-springboot] [           main] o.s.b.a.condition.OnClassCondition       : Condition OnClassCondition on org.springframework.boot.autoconfigure.thymeleaf.ThymeleafAutoConfiguration$ThymeleafWebLayoutConfiguration did not match due to @ConditionalOnClass did not find required class 'nz.net.ultraq.thymeleaf.layoutdialect.LayoutDialect'
2024-07-21T15:49:56.646+02:00 TRACE 248560 --- [crud-springboot] [           main] o.s.b.f.s.DefaultListableBeanFactory     : Returning cached instance of singleton bean 'autoConfigurationReport'
2024-07-21T15:49:56.646+02:00 TRACE 248560 --- [crud-springboot] [           main] o.s.b.a.c.OnWebApplicationCondition      : Condition OnWebApplicationCondition on org.springframework.boot.autoconfigure.thymeleaf.ThymeleafAutoConfiguration$ThymeleafWebFluxConfiguration did not match due to did not find reactive web application classes
2024-07-21T15:49:56.646+02:00 TRACE 248560 --- [crud-springboot] [           main] o.s.b.f.s.DefaultListableBeanFactory     : Returning cached instance of singleton bean 'autoConfigurationReport'
2024-07-21T15:49:56.647+02:00 TRACE 248560 --- [crud-springboot] [           main] o.s.b.a.c.OnWebApplicationCondition      : Condition OnWebApplicationCondition on org.springframework.boot.autoconfigure.thymeleaf.ThymeleafAutoConfiguration$ThymeleafWebMvcConfiguration matched due to found 'session' scope
2024-07-21T15:49:56.647+02:00 TRACE 248560 --- [crud-springboot] [           main] o.s.b.f.s.DefaultListableBeanFactory     : Returning cached instance of singleton bean 'autoConfigurationReport'
2024-07-21T15:49:56.647+02:00 TRACE 248560 --- [crud-springboot] [           main] o.s.b.a.condition.OnPropertyCondition    : Condition OnPropertyCondition on org.springframework.boot.autoconfigure.thymeleaf.ThymeleafAutoConfiguration$ThymeleafWebMvcConfiguration matched due to @ConditionalOnProperty (spring.thymeleaf.enabled) matched
2024-07-21T15:49:56.647+02:00 TRACE 248560 --- [crud-springboot] [           main] o.s.b.f.s.DefaultListableBeanFactory     : Returning cached instance of singleton bean 'autoConfigurationReport'
2024-07-21T15:49:56.648+02:00 TRACE 248560 --- [crud-springboot] [           main] o.s.b.f.s.DefaultListableBeanFactory     : Returning cached instance of singleton bean 'autoConfigurationReport'
2024-07-21T15:49:56.648+02:00 TRACE 248560 --- [crud-springboot] [           main] o.s.b.f.s.DefaultListableBeanFactory     : Returning cached instance of singleton bean 'autoConfigurationReport'
2024-07-21T15:49:56.648+02:00 TRACE 248560 --- [crud-springboot] [           main] o.s.b.f.s.DefaultListableBeanFactory     : Returning cached instance of singleton bean 'autoConfigurationReport'
2024-07-21T15:49:56.650+02:00 TRACE 248560 --- [crud-springboot] [           main] o.s.b.f.s.DefaultListableBeanFactory     : Returning cached instance of singleton bean 'autoConfigurationReport'
2024-07-21T15:49:56.650+02:00 TRACE 248560 --- [crud-springboot] [           main] o.s.b.f.s.DefaultListableBeanFactory     : Returning cached instance of singleton bean 'autoConfigurationReport'
2024-07-21T15:49:56.650+02:00 TRACE 248560 --- [crud-springboot] [           main] o.s.b.f.s.DefaultListableBeanFactory     : Returning cached instance of singleton bean 'autoConfigurationReport'
2024-07-21T15:49:56.653+02:00 TRACE 248560 --- [crud-springboot] [           main] o.s.b.f.s.DefaultListableBeanFactory     : Returning cached instance of singleton bean 'autoConfigurationReport'
2024-07-21T15:49:56.653+02:00 TRACE 248560 --- [crud-springboot] [           main] o.s.b.f.s.DefaultListableBeanFactory     : Returning cached instance of singleton bean 'autoConfigurationReport'
2024-07-21T15:49:56.653+02:00 TRACE 248560 --- [crud-springboot] [           main] o.s.b.f.s.DefaultListableBeanFactory     : Returning cached instance of singleton bean 'autoConfigurationReport'
2024-07-21T15:49:56.655+02:00 TRACE 248560 --- [crud-springboot] [           main] o.s.b.a.c.OnWebApplicationCondition      : Condition OnWebApplicationCondition on org.springframework.boot.autoconfigure.thymeleaf.TemplateEngineConfigurations$ReactiveTemplateEngineConfiguration did not match due to did not find reactive web application classes
2024-07-21T15:49:56.655+02:00 TRACE 248560 --- [crud-springboot] [           main] o.s.b.f.s.DefaultListableBeanFactory     : Returning cached instance of singleton bean 'autoConfigurationReport'
2024-07-21T15:49:56.655+02:00 TRACE 248560 --- [crud-springboot] [           main] o.s.b.f.s.DefaultListableBeanFactory     : Returning cached instance of singleton bean 'autoConfigurationReport'
2024-07-21T15:49:56.655+02:00 TRACE 248560 --- [crud-springboot] [           main] o.s.b.f.s.DefaultListableBeanFactory     : Returning cached instance of singleton bean 'autoConfigurationReport'
2024-07-21T15:49:56.655+02:00 TRACE 248560 --- [crud-springboot] [           main] o.s.b.f.s.DefaultListableBeanFactory     : Returning cached instance of singleton bean 'autoConfigurationReport'
2024-07-21T15:49:56.656+02:00 TRACE 248560 --- [crud-springboot] [           main] o.s.b.f.s.DefaultListableBeanFactory     : Returning cached instance of singleton bean 'autoConfigurationReport'
2024-07-21T15:49:56.656+02:00 TRACE 248560 --- [crud-springboot] [           main] o.s.b.f.s.DefaultListableBeanFactory     : Returning cached instance of singleton bean 'autoConfigurationReport'
2024-07-21T15:49:56.656+02:00 TRACE 248560 --- [crud-springboot] [           main] o.s.b.f.s.DefaultListableBeanFactory     : Returning cached instance of singleton bean 'autoConfigurationReport'
2024-07-21T15:49:56.656+02:00 TRACE 248560 --- [crud-springboot] [           main] o.s.b.f.s.DefaultListableBeanFactory     : Returning cached instance of singleton bean 'autoConfigurationReport'
2024-07-21T15:49:56.656+02:00 TRACE 248560 --- [crud-springboot] [           main] o.s.b.f.s.DefaultListableBeanFactory     : Returning cached instance of singleton bean 'autoConfigurationReport'
2024-07-21T15:49:56.657+02:00 TRACE 248560 --- [crud-springboot] [           main] o.s.b.f.s.DefaultListableBeanFactory     : Returning cached instance of singleton bean 'autoConfigurationReport'
2024-07-21T15:49:56.659+02:00 TRACE 248560 --- [crud-springboot] [           main] o.s.b.a.condition.OnClassCondition       : Condition OnClassCondition on org.springframework.boot.autoconfigure.jdbc.DataSourceTransactionManagerAutoConfiguration matched due to @ConditionalOnClass found required classes 'javax.sql.DataSource', 'org.springframework.jdbc.core.JdbcTemplate', 'org.springframework.transaction.TransactionManager'
2024-07-21T15:49:56.659+02:00 TRACE 248560 --- [crud-springboot] [           main] o.s.b.f.s.DefaultListableBeanFactory     : Returning cached instance of singleton bean 'autoConfigurationReport'
2024-07-21T15:49:56.659+02:00 TRACE 248560 --- [crud-springboot] [           main] o.s.b.f.s.DefaultListableBeanFactory     : Returning cached instance of singleton bean 'autoConfigurationReport'
2024-07-21T15:49:56.659+02:00 TRACE 248560 --- [crud-springboot] [           main] o.s.b.f.s.DefaultListableBeanFactory     : Returning cached instance of singleton bean 'autoConfigurationReport'
2024-07-21T15:49:56.659+02:00 TRACE 248560 --- [crud-springboot] [           main] o.s.b.f.s.DefaultListableBeanFactory     : Returning cached instance of singleton bean 'autoConfigurationReport'
2024-07-21T15:49:56.660+02:00 TRACE 248560 --- [crud-springboot] [           main] o.s.b.f.s.DefaultListableBeanFactory     : Returning cached instance of singleton bean 'autoConfigurationReport'
2024-07-21T15:49:56.660+02:00 TRACE 248560 --- [crud-springboot] [           main] o.s.b.f.s.DefaultListableBeanFactory     : Returning cached instance of singleton bean 'autoConfigurationReport'
2024-07-21T15:49:56.660+02:00 TRACE 248560 --- [crud-springboot] [           main] o.s.b.f.s.DefaultListableBeanFactory     : Returning cached instance of singleton bean 'autoConfigurationReport'
2024-07-21T15:49:56.661+02:00 TRACE 248560 --- [crud-springboot] [           main] o.s.b.f.s.DefaultListableBeanFactory     : Returning cached instance of singleton bean 'autoConfigurationReport'
2024-07-21T15:49:56.661+02:00 TRACE 248560 --- [crud-springboot] [           main] o.s.b.f.s.DefaultListableBeanFactory     : Returning cached instance of singleton bean 'autoConfigurationReport'
2024-07-21T15:49:56.661+02:00 TRACE 248560 --- [crud-springboot] [           main] o.s.b.f.s.DefaultListableBeanFactory     : Returning cached instance of singleton bean 'autoConfigurationReport'
2024-07-21T15:49:56.661+02:00 TRACE 248560 --- [crud-springboot] [           main] o.s.b.f.s.DefaultListableBeanFactory     : Returning cached instance of singleton bean 'autoConfigurationReport'
2024-07-21T15:49:56.661+02:00 TRACE 248560 --- [crud-springboot] [           main] o.s.b.f.s.DefaultListableBeanFactory     : Returning cached instance of singleton bean 'autoConfigurationReport'
2024-07-21T15:49:56.661+02:00 TRACE 248560 --- [crud-springboot] [           main] o.s.b.f.s.DefaultListableBeanFactory     : Returning cached instance of singleton bean 'autoConfigurationReport'
2024-07-21T15:49:56.662+02:00 TRACE 248560 --- [crud-springboot] [           main] o.s.b.a.condition.OnClassCondition       : Condition OnClassCondition on org.springframework.boot.autoconfigure.transaction.TransactionAutoConfiguration matched due to @ConditionalOnClass found required class 'org.springframework.transaction.PlatformTransactionManager'
2024-07-21T15:49:56.662+02:00 TRACE 248560 --- [crud-springboot] [           main] o.s.b.f.s.DefaultListableBeanFactory     : Returning cached instance of singleton bean 'autoConfigurationReport'
2024-07-21T15:49:56.662+02:00 TRACE 248560 --- [crud-springboot] [           main] o.s.b.f.s.DefaultListableBeanFactory     : Returning cached instance of singleton bean 'autoConfigurationReport'
2024-07-21T15:49:56.662+02:00 TRACE 248560 --- [crud-springboot] [           main] o.s.b.f.s.DefaultListableBeanFactory     : Returning cached instance of singleton bean 'autoConfigurationReport'
2024-07-21T15:49:56.662+02:00 TRACE 248560 --- [crud-springboot] [           main] o.s.b.f.s.DefaultListableBeanFactory     : Returning cached instance of singleton bean 'autoConfigurationReport'
2024-07-21T15:49:56.664+02:00 TRACE 248560 --- [crud-springboot] [           main] o.s.b.f.s.DefaultListableBeanFactory     : Returning cached instance of singleton bean 'autoConfigurationReport'
2024-07-21T15:49:56.664+02:00 TRACE 248560 --- [crud-springboot] [           main] o.s.b.f.s.DefaultListableBeanFactory     : Returning cached instance of singleton bean 'autoConfigurationReport'
2024-07-21T15:49:56.664+02:00 TRACE 248560 --- [crud-springboot] [           main] o.s.b.f.s.DefaultListableBeanFactory     : Returning cached instance of singleton bean 'autoConfigurationReport'
2024-07-21T15:49:56.666+02:00 TRACE 248560 --- [crud-springboot] [           main] o.s.b.f.s.DefaultListableBeanFactory     : Returning cached instance of singleton bean 'autoConfigurationReport'
2024-07-21T15:49:56.666+02:00 TRACE 248560 --- [crud-springboot] [           main] o.s.b.f.s.DefaultListableBeanFactory     : Returning cached instance of singleton bean 'autoConfigurationReport'
2024-07-21T15:49:56.666+02:00 TRACE 248560 --- [crud-springboot] [           main] o.s.b.f.s.DefaultListableBeanFactory     : Returning cached instance of singleton bean 'autoConfigurationReport'
2024-07-21T15:49:56.670+02:00 TRACE 248560 --- [crud-springboot] [           main] o.s.b.a.condition.OnPropertyCondition    : Condition OnPropertyCondition on org.springframework.boot.autoconfigure.transaction.TransactionAutoConfiguration$EnableTransactionManagementConfiguration$CglibAutoProxyConfiguration matched due to @ConditionalOnProperty (spring.aop.proxy-target-class=true) matched
2024-07-21T15:49:56.670+02:00 TRACE 248560 --- [crud-springboot] [           main] o.s.b.f.s.DefaultListableBeanFactory     : Returning cached instance of singleton bean 'autoConfigurationReport'
2024-07-21T15:49:56.670+02:00 TRACE 248560 --- [crud-springboot] [           main] o.s.b.f.s.DefaultListableBeanFactory     : Returning cached instance of singleton bean 'autoConfigurationReport'
2024-07-21T15:49:56.670+02:00 TRACE 248560 --- [crud-springboot] [           main] o.s.b.f.s.DefaultListableBeanFactory     : Returning cached instance of singleton bean 'autoConfigurationReport'
2024-07-21T15:49:56.670+02:00 TRACE 248560 --- [crud-springboot] [           main] o.s.b.f.s.DefaultListableBeanFactory     : Returning cached instance of singleton bean 'autoConfigurationReport'
2024-07-21T15:49:56.673+02:00 TRACE 248560 --- [crud-springboot] [           main] o.s.b.f.s.DefaultListableBeanFactory     : Returning cached instance of singleton bean 'autoConfigurationReport'
2024-07-21T15:49:56.673+02:00 TRACE 248560 --- [crud-springboot] [           main] o.s.b.f.s.DefaultListableBeanFactory     : Returning cached instance of singleton bean 'autoConfigurationReport'
2024-07-21T15:49:56.673+02:00 TRACE 248560 --- [crud-springboot] [           main] o.s.b.f.s.DefaultListableBeanFactory     : Returning cached instance of singleton bean 'autoConfigurationReport'
2024-07-21T15:49:56.674+02:00 TRACE 248560 --- [crud-springboot] [           main] o.s.b.f.s.DefaultListableBeanFactory     : Returning cached instance of singleton bean 'autoConfigurationReport'
2024-07-21T15:49:56.674+02:00 TRACE 248560 --- [crud-springboot] [           main] o.s.b.f.s.DefaultListableBeanFactory     : Returning cached instance of singleton bean 'autoConfigurationReport'
2024-07-21T15:49:56.674+02:00 TRACE 248560 --- [crud-springboot] [           main] o.s.b.f.s.DefaultListableBeanFactory     : Returning cached instance of singleton bean 'autoConfigurationReport'
2024-07-21T15:49:56.675+02:00 TRACE 248560 --- [crud-springboot] [           main] o.s.b.f.s.DefaultListableBeanFactory     : Returning cached instance of singleton bean 'autoConfigurationReport'
2024-07-21T15:49:56.675+02:00 TRACE 248560 --- [crud-springboot] [           main] o.s.b.f.s.DefaultListableBeanFactory     : Returning cached instance of singleton bean 'autoConfigurationReport'
2024-07-21T15:49:56.675+02:00 TRACE 248560 --- [crud-springboot] [           main] o.s.b.f.s.DefaultListableBeanFactory     : Returning cached instance of singleton bean 'autoConfigurationReport'
2024-07-21T15:49:56.675+02:00 TRACE 248560 --- [crud-springboot] [           main] o.s.b.a.condition.OnPropertyCondition    : Condition OnPropertyCondition on org.springframework.boot.autoconfigure.transaction.TransactionAutoConfiguration$EnableTransactionManagementConfiguration$JdkDynamicAutoProxyConfiguration did not match due to @ConditionalOnProperty (spring.aop.proxy-target-class=false) did not find property 'proxy-target-class'
2024-07-21T15:49:56.675+02:00 TRACE 248560 --- [crud-springboot] [           main] o.s.b.f.s.DefaultListableBeanFactory     : Returning cached instance of singleton bean 'autoConfigurationReport'
2024-07-21T15:49:56.676+02:00 TRACE 248560 --- [crud-springboot] [           main] o.s.b.f.s.DefaultListableBeanFactory     : Returning cached instance of singleton bean 'autoConfigurationReport'
2024-07-21T15:49:56.676+02:00 TRACE 248560 --- [crud-springboot] [           main] o.s.b.f.s.DefaultListableBeanFactory     : Returning cached instance of singleton bean 'autoConfigurationReport'
2024-07-21T15:49:56.676+02:00 TRACE 248560 --- [crud-springboot] [           main] o.s.b.f.s.DefaultListableBeanFactory     : Returning cached instance of singleton bean 'autoConfigurationReport'
2024-07-21T15:49:56.676+02:00 TRACE 248560 --- [crud-springboot] [           main] o.s.b.f.s.DefaultListableBeanFactory     : Returning cached instance of singleton bean 'autoConfigurationReport'
2024-07-21T15:49:56.676+02:00 TRACE 248560 --- [crud-springboot] [           main] o.s.b.f.s.DefaultListableBeanFactory     : Returning cached instance of singleton bean 'autoConfigurationReport'
2024-07-21T15:49:56.676+02:00 TRACE 248560 --- [crud-springboot] [           main] o.s.b.f.s.DefaultListableBeanFactory     : Returning cached instance of singleton bean 'autoConfigurationReport'
2024-07-21T15:49:56.676+02:00 TRACE 248560 --- [crud-springboot] [           main] o.s.b.f.s.DefaultListableBeanFactory     : Returning cached instance of singleton bean 'autoConfigurationReport'
2024-07-21T15:49:56.676+02:00 TRACE 248560 --- [crud-springboot] [           main] o.s.b.f.s.DefaultListableBeanFactory     : Returning cached instance of singleton bean 'autoConfigurationReport'
2024-07-21T15:49:56.676+02:00 TRACE 248560 --- [crud-springboot] [           main] o.s.b.f.s.DefaultListableBeanFactory     : Returning cached instance of singleton bean 'autoConfigurationReport'
2024-07-21T15:49:56.678+02:00 TRACE 248560 --- [crud-springboot] [           main] o.s.b.a.condition.OnClassCondition       : Condition OnClassCondition on org.springframework.boot.autoconfigure.web.client.RestClientAutoConfiguration matched due to @ConditionalOnClass found required class 'org.springframework.web.client.RestClient'
2024-07-21T15:49:56.678+02:00 TRACE 248560 --- [crud-springboot] [           main] o.s.b.f.s.DefaultListableBeanFactory     : Returning cached instance of singleton bean 'autoConfigurationReport'
2024-07-21T15:49:56.679+02:00 TRACE 248560 --- [crud-springboot] [           main] a.w.c.NotReactiveWebApplicationCondition : Condition NotReactiveWebApplicationCondition on org.springframework.boot.autoconfigure.web.client.RestClientAutoConfiguration matched due to NoneNestedConditions 0 matched 1 did not; NestedCondition on NotReactiveWebApplicationCondition.ReactiveWebApplication did not find reactive web application classes
2024-07-21T15:49:56.680+02:00 TRACE 248560 --- [crud-springboot] [           main] o.s.b.f.s.DefaultListableBeanFactory     : Returning cached instance of singleton bean 'autoConfigurationReport'
2024-07-21T15:49:56.680+02:00 TRACE 248560 --- [crud-springboot] [           main] o.s.b.f.s.DefaultListableBeanFactory     : Returning cached instance of singleton bean 'autoConfigurationReport'
2024-07-21T15:49:56.680+02:00 TRACE 248560 --- [crud-springboot] [           main] o.s.b.f.s.DefaultListableBeanFactory     : Returning cached instance of singleton bean 'autoConfigurationReport'
2024-07-21T15:49:56.680+02:00 TRACE 248560 --- [crud-springboot] [           main] o.s.b.f.s.DefaultListableBeanFactory     : Returning cached instance of singleton bean 'autoConfigurationReport'
2024-07-21T15:49:56.680+02:00 TRACE 248560 --- [crud-springboot] [           main] o.s.b.f.s.DefaultListableBeanFactory     : Returning cached instance of singleton bean 'autoConfigurationReport'
2024-07-21T15:49:56.680+02:00 TRACE 248560 --- [crud-springboot] [           main] o.s.b.f.s.DefaultListableBeanFactory     : Returning cached instance of singleton bean 'autoConfigurationReport'
2024-07-21T15:49:56.680+02:00 TRACE 248560 --- [crud-springboot] [           main] o.s.b.f.s.DefaultListableBeanFactory     : Returning cached instance of singleton bean 'autoConfigurationReport'
2024-07-21T15:49:56.680+02:00 TRACE 248560 --- [crud-springboot] [           main] o.s.b.f.s.DefaultListableBeanFactory     : Returning cached instance of singleton bean 'autoConfigurationReport'
2024-07-21T15:49:56.680+02:00 TRACE 248560 --- [crud-springboot] [           main] o.s.b.f.s.DefaultListableBeanFactory     : Returning cached instance of singleton bean 'autoConfigurationReport'
2024-07-21T15:49:56.680+02:00 TRACE 248560 --- [crud-springboot] [           main] o.s.b.f.s.DefaultListableBeanFactory     : Returning cached instance of singleton bean 'autoConfigurationReport'
2024-07-21T15:49:56.682+02:00 TRACE 248560 --- [crud-springboot] [           main] o.s.b.a.condition.OnClassCondition       : Condition OnClassCondition on org.springframework.boot.autoconfigure.web.client.RestTemplateAutoConfiguration matched due to @ConditionalOnClass found required class 'org.springframework.web.client.RestTemplate'
2024-07-21T15:49:56.682+02:00 TRACE 248560 --- [crud-springboot] [           main] o.s.b.f.s.DefaultListableBeanFactory     : Returning cached instance of singleton bean 'autoConfigurationReport'
2024-07-21T15:49:56.684+02:00 TRACE 248560 --- [crud-springboot] [           main] a.w.c.NotReactiveWebApplicationCondition : Condition NotReactiveWebApplicationCondition on org.springframework.boot.autoconfigure.web.client.RestTemplateAutoConfiguration matched due to NoneNestedConditions 0 matched 1 did not; NestedCondition on NotReactiveWebApplicationCondition.ReactiveWebApplication did not find reactive web application classes
2024-07-21T15:49:56.684+02:00 TRACE 248560 --- [crud-springboot] [           main] o.s.b.f.s.DefaultListableBeanFactory     : Returning cached instance of singleton bean 'autoConfigurationReport'
2024-07-21T15:49:56.684+02:00 TRACE 248560 --- [crud-springboot] [           main] o.s.b.f.s.DefaultListableBeanFactory     : Returning cached instance of singleton bean 'autoConfigurationReport'
2024-07-21T15:49:56.684+02:00 TRACE 248560 --- [crud-springboot] [           main] o.s.b.f.s.DefaultListableBeanFactory     : Returning cached instance of singleton bean 'autoConfigurationReport'
2024-07-21T15:49:56.684+02:00 TRACE 248560 --- [crud-springboot] [           main] o.s.b.f.s.DefaultListableBeanFactory     : Returning cached instance of singleton bean 'autoConfigurationReport'
2024-07-21T15:49:56.684+02:00 TRACE 248560 --- [crud-springboot] [           main] o.s.b.f.s.DefaultListableBeanFactory     : Returning cached instance of singleton bean 'autoConfigurationReport'
2024-07-21T15:49:56.684+02:00 TRACE 248560 --- [crud-springboot] [           main] o.s.b.f.s.DefaultListableBeanFactory     : Returning cached instance of singleton bean 'autoConfigurationReport'
2024-07-21T15:49:56.684+02:00 TRACE 248560 --- [crud-springboot] [           main] o.s.b.f.s.DefaultListableBeanFactory     : Returning cached instance of singleton bean 'autoConfigurationReport'
2024-07-21T15:49:56.685+02:00 TRACE 248560 --- [crud-springboot] [           main] o.s.b.f.s.DefaultListableBeanFactory     : Returning cached instance of singleton bean 'autoConfigurationReport'
2024-07-21T15:49:56.685+02:00 TRACE 248560 --- [crud-springboot] [           main] o.s.b.f.s.DefaultListableBeanFactory     : Returning cached instance of singleton bean 'autoConfigurationReport'
2024-07-21T15:49:56.685+02:00 TRACE 248560 --- [crud-springboot] [           main] o.s.b.f.s.DefaultListableBeanFactory     : Returning cached instance of singleton bean 'autoConfigurationReport'
2024-07-21T15:49:56.686+02:00 TRACE 248560 --- [crud-springboot] [           main] o.s.b.a.c.OnWebApplicationCondition      : Condition OnWebApplicationCondition on org.springframework.boot.autoconfigure.web.embedded.EmbeddedWebServerFactoryCustomizerAutoConfiguration matched due to @ConditionalOnWebApplication (required) found 'session' scope
2024-07-21T15:49:56.686+02:00 TRACE 248560 --- [crud-springboot] [           main] o.s.b.f.s.DefaultListableBeanFactory     : Returning cached instance of singleton bean 'autoConfigurationReport'
2024-07-21T15:49:56.686+02:00 TRACE 248560 --- [crud-springboot] [           main] o.s.b.a.c.OnWarDeploymentCondition       : Condition OnWarDeploymentCondition on org.springframework.boot.autoconfigure.web.embedded.EmbeddedWebServerFactoryCustomizerAutoConfiguration did not match due to Application is deployed as a WAR file.
2024-07-21T15:49:56.686+02:00 TRACE 248560 --- [crud-springboot] [           main] o.s.b.f.s.DefaultListableBeanFactory     : Returning cached instance of singleton bean 'autoConfigurationReport'
2024-07-21T15:49:56.686+02:00 TRACE 248560 --- [crud-springboot] [           main] o.s.b.f.s.DefaultListableBeanFactory     : Returning cached instance of singleton bean 'autoConfigurationReport'
2024-07-21T15:49:56.686+02:00 TRACE 248560 --- [crud-springboot] [           main] o.s.b.f.s.DefaultListableBeanFactory     : Returning cached instance of singleton bean 'autoConfigurationReport'
2024-07-21T15:49:56.686+02:00 TRACE 248560 --- [crud-springboot] [           main] o.s.b.f.s.DefaultListableBeanFactory     : Returning cached instance of singleton bean 'autoConfigurationReport'
2024-07-21T15:49:56.686+02:00 TRACE 248560 --- [crud-springboot] [           main] o.s.b.f.s.DefaultListableBeanFactory     : Returning cached instance of singleton bean 'autoConfigurationReport'
2024-07-21T15:49:56.687+02:00 TRACE 248560 --- [crud-springboot] [           main] o.s.b.f.s.DefaultListableBeanFactory     : Returning cached instance of singleton bean 'autoConfigurationReport'
2024-07-21T15:49:56.687+02:00 TRACE 248560 --- [crud-springboot] [           main] o.s.b.f.s.DefaultListableBeanFactory     : Returning cached instance of singleton bean 'autoConfigurationReport'
2024-07-21T15:49:56.688+02:00 TRACE 248560 --- [crud-springboot] [           main] o.s.b.a.condition.OnClassCondition       : Condition OnClassCondition on org.springframework.boot.autoconfigure.web.servlet.HttpEncodingAutoConfiguration matched due to @ConditionalOnClass found required class 'org.springframework.web.filter.CharacterEncodingFilter'
2024-07-21T15:49:56.688+02:00 TRACE 248560 --- [crud-springboot] [           main] o.s.b.f.s.DefaultListableBeanFactory     : Returning cached instance of singleton bean 'autoConfigurationReport'
2024-07-21T15:49:56.688+02:00 TRACE 248560 --- [crud-springboot] [           main] o.s.b.a.c.OnWebApplicationCondition      : Condition OnWebApplicationCondition on org.springframework.boot.autoconfigure.web.servlet.HttpEncodingAutoConfiguration matched due to found 'session' scope
2024-07-21T15:49:56.688+02:00 TRACE 248560 --- [crud-springboot] [           main] o.s.b.f.s.DefaultListableBeanFactory     : Returning cached instance of singleton bean 'autoConfigurationReport'
2024-07-21T15:49:56.688+02:00 TRACE 248560 --- [crud-springboot] [           main] o.s.b.a.condition.OnPropertyCondition    : Condition OnPropertyCondition on org.springframework.boot.autoconfigure.web.servlet.HttpEncodingAutoConfiguration matched due to @ConditionalOnProperty (server.servlet.encoding.enabled) matched
2024-07-21T15:49:56.688+02:00 TRACE 248560 --- [crud-springboot] [           main] o.s.b.f.s.DefaultListableBeanFactory     : Returning cached instance of singleton bean 'autoConfigurationReport'
2024-07-21T15:49:56.688+02:00 TRACE 248560 --- [crud-springboot] [           main] o.s.b.f.s.DefaultListableBeanFactory     : Returning cached instance of singleton bean 'autoConfigurationReport'
2024-07-21T15:49:56.688+02:00 TRACE 248560 --- [crud-springboot] [           main] o.s.b.f.s.DefaultListableBeanFactory     : Returning cached instance of singleton bean 'autoConfigurationReport'
2024-07-21T15:49:56.688+02:00 TRACE 248560 --- [crud-springboot] [           main] o.s.b.f.s.DefaultListableBeanFactory     : Returning cached instance of singleton bean 'autoConfigurationReport'
2024-07-21T15:49:56.689+02:00 TRACE 248560 --- [crud-springboot] [           main] o.s.b.f.s.DefaultListableBeanFactory     : Returning cached instance of singleton bean 'autoConfigurationReport'
2024-07-21T15:49:56.689+02:00 TRACE 248560 --- [crud-springboot] [           main] o.s.b.f.s.DefaultListableBeanFactory     : Returning cached instance of singleton bean 'autoConfigurationReport'
2024-07-21T15:49:56.689+02:00 TRACE 248560 --- [crud-springboot] [           main] o.s.b.f.s.DefaultListableBeanFactory     : Returning cached instance of singleton bean 'autoConfigurationReport'
2024-07-21T15:49:56.689+02:00 TRACE 248560 --- [crud-springboot] [           main] o.s.b.f.s.DefaultListableBeanFactory     : Returning cached instance of singleton bean 'autoConfigurationReport'
2024-07-21T15:49:56.690+02:00 TRACE 248560 --- [crud-springboot] [           main] o.s.b.f.s.DefaultListableBeanFactory     : Returning cached instance of singleton bean 'autoConfigurationReport'
2024-07-21T15:49:56.690+02:00 TRACE 248560 --- [crud-springboot] [           main] o.s.b.f.s.DefaultListableBeanFactory     : Returning cached instance of singleton bean 'autoConfigurationReport'
2024-07-21T15:49:56.691+02:00 TRACE 248560 --- [crud-springboot] [           main] o.s.b.a.condition.OnClassCondition       : Condition OnClassCondition on org.springframework.boot.autoconfigure.web.servlet.MultipartAutoConfiguration matched due to @ConditionalOnClass found required classes 'jakarta.servlet.Servlet', 'org.springframework.web.multipart.support.StandardServletMultipartResolver', 'jakarta.servlet.MultipartConfigElement'
2024-07-21T15:49:56.691+02:00 TRACE 248560 --- [crud-springboot] [           main] o.s.b.f.s.DefaultListableBeanFactory     : Returning cached instance of singleton bean 'autoConfigurationReport'
2024-07-21T15:49:56.691+02:00 TRACE 248560 --- [crud-springboot] [           main] o.s.b.a.c.OnWebApplicationCondition      : Condition OnWebApplicationCondition on org.springframework.boot.autoconfigure.web.servlet.MultipartAutoConfiguration matched due to found 'session' scope
2024-07-21T15:49:56.691+02:00 TRACE 248560 --- [crud-springboot] [           main] o.s.b.f.s.DefaultListableBeanFactory     : Returning cached instance of singleton bean 'autoConfigurationReport'
2024-07-21T15:49:56.691+02:00 TRACE 248560 --- [crud-springboot] [           main] o.s.b.a.condition.OnPropertyCondition    : Condition OnPropertyCondition on org.springframework.boot.autoconfigure.web.servlet.MultipartAutoConfiguration matched due to @ConditionalOnProperty (spring.servlet.multipart.enabled) matched
2024-07-21T15:49:56.691+02:00 TRACE 248560 --- [crud-springboot] [           main] o.s.b.f.s.DefaultListableBeanFactory     : Returning cached instance of singleton bean 'autoConfigurationReport'
2024-07-21T15:49:56.691+02:00 TRACE 248560 --- [crud-springboot] [           main] o.s.b.f.s.DefaultListableBeanFactory     : Returning cached instance of singleton bean 'autoConfigurationReport'
2024-07-21T15:49:56.691+02:00 TRACE 248560 --- [crud-springboot] [           main] o.s.b.f.s.DefaultListableBeanFactory     : Returning cached instance of singleton bean 'autoConfigurationReport'
2024-07-21T15:49:56.691+02:00 TRACE 248560 --- [crud-springboot] [           main] o.s.b.f.s.DefaultListableBeanFactory     : Returning cached instance of singleton bean 'autoConfigurationReport'
2024-07-21T15:49:56.692+02:00 TRACE 248560 --- [crud-springboot] [           main] o.s.b.f.s.DefaultListableBeanFactory     : Returning cached instance of singleton bean 'autoConfigurationReport'
2024-07-21T15:49:56.692+02:00 TRACE 248560 --- [crud-springboot] [           main] o.s.b.f.s.DefaultListableBeanFactory     : Returning cached instance of singleton bean 'autoConfigurationReport'
2024-07-21T15:49:56.692+02:00 TRACE 248560 --- [crud-springboot] [           main] o.s.b.f.s.DefaultListableBeanFactory     : Returning cached instance of singleton bean 'autoConfigurationReport'
2024-07-21T15:49:56.692+02:00 TRACE 248560 --- [crud-springboot] [           main] o.s.b.f.s.DefaultListableBeanFactory     : Returning cached instance of singleton bean 'autoConfigurationReport'
2024-07-21T15:49:56.692+02:00 TRACE 248560 --- [crud-springboot] [           main] o.s.b.f.s.DefaultListableBeanFactory     : Returning cached instance of singleton bean 'autoConfigurationReport'
2024-07-21T15:49:56.692+02:00 TRACE 248560 --- [crud-springboot] [           main] o.s.b.f.s.DefaultListableBeanFactory     : Returning cached instance of singleton bean 'autoConfigurationReport'
2024-07-21T15:49:56.694+02:00 TRACE 248560 --- [crud-springboot] [           main] o.s.b.a.condition.OnClassCondition       : Condition OnClassCondition on org.springframework.boot.devtools.autoconfigure.DevToolsDataSourceAutoConfiguration matched due to @ConditionalOnClass found required class 'javax.sql.DataSource'
2024-07-21T15:49:56.695+02:00 TRACE 248560 --- [crud-springboot] [           main] o.s.b.f.s.DefaultListableBeanFactory     : Returning cached instance of singleton bean 'autoConfigurationReport'
2024-07-21T15:49:56.695+02:00 TRACE 248560 --- [crud-springboot] [           main] o.s.b.d.a.OnEnabledDevToolsCondition     : Condition OnEnabledDevToolsCondition on org.springframework.boot.devtools.autoconfigure.DevToolsDataSourceAutoConfiguration did not match due to Devtools devtools is disabled for current context.
2024-07-21T15:49:56.695+02:00 TRACE 248560 --- [crud-springboot] [           main] o.s.b.f.s.DefaultListableBeanFactory     : Returning cached instance of singleton bean 'autoConfigurationReport'
2024-07-21T15:49:56.695+02:00 TRACE 248560 --- [crud-springboot] [           main] o.s.b.f.s.DefaultListableBeanFactory     : Returning cached instance of singleton bean 'autoConfigurationReport'
2024-07-21T15:49:56.695+02:00 TRACE 248560 --- [crud-springboot] [           main] o.s.b.f.s.DefaultListableBeanFactory     : Returning cached instance of singleton bean 'autoConfigurationReport'
2024-07-21T15:49:56.695+02:00 TRACE 248560 --- [crud-springboot] [           main] o.s.b.f.s.DefaultListableBeanFactory     : Returning cached instance of singleton bean 'autoConfigurationReport'
2024-07-21T15:49:56.695+02:00 TRACE 248560 --- [crud-springboot] [           main] o.s.b.f.s.DefaultListableBeanFactory     : Returning cached instance of singleton bean 'autoConfigurationReport'
2024-07-21T15:49:56.695+02:00 TRACE 248560 --- [crud-springboot] [           main] o.s.b.f.s.DefaultListableBeanFactory     : Returning cached instance of singleton bean 'autoConfigurationReport'
2024-07-21T15:49:56.696+02:00 TRACE 248560 --- [crud-springboot] [           main] o.s.b.f.s.DefaultListableBeanFactory     : Returning cached instance of singleton bean 'autoConfigurationReport'
2024-07-21T15:49:56.697+02:00 TRACE 248560 --- [crud-springboot] [           main] .s.b.d.r.OnInitializedRestarterCondition : Condition OnInitializedRestarterCondition on org.springframework.boot.devtools.autoconfigure.LocalDevToolsAutoConfiguration did not match due to Initialized Restarter Condition initialized without URLs
2024-07-21T15:49:56.698+02:00 TRACE 248560 --- [crud-springboot] [           main] o.s.b.f.s.DefaultListableBeanFactory     : Returning cached instance of singleton bean 'autoConfigurationReport'
2024-07-21T15:49:56.698+02:00 TRACE 248560 --- [crud-springboot] [           main] o.s.b.f.s.DefaultListableBeanFactory     : Returning cached instance of singleton bean 'autoConfigurationReport'
2024-07-21T15:49:56.698+02:00 TRACE 248560 --- [crud-springboot] [           main] o.s.b.f.s.DefaultListableBeanFactory     : Returning cached instance of singleton bean 'autoConfigurationReport'
2024-07-21T15:49:56.698+02:00 TRACE 248560 --- [crud-springboot] [           main] o.s.b.f.s.DefaultListableBeanFactory     : Returning cached instance of singleton bean 'autoConfigurationReport'
2024-07-21T15:49:56.698+02:00 TRACE 248560 --- [crud-springboot] [           main] o.s.b.f.s.DefaultListableBeanFactory     : Returning cached instance of singleton bean 'autoConfigurationReport'
2024-07-21T15:49:56.698+02:00 TRACE 248560 --- [crud-springboot] [           main] o.s.b.f.s.DefaultListableBeanFactory     : Returning cached instance of singleton bean 'autoConfigurationReport'
2024-07-21T15:49:56.698+02:00 TRACE 248560 --- [crud-springboot] [           main] o.s.b.f.s.DefaultListableBeanFactory     : Returning cached instance of singleton bean 'autoConfigurationReport'
2024-07-21T15:49:56.700+02:00 TRACE 248560 --- [crud-springboot] [           main] o.s.b.a.condition.OnClassCondition       : Condition OnClassCondition on org.springframework.boot.devtools.autoconfigure.RemoteDevToolsAutoConfiguration matched due to @ConditionalOnClass found required classes 'jakarta.servlet.Filter', 'org.springframework.http.server.ServerHttpRequest'
2024-07-21T15:49:56.700+02:00 TRACE 248560 --- [crud-springboot] [           main] o.s.b.f.s.DefaultListableBeanFactory     : Returning cached instance of singleton bean 'autoConfigurationReport'
2024-07-21T15:49:56.700+02:00 TRACE 248560 --- [crud-springboot] [           main] o.s.b.a.condition.OnPropertyCondition    : Condition OnPropertyCondition on org.springframework.boot.devtools.autoconfigure.RemoteDevToolsAutoConfiguration did not match due to @ConditionalOnProperty (spring.devtools.remote.secret) did not find property 'secret'
2024-07-21T15:49:56.701+02:00 TRACE 248560 --- [crud-springboot] [           main] o.s.b.f.s.DefaultListableBeanFactory     : Returning cached instance of singleton bean 'autoConfigurationReport'
2024-07-21T15:49:56.705+02:00 TRACE 248560 --- [crud-springboot] [           main] a.ConfigurationClassBeanDefinitionReader : Registered bean definition for imported class 'org.springframework.security.config.annotation.configuration.ObjectPostProcessorConfiguration'
2024-07-21T15:49:56.707+02:00 TRACE 248560 --- [crud-springboot] [           main] a.ConfigurationClassBeanDefinitionReader : Registering bean definition for @Bean method org.springframework.security.config.annotation.configuration.ObjectPostProcessorConfiguration.objectPostProcessor()
2024-07-21T15:49:56.708+02:00 TRACE 248560 --- [crud-springboot] [           main] a.ConfigurationClassBeanDefinitionReader : Registered bean definition for imported class 'org.springframework.security.config.annotation.authentication.configuration.AuthenticationConfiguration'
2024-07-21T15:49:56.708+02:00 TRACE 248560 --- [crud-springboot] [           main] a.ConfigurationClassBeanDefinitionReader : Registering bean definition for @Bean method org.springframework.security.config.annotation.authentication.configuration.AuthenticationConfiguration.authenticationManagerBuilder()
2024-07-21T15:49:56.708+02:00 TRACE 248560 --- [crud-springboot] [           main] a.ConfigurationClassBeanDefinitionReader : Registering bean definition for @Bean method org.springframework.security.config.annotation.authentication.configuration.AuthenticationConfiguration.enableGlobalAuthenticationAutowiredConfigurer()
2024-07-21T15:49:56.709+02:00 TRACE 248560 --- [crud-springboot] [           main] a.ConfigurationClassBeanDefinitionReader : Registering bean definition for @Bean method org.springframework.security.config.annotation.authentication.configuration.AuthenticationConfiguration.initializeUserDetailsBeanManagerConfigurer()
2024-07-21T15:49:56.709+02:00 TRACE 248560 --- [crud-springboot] [           main] a.ConfigurationClassBeanDefinitionReader : Registering bean definition for @Bean method org.springframework.security.config.annotation.authentication.configuration.AuthenticationConfiguration.initializeAuthenticationProviderBeanManagerConfigurer()
2024-07-21T15:49:56.709+02:00 TRACE 248560 --- [crud-springboot] [           main] a.ConfigurationClassBeanDefinitionReader : Registered bean definition for imported class 'org.springframework.security.config.annotation.web.configuration.WebSecurityConfiguration'
2024-07-21T15:49:56.709+02:00 TRACE 248560 --- [crud-springboot] [           main] a.ConfigurationClassBeanDefinitionReader : Registering bean definition for @Bean method org.springframework.security.config.annotation.web.configuration.WebSecurityConfiguration.delegatingApplicationListener()
2024-07-21T15:49:56.709+02:00 TRACE 248560 --- [crud-springboot] [           main] a.ConfigurationClassBeanDefinitionReader : Registering bean definition for @Bean method org.springframework.security.config.annotation.web.configuration.WebSecurityConfiguration.webSecurityExpressionHandler()
2024-07-21T15:49:56.710+02:00 TRACE 248560 --- [crud-springboot] [           main] a.ConfigurationClassBeanDefinitionReader : Registering bean definition for @Bean method org.springframework.security.config.annotation.web.configuration.WebSecurityConfiguration.springSecurityFilterChain()
2024-07-21T15:49:56.710+02:00 TRACE 248560 --- [crud-springboot] [           main] a.ConfigurationClassBeanDefinitionReader : Registering bean definition for @Bean method org.springframework.security.config.annotation.web.configuration.WebSecurityConfiguration.privilegeEvaluator()
2024-07-21T15:49:56.710+02:00 TRACE 248560 --- [crud-springboot] [           main] a.ConfigurationClassBeanDefinitionReader : Registering bean definition for @Bean method org.springframework.security.config.annotation.web.configuration.WebSecurityConfiguration.conversionServicePostProcessor()
2024-07-21T15:49:56.710+02:00 TRACE 248560 --- [crud-springboot] [           main] a.ConfigurationClassBeanDefinitionReader : Registered bean definition for imported class 'org.springframework.security.config.annotation.web.configuration.WebMvcSecurityConfiguration'
2024-07-21T15:49:56.710+02:00 TRACE 248560 --- [crud-springboot] [           main] a.ConfigurationClassBeanDefinitionReader : Registering bean definition for @Bean method org.springframework.security.config.annotation.web.configuration.WebMvcSecurityConfiguration.requestDataValueProcessor()
2024-07-21T15:49:56.710+02:00 TRACE 248560 --- [crud-springboot] [           main] a.ConfigurationClassBeanDefinitionReader : Registering bean definition for @Bean method org.springframework.security.config.annotation.web.configuration.WebMvcSecurityConfiguration.springSecurityHandlerMappingIntrospectorBeanDefinitionRegistryPostProcessor()
2024-07-21T15:49:56.710+02:00 TRACE 248560 --- [crud-springboot] [           main] a.ConfigurationClassBeanDefinitionReader : Registered bean definition for imported class 'org.springframework.security.config.annotation.web.configuration.HttpSecurityConfiguration'
2024-07-21T15:49:56.711+02:00 TRACE 248560 --- [crud-springboot] [           main] a.ConfigurationClassBeanDefinitionReader : Registering bean definition for @Bean method org.springframework.security.config.annotation.web.configuration.HttpSecurityConfiguration.org.springframework.security.config.annotation.web.configuration.HttpSecurityConfiguration.httpSecurity()
2024-07-21T15:49:56.711+02:00 TRACE 248560 --- [crud-springboot] [           main] a.ConfigurationClassBeanDefinitionReader : Registering bean definition for @Bean method com.cwa.crudspringboot.configuration.SecurityConfig.passwordEncoder()
2024-07-21T15:49:56.711+02:00 TRACE 248560 --- [crud-springboot] [           main] a.ConfigurationClassBeanDefinitionReader : Registering bean definition for @Bean method com.cwa.crudspringboot.configuration.SecurityConfig.authenticationManager()
2024-07-21T15:49:56.711+02:00 TRACE 248560 --- [crud-springboot] [           main] a.ConfigurationClassBeanDefinitionReader : Registering bean definition for @Bean method com.cwa.crudspringboot.configuration.SecurityConfig.securityFilterChain()
2024-07-21T15:49:56.714+02:00 TRACE 248560 --- [crud-springboot] [           main] a.ConfigurationClassBeanDefinitionReader : Registered bean definition for imported class 'org.springframework.boot.autoconfigure.context.PropertyPlaceholderAutoConfiguration'
2024-07-21T15:49:56.753+02:00 TRACE 248560 --- [crud-springboot] [           main] o.s.b.a.condition.OnBeanCondition        : Condition OnBeanCondition on org.springframework.boot.autoconfigure.context.PropertyPlaceholderAutoConfiguration#propertySourcesPlaceholderConfigurer matched due to @ConditionalOnMissingBean (types: org.springframework.context.support.PropertySourcesPlaceholderConfigurer; SearchStrategy: current) did not find any beans
2024-07-21T15:49:56.753+02:00 TRACE 248560 --- [crud-springboot] [           main] o.s.b.f.s.DefaultListableBeanFactory     : Returning cached instance of singleton bean 'autoConfigurationReport'
2024-07-21T15:49:56.753+02:00 TRACE 248560 --- [crud-springboot] [           main] a.ConfigurationClassBeanDefinitionReader : Registering bean definition for @Bean method org.springframework.boot.autoconfigure.context.PropertyPlaceholderAutoConfiguration.propertySourcesPlaceholderConfigurer()
2024-07-21T15:49:56.754+02:00 TRACE 248560 --- [crud-springboot] [           main] a.ConfigurationClassBeanDefinitionReader : Registered bean definition for imported class 'org.springframework.boot.autoconfigure.ssl.SslAutoConfiguration'
2024-07-21T15:49:56.754+02:00 TRACE 248560 --- [crud-springboot] [           main] a.ConfigurationClassBeanDefinitionReader : Registering bean definition for @Bean method org.springframework.boot.autoconfigure.ssl.SslAutoConfiguration.fileWatcher()
2024-07-21T15:49:56.754+02:00 TRACE 248560 --- [crud-springboot] [           main] a.ConfigurationClassBeanDefinitionReader : Registering bean definition for @Bean method org.springframework.boot.autoconfigure.ssl.SslAutoConfiguration.sslPropertiesSslBundleRegistrar()
2024-07-21T15:49:56.760+02:00 TRACE 248560 --- [crud-springboot] [           main] o.s.b.a.condition.OnBeanCondition        : Condition OnBeanCondition on org.springframework.boot.autoconfigure.ssl.SslAutoConfiguration#sslBundleRegistry matched due to @ConditionalOnMissingBean (types: org.springframework.boot.ssl.SslBundleRegistry,org.springframework.boot.ssl.SslBundles; SearchStrategy: all) did not find any beans
2024-07-21T15:49:56.760+02:00 TRACE 248560 --- [crud-springboot] [           main] o.s.b.f.s.DefaultListableBeanFactory     : Returning cached instance of singleton bean 'autoConfigurationReport'
2024-07-21T15:49:56.760+02:00 TRACE 248560 --- [crud-springboot] [           main] a.ConfigurationClassBeanDefinitionReader : Registering bean definition for @Bean method org.springframework.boot.autoconfigure.ssl.SslAutoConfiguration.sslBundleRegistry()
2024-07-21T15:49:56.770+02:00 TRACE 248560 --- [crud-springboot] [           main] o.s.b.a.condition.OnClassCondition       : Condition OnClassCondition on org.springframework.boot.autoconfigure.websocket.servlet.WebSocketServletAutoConfiguration matched due to @ConditionalOnClass found required classes 'jakarta.servlet.Servlet', 'jakarta.websocket.server.ServerContainer'
2024-07-21T15:49:56.770+02:00 TRACE 248560 --- [crud-springboot] [           main] o.s.b.f.s.DefaultListableBeanFactory     : Returning cached instance of singleton bean 'autoConfigurationReport'
2024-07-21T15:49:56.770+02:00 TRACE 248560 --- [crud-springboot] [           main] o.s.b.a.c.OnWebApplicationCondition      : Condition OnWebApplicationCondition on org.springframework.boot.autoconfigure.websocket.servlet.WebSocketServletAutoConfiguration matched due to found 'session' scope
2024-07-21T15:49:56.770+02:00 TRACE 248560 --- [crud-springboot] [           main] o.s.b.f.s.DefaultListableBeanFactory     : Returning cached instance of singleton bean 'autoConfigurationReport'
2024-07-21T15:49:56.770+02:00 TRACE 248560 --- [crud-springboot] [           main] o.s.b.a.condition.OnClassCondition       : Condition OnClassCondition on org.springframework.boot.autoconfigure.websocket.servlet.WebSocketServletAutoConfiguration$TomcatWebSocketConfiguration matched due to @ConditionalOnClass found required classes 'org.apache.catalina.startup.Tomcat', 'org.apache.tomcat.websocket.server.WsSci'
2024-07-21T15:49:56.770+02:00 TRACE 248560 --- [crud-springboot] [           main] o.s.b.f.s.DefaultListableBeanFactory     : Returning cached instance of singleton bean 'autoConfigurationReport'
2024-07-21T15:49:56.770+02:00 TRACE 248560 --- [crud-springboot] [           main] a.ConfigurationClassBeanDefinitionReader : Registered bean definition for imported class 'org.springframework.boot.autoconfigure.websocket.servlet.WebSocketServletAutoConfiguration$TomcatWebSocketConfiguration'
2024-07-21T15:49:56.771+02:00 TRACE 248560 --- [crud-springboot] [           main] o.s.b.a.condition.OnBeanCondition        : Condition OnBeanCondition on org.springframework.boot.autoconfigure.websocket.servlet.WebSocketServletAutoConfiguration$TomcatWebSocketConfiguration#websocketServletWebServerCustomizer matched due to @ConditionalOnMissingBean (names: websocketServletWebServerCustomizer; SearchStrategy: all) did not find any beans
2024-07-21T15:49:56.771+02:00 TRACE 248560 --- [crud-springboot] [           main] o.s.b.f.s.DefaultListableBeanFactory     : Returning cached instance of singleton bean 'autoConfigurationReport'
2024-07-21T15:49:56.771+02:00 TRACE 248560 --- [crud-springboot] [           main] a.ConfigurationClassBeanDefinitionReader : Registering bean definition for @Bean method org.springframework.boot.autoconfigure.websocket.servlet.WebSocketServletAutoConfiguration$TomcatWebSocketConfiguration.websocketServletWebServerCustomizer()
2024-07-21T15:49:56.773+02:00 TRACE 248560 --- [crud-springboot] [           main] a.ConfigurationClassBeanDefinitionReader : Registered bean definition for imported class 'org.springframework.boot.autoconfigure.websocket.servlet.WebSocketServletAutoConfiguration'
2024-07-21T15:49:56.774+02:00 TRACE 248560 --- [crud-springboot] [           main] o.s.b.a.condition.OnClassCondition       : Condition OnClassCondition on org.springframework.boot.autoconfigure.web.servlet.ServletWebServerFactoryAutoConfiguration matched due to @ConditionalOnClass found required class 'jakarta.servlet.ServletRequest'
2024-07-21T15:49:56.774+02:00 TRACE 248560 --- [crud-springboot] [           main] o.s.b.f.s.DefaultListableBeanFactory     : Returning cached instance of singleton bean 'autoConfigurationReport'
2024-07-21T15:49:56.775+02:00 TRACE 248560 --- [crud-springboot] [           main] o.s.b.a.c.OnWebApplicationCondition      : Condition OnWebApplicationCondition on org.springframework.boot.autoconfigure.web.servlet.ServletWebServerFactoryAutoConfiguration matched due to found 'session' scope
2024-07-21T15:49:56.775+02:00 TRACE 248560 --- [crud-springboot] [           main] o.s.b.f.s.DefaultListableBeanFactory     : Returning cached instance of singleton bean 'autoConfigurationReport'
2024-07-21T15:49:56.775+02:00 TRACE 248560 --- [crud-springboot] [           main] o.s.b.a.condition.OnClassCondition       : Condition OnClassCondition on org.springframework.boot.autoconfigure.web.servlet.ServletWebServerFactoryConfiguration$EmbeddedTomcat matched due to @ConditionalOnClass found required classes 'jakarta.servlet.Servlet', 'org.apache.catalina.startup.Tomcat', 'org.apache.coyote.UpgradeProtocol'
2024-07-21T15:49:56.775+02:00 TRACE 248560 --- [crud-springboot] [           main] o.s.b.f.s.DefaultListableBeanFactory     : Returning cached instance of singleton bean 'autoConfigurationReport'
2024-07-21T15:49:56.779+02:00 TRACE 248560 --- [crud-springboot] [           main] o.s.b.a.condition.OnBeanCondition        : Condition OnBeanCondition on org.springframework.boot.autoconfigure.web.servlet.ServletWebServerFactoryConfiguration$EmbeddedTomcat matched due to @ConditionalOnMissingBean (types: org.springframework.boot.web.servlet.server.ServletWebServerFactory; SearchStrategy: current) did not find any beans
2024-07-21T15:49:56.779+02:00 TRACE 248560 --- [crud-springboot] [           main] o.s.b.f.s.DefaultListableBeanFactory     : Returning cached instance of singleton bean 'autoConfigurationReport'
2024-07-21T15:49:56.780+02:00 TRACE 248560 --- [crud-springboot] [           main] a.ConfigurationClassBeanDefinitionReader : Registered bean definition for imported class 'org.springframework.boot.autoconfigure.web.servlet.ServletWebServerFactoryConfiguration$EmbeddedTomcat'
2024-07-21T15:49:56.780+02:00 TRACE 248560 --- [crud-springboot] [           main] a.ConfigurationClassBeanDefinitionReader : Registering bean definition for @Bean method org.springframework.boot.autoconfigure.web.servlet.ServletWebServerFactoryConfiguration$EmbeddedTomcat.tomcatServletWebServerFactory()
2024-07-21T15:49:56.782+02:00 TRACE 248560 --- [crud-springboot] [           main] a.ConfigurationClassBeanDefinitionReader : Registered bean definition for imported class 'org.springframework.boot.autoconfigure.web.servlet.ServletWebServerFactoryAutoConfiguration'
2024-07-21T15:49:56.782+02:00 TRACE 248560 --- [crud-springboot] [           main] a.ConfigurationClassBeanDefinitionReader : Registering bean definition for @Bean method org.springframework.boot.autoconfigure.web.servlet.ServletWebServerFactoryAutoConfiguration.servletWebServerFactoryCustomizer()
2024-07-21T15:49:56.782+02:00 TRACE 248560 --- [crud-springboot] [           main] o.s.b.a.condition.OnClassCondition       : Condition OnClassCondition on org.springframework.boot.autoconfigure.web.servlet.ServletWebServerFactoryAutoConfiguration#tomcatServletWebServerFactoryCustomizer matched due to @ConditionalOnClass found required class 'org.apache.catalina.startup.Tomcat'
2024-07-21T15:49:56.782+02:00 TRACE 248560 --- [crud-springboot] [           main] o.s.b.f.s.DefaultListableBeanFactory     : Returning cached instance of singleton bean 'autoConfigurationReport'
2024-07-21T15:49:56.783+02:00 TRACE 248560 --- [crud-springboot] [           main] a.ConfigurationClassBeanDefinitionReader : Registering bean definition for @Bean method org.springframework.boot.autoconfigure.web.servlet.ServletWebServerFactoryAutoConfiguration.tomcatServletWebServerFactoryCustomizer()
2024-07-21T15:49:56.798+02:00 TRACE 248560 --- [crud-springboot] [           main] o.s.b.a.condition.OnClassCondition       : Condition OnClassCondition on org.springframework.boot.autoconfigure.web.servlet.DispatcherServletAutoConfiguration matched due to @ConditionalOnClass found required class 'org.springframework.web.servlet.DispatcherServlet'
2024-07-21T15:49:56.798+02:00 TRACE 248560 --- [crud-springboot] [           main] o.s.b.f.s.DefaultListableBeanFactory     : Returning cached instance of singleton bean 'autoConfigurationReport'
2024-07-21T15:49:56.799+02:00 TRACE 248560 --- [crud-springboot] [           main] o.s.b.a.c.OnWebApplicationCondition      : Condition OnWebApplicationCondition on org.springframework.boot.autoconfigure.web.servlet.DispatcherServletAutoConfiguration matched due to found 'session' scope
2024-07-21T15:49:56.799+02:00 TRACE 248560 --- [crud-springboot] [           main] o.s.b.f.s.DefaultListableBeanFactory     : Returning cached instance of singleton bean 'autoConfigurationReport'
2024-07-21T15:49:56.799+02:00 TRACE 248560 --- [crud-springboot] [           main] o.s.b.a.condition.OnClassCondition       : Condition OnClassCondition on org.springframework.boot.autoconfigure.web.servlet.DispatcherServletAutoConfiguration$DispatcherServletRegistrationConfiguration matched due to @ConditionalOnClass found required class 'jakarta.servlet.ServletRegistration'
2024-07-21T15:49:56.799+02:00 TRACE 248560 --- [crud-springboot] [           main] o.s.b.f.s.DefaultListableBeanFactory     : Returning cached instance of singleton bean 'autoConfigurationReport'
2024-07-21T15:49:56.800+02:00 TRACE 248560 --- [crud-springboot] [           main] n$DispatcherServletRegistrationCondition : Condition DispatcherServletAutoConfiguration.DispatcherServletRegistrationCondition on org.springframework.boot.autoconfigure.web.servlet.DispatcherServletAutoConfiguration$DispatcherServletRegistrationConfiguration matched due to DispatcherServlet Registration did not find servlet registration bean
2024-07-21T15:49:56.800+02:00 TRACE 248560 --- [crud-springboot] [           main] o.s.b.f.s.DefaultListableBeanFactory     : Returning cached instance of singleton bean 'autoConfigurationReport'
2024-07-21T15:49:56.800+02:00 TRACE 248560 --- [crud-springboot] [           main] o.s.b.a.condition.OnClassCondition       : Condition OnClassCondition on org.springframework.boot.autoconfigure.web.servlet.DispatcherServletAutoConfiguration$DispatcherServletConfiguration matched due to @ConditionalOnClass found required class 'jakarta.servlet.ServletRegistration'
2024-07-21T15:49:56.800+02:00 TRACE 248560 --- [crud-springboot] [           main] o.s.b.f.s.DefaultListableBeanFactory     : Returning cached instance of singleton bean 'autoConfigurationReport'
2024-07-21T15:49:56.801+02:00 TRACE 248560 --- [crud-springboot] [           main] ration$DefaultDispatcherServletCondition : Condition DispatcherServletAutoConfiguration.DefaultDispatcherServletCondition on org.springframework.boot.autoconfigure.web.servlet.DispatcherServletAutoConfiguration$DispatcherServletConfiguration matched due to Default DispatcherServlet did not find dispatcher servlet beans
2024-07-21T15:49:56.801+02:00 TRACE 248560 --- [crud-springboot] [           main] o.s.b.f.s.DefaultListableBeanFactory     : Returning cached instance of singleton bean 'autoConfigurationReport'
2024-07-21T15:49:56.802+02:00 TRACE 248560 --- [crud-springboot] [           main] a.ConfigurationClassBeanDefinitionReader : Registered bean definition for imported class 'org.springframework.boot.autoconfigure.web.servlet.DispatcherServletAutoConfiguration$DispatcherServletConfiguration'
2024-07-21T15:49:56.802+02:00 TRACE 248560 --- [crud-springboot] [           main] a.ConfigurationClassBeanDefinitionReader : Registering bean definition for @Bean method org.springframework.boot.autoconfigure.web.servlet.DispatcherServletAutoConfiguration$DispatcherServletConfiguration.dispatcherServlet()
2024-07-21T15:49:56.804+02:00 TRACE 248560 --- [crud-springboot] [           main] o.s.b.a.condition.OnBeanCondition        : Condition OnBeanCondition on org.springframework.boot.autoconfigure.web.servlet.DispatcherServletAutoConfiguration$DispatcherServletConfiguration#multipartResolver did not match due to @ConditionalOnBean (types: org.springframework.web.multipart.MultipartResolver; SearchStrategy: all) did not find any beans of type org.springframework.web.multipart.MultipartResolver
2024-07-21T15:49:56.804+02:00 TRACE 248560 --- [crud-springboot] [           main] o.s.b.f.s.DefaultListableBeanFactory     : Returning cached instance of singleton bean 'autoConfigurationReport'
2024-07-21T15:49:56.807+02:00 TRACE 248560 --- [crud-springboot] [           main] a.ConfigurationClassBeanDefinitionReader : Registered bean definition for imported class 'org.springframework.boot.autoconfigure.web.servlet.DispatcherServletAutoConfiguration$DispatcherServletRegistrationConfiguration'
2024-07-21T15:49:56.809+02:00 TRACE 248560 --- [crud-springboot] [           main] o.s.b.a.condition.OnBeanCondition        : Condition OnBeanCondition on org.springframework.boot.autoconfigure.web.servlet.DispatcherServletAutoConfiguration$DispatcherServletRegistrationConfiguration#dispatcherServletRegistration matched due to @ConditionalOnBean (names: dispatcherServlet types: org.springframework.web.servlet.DispatcherServlet; SearchStrategy: all) found bean 'dispatcherServlet'
2024-07-21T15:49:56.810+02:00 TRACE 248560 --- [crud-springboot] [           main] o.s.b.f.s.DefaultListableBeanFactory     : Returning cached instance of singleton bean 'autoConfigurationReport'
2024-07-21T15:49:56.810+02:00 TRACE 248560 --- [crud-springboot] [           main] a.ConfigurationClassBeanDefinitionReader : Registering bean definition for @Bean method org.springframework.boot.autoconfigure.web.servlet.DispatcherServletAutoConfiguration$DispatcherServletRegistrationConfiguration.dispatcherServletRegistration()
2024-07-21T15:49:56.810+02:00 TRACE 248560 --- [crud-springboot] [           main] a.ConfigurationClassBeanDefinitionReader : Registered bean definition for imported class 'org.springframework.boot.autoconfigure.web.servlet.DispatcherServletAutoConfiguration'
2024-07-21T15:49:56.811+02:00 TRACE 248560 --- [crud-springboot] [           main] o.s.b.a.condition.OnClassCondition       : Condition OnClassCondition on org.springframework.boot.autoconfigure.task.TaskExecutionAutoConfiguration matched due to @ConditionalOnClass found required class 'org.springframework.scheduling.concurrent.ThreadPoolTaskExecutor'
2024-07-21T15:49:56.811+02:00 TRACE 248560 --- [crud-springboot] [           main] o.s.b.f.s.DefaultListableBeanFactory     : Returning cached instance of singleton bean 'autoConfigurationReport'
2024-07-21T15:49:56.811+02:00 TRACE 248560 --- [crud-springboot] [           main] a.ConfigurationClassBeanDefinitionReader : Registered bean definition for imported class 'org.springframework.boot.autoconfigure.task.TaskExecutorConfigurations$ThreadPoolTaskExecutorBuilderConfiguration'
2024-07-21T15:49:56.818+02:00 TRACE 248560 --- [crud-springboot] [           main] o.s.b.a.condition.OnBeanCondition        : Condition OnBeanCondition on org.springframework.boot.autoconfigure.task.TaskExecutorConfigurations$ThreadPoolTaskExecutorBuilderConfiguration#threadPoolTaskExecutorBuilder matched due to @ConditionalOnMissingBean (types: org.springframework.boot.task.TaskExecutorBuilder,org.springframework.boot.task.ThreadPoolTaskExecutorBuilder; SearchStrategy: all) did not find any beans
2024-07-21T15:49:56.818+02:00 TRACE 248560 --- [crud-springboot] [           main] o.s.b.f.s.DefaultListableBeanFactory     : Returning cached instance of singleton bean 'autoConfigurationReport'
2024-07-21T15:49:56.818+02:00 TRACE 248560 --- [crud-springboot] [           main] a.ConfigurationClassBeanDefinitionReader : Registering bean definition for @Bean method org.springframework.boot.autoconfigure.task.TaskExecutorConfigurations$ThreadPoolTaskExecutorBuilderConfiguration.threadPoolTaskExecutorBuilder()
2024-07-21T15:49:56.819+02:00 TRACE 248560 --- [crud-springboot] [           main] a.ConfigurationClassBeanDefinitionReader : Registered bean definition for imported class 'org.springframework.boot.autoconfigure.task.TaskExecutorConfigurations$TaskExecutorBuilderConfiguration'
2024-07-21T15:49:56.821+02:00 TRACE 248560 --- [crud-springboot] [           main] o.s.b.a.condition.OnBeanCondition        : Condition OnBeanCondition on org.springframework.boot.autoconfigure.task.TaskExecutorConfigurations$TaskExecutorBuilderConfiguration#taskExecutorBuilder matched due to @ConditionalOnMissingBean (types: org.springframework.boot.task.TaskExecutorBuilder; SearchStrategy: all) did not find any beans
2024-07-21T15:49:56.821+02:00 TRACE 248560 --- [crud-springboot] [           main] o.s.b.f.s.DefaultListableBeanFactory     : Returning cached instance of singleton bean 'autoConfigurationReport'
2024-07-21T15:49:56.821+02:00 TRACE 248560 --- [crud-springboot] [           main] a.ConfigurationClassBeanDefinitionReader : Registering bean definition for @Bean method org.springframework.boot.autoconfigure.task.TaskExecutorConfigurations$TaskExecutorBuilderConfiguration.taskExecutorBuilder()
2024-07-21T15:49:56.822+02:00 TRACE 248560 --- [crud-springboot] [           main] a.ConfigurationClassBeanDefinitionReader : Registered bean definition for imported class 'org.springframework.boot.autoconfigure.task.TaskExecutorConfigurations$SimpleAsyncTaskExecutorBuilderConfiguration'
2024-07-21T15:49:56.824+02:00 TRACE 248560 --- [crud-springboot] [           main] o.s.b.a.condition.OnBeanCondition        : Condition OnBeanCondition on org.springframework.boot.autoconfigure.task.TaskExecutorConfigurations$SimpleAsyncTaskExecutorBuilderConfiguration#simpleAsyncTaskExecutorBuilder matched due to @ConditionalOnMissingBean (types: org.springframework.boot.task.SimpleAsyncTaskExecutorBuilder; SearchStrategy: all) did not find any beans
2024-07-21T15:49:56.825+02:00 TRACE 248560 --- [crud-springboot] [           main] o.s.b.f.s.DefaultListableBeanFactory     : Returning cached instance of singleton bean 'autoConfigurationReport'
2024-07-21T15:49:56.825+02:00 TRACE 248560 --- [crud-springboot] [           main] o.s.b.a.condition.OnThreadingCondition   : Condition OnThreadingCondition on org.springframework.boot.autoconfigure.task.TaskExecutorConfigurations$SimpleAsyncTaskExecutorBuilderConfiguration#simpleAsyncTaskExecutorBuilder matched due to @ConditionalOnThreading found PLATFORM
2024-07-21T15:49:56.825+02:00 TRACE 248560 --- [crud-springboot] [           main] o.s.b.f.s.DefaultListableBeanFactory     : Returning cached instance of singleton bean 'autoConfigurationReport'
2024-07-21T15:49:56.826+02:00 TRACE 248560 --- [crud-springboot] [           main] a.ConfigurationClassBeanDefinitionReader : Registering bean definition for @Bean method org.springframework.boot.autoconfigure.task.TaskExecutorConfigurations$SimpleAsyncTaskExecutorBuilderConfiguration.simpleAsyncTaskExecutorBuilder()
2024-07-21T15:49:56.829+02:00 TRACE 248560 --- [crud-springboot] [           main] o.s.b.a.condition.OnBeanCondition        : Condition OnBeanCondition on org.springframework.boot.autoconfigure.task.TaskExecutorConfigurations$SimpleAsyncTaskExecutorBuilderConfiguration#simpleAsyncTaskExecutorBuilderVirtualThreads did not match due to @ConditionalOnMissingBean (types: org.springframework.boot.task.SimpleAsyncTaskExecutorBuilder; SearchStrategy: all) found beans of type 'org.springframework.boot.task.SimpleAsyncTaskExecutorBuilder' simpleAsyncTaskExecutorBuilder
2024-07-21T15:49:56.829+02:00 TRACE 248560 --- [crud-springboot] [           main] o.s.b.f.s.DefaultListableBeanFactory     : Returning cached instance of singleton bean 'autoConfigurationReport'
2024-07-21T15:49:56.830+02:00 TRACE 248560 --- [crud-springboot] [           main] o.s.b.a.condition.OnBeanCondition        : Condition OnBeanCondition on org.springframework.boot.autoconfigure.task.TaskExecutorConfigurations$TaskExecutorConfiguration matched due to @ConditionalOnMissingBean (types: java.util.concurrent.Executor; SearchStrategy: all) did not find any beans
2024-07-21T15:49:56.831+02:00 TRACE 248560 --- [crud-springboot] [           main] o.s.b.f.s.DefaultListableBeanFactory     : Returning cached instance of singleton bean 'autoConfigurationReport'
2024-07-21T15:49:56.831+02:00 TRACE 248560 --- [crud-springboot] [           main] a.ConfigurationClassBeanDefinitionReader : Registered bean definition for imported class 'org.springframework.boot.autoconfigure.task.TaskExecutorConfigurations$TaskExecutorConfiguration'
2024-07-21T15:49:56.832+02:00 TRACE 248560 --- [crud-springboot] [           main] o.s.b.a.condition.OnThreadingCondition   : Condition OnThreadingCondition on org.springframework.boot.autoconfigure.task.TaskExecutorConfigurations$TaskExecutorConfiguration#applicationTaskExecutorVirtualThreads did not match due to @ConditionalOnThreading did not find VIRTUAL
2024-07-21T15:49:56.832+02:00 TRACE 248560 --- [crud-springboot] [           main] o.s.b.f.s.DefaultListableBeanFactory     : Returning cached instance of singleton bean 'autoConfigurationReport'
2024-07-21T15:49:56.833+02:00 TRACE 248560 --- [crud-springboot] [           main] o.s.b.a.condition.OnThreadingCondition   : Condition OnThreadingCondition on org.springframework.boot.autoconfigure.task.TaskExecutorConfigurations$TaskExecutorConfiguration#applicationTaskExecutor matched due to @ConditionalOnThreading found PLATFORM
2024-07-21T15:49:56.833+02:00 TRACE 248560 --- [crud-springboot] [           main] o.s.b.f.s.DefaultListableBeanFactory     : Returning cached instance of singleton bean 'autoConfigurationReport'
2024-07-21T15:49:56.834+02:00 TRACE 248560 --- [crud-springboot] [           main] o.s.b.f.s.DefaultListableBeanFactory     : Alias definition 'taskExecutor' registered for name 'applicationTaskExecutor'
2024-07-21T15:49:56.834+02:00 TRACE 248560 --- [crud-springboot] [           main] a.ConfigurationClassBeanDefinitionReader : Registering bean definition for @Bean method org.springframework.boot.autoconfigure.task.TaskExecutorConfigurations$TaskExecutorConfiguration.applicationTaskExecutor()
2024-07-21T15:49:56.835+02:00 TRACE 248560 --- [crud-springboot] [           main] a.ConfigurationClassBeanDefinitionReader : Registered bean definition for imported class 'org.springframework.boot.autoconfigure.task.TaskExecutionAutoConfiguration'
2024-07-21T15:49:56.837+02:00 TRACE 248560 --- [crud-springboot] [           main] o.s.b.a.condition.OnClassCondition       : Condition OnClassCondition on org.springframework.boot.autoconfigure.web.servlet.error.ErrorMvcAutoConfiguration matched due to @ConditionalOnClass found required classes 'jakarta.servlet.Servlet', 'org.springframework.web.servlet.DispatcherServlet'
2024-07-21T15:49:56.837+02:00 TRACE 248560 --- [crud-springboot] [           main] o.s.b.f.s.DefaultListableBeanFactory     : Returning cached instance of singleton bean 'autoConfigurationReport'
2024-07-21T15:49:56.837+02:00 TRACE 248560 --- [crud-springboot] [           main] o.s.b.a.c.OnWebApplicationCondition      : Condition OnWebApplicationCondition on org.springframework.boot.autoconfigure.web.servlet.error.ErrorMvcAutoConfiguration matched due to found 'session' scope
2024-07-21T15:49:56.837+02:00 TRACE 248560 --- [crud-springboot] [           main] o.s.b.f.s.DefaultListableBeanFactory     : Returning cached instance of singleton bean 'autoConfigurationReport'
2024-07-21T15:49:56.838+02:00 TRACE 248560 --- [crud-springboot] [           main] o.s.b.a.condition.OnPropertyCondition    : Condition OnPropertyCondition on org.springframework.boot.autoconfigure.web.servlet.error.ErrorMvcAutoConfiguration$WhitelabelErrorViewConfiguration matched due to @ConditionalOnProperty (server.error.whitelabel.enabled) matched
2024-07-21T15:49:56.838+02:00 TRACE 248560 --- [crud-springboot] [           main] o.s.b.f.s.DefaultListableBeanFactory     : Returning cached instance of singleton bean 'autoConfigurationReport'
2024-07-21T15:49:56.838+02:00 TRACE 248560 --- [crud-springboot] [           main] o.s.c.io.support.SpringFactoriesLoader   : Loaded [org.springframework.boot.autoconfigure.template.TemplateAvailabilityProvider] names: [org.springframework.boot.autoconfigure.freemarker.FreeMarkerTemplateAvailabilityProvider, org.springframework.boot.autoconfigure.mustache.MustacheTemplateAvailabilityProvider, org.springframework.boot.autoconfigure.groovy.template.GroovyTemplateAvailabilityProvider, org.springframework.boot.autoconfigure.thymeleaf.ThymeleafTemplateAvailabilityProvider, org.springframework.boot.autoconfigure.web.servlet.JspTemplateAvailabilityProvider]
2024-07-21T15:49:56.839+02:00 TRACE 248560 --- [crud-springboot] [           main] figuration$ErrorTemplateMissingCondition : Condition ErrorMvcAutoConfiguration.ErrorTemplateMissingCondition on org.springframework.boot.autoconfigure.web.servlet.error.ErrorMvcAutoConfiguration$WhitelabelErrorViewConfiguration matched due to ErrorTemplate Missing did not find error template view
2024-07-21T15:49:56.839+02:00 TRACE 248560 --- [crud-springboot] [           main] o.s.b.f.s.DefaultListableBeanFactory     : Returning cached instance of singleton bean 'autoConfigurationReport'
2024-07-21T15:49:56.839+02:00 TRACE 248560 --- [crud-springboot] [           main] a.ConfigurationClassBeanDefinitionReader : Registered bean definition for imported class 'org.springframework.boot.autoconfigure.web.servlet.error.ErrorMvcAutoConfiguration$WhitelabelErrorViewConfiguration'
2024-07-21T15:49:56.840+02:00 TRACE 248560 --- [crud-springboot] [           main] o.s.b.a.condition.OnBeanCondition        : Condition OnBeanCondition on org.springframework.boot.autoconfigure.web.servlet.error.ErrorMvcAutoConfiguration$WhitelabelErrorViewConfiguration#defaultErrorView matched due to @ConditionalOnMissingBean (names: error; SearchStrategy: all) did not find any beans
2024-07-21T15:49:56.840+02:00 TRACE 248560 --- [crud-springboot] [           main] o.s.b.f.s.DefaultListableBeanFactory     : Returning cached instance of singleton bean 'autoConfigurationReport'
2024-07-21T15:49:56.840+02:00 TRACE 248560 --- [crud-springboot] [           main] a.ConfigurationClassBeanDefinitionReader : Registering bean definition for @Bean method org.springframework.boot.autoconfigure.web.servlet.error.ErrorMvcAutoConfiguration$WhitelabelErrorViewConfiguration.error()
2024-07-21T15:49:56.846+02:00 TRACE 248560 --- [crud-springboot] [           main] o.s.b.a.condition.OnBeanCondition        : Condition OnBeanCondition on org.springframework.boot.autoconfigure.web.servlet.error.ErrorMvcAutoConfiguration$WhitelabelErrorViewConfiguration#beanNameViewResolver matched due to @ConditionalOnMissingBean (types: org.springframework.web.servlet.view.BeanNameViewResolver; SearchStrategy: all) did not find any beans
2024-07-21T15:49:56.846+02:00 TRACE 248560 --- [crud-springboot] [           main] o.s.b.f.s.DefaultListableBeanFactory     : Returning cached instance of singleton bean 'autoConfigurationReport'
2024-07-21T15:49:56.847+02:00 TRACE 248560 --- [crud-springboot] [           main] a.ConfigurationClassBeanDefinitionReader : Registering bean definition for @Bean method org.springframework.boot.autoconfigure.web.servlet.error.ErrorMvcAutoConfiguration$WhitelabelErrorViewConfiguration.beanNameViewResolver()
2024-07-21T15:49:56.847+02:00 TRACE 248560 --- [crud-springboot] [           main] a.ConfigurationClassBeanDefinitionReader : Registered bean definition for imported class 'org.springframework.boot.autoconfigure.web.servlet.error.ErrorMvcAutoConfiguration$DefaultErrorViewResolverConfiguration'
2024-07-21T15:49:56.850+02:00 TRACE 248560 --- [crud-springboot] [           main] o.s.b.a.condition.OnBeanCondition        : Condition OnBeanCondition on org.springframework.boot.autoconfigure.web.servlet.error.ErrorMvcAutoConfiguration$DefaultErrorViewResolverConfiguration#conventionErrorViewResolver matched due to @ConditionalOnBean (types: org.springframework.web.servlet.DispatcherServlet; SearchStrategy: all) found bean 'dispatcherServlet'; @ConditionalOnMissingBean (types: org.springframework.boot.autoconfigure.web.servlet.error.ErrorViewResolver; SearchStrategy: all) did not find any beans
2024-07-21T15:49:56.850+02:00 TRACE 248560 --- [crud-springboot] [           main] o.s.b.f.s.DefaultListableBeanFactory     : Returning cached instance of singleton bean 'autoConfigurationReport'
2024-07-21T15:49:56.852+02:00 TRACE 248560 --- [crud-springboot] [           main] o.s.b.a.condition.OnBeanCondition        : Condition OnBeanCondition on org.springframework.boot.autoconfigure.web.servlet.error.ErrorMvcAutoConfiguration$DefaultErrorViewResolverConfiguration#conventionErrorViewResolver matched due to @ConditionalOnBean (types: org.springframework.web.servlet.DispatcherServlet; SearchStrategy: all) found bean 'dispatcherServlet'; @ConditionalOnMissingBean (types: org.springframework.boot.autoconfigure.web.servlet.error.ErrorViewResolver; SearchStrategy: all) did not find any beans
2024-07-21T15:49:56.852+02:00 TRACE 248560 --- [crud-springboot] [           main] o.s.b.f.s.DefaultListableBeanFactory     : Returning cached instance of singleton bean 'autoConfigurationReport'
2024-07-21T15:49:56.852+02:00 TRACE 248560 --- [crud-springboot] [           main] a.ConfigurationClassBeanDefinitionReader : Registering bean definition for @Bean method org.springframework.boot.autoconfigure.web.servlet.error.ErrorMvcAutoConfiguration$DefaultErrorViewResolverConfiguration.conventionErrorViewResolver()
2024-07-21T15:49:56.854+02:00 TRACE 248560 --- [crud-springboot] [           main] a.ConfigurationClassBeanDefinitionReader : Registered bean definition for imported class 'org.springframework.boot.autoconfigure.web.servlet.error.ErrorMvcAutoConfiguration'
2024-07-21T15:49:56.857+02:00 TRACE 248560 --- [crud-springboot] [           main] o.s.b.a.condition.OnBeanCondition        : Condition OnBeanCondition on org.springframework.boot.autoconfigure.web.servlet.error.ErrorMvcAutoConfiguration#errorAttributes matched due to @ConditionalOnMissingBean (types: org.springframework.boot.web.servlet.error.ErrorAttributes; SearchStrategy: current) did not find any beans
2024-07-21T15:49:56.857+02:00 TRACE 248560 --- [crud-springboot] [           main] o.s.b.f.s.DefaultListableBeanFactory     : Returning cached instance of singleton bean 'autoConfigurationReport'
2024-07-21T15:49:56.858+02:00 TRACE 248560 --- [crud-springboot] [           main] a.ConfigurationClassBeanDefinitionReader : Registering bean definition for @Bean method org.springframework.boot.autoconfigure.web.servlet.error.ErrorMvcAutoConfiguration.errorAttributes()
2024-07-21T15:49:56.863+02:00 TRACE 248560 --- [crud-springboot] [           main] o.s.b.a.condition.OnBeanCondition        : Condition OnBeanCondition on org.springframework.boot.autoconfigure.web.servlet.error.ErrorMvcAutoConfiguration#basicErrorController matched due to @ConditionalOnMissingBean (types: org.springframework.boot.web.servlet.error.ErrorController; SearchStrategy: current) did not find any beans
2024-07-21T15:49:56.863+02:00 TRACE 248560 --- [crud-springboot] [           main] o.s.b.f.s.DefaultListableBeanFactory     : Returning cached instance of singleton bean 'autoConfigurationReport'
2024-07-21T15:49:56.864+02:00 TRACE 248560 --- [crud-springboot] [           main] a.ConfigurationClassBeanDefinitionReader : Registering bean definition for @Bean method org.springframework.boot.autoconfigure.web.servlet.error.ErrorMvcAutoConfiguration.basicErrorController()
2024-07-21T15:49:56.864+02:00 TRACE 248560 --- [crud-springboot] [           main] a.ConfigurationClassBeanDefinitionReader : Registering bean definition for @Bean method org.springframework.boot.autoconfigure.web.servlet.error.ErrorMvcAutoConfiguration.errorPageCustomizer()
2024-07-21T15:49:56.864+02:00 TRACE 248560 --- [crud-springboot] [           main] a.ConfigurationClassBeanDefinitionReader : Registering bean definition for @Bean method org.springframework.boot.autoconfigure.web.servlet.error.ErrorMvcAutoConfiguration.preserveErrorControllerTargetClassPostProcessor()
2024-07-21T15:49:56.865+02:00 TRACE 248560 --- [crud-springboot] [           main] o.s.b.a.condition.OnClassCondition       : Condition OnClassCondition on org.springframework.boot.autoconfigure.web.servlet.WebMvcAutoConfiguration matched due to @ConditionalOnClass found required classes 'jakarta.servlet.Servlet', 'org.springframework.web.servlet.DispatcherServlet', 'org.springframework.web.servlet.config.annotation.WebMvcConfigurer'
2024-07-21T15:49:56.866+02:00 TRACE 248560 --- [crud-springboot] [           main] o.s.b.f.s.DefaultListableBeanFactory     : Returning cached instance of singleton bean 'autoConfigurationReport'
2024-07-21T15:49:56.866+02:00 TRACE 248560 --- [crud-springboot] [           main] o.s.b.a.c.OnWebApplicationCondition      : Condition OnWebApplicationCondition on org.springframework.boot.autoconfigure.web.servlet.WebMvcAutoConfiguration matched due to found 'session' scope
2024-07-21T15:49:56.866+02:00 TRACE 248560 --- [crud-springboot] [           main] o.s.b.f.s.DefaultListableBeanFactory     : Returning cached instance of singleton bean 'autoConfigurationReport'
2024-07-21T15:49:56.869+02:00 TRACE 248560 --- [crud-springboot] [           main] o.s.b.a.condition.OnBeanCondition        : Condition OnBeanCondition on org.springframework.boot.autoconfigure.web.servlet.WebMvcAutoConfiguration matched due to @ConditionalOnMissingBean (types: org.springframework.web.servlet.config.annotation.WebMvcConfigurationSupport; SearchStrategy: all) did not find any beans
2024-07-21T15:49:56.869+02:00 TRACE 248560 --- [crud-springboot] [           main] o.s.b.f.s.DefaultListableBeanFactory     : Returning cached instance of singleton bean 'autoConfigurationReport'
2024-07-21T15:49:56.869+02:00 TRACE 248560 --- [crud-springboot] [           main] a.ConfigurationClassBeanDefinitionReader : Registered bean definition for imported class 'org.springframework.boot.autoconfigure.web.servlet.WebMvcAutoConfiguration$EnableWebMvcConfiguration'
2024-07-21T15:49:56.870+02:00 TRACE 248560 --- [crud-springboot] [           main] a.ConfigurationClassBeanDefinitionReader : Registering bean definition for @Bean method org.springframework.boot.autoconfigure.web.servlet.WebMvcAutoConfiguration$EnableWebMvcConfiguration.welcomePageHandlerMapping()
2024-07-21T15:49:56.870+02:00 TRACE 248560 --- [crud-springboot] [           main] a.ConfigurationClassBeanDefinitionReader : Registering bean definition for @Bean method org.springframework.boot.autoconfigure.web.servlet.WebMvcAutoConfiguration$EnableWebMvcConfiguration.welcomePageNotAcceptableHandlerMapping()
2024-07-21T15:49:56.870+02:00 TRACE 248560 --- [crud-springboot] [           main] o.s.b.a.condition.OnBeanCondition        : Condition OnBeanCondition on org.springframework.boot.autoconfigure.web.servlet.WebMvcAutoConfiguration$EnableWebMvcConfiguration#localeResolver matched due to @ConditionalOnMissingBean (names: localeResolver; SearchStrategy: all) did not find any beans
2024-07-21T15:49:56.870+02:00 TRACE 248560 --- [crud-springboot] [           main] o.s.b.f.s.DefaultListableBeanFactory     : Returning cached instance of singleton bean 'autoConfigurationReport'
2024-07-21T15:49:56.870+02:00 TRACE 248560 --- [crud-springboot] [           main] a.ConfigurationClassBeanDefinitionReader : Registering bean definition for @Bean method org.springframework.boot.autoconfigure.web.servlet.WebMvcAutoConfiguration$EnableWebMvcConfiguration.localeResolver()
2024-07-21T15:49:56.871+02:00 TRACE 248560 --- [crud-springboot] [           main] o.s.b.a.condition.OnBeanCondition        : Condition OnBeanCondition on org.springframework.boot.autoconfigure.web.servlet.WebMvcAutoConfiguration$EnableWebMvcConfiguration#themeResolver matched due to @ConditionalOnMissingBean (names: themeResolver; SearchStrategy: all) did not find any beans
2024-07-21T15:49:56.871+02:00 TRACE 248560 --- [crud-springboot] [           main] o.s.b.f.s.DefaultListableBeanFactory     : Returning cached instance of singleton bean 'autoConfigurationReport'
2024-07-21T15:49:56.871+02:00 TRACE 248560 --- [crud-springboot] [           main] a.ConfigurationClassBeanDefinitionReader : Registering bean definition for @Bean method org.springframework.boot.autoconfigure.web.servlet.WebMvcAutoConfiguration$EnableWebMvcConfiguration.themeResolver()
2024-07-21T15:49:56.871+02:00 TRACE 248560 --- [crud-springboot] [           main] o.s.b.a.condition.OnBeanCondition        : Condition OnBeanCondition on org.springframework.boot.autoconfigure.web.servlet.WebMvcAutoConfiguration$EnableWebMvcConfiguration#flashMapManager matched due to @ConditionalOnMissingBean (names: flashMapManager; SearchStrategy: all) did not find any beans
2024-07-21T15:49:56.871+02:00 TRACE 248560 --- [crud-springboot] [           main] o.s.b.f.s.DefaultListableBeanFactory     : Returning cached instance of singleton bean 'autoConfigurationReport'
2024-07-21T15:49:56.871+02:00 TRACE 248560 --- [crud-springboot] [           main] a.ConfigurationClassBeanDefinitionReader : Registering bean definition for @Bean method org.springframework.boot.autoconfigure.web.servlet.WebMvcAutoConfiguration$EnableWebMvcConfiguration.flashMapManager()
2024-07-21T15:49:56.872+02:00 TRACE 248560 --- [crud-springboot] [           main] a.ConfigurationClassBeanDefinitionReader : Registering bean definition for @Bean method org.springframework.boot.autoconfigure.web.servlet.WebMvcAutoConfiguration$EnableWebMvcConfiguration.mvcConversionService()
2024-07-21T15:49:56.872+02:00 TRACE 248560 --- [crud-springboot] [           main] a.ConfigurationClassBeanDefinitionReader : Registering bean definition for @Bean method org.springframework.boot.autoconfigure.web.servlet.WebMvcAutoConfiguration$EnableWebMvcConfiguration.mvcValidator()
2024-07-21T15:49:56.872+02:00 TRACE 248560 --- [crud-springboot] [           main] a.ConfigurationClassBeanDefinitionReader : Registering bean definition for @Bean method org.springframework.boot.autoconfigure.web.servlet.WebMvcAutoConfiguration$EnableWebMvcConfiguration.mvcContentNegotiationManager()
2024-07-21T15:49:56.872+02:00 TRACE 248560 --- [crud-springboot] [           main] a.ConfigurationClassBeanDefinitionReader : Registering bean definition for @Bean method org.springframework.boot.autoconfigure.web.servlet.WebMvcAutoConfiguration$EnableWebMvcConfiguration.requestMappingHandlerMapping()
2024-07-21T15:49:56.872+02:00 TRACE 248560 --- [crud-springboot] [           main] a.ConfigurationClassBeanDefinitionReader : Registering bean definition for @Bean method org.springframework.boot.autoconfigure.web.servlet.WebMvcAutoConfiguration$EnableWebMvcConfiguration.mvcPatternParser()
2024-07-21T15:49:56.872+02:00 TRACE 248560 --- [crud-springboot] [           main] a.ConfigurationClassBeanDefinitionReader : Registering bean definition for @Bean method org.springframework.boot.autoconfigure.web.servlet.WebMvcAutoConfiguration$EnableWebMvcConfiguration.mvcUrlPathHelper()
2024-07-21T15:49:56.872+02:00 TRACE 248560 --- [crud-springboot] [           main] a.ConfigurationClassBeanDefinitionReader : Registering bean definition for @Bean method org.springframework.boot.autoconfigure.web.servlet.WebMvcAutoConfiguration$EnableWebMvcConfiguration.mvcPathMatcher()
2024-07-21T15:49:56.873+02:00 TRACE 248560 --- [crud-springboot] [           main] a.ConfigurationClassBeanDefinitionReader : Registering bean definition for @Bean method org.springframework.boot.autoconfigure.web.servlet.WebMvcAutoConfiguration$EnableWebMvcConfiguration.viewControllerHandlerMapping()
2024-07-21T15:49:56.873+02:00 TRACE 248560 --- [crud-springboot] [           main] a.ConfigurationClassBeanDefinitionReader : Registering bean definition for @Bean method org.springframework.boot.autoconfigure.web.servlet.WebMvcAutoConfiguration$EnableWebMvcConfiguration.beanNameHandlerMapping()
2024-07-21T15:49:56.873+02:00 TRACE 248560 --- [crud-springboot] [           main] a.ConfigurationClassBeanDefinitionReader : Registering bean definition for @Bean method org.springframework.boot.autoconfigure.web.servlet.WebMvcAutoConfiguration$EnableWebMvcConfiguration.routerFunctionMapping()
2024-07-21T15:49:56.873+02:00 TRACE 248560 --- [crud-springboot] [           main] a.ConfigurationClassBeanDefinitionReader : Registering bean definition for @Bean method org.springframework.boot.autoconfigure.web.servlet.WebMvcAutoConfiguration$EnableWebMvcConfiguration.resourceHandlerMapping()
2024-07-21T15:49:56.873+02:00 TRACE 248560 --- [crud-springboot] [           main] a.ConfigurationClassBeanDefinitionReader : Registering bean definition for @Bean method org.springframework.boot.autoconfigure.web.servlet.WebMvcAutoConfiguration$EnableWebMvcConfiguration.mvcResourceUrlProvider()
2024-07-21T15:49:56.873+02:00 TRACE 248560 --- [crud-springboot] [           main] a.ConfigurationClassBeanDefinitionReader : Registering bean definition for @Bean method org.springframework.boot.autoconfigure.web.servlet.WebMvcAutoConfiguration$EnableWebMvcConfiguration.defaultServletHandlerMapping()
2024-07-21T15:49:56.874+02:00 TRACE 248560 --- [crud-springboot] [           main] a.ConfigurationClassBeanDefinitionReader : Registering bean definition for @Bean method org.springframework.boot.autoconfigure.web.servlet.WebMvcAutoConfiguration$EnableWebMvcConfiguration.requestMappingHandlerAdapter()
2024-07-21T15:49:56.874+02:00 TRACE 248560 --- [crud-springboot] [           main] a.ConfigurationClassBeanDefinitionReader : Registering bean definition for @Bean method org.springframework.boot.autoconfigure.web.servlet.WebMvcAutoConfiguration$EnableWebMvcConfiguration.handlerFunctionAdapter()
2024-07-21T15:49:56.874+02:00 TRACE 248560 --- [crud-springboot] [           main] a.ConfigurationClassBeanDefinitionReader : Registering bean definition for @Bean method org.springframework.boot.autoconfigure.web.servlet.WebMvcAutoConfiguration$EnableWebMvcConfiguration.mvcUriComponentsContributor()
2024-07-21T15:49:56.874+02:00 TRACE 248560 --- [crud-springboot] [           main] a.ConfigurationClassBeanDefinitionReader : Registering bean definition for @Bean method org.springframework.boot.autoconfigure.web.servlet.WebMvcAutoConfiguration$EnableWebMvcConfiguration.httpRequestHandlerAdapter()
2024-07-21T15:49:56.874+02:00 TRACE 248560 --- [crud-springboot] [           main] a.ConfigurationClassBeanDefinitionReader : Registering bean definition for @Bean method org.springframework.boot.autoconfigure.web.servlet.WebMvcAutoConfiguration$EnableWebMvcConfiguration.simpleControllerHandlerAdapter()
2024-07-21T15:49:56.874+02:00 TRACE 248560 --- [crud-springboot] [           main] a.ConfigurationClassBeanDefinitionReader : Registering bean definition for @Bean method org.springframework.boot.autoconfigure.web.servlet.WebMvcAutoConfiguration$EnableWebMvcConfiguration.handlerExceptionResolver()
2024-07-21T15:49:56.874+02:00 TRACE 248560 --- [crud-springboot] [           main] a.ConfigurationClassBeanDefinitionReader : Registering bean definition for @Bean method org.springframework.boot.autoconfigure.web.servlet.WebMvcAutoConfiguration$EnableWebMvcConfiguration.mvcViewResolver()
2024-07-21T15:49:56.875+02:00 TRACE 248560 --- [crud-springboot] [           main] a.ConfigurationClassBeanDefinitionReader : Registering bean definition for @Bean method org.springframework.boot.autoconfigure.web.servlet.WebMvcAutoConfiguration$EnableWebMvcConfiguration.mvcHandlerMappingIntrospector()
2024-07-21T15:49:56.875+02:00 TRACE 248560 --- [crud-springboot] [           main] a.ConfigurationClassBeanDefinitionReader : Registering bean definition for @Bean method org.springframework.boot.autoconfigure.web.servlet.WebMvcAutoConfiguration$EnableWebMvcConfiguration.viewNameTranslator()
2024-07-21T15:49:56.877+02:00 TRACE 248560 --- [crud-springboot] [           main] a.ConfigurationClassBeanDefinitionReader : Registered bean definition for imported class 'org.springframework.boot.autoconfigure.web.servlet.WebMvcAutoConfiguration$WebMvcAutoConfigurationAdapter'
2024-07-21T15:49:56.924+02:00 TRACE 248560 --- [crud-springboot] [           main] o.s.b.a.condition.OnBeanCondition        : Condition OnBeanCondition on org.springframework.boot.autoconfigure.web.servlet.WebMvcAutoConfiguration$WebMvcAutoConfigurationAdapter#defaultViewResolver matched due to @ConditionalOnMissingBean (types: org.springframework.web.servlet.view.InternalResourceViewResolver; SearchStrategy: all) did not find any beans
2024-07-21T15:49:56.924+02:00 TRACE 248560 --- [crud-springboot] [           main] o.s.b.f.s.DefaultListableBeanFactory     : Returning cached instance of singleton bean 'autoConfigurationReport'
2024-07-21T15:49:56.924+02:00 TRACE 248560 --- [crud-springboot] [           main] a.ConfigurationClassBeanDefinitionReader : Registering bean definition for @Bean method org.springframework.boot.autoconfigure.web.servlet.WebMvcAutoConfiguration$WebMvcAutoConfigurationAdapter.defaultViewResolver()
2024-07-21T15:49:56.931+02:00 TRACE 248560 --- [crud-springboot] [           main] o.s.b.a.condition.OnBeanCondition        : Condition OnBeanCondition on org.springframework.boot.autoconfigure.web.servlet.WebMvcAutoConfiguration$WebMvcAutoConfigurationAdapter#beanNameViewResolver did not match due to @ConditionalOnMissingBean (types: org.springframework.web.servlet.view.BeanNameViewResolver; SearchStrategy: all) found beans of type 'org.springframework.web.servlet.view.BeanNameViewResolver' beanNameViewResolver
2024-07-21T15:49:56.932+02:00 TRACE 248560 --- [crud-springboot] [           main] o.s.b.f.s.DefaultListableBeanFactory     : Returning cached instance of singleton bean 'autoConfigurationReport'
2024-07-21T15:49:56.935+02:00 TRACE 248560 --- [crud-springboot] [           main] o.s.b.a.condition.OnBeanCondition        : Condition OnBeanCondition on org.springframework.boot.autoconfigure.web.servlet.WebMvcAutoConfiguration$WebMvcAutoConfigurationAdapter#viewResolver matched due to @ConditionalOnBean (types: org.springframework.web.servlet.ViewResolver; SearchStrategy: all) found beans 'defaultViewResolver', 'beanNameViewResolver', 'mvcViewResolver'; @ConditionalOnMissingBean (names: viewResolver types: org.springframework.web.servlet.view.ContentNegotiatingViewResolver; SearchStrategy: all) did not find any beans
2024-07-21T15:49:56.935+02:00 TRACE 248560 --- [crud-springboot] [           main] o.s.b.f.s.DefaultListableBeanFactory     : Returning cached instance of singleton bean 'autoConfigurationReport'
2024-07-21T15:49:56.937+02:00 TRACE 248560 --- [crud-springboot] [           main] o.s.b.a.condition.OnBeanCondition        : Condition OnBeanCondition on org.springframework.boot.autoconfigure.web.servlet.WebMvcAutoConfiguration$WebMvcAutoConfigurationAdapter#viewResolver matched due to @ConditionalOnBean (types: org.springframework.web.servlet.ViewResolver; SearchStrategy: all) found beans 'defaultViewResolver', 'beanNameViewResolver', 'mvcViewResolver'; @ConditionalOnMissingBean (names: viewResolver types: org.springframework.web.servlet.view.ContentNegotiatingViewResolver; SearchStrategy: all) did not find any beans
2024-07-21T15:49:56.937+02:00 TRACE 248560 --- [crud-springboot] [           main] o.s.b.f.s.DefaultListableBeanFactory     : Returning cached instance of singleton bean 'autoConfigurationReport'
2024-07-21T15:49:56.937+02:00 TRACE 248560 --- [crud-springboot] [           main] a.ConfigurationClassBeanDefinitionReader : Registering bean definition for @Bean method org.springframework.boot.autoconfigure.web.servlet.WebMvcAutoConfiguration$WebMvcAutoConfigurationAdapter.viewResolver()
2024-07-21T15:49:56.943+02:00 TRACE 248560 --- [crud-springboot] [           main] o.s.b.a.condition.OnBeanCondition        : Condition OnBeanCondition on org.springframework.boot.autoconfigure.web.servlet.WebMvcAutoConfiguration$WebMvcAutoConfigurationAdapter#requestContextFilter matched due to @ConditionalOnMissingBean (types: org.springframework.web.context.request.RequestContextListener,org.springframework.web.filter.RequestContextFilter; SearchStrategy: all) did not find any beans
2024-07-21T15:49:56.943+02:00 TRACE 248560 --- [crud-springboot] [           main] o.s.b.f.s.DefaultListableBeanFactory     : Returning cached instance of singleton bean 'autoConfigurationReport'
2024-07-21T15:49:56.949+02:00 TRACE 248560 --- [crud-springboot] [           main] o.s.b.a.condition.OnBeanCondition        : Condition OnBeanCondition on org.springframework.boot.autoconfigure.web.servlet.WebMvcAutoConfiguration$WebMvcAutoConfigurationAdapter#requestContextFilter matched due to @ConditionalOnMissingBean (types: org.springframework.web.context.request.RequestContextListener,org.springframework.web.filter.RequestContextFilter; SearchStrategy: all) did not find any beans
2024-07-21T15:49:56.949+02:00 TRACE 248560 --- [crud-springboot] [           main] o.s.b.f.s.DefaultListableBeanFactory     : Returning cached instance of singleton bean 'autoConfigurationReport'
2024-07-21T15:49:56.949+02:00 TRACE 248560 --- [crud-springboot] [           main] a.ConfigurationClassBeanDefinitionReader : Registering bean definition for @Bean method org.springframework.boot.autoconfigure.web.servlet.WebMvcAutoConfiguration$WebMvcAutoConfigurationAdapter.requestContextFilter()
2024-07-21T15:49:56.953+02:00 TRACE 248560 --- [crud-springboot] [           main] a.ConfigurationClassBeanDefinitionReader : Registered bean definition for imported class 'org.springframework.boot.autoconfigure.web.servlet.WebMvcAutoConfiguration'
2024-07-21T15:49:56.954+02:00 TRACE 248560 --- [crud-springboot] [           main] o.s.b.a.condition.OnPropertyCondition    : Condition OnPropertyCondition on org.springframework.boot.autoconfigure.web.servlet.WebMvcAutoConfiguration#hiddenHttpMethodFilter did not match due to @ConditionalOnProperty (spring.mvc.hiddenmethod.filter.enabled) did not find property 'enabled'
2024-07-21T15:49:56.954+02:00 TRACE 248560 --- [crud-springboot] [           main] o.s.b.f.s.DefaultListableBeanFactory     : Returning cached instance of singleton bean 'autoConfigurationReport'
2024-07-21T15:49:56.954+02:00 TRACE 248560 --- [crud-springboot] [           main] o.s.b.a.condition.OnPropertyCondition    : Condition OnPropertyCondition on org.springframework.boot.autoconfigure.web.servlet.WebMvcAutoConfiguration#formContentFilter matched due to @ConditionalOnProperty (spring.mvc.formcontent.filter.enabled) matched
2024-07-21T15:49:56.954+02:00 TRACE 248560 --- [crud-springboot] [           main] o.s.b.f.s.DefaultListableBeanFactory     : Returning cached instance of singleton bean 'autoConfigurationReport'
2024-07-21T15:49:56.958+02:00 TRACE 248560 --- [crud-springboot] [           main] o.s.b.a.condition.OnBeanCondition        : Condition OnBeanCondition on org.springframework.boot.autoconfigure.web.servlet.WebMvcAutoConfiguration#formContentFilter matched due to @ConditionalOnMissingBean (types: org.springframework.web.filter.FormContentFilter; SearchStrategy: all) did not find any beans
2024-07-21T15:49:56.958+02:00 TRACE 248560 --- [crud-springboot] [           main] o.s.b.f.s.DefaultListableBeanFactory     : Returning cached instance of singleton bean 'autoConfigurationReport'
2024-07-21T15:49:56.958+02:00 TRACE 248560 --- [crud-springboot] [           main] a.ConfigurationClassBeanDefinitionReader : Registering bean definition for @Bean method org.springframework.boot.autoconfigure.web.servlet.WebMvcAutoConfiguration.formContentFilter()
2024-07-21T15:49:56.959+02:00 TRACE 248560 --- [crud-springboot] [           main] o.s.b.a.condition.OnPropertyCondition    : Condition OnPropertyCondition on org.springframework.boot.autoconfigure.aop.AopAutoConfiguration matched due to @ConditionalOnProperty (spring.aop.auto=true) matched
2024-07-21T15:49:56.959+02:00 TRACE 248560 --- [crud-springboot] [           main] o.s.b.f.s.DefaultListableBeanFactory     : Returning cached instance of singleton bean 'autoConfigurationReport'
2024-07-21T15:49:56.959+02:00 TRACE 248560 --- [crud-springboot] [           main] o.s.b.a.condition.OnClassCondition       : Condition OnClassCondition on org.springframework.boot.autoconfigure.aop.AopAutoConfiguration$AspectJAutoProxyingConfiguration matched due to @ConditionalOnClass found required class 'org.aspectj.weaver.Advice'
2024-07-21T15:49:56.959+02:00 TRACE 248560 --- [crud-springboot] [           main] o.s.b.f.s.DefaultListableBeanFactory     : Returning cached instance of singleton bean 'autoConfigurationReport'
2024-07-21T15:49:56.960+02:00 TRACE 248560 --- [crud-springboot] [           main] o.s.b.a.condition.OnPropertyCondition    : Condition OnPropertyCondition on org.springframework.boot.autoconfigure.aop.AopAutoConfiguration$AspectJAutoProxyingConfiguration$CglibAutoProxyConfiguration matched due to @ConditionalOnProperty (spring.aop.proxy-target-class=true) matched
2024-07-21T15:49:56.960+02:00 TRACE 248560 --- [crud-springboot] [           main] o.s.b.f.s.DefaultListableBeanFactory     : Returning cached instance of singleton bean 'autoConfigurationReport'
2024-07-21T15:49:56.960+02:00 TRACE 248560 --- [crud-springboot] [           main] a.ConfigurationClassBeanDefinitionReader : Registered bean definition for imported class 'org.springframework.boot.autoconfigure.aop.AopAutoConfiguration$AspectJAutoProxyingConfiguration$CglibAutoProxyConfiguration'
2024-07-21T15:49:56.964+02:00 TRACE 248560 --- [crud-springboot] [           main] a.ConfigurationClassBeanDefinitionReader : Registered bean definition for imported class 'org.springframework.boot.autoconfigure.aop.AopAutoConfiguration$AspectJAutoProxyingConfiguration'
2024-07-21T15:49:56.965+02:00 TRACE 248560 --- [crud-springboot] [           main] a.ConfigurationClassBeanDefinitionReader : Registered bean definition for imported class 'org.springframework.boot.autoconfigure.aop.AopAutoConfiguration'
2024-07-21T15:49:56.966+02:00 TRACE 248560 --- [crud-springboot] [           main] a.ConfigurationClassBeanDefinitionReader : Registered bean definition for imported class 'org.springframework.boot.autoconfigure.availability.ApplicationAvailabilityAutoConfiguration'
2024-07-21T15:49:56.973+02:00 TRACE 248560 --- [crud-springboot] [           main] o.s.b.a.condition.OnBeanCondition        : Condition OnBeanCondition on org.springframework.boot.autoconfigure.availability.ApplicationAvailabilityAutoConfiguration#applicationAvailability matched due to @ConditionalOnMissingBean (types: org.springframework.boot.availability.ApplicationAvailability; SearchStrategy: all) did not find any beans
2024-07-21T15:49:56.973+02:00 TRACE 248560 --- [crud-springboot] [           main] o.s.b.f.s.DefaultListableBeanFactory     : Returning cached instance of singleton bean 'autoConfigurationReport'
2024-07-21T15:49:56.973+02:00 TRACE 248560 --- [crud-springboot] [           main] a.ConfigurationClassBeanDefinitionReader : Registering bean definition for @Bean method org.springframework.boot.autoconfigure.availability.ApplicationAvailabilityAutoConfiguration.applicationAvailability()
2024-07-21T15:49:56.973+02:00 TRACE 248560 --- [crud-springboot] [           main] o.s.b.a.condition.OnClassCondition       : Condition OnClassCondition on org.springframework.boot.autoconfigure.transaction.jta.JtaAutoConfiguration matched due to @ConditionalOnClass found required class 'jakarta.transaction.Transaction'
2024-07-21T15:49:56.973+02:00 TRACE 248560 --- [crud-springboot] [           main] o.s.b.f.s.DefaultListableBeanFactory     : Returning cached instance of singleton bean 'autoConfigurationReport'
2024-07-21T15:49:56.974+02:00 TRACE 248560 --- [crud-springboot] [           main] o.s.b.a.condition.OnPropertyCondition    : Condition OnPropertyCondition on org.springframework.boot.autoconfigure.transaction.jta.JtaAutoConfiguration matched due to @ConditionalOnProperty (spring.jta.enabled) matched
2024-07-21T15:49:56.974+02:00 TRACE 248560 --- [crud-springboot] [           main] o.s.b.f.s.DefaultListableBeanFactory     : Returning cached instance of singleton bean 'autoConfigurationReport'
2024-07-21T15:49:56.976+02:00 TRACE 248560 --- [crud-springboot] [           main] a.ConfigurationClassBeanDefinitionReader : Registered bean definition for imported class 'org.springframework.boot.autoconfigure.transaction.jta.JtaAutoConfiguration'
2024-07-21T15:49:56.977+02:00 TRACE 248560 --- [crud-springboot] [           main] o.s.b.a.condition.OnClassCondition       : Condition OnClassCondition on org.springframework.boot.autoconfigure.jdbc.XADataSourceAutoConfiguration matched due to @ConditionalOnClass found required classes 'javax.sql.DataSource', 'jakarta.transaction.TransactionManager', 'org.springframework.jdbc.datasource.embedded.EmbeddedDatabaseType'
2024-07-21T15:49:56.977+02:00 TRACE 248560 --- [crud-springboot] [           main] o.s.b.f.s.DefaultListableBeanFactory     : Returning cached instance of singleton bean 'autoConfigurationReport'
2024-07-21T15:49:56.979+02:00 TRACE 248560 --- [crud-springboot] [           main] o.s.b.a.condition.OnBeanCondition        : Condition OnBeanCondition on org.springframework.boot.autoconfigure.jdbc.XADataSourceAutoConfiguration did not match due to @ConditionalOnBean (types: org.springframework.boot.jdbc.XADataSourceWrapper; SearchStrategy: all) did not find any beans of type org.springframework.boot.jdbc.XADataSourceWrapper
2024-07-21T15:49:56.979+02:00 TRACE 248560 --- [crud-springboot] [           main] o.s.b.f.s.DefaultListableBeanFactory     : Returning cached instance of singleton bean 'autoConfigurationReport'
2024-07-21T15:49:56.980+02:00 TRACE 248560 --- [crud-springboot] [           main] o.s.b.a.condition.OnClassCondition       : Condition OnClassCondition on org.springframework.boot.autoconfigure.jdbc.DataSourceAutoConfiguration matched due to @ConditionalOnClass found required classes 'javax.sql.DataSource', 'org.springframework.jdbc.datasource.embedded.EmbeddedDatabaseType'
2024-07-21T15:49:56.980+02:00 TRACE 248560 --- [crud-springboot] [           main] o.s.b.f.s.DefaultListableBeanFactory     : Returning cached instance of singleton bean 'autoConfigurationReport'
2024-07-21T15:49:56.980+02:00 TRACE 248560 --- [crud-springboot] [           main] o.s.b.a.condition.OnBeanCondition        : Condition OnBeanCondition on org.springframework.boot.autoconfigure.jdbc.DataSourceAutoConfiguration matched due to @ConditionalOnMissingBean (types: io.r2dbc.spi.ConnectionFactory; SearchStrategy: all) did not find any beans
2024-07-21T15:49:56.980+02:00 TRACE 248560 --- [crud-springboot] [           main] o.s.b.f.s.DefaultListableBeanFactory     : Returning cached instance of singleton bean 'autoConfigurationReport'
2024-07-21T15:49:56.982+02:00 TRACE 248560 --- [crud-springboot] [           main] o.s.b.a.condition.OnBeanCondition        : Condition OnBeanCondition on org.springframework.boot.autoconfigure.jdbc.DataSourceAutoConfiguration$PooledDataSourceConfiguration matched due to @ConditionalOnMissingBean (types: javax.sql.DataSource,javax.sql.XADataSource; SearchStrategy: all) did not find any beans
2024-07-21T15:49:56.982+02:00 TRACE 248560 --- [crud-springboot] [           main] o.s.b.f.s.DefaultListableBeanFactory     : Returning cached instance of singleton bean 'autoConfigurationReport'
2024-07-21T15:49:56.983+02:00 TRACE 248560 --- [crud-springboot] [           main] o.s.b.a.condition.OnClassCondition       : Condition OnClassCondition on org.springframework.boot.autoconfigure.jdbc.DataSourceConfiguration$Hikari matched due to @ConditionalOnClass found required class 'com.zaxxer.hikari.HikariDataSource'
2024-07-21T15:49:56.983+02:00 TRACE 248560 --- [crud-springboot] [           main] o.s.b.f.s.DefaultListableBeanFactory     : Returning cached instance of singleton bean 'autoConfigurationReport'
2024-07-21T15:49:56.988+02:00 TRACE 248560 --- [crud-springboot] [           main] o.s.b.a.condition.OnPropertyCondition    : Condition OnPropertyCondition on org.springframework.boot.autoconfigure.jdbc.DataSourceConfiguration$Hikari matched due to @ConditionalOnProperty (spring.datasource.type=com.zaxxer.hikari.HikariDataSource) matched
2024-07-21T15:49:56.988+02:00 TRACE 248560 --- [crud-springboot] [           main] o.s.b.f.s.DefaultListableBeanFactory     : Returning cached instance of singleton bean 'autoConfigurationReport'
2024-07-21T15:49:56.989+02:00 TRACE 248560 --- [crud-springboot] [           main] o.s.b.a.condition.OnBeanCondition        : Condition OnBeanCondition on org.springframework.boot.autoconfigure.jdbc.DataSourceConfiguration$Hikari matched due to @ConditionalOnMissingBean (types: javax.sql.DataSource; SearchStrategy: all) did not find any beans
2024-07-21T15:49:56.989+02:00 TRACE 248560 --- [crud-springboot] [           main] o.s.b.f.s.DefaultListableBeanFactory     : Returning cached instance of singleton bean 'autoConfigurationReport'
2024-07-21T15:49:56.990+02:00 TRACE 248560 --- [crud-springboot] [           main] a.ConfigurationClassBeanDefinitionReader : Registered bean definition for imported class 'org.springframework.boot.autoconfigure.jdbc.DataSourceConfiguration$Hikari'
2024-07-21T15:49:56.990+02:00 TRACE 248560 --- [crud-springboot] [           main] a.ConfigurationClassBeanDefinitionReader : Registering bean definition for @Bean method org.springframework.boot.autoconfigure.jdbc.DataSourceConfiguration$Hikari.jdbcConnectionDetailsHikariBeanPostProcessor()
2024-07-21T15:49:56.990+02:00 TRACE 248560 --- [crud-springboot] [           main] a.ConfigurationClassBeanDefinitionReader : Registering bean definition for @Bean method org.springframework.boot.autoconfigure.jdbc.DataSourceConfiguration$Hikari.dataSource()
2024-07-21T15:49:56.993+02:00 TRACE 248560 --- [crud-springboot] [           main] a.ConfigurationClassBeanDefinitionReader : Registered bean definition for imported class 'org.springframework.boot.autoconfigure.jdbc.DataSourceAutoConfiguration$PooledDataSourceConfiguration'
2024-07-21T15:49:56.997+02:00 TRACE 248560 --- [crud-springboot] [           main] o.s.b.a.condition.OnBeanCondition        : Condition OnBeanCondition on org.springframework.boot.autoconfigure.jdbc.DataSourceAutoConfiguration$PooledDataSourceConfiguration#jdbcConnectionDetails matched due to @ConditionalOnMissingBean (types: org.springframework.boot.autoconfigure.jdbc.JdbcConnectionDetails; SearchStrategy: all) did not find any beans
2024-07-21T15:49:56.997+02:00 TRACE 248560 --- [crud-springboot] [           main] o.s.b.f.s.DefaultListableBeanFactory     : Returning cached instance of singleton bean 'autoConfigurationReport'
2024-07-21T15:49:56.997+02:00 TRACE 248560 --- [crud-springboot] [           main] a.ConfigurationClassBeanDefinitionReader : Registering bean definition for @Bean method org.springframework.boot.autoconfigure.jdbc.DataSourceAutoConfiguration$PooledDataSourceConfiguration.jdbcConnectionDetails()
2024-07-21T15:49:56.997+02:00 TRACE 248560 --- [crud-springboot] [           main] o.s.b.a.condition.OnClassCondition       : Condition OnClassCondition on org.springframework.boot.autoconfigure.jdbc.metadata.DataSourcePoolMetadataProvidersConfiguration$HikariPoolDataSourceMetadataProviderConfiguration matched due to @ConditionalOnClass found required class 'com.zaxxer.hikari.HikariDataSource'
2024-07-21T15:49:56.997+02:00 TRACE 248560 --- [crud-springboot] [           main] o.s.b.f.s.DefaultListableBeanFactory     : Returning cached instance of singleton bean 'autoConfigurationReport'
2024-07-21T15:49:56.997+02:00 TRACE 248560 --- [crud-springboot] [           main] a.ConfigurationClassBeanDefinitionReader : Registered bean definition for imported class 'org.springframework.boot.autoconfigure.jdbc.metadata.DataSourcePoolMetadataProvidersConfiguration$HikariPoolDataSourceMetadataProviderConfiguration'
2024-07-21T15:49:56.998+02:00 TRACE 248560 --- [crud-springboot] [           main] a.ConfigurationClassBeanDefinitionReader : Registering bean definition for @Bean method org.springframework.boot.autoconfigure.jdbc.metadata.DataSourcePoolMetadataProvidersConfiguration$HikariPoolDataSourceMetadataProviderConfiguration.hikariPoolDataSourceMetadataProvider()
2024-07-21T15:49:56.998+02:00 TRACE 248560 --- [crud-springboot] [           main] a.ConfigurationClassBeanDefinitionReader : Registered bean definition for imported class 'org.springframework.boot.autoconfigure.jdbc.metadata.DataSourcePoolMetadataProvidersConfiguration'
2024-07-21T15:49:56.999+02:00 TRACE 248560 --- [crud-springboot] [           main] a.ConfigurationClassBeanDefinitionReader : Registered bean definition for imported class 'org.springframework.boot.autoconfigure.jdbc.DataSourceAutoConfiguration'
2024-07-21T15:49:57.002+02:00 TRACE 248560 --- [crud-springboot] [           main] o.s.b.a.condition.OnClassCondition       : Condition OnClassCondition on org.springframework.boot.autoconfigure.transaction.TransactionManagerCustomizationAutoConfiguration matched due to @ConditionalOnClass found required class 'org.springframework.transaction.PlatformTransactionManager'
2024-07-21T15:49:57.002+02:00 TRACE 248560 --- [crud-springboot] [           main] o.s.b.f.s.DefaultListableBeanFactory     : Returning cached instance of singleton bean 'autoConfigurationReport'
2024-07-21T15:49:57.010+02:00 TRACE 248560 --- [crud-springboot] [           main] a.ConfigurationClassBeanDefinitionReader : Registered bean definition for imported class 'org.springframework.boot.autoconfigure.transaction.TransactionManagerCustomizationAutoConfiguration'
2024-07-21T15:49:57.015+02:00 TRACE 248560 --- [crud-springboot] [           main] o.s.b.a.condition.OnBeanCondition        : Condition OnBeanCondition on org.springframework.boot.autoconfigure.transaction.TransactionManagerCustomizationAutoConfiguration#platformTransactionManagerCustomizers matched due to @ConditionalOnMissingBean (types: org.springframework.boot.autoconfigure.transaction.TransactionManagerCustomizers; SearchStrategy: all) did not find any beans
2024-07-21T15:49:57.015+02:00 TRACE 248560 --- [crud-springboot] [           main] o.s.b.f.s.DefaultListableBeanFactory     : Returning cached instance of singleton bean 'autoConfigurationReport'
2024-07-21T15:49:57.015+02:00 TRACE 248560 --- [crud-springboot] [           main] a.ConfigurationClassBeanDefinitionReader : Registering bean definition for @Bean method org.springframework.boot.autoconfigure.transaction.TransactionManagerCustomizationAutoConfiguration.platformTransactionManagerCustomizers()
2024-07-21T15:49:57.016+02:00 TRACE 248560 --- [crud-springboot] [           main] a.ConfigurationClassBeanDefinitionReader : Registering bean definition for @Bean method org.springframework.boot.autoconfigure.transaction.TransactionManagerCustomizationAutoConfiguration.transactionExecutionListeners()
2024-07-21T15:49:57.017+02:00 TRACE 248560 --- [crud-springboot] [           main] o.s.b.a.condition.OnClassCondition       : Condition OnClassCondition on org.springframework.boot.autoconfigure.orm.jpa.HibernateJpaAutoConfiguration matched due to @ConditionalOnClass found required classes 'org.springframework.orm.jpa.LocalContainerEntityManagerFactoryBean', 'jakarta.persistence.EntityManager', 'org.hibernate.engine.spi.SessionImplementor'
2024-07-21T15:49:57.017+02:00 TRACE 248560 --- [crud-springboot] [           main] o.s.b.f.s.DefaultListableBeanFactory     : Returning cached instance of singleton bean 'autoConfigurationReport'
2024-07-21T15:49:57.025+02:00 TRACE 248560 --- [crud-springboot] [           main] o.s.b.a.condition.OnBeanCondition        : Condition OnBeanCondition on org.springframework.boot.autoconfigure.orm.jpa.HibernateJpaConfiguration matched due to @ConditionalOnSingleCandidate (types: javax.sql.DataSource; SearchStrategy: all) found a single bean 'dataSource'
2024-07-21T15:49:57.025+02:00 TRACE 248560 --- [crud-springboot] [           main] o.s.b.f.s.DefaultListableBeanFactory     : Returning cached instance of singleton bean 'autoConfigurationReport'
2024-07-21T15:49:57.030+02:00 TRACE 248560 --- [crud-springboot] [           main] o.s.b.a.condition.OnClassCondition       : Condition OnClassCondition on org.springframework.boot.autoconfigure.orm.jpa.JpaBaseConfiguration$JpaWebConfiguration matched due to @ConditionalOnClass found required class 'org.springframework.web.servlet.config.annotation.WebMvcConfigurer'
2024-07-21T15:49:57.030+02:00 TRACE 248560 --- [crud-springboot] [           main] o.s.b.f.s.DefaultListableBeanFactory     : Returning cached instance of singleton bean 'autoConfigurationReport'
2024-07-21T15:49:57.030+02:00 TRACE 248560 --- [crud-springboot] [           main] o.s.b.a.c.OnWebApplicationCondition      : Condition OnWebApplicationCondition on org.springframework.boot.autoconfigure.orm.jpa.JpaBaseConfiguration$JpaWebConfiguration matched due to found 'session' scope
2024-07-21T15:49:57.030+02:00 TRACE 248560 --- [crud-springboot] [           main] o.s.b.f.s.DefaultListableBeanFactory     : Returning cached instance of singleton bean 'autoConfigurationReport'
2024-07-21T15:49:57.030+02:00 TRACE 248560 --- [crud-springboot] [           main] o.s.b.a.condition.OnPropertyCondition    : Condition OnPropertyCondition on org.springframework.boot.autoconfigure.orm.jpa.JpaBaseConfiguration$JpaWebConfiguration matched due to @ConditionalOnProperty (spring.jpa.open-in-view=true) matched
2024-07-21T15:49:57.030+02:00 TRACE 248560 --- [crud-springboot] [           main] o.s.b.f.s.DefaultListableBeanFactory     : Returning cached instance of singleton bean 'autoConfigurationReport'
2024-07-21T15:49:57.036+02:00 TRACE 248560 --- [crud-springboot] [           main] o.s.b.a.condition.OnBeanCondition        : Condition OnBeanCondition on org.springframework.boot.autoconfigure.orm.jpa.JpaBaseConfiguration$JpaWebConfiguration matched due to @ConditionalOnMissingBean (types: org.springframework.orm.jpa.support.OpenEntityManagerInViewInterceptor,org.springframework.orm.jpa.support.OpenEntityManagerInViewFilter; SearchStrategy: all) did not find any beans
2024-07-21T15:49:57.037+02:00 TRACE 248560 --- [crud-springboot] [           main] o.s.b.f.s.DefaultListableBeanFactory     : Returning cached instance of singleton bean 'autoConfigurationReport'
2024-07-21T15:49:57.040+02:00 TRACE 248560 --- [crud-springboot] [           main] o.s.b.a.condition.OnBeanCondition        : Condition OnBeanCondition on org.springframework.boot.autoconfigure.orm.jpa.JpaBaseConfiguration$JpaWebConfiguration matched due to @ConditionalOnMissingBean (types: org.springframework.orm.jpa.support.OpenEntityManagerInViewInterceptor,org.springframework.orm.jpa.support.OpenEntityManagerInViewFilter; SearchStrategy: all) did not find any beans
2024-07-21T15:49:57.049+02:00 TRACE 248560 --- [crud-springboot] [           main] o.s.b.f.s.DefaultListableBeanFactory     : Returning cached instance of singleton bean 'autoConfigurationReport'
2024-07-21T15:49:57.050+02:00 TRACE 248560 --- [crud-springboot] [           main] a.ConfigurationClassBeanDefinitionReader : Registered bean definition for imported class 'org.springframework.boot.autoconfigure.orm.jpa.JpaBaseConfiguration$JpaWebConfiguration'
2024-07-21T15:49:57.050+02:00 TRACE 248560 --- [crud-springboot] [           main] a.ConfigurationClassBeanDefinitionReader : Registering bean definition for @Bean method org.springframework.boot.autoconfigure.orm.jpa.JpaBaseConfiguration$JpaWebConfiguration.openEntityManagerInViewInterceptor()
2024-07-21T15:49:57.051+02:00 TRACE 248560 --- [crud-springboot] [           main] a.ConfigurationClassBeanDefinitionReader : Registering bean definition for @Bean method org.springframework.boot.autoconfigure.orm.jpa.JpaBaseConfiguration$JpaWebConfiguration.openEntityManagerInViewInterceptorConfigurer()
2024-07-21T15:49:57.054+02:00 TRACE 248560 --- [crud-springboot] [           main] o.s.b.a.condition.OnBeanCondition        : Condition OnBeanCondition on org.springframework.boot.autoconfigure.orm.jpa.JpaBaseConfiguration$PersistenceManagedTypesConfiguration matched due to @ConditionalOnMissingBean (types: org.springframework.orm.jpa.LocalContainerEntityManagerFactoryBean,jakarta.persistence.EntityManagerFactory; SearchStrategy: all) did not find any beans
2024-07-21T15:49:57.054+02:00 TRACE 248560 --- [crud-springboot] [           main] o.s.b.f.s.DefaultListableBeanFactory     : Returning cached instance of singleton bean 'autoConfigurationReport'
2024-07-21T15:49:57.054+02:00 TRACE 248560 --- [crud-springboot] [           main] a.ConfigurationClassBeanDefinitionReader : Registered bean definition for imported class 'org.springframework.boot.autoconfigure.orm.jpa.JpaBaseConfiguration$PersistenceManagedTypesConfiguration'
2024-07-21T15:49:57.056+02:00 TRACE 248560 --- [crud-springboot] [           main] o.s.b.a.condition.OnBeanCondition        : Condition OnBeanCondition on org.springframework.boot.autoconfigure.orm.jpa.JpaBaseConfiguration$PersistenceManagedTypesConfiguration#persistenceManagedTypes matched due to @ConditionalOnMissingBean (types: org.springframework.orm.jpa.persistenceunit.PersistenceManagedTypes; SearchStrategy: all) did not find any beans
2024-07-21T15:49:57.056+02:00 TRACE 248560 --- [crud-springboot] [           main] o.s.b.f.s.DefaultListableBeanFactory     : Returning cached instance of singleton bean 'autoConfigurationReport'
2024-07-21T15:49:57.057+02:00 TRACE 248560 --- [crud-springboot] [           main] a.ConfigurationClassBeanDefinitionReader : Registering bean definition for @Bean method org.springframework.boot.autoconfigure.orm.jpa.JpaBaseConfiguration$PersistenceManagedTypesConfiguration.persistenceManagedTypes()
2024-07-21T15:49:57.058+02:00 TRACE 248560 --- [crud-springboot] [           main] a.ConfigurationClassBeanDefinitionReader : Registered bean definition for imported class 'org.springframework.boot.autoconfigure.orm.jpa.HibernateJpaConfiguration'
2024-07-21T15:49:57.071+02:00 TRACE 248560 --- [crud-springboot] [           main] o.s.b.a.condition.OnBeanCondition        : Condition OnBeanCondition on org.springframework.boot.autoconfigure.orm.jpa.JpaBaseConfiguration#transactionManager matched due to @ConditionalOnMissingBean (types: org.springframework.transaction.TransactionManager; SearchStrategy: all) did not find any beans
2024-07-21T15:49:57.071+02:00 TRACE 248560 --- [crud-springboot] [           main] o.s.b.f.s.DefaultListableBeanFactory     : Returning cached instance of singleton bean 'autoConfigurationReport'
2024-07-21T15:49:57.071+02:00 TRACE 248560 --- [crud-springboot] [           main] a.ConfigurationClassBeanDefinitionReader : Registering bean definition for @Bean method org.springframework.boot.autoconfigure.orm.jpa.HibernateJpaConfiguration.transactionManager()
2024-07-21T15:49:57.078+02:00 TRACE 248560 --- [crud-springboot] [           main] o.s.b.a.condition.OnBeanCondition        : Condition OnBeanCondition on org.springframework.boot.autoconfigure.orm.jpa.JpaBaseConfiguration#jpaVendorAdapter matched due to @ConditionalOnMissingBean (types: org.springframework.orm.jpa.JpaVendorAdapter; SearchStrategy: all) did not find any beans
2024-07-21T15:49:57.078+02:00 TRACE 248560 --- [crud-springboot] [           main] o.s.b.f.s.DefaultListableBeanFactory     : Returning cached instance of singleton bean 'autoConfigurationReport'
2024-07-21T15:49:57.078+02:00 TRACE 248560 --- [crud-springboot] [           main] a.ConfigurationClassBeanDefinitionReader : Registering bean definition for @Bean method org.springframework.boot.autoconfigure.orm.jpa.HibernateJpaConfiguration.jpaVendorAdapter()
2024-07-21T15:49:57.080+02:00 TRACE 248560 --- [crud-springboot] [           main] o.s.b.a.condition.OnBeanCondition        : Condition OnBeanCondition on org.springframework.boot.autoconfigure.orm.jpa.JpaBaseConfiguration#entityManagerFactoryBuilder matched due to @ConditionalOnMissingBean (types: org.springframework.boot.orm.jpa.EntityManagerFactoryBuilder; SearchStrategy: all) did not find any beans
2024-07-21T15:49:57.080+02:00 TRACE 248560 --- [crud-springboot] [           main] o.s.b.f.s.DefaultListableBeanFactory     : Returning cached instance of singleton bean 'autoConfigurationReport'
2024-07-21T15:49:57.080+02:00 TRACE 248560 --- [crud-springboot] [           main] a.ConfigurationClassBeanDefinitionReader : Registering bean definition for @Bean method org.springframework.boot.autoconfigure.orm.jpa.HibernateJpaConfiguration.entityManagerFactoryBuilder()
2024-07-21T15:49:57.081+02:00 TRACE 248560 --- [crud-springboot] [           main] o.s.b.a.condition.OnBeanCondition        : Condition OnBeanCondition on org.springframework.boot.autoconfigure.orm.jpa.JpaBaseConfiguration#entityManagerFactory matched due to @ConditionalOnMissingBean (types: org.springframework.orm.jpa.LocalContainerEntityManagerFactoryBean,jakarta.persistence.EntityManagerFactory; SearchStrategy: all) did not find any beans
2024-07-21T15:49:57.082+02:00 TRACE 248560 --- [crud-springboot] [           main] o.s.b.f.s.DefaultListableBeanFactory     : Returning cached instance of singleton bean 'autoConfigurationReport'
2024-07-21T15:49:57.082+02:00 TRACE 248560 --- [crud-springboot] [           main] a.ConfigurationClassBeanDefinitionReader : Registering bean definition for @Bean method org.springframework.boot.autoconfigure.orm.jpa.HibernateJpaConfiguration.entityManagerFactory()
2024-07-21T15:49:57.085+02:00 TRACE 248560 --- [crud-springboot] [           main] a.ConfigurationClassBeanDefinitionReader : Registered bean definition for imported class 'org.springframework.boot.autoconfigure.orm.jpa.HibernateJpaAutoConfiguration'
2024-07-21T15:49:57.085+02:00 TRACE 248560 --- [crud-springboot] [           main] o.s.b.a.condition.OnClassCondition       : Condition OnClassCondition on org.springframework.boot.autoconfigure.jackson.JacksonAutoConfiguration matched due to @ConditionalOnClass found required class 'com.fasterxml.jackson.databind.ObjectMapper'
2024-07-21T15:49:57.085+02:00 TRACE 248560 --- [crud-springboot] [           main] o.s.b.f.s.DefaultListableBeanFactory     : Returning cached instance of singleton bean 'autoConfigurationReport'
2024-07-21T15:49:57.086+02:00 TRACE 248560 --- [crud-springboot] [           main] o.s.b.a.condition.OnClassCondition       : Condition OnClassCondition on org.springframework.boot.autoconfigure.jackson.JacksonAutoConfiguration$Jackson2ObjectMapperBuilderCustomizerConfiguration matched due to @ConditionalOnClass found required class 'org.springframework.http.converter.json.Jackson2ObjectMapperBuilder'
2024-07-21T15:49:57.086+02:00 TRACE 248560 --- [crud-springboot] [           main] o.s.b.f.s.DefaultListableBeanFactory     : Returning cached instance of singleton bean 'autoConfigurationReport'
2024-07-21T15:49:57.087+02:00 TRACE 248560 --- [crud-springboot] [           main] a.ConfigurationClassBeanDefinitionReader : Registered bean definition for imported class 'org.springframework.boot.autoconfigure.jackson.JacksonAutoConfiguration$Jackson2ObjectMapperBuilderCustomizerConfiguration'
2024-07-21T15:49:57.087+02:00 TRACE 248560 --- [crud-springboot] [           main] a.ConfigurationClassBeanDefinitionReader : Registering bean definition for @Bean method org.springframework.boot.autoconfigure.jackson.JacksonAutoConfiguration$Jackson2ObjectMapperBuilderCustomizerConfiguration.standardJacksonObjectMapperBuilderCustomizer()
2024-07-21T15:49:57.089+02:00 TRACE 248560 --- [crud-springboot] [           main] o.s.b.a.condition.OnClassCondition       : Condition OnClassCondition on org.springframework.boot.autoconfigure.jackson.JacksonAutoConfiguration$JacksonObjectMapperBuilderConfiguration matched due to @ConditionalOnClass found required class 'org.springframework.http.converter.json.Jackson2ObjectMapperBuilder'
2024-07-21T15:49:57.089+02:00 TRACE 248560 --- [crud-springboot] [           main] o.s.b.f.s.DefaultListableBeanFactory     : Returning cached instance of singleton bean 'autoConfigurationReport'
2024-07-21T15:49:57.089+02:00 TRACE 248560 --- [crud-springboot] [           main] a.ConfigurationClassBeanDefinitionReader : Registered bean definition for imported class 'org.springframework.boot.autoconfigure.jackson.JacksonAutoConfiguration$JacksonObjectMapperBuilderConfiguration'
2024-07-21T15:49:57.094+02:00 TRACE 248560 --- [crud-springboot] [           main] o.s.b.a.condition.OnBeanCondition        : Condition OnBeanCondition on org.springframework.boot.autoconfigure.jackson.JacksonAutoConfiguration$JacksonObjectMapperBuilderConfiguration#jacksonObjectMapperBuilder matched due to @ConditionalOnMissingBean (types: org.springframework.http.converter.json.Jackson2ObjectMapperBuilder; SearchStrategy: all) did not find any beans
2024-07-21T15:49:57.095+02:00 TRACE 248560 --- [crud-springboot] [           main] o.s.b.f.s.DefaultListableBeanFactory     : Returning cached instance of singleton bean 'autoConfigurationReport'
2024-07-21T15:49:57.095+02:00 TRACE 248560 --- [crud-springboot] [           main] a.ConfigurationClassBeanDefinitionReader : Registering bean definition for @Bean method org.springframework.boot.autoconfigure.jackson.JacksonAutoConfiguration$JacksonObjectMapperBuilderConfiguration.jacksonObjectMapperBuilder()
2024-07-21T15:49:57.095+02:00 TRACE 248560 --- [crud-springboot] [           main] o.s.b.a.condition.OnClassCondition       : Condition OnClassCondition on org.springframework.boot.autoconfigure.jackson.JacksonAutoConfiguration$ParameterNamesModuleConfiguration matched due to @ConditionalOnClass found required class 'com.fasterxml.jackson.module.paramnames.ParameterNamesModule'
2024-07-21T15:49:57.095+02:00 TRACE 248560 --- [crud-springboot] [           main] o.s.b.f.s.DefaultListableBeanFactory     : Returning cached instance of singleton bean 'autoConfigurationReport'
2024-07-21T15:49:57.096+02:00 TRACE 248560 --- [crud-springboot] [           main] a.ConfigurationClassBeanDefinitionReader : Registered bean definition for imported class 'org.springframework.boot.autoconfigure.jackson.JacksonAutoConfiguration$ParameterNamesModuleConfiguration'
2024-07-21T15:49:57.098+02:00 TRACE 248560 --- [crud-springboot] [           main] o.s.b.a.condition.OnBeanCondition        : Condition OnBeanCondition on org.springframework.boot.autoconfigure.jackson.JacksonAutoConfiguration$ParameterNamesModuleConfiguration#parameterNamesModule matched due to @ConditionalOnMissingBean (types: com.fasterxml.jackson.module.paramnames.ParameterNamesModule; SearchStrategy: all) did not find any beans
2024-07-21T15:49:57.098+02:00 TRACE 248560 --- [crud-springboot] [           main] o.s.b.f.s.DefaultListableBeanFactory     : Returning cached instance of singleton bean 'autoConfigurationReport'
2024-07-21T15:49:57.098+02:00 TRACE 248560 --- [crud-springboot] [           main] a.ConfigurationClassBeanDefinitionReader : Registering bean definition for @Bean method org.springframework.boot.autoconfigure.jackson.JacksonAutoConfiguration$ParameterNamesModuleConfiguration.parameterNamesModule()
2024-07-21T15:49:57.098+02:00 TRACE 248560 --- [crud-springboot] [           main] o.s.b.a.condition.OnClassCondition       : Condition OnClassCondition on org.springframework.boot.autoconfigure.jackson.JacksonAutoConfiguration$JacksonObjectMapperConfiguration matched due to @ConditionalOnClass found required class 'org.springframework.http.converter.json.Jackson2ObjectMapperBuilder'
2024-07-21T15:49:57.098+02:00 TRACE 248560 --- [crud-springboot] [           main] o.s.b.f.s.DefaultListableBeanFactory     : Returning cached instance of singleton bean 'autoConfigurationReport'
2024-07-21T15:49:57.099+02:00 TRACE 248560 --- [crud-springboot] [           main] a.ConfigurationClassBeanDefinitionReader : Registered bean definition for imported class 'org.springframework.boot.autoconfigure.jackson.JacksonAutoConfiguration$JacksonObjectMapperConfiguration'
2024-07-21T15:49:57.102+02:00 TRACE 248560 --- [crud-springboot] [           main] o.s.b.a.condition.OnBeanCondition        : Condition OnBeanCondition on org.springframework.boot.autoconfigure.jackson.JacksonAutoConfiguration$JacksonObjectMapperConfiguration#jacksonObjectMapper matched due to @ConditionalOnMissingBean (types: com.fasterxml.jackson.databind.ObjectMapper; SearchStrategy: all) did not find any beans
2024-07-21T15:49:57.102+02:00 TRACE 248560 --- [crud-springboot] [           main] o.s.b.f.s.DefaultListableBeanFactory     : Returning cached instance of singleton bean 'autoConfigurationReport'
2024-07-21T15:49:57.102+02:00 TRACE 248560 --- [crud-springboot] [           main] a.ConfigurationClassBeanDefinitionReader : Registering bean definition for @Bean method org.springframework.boot.autoconfigure.jackson.JacksonAutoConfiguration$JacksonObjectMapperConfiguration.jacksonObjectMapper()
2024-07-21T15:49:57.102+02:00 TRACE 248560 --- [crud-springboot] [           main] a.ConfigurationClassBeanDefinitionReader : Registered bean definition for imported class 'org.springframework.boot.autoconfigure.jackson.JacksonAutoConfiguration$JacksonMixinConfiguration'
2024-07-21T15:49:57.102+02:00 TRACE 248560 --- [crud-springboot] [           main] a.ConfigurationClassBeanDefinitionReader : Registering bean definition for @Bean method org.springframework.boot.autoconfigure.jackson.JacksonAutoConfiguration$JacksonMixinConfiguration.jsonMixinModuleEntries()
2024-07-21T15:49:57.102+02:00 TRACE 248560 --- [crud-springboot] [           main] a.ConfigurationClassBeanDefinitionReader : Registering bean definition for @Bean method org.springframework.boot.autoconfigure.jackson.JacksonAutoConfiguration$JacksonMixinConfiguration.jsonMixinModule()
2024-07-21T15:49:57.102+02:00 TRACE 248560 --- [crud-springboot] [           main] a.ConfigurationClassBeanDefinitionReader : Registered bean definition for imported class 'org.springframework.boot.autoconfigure.jackson.JacksonAutoConfiguration'
2024-07-21T15:49:57.103+02:00 TRACE 248560 --- [crud-springboot] [           main] a.ConfigurationClassBeanDefinitionReader : Registering bean definition for @Bean method org.springframework.boot.autoconfigure.jackson.JacksonAutoConfiguration.jsonComponentModule()
2024-07-21T15:49:57.103+02:00 TRACE 248560 --- [crud-springboot] [           main] o.s.b.a.condition.OnClassCondition       : Condition OnClassCondition on org.springframework.boot.autoconfigure.cache.CacheAutoConfiguration matched due to @ConditionalOnClass found required class 'org.springframework.cache.CacheManager'
2024-07-21T15:49:57.103+02:00 TRACE 248560 --- [crud-springboot] [           main] o.s.b.f.s.DefaultListableBeanFactory     : Returning cached instance of singleton bean 'autoConfigurationReport'
2024-07-21T15:49:57.107+02:00 TRACE 248560 --- [crud-springboot] [           main] o.s.b.a.condition.OnBeanCondition        : Condition OnBeanCondition on org.springframework.boot.autoconfigure.cache.CacheAutoConfiguration did not match due to @ConditionalOnBean (types: org.springframework.cache.interceptor.CacheAspectSupport; SearchStrategy: all) did not find any beans of type org.springframework.cache.interceptor.CacheAspectSupport
2024-07-21T15:49:57.107+02:00 TRACE 248560 --- [crud-springboot] [           main] o.s.b.f.s.DefaultListableBeanFactory     : Returning cached instance of singleton bean 'autoConfigurationReport'
2024-07-21T15:49:57.108+02:00 TRACE 248560 --- [crud-springboot] [           main] a.ConfigurationClassBeanDefinitionReader : Registered bean definition for imported class 'org.springframework.boot.autoconfigure.context.ConfigurationPropertiesAutoConfiguration'
2024-07-21T15:49:57.109+02:00 TRACE 248560 --- [crud-springboot] [           main] a.ConfigurationClassBeanDefinitionReader : Registered bean definition for imported class 'org.springframework.boot.autoconfigure.context.LifecycleAutoConfiguration'
2024-07-21T15:49:57.109+02:00 TRACE 248560 --- [crud-springboot] [           main] o.s.b.a.condition.OnBeanCondition        : Condition OnBeanCondition on org.springframework.boot.autoconfigure.context.LifecycleAutoConfiguration#defaultLifecycleProcessor matched due to @ConditionalOnMissingBean (names: lifecycleProcessor; SearchStrategy: current) did not find any beans
2024-07-21T15:49:57.109+02:00 TRACE 248560 --- [crud-springboot] [           main] o.s.b.f.s.DefaultListableBeanFactory     : Returning cached instance of singleton bean 'autoConfigurationReport'
2024-07-21T15:49:57.109+02:00 TRACE 248560 --- [crud-springboot] [           main] a.ConfigurationClassBeanDefinitionReader : Registering bean definition for @Bean method org.springframework.boot.autoconfigure.context.LifecycleAutoConfiguration.lifecycleProcessor()
2024-07-21T15:49:57.110+02:00 TRACE 248560 --- [crud-springboot] [           main] o.s.b.a.condition.OnClassCondition       : Condition OnClassCondition on org.springframework.boot.autoconfigure.dao.PersistenceExceptionTranslationAutoConfiguration matched due to @ConditionalOnClass found required class 'org.springframework.dao.annotation.PersistenceExceptionTranslationPostProcessor'
2024-07-21T15:49:57.110+02:00 TRACE 248560 --- [crud-springboot] [           main] o.s.b.f.s.DefaultListableBeanFactory     : Returning cached instance of singleton bean 'autoConfigurationReport'
2024-07-21T15:49:57.111+02:00 TRACE 248560 --- [crud-springboot] [           main] a.ConfigurationClassBeanDefinitionReader : Registered bean definition for imported class 'org.springframework.boot.autoconfigure.dao.PersistenceExceptionTranslationAutoConfiguration'
2024-07-21T15:49:57.112+02:00 TRACE 248560 --- [crud-springboot] [           main] o.s.b.a.condition.OnPropertyCondition    : Condition OnPropertyCondition on org.springframework.boot.autoconfigure.dao.PersistenceExceptionTranslationAutoConfiguration#persistenceExceptionTranslationPostProcessor matched due to @ConditionalOnProperty (spring.dao.exceptiontranslation.enabled) matched
2024-07-21T15:49:57.112+02:00 TRACE 248560 --- [crud-springboot] [           main] o.s.b.f.s.DefaultListableBeanFactory     : Returning cached instance of singleton bean 'autoConfigurationReport'
2024-07-21T15:49:57.115+02:00 TRACE 248560 --- [crud-springboot] [           main] o.s.b.a.condition.OnBeanCondition        : Condition OnBeanCondition on org.springframework.boot.autoconfigure.dao.PersistenceExceptionTranslationAutoConfiguration#persistenceExceptionTranslationPostProcessor matched due to @ConditionalOnMissingBean (types: org.springframework.dao.annotation.PersistenceExceptionTranslationPostProcessor; SearchStrategy: all) did not find any beans
2024-07-21T15:49:57.115+02:00 TRACE 248560 --- [crud-springboot] [           main] o.s.b.f.s.DefaultListableBeanFactory     : Returning cached instance of singleton bean 'autoConfigurationReport'
2024-07-21T15:49:57.116+02:00 TRACE 248560 --- [crud-springboot] [           main] a.ConfigurationClassBeanDefinitionReader : Registering bean definition for @Bean method org.springframework.boot.autoconfigure.dao.PersistenceExceptionTranslationAutoConfiguration.persistenceExceptionTranslationPostProcessor()
2024-07-21T15:49:57.116+02:00 TRACE 248560 --- [crud-springboot] [           main] o.s.b.a.condition.OnClassCondition       : Condition OnClassCondition on org.springframework.boot.autoconfigure.data.jpa.JpaRepositoriesAutoConfiguration matched due to @ConditionalOnClass found required class 'org.springframework.data.jpa.repository.JpaRepository'
2024-07-21T15:49:57.116+02:00 TRACE 248560 --- [crud-springboot] [           main] o.s.b.f.s.DefaultListableBeanFactory     : Returning cached instance of singleton bean 'autoConfigurationReport'
2024-07-21T15:49:57.116+02:00 TRACE 248560 --- [crud-springboot] [           main] o.s.b.a.condition.OnPropertyCondition    : Condition OnPropertyCondition on org.springframework.boot.autoconfigure.data.jpa.JpaRepositoriesAutoConfiguration matched due to @ConditionalOnProperty (spring.data.jpa.repositories.enabled=true) matched
2024-07-21T15:49:57.116+02:00 TRACE 248560 --- [crud-springboot] [           main] o.s.b.f.s.DefaultListableBeanFactory     : Returning cached instance of singleton bean 'autoConfigurationReport'
2024-07-21T15:49:57.124+02:00 TRACE 248560 --- [crud-springboot] [           main] o.s.b.a.condition.OnBeanCondition        : Condition OnBeanCondition on org.springframework.boot.autoconfigure.data.jpa.JpaRepositoriesAutoConfiguration matched due to @ConditionalOnBean (types: javax.sql.DataSource; SearchStrategy: all) found bean 'dataSource'; @ConditionalOnMissingBean (types: org.springframework.data.jpa.repository.support.JpaRepositoryFactoryBean,org.springframework.data.jpa.repository.config.JpaRepositoryConfigExtension; SearchStrategy: all) did not find any beans
2024-07-21T15:49:57.124+02:00 TRACE 248560 --- [crud-springboot] [           main] o.s.b.f.s.DefaultListableBeanFactory     : Returning cached instance of singleton bean 'autoConfigurationReport'
2024-07-21T15:49:57.126+02:00 TRACE 248560 --- [crud-springboot] [           main] o.s.b.a.condition.OnBeanCondition        : Condition OnBeanCondition on org.springframework.boot.autoconfigure.data.jpa.JpaRepositoriesAutoConfiguration matched due to @ConditionalOnBean (types: javax.sql.DataSource; SearchStrategy: all) found bean 'dataSource'; @ConditionalOnMissingBean (types: org.springframework.data.jpa.repository.support.JpaRepositoryFactoryBean,org.springframework.data.jpa.repository.config.JpaRepositoryConfigExtension; SearchStrategy: all) did not find any beans
2024-07-21T15:49:57.126+02:00 TRACE 248560 --- [crud-springboot] [           main] o.s.b.f.s.DefaultListableBeanFactory     : Returning cached instance of singleton bean 'autoConfigurationReport'
2024-07-21T15:49:57.127+02:00 TRACE 248560 --- [crud-springboot] [           main] a.ConfigurationClassBeanDefinitionReader : Registered bean definition for imported class 'org.springframework.boot.autoconfigure.data.jpa.JpaRepositoriesAutoConfiguration'
2024-07-21T15:49:57.132+02:00 TRACE 248560 --- [crud-springboot] [           main] Configuration$BootstrapExecutorCondition : Condition JpaRepositoriesAutoConfiguration.BootstrapExecutorCondition on org.springframework.boot.autoconfigure.data.jpa.JpaRepositoriesAutoConfiguration#entityManagerFactoryBootstrapExecutorCustomizer did not match due to AnyNestedCondition 0 matched 2 did not; NestedCondition on JpaRepositoriesAutoConfiguration.BootstrapExecutorCondition.LazyBootstrapMode @ConditionalOnProperty (spring.data.jpa.repositories.bootstrap-mode=lazy) did not find property 'bootstrap-mode'; NestedCondition on JpaRepositoriesAutoConfiguration.BootstrapExecutorCondition.DeferredBootstrapMode @ConditionalOnProperty (spring.data.jpa.repositories.bootstrap-mode=deferred) did not find property 'bootstrap-mode'
2024-07-21T15:49:57.132+02:00 TRACE 248560 --- [crud-springboot] [           main] o.s.b.f.s.DefaultListableBeanFactory     : Returning cached instance of singleton bean 'autoConfigurationReport'
2024-07-21T15:49:57.147+02:00  INFO 248560 --- [crud-springboot] [           main] .s.d.r.c.RepositoryConfigurationDelegate : Bootstrapping Spring Data JPA repositories in DEFAULT mode.
2024-07-21T15:49:57.158+02:00 DEBUG 248560 --- [crud-springboot] [           main] o.s.b.f.s.DefaultListableBeanFactory     : Creating shared instance of singleton bean 'org.springframework.boot.autoconfigure.AutoConfigurationPackages'
2024-07-21T15:49:57.158+02:00 TRACE 248560 --- [crud-springboot] [           main] o.s.b.f.s.DefaultListableBeanFactory     : Creating instance of bean 'org.springframework.boot.autoconfigure.AutoConfigurationPackages'
2024-07-21T15:49:57.170+02:00 TRACE 248560 --- [crud-springboot] [           main] o.s.b.f.s.DefaultListableBeanFactory     : Finished creating instance of bean 'org.springframework.boot.autoconfigure.AutoConfigurationPackages'
2024-07-21T15:49:57.170+02:00 DEBUG 248560 --- [crud-springboot] [           main] o.s.b.a.AutoConfigurationPackages        : @EnableAutoConfiguration was declared on a class in the package 'com.cwa.crudspringboot'. Automatic @Repository and @Entity scanning is enabled.
2024-07-21T15:49:57.172+02:00 DEBUG 248560 --- [crud-springboot] [           main] .s.d.r.c.RepositoryConfigurationDelegate : Scanning for JPA repositories in packages com.cwa.crudspringboot.
2024-07-21T15:49:57.179+02:00 TRACE 248560 --- [crud-springboot] [           main] o.s.b.f.s.DefaultListableBeanFactory     : Returning cached instance of singleton bean 'org.springframework.boot.autoconfigure.AutoConfigurationPackages'
2024-07-21T15:49:57.179+02:00 TRACE 248560 --- [crud-springboot] [           main] .i.s.PathMatchingResourcePatternResolver : Resolved module-path location pattern [com/cwa/crudspringboot/**/*.class] to resources []
2024-07-21T15:49:57.180+02:00 TRACE 248560 --- [crud-springboot] [           main] .i.s.PathMatchingResourcePatternResolver : Resolved module-path location pattern [com/cwa/crudspringboot/] to resources []
2024-07-21T15:49:57.180+02:00 TRACE 248560 --- [crud-springboot] [           main] .i.s.PathMatchingResourcePatternResolver : Resolved class path location [com/cwa/crudspringboot/] to resources [file [/home/damien/crud-springboot-jwt/target/test-classes/com/cwa/crudspringboot], file [/home/damien/crud-springboot-jwt/target/classes/com/cwa/crudspringboot]]
2024-07-21T15:49:57.181+02:00 TRACE 248560 --- [crud-springboot] [           main] .i.s.PathMatchingResourcePatternResolver : Searching directory [/home/damien/crud-springboot-jwt/target/test-classes/com/cwa/crudspringboot] for files matching pattern [**/*.class]
2024-07-21T15:49:57.182+02:00 TRACE 248560 --- [crud-springboot] [           main] .i.s.PathMatchingResourcePatternResolver : Searching directory [/home/damien/crud-springboot-jwt/target/classes/com/cwa/crudspringboot] for files matching pattern [**/*.class]
2024-07-21T15:49:57.187+02:00 TRACE 248560 --- [crud-springboot] [           main] .i.s.PathMatchingResourcePatternResolver : Resolved location pattern [classpath*:com/cwa/crudspringboot/**/*.class] to resources [file [/home/damien/crud-springboot-jwt/target/test-classes/com/cwa/crudspringboot/CrudSpringbootApplicationTests.class], file [/home/damien/crud-springboot-jwt/target/classes/com/cwa/crudspringboot/CrudSpringbootApplication.class], file [/home/damien/crud-springboot-jwt/target/classes/com/cwa/crudspringboot/configuration/JwtUtils.class], file [/home/damien/crud-springboot-jwt/target/classes/com/cwa/crudspringboot/configuration/SecurityConfig.class], file [/home/damien/crud-springboot-jwt/target/classes/com/cwa/crudspringboot/controller/ApiResponse.class], file [/home/damien/crud-springboot-jwt/target/classes/com/cwa/crudspringboot/controller/AuthController.class], file [/home/damien/crud-springboot-jwt/target/classes/com/cwa/crudspringboot/controller/LoginRequest.class], file [/home/damien/crud-springboot-jwt/target/classes/com/cwa/crudspringboot/controller/PersonController.class], file [/home/damien/crud-springboot-jwt/target/classes/com/cwa/crudspringboot/controller/RegisterRequest.class], file [/home/damien/crud-springboot-jwt/target/classes/com/cwa/crudspringboot/controller/UserController.class], file [/home/damien/crud-springboot-jwt/target/classes/com/cwa/crudspringboot/controller/WebController.class], file [/home/damien/crud-springboot-jwt/target/classes/com/cwa/crudspringboot/entity/Allergen.class], file [/home/damien/crud-springboot-jwt/target/classes/com/cwa/crudspringboot/entity/Card.class], file [/home/damien/crud-springboot-jwt/target/classes/com/cwa/crudspringboot/entity/Dish.class], file [/home/damien/crud-springboot-jwt/target/classes/com/cwa/crudspringboot/entity/Ingredient.class], file [/home/damien/crud-springboot-jwt/target/classes/com/cwa/crudspringboot/entity/Menu.class], file [/home/damien/crud-springboot-jwt/target/classes/com/cwa/crudspringboot/entity/Person.class], file [/home/damien/crud-springboot-jwt/target/classes/com/cwa/crudspringboot/entity/User.class], file [/home/damien/crud-springboot-jwt/target/classes/com/cwa/crudspringboot/filter/JwtFilter.class], file [/home/damien/crud-springboot-jwt/target/classes/com/cwa/crudspringboot/repository/AllergenRepository.class], file [/home/damien/crud-springboot-jwt/target/classes/com/cwa/crudspringboot/repository/CardRepository.class], file [/home/damien/crud-springboot-jwt/target/classes/com/cwa/crudspringboot/repository/DishRepository.class], file [/home/damien/crud-springboot-jwt/target/classes/com/cwa/crudspringboot/repository/IngredientRepository.class], file [/home/damien/crud-springboot-jwt/target/classes/com/cwa/crudspringboot/repository/MenuRepository.class], file [/home/damien/crud-springboot-jwt/target/classes/com/cwa/crudspringboot/repository/PersonRepository.class], file [/home/damien/crud-springboot-jwt/target/classes/com/cwa/crudspringboot/repository/UserRepository.class], file [/home/damien/crud-springboot-jwt/target/classes/com/cwa/crudspringboot/service/CardService.class], file [/home/damien/crud-springboot-jwt/target/classes/com/cwa/crudspringboot/service/CustomUserDetailsService.class], file [/home/damien/crud-springboot-jwt/target/classes/com/cwa/crudspringboot/service/UserService.class]]
2024-07-21T15:49:57.188+02:00 TRACE 248560 --- [crud-springboot] [           main] o.s.d.r.c.RepositoryComponentProvider    : Scanning file [/home/damien/crud-springboot-jwt/target/test-classes/com/cwa/crudspringboot/CrudSpringbootApplicationTests.class]
2024-07-21T15:49:57.188+02:00 TRACE 248560 --- [crud-springboot] [           main] o.s.d.r.c.RepositoryComponentProvider    : Ignored because not matching any filter: file [/home/damien/crud-springboot-jwt/target/test-classes/com/cwa/crudspringboot/CrudSpringbootApplicationTests.class]
2024-07-21T15:49:57.188+02:00 TRACE 248560 --- [crud-springboot] [           main] o.s.d.r.c.RepositoryComponentProvider    : Scanning file [/home/damien/crud-springboot-jwt/target/classes/com/cwa/crudspringboot/CrudSpringbootApplication.class]
2024-07-21T15:49:57.188+02:00 TRACE 248560 --- [crud-springboot] [           main] o.s.d.r.c.RepositoryComponentProvider    : Ignored because not matching any filter: file [/home/damien/crud-springboot-jwt/target/classes/com/cwa/crudspringboot/CrudSpringbootApplication.class]
2024-07-21T15:49:57.188+02:00 TRACE 248560 --- [crud-springboot] [           main] o.s.d.r.c.RepositoryComponentProvider    : Scanning file [/home/damien/crud-springboot-jwt/target/classes/com/cwa/crudspringboot/configuration/JwtUtils.class]
2024-07-21T15:49:57.188+02:00 TRACE 248560 --- [crud-springboot] [           main] o.s.d.r.c.RepositoryComponentProvider    : Ignored because not matching any filter: file [/home/damien/crud-springboot-jwt/target/classes/com/cwa/crudspringboot/configuration/JwtUtils.class]
2024-07-21T15:49:57.188+02:00 TRACE 248560 --- [crud-springboot] [           main] o.s.d.r.c.RepositoryComponentProvider    : Scanning file [/home/damien/crud-springboot-jwt/target/classes/com/cwa/crudspringboot/configuration/SecurityConfig.class]
2024-07-21T15:49:57.188+02:00 TRACE 248560 --- [crud-springboot] [           main] o.s.d.r.c.RepositoryComponentProvider    : Ignored because not matching any filter: file [/home/damien/crud-springboot-jwt/target/classes/com/cwa/crudspringboot/configuration/SecurityConfig.class]
2024-07-21T15:49:57.188+02:00 TRACE 248560 --- [crud-springboot] [           main] o.s.d.r.c.RepositoryComponentProvider    : Scanning file [/home/damien/crud-springboot-jwt/target/classes/com/cwa/crudspringboot/controller/ApiResponse.class]
2024-07-21T15:49:57.189+02:00 TRACE 248560 --- [crud-springboot] [           main] o.s.d.r.c.RepositoryComponentProvider    : Ignored because not matching any filter: file [/home/damien/crud-springboot-jwt/target/classes/com/cwa/crudspringboot/controller/ApiResponse.class]
2024-07-21T15:49:57.189+02:00 TRACE 248560 --- [crud-springboot] [           main] o.s.d.r.c.RepositoryComponentProvider    : Scanning file [/home/damien/crud-springboot-jwt/target/classes/com/cwa/crudspringboot/controller/AuthController.class]
2024-07-21T15:49:57.189+02:00 TRACE 248560 --- [crud-springboot] [           main] o.s.d.r.c.RepositoryComponentProvider    : Ignored because not matching any filter: file [/home/damien/crud-springboot-jwt/target/classes/com/cwa/crudspringboot/controller/AuthController.class]
2024-07-21T15:49:57.189+02:00 TRACE 248560 --- [crud-springboot] [           main] o.s.d.r.c.RepositoryComponentProvider    : Scanning file [/home/damien/crud-springboot-jwt/target/classes/com/cwa/crudspringboot/controller/LoginRequest.class]
2024-07-21T15:49:57.189+02:00 TRACE 248560 --- [crud-springboot] [           main] o.s.d.r.c.RepositoryComponentProvider    : Ignored because not matching any filter: file [/home/damien/crud-springboot-jwt/target/classes/com/cwa/crudspringboot/controller/LoginRequest.class]
2024-07-21T15:49:57.189+02:00 TRACE 248560 --- [crud-springboot] [           main] o.s.d.r.c.RepositoryComponentProvider    : Scanning file [/home/damien/crud-springboot-jwt/target/classes/com/cwa/crudspringboot/controller/PersonController.class]
2024-07-21T15:49:57.189+02:00 TRACE 248560 --- [crud-springboot] [           main] o.s.d.r.c.RepositoryComponentProvider    : Ignored because not matching any filter: file [/home/damien/crud-springboot-jwt/target/classes/com/cwa/crudspringboot/controller/PersonController.class]
2024-07-21T15:49:57.189+02:00 TRACE 248560 --- [crud-springboot] [           main] o.s.d.r.c.RepositoryComponentProvider    : Scanning file [/home/damien/crud-springboot-jwt/target/classes/com/cwa/crudspringboot/controller/RegisterRequest.class]
2024-07-21T15:49:57.189+02:00 TRACE 248560 --- [crud-springboot] [           main] o.s.d.r.c.RepositoryComponentProvider    : Ignored because not matching any filter: file [/home/damien/crud-springboot-jwt/target/classes/com/cwa/crudspringboot/controller/RegisterRequest.class]
2024-07-21T15:49:57.189+02:00 TRACE 248560 --- [crud-springboot] [           main] o.s.d.r.c.RepositoryComponentProvider    : Scanning file [/home/damien/crud-springboot-jwt/target/classes/com/cwa/crudspringboot/controller/UserController.class]
2024-07-21T15:49:57.189+02:00 TRACE 248560 --- [crud-springboot] [           main] o.s.d.r.c.RepositoryComponentProvider    : Ignored because not matching any filter: file [/home/damien/crud-springboot-jwt/target/classes/com/cwa/crudspringboot/controller/UserController.class]
2024-07-21T15:49:57.189+02:00 TRACE 248560 --- [crud-springboot] [           main] o.s.d.r.c.RepositoryComponentProvider    : Scanning file [/home/damien/crud-springboot-jwt/target/classes/com/cwa/crudspringboot/controller/WebController.class]
2024-07-21T15:49:57.189+02:00 TRACE 248560 --- [crud-springboot] [           main] o.s.d.r.c.RepositoryComponentProvider    : Ignored because not matching any filter: file [/home/damien/crud-springboot-jwt/target/classes/com/cwa/crudspringboot/controller/WebController.class]
2024-07-21T15:49:57.189+02:00 TRACE 248560 --- [crud-springboot] [           main] o.s.d.r.c.RepositoryComponentProvider    : Scanning file [/home/damien/crud-springboot-jwt/target/classes/com/cwa/crudspringboot/entity/Allergen.class]
2024-07-21T15:49:57.189+02:00 TRACE 248560 --- [crud-springboot] [           main] o.s.d.r.c.RepositoryComponentProvider    : Ignored because not matching any filter: file [/home/damien/crud-springboot-jwt/target/classes/com/cwa/crudspringboot/entity/Allergen.class]
2024-07-21T15:49:57.189+02:00 TRACE 248560 --- [crud-springboot] [           main] o.s.d.r.c.RepositoryComponentProvider    : Scanning file [/home/damien/crud-springboot-jwt/target/classes/com/cwa/crudspringboot/entity/Card.class]
2024-07-21T15:49:57.190+02:00 TRACE 248560 --- [crud-springboot] [           main] o.s.d.r.c.RepositoryComponentProvider    : Ignored because not matching any filter: file [/home/damien/crud-springboot-jwt/target/classes/com/cwa/crudspringboot/entity/Card.class]
2024-07-21T15:49:57.190+02:00 TRACE 248560 --- [crud-springboot] [           main] o.s.d.r.c.RepositoryComponentProvider    : Scanning file [/home/damien/crud-springboot-jwt/target/classes/com/cwa/crudspringboot/entity/Dish.class]
2024-07-21T15:49:57.190+02:00 TRACE 248560 --- [crud-springboot] [           main] o.s.d.r.c.RepositoryComponentProvider    : Ignored because not matching any filter: file [/home/damien/crud-springboot-jwt/target/classes/com/cwa/crudspringboot/entity/Dish.class]
2024-07-21T15:49:57.190+02:00 TRACE 248560 --- [crud-springboot] [           main] o.s.d.r.c.RepositoryComponentProvider    : Scanning file [/home/damien/crud-springboot-jwt/target/classes/com/cwa/crudspringboot/entity/Ingredient.class]
2024-07-21T15:49:57.190+02:00 TRACE 248560 --- [crud-springboot] [           main] o.s.d.r.c.RepositoryComponentProvider    : Ignored because not matching any filter: file [/home/damien/crud-springboot-jwt/target/classes/com/cwa/crudspringboot/entity/Ingredient.class]
2024-07-21T15:49:57.190+02:00 TRACE 248560 --- [crud-springboot] [           main] o.s.d.r.c.RepositoryComponentProvider    : Scanning file [/home/damien/crud-springboot-jwt/target/classes/com/cwa/crudspringboot/entity/Menu.class]
2024-07-21T15:49:57.190+02:00 TRACE 248560 --- [crud-springboot] [           main] o.s.d.r.c.RepositoryComponentProvider    : Ignored because not matching any filter: file [/home/damien/crud-springboot-jwt/target/classes/com/cwa/crudspringboot/entity/Menu.class]
2024-07-21T15:49:57.190+02:00 TRACE 248560 --- [crud-springboot] [           main] o.s.d.r.c.RepositoryComponentProvider    : Scanning file [/home/damien/crud-springboot-jwt/target/classes/com/cwa/crudspringboot/entity/Person.class]
2024-07-21T15:49:57.190+02:00 TRACE 248560 --- [crud-springboot] [           main] o.s.d.r.c.RepositoryComponentProvider    : Ignored because not matching any filter: file [/home/damien/crud-springboot-jwt/target/classes/com/cwa/crudspringboot/entity/Person.class]
2024-07-21T15:49:57.190+02:00 TRACE 248560 --- [crud-springboot] [           main] o.s.d.r.c.RepositoryComponentProvider    : Scanning file [/home/damien/crud-springboot-jwt/target/classes/com/cwa/crudspringboot/entity/User.class]
2024-07-21T15:49:57.190+02:00 TRACE 248560 --- [crud-springboot] [           main] o.s.d.r.c.RepositoryComponentProvider    : Ignored because not matching any filter: file [/home/damien/crud-springboot-jwt/target/classes/com/cwa/crudspringboot/entity/User.class]
2024-07-21T15:49:57.190+02:00 TRACE 248560 --- [crud-springboot] [           main] o.s.d.r.c.RepositoryComponentProvider    : Scanning file [/home/damien/crud-springboot-jwt/target/classes/com/cwa/crudspringboot/filter/JwtFilter.class]
2024-07-21T15:49:57.192+02:00 TRACE 248560 --- [crud-springboot] [           main] o.s.d.r.c.RepositoryComponentProvider    : Ignored because not matching any filter: file [/home/damien/crud-springboot-jwt/target/classes/com/cwa/crudspringboot/filter/JwtFilter.class]
2024-07-21T15:49:57.193+02:00 TRACE 248560 --- [crud-springboot] [           main] o.s.d.r.c.RepositoryComponentProvider    : Scanning file [/home/damien/crud-springboot-jwt/target/classes/com/cwa/crudspringboot/repository/AllergenRepository.class]
2024-07-21T15:49:57.195+02:00 DEBUG 248560 --- [crud-springboot] [           main] o.s.d.r.c.RepositoryComponentProvider    : Identified candidate component class: file [/home/damien/crud-springboot-jwt/target/classes/com/cwa/crudspringboot/repository/AllergenRepository.class]
2024-07-21T15:49:57.196+02:00 TRACE 248560 --- [crud-springboot] [           main] o.s.d.r.c.RepositoryComponentProvider    : Scanning file [/home/damien/crud-springboot-jwt/target/classes/com/cwa/crudspringboot/repository/CardRepository.class]
2024-07-21T15:49:57.196+02:00 DEBUG 248560 --- [crud-springboot] [           main] o.s.d.r.c.RepositoryComponentProvider    : Identified candidate component class: file [/home/damien/crud-springboot-jwt/target/classes/com/cwa/crudspringboot/repository/CardRepository.class]
2024-07-21T15:49:57.196+02:00 TRACE 248560 --- [crud-springboot] [           main] o.s.d.r.c.RepositoryComponentProvider    : Scanning file [/home/damien/crud-springboot-jwt/target/classes/com/cwa/crudspringboot/repository/DishRepository.class]
2024-07-21T15:49:57.196+02:00 DEBUG 248560 --- [crud-springboot] [           main] o.s.d.r.c.RepositoryComponentProvider    : Identified candidate component class: file [/home/damien/crud-springboot-jwt/target/classes/com/cwa/crudspringboot/repository/DishRepository.class]
2024-07-21T15:49:57.196+02:00 TRACE 248560 --- [crud-springboot] [           main] o.s.d.r.c.RepositoryComponentProvider    : Scanning file [/home/damien/crud-springboot-jwt/target/classes/com/cwa/crudspringboot/repository/IngredientRepository.class]
2024-07-21T15:49:57.196+02:00 DEBUG 248560 --- [crud-springboot] [           main] o.s.d.r.c.RepositoryComponentProvider    : Identified candidate component class: file [/home/damien/crud-springboot-jwt/target/classes/com/cwa/crudspringboot/repository/IngredientRepository.class]
2024-07-21T15:49:57.196+02:00 TRACE 248560 --- [crud-springboot] [           main] o.s.d.r.c.RepositoryComponentProvider    : Scanning file [/home/damien/crud-springboot-jwt/target/classes/com/cwa/crudspringboot/repository/MenuRepository.class]
2024-07-21T15:49:57.196+02:00 DEBUG 248560 --- [crud-springboot] [           main] o.s.d.r.c.RepositoryComponentProvider    : Identified candidate component class: file [/home/damien/crud-springboot-jwt/target/classes/com/cwa/crudspringboot/repository/MenuRepository.class]
2024-07-21T15:49:57.197+02:00 TRACE 248560 --- [crud-springboot] [           main] o.s.d.r.c.RepositoryComponentProvider    : Scanning file [/home/damien/crud-springboot-jwt/target/classes/com/cwa/crudspringboot/repository/PersonRepository.class]
2024-07-21T15:49:57.197+02:00 DEBUG 248560 --- [crud-springboot] [           main] o.s.d.r.c.RepositoryComponentProvider    : Identified candidate component class: file [/home/damien/crud-springboot-jwt/target/classes/com/cwa/crudspringboot/repository/PersonRepository.class]
2024-07-21T15:49:57.197+02:00 TRACE 248560 --- [crud-springboot] [           main] o.s.d.r.c.RepositoryComponentProvider    : Scanning file [/home/damien/crud-springboot-jwt/target/classes/com/cwa/crudspringboot/repository/UserRepository.class]
2024-07-21T15:49:57.197+02:00 DEBUG 248560 --- [crud-springboot] [           main] o.s.d.r.c.RepositoryComponentProvider    : Identified candidate component class: file [/home/damien/crud-springboot-jwt/target/classes/com/cwa/crudspringboot/repository/UserRepository.class]
2024-07-21T15:49:57.197+02:00 TRACE 248560 --- [crud-springboot] [           main] o.s.d.r.c.RepositoryComponentProvider    : Scanning file [/home/damien/crud-springboot-jwt/target/classes/com/cwa/crudspringboot/service/CardService.class]
2024-07-21T15:49:57.197+02:00 TRACE 248560 --- [crud-springboot] [           main] o.s.d.r.c.RepositoryComponentProvider    : Ignored because not matching any filter: file [/home/damien/crud-springboot-jwt/target/classes/com/cwa/crudspringboot/service/CardService.class]
2024-07-21T15:49:57.197+02:00 TRACE 248560 --- [crud-springboot] [           main] o.s.d.r.c.RepositoryComponentProvider    : Scanning file [/home/damien/crud-springboot-jwt/target/classes/com/cwa/crudspringboot/service/CustomUserDetailsService.class]
2024-07-21T15:49:57.197+02:00 TRACE 248560 --- [crud-springboot] [           main] o.s.d.r.c.RepositoryComponentProvider    : Ignored because not matching any filter: file [/home/damien/crud-springboot-jwt/target/classes/com/cwa/crudspringboot/service/CustomUserDetailsService.class]
2024-07-21T15:49:57.197+02:00 TRACE 248560 --- [crud-springboot] [           main] o.s.d.r.c.RepositoryComponentProvider    : Scanning file [/home/damien/crud-springboot-jwt/target/classes/com/cwa/crudspringboot/service/UserService.class]
2024-07-21T15:49:57.197+02:00 TRACE 248560 --- [crud-springboot] [           main] o.s.d.r.c.RepositoryComponentProvider    : Ignored because not matching any filter: file [/home/damien/crud-springboot-jwt/target/classes/com/cwa/crudspringboot/service/UserService.class]
2024-07-21T15:49:57.249+02:00 TRACE 248560 --- [crud-springboot] [           main] o.s.b.f.s.DefaultListableBeanFactory     : Returning cached instance of singleton bean 'org.springframework.boot.autoconfigure.AutoConfigurationPackages'
2024-07-21T15:49:57.251+02:00 TRACE 248560 --- [crud-springboot] [           main] .i.s.PathMatchingResourcePatternResolver : Resolved module-path location pattern [com/cwa/crudspringboot/**/*Impl.class] to resources []
2024-07-21T15:49:57.251+02:00 TRACE 248560 --- [crud-springboot] [           main] .i.s.PathMatchingResourcePatternResolver : Resolved module-path location pattern [com/cwa/crudspringboot/] to resources []
2024-07-21T15:49:57.252+02:00 TRACE 248560 --- [crud-springboot] [           main] .i.s.PathMatchingResourcePatternResolver : Resolved class path location [com/cwa/crudspringboot/] to resources [file [/home/damien/crud-springboot-jwt/target/test-classes/com/cwa/crudspringboot], file [/home/damien/crud-springboot-jwt/target/classes/com/cwa/crudspringboot]]
2024-07-21T15:49:57.252+02:00 TRACE 248560 --- [crud-springboot] [           main] .i.s.PathMatchingResourcePatternResolver : Searching directory [/home/damien/crud-springboot-jwt/target/test-classes/com/cwa/crudspringboot] for files matching pattern [**/*Impl.class]
2024-07-21T15:49:57.253+02:00 TRACE 248560 --- [crud-springboot] [           main] .i.s.PathMatchingResourcePatternResolver : Searching directory [/home/damien/crud-springboot-jwt/target/classes/com/cwa/crudspringboot] for files matching pattern [**/*Impl.class]
2024-07-21T15:49:57.257+02:00 TRACE 248560 --- [crud-springboot] [           main] .i.s.PathMatchingResourcePatternResolver : Resolved location pattern [classpath*:com/cwa/crudspringboot/**/*Impl.class] to resources []
2024-07-21T15:49:57.272+02:00 TRACE 248560 --- [crud-springboot] [           main] .s.d.r.c.RepositoryConfigurationDelegate : Spring Data JPA - Registering repository: personRepository - Interface: com.cwa.crudspringboot.repository.PersonRepository - Factory: org.springframework.data.jpa.repository.support.JpaRepositoryFactoryBean
2024-07-21T15:49:57.276+02:00 TRACE 248560 --- [crud-springboot] [           main] .s.d.r.c.RepositoryConfigurationDelegate : Spring Data JPA - Registering repository: dishRepository - Interface: com.cwa.crudspringboot.repository.DishRepository - Factory: org.springframework.data.jpa.repository.support.JpaRepositoryFactoryBean
2024-07-21T15:49:57.280+02:00 TRACE 248560 --- [crud-springboot] [           main] .s.d.r.c.RepositoryConfigurationDelegate : Spring Data JPA - Registering repository: allergenRepository - Interface: com.cwa.crudspringboot.repository.AllergenRepository - Factory: org.springframework.data.jpa.repository.support.JpaRepositoryFactoryBean
2024-07-21T15:49:57.282+02:00 TRACE 248560 --- [crud-springboot] [           main] .s.d.r.c.RepositoryConfigurationDelegate : Spring Data JPA - Registering repository: menuRepository - Interface: com.cwa.crudspringboot.repository.MenuRepository - Factory: org.springframework.data.jpa.repository.support.JpaRepositoryFactoryBean
2024-07-21T15:49:57.286+02:00 TRACE 248560 --- [crud-springboot] [           main] .s.d.r.c.RepositoryConfigurationDelegate : Spring Data JPA - Registering repository: ingredientRepository - Interface: com.cwa.crudspringboot.repository.IngredientRepository - Factory: org.springframework.data.jpa.repository.support.JpaRepositoryFactoryBean
2024-07-21T15:49:57.287+02:00 TRACE 248560 --- [crud-springboot] [           main] .s.d.r.c.RepositoryConfigurationDelegate : Spring Data JPA - Registering repository: userRepository - Interface: com.cwa.crudspringboot.repository.UserRepository - Factory: org.springframework.data.jpa.repository.support.JpaRepositoryFactoryBean
2024-07-21T15:49:57.289+02:00 TRACE 248560 --- [crud-springboot] [           main] .s.d.r.c.RepositoryConfigurationDelegate : Spring Data JPA - Registering repository: cardRepository - Interface: com.cwa.crudspringboot.repository.CardRepository - Factory: org.springframework.data.jpa.repository.support.JpaRepositoryFactoryBean
2024-07-21T15:49:57.290+02:00  INFO 248560 --- [crud-springboot] [           main] .s.d.r.c.RepositoryConfigurationDelegate : Finished Spring Data repository scanning in 115 ms. Found 7 JPA repository interfaces.
2024-07-21T15:49:57.291+02:00 TRACE 248560 --- [crud-springboot] [           main] o.s.b.a.condition.OnClassCondition       : Condition OnClassCondition on org.springframework.boot.autoconfigure.http.HttpMessageConvertersAutoConfiguration matched due to @ConditionalOnClass found required class 'org.springframework.http.converter.HttpMessageConverter'
2024-07-21T15:49:57.291+02:00 TRACE 248560 --- [crud-springboot] [           main] o.s.b.f.s.DefaultListableBeanFactory     : Returning cached instance of singleton bean 'autoConfigurationReport'
2024-07-21T15:49:57.292+02:00 TRACE 248560 --- [crud-springboot] [           main] o.s.b.a.condition.OnClassCondition       : Condition OnClassCondition on org.springframework.boot.autoconfigure.http.HttpMessageConvertersAutoConfiguration$StringHttpMessageConverterConfiguration matched due to @ConditionalOnClass found required class 'org.springframework.http.converter.StringHttpMessageConverter'
2024-07-21T15:49:57.292+02:00 TRACE 248560 --- [crud-springboot] [           main] o.s.b.f.s.DefaultListableBeanFactory     : Returning cached instance of singleton bean 'autoConfigurationReport'
2024-07-21T15:49:57.293+02:00 TRACE 248560 --- [crud-springboot] [           main] a.ConfigurationClassBeanDefinitionReader : Registered bean definition for imported class 'org.springframework.boot.autoconfigure.http.HttpMessageConvertersAutoConfiguration$StringHttpMessageConverterConfiguration'
2024-07-21T15:49:57.305+02:00 TRACE 248560 --- [crud-springboot] [           main] o.s.b.a.condition.OnBeanCondition        : Condition OnBeanCondition on org.springframework.boot.autoconfigure.http.HttpMessageConvertersAutoConfiguration$StringHttpMessageConverterConfiguration#stringHttpMessageConverter matched due to @ConditionalOnMissingBean (types: org.springframework.http.converter.StringHttpMessageConverter; SearchStrategy: all) did not find any beans
2024-07-21T15:49:57.305+02:00 TRACE 248560 --- [crud-springboot] [           main] o.s.b.f.s.DefaultListableBeanFactory     : Returning cached instance of singleton bean 'autoConfigurationReport'
2024-07-21T15:49:57.306+02:00 TRACE 248560 --- [crud-springboot] [           main] a.ConfigurationClassBeanDefinitionReader : Registering bean definition for @Bean method org.springframework.boot.autoconfigure.http.HttpMessageConvertersAutoConfiguration$StringHttpMessageConverterConfiguration.stringHttpMessageConverter()
2024-07-21T15:49:57.306+02:00 TRACE 248560 --- [crud-springboot] [           main] o.s.b.a.condition.OnClassCondition       : Condition OnClassCondition on org.springframework.boot.autoconfigure.http.JacksonHttpMessageConvertersConfiguration$MappingJackson2HttpMessageConverterConfiguration matched due to @ConditionalOnClass found required class 'com.fasterxml.jackson.databind.ObjectMapper'
2024-07-21T15:49:57.306+02:00 TRACE 248560 --- [crud-springboot] [           main] o.s.b.f.s.DefaultListableBeanFactory     : Returning cached instance of singleton bean 'autoConfigurationReport'
2024-07-21T15:49:57.306+02:00 TRACE 248560 --- [crud-springboot] [           main] o.s.b.a.condition.OnPropertyCondition    : Condition OnPropertyCondition on org.springframework.boot.autoconfigure.http.JacksonHttpMessageConvertersConfiguration$MappingJackson2HttpMessageConverterConfiguration matched due to @ConditionalOnProperty (spring.mvc.converters.preferred-json-mapper=jackson) matched
2024-07-21T15:49:57.306+02:00 TRACE 248560 --- [crud-springboot] [           main] o.s.b.f.s.DefaultListableBeanFactory     : Returning cached instance of singleton bean 'autoConfigurationReport'
2024-07-21T15:49:57.308+02:00 TRACE 248560 --- [crud-springboot] [           main] o.s.b.a.condition.OnBeanCondition        : Condition OnBeanCondition on org.springframework.boot.autoconfigure.http.JacksonHttpMessageConvertersConfiguration$MappingJackson2HttpMessageConverterConfiguration matched due to @ConditionalOnBean (types: com.fasterxml.jackson.databind.ObjectMapper; SearchStrategy: all) found bean 'jacksonObjectMapper'
2024-07-21T15:49:57.308+02:00 TRACE 248560 --- [crud-springboot] [           main] o.s.b.f.s.DefaultListableBeanFactory     : Returning cached instance of singleton bean 'autoConfigurationReport'
2024-07-21T15:49:57.308+02:00 TRACE 248560 --- [crud-springboot] [           main] a.ConfigurationClassBeanDefinitionReader : Registered bean definition for imported class 'org.springframework.boot.autoconfigure.http.JacksonHttpMessageConvertersConfiguration$MappingJackson2HttpMessageConverterConfiguration'
2024-07-21T15:49:57.312+02:00 TRACE 248560 --- [crud-springboot] [           main] o.s.b.a.condition.OnBeanCondition        : Condition OnBeanCondition on org.springframework.boot.autoconfigure.http.JacksonHttpMessageConvertersConfiguration$MappingJackson2HttpMessageConverterConfiguration#mappingJackson2HttpMessageConverter matched due to @ConditionalOnMissingBean (types: org.springframework.http.converter.json.MappingJackson2HttpMessageConverter ignored: org.springframework.hateoas.server.mvc.TypeConstrainedMappingJackson2HttpMessageConverter,org.springframework.data.rest.webmvc.alps.AlpsJsonHttpMessageConverter; SearchStrategy: all) did not find any beans
2024-07-21T15:49:57.312+02:00 TRACE 248560 --- [crud-springboot] [           main] o.s.b.f.s.DefaultListableBeanFactory     : Returning cached instance of singleton bean 'autoConfigurationReport'
2024-07-21T15:49:57.312+02:00 TRACE 248560 --- [crud-springboot] [           main] a.ConfigurationClassBeanDefinitionReader : Registering bean definition for @Bean method org.springframework.boot.autoconfigure.http.JacksonHttpMessageConvertersConfiguration$MappingJackson2HttpMessageConverterConfiguration.mappingJackson2HttpMessageConverter()
2024-07-21T15:49:57.312+02:00 TRACE 248560 --- [crud-springboot] [           main] a.ConfigurationClassBeanDefinitionReader : Registered bean definition for imported class 'org.springframework.boot.autoconfigure.http.JacksonHttpMessageConvertersConfiguration'
2024-07-21T15:49:57.314+02:00 TRACE 248560 --- [crud-springboot] [           main] a.ConfigurationClassBeanDefinitionReader : Registered bean definition for imported class 'org.springframework.boot.autoconfigure.http.HttpMessageConvertersAutoConfiguration'
2024-07-21T15:49:57.319+02:00 TRACE 248560 --- [crud-springboot] [           main] o.s.b.a.condition.OnBeanCondition        : Condition OnBeanCondition on org.springframework.boot.autoconfigure.http.HttpMessageConvertersAutoConfiguration#messageConverters matched due to @ConditionalOnMissingBean (types: org.springframework.boot.autoconfigure.http.HttpMessageConverters; SearchStrategy: all) did not find any beans
2024-07-21T15:49:57.319+02:00 TRACE 248560 --- [crud-springboot] [           main] o.s.b.f.s.DefaultListableBeanFactory     : Returning cached instance of singleton bean 'autoConfigurationReport'
2024-07-21T15:49:57.319+02:00 TRACE 248560 --- [crud-springboot] [           main] a.ConfigurationClassBeanDefinitionReader : Registering bean definition for @Bean method org.springframework.boot.autoconfigure.http.HttpMessageConvertersAutoConfiguration.messageConverters()
2024-07-21T15:49:57.319+02:00 TRACE 248560 --- [crud-springboot] [           main] o.s.b.a.condition.OnClassCondition       : Condition OnClassCondition on org.springframework.boot.autoconfigure.data.web.SpringDataWebAutoConfiguration matched due to @ConditionalOnClass found required classes 'org.springframework.data.web.PageableHandlerMethodArgumentResolver', 'org.springframework.web.servlet.config.annotation.WebMvcConfigurer'
2024-07-21T15:49:57.319+02:00 TRACE 248560 --- [crud-springboot] [           main] o.s.b.f.s.DefaultListableBeanFactory     : Returning cached instance of singleton bean 'autoConfigurationReport'
2024-07-21T15:49:57.320+02:00 TRACE 248560 --- [crud-springboot] [           main] o.s.b.a.c.OnWebApplicationCondition      : Condition OnWebApplicationCondition on org.springframework.boot.autoconfigure.data.web.SpringDataWebAutoConfiguration matched due to found 'session' scope
2024-07-21T15:49:57.320+02:00 TRACE 248560 --- [crud-springboot] [           main] o.s.b.f.s.DefaultListableBeanFactory     : Returning cached instance of singleton bean 'autoConfigurationReport'
2024-07-21T15:49:57.321+02:00 TRACE 248560 --- [crud-springboot] [           main] o.s.b.a.condition.OnBeanCondition        : Condition OnBeanCondition on org.springframework.boot.autoconfigure.data.web.SpringDataWebAutoConfiguration matched due to @ConditionalOnMissingBean (types: org.springframework.data.web.PageableHandlerMethodArgumentResolver; SearchStrategy: all) did not find any beans
2024-07-21T15:49:57.321+02:00 TRACE 248560 --- [crud-springboot] [           main] o.s.b.f.s.DefaultListableBeanFactory     : Returning cached instance of singleton bean 'autoConfigurationReport'
2024-07-21T15:49:57.321+02:00 TRACE 248560 --- [crud-springboot] [           main] a.ConfigurationClassBeanDefinitionReader : Registered bean definition for imported class 'org.springframework.data.web.config.ProjectingArgumentResolverRegistrar'
2024-07-21T15:49:57.321+02:00 TRACE 248560 --- [crud-springboot] [           main] a.ConfigurationClassBeanDefinitionReader : Registering bean definition for @Bean method org.springframework.data.web.config.ProjectingArgumentResolverRegistrar.projectingArgumentResolverBeanPostProcessor()
2024-07-21T15:49:57.322+02:00 TRACE 248560 --- [crud-springboot] [           main] a.ConfigurationClassBeanDefinitionReader : Registered bean definition for imported class 'org.springframework.data.web.config.SpringDataWebConfiguration'
2024-07-21T15:49:57.322+02:00 TRACE 248560 --- [crud-springboot] [           main] a.ConfigurationClassBeanDefinitionReader : Registering bean definition for @Bean method org.springframework.data.web.config.SpringDataWebConfiguration.pageableResolver()
2024-07-21T15:49:57.322+02:00 TRACE 248560 --- [crud-springboot] [           main] a.ConfigurationClassBeanDefinitionReader : Registering bean definition for @Bean method org.springframework.data.web.config.SpringDataWebConfiguration.sortResolver()
2024-07-21T15:49:57.322+02:00 TRACE 248560 --- [crud-springboot] [           main] a.ConfigurationClassBeanDefinitionReader : Registering bean definition for @Bean method org.springframework.data.web.config.SpringDataWebConfiguration.offsetResolver()
2024-07-21T15:49:57.322+02:00 TRACE 248560 --- [crud-springboot] [           main] a.ConfigurationClassBeanDefinitionReader : Registered bean definition for imported class 'org.springframework.data.web.config.SpringDataJacksonConfiguration'
2024-07-21T15:49:57.322+02:00 TRACE 248560 --- [crud-springboot] [           main] a.ConfigurationClassBeanDefinitionReader : Registering bean definition for @Bean method org.springframework.data.web.config.SpringDataJacksonConfiguration.jacksonGeoModule()
2024-07-21T15:49:57.322+02:00 TRACE 248560 --- [crud-springboot] [           main] a.ConfigurationClassBeanDefinitionReader : Registering bean definition for @Bean method org.springframework.data.web.config.SpringDataJacksonConfiguration.pageModule()
2024-07-21T15:49:57.324+02:00 TRACE 248560 --- [crud-springboot] [           main] a.ConfigurationClassBeanDefinitionReader : Registered bean definition for imported class 'org.springframework.boot.autoconfigure.data.web.SpringDataWebAutoConfiguration'
2024-07-21T15:49:57.333+02:00 TRACE 248560 --- [crud-springboot] [           main] o.s.b.a.condition.OnBeanCondition        : Condition OnBeanCondition on org.springframework.boot.autoconfigure.data.web.SpringDataWebAutoConfiguration#pageableCustomizer matched due to @ConditionalOnMissingBean (types: org.springframework.data.web.config.PageableHandlerMethodArgumentResolverCustomizer; SearchStrategy: all) did not find any beans
2024-07-21T15:49:57.333+02:00 TRACE 248560 --- [crud-springboot] [           main] o.s.b.f.s.DefaultListableBeanFactory     : Returning cached instance of singleton bean 'autoConfigurationReport'
2024-07-21T15:49:57.333+02:00 TRACE 248560 --- [crud-springboot] [           main] a.ConfigurationClassBeanDefinitionReader : Registering bean definition for @Bean method org.springframework.boot.autoconfigure.data.web.SpringDataWebAutoConfiguration.pageableCustomizer()
2024-07-21T15:49:57.336+02:00 TRACE 248560 --- [crud-springboot] [           main] o.s.b.a.condition.OnBeanCondition        : Condition OnBeanCondition on org.springframework.boot.autoconfigure.data.web.SpringDataWebAutoConfiguration#sortCustomizer matched due to @ConditionalOnMissingBean (types: org.springframework.data.web.config.SortHandlerMethodArgumentResolverCustomizer; SearchStrategy: all) did not find any beans
2024-07-21T15:49:57.336+02:00 TRACE 248560 --- [crud-springboot] [           main] o.s.b.f.s.DefaultListableBeanFactory     : Returning cached instance of singleton bean 'autoConfigurationReport'
2024-07-21T15:49:57.336+02:00 TRACE 248560 --- [crud-springboot] [           main] a.ConfigurationClassBeanDefinitionReader : Registering bean definition for @Bean method org.springframework.boot.autoconfigure.data.web.SpringDataWebAutoConfiguration.sortCustomizer()
2024-07-21T15:49:57.338+02:00 TRACE 248560 --- [crud-springboot] [           main] a.ConfigurationClassBeanDefinitionReader : Registered bean definition for imported class 'org.springframework.boot.autoconfigure.info.ProjectInfoAutoConfiguration'
2024-07-21T15:49:57.340+02:00 TRACE 248560 --- [crud-springboot] [           main] figuration$GitResourceAvailableCondition : Condition ProjectInfoAutoConfiguration.GitResourceAvailableCondition on org.springframework.boot.autoconfigure.info.ProjectInfoAutoConfiguration#gitProperties did not match due to GitResource did not find git info at classpath:git.properties
2024-07-21T15:49:57.340+02:00 TRACE 248560 --- [crud-springboot] [           main] o.s.b.f.s.DefaultListableBeanFactory     : Returning cached instance of singleton bean 'autoConfigurationReport'
2024-07-21T15:49:57.341+02:00 TRACE 248560 --- [crud-springboot] [           main] ySourcesPropertyResolver$DefaultResolver : Searching for key 'spring.info.build.location:classpath:META-INF/build-info.properties' in PropertySource 'configurationProperties'
2024-07-21T15:49:57.341+02:00 TRACE 248560 --- [crud-springboot] [           main] ySourcesPropertyResolver$DefaultResolver : Searching for key 'spring.info.build.location:classpath:META-INF/build-info.properties' in PropertySource 'test'
2024-07-21T15:49:57.341+02:00 TRACE 248560 --- [crud-springboot] [           main] ySourcesPropertyResolver$DefaultResolver : Searching for key 'spring.info.build.location:classpath:META-INF/build-info.properties' in PropertySource 'Inlined Test Properties'
2024-07-21T15:49:57.341+02:00 TRACE 248560 --- [crud-springboot] [           main] ySourcesPropertyResolver$DefaultResolver : Searching for key 'spring.info.build.location:classpath:META-INF/build-info.properties' in PropertySource 'servletConfigInitParams'
2024-07-21T15:49:57.342+02:00 TRACE 248560 --- [crud-springboot] [           main] ySourcesPropertyResolver$DefaultResolver : Searching for key 'spring.info.build.location:classpath:META-INF/build-info.properties' in PropertySource 'servletContextInitParams'
2024-07-21T15:49:57.342+02:00 TRACE 248560 --- [crud-springboot] [           main] ySourcesPropertyResolver$DefaultResolver : Searching for key 'spring.info.build.location:classpath:META-INF/build-info.properties' in PropertySource 'systemProperties'
2024-07-21T15:49:57.342+02:00 TRACE 248560 --- [crud-springboot] [           main] ySourcesPropertyResolver$DefaultResolver : Searching for key 'spring.info.build.location:classpath:META-INF/build-info.properties' in PropertySource 'systemEnvironment'
2024-07-21T15:49:57.342+02:00 TRACE 248560 --- [crud-springboot] [           main] ySourcesPropertyResolver$DefaultResolver : Searching for key 'spring.info.build.location:classpath:META-INF/build-info.properties' in PropertySource 'random'
2024-07-21T15:49:57.342+02:00 TRACE 248560 --- [crud-springboot] [           main] ySourcesPropertyResolver$DefaultResolver : Searching for key 'spring.info.build.location:classpath:META-INF/build-info.properties' in PropertySource 'Config resource 'class path resource [application.properties]' via location 'optional:classpath:/''
2024-07-21T15:49:57.342+02:00 TRACE 248560 --- [crud-springboot] [           main] ySourcesPropertyResolver$DefaultResolver : Could not find key 'spring.info.build.location:classpath:META-INF/build-info.properties' in any property source
2024-07-21T15:49:57.343+02:00 TRACE 248560 --- [crud-springboot] [           main] o.s.util.PropertyPlaceholderHelper       : Resolved placeholder 'spring.info.build.location:classpath:META-INF/build-info.properties'
2024-07-21T15:49:57.343+02:00 TRACE 248560 --- [crud-springboot] [           main] o.s.b.a.condition.OnResourceCondition    : Condition OnResourceCondition on org.springframework.boot.autoconfigure.info.ProjectInfoAutoConfiguration#buildProperties did not match due to @ConditionalOnResource did not find resource '${spring.info.build.location:classpath:META-INF/build-info.properties}'
2024-07-21T15:49:57.343+02:00 TRACE 248560 --- [crud-springboot] [           main] o.s.b.f.s.DefaultListableBeanFactory     : Returning cached instance of singleton bean 'autoConfigurationReport'
2024-07-21T15:49:57.345+02:00 TRACE 248560 --- [crud-springboot] [           main] o.s.b.a.condition.OnClassCondition       : Condition OnClassCondition on org.springframework.boot.autoconfigure.jdbc.JdbcTemplateAutoConfiguration matched due to @ConditionalOnClass found required classes 'javax.sql.DataSource', 'org.springframework.jdbc.core.JdbcTemplate'
2024-07-21T15:49:57.345+02:00 TRACE 248560 --- [crud-springboot] [           main] o.s.b.f.s.DefaultListableBeanFactory     : Returning cached instance of singleton bean 'autoConfigurationReport'
2024-07-21T15:49:57.347+02:00 TRACE 248560 --- [crud-springboot] [           main] o.s.b.a.condition.OnBeanCondition        : Condition OnBeanCondition on org.springframework.boot.autoconfigure.jdbc.JdbcTemplateAutoConfiguration matched due to @ConditionalOnSingleCandidate (types: javax.sql.DataSource; SearchStrategy: all) found a single bean 'dataSource'
2024-07-21T15:49:57.347+02:00 TRACE 248560 --- [crud-springboot] [           main] o.s.b.f.s.DefaultListableBeanFactory     : Returning cached instance of singleton bean 'autoConfigurationReport'
2024-07-21T15:49:57.349+02:00 TRACE 248560 --- [crud-springboot] [           main] o.s.b.a.condition.OnBeanCondition        : Condition OnBeanCondition on org.springframework.boot.autoconfigure.jdbc.JdbcTemplateConfiguration matched due to @ConditionalOnMissingBean (types: org.springframework.jdbc.core.JdbcOperations; SearchStrategy: all) did not find any beans
2024-07-21T15:49:57.349+02:00 TRACE 248560 --- [crud-springboot] [           main] o.s.b.f.s.DefaultListableBeanFactory     : Returning cached instance of singleton bean 'autoConfigurationReport'
2024-07-21T15:49:57.350+02:00 TRACE 248560 --- [crud-springboot] [           main] a.ConfigurationClassBeanDefinitionReader : Registered bean definition for imported class 'org.springframework.boot.autoconfigure.jdbc.JdbcTemplateConfiguration'
2024-07-21T15:49:57.351+02:00 TRACE 248560 --- [crud-springboot] [           main] a.ConfigurationClassBeanDefinitionReader : Registering bean definition for @Bean method org.springframework.boot.autoconfigure.jdbc.JdbcTemplateConfiguration.jdbcTemplate()
2024-07-21T15:49:57.355+02:00 TRACE 248560 --- [crud-springboot] [           main] o.s.b.a.condition.OnBeanCondition        : Condition OnBeanCondition on org.springframework.boot.autoconfigure.jdbc.NamedParameterJdbcTemplateConfiguration matched due to @ConditionalOnSingleCandidate (types: org.springframework.jdbc.core.JdbcTemplate; SearchStrategy: all) found a single bean 'jdbcTemplate'; @ConditionalOnMissingBean (types: org.springframework.jdbc.core.namedparam.NamedParameterJdbcOperations; SearchStrategy: all) did not find any beans
2024-07-21T15:49:57.355+02:00 TRACE 248560 --- [crud-springboot] [           main] o.s.b.f.s.DefaultListableBeanFactory     : Returning cached instance of singleton bean 'autoConfigurationReport'
2024-07-21T15:49:57.358+02:00 TRACE 248560 --- [crud-springboot] [           main] o.s.b.a.condition.OnBeanCondition        : Condition OnBeanCondition on org.springframework.boot.autoconfigure.jdbc.NamedParameterJdbcTemplateConfiguration matched due to @ConditionalOnSingleCandidate (types: org.springframework.jdbc.core.JdbcTemplate; SearchStrategy: all) found a single bean 'jdbcTemplate'; @ConditionalOnMissingBean (types: org.springframework.jdbc.core.namedparam.NamedParameterJdbcOperations; SearchStrategy: all) did not find any beans
2024-07-21T15:49:57.358+02:00 TRACE 248560 --- [crud-springboot] [           main] o.s.b.f.s.DefaultListableBeanFactory     : Returning cached instance of singleton bean 'autoConfigurationReport'
2024-07-21T15:49:57.358+02:00 TRACE 248560 --- [crud-springboot] [           main] a.ConfigurationClassBeanDefinitionReader : Registered bean definition for imported class 'org.springframework.boot.autoconfigure.jdbc.NamedParameterJdbcTemplateConfiguration'
2024-07-21T15:49:57.358+02:00 TRACE 248560 --- [crud-springboot] [           main] a.ConfigurationClassBeanDefinitionReader : Registering bean definition for @Bean method org.springframework.boot.autoconfigure.jdbc.NamedParameterJdbcTemplateConfiguration.namedParameterJdbcTemplate()
2024-07-21T15:49:57.359+02:00 TRACE 248560 --- [crud-springboot] [           main] a.ConfigurationClassBeanDefinitionReader : Registered bean definition for imported class 'org.springframework.boot.autoconfigure.jdbc.JdbcTemplateAutoConfiguration'
2024-07-21T15:49:57.365+02:00 TRACE 248560 --- [crud-springboot] [           main] o.s.b.a.condition.OnBeanCondition        : Condition OnBeanCondition on org.springframework.boot.autoconfigure.jdbc.JdbcClientAutoConfiguration matched due to @ConditionalOnSingleCandidate (types: org.springframework.jdbc.core.namedparam.NamedParameterJdbcTemplate; SearchStrategy: all) found a single bean 'namedParameterJdbcTemplate'; @ConditionalOnMissingBean (types: org.springframework.jdbc.core.simple.JdbcClient; SearchStrategy: all) did not find any beans
2024-07-21T15:49:57.365+02:00 TRACE 248560 --- [crud-springboot] [           main] o.s.b.f.s.DefaultListableBeanFactory     : Returning cached instance of singleton bean 'autoConfigurationReport'
2024-07-21T15:49:57.368+02:00 TRACE 248560 --- [crud-springboot] [           main] o.s.b.a.condition.OnBeanCondition        : Condition OnBeanCondition on org.springframework.boot.autoconfigure.jdbc.JdbcClientAutoConfiguration matched due to @ConditionalOnSingleCandidate (types: org.springframework.jdbc.core.namedparam.NamedParameterJdbcTemplate; SearchStrategy: all) found a single bean 'namedParameterJdbcTemplate'; @ConditionalOnMissingBean (types: org.springframework.jdbc.core.simple.JdbcClient; SearchStrategy: all) did not find any beans
2024-07-21T15:49:57.368+02:00 TRACE 248560 --- [crud-springboot] [           main] o.s.b.f.s.DefaultListableBeanFactory     : Returning cached instance of singleton bean 'autoConfigurationReport'
2024-07-21T15:49:57.369+02:00 TRACE 248560 --- [crud-springboot] [           main] a.ConfigurationClassBeanDefinitionReader : Registered bean definition for imported class 'org.springframework.boot.autoconfigure.jdbc.JdbcClientAutoConfiguration'
2024-07-21T15:49:57.369+02:00 TRACE 248560 --- [crud-springboot] [           main] a.ConfigurationClassBeanDefinitionReader : Registering bean definition for @Bean method org.springframework.boot.autoconfigure.jdbc.JdbcClientAutoConfiguration.jdbcClient()
2024-07-21T15:49:57.370+02:00 TRACE 248560 --- [crud-springboot] [           main] o.s.b.a.condition.OnClassCondition       : Condition OnClassCondition on org.springframework.boot.autoconfigure.security.reactive.ReactiveUserDetailsServiceAutoConfiguration matched due to @ConditionalOnClass found required class 'org.springframework.security.authentication.ReactiveAuthenticationManager'
2024-07-21T15:49:57.371+02:00 TRACE 248560 --- [crud-springboot] [           main] o.s.b.f.s.DefaultListableBeanFactory     : Returning cached instance of singleton bean 'autoConfigurationReport'
2024-07-21T15:49:57.377+02:00 TRACE 248560 --- [crud-springboot] [           main] n$RSocketEnabledOrReactiveWebApplication : Condition ReactiveUserDetailsServiceAutoConfiguration.RSocketEnabledOrReactiveWebApplication on org.springframework.boot.autoconfigure.security.reactive.ReactiveUserDetailsServiceAutoConfiguration did not match due to AnyNestedCondition 0 matched 2 did not; NestedCondition on ReactiveUserDetailsServiceAutoConfiguration.RSocketEnabledOrReactiveWebApplication.ReactiveWebApplicationCondition did not find reactive web application classes; NestedCondition on ReactiveUserDetailsServiceAutoConfiguration.RSocketEnabledOrReactiveWebApplication.RSocketSecurityEnabledCondition @ConditionalOnBean (types: org.springframework.messaging.rsocket.annotation.support.RSocketMessageHandler; SearchStrategy: all) did not find any beans of type org.springframework.messaging.rsocket.annotation.support.RSocketMessageHandler
2024-07-21T15:49:57.377+02:00 TRACE 248560 --- [crud-springboot] [           main] o.s.b.f.s.DefaultListableBeanFactory     : Returning cached instance of singleton bean 'autoConfigurationReport'
2024-07-21T15:49:57.377+02:00 TRACE 248560 --- [crud-springboot] [           main] o.s.b.a.condition.OnClassCondition       : Condition OnClassCondition on org.springframework.boot.autoconfigure.security.servlet.SecurityAutoConfiguration matched due to @ConditionalOnClass found required class 'org.springframework.security.authentication.DefaultAuthenticationEventPublisher'
2024-07-21T15:49:57.377+02:00 TRACE 248560 --- [crud-springboot] [           main] o.s.b.f.s.DefaultListableBeanFactory     : Returning cached instance of singleton bean 'autoConfigurationReport'
2024-07-21T15:49:57.378+02:00 TRACE 248560 --- [crud-springboot] [           main] o.s.b.a.c.OnWebApplicationCondition      : Condition OnWebApplicationCondition on org.springframework.boot.autoconfigure.security.servlet.SpringBootWebSecurityConfiguration matched due to found 'session' scope
2024-07-21T15:49:57.378+02:00 TRACE 248560 --- [crud-springboot] [           main] o.s.b.f.s.DefaultListableBeanFactory     : Returning cached instance of singleton bean 'autoConfigurationReport'
2024-07-21T15:49:57.378+02:00 TRACE 248560 --- [crud-springboot] [           main] o.s.b.a.condition.OnClassCondition       : Condition OnClassCondition on org.springframework.boot.autoconfigure.security.servlet.SpringBootWebSecurityConfiguration$WebSecurityEnablerConfiguration matched due to @ConditionalOnClass found required class 'org.springframework.security.config.annotation.web.configuration.EnableWebSecurity'
2024-07-21T15:49:57.378+02:00 TRACE 248560 --- [crud-springboot] [           main] o.s.b.f.s.DefaultListableBeanFactory     : Returning cached instance of singleton bean 'autoConfigurationReport'
2024-07-21T15:49:57.378+02:00 TRACE 248560 --- [crud-springboot] [           main] o.s.b.a.condition.OnBeanCondition        : Condition OnBeanCondition on org.springframework.boot.autoconfigure.security.servlet.SpringBootWebSecurityConfiguration$WebSecurityEnablerConfiguration did not match due to @ConditionalOnMissingBean (names: springSecurityFilterChain; SearchStrategy: all) found beans named springSecurityFilterChain
2024-07-21T15:49:57.378+02:00 TRACE 248560 --- [crud-springboot] [           main] o.s.b.f.s.DefaultListableBeanFactory     : Returning cached instance of singleton bean 'autoConfigurationReport'
2024-07-21T15:49:57.383+02:00 TRACE 248560 --- [crud-springboot] [           main] o.s.b.a.s.DefaultWebSecurityCondition    : Condition DefaultWebSecurityCondition on org.springframework.boot.autoconfigure.security.servlet.SpringBootWebSecurityConfiguration$SecurityFilterChainConfiguration did not match due to AllNestedConditions 1 matched 1 did not; NestedCondition on DefaultWebSecurityCondition.Beans @ConditionalOnMissingBean (types: org.springframework.security.web.SecurityFilterChain; SearchStrategy: all) found beans of type 'org.springframework.security.web.SecurityFilterChain' securityFilterChain; NestedCondition on DefaultWebSecurityCondition.Classes @ConditionalOnClass found required classes 'org.springframework.security.web.SecurityFilterChain', 'org.springframework.security.config.annotation.web.builders.HttpSecurity'
2024-07-21T15:49:57.383+02:00 TRACE 248560 --- [crud-springboot] [           main] o.s.b.f.s.DefaultListableBeanFactory     : Returning cached instance of singleton bean 'autoConfigurationReport'
2024-07-21T15:49:57.383+02:00 TRACE 248560 --- [crud-springboot] [           main] a.ConfigurationClassBeanDefinitionReader : Registered bean definition for imported class 'org.springframework.boot.autoconfigure.security.servlet.SpringBootWebSecurityConfiguration'
2024-07-21T15:49:57.386+02:00 TRACE 248560 --- [crud-springboot] [           main] a.ConfigurationClassBeanDefinitionReader : Registered bean definition for imported class 'org.springframework.boot.autoconfigure.security.servlet.SecurityAutoConfiguration'
2024-07-21T15:49:57.389+02:00 TRACE 248560 --- [crud-springboot] [           main] o.s.b.a.condition.OnBeanCondition        : Condition OnBeanCondition on org.springframework.boot.autoconfigure.security.servlet.SecurityAutoConfiguration#authenticationEventPublisher matched due to @ConditionalOnMissingBean (types: org.springframework.security.authentication.AuthenticationEventPublisher; SearchStrategy: all) did not find any beans
2024-07-21T15:49:57.389+02:00 TRACE 248560 --- [crud-springboot] [           main] o.s.b.f.s.DefaultListableBeanFactory     : Returning cached instance of singleton bean 'autoConfigurationReport'
2024-07-21T15:49:57.390+02:00 TRACE 248560 --- [crud-springboot] [           main] a.ConfigurationClassBeanDefinitionReader : Registering bean definition for @Bean method org.springframework.boot.autoconfigure.security.servlet.SecurityAutoConfiguration.authenticationEventPublisher()
2024-07-21T15:49:57.395+02:00 TRACE 248560 --- [crud-springboot] [           main] o.s.b.a.condition.OnClassCondition       : Condition OnClassCondition on org.springframework.boot.autoconfigure.security.servlet.SecurityFilterAutoConfiguration matched due to @ConditionalOnClass found required classes 'org.springframework.security.web.context.AbstractSecurityWebApplicationInitializer', 'org.springframework.security.config.http.SessionCreationPolicy'
2024-07-21T15:49:57.395+02:00 TRACE 248560 --- [crud-springboot] [           main] o.s.b.f.s.DefaultListableBeanFactory     : Returning cached instance of singleton bean 'autoConfigurationReport'
2024-07-21T15:49:57.396+02:00 TRACE 248560 --- [crud-springboot] [           main] o.s.b.a.c.OnWebApplicationCondition      : Condition OnWebApplicationCondition on org.springframework.boot.autoconfigure.security.servlet.SecurityFilterAutoConfiguration matched due to found 'session' scope
2024-07-21T15:49:57.396+02:00 TRACE 248560 --- [crud-springboot] [           main] o.s.b.f.s.DefaultListableBeanFactory     : Returning cached instance of singleton bean 'autoConfigurationReport'
2024-07-21T15:49:57.396+02:00 TRACE 248560 --- [crud-springboot] [           main] a.ConfigurationClassBeanDefinitionReader : Registered bean definition for imported class 'org.springframework.boot.autoconfigure.security.servlet.SecurityFilterAutoConfiguration'
2024-07-21T15:49:57.396+02:00 TRACE 248560 --- [crud-springboot] [           main] o.s.b.a.condition.OnBeanCondition        : Condition OnBeanCondition on org.springframework.boot.autoconfigure.security.servlet.SecurityFilterAutoConfiguration#securityFilterChainRegistration matched due to @ConditionalOnBean (names: springSecurityFilterChain; SearchStrategy: all) found bean 'springSecurityFilterChain'
2024-07-21T15:49:57.396+02:00 TRACE 248560 --- [crud-springboot] [           main] o.s.b.f.s.DefaultListableBeanFactory     : Returning cached instance of singleton bean 'autoConfigurationReport'
2024-07-21T15:49:57.398+02:00 TRACE 248560 --- [crud-springboot] [           main] a.ConfigurationClassBeanDefinitionReader : Registering bean definition for @Bean method org.springframework.boot.autoconfigure.security.servlet.SecurityFilterAutoConfiguration.securityFilterChainRegistration()
2024-07-21T15:49:57.399+02:00 TRACE 248560 --- [crud-springboot] [           main] o.s.b.a.condition.OnClassCondition       : Condition OnClassCondition on org.springframework.boot.autoconfigure.security.servlet.UserDetailsServiceAutoConfiguration matched due to @ConditionalOnClass found required class 'org.springframework.security.authentication.AuthenticationManager'
2024-07-21T15:49:57.399+02:00 TRACE 248560 --- [crud-springboot] [           main] o.s.b.f.s.DefaultListableBeanFactory     : Returning cached instance of singleton bean 'autoConfigurationReport'
2024-07-21T15:49:57.411+02:00 TRACE 248560 --- [crud-springboot] [           main] o.s.b.a.condition.OnBeanCondition        : Condition OnBeanCondition on org.springframework.boot.autoconfigure.security.servlet.UserDetailsServiceAutoConfiguration did not match due to @ConditionalOnMissingBean (types: org.springframework.security.authentication.AuthenticationManager,org.springframework.security.authentication.AuthenticationProvider,org.springframework.security.core.userdetails.UserDetailsService,org.springframework.security.authentication.AuthenticationManagerResolver,org.springframework.security.oauth2.jwt.JwtDecoder; SearchStrategy: all) found beans of type 'org.springframework.security.authentication.AuthenticationManager' authenticationManager and found beans of type 'org.springframework.security.core.userdetails.UserDetailsService' customUserDetailsService
2024-07-21T15:49:57.411+02:00 TRACE 248560 --- [crud-springboot] [           main] o.s.b.f.s.DefaultListableBeanFactory     : Returning cached instance of singleton bean 'autoConfigurationReport'
2024-07-21T15:49:57.412+02:00 TRACE 248560 --- [crud-springboot] [           main] o.s.b.a.condition.OnPropertyCondition    : Condition OnPropertyCondition on org.springframework.boot.autoconfigure.sql.init.SqlInitializationAutoConfiguration matched due to @ConditionalOnProperty (spring.sql.init.enabled) matched
2024-07-21T15:49:57.412+02:00 TRACE 248560 --- [crud-springboot] [           main] o.s.b.f.s.DefaultListableBeanFactory     : Returning cached instance of singleton bean 'autoConfigurationReport'
2024-07-21T15:49:57.412+02:00 TRACE 248560 --- [crud-springboot] [           main] o.s.b.a.condition.OnClassCondition       : Condition OnClassCondition on org.springframework.boot.autoconfigure.sql.init.DataSourceInitializationConfiguration matched due to @ConditionalOnClass found required class 'org.springframework.jdbc.datasource.init.DatabasePopulator'
2024-07-21T15:49:57.412+02:00 TRACE 248560 --- [crud-springboot] [           main] o.s.b.f.s.DefaultListableBeanFactory     : Returning cached instance of singleton bean 'autoConfigurationReport'
2024-07-21T15:49:57.417+02:00 TRACE 248560 --- [crud-springboot] [           main] o.s.b.a.condition.OnBeanCondition        : Condition OnBeanCondition on org.springframework.boot.autoconfigure.sql.init.DataSourceInitializationConfiguration matched due to @ConditionalOnSingleCandidate (types: javax.sql.DataSource; SearchStrategy: all) found a single bean 'dataSource'; @ConditionalOnMissingBean (types: org.springframework.boot.autoconfigure.sql.init.SqlDataSourceScriptDatabaseInitializer,org.springframework.boot.autoconfigure.sql.init.SqlR2dbcScriptDatabaseInitializer; SearchStrategy: all) did not find any beans
2024-07-21T15:49:57.418+02:00 TRACE 248560 --- [crud-springboot] [           main] o.s.b.f.s.DefaultListableBeanFactory     : Returning cached instance of singleton bean 'autoConfigurationReport'
2024-07-21T15:49:57.419+02:00 TRACE 248560 --- [crud-springboot] [           main] o.s.b.a.condition.OnBeanCondition        : Condition OnBeanCondition on org.springframework.boot.autoconfigure.sql.init.DataSourceInitializationConfiguration matched due to @ConditionalOnSingleCandidate (types: javax.sql.DataSource; SearchStrategy: all) found a single bean 'dataSource'; @ConditionalOnMissingBean (types: org.springframework.boot.autoconfigure.sql.init.SqlDataSourceScriptDatabaseInitializer,org.springframework.boot.autoconfigure.sql.init.SqlR2dbcScriptDatabaseInitializer; SearchStrategy: all) did not find any beans
2024-07-21T15:49:57.420+02:00 TRACE 248560 --- [crud-springboot] [           main] o.s.b.f.s.DefaultListableBeanFactory     : Returning cached instance of singleton bean 'autoConfigurationReport'
2024-07-21T15:49:57.420+02:00 TRACE 248560 --- [crud-springboot] [           main] a.ConfigurationClassBeanDefinitionReader : Registered bean definition for imported class 'org.springframework.boot.autoconfigure.sql.init.DataSourceInitializationConfiguration'
2024-07-21T15:49:57.420+02:00 TRACE 248560 --- [crud-springboot] [           main] a.ConfigurationClassBeanDefinitionReader : Registering bean definition for @Bean method org.springframework.boot.autoconfigure.sql.init.DataSourceInitializationConfiguration.dataSourceScriptDatabaseInitializer()
2024-07-21T15:49:57.421+02:00 TRACE 248560 --- [crud-springboot] [           main] a.ConfigurationClassBeanDefinitionReader : Registered bean definition for imported class 'org.springframework.boot.autoconfigure.sql.init.SqlInitializationAutoConfiguration'
2024-07-21T15:49:57.423+02:00 TRACE 248560 --- [crud-springboot] [           main] o.s.b.a.condition.OnClassCondition       : Condition OnClassCondition on org.springframework.boot.autoconfigure.task.TaskSchedulingAutoConfiguration matched due to @ConditionalOnClass found required class 'org.springframework.scheduling.concurrent.ThreadPoolTaskScheduler'
2024-07-21T15:49:57.423+02:00 TRACE 248560 --- [crud-springboot] [           main] o.s.b.f.s.DefaultListableBeanFactory     : Returning cached instance of singleton bean 'autoConfigurationReport'
2024-07-21T15:49:57.423+02:00 TRACE 248560 --- [crud-springboot] [           main] a.ConfigurationClassBeanDefinitionReader : Registered bean definition for imported class 'org.springframework.boot.autoconfigure.task.TaskSchedulingConfigurations$ThreadPoolTaskSchedulerBuilderConfiguration'
2024-07-21T15:49:57.427+02:00 TRACE 248560 --- [crud-springboot] [           main] o.s.b.a.condition.OnBeanCondition        : Condition OnBeanCondition on org.springframework.boot.autoconfigure.task.TaskSchedulingConfigurations$ThreadPoolTaskSchedulerBuilderConfiguration#threadPoolTaskSchedulerBuilder matched due to @ConditionalOnMissingBean (types: org.springframework.boot.task.TaskSchedulerBuilder,org.springframework.boot.task.ThreadPoolTaskSchedulerBuilder; SearchStrategy: all) did not find any beans
2024-07-21T15:49:57.427+02:00 TRACE 248560 --- [crud-springboot] [           main] o.s.b.f.s.DefaultListableBeanFactory     : Returning cached instance of singleton bean 'autoConfigurationReport'
2024-07-21T15:49:57.428+02:00 TRACE 248560 --- [crud-springboot] [           main] a.ConfigurationClassBeanDefinitionReader : Registering bean definition for @Bean method org.springframework.boot.autoconfigure.task.TaskSchedulingConfigurations$ThreadPoolTaskSchedulerBuilderConfiguration.threadPoolTaskSchedulerBuilder()
2024-07-21T15:49:57.428+02:00 TRACE 248560 --- [crud-springboot] [           main] a.ConfigurationClassBeanDefinitionReader : Registered bean definition for imported class 'org.springframework.boot.autoconfigure.task.TaskSchedulingConfigurations$TaskSchedulerBuilderConfiguration'
2024-07-21T15:49:57.432+02:00 TRACE 248560 --- [crud-springboot] [           main] o.s.b.a.condition.OnBeanCondition        : Condition OnBeanCondition on org.springframework.boot.autoconfigure.task.TaskSchedulingConfigurations$TaskSchedulerBuilderConfiguration#taskSchedulerBuilder matched due to @ConditionalOnMissingBean (types: org.springframework.boot.task.TaskSchedulerBuilder; SearchStrategy: all) did not find any beans
2024-07-21T15:49:57.432+02:00 TRACE 248560 --- [crud-springboot] [           main] o.s.b.f.s.DefaultListableBeanFactory     : Returning cached instance of singleton bean 'autoConfigurationReport'
2024-07-21T15:49:57.432+02:00 TRACE 248560 --- [crud-springboot] [           main] a.ConfigurationClassBeanDefinitionReader : Registering bean definition for @Bean method org.springframework.boot.autoconfigure.task.TaskSchedulingConfigurations$TaskSchedulerBuilderConfiguration.taskSchedulerBuilder()
2024-07-21T15:49:57.433+02:00 TRACE 248560 --- [crud-springboot] [           main] a.ConfigurationClassBeanDefinitionReader : Registered bean definition for imported class 'org.springframework.boot.autoconfigure.task.TaskSchedulingConfigurations$SimpleAsyncTaskSchedulerBuilderConfiguration'
2024-07-21T15:49:57.438+02:00 TRACE 248560 --- [crud-springboot] [           main] o.s.b.a.condition.OnBeanCondition        : Condition OnBeanCondition on org.springframework.boot.autoconfigure.task.TaskSchedulingConfigurations$SimpleAsyncTaskSchedulerBuilderConfiguration#simpleAsyncTaskSchedulerBuilder matched due to @ConditionalOnMissingBean (types: org.springframework.boot.task.SimpleAsyncTaskSchedulerBuilder; SearchStrategy: all) did not find any beans
2024-07-21T15:49:57.439+02:00 TRACE 248560 --- [crud-springboot] [           main] o.s.b.f.s.DefaultListableBeanFactory     : Returning cached instance of singleton bean 'autoConfigurationReport'
2024-07-21T15:49:57.439+02:00 TRACE 248560 --- [crud-springboot] [           main] o.s.b.a.condition.OnThreadingCondition   : Condition OnThreadingCondition on org.springframework.boot.autoconfigure.task.TaskSchedulingConfigurations$SimpleAsyncTaskSchedulerBuilderConfiguration#simpleAsyncTaskSchedulerBuilder matched due to @ConditionalOnThreading found PLATFORM
2024-07-21T15:49:57.439+02:00 TRACE 248560 --- [crud-springboot] [           main] o.s.b.f.s.DefaultListableBeanFactory     : Returning cached instance of singleton bean 'autoConfigurationReport'
2024-07-21T15:49:57.439+02:00 TRACE 248560 --- [crud-springboot] [           main] a.ConfigurationClassBeanDefinitionReader : Registering bean definition for @Bean method org.springframework.boot.autoconfigure.task.TaskSchedulingConfigurations$SimpleAsyncTaskSchedulerBuilderConfiguration.simpleAsyncTaskSchedulerBuilder()
2024-07-21T15:49:57.441+02:00 TRACE 248560 --- [crud-springboot] [           main] o.s.b.a.condition.OnBeanCondition        : Condition OnBeanCondition on org.springframework.boot.autoconfigure.task.TaskSchedulingConfigurations$SimpleAsyncTaskSchedulerBuilderConfiguration#simpleAsyncTaskSchedulerBuilderVirtualThreads did not match due to @ConditionalOnMissingBean (types: org.springframework.boot.task.SimpleAsyncTaskSchedulerBuilder; SearchStrategy: all) found beans of type 'org.springframework.boot.task.SimpleAsyncTaskSchedulerBuilder' simpleAsyncTaskSchedulerBuilder
2024-07-21T15:49:57.441+02:00 TRACE 248560 --- [crud-springboot] [           main] o.s.b.f.s.DefaultListableBeanFactory     : Returning cached instance of singleton bean 'autoConfigurationReport'
2024-07-21T15:49:57.442+02:00 TRACE 248560 --- [crud-springboot] [           main] o.s.b.a.condition.OnBeanCondition        : Condition OnBeanCondition on org.springframework.boot.autoconfigure.task.TaskSchedulingConfigurations$TaskSchedulerConfiguration did not match due to @ConditionalOnBean (names: org.springframework.context.annotation.internalScheduledAnnotationProcessor; SearchStrategy: all) did not find any beans named org.springframework.context.annotation.internalScheduledAnnotationProcessor
2024-07-21T15:49:57.442+02:00 TRACE 248560 --- [crud-springboot] [           main] o.s.b.f.s.DefaultListableBeanFactory     : Returning cached instance of singleton bean 'autoConfigurationReport'
2024-07-21T15:49:57.443+02:00 TRACE 248560 --- [crud-springboot] [           main] a.ConfigurationClassBeanDefinitionReader : Registered bean definition for imported class 'org.springframework.boot.autoconfigure.task.TaskSchedulingAutoConfiguration'
2024-07-21T15:49:57.443+02:00 TRACE 248560 --- [crud-springboot] [           main] o.s.b.a.condition.OnBeanCondition        : Condition OnBeanCondition on org.springframework.boot.autoconfigure.task.TaskSchedulingAutoConfiguration#scheduledBeanLazyInitializationExcludeFilter did not match due to @ConditionalOnBean (names: org.springframework.context.annotation.internalScheduledAnnotationProcessor; SearchStrategy: all) did not find any beans named org.springframework.context.annotation.internalScheduledAnnotationProcessor
2024-07-21T15:49:57.443+02:00 TRACE 248560 --- [crud-springboot] [           main] o.s.b.f.s.DefaultListableBeanFactory     : Returning cached instance of singleton bean 'autoConfigurationReport'
2024-07-21T15:49:57.445+02:00 TRACE 248560 --- [crud-springboot] [           main] o.s.b.a.condition.OnClassCondition       : Condition OnClassCondition on org.springframework.boot.autoconfigure.thymeleaf.ThymeleafAutoConfiguration matched due to @ConditionalOnClass found required classes 'org.thymeleaf.templatemode.TemplateMode', 'org.thymeleaf.spring6.SpringTemplateEngine'
2024-07-21T15:49:57.445+02:00 TRACE 248560 --- [crud-springboot] [           main] o.s.b.f.s.DefaultListableBeanFactory     : Returning cached instance of singleton bean 'autoConfigurationReport'
2024-07-21T15:49:57.445+02:00 TRACE 248560 --- [crud-springboot] [           main] o.s.b.a.c.OnWebApplicationCondition      : Condition OnWebApplicationCondition on org.springframework.boot.autoconfigure.thymeleaf.ThymeleafAutoConfiguration$ThymeleafWebMvcConfiguration matched due to found 'session' scope
2024-07-21T15:49:57.445+02:00 TRACE 248560 --- [crud-springboot] [           main] o.s.b.f.s.DefaultListableBeanFactory     : Returning cached instance of singleton bean 'autoConfigurationReport'
2024-07-21T15:49:57.446+02:00 TRACE 248560 --- [crud-springboot] [           main] o.s.b.a.condition.OnPropertyCondition    : Condition OnPropertyCondition on org.springframework.boot.autoconfigure.thymeleaf.ThymeleafAutoConfiguration$ThymeleafWebMvcConfiguration matched due to @ConditionalOnProperty (spring.thymeleaf.enabled) matched
2024-07-21T15:49:57.446+02:00 TRACE 248560 --- [crud-springboot] [           main] o.s.b.f.s.DefaultListableBeanFactory     : Returning cached instance of singleton bean 'autoConfigurationReport'
2024-07-21T15:49:57.447+02:00 TRACE 248560 --- [crud-springboot] [           main] a.ConfigurationClassBeanDefinitionReader : Registered bean definition for imported class 'org.springframework.boot.autoconfigure.thymeleaf.ThymeleafAutoConfiguration$ThymeleafWebMvcConfiguration$ThymeleafViewResolverConfiguration'
2024-07-21T15:49:57.447+02:00 TRACE 248560 --- [crud-springboot] [           main] o.s.b.a.condition.OnBeanCondition        : Condition OnBeanCondition on org.springframework.boot.autoconfigure.thymeleaf.ThymeleafAutoConfiguration$ThymeleafWebMvcConfiguration$ThymeleafViewResolverConfiguration#thymeleafViewResolver matched due to @ConditionalOnMissingBean (names: thymeleafViewResolver; SearchStrategy: all) did not find any beans
2024-07-21T15:49:57.447+02:00 TRACE 248560 --- [crud-springboot] [           main] o.s.b.f.s.DefaultListableBeanFactory     : Returning cached instance of singleton bean 'autoConfigurationReport'
2024-07-21T15:49:57.448+02:00 TRACE 248560 --- [crud-springboot] [           main] a.ConfigurationClassBeanDefinitionReader : Registering bean definition for @Bean method org.springframework.boot.autoconfigure.thymeleaf.ThymeleafAutoConfiguration$ThymeleafWebMvcConfiguration$ThymeleafViewResolverConfiguration.thymeleafViewResolver()
2024-07-21T15:49:57.449+02:00 TRACE 248560 --- [crud-springboot] [           main] a.ConfigurationClassBeanDefinitionReader : Registered bean definition for imported class 'org.springframework.boot.autoconfigure.thymeleaf.ThymeleafAutoConfiguration$ThymeleafWebMvcConfiguration'
2024-07-21T15:49:57.453+02:00 TRACE 248560 --- [crud-springboot] [           main] .s.b.a.w.OnEnabledResourceChainCondition : Condition OnEnabledResourceChainCondition on org.springframework.boot.autoconfigure.thymeleaf.ThymeleafAutoConfiguration$ThymeleafWebMvcConfiguration#resourceUrlEncodingFilter did not match due to @ConditionalOnEnabledResourceChain did not find class org.webjars.WebJarAssetLocator
2024-07-21T15:49:57.453+02:00 TRACE 248560 --- [crud-springboot] [           main] o.s.b.f.s.DefaultListableBeanFactory     : Returning cached instance of singleton bean 'autoConfigurationReport'
2024-07-21T15:49:57.454+02:00 TRACE 248560 --- [crud-springboot] [           main] o.s.b.a.condition.OnBeanCondition        : Condition OnBeanCondition on org.springframework.boot.autoconfigure.thymeleaf.ThymeleafAutoConfiguration$DefaultTemplateResolverConfiguration matched due to @ConditionalOnMissingBean (names: defaultTemplateResolver; SearchStrategy: all) did not find any beans
2024-07-21T15:49:57.454+02:00 TRACE 248560 --- [crud-springboot] [           main] o.s.b.f.s.DefaultListableBeanFactory     : Returning cached instance of singleton bean 'autoConfigurationReport'
2024-07-21T15:49:57.454+02:00 TRACE 248560 --- [crud-springboot] [           main] a.ConfigurationClassBeanDefinitionReader : Registered bean definition for imported class 'org.springframework.boot.autoconfigure.thymeleaf.ThymeleafAutoConfiguration$DefaultTemplateResolverConfiguration'
2024-07-21T15:49:57.455+02:00 TRACE 248560 --- [crud-springboot] [           main] a.ConfigurationClassBeanDefinitionReader : Registering bean definition for @Bean method org.springframework.boot.autoconfigure.thymeleaf.ThymeleafAutoConfiguration$DefaultTemplateResolverConfiguration.defaultTemplateResolver()
2024-07-21T15:49:57.455+02:00 TRACE 248560 --- [crud-springboot] [           main] a.ConfigurationClassBeanDefinitionReader : Registered bean definition for imported class 'org.springframework.boot.autoconfigure.thymeleaf.TemplateEngineConfigurations$DefaultTemplateEngineConfiguration'
2024-07-21T15:49:57.466+02:00 TRACE 248560 --- [crud-springboot] [           main] o.s.b.a.condition.OnBeanCondition        : Condition OnBeanCondition on org.springframework.boot.autoconfigure.thymeleaf.TemplateEngineConfigurations$DefaultTemplateEngineConfiguration#templateEngine matched due to @ConditionalOnMissingBean (types: org.thymeleaf.spring6.ISpringTemplateEngine; SearchStrategy: all) did not find any beans
2024-07-21T15:49:57.467+02:00 TRACE 248560 --- [crud-springboot] [           main] o.s.b.f.s.DefaultListableBeanFactory     : Returning cached instance of singleton bean 'autoConfigurationReport'
2024-07-21T15:49:57.467+02:00 TRACE 248560 --- [crud-springboot] [           main] a.ConfigurationClassBeanDefinitionReader : Registering bean definition for @Bean method org.springframework.boot.autoconfigure.thymeleaf.TemplateEngineConfigurations$DefaultTemplateEngineConfiguration.templateEngine()
2024-07-21T15:49:57.471+02:00 TRACE 248560 --- [crud-springboot] [           main] a.ConfigurationClassBeanDefinitionReader : Registered bean definition for imported class 'org.springframework.boot.autoconfigure.thymeleaf.ThymeleafAutoConfiguration'
2024-07-21T15:49:57.472+02:00 TRACE 248560 --- [crud-springboot] [           main] o.s.b.a.condition.OnClassCondition       : Condition OnClassCondition on org.springframework.boot.autoconfigure.jdbc.DataSourceTransactionManagerAutoConfiguration matched due to @ConditionalOnClass found required classes 'javax.sql.DataSource', 'org.springframework.jdbc.core.JdbcTemplate', 'org.springframework.transaction.TransactionManager'
2024-07-21T15:49:57.473+02:00 TRACE 248560 --- [crud-springboot] [           main] o.s.b.f.s.DefaultListableBeanFactory     : Returning cached instance of singleton bean 'autoConfigurationReport'
2024-07-21T15:49:57.474+02:00 TRACE 248560 --- [crud-springboot] [           main] o.s.b.a.condition.OnBeanCondition        : Condition OnBeanCondition on org.springframework.boot.autoconfigure.jdbc.DataSourceTransactionManagerAutoConfiguration$JdbcTransactionManagerConfiguration matched due to @ConditionalOnSingleCandidate (types: javax.sql.DataSource; SearchStrategy: all) found a single bean 'dataSource'
2024-07-21T15:49:57.474+02:00 TRACE 248560 --- [crud-springboot] [           main] o.s.b.f.s.DefaultListableBeanFactory     : Returning cached instance of singleton bean 'autoConfigurationReport'
2024-07-21T15:49:57.475+02:00 TRACE 248560 --- [crud-springboot] [           main] a.ConfigurationClassBeanDefinitionReader : Registered bean definition for imported class 'org.springframework.boot.autoconfigure.jdbc.DataSourceTransactionManagerAutoConfiguration$JdbcTransactionManagerConfiguration'
2024-07-21T15:49:57.476+02:00 TRACE 248560 --- [crud-springboot] [           main] o.s.b.a.condition.OnBeanCondition        : Condition OnBeanCondition on org.springframework.boot.autoconfigure.jdbc.DataSourceTransactionManagerAutoConfiguration$JdbcTransactionManagerConfiguration#transactionManager did not match due to @ConditionalOnMissingBean (types: org.springframework.transaction.TransactionManager; SearchStrategy: all) found beans of type 'org.springframework.transaction.TransactionManager' transactionManager
2024-07-21T15:49:57.476+02:00 TRACE 248560 --- [crud-springboot] [           main] o.s.b.f.s.DefaultListableBeanFactory     : Returning cached instance of singleton bean 'autoConfigurationReport'
2024-07-21T15:49:57.477+02:00 TRACE 248560 --- [crud-springboot] [           main] a.ConfigurationClassBeanDefinitionReader : Registered bean definition for imported class 'org.springframework.boot.autoconfigure.jdbc.DataSourceTransactionManagerAutoConfiguration'
2024-07-21T15:49:57.477+02:00 TRACE 248560 --- [crud-springboot] [           main] o.s.b.a.condition.OnClassCondition       : Condition OnClassCondition on org.springframework.boot.autoconfigure.transaction.TransactionAutoConfiguration matched due to @ConditionalOnClass found required class 'org.springframework.transaction.PlatformTransactionManager'
2024-07-21T15:49:57.478+02:00 TRACE 248560 --- [crud-springboot] [           main] o.s.b.f.s.DefaultListableBeanFactory     : Returning cached instance of singleton bean 'autoConfigurationReport'
2024-07-21T15:49:57.479+02:00 TRACE 248560 --- [crud-springboot] [           main] o.s.b.a.condition.OnBeanCondition        : Condition OnBeanCondition on org.springframework.boot.autoconfigure.transaction.TransactionAutoConfiguration$AspectJTransactionManagementConfiguration did not match due to @ConditionalOnBean (types: org.springframework.transaction.aspectj.AbstractTransactionAspect; SearchStrategy: all) did not find any beans of type org.springframework.transaction.aspectj.AbstractTransactionAspect
2024-07-21T15:49:57.479+02:00 TRACE 248560 --- [crud-springboot] [           main] o.s.b.f.s.DefaultListableBeanFactory     : Returning cached instance of singleton bean 'autoConfigurationReport'
2024-07-21T15:49:57.480+02:00 TRACE 248560 --- [crud-springboot] [           main] o.s.b.a.condition.OnBeanCondition        : Condition OnBeanCondition on org.springframework.boot.autoconfigure.transaction.TransactionAutoConfiguration$EnableTransactionManagementConfiguration matched due to @ConditionalOnBean (types: org.springframework.transaction.TransactionManager; SearchStrategy: all) found bean 'transactionManager'; @ConditionalOnMissingBean (types: org.springframework.transaction.annotation.AbstractTransactionManagementConfiguration; SearchStrategy: all) did not find any beans
2024-07-21T15:49:57.481+02:00 TRACE 248560 --- [crud-springboot] [           main] o.s.b.f.s.DefaultListableBeanFactory     : Returning cached instance of singleton bean 'autoConfigurationReport'
2024-07-21T15:49:57.482+02:00 TRACE 248560 --- [crud-springboot] [           main] o.s.b.a.condition.OnBeanCondition        : Condition OnBeanCondition on org.springframework.boot.autoconfigure.transaction.TransactionAutoConfiguration$EnableTransactionManagementConfiguration matched due to @ConditionalOnBean (types: org.springframework.transaction.TransactionManager; SearchStrategy: all) found bean 'transactionManager'; @ConditionalOnMissingBean (types: org.springframework.transaction.annotation.AbstractTransactionManagementConfiguration; SearchStrategy: all) did not find any beans
2024-07-21T15:49:57.483+02:00 TRACE 248560 --- [crud-springboot] [           main] o.s.b.f.s.DefaultListableBeanFactory     : Returning cached instance of singleton bean 'autoConfigurationReport'
2024-07-21T15:49:57.484+02:00 TRACE 248560 --- [crud-springboot] [           main] o.s.b.a.condition.OnPropertyCondition    : Condition OnPropertyCondition on org.springframework.boot.autoconfigure.transaction.TransactionAutoConfiguration$EnableTransactionManagementConfiguration$CglibAutoProxyConfiguration matched due to @ConditionalOnProperty (spring.aop.proxy-target-class=true) matched
2024-07-21T15:49:57.484+02:00 TRACE 248560 --- [crud-springboot] [           main] o.s.b.f.s.DefaultListableBeanFactory     : Returning cached instance of singleton bean 'autoConfigurationReport'
2024-07-21T15:49:57.486+02:00 TRACE 248560 --- [crud-springboot] [           main] a.ConfigurationClassBeanDefinitionReader : Registered bean definition for imported class 'org.springframework.transaction.annotation.ProxyTransactionManagementConfiguration'
2024-07-21T15:49:57.486+02:00 TRACE 248560 --- [crud-springboot] [           main] a.ConfigurationClassBeanDefinitionReader : Registering bean definition for @Bean method org.springframework.transaction.annotation.ProxyTransactionManagementConfiguration.org.springframework.transaction.config.internalTransactionAdvisor()
2024-07-21T15:49:57.486+02:00 TRACE 248560 --- [crud-springboot] [           main] a.ConfigurationClassBeanDefinitionReader : Registering bean definition for @Bean method org.springframework.transaction.annotation.ProxyTransactionManagementConfiguration.transactionAttributeSource()
2024-07-21T15:49:57.487+02:00 TRACE 248560 --- [crud-springboot] [           main] a.ConfigurationClassBeanDefinitionReader : Registering bean definition for @Bean method org.springframework.transaction.annotation.ProxyTransactionManagementConfiguration.transactionInterceptor()
2024-07-21T15:49:57.488+02:00 TRACE 248560 --- [crud-springboot] [           main] a.ConfigurationClassBeanDefinitionReader : Registering bean definition for @Bean method org.springframework.transaction.annotation.ProxyTransactionManagementConfiguration.org.springframework.transaction.config.internalTransactionalEventListenerFactory()
2024-07-21T15:49:57.488+02:00 TRACE 248560 --- [crud-springboot] [           main] a.ConfigurationClassBeanDefinitionReader : Registered bean definition for imported class 'org.springframework.boot.autoconfigure.transaction.TransactionAutoConfiguration$EnableTransactionManagementConfiguration$CglibAutoProxyConfiguration'
2024-07-21T15:49:57.490+02:00 TRACE 248560 --- [crud-springboot] [           main] a.ConfigurationClassBeanDefinitionReader : Registered bean definition for imported class 'org.springframework.boot.autoconfigure.transaction.TransactionAutoConfiguration$EnableTransactionManagementConfiguration'
2024-07-21T15:49:57.497+02:00 TRACE 248560 --- [crud-springboot] [           main] o.s.b.a.condition.OnBeanCondition        : Condition OnBeanCondition on org.springframework.boot.autoconfigure.transaction.TransactionAutoConfiguration$TransactionTemplateConfiguration matched due to @ConditionalOnSingleCandidate (types: org.springframework.transaction.PlatformTransactionManager; SearchStrategy: all) found a single bean 'transactionManager'
2024-07-21T15:49:57.497+02:00 TRACE 248560 --- [crud-springboot] [           main] o.s.b.f.s.DefaultListableBeanFactory     : Returning cached instance of singleton bean 'autoConfigurationReport'
2024-07-21T15:49:57.497+02:00 TRACE 248560 --- [crud-springboot] [           main] a.ConfigurationClassBeanDefinitionReader : Registered bean definition for imported class 'org.springframework.boot.autoconfigure.transaction.TransactionAutoConfiguration$TransactionTemplateConfiguration'
2024-07-21T15:49:57.499+02:00 TRACE 248560 --- [crud-springboot] [           main] o.s.b.a.condition.OnBeanCondition        : Condition OnBeanCondition on org.springframework.boot.autoconfigure.transaction.TransactionAutoConfiguration$TransactionTemplateConfiguration#transactionTemplate matched due to @ConditionalOnMissingBean (types: org.springframework.transaction.support.TransactionOperations; SearchStrategy: all) did not find any beans
2024-07-21T15:49:57.500+02:00 TRACE 248560 --- [crud-springboot] [           main] o.s.b.f.s.DefaultListableBeanFactory     : Returning cached instance of singleton bean 'autoConfigurationReport'
2024-07-21T15:49:57.500+02:00 TRACE 248560 --- [crud-springboot] [           main] a.ConfigurationClassBeanDefinitionReader : Registering bean definition for @Bean method org.springframework.boot.autoconfigure.transaction.TransactionAutoConfiguration$TransactionTemplateConfiguration.transactionTemplate()
2024-07-21T15:49:57.500+02:00 TRACE 248560 --- [crud-springboot] [           main] a.ConfigurationClassBeanDefinitionReader : Registered bean definition for imported class 'org.springframework.boot.autoconfigure.transaction.TransactionAutoConfiguration'
2024-07-21T15:49:57.504+02:00 TRACE 248560 --- [crud-springboot] [           main] o.s.b.a.condition.OnBeanCondition        : Condition OnBeanCondition on org.springframework.boot.autoconfigure.transaction.TransactionAutoConfiguration#transactionalOperator did not match due to @ConditionalOnSingleCandidate (types: org.springframework.transaction.ReactiveTransactionManager; SearchStrategy: all) did not find any beans
2024-07-21T15:49:57.504+02:00 TRACE 248560 --- [crud-springboot] [           main] o.s.b.f.s.DefaultListableBeanFactory     : Returning cached instance of singleton bean 'autoConfigurationReport'
2024-07-21T15:49:57.505+02:00 TRACE 248560 --- [crud-springboot] [           main] o.s.b.a.condition.OnClassCondition       : Condition OnClassCondition on org.springframework.boot.autoconfigure.web.client.RestClientAutoConfiguration matched due to @ConditionalOnClass found required class 'org.springframework.web.client.RestClient'
2024-07-21T15:49:57.505+02:00 TRACE 248560 --- [crud-springboot] [           main] o.s.b.f.s.DefaultListableBeanFactory     : Returning cached instance of singleton bean 'autoConfigurationReport'
2024-07-21T15:49:57.505+02:00 TRACE 248560 --- [crud-springboot] [           main] a.ConfigurationClassBeanDefinitionReader : Registered bean definition for imported class 'org.springframework.boot.autoconfigure.web.client.RestClientAutoConfiguration'
2024-07-21T15:49:57.510+02:00 TRACE 248560 --- [crud-springboot] [           main] o.s.b.a.condition.OnBeanCondition        : Condition OnBeanCondition on org.springframework.boot.autoconfigure.web.client.RestClientAutoConfiguration#httpMessageConvertersRestClientCustomizer matched due to @ConditionalOnMissingBean (types: org.springframework.boot.autoconfigure.web.client.HttpMessageConvertersRestClientCustomizer; SearchStrategy: all) did not find any beans
2024-07-21T15:49:57.510+02:00 TRACE 248560 --- [crud-springboot] [           main] o.s.b.f.s.DefaultListableBeanFactory     : Returning cached instance of singleton bean 'autoConfigurationReport'
2024-07-21T15:49:57.510+02:00 TRACE 248560 --- [crud-springboot] [           main] a.ConfigurationClassBeanDefinitionReader : Registering bean definition for @Bean method org.springframework.boot.autoconfigure.web.client.RestClientAutoConfiguration.httpMessageConvertersRestClientCustomizer()
2024-07-21T15:49:57.513+02:00 TRACE 248560 --- [crud-springboot] [           main] o.s.b.a.condition.OnBeanCondition        : Condition OnBeanCondition on org.springframework.boot.autoconfigure.web.client.RestClientAutoConfiguration#restClientSsl matched due to @ConditionalOnBean (types: org.springframework.boot.ssl.SslBundles; SearchStrategy: all) found bean 'sslBundleRegistry'; @ConditionalOnMissingBean (types: org.springframework.boot.autoconfigure.web.client.RestClientSsl; SearchStrategy: all) did not find any beans
2024-07-21T15:49:57.513+02:00 TRACE 248560 --- [crud-springboot] [           main] o.s.b.f.s.DefaultListableBeanFactory     : Returning cached instance of singleton bean 'autoConfigurationReport'
2024-07-21T15:49:57.515+02:00 TRACE 248560 --- [crud-springboot] [           main] o.s.b.a.condition.OnBeanCondition        : Condition OnBeanCondition on org.springframework.boot.autoconfigure.web.client.RestClientAutoConfiguration#restClientSsl matched due to @ConditionalOnBean (types: org.springframework.boot.ssl.SslBundles; SearchStrategy: all) found bean 'sslBundleRegistry'; @ConditionalOnMissingBean (types: org.springframework.boot.autoconfigure.web.client.RestClientSsl; SearchStrategy: all) did not find any beans
2024-07-21T15:49:57.515+02:00 TRACE 248560 --- [crud-springboot] [           main] o.s.b.f.s.DefaultListableBeanFactory     : Returning cached instance of singleton bean 'autoConfigurationReport'
2024-07-21T15:49:57.516+02:00 TRACE 248560 --- [crud-springboot] [           main] a.ConfigurationClassBeanDefinitionReader : Registering bean definition for @Bean method org.springframework.boot.autoconfigure.web.client.RestClientAutoConfiguration.restClientSsl()
2024-07-21T15:49:57.518+02:00 TRACE 248560 --- [crud-springboot] [           main] o.s.b.a.condition.OnBeanCondition        : Condition OnBeanCondition on org.springframework.boot.autoconfigure.web.client.RestClientAutoConfiguration#restClientBuilderConfigurer matched due to @ConditionalOnMissingBean (types: org.springframework.boot.autoconfigure.web.client.RestClientBuilderConfigurer; SearchStrategy: all) did not find any beans
2024-07-21T15:49:57.519+02:00 TRACE 248560 --- [crud-springboot] [           main] o.s.b.f.s.DefaultListableBeanFactory     : Returning cached instance of singleton bean 'autoConfigurationReport'
2024-07-21T15:49:57.519+02:00 TRACE 248560 --- [crud-springboot] [           main] a.ConfigurationClassBeanDefinitionReader : Registering bean definition for @Bean method org.springframework.boot.autoconfigure.web.client.RestClientAutoConfiguration.restClientBuilderConfigurer()
2024-07-21T15:49:57.520+02:00 TRACE 248560 --- [crud-springboot] [           main] o.s.b.a.condition.OnBeanCondition        : Condition OnBeanCondition on org.springframework.boot.autoconfigure.web.client.RestClientAutoConfiguration#restClientBuilder matched due to @ConditionalOnMissingBean (types: org.springframework.web.client.RestClient$Builder; SearchStrategy: all) did not find any beans
2024-07-21T15:49:57.520+02:00 TRACE 248560 --- [crud-springboot] [           main] o.s.b.f.s.DefaultListableBeanFactory     : Returning cached instance of singleton bean 'autoConfigurationReport'
2024-07-21T15:49:57.520+02:00 TRACE 248560 --- [crud-springboot] [           main] a.ConfigurationClassBeanDefinitionReader : Registering bean definition for @Bean method org.springframework.boot.autoconfigure.web.client.RestClientAutoConfiguration.restClientBuilder()
2024-07-21T15:49:57.520+02:00 TRACE 248560 --- [crud-springboot] [           main] o.s.b.a.condition.OnClassCondition       : Condition OnClassCondition on org.springframework.boot.autoconfigure.web.client.RestTemplateAutoConfiguration matched due to @ConditionalOnClass found required class 'org.springframework.web.client.RestTemplate'
2024-07-21T15:49:57.520+02:00 TRACE 248560 --- [crud-springboot] [           main] o.s.b.f.s.DefaultListableBeanFactory     : Returning cached instance of singleton bean 'autoConfigurationReport'
2024-07-21T15:49:57.521+02:00 TRACE 248560 --- [crud-springboot] [           main] a.ConfigurationClassBeanDefinitionReader : Registered bean definition for imported class 'org.springframework.boot.autoconfigure.web.client.RestTemplateAutoConfiguration'
2024-07-21T15:49:57.521+02:00 TRACE 248560 --- [crud-springboot] [           main] a.ConfigurationClassBeanDefinitionReader : Registering bean definition for @Bean method org.springframework.boot.autoconfigure.web.client.RestTemplateAutoConfiguration.restTemplateBuilderConfigurer()
2024-07-21T15:49:57.524+02:00 TRACE 248560 --- [crud-springboot] [           main] o.s.b.a.condition.OnBeanCondition        : Condition OnBeanCondition on org.springframework.boot.autoconfigure.web.client.RestTemplateAutoConfiguration#restTemplateBuilder matched due to @ConditionalOnMissingBean (types: org.springframework.boot.web.client.RestTemplateBuilder; SearchStrategy: all) did not find any beans
2024-07-21T15:49:57.525+02:00 TRACE 248560 --- [crud-springboot] [           main] o.s.b.f.s.DefaultListableBeanFactory     : Returning cached instance of singleton bean 'autoConfigurationReport'
2024-07-21T15:49:57.525+02:00 TRACE 248560 --- [crud-springboot] [           main] a.ConfigurationClassBeanDefinitionReader : Registering bean definition for @Bean method org.springframework.boot.autoconfigure.web.client.RestTemplateAutoConfiguration.restTemplateBuilder()
2024-07-21T15:49:57.525+02:00 TRACE 248560 --- [crud-springboot] [           main] o.s.b.a.condition.OnClassCondition       : Condition OnClassCondition on org.springframework.boot.autoconfigure.web.servlet.HttpEncodingAutoConfiguration matched due to @ConditionalOnClass found required class 'org.springframework.web.filter.CharacterEncodingFilter'
2024-07-21T15:49:57.525+02:00 TRACE 248560 --- [crud-springboot] [           main] o.s.b.f.s.DefaultListableBeanFactory     : Returning cached instance of singleton bean 'autoConfigurationReport'
2024-07-21T15:49:57.525+02:00 TRACE 248560 --- [crud-springboot] [           main] o.s.b.a.c.OnWebApplicationCondition      : Condition OnWebApplicationCondition on org.springframework.boot.autoconfigure.web.servlet.HttpEncodingAutoConfiguration matched due to found 'session' scope
2024-07-21T15:49:57.525+02:00 TRACE 248560 --- [crud-springboot] [           main] o.s.b.f.s.DefaultListableBeanFactory     : Returning cached instance of singleton bean 'autoConfigurationReport'
2024-07-21T15:49:57.525+02:00 TRACE 248560 --- [crud-springboot] [           main] o.s.b.a.condition.OnPropertyCondition    : Condition OnPropertyCondition on org.springframework.boot.autoconfigure.web.servlet.HttpEncodingAutoConfiguration matched due to @ConditionalOnProperty (server.servlet.encoding.enabled) matched
2024-07-21T15:49:57.525+02:00 TRACE 248560 --- [crud-springboot] [           main] o.s.b.f.s.DefaultListableBeanFactory     : Returning cached instance of singleton bean 'autoConfigurationReport'
2024-07-21T15:49:57.526+02:00 TRACE 248560 --- [crud-springboot] [           main] a.ConfigurationClassBeanDefinitionReader : Registered bean definition for imported class 'org.springframework.boot.autoconfigure.web.servlet.HttpEncodingAutoConfiguration'
2024-07-21T15:49:57.528+02:00 TRACE 248560 --- [crud-springboot] [           main] o.s.b.a.condition.OnBeanCondition        : Condition OnBeanCondition on org.springframework.boot.autoconfigure.web.servlet.HttpEncodingAutoConfiguration#characterEncodingFilter matched due to @ConditionalOnMissingBean (types: org.springframework.web.filter.CharacterEncodingFilter; SearchStrategy: all) did not find any beans
2024-07-21T15:49:57.528+02:00 TRACE 248560 --- [crud-springboot] [           main] o.s.b.f.s.DefaultListableBeanFactory     : Returning cached instance of singleton bean 'autoConfigurationReport'
2024-07-21T15:49:57.528+02:00 TRACE 248560 --- [crud-springboot] [           main] a.ConfigurationClassBeanDefinitionReader : Registering bean definition for @Bean method org.springframework.boot.autoconfigure.web.servlet.HttpEncodingAutoConfiguration.characterEncodingFilter()
2024-07-21T15:49:57.528+02:00 TRACE 248560 --- [crud-springboot] [           main] a.ConfigurationClassBeanDefinitionReader : Registering bean definition for @Bean method org.springframework.boot.autoconfigure.web.servlet.HttpEncodingAutoConfiguration.localeCharsetMappingsCustomizer()
2024-07-21T15:49:57.529+02:00 TRACE 248560 --- [crud-springboot] [           main] o.s.b.a.condition.OnClassCondition       : Condition OnClassCondition on org.springframework.boot.autoconfigure.web.servlet.MultipartAutoConfiguration matched due to @ConditionalOnClass found required classes 'jakarta.servlet.Servlet', 'org.springframework.web.multipart.support.StandardServletMultipartResolver', 'jakarta.servlet.MultipartConfigElement'
2024-07-21T15:49:57.529+02:00 TRACE 248560 --- [crud-springboot] [           main] o.s.b.f.s.DefaultListableBeanFactory     : Returning cached instance of singleton bean 'autoConfigurationReport'
2024-07-21T15:49:57.529+02:00 TRACE 248560 --- [crud-springboot] [           main] o.s.b.a.c.OnWebApplicationCondition      : Condition OnWebApplicationCondition on org.springframework.boot.autoconfigure.web.servlet.MultipartAutoConfiguration matched due to found 'session' scope
2024-07-21T15:49:57.529+02:00 TRACE 248560 --- [crud-springboot] [           main] o.s.b.f.s.DefaultListableBeanFactory     : Returning cached instance of singleton bean 'autoConfigurationReport'
2024-07-21T15:49:57.529+02:00 TRACE 248560 --- [crud-springboot] [           main] o.s.b.a.condition.OnPropertyCondition    : Condition OnPropertyCondition on org.springframework.boot.autoconfigure.web.servlet.MultipartAutoConfiguration matched due to @ConditionalOnProperty (spring.servlet.multipart.enabled) matched
2024-07-21T15:49:57.529+02:00 TRACE 248560 --- [crud-springboot] [           main] o.s.b.f.s.DefaultListableBeanFactory     : Returning cached instance of singleton bean 'autoConfigurationReport'
2024-07-21T15:49:57.530+02:00 TRACE 248560 --- [crud-springboot] [           main] a.ConfigurationClassBeanDefinitionReader : Registered bean definition for imported class 'org.springframework.boot.autoconfigure.web.servlet.MultipartAutoConfiguration'
2024-07-21T15:49:57.533+02:00 TRACE 248560 --- [crud-springboot] [           main] o.s.b.a.condition.OnBeanCondition        : Condition OnBeanCondition on org.springframework.boot.autoconfigure.web.servlet.MultipartAutoConfiguration#multipartConfigElement matched due to @ConditionalOnMissingBean (types: jakarta.servlet.MultipartConfigElement; SearchStrategy: all) did not find any beans
2024-07-21T15:49:57.533+02:00 TRACE 248560 --- [crud-springboot] [           main] o.s.b.f.s.DefaultListableBeanFactory     : Returning cached instance of singleton bean 'autoConfigurationReport'
2024-07-21T15:49:57.533+02:00 TRACE 248560 --- [crud-springboot] [           main] a.ConfigurationClassBeanDefinitionReader : Registering bean definition for @Bean method org.springframework.boot.autoconfigure.web.servlet.MultipartAutoConfiguration.multipartConfigElement()
2024-07-21T15:49:57.535+02:00 TRACE 248560 --- [crud-springboot] [           main] o.s.b.a.condition.OnBeanCondition        : Condition OnBeanCondition on org.springframework.boot.autoconfigure.web.servlet.MultipartAutoConfiguration#multipartResolver matched due to @ConditionalOnMissingBean (types: org.springframework.web.multipart.MultipartResolver; SearchStrategy: all) did not find any beans
2024-07-21T15:49:57.535+02:00 TRACE 248560 --- [crud-springboot] [           main] o.s.b.f.s.DefaultListableBeanFactory     : Returning cached instance of singleton bean 'autoConfigurationReport'
2024-07-21T15:49:57.535+02:00 TRACE 248560 --- [crud-springboot] [           main] a.ConfigurationClassBeanDefinitionReader : Registering bean definition for @Bean method org.springframework.boot.autoconfigure.web.servlet.MultipartAutoConfiguration.multipartResolver()
2024-07-21T15:49:57.558+02:00 DEBUG 248560 --- [crud-springboot] [           main] o.s.b.f.s.DefaultListableBeanFactory     : Creating shared instance of singleton bean 'springSecurityHandlerMappingIntrospectorBeanDefinitionRegistryPostProcessor'
2024-07-21T15:49:57.558+02:00 TRACE 248560 --- [crud-springboot] [           main] o.s.b.f.s.DefaultListableBeanFactory     : Creating instance of bean 'springSecurityHandlerMappingIntrospectorBeanDefinitionRegistryPostProcessor'
2024-07-21T15:49:57.559+02:00 TRACE 248560 --- [crud-springboot] [           main] o.s.b.f.s.DefaultListableBeanFactory     : Finished creating instance of bean 'springSecurityHandlerMappingIntrospectorBeanDefinitionRegistryPostProcessor'
2024-07-21T15:49:57.704+02:00 TRACE 248560 --- [crud-springboot] [           main] o.s.c.a.ConfigurationClassEnhancer       : Successfully enhanced com.cwa.crudspringboot.CrudSpringbootApplication; enhanced class name is: com.cwa.crudspringboot.CrudSpringbootApplication$$SpringCGLIB$$0
2024-07-21T15:49:57.704+02:00 TRACE 248560 --- [crud-springboot] [           main] o.s.c.a.ConfigurationClassPostProcessor  : Replacing bean definition 'crudSpringbootApplication' existing class 'com.cwa.crudspringboot.CrudSpringbootApplication' with enhanced class 'com.cwa.crudspringboot.CrudSpringbootApplication$$SpringCGLIB$$0'
2024-07-21T15:49:57.740+02:00 TRACE 248560 --- [crud-springboot] [           main] o.s.c.a.ConfigurationClassEnhancer       : Successfully enhanced com.cwa.crudspringboot.configuration.SecurityConfig; enhanced class name is: com.cwa.crudspringboot.configuration.SecurityConfig$$SpringCGLIB$$0
2024-07-21T15:49:57.740+02:00 TRACE 248560 --- [crud-springboot] [           main] o.s.c.a.ConfigurationClassPostProcessor  : Replacing bean definition 'securityConfig' existing class 'com.cwa.crudspringboot.configuration.SecurityConfig' with enhanced class 'com.cwa.crudspringboot.configuration.SecurityConfig$$SpringCGLIB$$0'
2024-07-21T15:49:57.744+02:00 DEBUG 248560 --- [crud-springboot] [           main] o.s.b.f.s.DefaultListableBeanFactory     : Creating shared instance of singleton bean 'propertySourcesPlaceholderConfigurer'
2024-07-21T15:49:57.744+02:00 TRACE 248560 --- [crud-springboot] [           main] o.s.b.f.s.DefaultListableBeanFactory     : Creating instance of bean 'propertySourcesPlaceholderConfigurer'
2024-07-21T15:49:57.746+02:00 TRACE 248560 --- [crud-springboot] [           main] o.s.b.f.s.DefaultListableBeanFactory     : Finished creating instance of bean 'propertySourcesPlaceholderConfigurer'
2024-07-21T15:49:57.753+02:00 DEBUG 248560 --- [crud-springboot] [           main] o.s.b.f.s.DefaultListableBeanFactory     : Creating shared instance of singleton bean 'org.springframework.boot.test.mock.mockito.MockitoPostProcessor'
2024-07-21T15:49:57.753+02:00 TRACE 248560 --- [crud-springboot] [           main] o.s.b.f.s.DefaultListableBeanFactory     : Creating instance of bean 'org.springframework.boot.test.mock.mockito.MockitoPostProcessor'
2024-07-21T15:49:57.755+02:00 TRACE 248560 --- [crud-springboot] [           main] o.s.b.f.s.DefaultListableBeanFactory     : Finished creating instance of bean 'org.springframework.boot.test.mock.mockito.MockitoPostProcessor'
2024-07-21T15:49:57.756+02:00 DEBUG 248560 --- [crud-springboot] [           main] o.s.b.f.s.DefaultListableBeanFactory     : Creating shared instance of singleton bean 'emBeanDefinitionRegistrarPostProcessor'
2024-07-21T15:49:57.756+02:00 TRACE 248560 --- [crud-springboot] [           main] o.s.b.f.s.DefaultListableBeanFactory     : Creating instance of bean 'emBeanDefinitionRegistrarPostProcessor'
2024-07-21T15:49:57.756+02:00 TRACE 248560 --- [crud-springboot] [           main] o.s.b.f.s.DefaultListableBeanFactory     : Finished creating instance of bean 'emBeanDefinitionRegistrarPostProcessor'
2024-07-21T15:49:57.756+02:00 DEBUG 248560 --- [crud-springboot] [           main] o.s.b.f.s.DefaultListableBeanFactory     : Creating shared instance of singleton bean 'org.springframework.boot.sql.init.dependency.DatabaseInitializationDependencyConfigurer$DependsOnDatabaseInitializationPostProcessor'
2024-07-21T15:49:57.756+02:00 TRACE 248560 --- [crud-springboot] [           main] o.s.b.f.s.DefaultListableBeanFactory     : Creating instance of bean 'org.springframework.boot.sql.init.dependency.DatabaseInitializationDependencyConfigurer$DependsOnDatabaseInitializationPostProcessor'
2024-07-21T15:49:57.756+02:00 TRACE 248560 --- [crud-springboot] [           main] o.s.b.f.s.DefaultListableBeanFactory     : Finished creating instance of bean 'org.springframework.boot.sql.init.dependency.DatabaseInitializationDependencyConfigurer$DependsOnDatabaseInitializationPostProcessor'
2024-07-21T15:49:57.762+02:00 TRACE 248560 --- [crud-springboot] [           main] o.s.c.io.support.SpringFactoriesLoader   : Loaded [org.springframework.boot.sql.init.dependency.DatabaseInitializerDetector] names: [org.springframework.boot.flyway.FlywayDatabaseInitializerDetector, org.springframework.boot.jdbc.init.DataSourceScriptDatabaseInitializerDetector, org.springframework.boot.liquibase.LiquibaseDatabaseInitializerDetector, org.springframework.boot.orm.jpa.JpaDatabaseInitializerDetector, org.springframework.boot.r2dbc.init.R2dbcScriptDatabaseInitializerDetector, org.springframework.boot.autoconfigure.flyway.FlywayMigrationInitializerDatabaseInitializerDetector]
2024-07-21T15:49:57.770+02:00 TRACE 248560 --- [crud-springboot] [           main] o.s.c.io.support.SpringFactoriesLoader   : Loaded [org.springframework.boot.sql.init.dependency.DependsOnDatabaseInitializationDetector] names: [org.springframework.boot.sql.init.dependency.AnnotationDependsOnDatabaseInitializationDetector, org.springframework.boot.jdbc.SpringJdbcDependsOnDatabaseInitializationDetector, org.springframework.boot.jooq.JooqDependsOnDatabaseInitializationDetector, org.springframework.boot.orm.jpa.JpaDependsOnDatabaseInitializationDetector, org.springframework.boot.autoconfigure.batch.JobRepositoryDependsOnDatabaseInitializationDetector, org.springframework.boot.autoconfigure.quartz.SchedulerDependsOnDatabaseInitializationDetector, org.springframework.boot.autoconfigure.session.JdbcIndexedSessionRepositoryDependsOnDatabaseInitializationDetector]
2024-07-21T15:49:57.847+02:00 DEBUG 248560 --- [crud-springboot] [           main] o.s.b.f.s.DefaultListableBeanFactory     : Creating shared instance of singleton bean 'org.springframework.context.event.internalEventListenerProcessor'
2024-07-21T15:49:57.847+02:00 TRACE 248560 --- [crud-springboot] [           main] o.s.b.f.s.DefaultListableBeanFactory     : Creating instance of bean 'org.springframework.context.event.internalEventListenerProcessor'
2024-07-21T15:49:57.849+02:00 TRACE 248560 --- [crud-springboot] [           main] o.s.b.f.s.DefaultListableBeanFactory     : Finished creating instance of bean 'org.springframework.context.event.internalEventListenerProcessor'
2024-07-21T15:49:57.849+02:00 DEBUG 248560 --- [crud-springboot] [           main] o.s.b.f.s.DefaultListableBeanFactory     : Creating shared instance of singleton bean 'conversionServicePostProcessor'
2024-07-21T15:49:57.849+02:00 TRACE 248560 --- [crud-springboot] [           main] o.s.b.f.s.DefaultListableBeanFactory     : Creating instance of bean 'conversionServicePostProcessor'
2024-07-21T15:49:57.861+02:00 TRACE 248560 --- [crud-springboot] [           main] o.s.b.f.s.DefaultListableBeanFactory     : Finished creating instance of bean 'conversionServicePostProcessor'
2024-07-21T15:49:57.861+02:00 DEBUG 248560 --- [crud-springboot] [           main] o.s.b.f.s.DefaultListableBeanFactory     : Creating shared instance of singleton bean 'preserveErrorControllerTargetClassPostProcessor'
2024-07-21T15:49:57.862+02:00 TRACE 248560 --- [crud-springboot] [           main] o.s.b.f.s.DefaultListableBeanFactory     : Creating instance of bean 'preserveErrorControllerTargetClassPostProcessor'
2024-07-21T15:49:57.862+02:00 TRACE 248560 --- [crud-springboot] [           main] o.s.b.f.s.DefaultListableBeanFactory     : Finished creating instance of bean 'preserveErrorControllerTargetClassPostProcessor'
2024-07-21T15:49:57.863+02:00 DEBUG 248560 --- [crud-springboot] [           main] o.s.b.f.s.DefaultListableBeanFactory     : Creating shared instance of singleton bean 'org.springframework.context.event.internalEventListenerFactory'
2024-07-21T15:49:57.863+02:00 TRACE 248560 --- [crud-springboot] [           main] o.s.b.f.s.DefaultListableBeanFactory     : Creating instance of bean 'org.springframework.context.event.internalEventListenerFactory'
2024-07-21T15:49:57.863+02:00 TRACE 248560 --- [crud-springboot] [           main] o.s.b.f.s.DefaultListableBeanFactory     : Finished creating instance of bean 'org.springframework.context.event.internalEventListenerFactory'
2024-07-21T15:49:57.863+02:00 DEBUG 248560 --- [crud-springboot] [           main] o.s.b.f.s.DefaultListableBeanFactory     : Creating shared instance of singleton bean 'org.springframework.transaction.config.internalTransactionalEventListenerFactory'
2024-07-21T15:49:57.864+02:00 TRACE 248560 --- [crud-springboot] [           main] o.s.b.f.s.DefaultListableBeanFactory     : Creating instance of bean 'org.springframework.transaction.config.internalTransactionalEventListenerFactory'
2024-07-21T15:49:57.864+02:00 TRACE 248560 --- [crud-springboot] [           main] o.s.b.f.s.DefaultListableBeanFactory     : Finished creating instance of bean 'org.springframework.transaction.config.internalTransactionalEventListenerFactory'
2024-07-21T15:49:57.870+02:00 DEBUG 248560 --- [crud-springboot] [           main] o.s.b.f.s.DefaultListableBeanFactory     : Creating shared instance of singleton bean 'org.springframework.boot.test.mock.mockito.MockitoPostProcessor$SpyPostProcessor'
2024-07-21T15:49:57.871+02:00 TRACE 248560 --- [crud-springboot] [           main] o.s.b.f.s.DefaultListableBeanFactory     : Creating instance of bean 'org.springframework.boot.test.mock.mockito.MockitoPostProcessor$SpyPostProcessor'
2024-07-21T15:49:57.871+02:00 TRACE 248560 --- [crud-springboot] [           main] o.s.b.f.s.DefaultListableBeanFactory     : Returning cached instance of singleton bean 'org.springframework.boot.test.mock.mockito.MockitoPostProcessor'
2024-07-21T15:49:57.873+02:00 TRACE 248560 --- [crud-springboot] [           main] o.s.b.f.s.DefaultListableBeanFactory     : Finished creating instance of bean 'org.springframework.boot.test.mock.mockito.MockitoPostProcessor$SpyPostProcessor'
2024-07-21T15:49:57.873+02:00 DEBUG 248560 --- [crud-springboot] [           main] o.s.b.f.s.DefaultListableBeanFactory     : Creating shared instance of singleton bean 'org.springframework.context.annotation.internalAutowiredAnnotationProcessor'
2024-07-21T15:49:57.873+02:00 TRACE 248560 --- [crud-springboot] [           main] o.s.b.f.s.DefaultListableBeanFactory     : Creating instance of bean 'org.springframework.context.annotation.internalAutowiredAnnotationProcessor'
2024-07-21T15:49:57.875+02:00 TRACE 248560 --- [crud-springboot] [           main] f.a.AutowiredAnnotationBeanPostProcessor : 'jakarta.inject.Inject' annotation found and supported for autowiring
2024-07-21T15:49:57.875+02:00 TRACE 248560 --- [crud-springboot] [           main] o.s.b.f.s.DefaultListableBeanFactory     : Finished creating instance of bean 'org.springframework.context.annotation.internalAutowiredAnnotationProcessor'
2024-07-21T15:49:57.875+02:00 DEBUG 248560 --- [crud-springboot] [           main] o.s.b.f.s.DefaultListableBeanFactory     : Creating shared instance of singleton bean 'org.springframework.context.annotation.internalCommonAnnotationProcessor'
2024-07-21T15:49:57.875+02:00 TRACE 248560 --- [crud-springboot] [           main] o.s.b.f.s.DefaultListableBeanFactory     : Creating instance of bean 'org.springframework.context.annotation.internalCommonAnnotationProcessor'
2024-07-21T15:49:57.880+02:00 TRACE 248560 --- [crud-springboot] [           main] o.s.b.f.s.DefaultListableBeanFactory     : Finished creating instance of bean 'org.springframework.context.annotation.internalCommonAnnotationProcessor'
2024-07-21T15:49:57.880+02:00 DEBUG 248560 --- [crud-springboot] [           main] o.s.b.f.s.DefaultListableBeanFactory     : Creating shared instance of singleton bean 'org.springframework.context.annotation.internalPersistenceAnnotationProcessor'
2024-07-21T15:49:57.880+02:00 TRACE 248560 --- [crud-springboot] [           main] o.s.b.f.s.DefaultListableBeanFactory     : Creating instance of bean 'org.springframework.context.annotation.internalPersistenceAnnotationProcessor'
2024-07-21T15:49:57.881+02:00 TRACE 248560 --- [crud-springboot] [           main] o.s.b.f.s.DefaultListableBeanFactory     : Finished creating instance of bean 'org.springframework.context.annotation.internalPersistenceAnnotationProcessor'
2024-07-21T15:49:57.881+02:00 DEBUG 248560 --- [crud-springboot] [           main] o.s.b.f.s.DefaultListableBeanFactory     : Creating shared instance of singleton bean 'org.springframework.boot.context.properties.ConfigurationPropertiesBindingPostProcessor'
2024-07-21T15:49:57.881+02:00 TRACE 248560 --- [crud-springboot] [           main] o.s.b.f.s.DefaultListableBeanFactory     : Creating instance of bean 'org.springframework.boot.context.properties.ConfigurationPropertiesBindingPostProcessor'
2024-07-21T15:49:57.882+02:00 TRACE 248560 --- [crud-springboot] [           main] o.s.b.f.s.DefaultListableBeanFactory     : Invoking afterPropertiesSet() on bean with name 'org.springframework.boot.context.properties.ConfigurationPropertiesBindingPostProcessor'
2024-07-21T15:49:57.882+02:00 DEBUG 248560 --- [crud-springboot] [           main] o.s.b.f.s.DefaultListableBeanFactory     : Creating shared instance of singleton bean 'org.springframework.boot.context.internalConfigurationPropertiesBinder'
2024-07-21T15:49:57.882+02:00 TRACE 248560 --- [crud-springboot] [           main] o.s.b.f.s.DefaultListableBeanFactory     : Creating instance of bean 'org.springframework.boot.context.internalConfigurationPropertiesBinder'
2024-07-21T15:49:57.884+02:00 TRACE 248560 --- [crud-springboot] [           main] o.s.b.f.s.DefaultListableBeanFactory     : Returning cached instance of singleton bean 'propertySourcesPlaceholderConfigurer'
2024-07-21T15:49:57.886+02:00 TRACE 248560 --- [crud-springboot] [           main] o.s.b.f.s.DefaultListableBeanFactory     : Finished creating instance of bean 'org.springframework.boot.context.internalConfigurationPropertiesBinder'
2024-07-21T15:49:57.886+02:00 TRACE 248560 --- [crud-springboot] [           main] o.s.b.f.s.DefaultListableBeanFactory     : Finished creating instance of bean 'org.springframework.boot.context.properties.ConfigurationPropertiesBindingPostProcessor'
2024-07-21T15:49:57.886+02:00 DEBUG 248560 --- [crud-springboot] [           main] o.s.b.f.s.DefaultListableBeanFactory     : Creating shared instance of singleton bean 'jdbcConnectionDetailsHikariBeanPostProcessor'
2024-07-21T15:49:57.886+02:00 TRACE 248560 --- [crud-springboot] [           main] o.s.b.f.s.DefaultListableBeanFactory     : Creating instance of bean 'jdbcConnectionDetailsHikariBeanPostProcessor'
2024-07-21T15:49:57.889+02:00 TRACE 248560 --- [crud-springboot] [           main] o.s.b.f.s.DefaultListableBeanFactory     : Finished creating instance of bean 'jdbcConnectionDetailsHikariBeanPostProcessor'
2024-07-21T15:49:57.889+02:00 TRACE 248560 --- [crud-springboot] [           main] o.s.b.f.s.DefaultListableBeanFactory     : Returning cached instance of singleton bean 'org.springframework.boot.test.mock.mockito.MockitoPostProcessor'
2024-07-21T15:49:57.889+02:00 DEBUG 248560 --- [crud-springboot] [           main] o.s.b.f.s.DefaultListableBeanFactory     : Creating shared instance of singleton bean 'org.springframework.aop.config.internalAutoProxyCreator'
2024-07-21T15:49:57.889+02:00 TRACE 248560 --- [crud-springboot] [           main] o.s.b.f.s.DefaultListableBeanFactory     : Creating instance of bean 'org.springframework.aop.config.internalAutoProxyCreator'
2024-07-21T15:49:57.904+02:00 TRACE 248560 --- [crud-springboot] [           main] o.s.beans.CachedIntrospectionResults     : Getting BeanInfo for class [org.springframework.aop.aspectj.annotation.AnnotationAwareAspectJAutoProxyCreator]
2024-07-21T15:49:57.904+02:00 TRACE 248560 --- [crud-springboot] [           main] o.s.beans.CachedIntrospectionResults     : Caching PropertyDescriptors for class [org.springframework.aop.aspectj.annotation.AnnotationAwareAspectJAutoProxyCreator]
2024-07-21T15:49:57.904+02:00 TRACE 248560 --- [crud-springboot] [           main] o.s.beans.CachedIntrospectionResults     : Found bean property 'advisorAdapterRegistry' of type [org.springframework.aop.framework.adapter.AdvisorAdapterRegistry]
2024-07-21T15:49:57.904+02:00 TRACE 248560 --- [crud-springboot] [           main] o.s.beans.CachedIntrospectionResults     : Found bean property 'applyCommonInterceptorsFirst' of type [boolean]
2024-07-21T15:49:57.904+02:00 TRACE 248560 --- [crud-springboot] [           main] o.s.beans.CachedIntrospectionResults     : Found bean property 'aspectJAdvisorFactory' of type [org.springframework.aop.aspectj.annotation.AspectJAdvisorFactory]
2024-07-21T15:49:57.904+02:00 TRACE 248560 --- [crud-springboot] [           main] o.s.beans.CachedIntrospectionResults     : Found bean property 'beanClassLoader' of type [java.lang.ClassLoader]
2024-07-21T15:49:57.904+02:00 TRACE 248560 --- [crud-springboot] [           main] o.s.beans.CachedIntrospectionResults     : Found bean property 'beanFactory' of type [org.springframework.beans.factory.BeanFactory]
2024-07-21T15:49:57.905+02:00 TRACE 248560 --- [crud-springboot] [           main] o.s.beans.CachedIntrospectionResults     : Found bean property 'class' of type [java.lang.Class]
2024-07-21T15:49:57.905+02:00 TRACE 248560 --- [crud-springboot] [           main] o.s.beans.CachedIntrospectionResults     : Found bean property 'customTargetSourceCreators' of type [[Lorg.springframework.aop.framework.autoproxy.TargetSourceCreator;]
2024-07-21T15:49:57.905+02:00 TRACE 248560 --- [crud-springboot] [           main] o.s.beans.CachedIntrospectionResults     : Found bean property 'exposeProxy' of type [boolean]
2024-07-21T15:49:57.905+02:00 TRACE 248560 --- [crud-springboot] [           main] o.s.beans.CachedIntrospectionResults     : Found bean property 'frozen' of type [boolean]
2024-07-21T15:49:57.905+02:00 TRACE 248560 --- [crud-springboot] [           main] o.s.beans.CachedIntrospectionResults     : Found bean property 'includePatterns' of type [java.util.List]
2024-07-21T15:49:57.905+02:00 TRACE 248560 --- [crud-springboot] [           main] o.s.beans.CachedIntrospectionResults     : Found bean property 'interceptorNames' of type [[Ljava.lang.String;]
2024-07-21T15:49:57.905+02:00 TRACE 248560 --- [crud-springboot] [           main] o.s.beans.CachedIntrospectionResults     : Found bean property 'opaque' of type [boolean]
2024-07-21T15:49:57.905+02:00 TRACE 248560 --- [crud-springboot] [           main] o.s.beans.CachedIntrospectionResults     : Found bean property 'optimize' of type [boolean]
2024-07-21T15:49:57.906+02:00 TRACE 248560 --- [crud-springboot] [           main] o.s.beans.CachedIntrospectionResults     : Found bean property 'order' of type [int]
2024-07-21T15:49:57.906+02:00 TRACE 248560 --- [crud-springboot] [           main] o.s.beans.CachedIntrospectionResults     : Found bean property 'proxyClassLoader' of type [java.lang.ClassLoader]
2024-07-21T15:49:57.906+02:00 TRACE 248560 --- [crud-springboot] [           main] o.s.beans.CachedIntrospectionResults     : Found bean property 'proxyTargetClass' of type [boolean]
2024-07-21T15:49:57.932+02:00 TRACE 248560 --- [crud-springboot] [           main] o.s.b.f.s.DefaultListableBeanFactory     : Finished creating instance of bean 'org.springframework.aop.config.internalAutoProxyCreator'
2024-07-21T15:49:57.932+02:00 DEBUG 248560 --- [crud-springboot] [           main] o.s.b.f.s.DefaultListableBeanFactory     : Creating shared instance of singleton bean 'persistenceExceptionTranslationPostProcessor'
2024-07-21T15:49:57.932+02:00 TRACE 248560 --- [crud-springboot] [           main] o.s.b.f.s.DefaultListableBeanFactory     : Creating instance of bean 'persistenceExceptionTranslationPostProcessor'
2024-07-21T15:49:57.950+02:00 TRACE 248560 --- [crud-springboot] [           main] o.s.beans.TypeConverterDelegate          : Converting String to [class java.lang.Class] using property editor [org.springframework.beans.propertyeditors.ClassEditor@7eb200ce]
2024-07-21T15:49:57.958+02:00 TRACE 248560 --- [crud-springboot] [           main] o.s.beans.TypeConverterDelegate          : Converting String to [class java.lang.Class] using property editor [org.springframework.beans.propertyeditors.ClassEditor@4f2d995e]
2024-07-21T15:49:57.959+02:00 TRACE 248560 --- [crud-springboot] [           main] o.s.beans.TypeConverterDelegate          : Converting String to [class java.lang.Class] using property editor [org.springframework.beans.propertyeditors.ClassEditor@6d099323]
2024-07-21T15:49:57.961+02:00 TRACE 248560 --- [crud-springboot] [           main] o.s.beans.TypeConverterDelegate          : Converting String to [class java.lang.Class] using property editor [org.springframework.beans.propertyeditors.ClassEditor@3667faa8]
2024-07-21T15:49:57.962+02:00 TRACE 248560 --- [crud-springboot] [           main] o.s.beans.TypeConverterDelegate          : Converting String to [class java.lang.Class] using property editor [org.springframework.beans.propertyeditors.ClassEditor@27df95e]
2024-07-21T15:49:57.964+02:00 TRACE 248560 --- [crud-springboot] [           main] o.s.beans.TypeConverterDelegate          : Converting String to [class java.lang.Class] using property editor [org.springframework.beans.propertyeditors.ClassEditor@5eea5627]
2024-07-21T15:49:57.965+02:00 TRACE 248560 --- [crud-springboot] [           main] o.s.beans.TypeConverterDelegate          : Converting String to [class java.lang.Class] using property editor [org.springframework.beans.propertyeditors.ClassEditor@506aabf6]
2024-07-21T15:49:57.967+02:00 TRACE 248560 --- [crud-springboot] [           main] o.s.b.f.s.DefaultListableBeanFactory     : Returning cached instance of singleton bean 'environment'
2024-07-21T15:49:57.967+02:00 DEBUG 248560 --- [crud-springboot] [           main] o.s.b.f.s.DefaultListableBeanFactory     : Autowiring by type from bean name 'persistenceExceptionTranslationPostProcessor' via factory method to bean named 'environment'
2024-07-21T15:49:57.973+02:00 TRACE 248560 --- [crud-springboot] [           main] o.s.b.f.s.DefaultListableBeanFactory     : Finished creating instance of bean 'persistenceExceptionTranslationPostProcessor'
2024-07-21T15:49:57.973+02:00 DEBUG 248560 --- [crud-springboot] [           main] o.s.b.f.s.DefaultListableBeanFactory     : Creating shared instance of singleton bean 'webServerFactoryCustomizerBeanPostProcessor'
2024-07-21T15:49:57.973+02:00 TRACE 248560 --- [crud-springboot] [           main] o.s.b.f.s.DefaultListableBeanFactory     : Creating instance of bean 'webServerFactoryCustomizerBeanPostProcessor'
2024-07-21T15:49:57.975+02:00 TRACE 248560 --- [crud-springboot] [           main] o.s.b.f.s.DefaultListableBeanFactory     : Finished creating instance of bean 'webServerFactoryCustomizerBeanPostProcessor'
2024-07-21T15:49:57.975+02:00 DEBUG 248560 --- [crud-springboot] [           main] o.s.b.f.s.DefaultListableBeanFactory     : Creating shared instance of singleton bean 'errorPageRegistrarBeanPostProcessor'
2024-07-21T15:49:57.975+02:00 TRACE 248560 --- [crud-springboot] [           main] o.s.b.f.s.DefaultListableBeanFactory     : Creating instance of bean 'errorPageRegistrarBeanPostProcessor'
2024-07-21T15:49:57.975+02:00 TRACE 248560 --- [crud-springboot] [           main] o.s.b.f.s.DefaultListableBeanFactory     : Finished creating instance of bean 'errorPageRegistrarBeanPostProcessor'
2024-07-21T15:49:57.976+02:00 DEBUG 248560 --- [crud-springboot] [           main] o.s.b.f.s.DefaultListableBeanFactory     : Creating shared instance of singleton bean 'projectingArgumentResolverBeanPostProcessor'
2024-07-21T15:49:57.976+02:00 TRACE 248560 --- [crud-springboot] [           main] o.s.b.f.s.DefaultListableBeanFactory     : Creating instance of bean 'projectingArgumentResolverBeanPostProcessor'
2024-07-21T15:49:57.978+02:00 DEBUG 248560 --- [crud-springboot] [           main] o.s.b.f.s.DefaultListableBeanFactory     : Creating shared instance of singleton bean 'org.springframework.transaction.config.internalTransactionAdvisor'
2024-07-21T15:49:57.978+02:00 TRACE 248560 --- [crud-springboot] [           main] o.s.b.f.s.DefaultListableBeanFactory     : Creating instance of bean 'org.springframework.transaction.config.internalTransactionAdvisor'
2024-07-21T15:49:57.979+02:00 TRACE 248560 --- [crud-springboot] [           main] a.AnnotationAwareAspectJAutoProxyCreator : Did not attempt to auto-proxy infrastructure class [org.springframework.transaction.interceptor.BeanFactoryTransactionAttributeSourceAdvisor]
2024-07-21T15:49:57.979+02:00 DEBUG 248560 --- [crud-springboot] [           main] o.s.b.f.s.DefaultListableBeanFactory     : Creating shared instance of singleton bean 'org.springframework.transaction.annotation.ProxyTransactionManagementConfiguration'
2024-07-21T15:49:57.979+02:00 TRACE 248560 --- [crud-springboot] [           main] o.s.b.f.s.DefaultListableBeanFactory     : Creating instance of bean 'org.springframework.transaction.annotation.ProxyTransactionManagementConfiguration'
2024-07-21T15:49:57.979+02:00 TRACE 248560 --- [crud-springboot] [           main] .a.f.a.BeanFactoryAdvisorRetrievalHelper : Skipping currently created advisor 'org.springframework.transaction.config.internalTransactionAdvisor'
2024-07-21T15:49:57.991+02:00 TRACE 248560 --- [crud-springboot] [           main] o.s.beans.CachedIntrospectionResults     : Getting BeanInfo for class [org.springframework.transaction.annotation.ProxyTransactionManagementConfiguration]
2024-07-21T15:49:57.991+02:00 TRACE 248560 --- [crud-springboot] [           main] o.s.beans.CachedIntrospectionResults     : Caching PropertyDescriptors for class [org.springframework.transaction.annotation.ProxyTransactionManagementConfiguration]
2024-07-21T15:49:57.991+02:00 TRACE 248560 --- [crud-springboot] [           main] o.s.beans.CachedIntrospectionResults     : Found bean property 'class' of type [java.lang.Class]
2024-07-21T15:49:57.991+02:00 TRACE 248560 --- [crud-springboot] [           main] o.s.beans.CachedIntrospectionResults     : Found bean property 'importMetadata' of type [org.springframework.core.type.AnnotationMetadata]
2024-07-21T15:49:57.998+02:00 TRACE 248560 --- [crud-springboot] [           main] o.s.b.f.s.DefaultListableBeanFactory     : Returning cached instance of singleton bean 'org.springframework.context.annotation.ConfigurationClassPostProcessor.importRegistry'
2024-07-21T15:49:57.999+02:00 TRACE 248560 --- [crud-springboot] [           main] .a.f.a.BeanFactoryAdvisorRetrievalHelper : Skipping currently created advisor 'org.springframework.transaction.config.internalTransactionAdvisor'
2024-07-21T15:49:57.999+02:00 TRACE 248560 --- [crud-springboot] [           main] .a.f.a.BeanFactoryAdvisorRetrievalHelper : Skipping currently created advisor 'org.springframework.transaction.config.internalTransactionAdvisor'
2024-07-21T15:49:58.001+02:00 TRACE 248560 --- [crud-springboot] [           main] o.s.b.f.s.DefaultListableBeanFactory     : Finished creating instance of bean 'org.springframework.transaction.annotation.ProxyTransactionManagementConfiguration'
2024-07-21T15:49:58.003+02:00 DEBUG 248560 --- [crud-springboot] [           main] o.s.b.f.s.DefaultListableBeanFactory     : Creating shared instance of singleton bean 'transactionAttributeSource'
2024-07-21T15:49:58.003+02:00 TRACE 248560 --- [crud-springboot] [           main] o.s.b.f.s.DefaultListableBeanFactory     : Creating instance of bean 'transactionAttributeSource'
2024-07-21T15:49:58.003+02:00 TRACE 248560 --- [crud-springboot] [           main] .a.f.a.BeanFactoryAdvisorRetrievalHelper : Skipping currently created advisor 'org.springframework.transaction.config.internalTransactionAdvisor'
2024-07-21T15:49:58.003+02:00 TRACE 248560 --- [crud-springboot] [           main] o.s.b.f.s.DefaultListableBeanFactory     : Returning cached instance of singleton bean 'org.springframework.transaction.annotation.ProxyTransactionManagementConfiguration'
2024-07-21T15:49:58.004+02:00 TRACE 248560 --- [crud-springboot] [           main] .a.f.a.BeanFactoryAdvisorRetrievalHelper : Skipping currently created advisor 'org.springframework.transaction.config.internalTransactionAdvisor'
2024-07-21T15:49:58.004+02:00 TRACE 248560 --- [crud-springboot] [           main] .a.f.a.BeanFactoryAdvisorRetrievalHelper : Skipping currently created advisor 'org.springframework.transaction.config.internalTransactionAdvisor'
2024-07-21T15:49:58.005+02:00 TRACE 248560 --- [crud-springboot] [           main] o.s.b.f.s.DefaultListableBeanFactory     : Finished creating instance of bean 'transactionAttributeSource'
2024-07-21T15:49:58.006+02:00 DEBUG 248560 --- [crud-springboot] [           main] o.s.b.f.s.DefaultListableBeanFactory     : Creating shared instance of singleton bean 'transactionInterceptor'
2024-07-21T15:49:58.006+02:00 TRACE 248560 --- [crud-springboot] [           main] o.s.b.f.s.DefaultListableBeanFactory     : Creating instance of bean 'transactionInterceptor'
2024-07-21T15:49:58.006+02:00 TRACE 248560 --- [crud-springboot] [           main] a.AnnotationAwareAspectJAutoProxyCreator : Did not attempt to auto-proxy infrastructure class [org.springframework.transaction.interceptor.TransactionInterceptor]
2024-07-21T15:49:58.006+02:00 TRACE 248560 --- [crud-springboot] [           main] o.s.b.f.s.DefaultListableBeanFactory     : Returning cached instance of singleton bean 'org.springframework.transaction.annotation.ProxyTransactionManagementConfiguration'
2024-07-21T15:49:58.007+02:00 TRACE 248560 --- [crud-springboot] [           main] o.s.b.f.s.DefaultListableBeanFactory     : Returning cached instance of singleton bean 'transactionAttributeSource'
2024-07-21T15:49:58.007+02:00 DEBUG 248560 --- [crud-springboot] [           main] o.s.b.f.s.DefaultListableBeanFactory     : Autowiring by type from bean name 'transactionInterceptor' via factory method to bean named 'transactionAttributeSource'
2024-07-21T15:49:58.016+02:00 TRACE 248560 --- [crud-springboot] [           main] o.s.b.f.s.DefaultListableBeanFactory     : Invoking afterPropertiesSet() on bean with name 'transactionInterceptor'
2024-07-21T15:49:58.017+02:00 TRACE 248560 --- [crud-springboot] [           main] o.s.b.f.s.DefaultListableBeanFactory     : Finished creating instance of bean 'transactionInterceptor'
2024-07-21T15:49:58.017+02:00 DEBUG 248560 --- [crud-springboot] [           main] o.s.b.f.s.DefaultListableBeanFactory     : Autowiring by type from bean name 'org.springframework.transaction.config.internalTransactionAdvisor' via factory method to bean named 'transactionAttributeSource'
2024-07-21T15:49:58.017+02:00 DEBUG 248560 --- [crud-springboot] [           main] o.s.b.f.s.DefaultListableBeanFactory     : Autowiring by type from bean name 'org.springframework.transaction.config.internalTransactionAdvisor' via factory method to bean named 'transactionInterceptor'
2024-07-21T15:49:58.023+02:00 TRACE 248560 --- [crud-springboot] [           main] o.s.b.f.s.DefaultListableBeanFactory     : Finished creating instance of bean 'org.springframework.transaction.config.internalTransactionAdvisor'
2024-07-21T15:49:58.048+02:00 TRACE 248560 --- [crud-springboot] [           main] o.s.b.f.s.DefaultListableBeanFactory     : Returning cached instance of singleton bean 'org.springframework.transaction.config.internalTransactionAdvisor'
2024-07-21T15:49:58.048+02:00 TRACE 248560 --- [crud-springboot] [           main] o.s.b.f.s.DefaultListableBeanFactory     : Returning cached instance of singleton bean 'org.springframework.transaction.config.internalTransactionAdvisor'
2024-07-21T15:49:58.053+02:00 TRACE 248560 --- [crud-springboot] [           main] o.s.b.f.s.DefaultListableBeanFactory     : Finished creating instance of bean 'projectingArgumentResolverBeanPostProcessor'
2024-07-21T15:49:58.053+02:00 TRACE 248560 --- [crud-springboot] [           main] o.s.b.f.s.DefaultListableBeanFactory     : Returning cached instance of singleton bean 'org.springframework.boot.test.autoconfigure.properties.PropertyMappingContextCustomizer$PropertyMappingCheckBeanPostProcessor'
2024-07-21T15:49:58.056+02:00 TRACE 248560 --- [crud-springboot] [           main] o.s.w.c.s.GenericWebApplicationContext   : No 'messageSource' bean, using [Empty MessageSource]
2024-07-21T15:49:58.056+02:00 TRACE 248560 --- [crud-springboot] [           main] o.s.w.c.s.GenericWebApplicationContext   : No 'applicationEventMulticaster' bean, using [SimpleApplicationEventMulticaster]
2024-07-21T15:49:58.057+02:00 DEBUG 248560 --- [crud-springboot] [           main] o.s.u.c.s.UiApplicationContextUtils      : Unable to locate ThemeSource with name 'themeSource': using default [org.springframework.ui.context.support.ResourceBundleThemeSource@3ff54f3d]
2024-07-21T15:49:58.059+02:00 DEBUG 248560 --- [crud-springboot] [           main] o.s.b.f.s.DefaultListableBeanFactory     : Creating shared instance of singleton bean 'dataSourceScriptDatabaseInitializer'
2024-07-21T15:49:58.059+02:00 TRACE 248560 --- [crud-springboot] [           main] o.s.b.f.s.DefaultListableBeanFactory     : Creating instance of bean 'dataSourceScriptDatabaseInitializer'
2024-07-21T15:49:58.059+02:00 TRACE 248560 --- [crud-springboot] [           main] o.s.b.f.s.DefaultListableBeanFactory     : Returning cached instance of singleton bean 'org.springframework.transaction.config.internalTransactionAdvisor'
2024-07-21T15:49:58.059+02:00 DEBUG 248560 --- [crud-springboot] [           main] o.s.b.f.s.DefaultListableBeanFactory     : Creating shared instance of singleton bean 'org.springframework.boot.autoconfigure.sql.init.DataSourceInitializationConfiguration'
2024-07-21T15:49:58.059+02:00 TRACE 248560 --- [crud-springboot] [           main] o.s.b.f.s.DefaultListableBeanFactory     : Creating instance of bean 'org.springframework.boot.autoconfigure.sql.init.DataSourceInitializationConfiguration'
2024-07-21T15:49:58.059+02:00 TRACE 248560 --- [crud-springboot] [           main] o.s.b.f.s.DefaultListableBeanFactory     : Returning cached instance of singleton bean 'org.springframework.transaction.config.internalTransactionAdvisor'
2024-07-21T15:49:58.061+02:00 TRACE 248560 --- [crud-springboot] [           main] o.s.b.f.s.DefaultListableBeanFactory     : Returning cached instance of singleton bean 'org.springframework.transaction.config.internalTransactionAdvisor'
2024-07-21T15:49:58.061+02:00 TRACE 248560 --- [crud-springboot] [           main] o.s.b.f.s.DefaultListableBeanFactory     : Returning cached instance of singleton bean 'org.springframework.transaction.config.internalTransactionAdvisor'
2024-07-21T15:49:58.062+02:00 TRACE 248560 --- [crud-springboot] [           main] o.s.b.f.s.DefaultListableBeanFactory     : Finished creating instance of bean 'org.springframework.boot.autoconfigure.sql.init.DataSourceInitializationConfiguration'
2024-07-21T15:49:58.062+02:00 DEBUG 248560 --- [crud-springboot] [           main] o.s.b.f.s.DefaultListableBeanFactory     : Creating shared instance of singleton bean 'dataSource'
2024-07-21T15:49:58.062+02:00 TRACE 248560 --- [crud-springboot] [           main] o.s.b.f.s.DefaultListableBeanFactory     : Creating instance of bean 'dataSource'
2024-07-21T15:49:58.062+02:00 TRACE 248560 --- [crud-springboot] [           main] o.s.b.f.s.DefaultListableBeanFactory     : Returning cached instance of singleton bean 'org.springframework.transaction.config.internalTransactionAdvisor'
2024-07-21T15:49:58.063+02:00 DEBUG 248560 --- [crud-springboot] [           main] o.s.b.f.s.DefaultListableBeanFactory     : Creating shared instance of singleton bean 'org.springframework.boot.autoconfigure.jdbc.DataSourceConfiguration$Hikari'
2024-07-21T15:49:58.063+02:00 TRACE 248560 --- [crud-springboot] [           main] o.s.b.f.s.DefaultListableBeanFactory     : Creating instance of bean 'org.springframework.boot.autoconfigure.jdbc.DataSourceConfiguration$Hikari'
2024-07-21T15:49:58.063+02:00 TRACE 248560 --- [crud-springboot] [           main] o.s.b.f.s.DefaultListableBeanFactory     : Returning cached instance of singleton bean 'org.springframework.transaction.config.internalTransactionAdvisor'
2024-07-21T15:49:58.063+02:00 TRACE 248560 --- [crud-springboot] [           main] o.s.b.f.s.DefaultListableBeanFactory     : Returning cached instance of singleton bean 'org.springframework.transaction.config.internalTransactionAdvisor'
2024-07-21T15:49:58.063+02:00 TRACE 248560 --- [crud-springboot] [           main] o.s.b.f.s.DefaultListableBeanFactory     : Returning cached instance of singleton bean 'org.springframework.transaction.config.internalTransactionAdvisor'
2024-07-21T15:49:58.064+02:00 TRACE 248560 --- [crud-springboot] [           main] o.s.b.f.s.DefaultListableBeanFactory     : Finished creating instance of bean 'org.springframework.boot.autoconfigure.jdbc.DataSourceConfiguration$Hikari'
2024-07-21T15:49:58.065+02:00 DEBUG 248560 --- [crud-springboot] [           main] o.s.b.f.s.DefaultListableBeanFactory     : Creating shared instance of singleton bean 'spring.datasource-org.springframework.boot.autoconfigure.jdbc.DataSourceProperties'
2024-07-21T15:49:58.065+02:00 TRACE 248560 --- [crud-springboot] [           main] o.s.b.f.s.DefaultListableBeanFactory     : Creating instance of bean 'spring.datasource-org.springframework.boot.autoconfigure.jdbc.DataSourceProperties'
2024-07-21T15:49:58.065+02:00 TRACE 248560 --- [crud-springboot] [           main] o.s.b.f.s.DefaultListableBeanFactory     : Returning cached instance of singleton bean 'org.springframework.transaction.config.internalTransactionAdvisor'
2024-07-21T15:49:58.067+02:00 DEBUG 248560 --- [crud-springboot] [           main] o.s.b.f.s.DefaultListableBeanFactory     : Creating shared instance of singleton bean 'org.springframework.boot.context.properties.BoundConfigurationProperties'
2024-07-21T15:49:58.067+02:00 TRACE 248560 --- [crud-springboot] [           main] o.s.b.f.s.DefaultListableBeanFactory     : Creating instance of bean 'org.springframework.boot.context.properties.BoundConfigurationProperties'
2024-07-21T15:49:58.067+02:00 TRACE 248560 --- [crud-springboot] [           main] o.s.b.f.s.DefaultListableBeanFactory     : Returning cached instance of singleton bean 'org.springframework.transaction.config.internalTransactionAdvisor'
2024-07-21T15:49:58.068+02:00 TRACE 248560 --- [crud-springboot] [           main] o.s.b.f.s.DefaultListableBeanFactory     : Returning cached instance of singleton bean 'org.springframework.transaction.config.internalTransactionAdvisor'
2024-07-21T15:49:58.068+02:00 TRACE 248560 --- [crud-springboot] [           main] o.s.b.f.s.DefaultListableBeanFactory     : Returning cached instance of singleton bean 'org.springframework.transaction.config.internalTransactionAdvisor'
2024-07-21T15:49:58.068+02:00 TRACE 248560 --- [crud-springboot] [           main] o.s.b.f.s.DefaultListableBeanFactory     : Finished creating instance of bean 'org.springframework.boot.context.properties.BoundConfigurationProperties'
2024-07-21T15:49:58.107+02:00 TRACE 248560 --- [crud-springboot] [           main] o.s.b.f.s.DefaultListableBeanFactory     : Invoking afterPropertiesSet() on bean with name 'spring.datasource-org.springframework.boot.autoconfigure.jdbc.DataSourceProperties'
2024-07-21T15:49:58.112+02:00 TRACE 248560 --- [crud-springboot] [           main] o.s.b.f.s.DefaultListableBeanFactory     : Returning cached instance of singleton bean 'org.springframework.transaction.config.internalTransactionAdvisor'
2024-07-21T15:49:58.112+02:00 TRACE 248560 --- [crud-springboot] [           main] o.s.b.f.s.DefaultListableBeanFactory     : Returning cached instance of singleton bean 'org.springframework.transaction.config.internalTransactionAdvisor'
2024-07-21T15:49:58.115+02:00 TRACE 248560 --- [crud-springboot] [           main] o.s.b.f.s.DefaultListableBeanFactory     : Finished creating instance of bean 'spring.datasource-org.springframework.boot.autoconfigure.jdbc.DataSourceProperties'
2024-07-21T15:49:58.117+02:00 DEBUG 248560 --- [crud-springboot] [           main] o.s.b.f.s.DefaultListableBeanFactory     : Creating shared instance of singleton bean 'jdbcConnectionDetails'
2024-07-21T15:49:58.117+02:00 TRACE 248560 --- [crud-springboot] [           main] o.s.b.f.s.DefaultListableBeanFactory     : Creating instance of bean 'jdbcConnectionDetails'
2024-07-21T15:49:58.117+02:00 TRACE 248560 --- [crud-springboot] [           main] o.s.b.f.s.DefaultListableBeanFactory     : Returning cached instance of singleton bean 'org.springframework.transaction.config.internalTransactionAdvisor'
2024-07-21T15:49:58.117+02:00 DEBUG 248560 --- [crud-springboot] [           main] o.s.b.f.s.DefaultListableBeanFactory     : Creating shared instance of singleton bean 'org.springframework.boot.autoconfigure.jdbc.DataSourceAutoConfiguration$PooledDataSourceConfiguration'
2024-07-21T15:49:58.117+02:00 TRACE 248560 --- [crud-springboot] [           main] o.s.b.f.s.DefaultListableBeanFactory     : Creating instance of bean 'org.springframework.boot.autoconfigure.jdbc.DataSourceAutoConfiguration$PooledDataSourceConfiguration'
2024-07-21T15:49:58.117+02:00 TRACE 248560 --- [crud-springboot] [           main] o.s.b.f.s.DefaultListableBeanFactory     : Returning cached instance of singleton bean 'org.springframework.transaction.config.internalTransactionAdvisor'
2024-07-21T15:49:58.118+02:00 TRACE 248560 --- [crud-springboot] [           main] o.s.b.f.s.DefaultListableBeanFactory     : Returning cached instance of singleton bean 'org.springframework.transaction.config.internalTransactionAdvisor'
2024-07-21T15:49:58.118+02:00 TRACE 248560 --- [crud-springboot] [           main] o.s.b.f.s.DefaultListableBeanFactory     : Returning cached instance of singleton bean 'org.springframework.transaction.config.internalTransactionAdvisor'
2024-07-21T15:49:58.118+02:00 TRACE 248560 --- [crud-springboot] [           main] o.s.b.f.s.DefaultListableBeanFactory     : Finished creating instance of bean 'org.springframework.boot.autoconfigure.jdbc.DataSourceAutoConfiguration$PooledDataSourceConfiguration'
2024-07-21T15:49:58.119+02:00 TRACE 248560 --- [crud-springboot] [           main] o.s.b.f.s.DefaultListableBeanFactory     : Returning cached instance of singleton bean 'spring.datasource-org.springframework.boot.autoconfigure.jdbc.DataSourceProperties'
2024-07-21T15:49:58.119+02:00 DEBUG 248560 --- [crud-springboot] [           main] o.s.b.f.s.DefaultListableBeanFactory     : Autowiring by type from bean name 'jdbcConnectionDetails' via factory method to bean named 'spring.datasource-org.springframework.boot.autoconfigure.jdbc.DataSourceProperties'
2024-07-21T15:49:58.120+02:00 TRACE 248560 --- [crud-springboot] [           main] o.s.b.f.s.DefaultListableBeanFactory     : Returning cached instance of singleton bean 'org.springframework.transaction.config.internalTransactionAdvisor'
2024-07-21T15:49:58.121+02:00 TRACE 248560 --- [crud-springboot] [           main] o.s.b.f.s.DefaultListableBeanFactory     : Returning cached instance of singleton bean 'org.springframework.transaction.config.internalTransactionAdvisor'
2024-07-21T15:49:58.121+02:00 TRACE 248560 --- [crud-springboot] [           main] o.s.b.f.s.DefaultListableBeanFactory     : Finished creating instance of bean 'jdbcConnectionDetails'
2024-07-21T15:49:58.122+02:00 DEBUG 248560 --- [crud-springboot] [           main] o.s.b.f.s.DefaultListableBeanFactory     : Autowiring by type from bean name 'dataSource' via factory method to bean named 'spring.datasource-org.springframework.boot.autoconfigure.jdbc.DataSourceProperties'
2024-07-21T15:49:58.122+02:00 DEBUG 248560 --- [crud-springboot] [           main] o.s.b.f.s.DefaultListableBeanFactory     : Autowiring by type from bean name 'dataSource' via factory method to bean named 'jdbcConnectionDetails'
2024-07-21T15:49:58.141+02:00 TRACE 248560 --- [crud-springboot] [           main] o.s.b.f.s.DefaultListableBeanFactory     : Returning cached instance of singleton bean 'org.springframework.boot.context.properties.BoundConfigurationProperties'
2024-07-21T15:49:58.167+02:00 TRACE 248560 --- [crud-springboot] [           main] o.s.b.f.s.DefaultListableBeanFactory     : Returning cached instance of singleton bean 'jdbcConnectionDetails'
2024-07-21T15:49:58.168+02:00 TRACE 248560 --- [crud-springboot] [           main] o.s.b.f.s.DefaultListableBeanFactory     : Returning cached instance of singleton bean 'org.springframework.transaction.config.internalTransactionAdvisor'
2024-07-21T15:49:58.168+02:00 TRACE 248560 --- [crud-springboot] [           main] o.s.b.f.s.DefaultListableBeanFactory     : Returning cached instance of singleton bean 'org.springframework.transaction.config.internalTransactionAdvisor'
2024-07-21T15:49:58.176+02:00 TRACE 248560 --- [crud-springboot] [           main] o.s.b.f.s.DefaultListableBeanFactory     : Finished creating instance of bean 'dataSource'
2024-07-21T15:49:58.178+02:00 DEBUG 248560 --- [crud-springboot] [           main] o.s.b.f.s.DefaultListableBeanFactory     : Creating shared instance of singleton bean 'spring.sql.init-org.springframework.boot.autoconfigure.sql.init.SqlInitializationProperties'
2024-07-21T15:49:58.178+02:00 TRACE 248560 --- [crud-springboot] [           main] o.s.b.f.s.DefaultListableBeanFactory     : Creating instance of bean 'spring.sql.init-org.springframework.boot.autoconfigure.sql.init.SqlInitializationProperties'
2024-07-21T15:49:58.178+02:00 TRACE 248560 --- [crud-springboot] [           main] o.s.b.f.s.DefaultListableBeanFactory     : Returning cached instance of singleton bean 'org.springframework.transaction.config.internalTransactionAdvisor'
2024-07-21T15:49:58.179+02:00 TRACE 248560 --- [crud-springboot] [           main] o.s.b.f.s.DefaultListableBeanFactory     : Returning cached instance of singleton bean 'org.springframework.boot.context.properties.BoundConfigurationProperties'
2024-07-21T15:49:58.185+02:00 TRACE 248560 --- [crud-springboot] [           main] o.s.b.f.s.DefaultListableBeanFactory     : Returning cached instance of singleton bean 'org.springframework.transaction.config.internalTransactionAdvisor'
2024-07-21T15:49:58.185+02:00 TRACE 248560 --- [crud-springboot] [           main] o.s.b.f.s.DefaultListableBeanFactory     : Returning cached instance of singleton bean 'org.springframework.transaction.config.internalTransactionAdvisor'
2024-07-21T15:49:58.186+02:00 TRACE 248560 --- [crud-springboot] [           main] o.s.b.f.s.DefaultListableBeanFactory     : Finished creating instance of bean 'spring.sql.init-org.springframework.boot.autoconfigure.sql.init.SqlInitializationProperties'
2024-07-21T15:49:58.186+02:00 DEBUG 248560 --- [crud-springboot] [           main] o.s.b.f.s.DefaultListableBeanFactory     : Autowiring by type from bean name 'dataSourceScriptDatabaseInitializer' via factory method to bean named 'dataSource'
2024-07-21T15:49:58.186+02:00 DEBUG 248560 --- [crud-springboot] [           main] o.s.b.f.s.DefaultListableBeanFactory     : Autowiring by type from bean name 'dataSourceScriptDatabaseInitializer' via factory method to bean named 'spring.sql.init-org.springframework.boot.autoconfigure.sql.init.SqlInitializationProperties'
2024-07-21T15:49:58.191+02:00 TRACE 248560 --- [crud-springboot] [           main] o.s.b.f.s.DefaultListableBeanFactory     : Invoking afterPropertiesSet() on bean with name 'dataSourceScriptDatabaseInitializer'
2024-07-21T15:49:58.191+02:00 TRACE 248560 --- [crud-springboot] [           main] .i.s.PathMatchingResourcePatternResolver : Resolved module-path location pattern [schema-all.sql] to resources []
2024-07-21T15:49:58.192+02:00 TRACE 248560 --- [crud-springboot] [           main] .i.s.PathMatchingResourcePatternResolver : Resolved class path location [schema-all.sql] to resources []
2024-07-21T15:49:58.192+02:00 TRACE 248560 --- [crud-springboot] [           main] .i.s.PathMatchingResourcePatternResolver : Resolved module-path location pattern [schema.sql] to resources []
2024-07-21T15:49:58.193+02:00 TRACE 248560 --- [crud-springboot] [           main] .i.s.PathMatchingResourcePatternResolver : Resolved class path location [schema.sql] to resources []
2024-07-21T15:49:58.193+02:00 TRACE 248560 --- [crud-springboot] [           main] .i.s.PathMatchingResourcePatternResolver : Resolved module-path location pattern [data-all.sql] to resources []
2024-07-21T15:49:58.193+02:00 TRACE 248560 --- [crud-springboot] [           main] .i.s.PathMatchingResourcePatternResolver : Resolved class path location [data-all.sql] to resources []
2024-07-21T15:49:58.193+02:00 TRACE 248560 --- [crud-springboot] [           main] .i.s.PathMatchingResourcePatternResolver : Resolved module-path location pattern [data.sql] to resources []
2024-07-21T15:49:58.194+02:00 TRACE 248560 --- [crud-springboot] [           main] .i.s.PathMatchingResourcePatternResolver : Resolved class path location [data.sql] to resources []
2024-07-21T15:49:58.194+02:00 TRACE 248560 --- [crud-springboot] [           main] o.s.b.f.s.DefaultListableBeanFactory     : Returning cached instance of singleton bean 'org.springframework.transaction.config.internalTransactionAdvisor'
2024-07-21T15:49:58.195+02:00 TRACE 248560 --- [crud-springboot] [           main] o.s.b.f.s.DefaultListableBeanFactory     : Returning cached instance of singleton bean 'org.springframework.transaction.config.internalTransactionAdvisor'
2024-07-21T15:49:58.196+02:00 TRACE 248560 --- [crud-springboot] [           main] o.s.b.f.s.DefaultListableBeanFactory     : Finished creating instance of bean 'dataSourceScriptDatabaseInitializer'
2024-07-21T15:49:58.197+02:00 DEBUG 248560 --- [crud-springboot] [           main] o.s.b.f.s.DefaultListableBeanFactory     : Creating shared instance of singleton bean 'entityManagerFactory'
2024-07-21T15:49:58.197+02:00 TRACE 248560 --- [crud-springboot] [           main] o.s.b.f.s.DefaultListableBeanFactory     : Creating instance of bean 'entityManagerFactory'
2024-07-21T15:49:58.198+02:00 TRACE 248560 --- [crud-springboot] [           main] o.s.b.f.s.DefaultListableBeanFactory     : Returning cached instance of singleton bean 'org.springframework.transaction.config.internalTransactionAdvisor'
2024-07-21T15:49:58.198+02:00 DEBUG 248560 --- [crud-springboot] [           main] o.s.b.f.s.DefaultListableBeanFactory     : Creating shared instance of singleton bean 'org.springframework.boot.autoconfigure.orm.jpa.HibernateJpaConfiguration'
2024-07-21T15:49:58.198+02:00 TRACE 248560 --- [crud-springboot] [           main] o.s.b.f.s.DefaultListableBeanFactory     : Creating instance of bean 'org.springframework.boot.autoconfigure.orm.jpa.HibernateJpaConfiguration'
2024-07-21T15:49:58.198+02:00 TRACE 248560 --- [crud-springboot] [           main] o.s.b.f.s.DefaultListableBeanFactory     : Returning cached instance of singleton bean 'org.springframework.transaction.config.internalTransactionAdvisor'
2024-07-21T15:49:58.202+02:00 TRACE 248560 --- [crud-springboot] [           main] o.s.b.f.s.DefaultListableBeanFactory     : Returning cached instance of singleton bean 'dataSource'
2024-07-21T15:49:58.203+02:00 DEBUG 248560 --- [crud-springboot] [           main] o.s.b.f.s.DefaultListableBeanFactory     : Creating shared instance of singleton bean 'spring.jpa-org.springframework.boot.autoconfigure.orm.jpa.JpaProperties'
2024-07-21T15:49:58.203+02:00 TRACE 248560 --- [crud-springboot] [           main] o.s.b.f.s.DefaultListableBeanFactory     : Creating instance of bean 'spring.jpa-org.springframework.boot.autoconfigure.orm.jpa.JpaProperties'
2024-07-21T15:49:58.203+02:00 TRACE 248560 --- [crud-springboot] [           main] o.s.b.f.s.DefaultListableBeanFactory     : Returning cached instance of singleton bean 'org.springframework.transaction.config.internalTransactionAdvisor'
2024-07-21T15:49:58.205+02:00 TRACE 248560 --- [crud-springboot] [           main] o.s.b.f.s.DefaultListableBeanFactory     : Returning cached instance of singleton bean 'org.springframework.boot.context.properties.BoundConfigurationProperties'
2024-07-21T15:49:58.213+02:00 TRACE 248560 --- [crud-springboot] [           main] o.s.b.f.s.DefaultListableBeanFactory     : Returning cached instance of singleton bean 'org.springframework.transaction.config.internalTransactionAdvisor'
2024-07-21T15:49:58.213+02:00 TRACE 248560 --- [crud-springboot] [           main] o.s.b.f.s.DefaultListableBeanFactory     : Returning cached instance of singleton bean 'org.springframework.transaction.config.internalTransactionAdvisor'
2024-07-21T15:49:58.214+02:00 TRACE 248560 --- [crud-springboot] [           main] o.s.b.f.s.DefaultListableBeanFactory     : Finished creating instance of bean 'spring.jpa-org.springframework.boot.autoconfigure.orm.jpa.JpaProperties'
2024-07-21T15:49:58.216+02:00 DEBUG 248560 --- [crud-springboot] [           main] o.s.b.f.s.DefaultListableBeanFactory     : Creating shared instance of singleton bean 'spring.jpa.hibernate-org.springframework.boot.autoconfigure.orm.jpa.HibernateProperties'
2024-07-21T15:49:58.217+02:00 TRACE 248560 --- [crud-springboot] [           main] o.s.b.f.s.DefaultListableBeanFactory     : Creating instance of bean 'spring.jpa.hibernate-org.springframework.boot.autoconfigure.orm.jpa.HibernateProperties'
2024-07-21T15:49:58.217+02:00 TRACE 248560 --- [crud-springboot] [           main] o.s.b.f.s.DefaultListableBeanFactory     : Returning cached instance of singleton bean 'org.springframework.transaction.config.internalTransactionAdvisor'
2024-07-21T15:49:58.218+02:00 TRACE 248560 --- [crud-springboot] [           main] o.s.b.f.s.DefaultListableBeanFactory     : Returning cached instance of singleton bean 'org.springframework.boot.context.properties.BoundConfigurationProperties'
2024-07-21T15:49:58.220+02:00 TRACE 248560 --- [crud-springboot] [           main] o.s.b.f.s.DefaultListableBeanFactory     : Returning cached instance of singleton bean 'org.springframework.transaction.config.internalTransactionAdvisor'
2024-07-21T15:49:58.220+02:00 TRACE 248560 --- [crud-springboot] [           main] o.s.b.f.s.DefaultListableBeanFactory     : Returning cached instance of singleton bean 'org.springframework.transaction.config.internalTransactionAdvisor'
2024-07-21T15:49:58.221+02:00 TRACE 248560 --- [crud-springboot] [           main] o.s.b.f.s.DefaultListableBeanFactory     : Finished creating instance of bean 'spring.jpa.hibernate-org.springframework.boot.autoconfigure.orm.jpa.HibernateProperties'
2024-07-21T15:49:58.221+02:00 DEBUG 248560 --- [crud-springboot] [           main] o.s.b.f.s.DefaultListableBeanFactory     : Autowiring by type from bean name 'org.springframework.boot.autoconfigure.orm.jpa.HibernateJpaConfiguration' via constructor to bean named 'dataSource'
2024-07-21T15:49:58.221+02:00 DEBUG 248560 --- [crud-springboot] [           main] o.s.b.f.s.DefaultListableBeanFactory     : Autowiring by type from bean name 'org.springframework.boot.autoconfigure.orm.jpa.HibernateJpaConfiguration' via constructor to bean named 'spring.jpa-org.springframework.boot.autoconfigure.orm.jpa.JpaProperties'
2024-07-21T15:49:58.221+02:00 DEBUG 248560 --- [crud-springboot] [           main] o.s.b.f.s.DefaultListableBeanFactory     : Autowiring by type from bean name 'org.springframework.boot.autoconfigure.orm.jpa.HibernateJpaConfiguration' via constructor to bean named 'org.springframework.beans.factory.support.DefaultListableBeanFactory@5fa05212'
2024-07-21T15:49:58.222+02:00 DEBUG 248560 --- [crud-springboot] [           main] o.s.b.f.s.DefaultListableBeanFactory     : Autowiring by type from bean name 'org.springframework.boot.autoconfigure.orm.jpa.HibernateJpaConfiguration' via constructor to bean named 'spring.jpa.hibernate-org.springframework.boot.autoconfigure.orm.jpa.HibernateProperties'
2024-07-21T15:49:58.226+02:00 DEBUG 248560 --- [crud-springboot] [           main] o.s.b.f.s.DefaultListableBeanFactory     : Creating shared instance of singleton bean 'hikariPoolDataSourceMetadataProvider'
2024-07-21T15:49:58.226+02:00 TRACE 248560 --- [crud-springboot] [           main] o.s.b.f.s.DefaultListableBeanFactory     : Creating instance of bean 'hikariPoolDataSourceMetadataProvider'
2024-07-21T15:49:58.226+02:00 TRACE 248560 --- [crud-springboot] [           main] o.s.b.f.s.DefaultListableBeanFactory     : Returning cached instance of singleton bean 'org.springframework.transaction.config.internalTransactionAdvisor'
2024-07-21T15:49:58.226+02:00 DEBUG 248560 --- [crud-springboot] [           main] o.s.b.f.s.DefaultListableBeanFactory     : Creating shared instance of singleton bean 'org.springframework.boot.autoconfigure.jdbc.metadata.DataSourcePoolMetadataProvidersConfiguration$HikariPoolDataSourceMetadataProviderConfiguration'
2024-07-21T15:49:58.226+02:00 TRACE 248560 --- [crud-springboot] [           main] o.s.b.f.s.DefaultListableBeanFactory     : Creating instance of bean 'org.springframework.boot.autoconfigure.jdbc.metadata.DataSourcePoolMetadataProvidersConfiguration$HikariPoolDataSourceMetadataProviderConfiguration'
2024-07-21T15:49:58.227+02:00 TRACE 248560 --- [crud-springboot] [           main] o.s.b.f.s.DefaultListableBeanFactory     : Returning cached instance of singleton bean 'org.springframework.transaction.config.internalTransactionAdvisor'
2024-07-21T15:49:58.227+02:00 TRACE 248560 --- [crud-springboot] [           main] o.s.b.f.s.DefaultListableBeanFactory     : Returning cached instance of singleton bean 'org.springframework.transaction.config.internalTransactionAdvisor'
2024-07-21T15:49:58.228+02:00 TRACE 248560 --- [crud-springboot] [           main] o.s.b.f.s.DefaultListableBeanFactory     : Returning cached instance of singleton bean 'org.springframework.transaction.config.internalTransactionAdvisor'
2024-07-21T15:49:58.228+02:00 TRACE 248560 --- [crud-springboot] [           main] o.s.b.f.s.DefaultListableBeanFactory     : Finished creating instance of bean 'org.springframework.boot.autoconfigure.jdbc.metadata.DataSourcePoolMetadataProvidersConfiguration$HikariPoolDataSourceMetadataProviderConfiguration'
2024-07-21T15:49:58.229+02:00 TRACE 248560 --- [crud-springboot] [           main] o.s.b.f.s.DefaultListableBeanFactory     : Returning cached instance of singleton bean 'org.springframework.transaction.config.internalTransactionAdvisor'
2024-07-21T15:49:58.229+02:00 TRACE 248560 --- [crud-springboot] [           main] o.s.b.f.s.DefaultListableBeanFactory     : Returning cached instance of singleton bean 'org.springframework.transaction.config.internalTransactionAdvisor'
2024-07-21T15:49:58.230+02:00 TRACE 248560 --- [crud-springboot] [           main] o.s.b.f.s.DefaultListableBeanFactory     : Finished creating instance of bean 'hikariPoolDataSourceMetadataProvider'
2024-07-21T15:49:58.237+02:00 TRACE 248560 --- [crud-springboot] [           main] o.s.b.f.s.DefaultListableBeanFactory     : Returning cached instance of singleton bean 'org.springframework.transaction.config.internalTransactionAdvisor'
2024-07-21T15:49:58.237+02:00 TRACE 248560 --- [crud-springboot] [           main] o.s.b.f.s.DefaultListableBeanFactory     : Returning cached instance of singleton bean 'org.springframework.transaction.config.internalTransactionAdvisor'
2024-07-21T15:49:58.239+02:00 TRACE 248560 --- [crud-springboot] [           main] o.s.b.f.s.DefaultListableBeanFactory     : Finished creating instance of bean 'org.springframework.boot.autoconfigure.orm.jpa.HibernateJpaConfiguration'
2024-07-21T15:49:58.240+02:00 DEBUG 248560 --- [crud-springboot] [           main] o.s.b.f.s.DefaultListableBeanFactory     : Creating shared instance of singleton bean 'entityManagerFactoryBuilder'
2024-07-21T15:49:58.240+02:00 TRACE 248560 --- [crud-springboot] [           main] o.s.b.f.s.DefaultListableBeanFactory     : Creating instance of bean 'entityManagerFactoryBuilder'
2024-07-21T15:49:58.240+02:00 TRACE 248560 --- [crud-springboot] [           main] o.s.b.f.s.DefaultListableBeanFactory     : Returning cached instance of singleton bean 'org.springframework.transaction.config.internalTransactionAdvisor'
2024-07-21T15:49:58.240+02:00 TRACE 248560 --- [crud-springboot] [           main] o.s.b.f.s.DefaultListableBeanFactory     : Returning cached instance of singleton bean 'org.springframework.boot.autoconfigure.orm.jpa.HibernateJpaConfiguration'
2024-07-21T15:49:58.241+02:00 DEBUG 248560 --- [crud-springboot] [           main] o.s.b.f.s.DefaultListableBeanFactory     : Creating shared instance of singleton bean 'jpaVendorAdapter'
2024-07-21T15:49:58.241+02:00 TRACE 248560 --- [crud-springboot] [           main] o.s.b.f.s.DefaultListableBeanFactory     : Creating instance of bean 'jpaVendorAdapter'
2024-07-21T15:49:58.241+02:00 TRACE 248560 --- [crud-springboot] [           main] o.s.b.f.s.DefaultListableBeanFactory     : Returning cached instance of singleton bean 'org.springframework.transaction.config.internalTransactionAdvisor'
2024-07-21T15:49:58.242+02:00 TRACE 248560 --- [crud-springboot] [           main] o.s.b.f.s.DefaultListableBeanFactory     : Returning cached instance of singleton bean 'org.springframework.boot.autoconfigure.orm.jpa.HibernateJpaConfiguration'
2024-07-21T15:49:58.270+02:00 TRACE 248560 --- [crud-springboot] [           main] o.s.b.f.s.DefaultListableBeanFactory     : Returning cached instance of singleton bean 'org.springframework.transaction.config.internalTransactionAdvisor'
2024-07-21T15:49:58.270+02:00 TRACE 248560 --- [crud-springboot] [           main] o.s.b.f.s.DefaultListableBeanFactory     : Returning cached instance of singleton bean 'org.springframework.transaction.config.internalTransactionAdvisor'
2024-07-21T15:49:58.271+02:00 TRACE 248560 --- [crud-springboot] [           main] o.s.b.f.s.DefaultListableBeanFactory     : Finished creating instance of bean 'jpaVendorAdapter'
2024-07-21T15:49:58.271+02:00 DEBUG 248560 --- [crud-springboot] [           main] o.s.b.f.s.DefaultListableBeanFactory     : Autowiring by type from bean name 'entityManagerFactoryBuilder' via factory method to bean named 'jpaVendorAdapter'
2024-07-21T15:49:58.276+02:00 TRACE 248560 --- [crud-springboot] [           main] o.s.b.f.s.DefaultListableBeanFactory     : Returning cached instance of singleton bean 'org.springframework.transaction.config.internalTransactionAdvisor'
2024-07-21T15:49:58.276+02:00 TRACE 248560 --- [crud-springboot] [           main] o.s.b.f.s.DefaultListableBeanFactory     : Returning cached instance of singleton bean 'org.springframework.transaction.config.internalTransactionAdvisor'
2024-07-21T15:49:58.276+02:00 TRACE 248560 --- [crud-springboot] [           main] o.s.b.f.s.DefaultListableBeanFactory     : Finished creating instance of bean 'entityManagerFactoryBuilder'
2024-07-21T15:49:58.277+02:00 DEBUG 248560 --- [crud-springboot] [           main] o.s.b.f.s.DefaultListableBeanFactory     : Creating shared instance of singleton bean 'persistenceManagedTypes'
2024-07-21T15:49:58.277+02:00 TRACE 248560 --- [crud-springboot] [           main] o.s.b.f.s.DefaultListableBeanFactory     : Creating instance of bean 'persistenceManagedTypes'
2024-07-21T15:49:58.277+02:00 TRACE 248560 --- [crud-springboot] [           main] o.s.b.f.s.DefaultListableBeanFactory     : Returning cached instance of singleton bean 'org.springframework.transaction.config.internalTransactionAdvisor'
2024-07-21T15:49:58.279+02:00 DEBUG 248560 --- [crud-springboot] [           main] o.s.b.f.s.DefaultListableBeanFactory     : Autowiring by type from bean name 'persistenceManagedTypes' via factory method to bean named 'org.springframework.beans.factory.support.DefaultListableBeanFactory@5fa05212'
2024-07-21T15:49:58.279+02:00 DEBUG 248560 --- [crud-springboot] [           main] o.s.b.f.s.DefaultListableBeanFactory     : Autowiring by type from bean name 'persistenceManagedTypes' via factory method to bean named 'org.springframework.web.context.support.GenericWebApplicationContext@3574e198'
2024-07-21T15:49:58.281+02:00 TRACE 248560 --- [crud-springboot] [           main] o.s.b.f.s.DefaultListableBeanFactory     : No bean named 'org.springframework.boot.autoconfigure.domain.EntityScanPackages' found in org.springframework.beans.factory.support.DefaultListableBeanFactory@5fa05212: defining beans [org.springframework.boot.test.mock.mockito.MockitoPostProcessor$SpyPostProcessor,org.springframework.boot.test.mock.mockito.MockitoPostProcessor,org.springframework.context.annotation.internalConfigurationAnnotationProcessor,org.springframework.context.annotation.internalAutowiredAnnotationProcessor,org.springframework.context.annotation.internalCommonAnnotationProcessor,org.springframework.context.annotation.internalPersistenceAnnotationProcessor,org.springframework.context.event.internalEventListenerProcessor,org.springframework.context.event.internalEventListenerFactory,crudSpringbootApplication,org.springframework.boot.autoconfigure.internalCachingMetadataReaderFactory,jwtUtils,securityConfig,apiResponse,authController,loginRequest,personController,registerRequest,webController,jwtFilter,cardService,customUserDetailsService,org.springframework.security.config.annotation.configuration.ObjectPostProcessorConfiguration,objectPostProcessor,org.springframework.security.config.annotation.authentication.configuration.AuthenticationConfiguration,authenticationManagerBuilder,enableGlobalAuthenticationAutowiredConfigurer,initializeUserDetailsBeanManagerConfigurer,initializeAuthenticationProviderBeanManagerConfigurer,org.springframework.security.config.annotation.web.configuration.WebSecurityConfiguration,delegatingApplicationListener,webSecurityExpressionHandler,privilegeEvaluator,conversionServicePostProcessor,org.springframework.security.config.annotation.web.configuration.WebMvcSecurityConfiguration,requestDataValueProcessor,springSecurityHandlerMappingIntrospectorBeanDefinitionRegistryPostProcessor,org.springframework.security.config.annotation.web.configuration.HttpSecurityConfiguration,org.springframework.security.config.annotation.web.configuration.HttpSecurityConfiguration.httpSecurity,passwordEncoder,authenticationManager,securityFilterChain,org.springframework.boot.autoconfigure.AutoConfigurationPackages,org.springframework.boot.autoconfigure.context.PropertyPlaceholderAutoConfiguration,propertySourcesPlaceholderConfigurer,org.springframework.boot.autoconfigure.ssl.SslAutoConfiguration,fileWatcher,sslPropertiesSslBundleRegistrar,sslBundleRegistry,org.springframework.boot.context.properties.ConfigurationPropertiesBindingPostProcessor,org.springframework.boot.context.internalConfigurationPropertiesBinder,org.springframework.boot.context.properties.BoundConfigurationProperties,org.springframework.boot.context.properties.EnableConfigurationPropertiesRegistrar.methodValidationExcludeFilter,spring.ssl-org.springframework.boot.autoconfigure.ssl.SslProperties,org.springframework.boot.autoconfigure.websocket.servlet.WebSocketServletAutoConfiguration$TomcatWebSocketConfiguration,websocketServletWebServerCustomizer,org.springframework.boot.autoconfigure.websocket.servlet.WebSocketServletAutoConfiguration,org.springframework.boot.autoconfigure.web.servlet.ServletWebServerFactoryConfiguration$EmbeddedTomcat,tomcatServletWebServerFactory,org.springframework.boot.autoconfigure.web.servlet.ServletWebServerFactoryAutoConfiguration,servletWebServerFactoryCustomizer,tomcatServletWebServerFactoryCustomizer,server-org.springframework.boot.autoconfigure.web.ServerProperties,webServerFactoryCustomizerBeanPostProcessor,errorPageRegistrarBeanPostProcessor,org.springframework.boot.autoconfigure.web.servlet.DispatcherServletAutoConfiguration$DispatcherServletConfiguration,dispatcherServlet,spring.mvc-org.springframework.boot.autoconfigure.web.servlet.WebMvcProperties,org.springframework.boot.autoconfigure.web.servlet.DispatcherServletAutoConfiguration$DispatcherServletRegistrationConfiguration,dispatcherServletRegistration,org.springframework.boot.autoconfigure.web.servlet.DispatcherServletAutoConfiguration,org.springframework.boot.autoconfigure.task.TaskExecutorConfigurations$ThreadPoolTaskExecutorBuilderConfiguration,threadPoolTaskExecutorBuilder,org.springframework.boot.autoconfigure.task.TaskExecutorConfigurations$TaskExecutorBuilderConfiguration,taskExecutorBuilder,org.springframework.boot.autoconfigure.task.TaskExecutorConfigurations$SimpleAsyncTaskExecutorBuilderConfiguration,simpleAsyncTaskExecutorBuilder,org.springframework.boot.autoconfigure.task.TaskExecutorConfigurations$TaskExecutorConfiguration,applicationTaskExecutor,org.springframework.boot.autoconfigure.task.TaskExecutionAutoConfiguration,spring.task.execution-org.springframework.boot.autoconfigure.task.TaskExecutionProperties,org.springframework.boot.autoconfigure.web.servlet.error.ErrorMvcAutoConfiguration$WhitelabelErrorViewConfiguration,error,beanNameViewResolver,org.springframework.boot.autoconfigure.web.servlet.error.ErrorMvcAutoConfiguration$DefaultErrorViewResolverConfiguration,conventionErrorViewResolver,spring.web-org.springframework.boot.autoconfigure.web.WebProperties,org.springframework.boot.autoconfigure.web.servlet.error.ErrorMvcAutoConfiguration,errorAttributes,basicErrorController,errorPageCustomizer,preserveErrorControllerTargetClassPostProcessor,org.springframework.boot.autoconfigure.web.servlet.WebMvcAutoConfiguration$EnableWebMvcConfiguration,welcomePageHandlerMapping,welcomePageNotAcceptableHandlerMapping,localeResolver,themeResolver,flashMapManager,mvcConversionService,mvcValidator,mvcContentNegotiationManager,requestMappingHandlerMapping,mvcPatternParser,mvcUrlPathHelper,mvcPathMatcher,viewControllerHandlerMapping,beanNameHandlerMapping,routerFunctionMapping,resourceHandlerMapping,mvcResourceUrlProvider,defaultServletHandlerMapping,requestMappingHandlerAdapter,handlerFunctionAdapter,mvcUriComponentsContributor,httpRequestHandlerAdapter,simpleControllerHandlerAdapter,handlerExceptionResolver,mvcViewResolver,mvcHandlerMappingIntrospector,viewNameTranslator,org.springframework.boot.autoconfigure.web.servlet.WebMvcAutoConfiguration$WebMvcAutoConfigurationAdapter,defaultViewResolver,viewResolver,requestContextFilter,org.springframework.boot.autoconfigure.web.servlet.WebMvcAutoConfiguration,formContentFilter,org.springframework.boot.autoconfigure.aop.AopAutoConfiguration$AspectJAutoProxyingConfiguration$CglibAutoProxyConfiguration,org.springframework.aop.config.internalAutoProxyCreator,org.springframework.boot.autoconfigure.aop.AopAutoConfiguration$AspectJAutoProxyingConfiguration,org.springframework.boot.autoconfigure.aop.AopAutoConfiguration,org.springframework.boot.autoconfigure.availability.ApplicationAvailabilityAutoConfiguration,applicationAvailability,org.springframework.boot.autoconfigure.transaction.jta.JtaAutoConfiguration,org.springframework.boot.autoconfigure.jdbc.DataSourceConfiguration$Hikari,jdbcConnectionDetailsHikariBeanPostProcessor,dataSource,org.springframework.boot.autoconfigure.jdbc.DataSourceAutoConfiguration$PooledDataSourceConfiguration,jdbcConnectionDetails,org.springframework.boot.autoconfigure.jdbc.metadata.DataSourcePoolMetadataProvidersConfiguration$HikariPoolDataSourceMetadataProviderConfiguration,hikariPoolDataSourceMetadataProvider,org.springframework.boot.autoconfigure.jdbc.metadata.DataSourcePoolMetadataProvidersConfiguration,org.springframework.boot.autoconfigure.jdbc.DataSourceAutoConfiguration,spring.datasource-org.springframework.boot.autoconfigure.jdbc.DataSourceProperties,org.springframework.boot.autoconfigure.transaction.TransactionManagerCustomizationAutoConfiguration,platformTransactionManagerCustomizers,transactionExecutionListeners,spring.transaction-org.springframework.boot.autoconfigure.transaction.TransactionProperties,org.springframework.boot.autoconfigure.orm.jpa.JpaBaseConfiguration$JpaWebConfiguration,openEntityManagerInViewInterceptor,openEntityManagerInViewInterceptorConfigurer,org.springframework.boot.autoconfigure.orm.jpa.JpaBaseConfiguration$PersistenceManagedTypesConfiguration,persistenceManagedTypes,org.springframework.boot.autoconfigure.orm.jpa.HibernateJpaConfiguration,transactionManager,jpaVendorAdapter,entityManagerFactoryBuilder,entityManagerFactory,spring.jpa.hibernate-org.springframework.boot.autoconfigure.orm.jpa.HibernateProperties,spring.jpa-org.springframework.boot.autoconfigure.orm.jpa.JpaProperties,org.springframework.boot.autoconfigure.orm.jpa.HibernateJpaAutoConfiguration,org.springframework.boot.autoconfigure.jackson.JacksonAutoConfiguration$Jackson2ObjectMapperBuilderCustomizerConfiguration,standardJacksonObjectMapperBuilderCustomizer,spring.jackson-org.springframework.boot.autoconfigure.jackson.JacksonProperties,org.springframework.boot.autoconfigure.jackson.JacksonAutoConfiguration$JacksonObjectMapperBuilderConfiguration,jacksonObjectMapperBuilder,org.springframework.boot.autoconfigure.jackson.JacksonAutoConfiguration$ParameterNamesModuleConfiguration,parameterNamesModule,org.springframework.boot.autoconfigure.jackson.JacksonAutoConfiguration$JacksonObjectMapperConfiguration,jacksonObjectMapper,org.springframework.boot.autoconfigure.jackson.JacksonAutoConfiguration$JacksonMixinConfiguration,jsonMixinModuleEntries,jsonMixinModule,org.springframework.boot.autoconfigure.jackson.JacksonAutoConfiguration,jsonComponentModule,org.springframework.boot.autoconfigure.context.ConfigurationPropertiesAutoConfiguration,org.springframework.boot.autoconfigure.context.LifecycleAutoConfiguration,lifecycleProcessor,spring.lifecycle-org.springframework.boot.autoconfigure.context.LifecycleProperties,org.springframework.boot.autoconfigure.dao.PersistenceExceptionTranslationAutoConfiguration,persistenceExceptionTranslationPostProcessor,org.springframework.boot.autoconfigure.data.jpa.JpaRepositoriesAutoConfiguration,jpaSharedEM_entityManagerFactory,emBeanDefinitionRegistrarPostProcessor,jpaMappingContext,jpaContext,org.springframework.data.jpa.util.JpaMetamodelCacheCleanup,org.springframework.data.jpa.repository.support.JpaEvaluationContextExtension,jpa.named-queries#0,jpa.PersonRepository.fragments#0,personRepository,jpa.named-queries#1,jpa.DishRepository.fragments#0,dishRepository,jpa.named-queries#2,jpa.AllergenRepository.fragments#0,allergenRepository,jpa.named-queries#3,jpa.MenuRepository.fragments#0,menuRepository,jpa.named-queries#4,jpa.IngredientRepository.fragments#0,ingredientRepository,jpa.named-queries#5,jpa.UserRepository.fragments#0,userRepository,jpa.named-queries#6,jpa.CardRepository.fragments#0,cardRepository,data-jpa.repository-aot-processor#0,org.springframework.boot.autoconfigure.http.HttpMessageConvertersAutoConfiguration$StringHttpMessageConverterConfiguration,stringHttpMessageConverter,org.springframework.boot.autoconfigure.http.JacksonHttpMessageConvertersConfiguration$MappingJackson2HttpMessageConverterConfiguration,mappingJackson2HttpMessageConverter,org.springframework.boot.autoconfigure.http.JacksonHttpMessageConvertersConfiguration,org.springframework.boot.autoconfigure.http.HttpMessageConvertersAutoConfiguration,messageConverters,org.springframework.data.web.config.ProjectingArgumentResolverRegistrar,projectingArgumentResolverBeanPostProcessor,org.springframework.data.web.config.SpringDataWebConfiguration,pageableResolver,sortResolver,offsetResolver,org.springframework.data.web.config.SpringDataJacksonConfiguration,jacksonGeoModule,pageModule,org.springframework.boot.autoconfigure.data.web.SpringDataWebAutoConfiguration,pageableCustomizer,sortCustomizer,spring.data.web-org.springframework.boot.autoconfigure.data.web.SpringDataWebProperties,org.springframework.boot.autoconfigure.info.ProjectInfoAutoConfiguration,spring.info-org.springframework.boot.autoconfigure.info.ProjectInfoProperties,org.springframework.boot.autoconfigure.jdbc.JdbcTemplateConfiguration,jdbcTemplate,org.springframework.boot.autoconfigure.jdbc.NamedParameterJdbcTemplateConfiguration,namedParameterJdbcTemplate,org.springframework.boot.autoconfigure.jdbc.JdbcTemplateAutoConfiguration,spring.jdbc-org.springframework.boot.autoconfigure.jdbc.JdbcProperties,org.springframework.boot.sql.init.dependency.DatabaseInitializationDependencyConfigurer$DependsOnDatabaseInitializationPostProcessor,org.springframework.boot.autoconfigure.jdbc.JdbcClientAutoConfiguration,jdbcClient,org.springframework.boot.autoconfigure.security.servlet.SpringBootWebSecurityConfiguration,org.springframework.boot.autoconfigure.security.servlet.SecurityAutoConfiguration,authenticationEventPublisher,spring.security-org.springframework.boot.autoconfigure.security.SecurityProperties,org.springframework.boot.autoconfigure.security.servlet.SecurityFilterAutoConfiguration,securityFilterChainRegistration,org.springframework.boot.autoconfigure.sql.init.DataSourceInitializationConfiguration,dataSourceScriptDatabaseInitializer,org.springframework.boot.autoconfigure.sql.init.SqlInitializationAutoConfiguration,spring.sql.init-org.springframework.boot.autoconfigure.sql.init.SqlInitializationProperties,org.springframework.boot.autoconfigure.task.TaskSchedulingConfigurations$ThreadPoolTaskSchedulerBuilderConfiguration,threadPoolTaskSchedulerBuilder,org.springframework.boot.autoconfigure.task.TaskSchedulingConfigurations$TaskSchedulerBuilderConfiguration,taskSchedulerBuilder,org.springframework.boot.autoconfigure.task.TaskSchedulingConfigurations$SimpleAsyncTaskSchedulerBuilderConfiguration,simpleAsyncTaskSchedulerBuilder,org.springframework.boot.autoconfigure.task.TaskSchedulingAutoConfiguration,spring.task.scheduling-org.springframework.boot.autoconfigure.task.TaskSchedulingProperties,org.springframework.boot.autoconfigure.thymeleaf.ThymeleafAutoConfiguration$ThymeleafWebMvcConfiguration$ThymeleafViewResolverConfiguration,thymeleafViewResolver,org.springframework.boot.autoconfigure.thymeleaf.ThymeleafAutoConfiguration$ThymeleafWebMvcConfiguration,org.springframework.boot.autoconfigure.thymeleaf.ThymeleafAutoConfiguration$DefaultTemplateResolverConfiguration,defaultTemplateResolver,org.springframework.boot.autoconfigure.thymeleaf.TemplateEngineConfigurations$DefaultTemplateEngineConfiguration,templateEngine,org.springframework.boot.autoconfigure.thymeleaf.ThymeleafAutoConfiguration,spring.thymeleaf-org.springframework.boot.autoconfigure.thymeleaf.ThymeleafProperties,org.springframework.boot.autoconfigure.jdbc.DataSourceTransactionManagerAutoConfiguration$JdbcTransactionManagerConfiguration,org.springframework.boot.autoconfigure.jdbc.DataSourceTransactionManagerAutoConfiguration,org.springframework.transaction.annotation.ProxyTransactionManagementConfiguration,org.springframework.transaction.config.internalTransactionAdvisor,transactionAttributeSource,transactionInterceptor,org.springframework.transaction.config.internalTransactionalEventListenerFactory,org.springframework.boot.autoconfigure.transaction.TransactionAutoConfiguration$EnableTransactionManagementConfiguration$CglibAutoProxyConfiguration,org.springframework.boot.autoconfigure.transaction.TransactionAutoConfiguration$EnableTransactionManagementConfiguration,org.springframework.boot.autoconfigure.transaction.TransactionAutoConfiguration$TransactionTemplateConfiguration,transactionTemplate,org.springframework.boot.autoconfigure.transaction.TransactionAutoConfiguration,org.springframework.boot.autoconfigure.web.client.RestClientAutoConfiguration,httpMessageConvertersRestClientCustomizer,restClientSsl,restClientBuilderConfigurer,restClientBuilder,org.springframework.boot.autoconfigure.web.client.RestTemplateAutoConfiguration,restTemplateBuilderConfigurer,restTemplateBuilder,org.springframework.boot.autoconfigure.web.servlet.HttpEncodingAutoConfiguration,characterEncodingFilter,localeCharsetMappingsCustomizer,org.springframework.boot.autoconfigure.web.servlet.MultipartAutoConfiguration,multipartConfigElement,multipartResolver,spring.servlet.multipart-org.springframework.boot.autoconfigure.web.servlet.MultipartProperties,mvcHandlerMappingIntrospectorRequestTransformer,springSecurityFilterChain,jpaSharedEM_AWC_entityManagerFactory]; root of factory hierarchy
2024-07-21T15:49:58.282+02:00 TRACE 248560 --- [crud-springboot] [           main] o.s.b.f.s.DefaultListableBeanFactory     : Returning cached instance of singleton bean 'org.springframework.boot.autoconfigure.AutoConfigurationPackages'
2024-07-21T15:49:58.282+02:00 TRACE 248560 --- [crud-springboot] [           main] o.s.b.f.s.DefaultListableBeanFactory     : Returning cached instance of singleton bean 'org.springframework.boot.autoconfigure.AutoConfigurationPackages'
2024-07-21T15:49:58.286+02:00 TRACE 248560 --- [crud-springboot] [           main] .i.s.PathMatchingResourcePatternResolver : Resolved module-path location pattern [com/cwa/crudspringboot/**/*.class] to resources []
2024-07-21T15:49:58.287+02:00 TRACE 248560 --- [crud-springboot] [           main] .i.s.PathMatchingResourcePatternResolver : Resolved module-path location pattern [com/cwa/crudspringboot/] to resources []
2024-07-21T15:49:58.287+02:00 TRACE 248560 --- [crud-springboot] [           main] .i.s.PathMatchingResourcePatternResolver : Resolved class path location [com/cwa/crudspringboot/] to resources [file [/home/damien/crud-springboot-jwt/target/test-classes/com/cwa/crudspringboot], file [/home/damien/crud-springboot-jwt/target/classes/com/cwa/crudspringboot]]
2024-07-21T15:49:58.287+02:00 TRACE 248560 --- [crud-springboot] [           main] .i.s.PathMatchingResourcePatternResolver : Searching directory [/home/damien/crud-springboot-jwt/target/test-classes/com/cwa/crudspringboot] for files matching pattern [**/*.class]
2024-07-21T15:49:58.288+02:00 TRACE 248560 --- [crud-springboot] [           main] .i.s.PathMatchingResourcePatternResolver : Searching directory [/home/damien/crud-springboot-jwt/target/classes/com/cwa/crudspringboot] for files matching pattern [**/*.class]
2024-07-21T15:49:58.294+02:00 TRACE 248560 --- [crud-springboot] [           main] .i.s.PathMatchingResourcePatternResolver : Resolved location pattern [classpath*:com/cwa/crudspringboot/**/*.class] to resources [file [/home/damien/crud-springboot-jwt/target/test-classes/com/cwa/crudspringboot/CrudSpringbootApplicationTests.class], file [/home/damien/crud-springboot-jwt/target/classes/com/cwa/crudspringboot/CrudSpringbootApplication.class], file [/home/damien/crud-springboot-jwt/target/classes/com/cwa/crudspringboot/configuration/JwtUtils.class], file [/home/damien/crud-springboot-jwt/target/classes/com/cwa/crudspringboot/configuration/SecurityConfig.class], file [/home/damien/crud-springboot-jwt/target/classes/com/cwa/crudspringboot/controller/ApiResponse.class], file [/home/damien/crud-springboot-jwt/target/classes/com/cwa/crudspringboot/controller/AuthController.class], file [/home/damien/crud-springboot-jwt/target/classes/com/cwa/crudspringboot/controller/LoginRequest.class], file [/home/damien/crud-springboot-jwt/target/classes/com/cwa/crudspringboot/controller/PersonController.class], file [/home/damien/crud-springboot-jwt/target/classes/com/cwa/crudspringboot/controller/RegisterRequest.class], file [/home/damien/crud-springboot-jwt/target/classes/com/cwa/crudspringboot/controller/UserController.class], file [/home/damien/crud-springboot-jwt/target/classes/com/cwa/crudspringboot/controller/WebController.class], file [/home/damien/crud-springboot-jwt/target/classes/com/cwa/crudspringboot/entity/Allergen.class], file [/home/damien/crud-springboot-jwt/target/classes/com/cwa/crudspringboot/entity/Card.class], file [/home/damien/crud-springboot-jwt/target/classes/com/cwa/crudspringboot/entity/Dish.class], file [/home/damien/crud-springboot-jwt/target/classes/com/cwa/crudspringboot/entity/Ingredient.class], file [/home/damien/crud-springboot-jwt/target/classes/com/cwa/crudspringboot/entity/Menu.class], file [/home/damien/crud-springboot-jwt/target/classes/com/cwa/crudspringboot/entity/Person.class], file [/home/damien/crud-springboot-jwt/target/classes/com/cwa/crudspringboot/entity/User.class], file [/home/damien/crud-springboot-jwt/target/classes/com/cwa/crudspringboot/filter/JwtFilter.class], file [/home/damien/crud-springboot-jwt/target/classes/com/cwa/crudspringboot/repository/AllergenRepository.class], file [/home/damien/crud-springboot-jwt/target/classes/com/cwa/crudspringboot/repository/CardRepository.class], file [/home/damien/crud-springboot-jwt/target/classes/com/cwa/crudspringboot/repository/DishRepository.class], file [/home/damien/crud-springboot-jwt/target/classes/com/cwa/crudspringboot/repository/IngredientRepository.class], file [/home/damien/crud-springboot-jwt/target/classes/com/cwa/crudspringboot/repository/MenuRepository.class], file [/home/damien/crud-springboot-jwt/target/classes/com/cwa/crudspringboot/repository/PersonRepository.class], file [/home/damien/crud-springboot-jwt/target/classes/com/cwa/crudspringboot/repository/UserRepository.class], file [/home/damien/crud-springboot-jwt/target/classes/com/cwa/crudspringboot/service/CardService.class], file [/home/damien/crud-springboot-jwt/target/classes/com/cwa/crudspringboot/service/CustomUserDetailsService.class], file [/home/damien/crud-springboot-jwt/target/classes/com/cwa/crudspringboot/service/UserService.class]]
2024-07-21T15:49:58.296+02:00 TRACE 248560 --- [crud-springboot] [           main] o.s.b.f.s.DefaultListableBeanFactory     : Returning cached instance of singleton bean 'org.springframework.transaction.config.internalTransactionAdvisor'
2024-07-21T15:49:58.296+02:00 TRACE 248560 --- [crud-springboot] [           main] o.s.b.f.s.DefaultListableBeanFactory     : Returning cached instance of singleton bean 'org.springframework.transaction.config.internalTransactionAdvisor'
2024-07-21T15:49:58.297+02:00 TRACE 248560 --- [crud-springboot] [           main] o.s.b.f.s.DefaultListableBeanFactory     : Finished creating instance of bean 'persistenceManagedTypes'
2024-07-21T15:49:58.297+02:00 DEBUG 248560 --- [crud-springboot] [           main] o.s.b.f.s.DefaultListableBeanFactory     : Autowiring by type from bean name 'entityManagerFactory' via factory method to bean named 'entityManagerFactoryBuilder'
2024-07-21T15:49:58.297+02:00 DEBUG 248560 --- [crud-springboot] [           main] o.s.b.f.s.DefaultListableBeanFactory     : Autowiring by type from bean name 'entityManagerFactory' via factory method to bean named 'persistenceManagedTypes'
2024-07-21T15:49:58.315+02:00 TRACE 248560 --- [crud-springboot] [           main] o.s.b.f.s.DefaultListableBeanFactory     : Invoking afterPropertiesSet() on bean with name 'entityManagerFactory'
2024-07-21T15:49:58.320+02:00 TRACE 248560 --- [crud-springboot] [           main] .i.s.PathMatchingResourcePatternResolver : Resolved module-path location pattern [META-INF/persistence.xml] to resources []
2024-07-21T15:49:58.320+02:00 TRACE 248560 --- [crud-springboot] [           main] .i.s.PathMatchingResourcePatternResolver : Resolved class path location [META-INF/persistence.xml] to resources []
2024-07-21T15:49:58.326+02:00 DEBUG 248560 --- [crud-springboot] [           main] j.LocalContainerEntityManagerFactoryBean : Building JPA container EntityManagerFactory for persistence unit 'default'
2024-07-21T15:49:58.348+02:00  INFO 248560 --- [crud-springboot] [           main] o.hibernate.jpa.internal.util.LogHelper  : HHH000204: Processing PersistenceUnitInfo [name: default]
2024-07-21T15:49:58.441+02:00  INFO 248560 --- [crud-springboot] [           main] org.hibernate.Version                    : HHH000412: Hibernate ORM core version 6.4.9.Final
2024-07-21T15:49:58.508+02:00  INFO 248560 --- [crud-springboot] [           main] o.h.c.internal.RegionFactoryInitiator    : HHH000026: Second-level cache disabled
2024-07-21T15:49:58.886+02:00  INFO 248560 --- [crud-springboot] [           main] o.s.o.j.p.SpringPersistenceUnitInfo      : No LoadTimeWeaver setup: ignoring JPA class transformer
2024-07-21T15:49:58.926+02:00  INFO 248560 --- [crud-springboot] [           main] com.zaxxer.hikari.HikariDataSource       : HikariPool-1 - Starting...
2024-07-21T15:49:59.423+02:00  INFO 248560 --- [crud-springboot] [           main] com.zaxxer.hikari.pool.HikariPool        : HikariPool-1 - Added connection com.mysql.cj.jdbc.ConnectionImpl@6451a288
2024-07-21T15:49:59.426+02:00  INFO 248560 --- [crud-springboot] [           main] com.zaxxer.hikari.HikariDataSource       : HikariPool-1 - Start completed.
2024-07-21T15:49:59.467+02:00  WARN 248560 --- [crud-springboot] [           main] org.hibernate.orm.deprecation            : HHH90000025: MySQLDialect does not need to be specified explicitly using 'hibernate.dialect' (remove the property setting and it will be selected by default)
2024-07-21T15:50:00.388+02:00  INFO 248560 --- [crud-springboot] [           main] o.h.e.t.j.p.i.JtaPlatformInitiator       : HHH000489: No JTA platform available (set 'hibernate.transaction.jta.platform' to enable JTA platform integration)
2024-07-21T15:50:00.477+02:00  INFO 248560 --- [crud-springboot] [           main] j.LocalContainerEntityManagerFactoryBean : Initialized JPA EntityManagerFactory for persistence unit 'default'
2024-07-21T15:50:00.480+02:00 TRACE 248560 --- [crud-springboot] [           main] o.s.b.f.s.DefaultListableBeanFactory     : Returning cached instance of singleton bean 'org.springframework.transaction.config.internalTransactionAdvisor'
2024-07-21T15:50:00.480+02:00 TRACE 248560 --- [crud-springboot] [           main] o.s.b.f.s.DefaultListableBeanFactory     : Returning cached instance of singleton bean 'org.springframework.transaction.config.internalTransactionAdvisor'
2024-07-21T15:50:00.480+02:00 TRACE 248560 --- [crud-springboot] [           main] o.s.b.f.s.DefaultListableBeanFactory     : Finished creating instance of bean 'entityManagerFactory'
2024-07-21T15:50:00.481+02:00 TRACE 248560 --- [crud-springboot] [           main] o.s.b.f.s.DefaultListableBeanFactory     : Pre-instantiating singletons in org.springframework.beans.factory.support.DefaultListableBeanFactory@5fa05212: defining beans [org.springframework.boot.test.mock.mockito.MockitoPostProcessor$SpyPostProcessor,org.springframework.boot.test.mock.mockito.MockitoPostProcessor,org.springframework.context.annotation.internalConfigurationAnnotationProcessor,org.springframework.context.annotation.internalAutowiredAnnotationProcessor,org.springframework.context.annotation.internalCommonAnnotationProcessor,org.springframework.context.annotation.internalPersistenceAnnotationProcessor,org.springframework.context.event.internalEventListenerProcessor,org.springframework.context.event.internalEventListenerFactory,crudSpringbootApplication,org.springframework.boot.autoconfigure.internalCachingMetadataReaderFactory,jwtUtils,securityConfig,apiResponse,authController,loginRequest,personController,registerRequest,webController,jwtFilter,cardService,customUserDetailsService,org.springframework.security.config.annotation.configuration.ObjectPostProcessorConfiguration,objectPostProcessor,org.springframework.security.config.annotation.authentication.configuration.AuthenticationConfiguration,authenticationManagerBuilder,enableGlobalAuthenticationAutowiredConfigurer,initializeUserDetailsBeanManagerConfigurer,initializeAuthenticationProviderBeanManagerConfigurer,org.springframework.security.config.annotation.web.configuration.WebSecurityConfiguration,delegatingApplicationListener,webSecurityExpressionHandler,privilegeEvaluator,conversionServicePostProcessor,org.springframework.security.config.annotation.web.configuration.WebMvcSecurityConfiguration,requestDataValueProcessor,springSecurityHandlerMappingIntrospectorBeanDefinitionRegistryPostProcessor,org.springframework.security.config.annotation.web.configuration.HttpSecurityConfiguration,org.springframework.security.config.annotation.web.configuration.HttpSecurityConfiguration.httpSecurity,passwordEncoder,authenticationManager,securityFilterChain,org.springframework.boot.autoconfigure.AutoConfigurationPackages,org.springframework.boot.autoconfigure.context.PropertyPlaceholderAutoConfiguration,propertySourcesPlaceholderConfigurer,org.springframework.boot.autoconfigure.ssl.SslAutoConfiguration,fileWatcher,sslPropertiesSslBundleRegistrar,sslBundleRegistry,org.springframework.boot.context.properties.ConfigurationPropertiesBindingPostProcessor,org.springframework.boot.context.internalConfigurationPropertiesBinder,org.springframework.boot.context.properties.BoundConfigurationProperties,org.springframework.boot.context.properties.EnableConfigurationPropertiesRegistrar.methodValidationExcludeFilter,spring.ssl-org.springframework.boot.autoconfigure.ssl.SslProperties,org.springframework.boot.autoconfigure.websocket.servlet.WebSocketServletAutoConfiguration$TomcatWebSocketConfiguration,websocketServletWebServerCustomizer,org.springframework.boot.autoconfigure.websocket.servlet.WebSocketServletAutoConfiguration,org.springframework.boot.autoconfigure.web.servlet.ServletWebServerFactoryConfiguration$EmbeddedTomcat,tomcatServletWebServerFactory,org.springframework.boot.autoconfigure.web.servlet.ServletWebServerFactoryAutoConfiguration,servletWebServerFactoryCustomizer,tomcatServletWebServerFactoryCustomizer,server-org.springframework.boot.autoconfigure.web.ServerProperties,webServerFactoryCustomizerBeanPostProcessor,errorPageRegistrarBeanPostProcessor,org.springframework.boot.autoconfigure.web.servlet.DispatcherServletAutoConfiguration$DispatcherServletConfiguration,dispatcherServlet,spring.mvc-org.springframework.boot.autoconfigure.web.servlet.WebMvcProperties,org.springframework.boot.autoconfigure.web.servlet.DispatcherServletAutoConfiguration$DispatcherServletRegistrationConfiguration,dispatcherServletRegistration,org.springframework.boot.autoconfigure.web.servlet.DispatcherServletAutoConfiguration,org.springframework.boot.autoconfigure.task.TaskExecutorConfigurations$ThreadPoolTaskExecutorBuilderConfiguration,threadPoolTaskExecutorBuilder,org.springframework.boot.autoconfigure.task.TaskExecutorConfigurations$TaskExecutorBuilderConfiguration,taskExecutorBuilder,org.springframework.boot.autoconfigure.task.TaskExecutorConfigurations$SimpleAsyncTaskExecutorBuilderConfiguration,simpleAsyncTaskExecutorBuilder,org.springframework.boot.autoconfigure.task.TaskExecutorConfigurations$TaskExecutorConfiguration,applicationTaskExecutor,org.springframework.boot.autoconfigure.task.TaskExecutionAutoConfiguration,spring.task.execution-org.springframework.boot.autoconfigure.task.TaskExecutionProperties,org.springframework.boot.autoconfigure.web.servlet.error.ErrorMvcAutoConfiguration$WhitelabelErrorViewConfiguration,error,beanNameViewResolver,org.springframework.boot.autoconfigure.web.servlet.error.ErrorMvcAutoConfiguration$DefaultErrorViewResolverConfiguration,conventionErrorViewResolver,spring.web-org.springframework.boot.autoconfigure.web.WebProperties,org.springframework.boot.autoconfigure.web.servlet.error.ErrorMvcAutoConfiguration,errorAttributes,basicErrorController,errorPageCustomizer,preserveErrorControllerTargetClassPostProcessor,org.springframework.boot.autoconfigure.web.servlet.WebMvcAutoConfiguration$EnableWebMvcConfiguration,welcomePageHandlerMapping,welcomePageNotAcceptableHandlerMapping,localeResolver,themeResolver,flashMapManager,mvcConversionService,mvcValidator,mvcContentNegotiationManager,requestMappingHandlerMapping,mvcPatternParser,mvcUrlPathHelper,mvcPathMatcher,viewControllerHandlerMapping,beanNameHandlerMapping,routerFunctionMapping,resourceHandlerMapping,mvcResourceUrlProvider,defaultServletHandlerMapping,requestMappingHandlerAdapter,handlerFunctionAdapter,mvcUriComponentsContributor,httpRequestHandlerAdapter,simpleControllerHandlerAdapter,handlerExceptionResolver,mvcViewResolver,mvcHandlerMappingIntrospector,viewNameTranslator,org.springframework.boot.autoconfigure.web.servlet.WebMvcAutoConfiguration$WebMvcAutoConfigurationAdapter,defaultViewResolver,viewResolver,requestContextFilter,org.springframework.boot.autoconfigure.web.servlet.WebMvcAutoConfiguration,formContentFilter,org.springframework.boot.autoconfigure.aop.AopAutoConfiguration$AspectJAutoProxyingConfiguration$CglibAutoProxyConfiguration,org.springframework.aop.config.internalAutoProxyCreator,org.springframework.boot.autoconfigure.aop.AopAutoConfiguration$AspectJAutoProxyingConfiguration,org.springframework.boot.autoconfigure.aop.AopAutoConfiguration,org.springframework.boot.autoconfigure.availability.ApplicationAvailabilityAutoConfiguration,applicationAvailability,org.springframework.boot.autoconfigure.transaction.jta.JtaAutoConfiguration,org.springframework.boot.autoconfigure.jdbc.DataSourceConfiguration$Hikari,jdbcConnectionDetailsHikariBeanPostProcessor,dataSource,org.springframework.boot.autoconfigure.jdbc.DataSourceAutoConfiguration$PooledDataSourceConfiguration,jdbcConnectionDetails,org.springframework.boot.autoconfigure.jdbc.metadata.DataSourcePoolMetadataProvidersConfiguration$HikariPoolDataSourceMetadataProviderConfiguration,hikariPoolDataSourceMetadataProvider,org.springframework.boot.autoconfigure.jdbc.metadata.DataSourcePoolMetadataProvidersConfiguration,org.springframework.boot.autoconfigure.jdbc.DataSourceAutoConfiguration,spring.datasource-org.springframework.boot.autoconfigure.jdbc.DataSourceProperties,org.springframework.boot.autoconfigure.transaction.TransactionManagerCustomizationAutoConfiguration,platformTransactionManagerCustomizers,transactionExecutionListeners,spring.transaction-org.springframework.boot.autoconfigure.transaction.TransactionProperties,org.springframework.boot.autoconfigure.orm.jpa.JpaBaseConfiguration$JpaWebConfiguration,openEntityManagerInViewInterceptor,openEntityManagerInViewInterceptorConfigurer,org.springframework.boot.autoconfigure.orm.jpa.JpaBaseConfiguration$PersistenceManagedTypesConfiguration,persistenceManagedTypes,org.springframework.boot.autoconfigure.orm.jpa.HibernateJpaConfiguration,transactionManager,jpaVendorAdapter,entityManagerFactoryBuilder,entityManagerFactory,spring.jpa.hibernate-org.springframework.boot.autoconfigure.orm.jpa.HibernateProperties,spring.jpa-org.springframework.boot.autoconfigure.orm.jpa.JpaProperties,org.springframework.boot.autoconfigure.orm.jpa.HibernateJpaAutoConfiguration,org.springframework.boot.autoconfigure.jackson.JacksonAutoConfiguration$Jackson2ObjectMapperBuilderCustomizerConfiguration,standardJacksonObjectMapperBuilderCustomizer,spring.jackson-org.springframework.boot.autoconfigure.jackson.JacksonProperties,org.springframework.boot.autoconfigure.jackson.JacksonAutoConfiguration$JacksonObjectMapperBuilderConfiguration,jacksonObjectMapperBuilder,org.springframework.boot.autoconfigure.jackson.JacksonAutoConfiguration$ParameterNamesModuleConfiguration,parameterNamesModule,org.springframework.boot.autoconfigure.jackson.JacksonAutoConfiguration$JacksonObjectMapperConfiguration,jacksonObjectMapper,org.springframework.boot.autoconfigure.jackson.JacksonAutoConfiguration$JacksonMixinConfiguration,jsonMixinModuleEntries,jsonMixinModule,org.springframework.boot.autoconfigure.jackson.JacksonAutoConfiguration,jsonComponentModule,org.springframework.boot.autoconfigure.context.ConfigurationPropertiesAutoConfiguration,org.springframework.boot.autoconfigure.context.LifecycleAutoConfiguration,lifecycleProcessor,spring.lifecycle-org.springframework.boot.autoconfigure.context.LifecycleProperties,org.springframework.boot.autoconfigure.dao.PersistenceExceptionTranslationAutoConfiguration,persistenceExceptionTranslationPostProcessor,org.springframework.boot.autoconfigure.data.jpa.JpaRepositoriesAutoConfiguration,jpaSharedEM_entityManagerFactory,emBeanDefinitionRegistrarPostProcessor,jpaMappingContext,jpaContext,org.springframework.data.jpa.util.JpaMetamodelCacheCleanup,org.springframework.data.jpa.repository.support.JpaEvaluationContextExtension,jpa.named-queries#0,jpa.PersonRepository.fragments#0,personRepository,jpa.named-queries#1,jpa.DishRepository.fragments#0,dishRepository,jpa.named-queries#2,jpa.AllergenRepository.fragments#0,allergenRepository,jpa.named-queries#3,jpa.MenuRepository.fragments#0,menuRepository,jpa.named-queries#4,jpa.IngredientRepository.fragments#0,ingredientRepository,jpa.named-queries#5,jpa.UserRepository.fragments#0,userRepository,jpa.named-queries#6,jpa.CardRepository.fragments#0,cardRepository,data-jpa.repository-aot-processor#0,org.springframework.boot.autoconfigure.http.HttpMessageConvertersAutoConfiguration$StringHttpMessageConverterConfiguration,stringHttpMessageConverter,org.springframework.boot.autoconfigure.http.JacksonHttpMessageConvertersConfiguration$MappingJackson2HttpMessageConverterConfiguration,mappingJackson2HttpMessageConverter,org.springframework.boot.autoconfigure.http.JacksonHttpMessageConvertersConfiguration,org.springframework.boot.autoconfigure.http.HttpMessageConvertersAutoConfiguration,messageConverters,org.springframework.data.web.config.ProjectingArgumentResolverRegistrar,projectingArgumentResolverBeanPostProcessor,org.springframework.data.web.config.SpringDataWebConfiguration,pageableResolver,sortResolver,offsetResolver,org.springframework.data.web.config.SpringDataJacksonConfiguration,jacksonGeoModule,pageModule,org.springframework.boot.autoconfigure.data.web.SpringDataWebAutoConfiguration,pageableCustomizer,sortCustomizer,spring.data.web-org.springframework.boot.autoconfigure.data.web.SpringDataWebProperties,org.springframework.boot.autoconfigure.info.ProjectInfoAutoConfiguration,spring.info-org.springframework.boot.autoconfigure.info.ProjectInfoProperties,org.springframework.boot.autoconfigure.jdbc.JdbcTemplateConfiguration,jdbcTemplate,org.springframework.boot.autoconfigure.jdbc.NamedParameterJdbcTemplateConfiguration,namedParameterJdbcTemplate,org.springframework.boot.autoconfigure.jdbc.JdbcTemplateAutoConfiguration,spring.jdbc-org.springframework.boot.autoconfigure.jdbc.JdbcProperties,org.springframework.boot.sql.init.dependency.DatabaseInitializationDependencyConfigurer$DependsOnDatabaseInitializationPostProcessor,org.springframework.boot.autoconfigure.jdbc.JdbcClientAutoConfiguration,jdbcClient,org.springframework.boot.autoconfigure.security.servlet.SpringBootWebSecurityConfiguration,org.springframework.boot.autoconfigure.security.servlet.SecurityAutoConfiguration,authenticationEventPublisher,spring.security-org.springframework.boot.autoconfigure.security.SecurityProperties,org.springframework.boot.autoconfigure.security.servlet.SecurityFilterAutoConfiguration,securityFilterChainRegistration,org.springframework.boot.autoconfigure.sql.init.DataSourceInitializationConfiguration,dataSourceScriptDatabaseInitializer,org.springframework.boot.autoconfigure.sql.init.SqlInitializationAutoConfiguration,spring.sql.init-org.springframework.boot.autoconfigure.sql.init.SqlInitializationProperties,org.springframework.boot.autoconfigure.task.TaskSchedulingConfigurations$ThreadPoolTaskSchedulerBuilderConfiguration,threadPoolTaskSchedulerBuilder,org.springframework.boot.autoconfigure.task.TaskSchedulingConfigurations$TaskSchedulerBuilderConfiguration,taskSchedulerBuilder,org.springframework.boot.autoconfigure.task.TaskSchedulingConfigurations$SimpleAsyncTaskSchedulerBuilderConfiguration,simpleAsyncTaskSchedulerBuilder,org.springframework.boot.autoconfigure.task.TaskSchedulingAutoConfiguration,spring.task.scheduling-org.springframework.boot.autoconfigure.task.TaskSchedulingProperties,org.springframework.boot.autoconfigure.thymeleaf.ThymeleafAutoConfiguration$ThymeleafWebMvcConfiguration$ThymeleafViewResolverConfiguration,thymeleafViewResolver,org.springframework.boot.autoconfigure.thymeleaf.ThymeleafAutoConfiguration$ThymeleafWebMvcConfiguration,org.springframework.boot.autoconfigure.thymeleaf.ThymeleafAutoConfiguration$DefaultTemplateResolverConfiguration,defaultTemplateResolver,org.springframework.boot.autoconfigure.thymeleaf.TemplateEngineConfigurations$DefaultTemplateEngineConfiguration,templateEngine,org.springframework.boot.autoconfigure.thymeleaf.ThymeleafAutoConfiguration,spring.thymeleaf-org.springframework.boot.autoconfigure.thymeleaf.ThymeleafProperties,org.springframework.boot.autoconfigure.jdbc.DataSourceTransactionManagerAutoConfiguration$JdbcTransactionManagerConfiguration,org.springframework.boot.autoconfigure.jdbc.DataSourceTransactionManagerAutoConfiguration,org.springframework.transaction.annotation.ProxyTransactionManagementConfiguration,org.springframework.transaction.config.internalTransactionAdvisor,transactionAttributeSource,transactionInterceptor,org.springframework.transaction.config.internalTransactionalEventListenerFactory,org.springframework.boot.autoconfigure.transaction.TransactionAutoConfiguration$EnableTransactionManagementConfiguration$CglibAutoProxyConfiguration,org.springframework.boot.autoconfigure.transaction.TransactionAutoConfiguration$EnableTransactionManagementConfiguration,org.springframework.boot.autoconfigure.transaction.TransactionAutoConfiguration$TransactionTemplateConfiguration,transactionTemplate,org.springframework.boot.autoconfigure.transaction.TransactionAutoConfiguration,org.springframework.boot.autoconfigure.web.client.RestClientAutoConfiguration,httpMessageConvertersRestClientCustomizer,restClientSsl,restClientBuilderConfigurer,restClientBuilder,org.springframework.boot.autoconfigure.web.client.RestTemplateAutoConfiguration,restTemplateBuilderConfigurer,restTemplateBuilder,org.springframework.boot.autoconfigure.web.servlet.HttpEncodingAutoConfiguration,characterEncodingFilter,localeCharsetMappingsCustomizer,org.springframework.boot.autoconfigure.web.servlet.MultipartAutoConfiguration,multipartConfigElement,multipartResolver,spring.servlet.multipart-org.springframework.boot.autoconfigure.web.servlet.MultipartProperties,mvcHandlerMappingIntrospectorRequestTransformer,springSecurityFilterChain,jpaSharedEM_AWC_entityManagerFactory]; root of factory hierarchy
2024-07-21T15:50:00.481+02:00 TRACE 248560 --- [crud-springboot] [           main] o.s.b.f.s.DefaultListableBeanFactory     : Returning cached instance of singleton bean 'org.springframework.boot.test.mock.mockito.MockitoPostProcessor$SpyPostProcessor'
2024-07-21T15:50:00.481+02:00 TRACE 248560 --- [crud-springboot] [           main] o.s.b.f.s.DefaultListableBeanFactory     : Returning cached instance of singleton bean 'org.springframework.boot.test.mock.mockito.MockitoPostProcessor'
2024-07-21T15:50:00.481+02:00 TRACE 248560 --- [crud-springboot] [           main] o.s.b.f.s.DefaultListableBeanFactory     : Returning cached instance of singleton bean 'org.springframework.context.annotation.internalConfigurationAnnotationProcessor'
2024-07-21T15:50:00.481+02:00 TRACE 248560 --- [crud-springboot] [           main] o.s.b.f.s.DefaultListableBeanFactory     : Returning cached instance of singleton bean 'org.springframework.context.annotation.internalAutowiredAnnotationProcessor'
2024-07-21T15:50:00.481+02:00 TRACE 248560 --- [crud-springboot] [           main] o.s.b.f.s.DefaultListableBeanFactory     : Returning cached instance of singleton bean 'org.springframework.context.annotation.internalCommonAnnotationProcessor'
2024-07-21T15:50:00.481+02:00 TRACE 248560 --- [crud-springboot] [           main] o.s.b.f.s.DefaultListableBeanFactory     : Returning cached instance of singleton bean 'org.springframework.context.annotation.internalPersistenceAnnotationProcessor'
2024-07-21T15:50:00.481+02:00 TRACE 248560 --- [crud-springboot] [           main] o.s.b.f.s.DefaultListableBeanFactory     : Returning cached instance of singleton bean 'org.springframework.context.event.internalEventListenerProcessor'
2024-07-21T15:50:00.481+02:00 TRACE 248560 --- [crud-springboot] [           main] o.s.b.f.s.DefaultListableBeanFactory     : Returning cached instance of singleton bean 'org.springframework.context.event.internalEventListenerFactory'
2024-07-21T15:50:00.481+02:00 DEBUG 248560 --- [crud-springboot] [           main] o.s.b.f.s.DefaultListableBeanFactory     : Creating shared instance of singleton bean 'crudSpringbootApplication'
2024-07-21T15:50:00.481+02:00 TRACE 248560 --- [crud-springboot] [           main] o.s.b.f.s.DefaultListableBeanFactory     : Creating instance of bean 'crudSpringbootApplication'
2024-07-21T15:50:00.481+02:00 TRACE 248560 --- [crud-springboot] [           main] o.s.b.f.s.DefaultListableBeanFactory     : Returning cached instance of singleton bean 'org.springframework.transaction.config.internalTransactionAdvisor'
2024-07-21T15:50:00.482+02:00 TRACE 248560 --- [crud-springboot] [           main] o.s.b.f.s.DefaultListableBeanFactory     : Returning cached instance of singleton bean 'org.springframework.transaction.config.internalTransactionAdvisor'
2024-07-21T15:50:00.482+02:00 TRACE 248560 --- [crud-springboot] [           main] o.s.b.f.s.DefaultListableBeanFactory     : Returning cached instance of singleton bean 'org.springframework.transaction.config.internalTransactionAdvisor'
2024-07-21T15:50:00.482+02:00 TRACE 248560 --- [crud-springboot] [           main] o.s.b.f.s.DefaultListableBeanFactory     : Finished creating instance of bean 'crudSpringbootApplication'
2024-07-21T15:50:00.482+02:00 TRACE 248560 --- [crud-springboot] [           main] o.s.b.f.s.DefaultListableBeanFactory     : Returning cached instance of singleton bean 'org.springframework.boot.autoconfigure.internalCachingMetadataReaderFactory'
2024-07-21T15:50:00.482+02:00 DEBUG 248560 --- [crud-springboot] [           main] o.s.b.f.s.DefaultListableBeanFactory     : Creating shared instance of singleton bean 'jwtUtils'
2024-07-21T15:50:00.482+02:00 TRACE 248560 --- [crud-springboot] [           main] o.s.b.f.s.DefaultListableBeanFactory     : Creating instance of bean 'jwtUtils'
2024-07-21T15:50:00.482+02:00 TRACE 248560 --- [crud-springboot] [           main] o.s.b.f.s.DefaultListableBeanFactory     : Returning cached instance of singleton bean 'org.springframework.transaction.config.internalTransactionAdvisor'
2024-07-21T15:50:00.484+02:00 TRACE 248560 --- [crud-springboot] [           main] o.s.c.e.PropertySourcesPropertyResolver  : Searching for key 'app.secret-key' in PropertySource 'environmentProperties'
2024-07-21T15:50:00.485+02:00 DEBUG 248560 --- [crud-springboot] [           main] o.s.c.e.PropertySourcesPropertyResolver  : Found key 'app.secret-key' in PropertySource 'environmentProperties' with value of type String
2024-07-21T15:50:00.485+02:00 TRACE 248560 --- [crud-springboot] [           main] o.s.util.PropertyPlaceholderHelper       : Resolved placeholder 'app.secret-key'
2024-07-21T15:50:00.485+02:00 TRACE 248560 --- [crud-springboot] [           main] o.s.c.e.PropertySourcesPropertyResolver  : Searching for key 'app.expiration-time' in PropertySource 'environmentProperties'
2024-07-21T15:50:00.485+02:00 DEBUG 248560 --- [crud-springboot] [           main] o.s.c.e.PropertySourcesPropertyResolver  : Found key 'app.expiration-time' in PropertySource 'environmentProperties' with value of type String
2024-07-21T15:50:00.485+02:00 TRACE 248560 --- [crud-springboot] [           main] o.s.util.PropertyPlaceholderHelper       : Resolved placeholder 'app.expiration-time'
2024-07-21T15:50:00.486+02:00 TRACE 248560 --- [crud-springboot] [           main] o.s.b.f.s.DefaultListableBeanFactory     : Returning cached instance of singleton bean 'org.springframework.transaction.config.internalTransactionAdvisor'
2024-07-21T15:50:00.486+02:00 TRACE 248560 --- [crud-springboot] [           main] o.s.b.f.s.DefaultListableBeanFactory     : Returning cached instance of singleton bean 'org.springframework.transaction.config.internalTransactionAdvisor'
2024-07-21T15:50:00.486+02:00 TRACE 248560 --- [crud-springboot] [           main] o.s.b.f.s.DefaultListableBeanFactory     : Finished creating instance of bean 'jwtUtils'
2024-07-21T15:50:00.486+02:00 DEBUG 248560 --- [crud-springboot] [           main] o.s.b.f.s.DefaultListableBeanFactory     : Creating shared instance of singleton bean 'securityConfig'
2024-07-21T15:50:00.486+02:00 TRACE 248560 --- [crud-springboot] [           main] o.s.b.f.s.DefaultListableBeanFactory     : Creating instance of bean 'securityConfig'
2024-07-21T15:50:00.486+02:00 TRACE 248560 --- [crud-springboot] [           main] o.s.b.f.s.DefaultListableBeanFactory     : Returning cached instance of singleton bean 'org.springframework.transaction.config.internalTransactionAdvisor'
2024-07-21T15:50:00.488+02:00 DEBUG 248560 --- [crud-springboot] [           main] o.s.b.f.s.DefaultListableBeanFactory     : Creating shared instance of singleton bean 'customUserDetailsService'
2024-07-21T15:50:00.488+02:00 TRACE 248560 --- [crud-springboot] [           main] o.s.b.f.s.DefaultListableBeanFactory     : Creating instance of bean 'customUserDetailsService'
2024-07-21T15:50:00.488+02:00 TRACE 248560 --- [crud-springboot] [           main] o.s.b.f.s.DefaultListableBeanFactory     : Returning cached instance of singleton bean 'org.springframework.transaction.config.internalTransactionAdvisor'
2024-07-21T15:50:00.488+02:00 DEBUG 248560 --- [crud-springboot] [           main] o.s.b.f.s.DefaultListableBeanFactory     : Creating shared instance of singleton bean 'userRepository'
2024-07-21T15:50:00.488+02:00 TRACE 248560 --- [crud-springboot] [           main] o.s.b.f.s.DefaultListableBeanFactory     : Creating instance of bean 'userRepository'
2024-07-21T15:50:00.488+02:00 TRACE 248560 --- [crud-springboot] [           main] o.s.b.f.s.DefaultListableBeanFactory     : Returning cached instance of singleton bean 'org.springframework.transaction.config.internalTransactionAdvisor'
2024-07-21T15:50:00.488+02:00 TRACE 248560 --- [crud-springboot] [           main] o.s.beans.CachedIntrospectionResults     : Getting BeanInfo for class [org.springframework.data.jpa.repository.support.JpaRepositoryFactoryBean]
2024-07-21T15:50:00.489+02:00 TRACE 248560 --- [crud-springboot] [           main] o.s.beans.CachedIntrospectionResults     : Caching PropertyDescriptors for class [org.springframework.data.jpa.repository.support.JpaRepositoryFactoryBean]
2024-07-21T15:50:00.489+02:00 TRACE 248560 --- [crud-springboot] [           main] o.s.beans.CachedIntrospectionResults     : Found bean property 'applicationEventPublisher' of type [org.springframework.context.ApplicationEventPublisher]
2024-07-21T15:50:00.489+02:00 TRACE 248560 --- [crud-springboot] [           main] o.s.beans.CachedIntrospectionResults     : Found bean property 'beanClassLoader' of type [java.lang.ClassLoader]
2024-07-21T15:50:00.489+02:00 TRACE 248560 --- [crud-springboot] [           main] o.s.beans.CachedIntrospectionResults     : Found bean property 'beanFactory' of type [org.springframework.beans.factory.BeanFactory]
2024-07-21T15:50:00.489+02:00 TRACE 248560 --- [crud-springboot] [           main] o.s.beans.CachedIntrospectionResults     : Found bean property 'class' of type [java.lang.Class]
2024-07-21T15:50:00.489+02:00 TRACE 248560 --- [crud-springboot] [           main] o.s.beans.CachedIntrospectionResults     : Found bean property 'customImplementation' of type [java.lang.Object]
2024-07-21T15:50:00.489+02:00 TRACE 248560 --- [crud-springboot] [           main] o.s.beans.CachedIntrospectionResults     : Found bean property 'enableDefaultTransactions' of type [boolean]
2024-07-21T15:50:00.489+02:00 TRACE 248560 --- [crud-springboot] [           main] o.s.beans.CachedIntrospectionResults     : Found bean property 'entityInformation' of type [org.springframework.data.repository.core.EntityInformation]
2024-07-21T15:50:00.489+02:00 TRACE 248560 --- [crud-springboot] [           main] o.s.beans.CachedIntrospectionResults     : Found bean property 'entityManager' of type [jakarta.persistence.EntityManager]
2024-07-21T15:50:00.489+02:00 TRACE 248560 --- [crud-springboot] [           main] o.s.beans.CachedIntrospectionResults     : Found bean property 'entityPathResolver' of type [org.springframework.beans.factory.ObjectProvider]
2024-07-21T15:50:00.489+02:00 TRACE 248560 --- [crud-springboot] [           main] o.s.beans.CachedIntrospectionResults     : Found bean property 'escapeCharacter' of type [char]
2024-07-21T15:50:00.489+02:00 TRACE 248560 --- [crud-springboot] [           main] o.s.beans.CachedIntrospectionResults     : Found bean property 'evaluationContextProvider' of type [org.springframework.data.repository.query.QueryMethodEvaluationContextProvider]
2024-07-21T15:50:00.489+02:00 TRACE 248560 --- [crud-springboot] [           main] o.s.beans.CachedIntrospectionResults     : Found bean property 'lazyInit' of type [boolean]
2024-07-21T15:50:00.490+02:00 TRACE 248560 --- [crud-springboot] [           main] o.s.beans.CachedIntrospectionResults     : Found bean property 'mappingContext' of type [org.springframework.data.mapping.context.MappingContext]
2024-07-21T15:50:00.490+02:00 TRACE 248560 --- [crud-springboot] [           main] o.s.beans.CachedIntrospectionResults     : Found bean property 'namedQueries' of type [org.springframework.data.repository.core.NamedQueries]
2024-07-21T15:50:00.490+02:00 TRACE 248560 --- [crud-springboot] [           main] o.s.beans.CachedIntrospectionResults     : Found bean property 'object' of type [org.springframework.data.repository.Repository]
2024-07-21T15:50:00.490+02:00 TRACE 248560 --- [crud-springboot] [           main] o.s.beans.CachedIntrospectionResults     : Found bean property 'objectType' of type [java.lang.Class]
2024-07-21T15:50:00.490+02:00 TRACE 248560 --- [crud-springboot] [           main] o.s.beans.CachedIntrospectionResults     : Found bean property 'persistentEntity' of type [org.springframework.data.mapping.PersistentEntity]
2024-07-21T15:50:00.490+02:00 TRACE 248560 --- [crud-springboot] [           main] o.s.beans.CachedIntrospectionResults     : Found bean property 'queryLookupStrategyKey' of type [org.springframework.data.repository.query.QueryLookupStrategy$Key]
2024-07-21T15:50:00.490+02:00 TRACE 248560 --- [crud-springboot] [           main] o.s.beans.CachedIntrospectionResults     : Found bean property 'queryMethodFactory' of type [org.springframework.data.jpa.repository.query.JpaQueryMethodFactory]
2024-07-21T15:50:00.491+02:00 TRACE 248560 --- [crud-springboot] [           main] o.s.beans.CachedIntrospectionResults     : Found bean property 'queryMethods' of type [java.util.List]
2024-07-21T15:50:00.491+02:00 TRACE 248560 --- [crud-springboot] [           main] o.s.beans.CachedIntrospectionResults     : Found bean property 'repositoryBaseClass' of type [java.lang.Class]
2024-07-21T15:50:00.491+02:00 TRACE 248560 --- [crud-springboot] [           main] o.s.beans.CachedIntrospectionResults     : Found bean property 'repositoryFragments' of type [org.springframework.data.repository.core.support.RepositoryComposition$RepositoryFragments]
2024-07-21T15:50:00.491+02:00 TRACE 248560 --- [crud-springboot] [           main] o.s.beans.CachedIntrospectionResults     : Found bean property 'repositoryInformation' of type [org.springframework.data.repository.core.RepositoryInformation]
2024-07-21T15:50:00.491+02:00 TRACE 248560 --- [crud-springboot] [           main] o.s.beans.CachedIntrospectionResults     : Found bean property 'singleton' of type [boolean]
2024-07-21T15:50:00.491+02:00 TRACE 248560 --- [crud-springboot] [           main] o.s.beans.CachedIntrospectionResults     : Found bean property 'transactionManager' of type [java.lang.String]
2024-07-21T15:50:00.494+02:00 DEBUG 248560 --- [crud-springboot] [           main] o.s.b.f.s.DefaultListableBeanFactory     : Creating shared instance of singleton bean 'jpa.named-queries#5'
2024-07-21T15:50:00.494+02:00 TRACE 248560 --- [crud-springboot] [           main] o.s.b.f.s.DefaultListableBeanFactory     : Creating instance of bean 'jpa.named-queries#5'
2024-07-21T15:50:00.494+02:00 TRACE 248560 --- [crud-springboot] [           main] o.s.b.f.s.DefaultListableBeanFactory     : Returning cached instance of singleton bean 'org.springframework.transaction.config.internalTransactionAdvisor'
2024-07-21T15:50:00.495+02:00 TRACE 248560 --- [crud-springboot] [           main] o.s.beans.CachedIntrospectionResults     : Getting BeanInfo for class [org.springframework.data.repository.config.PropertiesBasedNamedQueriesFactoryBean]
2024-07-21T15:50:00.495+02:00 TRACE 248560 --- [crud-springboot] [           main] o.s.beans.CachedIntrospectionResults     : Caching PropertyDescriptors for class [org.springframework.data.repository.config.PropertiesBasedNamedQueriesFactoryBean]
2024-07-21T15:50:00.495+02:00 TRACE 248560 --- [crud-springboot] [           main] o.s.beans.CachedIntrospectionResults     : Found bean property 'class' of type [java.lang.Class]
2024-07-21T15:50:00.495+02:00 TRACE 248560 --- [crud-springboot] [           main] o.s.beans.CachedIntrospectionResults     : Found bean property 'fileEncoding' of type [java.lang.String]
2024-07-21T15:50:00.495+02:00 TRACE 248560 --- [crud-springboot] [           main] o.s.beans.CachedIntrospectionResults     : Found bean property 'ignoreResourceNotFound' of type [boolean]
2024-07-21T15:50:00.495+02:00 TRACE 248560 --- [crud-springboot] [           main] o.s.beans.CachedIntrospectionResults     : Found bean property 'localOverride' of type [boolean]
2024-07-21T15:50:00.495+02:00 TRACE 248560 --- [crud-springboot] [           main] o.s.beans.CachedIntrospectionResults     : Found bean property 'location' of type [org.springframework.core.io.Resource]
2024-07-21T15:50:00.495+02:00 TRACE 248560 --- [crud-springboot] [           main] o.s.beans.CachedIntrospectionResults     : Found bean property 'locations' of type [[Lorg.springframework.core.io.Resource;]
2024-07-21T15:50:00.495+02:00 TRACE 248560 --- [crud-springboot] [           main] o.s.beans.CachedIntrospectionResults     : Found bean property 'object' of type [java.lang.Object]
2024-07-21T15:50:00.495+02:00 TRACE 248560 --- [crud-springboot] [           main] o.s.beans.CachedIntrospectionResults     : Found bean property 'objectType' of type [java.lang.Class]
2024-07-21T15:50:00.495+02:00 TRACE 248560 --- [crud-springboot] [           main] o.s.beans.CachedIntrospectionResults     : Found bean property 'properties' of type [java.util.Properties]
2024-07-21T15:50:00.495+02:00 TRACE 248560 --- [crud-springboot] [           main] o.s.beans.CachedIntrospectionResults     : Found bean property 'propertiesArray' of type [[Ljava.util.Properties;]
2024-07-21T15:50:00.495+02:00 TRACE 248560 --- [crud-springboot] [           main] o.s.beans.CachedIntrospectionResults     : Found bean property 'propertiesPersister' of type [org.springframework.util.PropertiesPersister]
2024-07-21T15:50:00.495+02:00 TRACE 248560 --- [crud-springboot] [           main] o.s.beans.CachedIntrospectionResults     : Found bean property 'singleton' of type [boolean]
2024-07-21T15:50:00.496+02:00 TRACE 248560 --- [crud-springboot] [           main] o.s.beans.TypeConverterDelegate          : Converting String to [class [Lorg.springframework.core.io.Resource;] using property editor [org.springframework.core.io.support.ResourceArrayPropertyEditor@4c6eaa65]
2024-07-21T15:50:00.496+02:00 TRACE 248560 --- [crud-springboot] [           main] .i.s.PathMatchingResourcePatternResolver : Resolved module-path location pattern [META-INF/jpa-named-queries.properties] to resources []
2024-07-21T15:50:00.496+02:00 TRACE 248560 --- [crud-springboot] [           main] .i.s.PathMatchingResourcePatternResolver : Resolved class path location [META-INF/jpa-named-queries.properties] to resources []
2024-07-21T15:50:00.496+02:00 TRACE 248560 --- [crud-springboot] [           main] o.s.b.f.s.DefaultListableBeanFactory     : Invoking afterPropertiesSet() on bean with name 'jpa.named-queries#5'
2024-07-21T15:50:00.496+02:00 TRACE 248560 --- [crud-springboot] [           main] o.s.b.f.s.DefaultListableBeanFactory     : Returning cached instance of singleton bean 'org.springframework.transaction.config.internalTransactionAdvisor'
2024-07-21T15:50:00.496+02:00 TRACE 248560 --- [crud-springboot] [           main] o.s.b.f.s.DefaultListableBeanFactory     : Returning cached instance of singleton bean 'org.springframework.transaction.config.internalTransactionAdvisor'
2024-07-21T15:50:00.497+02:00 TRACE 248560 --- [crud-springboot] [           main] o.s.b.f.s.DefaultListableBeanFactory     : Finished creating instance of bean 'jpa.named-queries#5'
2024-07-21T15:50:00.497+02:00 TRACE 248560 --- [crud-springboot] [           main] o.s.b.f.s.DefaultListableBeanFactory     : Returning cached instance of singleton bean 'org.springframework.transaction.config.internalTransactionAdvisor'
2024-07-21T15:50:00.497+02:00 TRACE 248560 --- [crud-springboot] [           main] o.s.b.f.s.DefaultListableBeanFactory     : Returning cached instance of singleton bean 'org.springframework.transaction.config.internalTransactionAdvisor'
2024-07-21T15:50:00.497+02:00 DEBUG 248560 --- [crud-springboot] [           main] o.s.b.f.s.DefaultListableBeanFactory     : Creating shared instance of singleton bean 'jpa.UserRepository.fragments#0'
2024-07-21T15:50:00.498+02:00 TRACE 248560 --- [crud-springboot] [           main] o.s.b.f.s.DefaultListableBeanFactory     : Creating instance of bean 'jpa.UserRepository.fragments#0'
2024-07-21T15:50:00.498+02:00 TRACE 248560 --- [crud-springboot] [           main] o.s.b.f.s.DefaultListableBeanFactory     : Returning cached instance of singleton bean 'org.springframework.transaction.config.internalTransactionAdvisor'
2024-07-21T15:50:00.498+02:00 TRACE 248560 --- [crud-springboot] [           main] o.s.b.f.s.DefaultListableBeanFactory     : Invoking afterPropertiesSet() on bean with name 'jpa.UserRepository.fragments#0'
2024-07-21T15:50:00.498+02:00 TRACE 248560 --- [crud-springboot] [           main] o.s.b.f.s.DefaultListableBeanFactory     : Returning cached instance of singleton bean 'org.springframework.transaction.config.internalTransactionAdvisor'
2024-07-21T15:50:00.498+02:00 TRACE 248560 --- [crud-springboot] [           main] o.s.b.f.s.DefaultListableBeanFactory     : Returning cached instance of singleton bean 'org.springframework.transaction.config.internalTransactionAdvisor'
2024-07-21T15:50:00.499+02:00 TRACE 248560 --- [crud-springboot] [           main] o.s.b.f.s.DefaultListableBeanFactory     : Finished creating instance of bean 'jpa.UserRepository.fragments#0'
2024-07-21T15:50:00.499+02:00 TRACE 248560 --- [crud-springboot] [           main] o.s.b.f.s.DefaultListableBeanFactory     : Returning cached instance of singleton bean 'org.springframework.transaction.config.internalTransactionAdvisor'
2024-07-21T15:50:00.499+02:00 TRACE 248560 --- [crud-springboot] [           main] o.s.b.f.s.DefaultListableBeanFactory     : Returning cached instance of singleton bean 'org.springframework.transaction.config.internalTransactionAdvisor'
2024-07-21T15:50:00.502+02:00 DEBUG 248560 --- [crud-springboot] [           main] o.s.b.f.s.DefaultListableBeanFactory     : Creating shared instance of singleton bean 'jpaSharedEM_entityManagerFactory'
2024-07-21T15:50:00.502+02:00 TRACE 248560 --- [crud-springboot] [           main] o.s.b.f.s.DefaultListableBeanFactory     : Creating instance of bean 'jpaSharedEM_entityManagerFactory'
2024-07-21T15:50:00.502+02:00 TRACE 248560 --- [crud-springboot] [           main] o.s.b.f.s.DefaultListableBeanFactory     : Returning cached instance of singleton bean 'org.springframework.transaction.config.internalTransactionAdvisor'
2024-07-21T15:50:00.502+02:00 TRACE 248560 --- [crud-springboot] [           main] o.s.b.f.s.DefaultListableBeanFactory     : Returning cached instance of singleton bean 'entityManagerFactory'
2024-07-21T15:50:00.502+02:00 TRACE 248560 --- [crud-springboot] [           main] o.s.b.f.s.DefaultListableBeanFactory     : Returning cached instance of singleton bean 'org.springframework.transaction.config.internalTransactionAdvisor'
2024-07-21T15:50:00.502+02:00 TRACE 248560 --- [crud-springboot] [           main] o.s.b.f.s.DefaultListableBeanFactory     : Returning cached instance of singleton bean 'org.springframework.transaction.config.internalTransactionAdvisor'
2024-07-21T15:50:00.505+02:00 TRACE 248560 --- [crud-springboot] [           main] o.s.b.f.s.DefaultListableBeanFactory     : Ignoring factory method [public static jakarta.persistence.EntityManager org.springframework.orm.jpa.SharedEntityManagerCreator.createSharedEntityManager(jakarta.persistence.EntityManagerFactory,java.util.Map,boolean,java.lang.Class[])] of bean 'jpaSharedEM_entityManagerFactory': org.springframework.beans.factory.UnsatisfiedDependencyException: Error creating bean with name 'jpaSharedEM_entityManagerFactory': Unsatisfied dependency expressed through method 'createSharedEntityManager' parameter 1: Ambiguous argument values for parameter of type [java.util.Map] - did you specify the correct bean references as arguments?
2024-07-21T15:50:00.505+02:00 TRACE 248560 --- [crud-springboot] [           main] o.s.b.f.s.DefaultListableBeanFactory     : Ignoring factory method [public static jakarta.persistence.EntityManager org.springframework.orm.jpa.SharedEntityManagerCreator.createSharedEntityManager(jakarta.persistence.EntityManagerFactory,java.util.Map,boolean)] of bean 'jpaSharedEM_entityManagerFactory': org.springframework.beans.factory.UnsatisfiedDependencyException: Error creating bean with name 'jpaSharedEM_entityManagerFactory': Unsatisfied dependency expressed through method 'createSharedEntityManager' parameter 1: Ambiguous argument values for parameter of type [java.util.Map] - did you specify the correct bean references as arguments?
2024-07-21T15:50:00.506+02:00 TRACE 248560 --- [crud-springboot] [           main] o.s.b.f.s.DefaultListableBeanFactory     : Ignoring factory method [public static jakarta.persistence.EntityManager org.springframework.orm.jpa.SharedEntityManagerCreator.createSharedEntityManager(jakarta.persistence.EntityManagerFactory,java.util.Map,java.lang.Class[])] of bean 'jpaSharedEM_entityManagerFactory': org.springframework.beans.factory.UnsatisfiedDependencyException: Error creating bean with name 'jpaSharedEM_entityManagerFactory': Unsatisfied dependency expressed through method 'createSharedEntityManager' parameter 1: Ambiguous argument values for parameter of type [java.util.Map] - did you specify the correct bean references as arguments?
2024-07-21T15:50:00.506+02:00 TRACE 248560 --- [crud-springboot] [           main] o.s.b.f.s.DefaultListableBeanFactory     : Ignoring factory method [public static jakarta.persistence.EntityManager org.springframework.orm.jpa.SharedEntityManagerCreator.createSharedEntityManager(jakarta.persistence.EntityManagerFactory,java.util.Map)] of bean 'jpaSharedEM_entityManagerFactory': org.springframework.beans.factory.UnsatisfiedDependencyException: Error creating bean with name 'jpaSharedEM_entityManagerFactory': Unsatisfied dependency expressed through method 'createSharedEntityManager' parameter 1: Ambiguous argument values for parameter of type [java.util.Map] - did you specify the correct bean references as arguments?
2024-07-21T15:50:00.529+02:00 TRACE 248560 --- [crud-springboot] [           main] o.s.b.f.s.DefaultListableBeanFactory     : Returning cached instance of singleton bean 'org.springframework.transaction.config.internalTransactionAdvisor'
2024-07-21T15:50:00.529+02:00 TRACE 248560 --- [crud-springboot] [           main] o.s.b.f.s.DefaultListableBeanFactory     : Returning cached instance of singleton bean 'org.springframework.transaction.config.internalTransactionAdvisor'
2024-07-21T15:50:00.533+02:00 TRACE 248560 --- [crud-springboot] [           main] o.s.b.f.s.DefaultListableBeanFactory     : Finished creating instance of bean 'jpaSharedEM_entityManagerFactory'
2024-07-21T15:50:00.534+02:00 DEBUG 248560 --- [crud-springboot] [           main] o.s.b.f.s.DefaultListableBeanFactory     : Creating shared instance of singleton bean 'jpaMappingContext'
2024-07-21T15:50:00.534+02:00 TRACE 248560 --- [crud-springboot] [           main] o.s.b.f.s.DefaultListableBeanFactory     : Creating instance of bean 'jpaMappingContext'
2024-07-21T15:50:00.534+02:00 TRACE 248560 --- [crud-springboot] [           main] o.s.b.f.s.DefaultListableBeanFactory     : Returning cached instance of singleton bean 'org.springframework.transaction.config.internalTransactionAdvisor'
2024-07-21T15:50:00.535+02:00 TRACE 248560 --- [crud-springboot] [           main] o.s.b.f.s.DefaultListableBeanFactory     : Invoking afterPropertiesSet() on bean with name 'jpaMappingContext'
2024-07-21T15:50:00.535+02:00 DEBUG 248560 --- [crud-springboot] [           main] .c.JpaMetamodelMappingContextFactoryBean : Initializing JpaMetamodelMappingContext…
2024-07-21T15:50:00.537+02:00 TRACE 248560 --- [crud-springboot] [           main] o.s.b.f.s.DefaultListableBeanFactory     : Returning cached instance of singleton bean 'entityManagerFactory'
2024-07-21T15:50:00.546+02:00 DEBUG 248560 --- [crud-springboot] [           main] .c.JpaMetamodelMappingContextFactoryBean : Finished initializing JpaMetamodelMappingContext
2024-07-21T15:50:00.546+02:00 TRACE 248560 --- [crud-springboot] [           main] o.s.b.f.s.DefaultListableBeanFactory     : Returning cached instance of singleton bean 'org.springframework.transaction.config.internalTransactionAdvisor'
2024-07-21T15:50:00.546+02:00 TRACE 248560 --- [crud-springboot] [           main] o.s.b.f.s.DefaultListableBeanFactory     : Returning cached instance of singleton bean 'org.springframework.transaction.config.internalTransactionAdvisor'
2024-07-21T15:50:00.547+02:00 TRACE 248560 --- [crud-springboot] [           main] o.s.b.f.s.DefaultListableBeanFactory     : Finished creating instance of bean 'jpaMappingContext'
2024-07-21T15:50:00.547+02:00 TRACE 248560 --- [crud-springboot] [           main] o.s.b.f.s.DefaultListableBeanFactory     : Returning cached instance of singleton bean 'org.springframework.transaction.config.internalTransactionAdvisor'
2024-07-21T15:50:00.547+02:00 TRACE 248560 --- [crud-springboot] [           main] o.s.b.f.s.DefaultListableBeanFactory     : Returning cached instance of singleton bean 'org.springframework.transaction.config.internalTransactionAdvisor'
2024-07-21T15:50:00.554+02:00 TRACE 248560 --- [crud-springboot] [           main] o.s.b.f.s.DefaultListableBeanFactory     : Invoking afterPropertiesSet() on bean with name 'userRepository'
2024-07-21T15:50:00.557+02:00 TRACE 248560 --- [crud-springboot] [           main] o.s.c.io.support.SpringFactoriesLoader   : Loaded [org.springframework.data.util.CustomCollectionRegistrar] names: [org.springframework.data.util.CustomCollections.VavrCollections, org.springframework.data.util.CustomCollections.EclipseCollections]
2024-07-21T15:50:00.564+02:00 DEBUG 248560 --- [crud-springboot] [           main] tor$SharedEntityManagerInvocationHandler : Creating new EntityManager for shared EntityManager invocation
2024-07-21T15:50:00.596+02:00 DEBUG 248560 --- [crud-springboot] [           main] tor$SharedEntityManagerInvocationHandler : Creating new EntityManager for shared EntityManager invocation
2024-07-21T15:50:00.600+02:00 TRACE 248560 --- [crud-springboot] [           main] o.s.c.io.support.SpringFactoriesLoader   : Loaded [org.springframework.data.util.ProxyUtils$ProxyDetector] names: [org.springframework.data.jpa.util.HibernateProxyDetector]
2024-07-21T15:50:00.619+02:00 TRACE 248560 --- [crud-springboot] [           main] o.s.beans.CachedIntrospectionResults     : Getting BeanInfo for class [com.cwa.crudspringboot.entity.User]
2024-07-21T15:50:00.619+02:00 TRACE 248560 --- [crud-springboot] [           main] o.s.beans.CachedIntrospectionResults     : Caching PropertyDescriptors for class [com.cwa.crudspringboot.entity.User]
2024-07-21T15:50:00.619+02:00 TRACE 248560 --- [crud-springboot] [           main] o.s.beans.CachedIntrospectionResults     : Found bean property 'card' of type [com.cwa.crudspringboot.entity.Card]
2024-07-21T15:50:00.619+02:00 TRACE 248560 --- [crud-springboot] [           main] o.s.beans.CachedIntrospectionResults     : Found bean property 'class' of type [java.lang.Class]
2024-07-21T15:50:00.619+02:00 TRACE 248560 --- [crud-springboot] [           main] o.s.beans.CachedIntrospectionResults     : Found bean property 'color' of type [java.lang.String]
2024-07-21T15:50:00.619+02:00 TRACE 248560 --- [crud-springboot] [           main] o.s.beans.CachedIntrospectionResults     : Found bean property 'contact' of type [java.lang.String]
2024-07-21T15:50:00.619+02:00 TRACE 248560 --- [crud-springboot] [           main] o.s.beans.CachedIntrospectionResults     : Found bean property 'displayName' of type [java.lang.String]
2024-07-21T15:50:00.619+02:00 TRACE 248560 --- [crud-springboot] [           main] o.s.beans.CachedIntrospectionResults     : Found bean property 'id' of type [java.lang.Long]
2024-07-21T15:50:00.619+02:00 TRACE 248560 --- [crud-springboot] [           main] o.s.beans.CachedIntrospectionResults     : Found bean property 'isConfigured' of type [java.lang.Boolean]
2024-07-21T15:50:00.619+02:00 TRACE 248560 --- [crud-springboot] [           main] o.s.beans.CachedIntrospectionResults     : Found bean property 'location' of type [java.lang.String]
2024-07-21T15:50:00.619+02:00 TRACE 248560 --- [crud-springboot] [           main] o.s.beans.CachedIntrospectionResults     : Found bean property 'password' of type [java.lang.String]
2024-07-21T15:50:00.620+02:00 TRACE 248560 --- [crud-springboot] [           main] o.s.beans.CachedIntrospectionResults     : Found bean property 'role' of type [java.lang.String]
2024-07-21T15:50:00.620+02:00 TRACE 248560 --- [crud-springboot] [           main] o.s.beans.CachedIntrospectionResults     : Found bean property 'url' of type [java.lang.String]
2024-07-21T15:50:00.620+02:00 TRACE 248560 --- [crud-springboot] [           main] o.s.beans.CachedIntrospectionResults     : Found bean property 'username' of type [java.lang.String]
2024-07-21T15:50:00.673+02:00 TRACE 248560 --- [crud-springboot] [           main] o.s.beans.CachedIntrospectionResults     : Getting BeanInfo for class [com.cwa.crudspringboot.entity.Card]
2024-07-21T15:50:00.674+02:00 TRACE 248560 --- [crud-springboot] [           main] o.s.beans.CachedIntrospectionResults     : Caching PropertyDescriptors for class [com.cwa.crudspringboot.entity.Card]
2024-07-21T15:50:00.674+02:00 TRACE 248560 --- [crud-springboot] [           main] o.s.beans.CachedIntrospectionResults     : Found bean property 'class' of type [java.lang.Class]
2024-07-21T15:50:00.674+02:00 TRACE 248560 --- [crud-springboot] [           main] o.s.beans.CachedIntrospectionResults     : Found bean property 'id' of type [java.lang.Long]
2024-07-21T15:50:00.674+02:00 TRACE 248560 --- [crud-springboot] [           main] o.s.beans.CachedIntrospectionResults     : Found bean property 'menus' of type [java.util.Set]
2024-07-21T15:50:00.674+02:00 TRACE 248560 --- [crud-springboot] [           main] o.s.beans.CachedIntrospectionResults     : Found bean property 'name' of type [java.lang.String]
2024-07-21T15:50:00.680+02:00 TRACE 248560 --- [crud-springboot] [           main] o.s.beans.CachedIntrospectionResults     : Getting BeanInfo for class [com.cwa.crudspringboot.entity.Menu]
2024-07-21T15:50:00.681+02:00 TRACE 248560 --- [crud-springboot] [           main] o.s.beans.CachedIntrospectionResults     : Caching PropertyDescriptors for class [com.cwa.crudspringboot.entity.Menu]
2024-07-21T15:50:00.681+02:00 TRACE 248560 --- [crud-springboot] [           main] o.s.beans.CachedIntrospectionResults     : Found bean property 'card' of type [com.cwa.crudspringboot.entity.Card]
2024-07-21T15:50:00.681+02:00 TRACE 248560 --- [crud-springboot] [           main] o.s.beans.CachedIntrospectionResults     : Found bean property 'class' of type [java.lang.Class]
2024-07-21T15:50:00.681+02:00 TRACE 248560 --- [crud-springboot] [           main] o.s.beans.CachedIntrospectionResults     : Found bean property 'dishes' of type [java.util.Set]
2024-07-21T15:50:00.681+02:00 TRACE 248560 --- [crud-springboot] [           main] o.s.beans.CachedIntrospectionResults     : Found bean property 'id' of type [java.lang.Long]
2024-07-21T15:50:00.681+02:00 TRACE 248560 --- [crud-springboot] [           main] o.s.beans.CachedIntrospectionResults     : Found bean property 'name' of type [java.lang.String]
2024-07-21T15:50:00.691+02:00 TRACE 248560 --- [crud-springboot] [           main] o.s.beans.CachedIntrospectionResults     : Getting BeanInfo for class [com.cwa.crudspringboot.entity.Dish]
2024-07-21T15:50:00.691+02:00 TRACE 248560 --- [crud-springboot] [           main] o.s.beans.CachedIntrospectionResults     : Caching PropertyDescriptors for class [com.cwa.crudspringboot.entity.Dish]
2024-07-21T15:50:00.691+02:00 TRACE 248560 --- [crud-springboot] [           main] o.s.beans.CachedIntrospectionResults     : Found bean property 'allergens' of type [java.util.Set]
2024-07-21T15:50:00.691+02:00 TRACE 248560 --- [crud-springboot] [           main] o.s.beans.CachedIntrospectionResults     : Found bean property 'class' of type [java.lang.Class]
2024-07-21T15:50:00.691+02:00 TRACE 248560 --- [crud-springboot] [           main] o.s.beans.CachedIntrospectionResults     : Found bean property 'id' of type [java.lang.Long]
2024-07-21T15:50:00.691+02:00 TRACE 248560 --- [crud-springboot] [           main] o.s.beans.CachedIntrospectionResults     : Found bean property 'ingredients' of type [java.util.Set]
2024-07-21T15:50:00.692+02:00 TRACE 248560 --- [crud-springboot] [           main] o.s.beans.CachedIntrospectionResults     : Found bean property 'menu' of type [com.cwa.crudspringboot.entity.Menu]
2024-07-21T15:50:00.692+02:00 TRACE 248560 --- [crud-springboot] [           main] o.s.beans.CachedIntrospectionResults     : Found bean property 'name' of type [java.lang.String]
2024-07-21T15:50:00.692+02:00 TRACE 248560 --- [crud-springboot] [           main] o.s.beans.CachedIntrospectionResults     : Found bean property 'type' of type [java.lang.String]
2024-07-21T15:50:00.700+02:00 TRACE 248560 --- [crud-springboot] [           main] o.s.beans.CachedIntrospectionResults     : Getting BeanInfo for class [com.cwa.crudspringboot.entity.Ingredient]
2024-07-21T15:50:00.700+02:00 TRACE 248560 --- [crud-springboot] [           main] o.s.beans.CachedIntrospectionResults     : Caching PropertyDescriptors for class [com.cwa.crudspringboot.entity.Ingredient]
2024-07-21T15:50:00.700+02:00 TRACE 248560 --- [crud-springboot] [           main] o.s.beans.CachedIntrospectionResults     : Found bean property 'class' of type [java.lang.Class]
2024-07-21T15:50:00.700+02:00 TRACE 248560 --- [crud-springboot] [           main] o.s.beans.CachedIntrospectionResults     : Found bean property 'dish' of type [com.cwa.crudspringboot.entity.Dish]
2024-07-21T15:50:00.700+02:00 TRACE 248560 --- [crud-springboot] [           main] o.s.beans.CachedIntrospectionResults     : Found bean property 'id' of type [java.lang.Long]
2024-07-21T15:50:00.700+02:00 TRACE 248560 --- [crud-springboot] [           main] o.s.beans.CachedIntrospectionResults     : Found bean property 'name' of type [java.lang.String]
2024-07-21T15:50:00.715+02:00 TRACE 248560 --- [crud-springboot] [           main] o.s.beans.CachedIntrospectionResults     : Getting BeanInfo for class [com.cwa.crudspringboot.entity.Allergen]
2024-07-21T15:50:00.715+02:00 TRACE 248560 --- [crud-springboot] [           main] o.s.beans.CachedIntrospectionResults     : Caching PropertyDescriptors for class [com.cwa.crudspringboot.entity.Allergen]
2024-07-21T15:50:00.715+02:00 TRACE 248560 --- [crud-springboot] [           main] o.s.beans.CachedIntrospectionResults     : Found bean property 'class' of type [java.lang.Class]
2024-07-21T15:50:00.715+02:00 TRACE 248560 --- [crud-springboot] [           main] o.s.beans.CachedIntrospectionResults     : Found bean property 'dish' of type [com.cwa.crudspringboot.entity.Dish]
2024-07-21T15:50:00.715+02:00 TRACE 248560 --- [crud-springboot] [           main] o.s.beans.CachedIntrospectionResults     : Found bean property 'id' of type [java.lang.Long]
2024-07-21T15:50:00.715+02:00 TRACE 248560 --- [crud-springboot] [           main] o.s.beans.CachedIntrospectionResults     : Found bean property 'name' of type [java.lang.String]
2024-07-21T15:50:00.724+02:00 DEBUG 248560 --- [crud-springboot] [           main] o.s.d.r.c.s.RepositoryFactorySupport     : Initializing repository instance for com.cwa.crudspringboot.repository.UserRepository…
2024-07-21T15:50:00.724+02:00 TRACE 248560 --- [crud-springboot] [           main] o.s.b.f.s.DefaultListableBeanFactory     : Returning cached instance of singleton bean 'applicationStartup'
2024-07-21T15:50:00.736+02:00 TRACE 248560 --- [crud-springboot] [           main] o.s.aop.framework.JdkDynamicAopProxy     : Creating JDK dynamic proxy: org.springframework.data.jpa.repository.support.CrudMethodMetadataPostProcessor$ThreadBoundTargetSource@5b2fc2c0
2024-07-21T15:50:00.755+02:00 DEBUG 248560 --- [crud-springboot] [           main] tor$SharedEntityManagerInvocationHandler : Creating new EntityManager for shared EntityManager invocation
2024-07-21T15:50:00.755+02:00 TRACE 248560 --- [crud-springboot] [           main] o.s.aop.framework.JdkDynamicAopProxy     : Creating JDK dynamic proxy: org.springframework.data.jpa.repository.support.CrudMethodMetadataPostProcessor$ThreadBoundTargetSource@4b808427
2024-07-21T15:50:00.826+02:00 DEBUG 248560 --- [crud-springboot] [           main] o.s.d.jpa.repository.query.NamedQuery    : Looking up named query User.findByUsername
2024-07-21T15:50:00.830+02:00 DEBUG 248560 --- [crud-springboot] [           main] o.s.d.jpa.repository.query.NamedQuery    : Did not find named query User.findByUsername
2024-07-21T15:50:00.833+02:00 DEBUG 248560 --- [crud-springboot] [           main] tor$SharedEntityManagerInvocationHandler : Creating new EntityManager for shared EntityManager invocation
2024-07-21T15:50:00.919+02:00 TRACE 248560 --- [crud-springboot] [           main] o.s.aop.framework.JdkDynamicAopProxy     : Creating JDK dynamic proxy: SingletonTargetSource for target object [org.springframework.data.jpa.repository.support.SimpleJpaRepository@7359f3ac]
2024-07-21T15:50:00.923+02:00 DEBUG 248560 --- [crud-springboot] [           main] o.s.d.r.c.s.RepositoryFactorySupport     : Finished creation of repository instance for com.cwa.crudspringboot.repository.UserRepository.
2024-07-21T15:50:00.924+02:00 TRACE 248560 --- [crud-springboot] [           main] o.s.b.f.s.DefaultListableBeanFactory     : Returning cached instance of singleton bean 'org.springframework.transaction.config.internalTransactionAdvisor'
2024-07-21T15:50:00.924+02:00 TRACE 248560 --- [crud-springboot] [           main] o.s.b.f.s.DefaultListableBeanFactory     : Returning cached instance of singleton bean 'org.springframework.transaction.config.internalTransactionAdvisor'
2024-07-21T15:50:00.926+02:00 TRACE 248560 --- [crud-springboot] [           main] o.s.b.f.s.DefaultListableBeanFactory     : Finished creating instance of bean 'userRepository'
2024-07-21T15:50:00.927+02:00 TRACE 248560 --- [crud-springboot] [           main] o.s.b.f.s.DefaultListableBeanFactory     : Returning cached instance of singleton bean 'org.springframework.transaction.config.internalTransactionAdvisor'
2024-07-21T15:50:00.927+02:00 TRACE 248560 --- [crud-springboot] [           main] o.s.b.f.s.DefaultListableBeanFactory     : Returning cached instance of singleton bean 'org.springframework.transaction.config.internalTransactionAdvisor'
2024-07-21T15:50:00.932+02:00 DEBUG 248560 --- [crud-springboot] [           main] o.s.b.f.s.DefaultListableBeanFactory     : Autowiring by type from bean name 'customUserDetailsService' via constructor to bean named 'userRepository'
2024-07-21T15:50:00.933+02:00 TRACE 248560 --- [crud-springboot] [           main] o.s.b.f.s.DefaultListableBeanFactory     : Returning cached instance of singleton bean 'org.springframework.transaction.config.internalTransactionAdvisor'
2024-07-21T15:50:00.933+02:00 TRACE 248560 --- [crud-springboot] [           main] o.s.b.f.s.DefaultListableBeanFactory     : Returning cached instance of singleton bean 'org.springframework.transaction.config.internalTransactionAdvisor'
2024-07-21T15:50:00.934+02:00 TRACE 248560 --- [crud-springboot] [           main] o.s.b.f.s.DefaultListableBeanFactory     : Finished creating instance of bean 'customUserDetailsService'
2024-07-21T15:50:00.935+02:00 TRACE 248560 --- [crud-springboot] [           main] o.s.b.f.s.DefaultListableBeanFactory     : Returning cached instance of singleton bean 'jwtUtils'
2024-07-21T15:50:00.935+02:00 DEBUG 248560 --- [crud-springboot] [           main] o.s.b.f.s.DefaultListableBeanFactory     : Autowiring by type from bean name 'securityConfig' via constructor to bean named 'customUserDetailsService'
2024-07-21T15:50:00.935+02:00 DEBUG 248560 --- [crud-springboot] [           main] o.s.b.f.s.DefaultListableBeanFactory     : Autowiring by type from bean name 'securityConfig' via constructor to bean named 'jwtUtils'
2024-07-21T15:50:00.936+02:00 TRACE 248560 --- [crud-springboot] [           main] o.s.b.f.s.DefaultListableBeanFactory     : Returning cached instance of singleton bean 'org.springframework.transaction.config.internalTransactionAdvisor'
2024-07-21T15:50:00.936+02:00 TRACE 248560 --- [crud-springboot] [           main] o.s.b.f.s.DefaultListableBeanFactory     : Returning cached instance of singleton bean 'org.springframework.transaction.config.internalTransactionAdvisor'
2024-07-21T15:50:00.937+02:00 TRACE 248560 --- [crud-springboot] [           main] o.s.b.f.s.DefaultListableBeanFactory     : Finished creating instance of bean 'securityConfig'
2024-07-21T15:50:00.937+02:00 DEBUG 248560 --- [crud-springboot] [           main] o.s.b.f.s.DefaultListableBeanFactory     : Creating shared instance of singleton bean 'apiResponse'
2024-07-21T15:50:00.937+02:00 TRACE 248560 --- [crud-springboot] [           main] o.s.b.f.s.DefaultListableBeanFactory     : Creating instance of bean 'apiResponse'
2024-07-21T15:50:00.937+02:00 TRACE 248560 --- [crud-springboot] [           main] o.s.b.f.s.DefaultListableBeanFactory     : Returning cached instance of singleton bean 'org.springframework.transaction.config.internalTransactionAdvisor'
2024-07-21T15:50:00.937+02:00 TRACE 248560 --- [crud-springboot] [           main] o.s.b.f.s.DefaultListableBeanFactory     : Returning cached instance of singleton bean 'org.springframework.transaction.config.internalTransactionAdvisor'
2024-07-21T15:50:00.937+02:00 TRACE 248560 --- [crud-springboot] [           main] o.s.b.f.s.DefaultListableBeanFactory     : Returning cached instance of singleton bean 'org.springframework.transaction.config.internalTransactionAdvisor'
2024-07-21T15:50:00.938+02:00 TRACE 248560 --- [crud-springboot] [           main] o.s.b.f.s.DefaultListableBeanFactory     : Finished creating instance of bean 'apiResponse'
2024-07-21T15:50:00.938+02:00 DEBUG 248560 --- [crud-springboot] [           main] o.s.b.f.s.DefaultListableBeanFactory     : Creating shared instance of singleton bean 'authController'
2024-07-21T15:50:00.938+02:00 TRACE 248560 --- [crud-springboot] [           main] o.s.b.f.s.DefaultListableBeanFactory     : Creating instance of bean 'authController'
2024-07-21T15:50:00.938+02:00 TRACE 248560 --- [crud-springboot] [           main] o.s.b.f.s.DefaultListableBeanFactory     : Returning cached instance of singleton bean 'org.springframework.transaction.config.internalTransactionAdvisor'
2024-07-21T15:50:00.941+02:00 TRACE 248560 --- [crud-springboot] [           main] o.s.b.f.s.DefaultListableBeanFactory     : Returning cached instance of singleton bean 'userRepository'
2024-07-21T15:50:00.942+02:00 DEBUG 248560 --- [crud-springboot] [           main] o.s.b.f.s.DefaultListableBeanFactory     : Creating shared instance of singleton bean 'passwordEncoder'
2024-07-21T15:50:00.942+02:00 TRACE 248560 --- [crud-springboot] [           main] o.s.b.f.s.DefaultListableBeanFactory     : Creating instance of bean 'passwordEncoder'
2024-07-21T15:50:00.942+02:00 TRACE 248560 --- [crud-springboot] [           main] o.s.b.f.s.DefaultListableBeanFactory     : Returning cached instance of singleton bean 'org.springframework.transaction.config.internalTransactionAdvisor'
2024-07-21T15:50:00.942+02:00 TRACE 248560 --- [crud-springboot] [           main] o.s.b.f.s.DefaultListableBeanFactory     : Returning cached instance of singleton bean 'securityConfig'
2024-07-21T15:50:00.945+02:00 TRACE 248560 --- [crud-springboot] [           main] o.s.b.f.s.DefaultListableBeanFactory     : Returning cached instance of singleton bean 'org.springframework.transaction.config.internalTransactionAdvisor'
2024-07-21T15:50:00.945+02:00 TRACE 248560 --- [crud-springboot] [           main] o.s.b.f.s.DefaultListableBeanFactory     : Returning cached instance of singleton bean 'org.springframework.transaction.config.internalTransactionAdvisor'
2024-07-21T15:50:00.946+02:00 TRACE 248560 --- [crud-springboot] [           main] o.s.b.f.s.DefaultListableBeanFactory     : Finished creating instance of bean 'passwordEncoder'
2024-07-21T15:50:00.946+02:00 TRACE 248560 --- [crud-springboot] [           main] o.s.b.f.s.DefaultListableBeanFactory     : Returning cached instance of singleton bean 'jwtUtils'
2024-07-21T15:50:00.947+02:00 DEBUG 248560 --- [crud-springboot] [           main] o.s.b.f.s.DefaultListableBeanFactory     : Creating shared instance of singleton bean 'authenticationManager'
2024-07-21T15:50:00.947+02:00 TRACE 248560 --- [crud-springboot] [           main] o.s.b.f.s.DefaultListableBeanFactory     : Creating instance of bean 'authenticationManager'
2024-07-21T15:50:00.947+02:00 TRACE 248560 --- [crud-springboot] [           main] o.s.b.f.s.DefaultListableBeanFactory     : Returning cached instance of singleton bean 'org.springframework.transaction.config.internalTransactionAdvisor'
2024-07-21T15:50:00.947+02:00 TRACE 248560 --- [crud-springboot] [           main] o.s.b.f.s.DefaultListableBeanFactory     : Returning cached instance of singleton bean 'securityConfig'
2024-07-21T15:50:00.948+02:00 TRACE 248560 --- [crud-springboot] [           main] o.s.b.f.s.DefaultListableBeanFactory     : Creating instance of bean 'org.springframework.security.config.annotation.web.configuration.HttpSecurityConfiguration.httpSecurity'
2024-07-21T15:50:00.949+02:00 TRACE 248560 --- [crud-springboot] [           main] o.s.b.f.s.DefaultListableBeanFactory     : Returning cached instance of singleton bean 'org.springframework.transaction.config.internalTransactionAdvisor'
2024-07-21T15:50:00.949+02:00 DEBUG 248560 --- [crud-springboot] [           main] o.s.b.f.s.DefaultListableBeanFactory     : Creating shared instance of singleton bean 'org.springframework.security.config.annotation.web.configuration.HttpSecurityConfiguration'
2024-07-21T15:50:00.949+02:00 TRACE 248560 --- [crud-springboot] [           main] o.s.b.f.s.DefaultListableBeanFactory     : Creating instance of bean 'org.springframework.security.config.annotation.web.configuration.HttpSecurityConfiguration'
2024-07-21T15:50:00.949+02:00 TRACE 248560 --- [crud-springboot] [           main] o.s.b.f.s.DefaultListableBeanFactory     : Returning cached instance of singleton bean 'org.springframework.transaction.config.internalTransactionAdvisor'
2024-07-21T15:50:00.953+02:00 TRACE 248560 --- [crud-springboot] [           main] o.s.beans.CachedIntrospectionResults     : Getting BeanInfo for class [org.springframework.security.config.annotation.web.configuration.HttpSecurityConfiguration]
2024-07-21T15:50:00.953+02:00 TRACE 248560 --- [crud-springboot] [           main] o.s.beans.CachedIntrospectionResults     : Caching PropertyDescriptors for class [org.springframework.security.config.annotation.web.configuration.HttpSecurityConfiguration]
2024-07-21T15:50:00.953+02:00 TRACE 248560 --- [crud-springboot] [           main] o.s.beans.CachedIntrospectionResults     : Found bean property 'class' of type [java.lang.Class]
2024-07-21T15:50:00.956+02:00 DEBUG 248560 --- [crud-springboot] [           main] o.s.b.f.s.DefaultListableBeanFactory     : Creating shared instance of singleton bean 'objectPostProcessor'
2024-07-21T15:50:00.956+02:00 TRACE 248560 --- [crud-springboot] [           main] o.s.b.f.s.DefaultListableBeanFactory     : Creating instance of bean 'objectPostProcessor'
2024-07-21T15:50:00.956+02:00 TRACE 248560 --- [crud-springboot] [           main] o.s.b.f.s.DefaultListableBeanFactory     : Returning cached instance of singleton bean 'org.springframework.transaction.config.internalTransactionAdvisor'
2024-07-21T15:50:00.956+02:00 DEBUG 248560 --- [crud-springboot] [           main] o.s.b.f.s.DefaultListableBeanFactory     : Creating shared instance of singleton bean 'org.springframework.security.config.annotation.configuration.ObjectPostProcessorConfiguration'
2024-07-21T15:50:00.956+02:00 TRACE 248560 --- [crud-springboot] [           main] o.s.b.f.s.DefaultListableBeanFactory     : Creating instance of bean 'org.springframework.security.config.annotation.configuration.ObjectPostProcessorConfiguration'
2024-07-21T15:50:00.956+02:00 TRACE 248560 --- [crud-springboot] [           main] o.s.b.f.s.DefaultListableBeanFactory     : Returning cached instance of singleton bean 'org.springframework.transaction.config.internalTransactionAdvisor'
2024-07-21T15:50:00.957+02:00 TRACE 248560 --- [crud-springboot] [           main] o.s.b.f.s.DefaultListableBeanFactory     : Returning cached instance of singleton bean 'org.springframework.transaction.config.internalTransactionAdvisor'
2024-07-21T15:50:00.957+02:00 TRACE 248560 --- [crud-springboot] [           main] o.s.b.f.s.DefaultListableBeanFactory     : Returning cached instance of singleton bean 'org.springframework.transaction.config.internalTransactionAdvisor'
2024-07-21T15:50:00.957+02:00 TRACE 248560 --- [crud-springboot] [           main] o.s.b.f.s.DefaultListableBeanFactory     : Finished creating instance of bean 'org.springframework.security.config.annotation.configuration.ObjectPostProcessorConfiguration'
2024-07-21T15:50:00.957+02:00 DEBUG 248560 --- [crud-springboot] [           main] o.s.b.f.s.DefaultListableBeanFactory     : Autowiring by type from bean name 'objectPostProcessor' via factory method to bean named 'org.springframework.beans.factory.support.DefaultListableBeanFactory@5fa05212'
2024-07-21T15:50:00.959+02:00 TRACE 248560 --- [crud-springboot] [           main] o.s.b.f.s.DefaultListableBeanFactory     : Returning cached instance of singleton bean 'org.springframework.transaction.config.internalTransactionAdvisor'
2024-07-21T15:50:00.959+02:00 TRACE 248560 --- [crud-springboot] [           main] o.s.b.f.s.DefaultListableBeanFactory     : Returning cached instance of singleton bean 'org.springframework.transaction.config.internalTransactionAdvisor'
2024-07-21T15:50:00.959+02:00 TRACE 248560 --- [crud-springboot] [           main] o.s.b.f.s.DefaultListableBeanFactory     : Finished creating instance of bean 'objectPostProcessor'
2024-07-21T15:50:00.960+02:00 TRACE 248560 --- [crud-springboot] [           main] f.a.AutowiredAnnotationBeanPostProcessor : Autowiring by type from bean name 'org.springframework.security.config.annotation.web.configuration.HttpSecurityConfiguration' to bean named 'objectPostProcessor'
2024-07-21T15:50:00.962+02:00 DEBUG 248560 --- [crud-springboot] [           main] o.s.b.f.s.DefaultListableBeanFactory     : Creating shared instance of singleton bean 'org.springframework.security.config.annotation.authentication.configuration.AuthenticationConfiguration'
2024-07-21T15:50:00.962+02:00 TRACE 248560 --- [crud-springboot] [           main] o.s.b.f.s.DefaultListableBeanFactory     : Creating instance of bean 'org.springframework.security.config.annotation.authentication.configuration.AuthenticationConfiguration'
2024-07-21T15:50:00.962+02:00 TRACE 248560 --- [crud-springboot] [           main] o.s.b.f.s.DefaultListableBeanFactory     : Returning cached instance of singleton bean 'org.springframework.transaction.config.internalTransactionAdvisor'
2024-07-21T15:50:00.962+02:00 TRACE 248560 --- [crud-springboot] [           main] o.s.beans.CachedIntrospectionResults     : Getting BeanInfo for class [org.springframework.security.config.annotation.authentication.configuration.AuthenticationConfiguration]
2024-07-21T15:50:00.963+02:00 TRACE 248560 --- [crud-springboot] [           main] o.s.beans.CachedIntrospectionResults     : Caching PropertyDescriptors for class [org.springframework.security.config.annotation.authentication.configuration.AuthenticationConfiguration]
2024-07-21T15:50:00.963+02:00 TRACE 248560 --- [crud-springboot] [           main] o.s.beans.CachedIntrospectionResults     : Found bean property 'applicationContext' of type [org.springframework.context.ApplicationContext]
2024-07-21T15:50:00.963+02:00 TRACE 248560 --- [crud-springboot] [           main] o.s.beans.CachedIntrospectionResults     : Found bean property 'authenticationManager' of type [org.springframework.security.authentication.AuthenticationManager]
2024-07-21T15:50:00.963+02:00 TRACE 248560 --- [crud-springboot] [           main] o.s.beans.CachedIntrospectionResults     : Found bean property 'class' of type [java.lang.Class]
2024-07-21T15:50:00.963+02:00 TRACE 248560 --- [crud-springboot] [           main] o.s.beans.CachedIntrospectionResults     : Found bean property 'globalAuthenticationConfigurers' of type [java.util.List]
2024-07-21T15:50:00.963+02:00 TRACE 248560 --- [crud-springboot] [           main] o.s.beans.CachedIntrospectionResults     : Found bean property 'objectPostProcessor' of type [org.springframework.security.config.annotation.ObjectPostProcessor]
2024-07-21T15:50:00.966+02:00 DEBUG 248560 --- [crud-springboot] [           main] o.s.b.f.s.DefaultListableBeanFactory     : Creating shared instance of singleton bean 'enableGlobalAuthenticationAutowiredConfigurer'
2024-07-21T15:50:00.966+02:00 TRACE 248560 --- [crud-springboot] [           main] o.s.b.f.s.DefaultListableBeanFactory     : Creating instance of bean 'enableGlobalAuthenticationAutowiredConfigurer'
2024-07-21T15:50:00.966+02:00 TRACE 248560 --- [crud-springboot] [           main] o.s.b.f.s.DefaultListableBeanFactory     : Returning cached instance of singleton bean 'org.springframework.transaction.config.internalTransactionAdvisor'
2024-07-21T15:50:00.967+02:00 DEBUG 248560 --- [crud-springboot] [           main] o.s.b.f.s.DefaultListableBeanFactory     : Autowiring by type from bean name 'enableGlobalAuthenticationAutowiredConfigurer' via factory method to bean named 'org.springframework.web.context.support.GenericWebApplicationContext@3574e198'
2024-07-21T15:50:00.969+02:00 TRACE 248560 --- [crud-springboot] [           main] o.s.b.f.s.DefaultListableBeanFactory     : Returning cached instance of singleton bean 'org.springframework.transaction.config.internalTransactionAdvisor'
2024-07-21T15:50:00.969+02:00 TRACE 248560 --- [crud-springboot] [           main] o.s.b.f.s.DefaultListableBeanFactory     : Returning cached instance of singleton bean 'org.springframework.transaction.config.internalTransactionAdvisor'
2024-07-21T15:50:00.970+02:00 TRACE 248560 --- [crud-springboot] [           main] o.s.b.f.s.DefaultListableBeanFactory     : Finished creating instance of bean 'enableGlobalAuthenticationAutowiredConfigurer'
2024-07-21T15:50:00.970+02:00 DEBUG 248560 --- [crud-springboot] [           main] o.s.b.f.s.DefaultListableBeanFactory     : Creating shared instance of singleton bean 'initializeUserDetailsBeanManagerConfigurer'
2024-07-21T15:50:00.970+02:00 TRACE 248560 --- [crud-springboot] [           main] o.s.b.f.s.DefaultListableBeanFactory     : Creating instance of bean 'initializeUserDetailsBeanManagerConfigurer'
2024-07-21T15:50:00.970+02:00 TRACE 248560 --- [crud-springboot] [           main] o.s.b.f.s.DefaultListableBeanFactory     : Returning cached instance of singleton bean 'org.springframework.transaction.config.internalTransactionAdvisor'
2024-07-21T15:50:00.970+02:00 DEBUG 248560 --- [crud-springboot] [           main] o.s.b.f.s.DefaultListableBeanFactory     : Autowiring by type from bean name 'initializeUserDetailsBeanManagerConfigurer' via factory method to bean named 'org.springframework.web.context.support.GenericWebApplicationContext@3574e198'
2024-07-21T15:50:00.971+02:00 TRACE 248560 --- [crud-springboot] [           main] o.s.b.f.s.DefaultListableBeanFactory     : Returning cached instance of singleton bean 'org.springframework.transaction.config.internalTransactionAdvisor'
2024-07-21T15:50:00.971+02:00 TRACE 248560 --- [crud-springboot] [           main] o.s.b.f.s.DefaultListableBeanFactory     : Returning cached instance of singleton bean 'org.springframework.transaction.config.internalTransactionAdvisor'
2024-07-21T15:50:00.972+02:00 TRACE 248560 --- [crud-springboot] [           main] o.s.b.f.s.DefaultListableBeanFactory     : Finished creating instance of bean 'initializeUserDetailsBeanManagerConfigurer'
2024-07-21T15:50:00.972+02:00 DEBUG 248560 --- [crud-springboot] [           main] o.s.b.f.s.DefaultListableBeanFactory     : Creating shared instance of singleton bean 'initializeAuthenticationProviderBeanManagerConfigurer'
2024-07-21T15:50:00.972+02:00 TRACE 248560 --- [crud-springboot] [           main] o.s.b.f.s.DefaultListableBeanFactory     : Creating instance of bean 'initializeAuthenticationProviderBeanManagerConfigurer'
2024-07-21T15:50:00.972+02:00 TRACE 248560 --- [crud-springboot] [           main] o.s.b.f.s.DefaultListableBeanFactory     : Returning cached instance of singleton bean 'org.springframework.transaction.config.internalTransactionAdvisor'
2024-07-21T15:50:00.972+02:00 DEBUG 248560 --- [crud-springboot] [           main] o.s.b.f.s.DefaultListableBeanFactory     : Autowiring by type from bean name 'initializeAuthenticationProviderBeanManagerConfigurer' via factory method to bean named 'org.springframework.web.context.support.GenericWebApplicationContext@3574e198'
2024-07-21T15:50:00.973+02:00 TRACE 248560 --- [crud-springboot] [           main] o.s.b.f.s.DefaultListableBeanFactory     : Returning cached instance of singleton bean 'org.springframework.transaction.config.internalTransactionAdvisor'
2024-07-21T15:50:00.973+02:00 TRACE 248560 --- [crud-springboot] [           main] o.s.b.f.s.DefaultListableBeanFactory     : Returning cached instance of singleton bean 'org.springframework.transaction.config.internalTransactionAdvisor'
2024-07-21T15:50:00.974+02:00 TRACE 248560 --- [crud-springboot] [           main] o.s.b.f.s.DefaultListableBeanFactory     : Finished creating instance of bean 'initializeAuthenticationProviderBeanManagerConfigurer'
2024-07-21T15:50:00.975+02:00 TRACE 248560 --- [crud-springboot] [           main] f.a.AutowiredAnnotationBeanPostProcessor : Autowiring by type from bean name 'org.springframework.security.config.annotation.authentication.configuration.AuthenticationConfiguration' to bean named 'enableGlobalAuthenticationAutowiredConfigurer'
2024-07-21T15:50:00.975+02:00 TRACE 248560 --- [crud-springboot] [           main] f.a.AutowiredAnnotationBeanPostProcessor : Autowiring by type from bean name 'org.springframework.security.config.annotation.authentication.configuration.AuthenticationConfiguration' to bean named 'initializeUserDetailsBeanManagerConfigurer'
2024-07-21T15:50:00.975+02:00 TRACE 248560 --- [crud-springboot] [           main] f.a.AutowiredAnnotationBeanPostProcessor : Autowiring by type from bean name 'org.springframework.security.config.annotation.authentication.configuration.AuthenticationConfiguration' to bean named 'initializeAuthenticationProviderBeanManagerConfigurer'
2024-07-21T15:50:00.975+02:00 TRACE 248560 --- [crud-springboot] [           main] f.a.AutowiredAnnotationBeanPostProcessor : Autowiring by type from bean name 'org.springframework.security.config.annotation.authentication.configuration.AuthenticationConfiguration' to bean named 'org.springframework.web.context.support.GenericWebApplicationContext@3574e198'
2024-07-21T15:50:00.976+02:00 TRACE 248560 --- [crud-springboot] [           main] o.s.b.f.s.DefaultListableBeanFactory     : Returning cached instance of singleton bean 'objectPostProcessor'
2024-07-21T15:50:00.976+02:00 TRACE 248560 --- [crud-springboot] [           main] f.a.AutowiredAnnotationBeanPostProcessor : Autowiring by type from bean name 'org.springframework.security.config.annotation.authentication.configuration.AuthenticationConfiguration' to bean named 'objectPostProcessor'
2024-07-21T15:50:00.976+02:00 TRACE 248560 --- [crud-springboot] [           main] o.s.b.f.s.DefaultListableBeanFactory     : Returning cached instance of singleton bean 'org.springframework.transaction.config.internalTransactionAdvisor'
2024-07-21T15:50:00.976+02:00 TRACE 248560 --- [crud-springboot] [           main] o.s.b.f.s.DefaultListableBeanFactory     : Returning cached instance of singleton bean 'org.springframework.transaction.config.internalTransactionAdvisor'
2024-07-21T15:50:00.977+02:00 TRACE 248560 --- [crud-springboot] [           main] o.s.b.f.s.DefaultListableBeanFactory     : Finished creating instance of bean 'org.springframework.security.config.annotation.authentication.configuration.AuthenticationConfiguration'
2024-07-21T15:50:00.977+02:00 TRACE 248560 --- [crud-springboot] [           main] f.a.AutowiredAnnotationBeanPostProcessor : Autowiring by type from bean name 'org.springframework.security.config.annotation.web.configuration.HttpSecurityConfiguration' to bean named 'org.springframework.security.config.annotation.authentication.configuration.AuthenticationConfiguration'
2024-07-21T15:50:00.977+02:00 TRACE 248560 --- [crud-springboot] [           main] f.a.AutowiredAnnotationBeanPostProcessor : Autowiring by type from bean name 'org.springframework.security.config.annotation.web.configuration.HttpSecurityConfiguration' to bean named 'org.springframework.web.context.support.GenericWebApplicationContext@3574e198'
2024-07-21T15:50:00.979+02:00 DEBUG 248560 --- [crud-springboot] [           main] o.s.b.f.s.DefaultListableBeanFactory     : Creating shared instance of singleton bean 'mvcContentNegotiationManager'
2024-07-21T15:50:00.979+02:00 TRACE 248560 --- [crud-springboot] [           main] o.s.b.f.s.DefaultListableBeanFactory     : Creating instance of bean 'mvcContentNegotiationManager'
2024-07-21T15:50:00.979+02:00 TRACE 248560 --- [crud-springboot] [           main] o.s.b.f.s.DefaultListableBeanFactory     : Returning cached instance of singleton bean 'org.springframework.transaction.config.internalTransactionAdvisor'
2024-07-21T15:50:00.979+02:00 DEBUG 248560 --- [crud-springboot] [           main] o.s.b.f.s.DefaultListableBeanFactory     : Creating shared instance of singleton bean 'org.springframework.boot.autoconfigure.web.servlet.WebMvcAutoConfiguration$EnableWebMvcConfiguration'
2024-07-21T15:50:00.979+02:00 TRACE 248560 --- [crud-springboot] [           main] o.s.b.f.s.DefaultListableBeanFactory     : Creating instance of bean 'org.springframework.boot.autoconfigure.web.servlet.WebMvcAutoConfiguration$EnableWebMvcConfiguration'
2024-07-21T15:50:00.979+02:00 TRACE 248560 --- [crud-springboot] [           main] o.s.b.f.s.DefaultListableBeanFactory     : Returning cached instance of singleton bean 'org.springframework.transaction.config.internalTransactionAdvisor'
2024-07-21T15:50:00.980+02:00 DEBUG 248560 --- [crud-springboot] [           main] o.s.b.f.s.DefaultListableBeanFactory     : Creating shared instance of singleton bean 'spring.mvc-org.springframework.boot.autoconfigure.web.servlet.WebMvcProperties'
2024-07-21T15:50:00.980+02:00 TRACE 248560 --- [crud-springboot] [           main] o.s.b.f.s.DefaultListableBeanFactory     : Creating instance of bean 'spring.mvc-org.springframework.boot.autoconfigure.web.servlet.WebMvcProperties'
2024-07-21T15:50:00.980+02:00 TRACE 248560 --- [crud-springboot] [           main] o.s.b.f.s.DefaultListableBeanFactory     : Returning cached instance of singleton bean 'org.springframework.transaction.config.internalTransactionAdvisor'
2024-07-21T15:50:00.985+02:00 TRACE 248560 --- [crud-springboot] [           main] o.s.b.f.s.DefaultListableBeanFactory     : Returning cached instance of singleton bean 'org.springframework.boot.context.properties.BoundConfigurationProperties'
2024-07-21T15:50:00.993+02:00 TRACE 248560 --- [crud-springboot] [           main] o.s.b.f.s.DefaultListableBeanFactory     : Returning cached instance of singleton bean 'org.springframework.transaction.config.internalTransactionAdvisor'
2024-07-21T15:50:00.993+02:00 TRACE 248560 --- [crud-springboot] [           main] o.s.b.f.s.DefaultListableBeanFactory     : Returning cached instance of singleton bean 'org.springframework.transaction.config.internalTransactionAdvisor'
2024-07-21T15:50:00.994+02:00 TRACE 248560 --- [crud-springboot] [           main] o.s.b.f.s.DefaultListableBeanFactory     : Finished creating instance of bean 'spring.mvc-org.springframework.boot.autoconfigure.web.servlet.WebMvcProperties'
2024-07-21T15:50:00.995+02:00 DEBUG 248560 --- [crud-springboot] [           main] o.s.b.f.s.DefaultListableBeanFactory     : Creating shared instance of singleton bean 'spring.web-org.springframework.boot.autoconfigure.web.WebProperties'
2024-07-21T15:50:00.995+02:00 TRACE 248560 --- [crud-springboot] [           main] o.s.b.f.s.DefaultListableBeanFactory     : Creating instance of bean 'spring.web-org.springframework.boot.autoconfigure.web.WebProperties'
2024-07-21T15:50:00.995+02:00 TRACE 248560 --- [crud-springboot] [           main] o.s.b.f.s.DefaultListableBeanFactory     : Returning cached instance of singleton bean 'org.springframework.transaction.config.internalTransactionAdvisor'
2024-07-21T15:50:00.998+02:00 TRACE 248560 --- [crud-springboot] [           main] o.s.b.f.s.DefaultListableBeanFactory     : Returning cached instance of singleton bean 'org.springframework.boot.context.properties.BoundConfigurationProperties'
2024-07-21T15:50:01.001+02:00 TRACE 248560 --- [crud-springboot] [           main] o.s.b.f.s.DefaultListableBeanFactory     : Returning cached instance of singleton bean 'org.springframework.transaction.config.internalTransactionAdvisor'
2024-07-21T15:50:01.001+02:00 TRACE 248560 --- [crud-springboot] [           main] o.s.b.f.s.DefaultListableBeanFactory     : Returning cached instance of singleton bean 'org.springframework.transaction.config.internalTransactionAdvisor'
2024-07-21T15:50:01.001+02:00 TRACE 248560 --- [crud-springboot] [           main] o.s.b.f.s.DefaultListableBeanFactory     : Finished creating instance of bean 'spring.web-org.springframework.boot.autoconfigure.web.WebProperties'
2024-07-21T15:50:01.002+02:00 DEBUG 248560 --- [crud-springboot] [           main] o.s.b.f.s.DefaultListableBeanFactory     : Autowiring by type from bean name 'org.springframework.boot.autoconfigure.web.servlet.WebMvcAutoConfiguration$EnableWebMvcConfiguration' via constructor to bean named 'spring.mvc-org.springframework.boot.autoconfigure.web.servlet.WebMvcProperties'
2024-07-21T15:50:01.003+02:00 DEBUG 248560 --- [crud-springboot] [           main] o.s.b.f.s.DefaultListableBeanFactory     : Autowiring by type from bean name 'org.springframework.boot.autoconfigure.web.servlet.WebMvcAutoConfiguration$EnableWebMvcConfiguration' via constructor to bean named 'spring.web-org.springframework.boot.autoconfigure.web.WebProperties'
2024-07-21T15:50:01.003+02:00 DEBUG 248560 --- [crud-springboot] [           main] o.s.b.f.s.DefaultListableBeanFactory     : Autowiring by type from bean name 'org.springframework.boot.autoconfigure.web.servlet.WebMvcAutoConfiguration$EnableWebMvcConfiguration' via constructor to bean named 'org.springframework.beans.factory.support.DefaultListableBeanFactory@5fa05212'
2024-07-21T15:50:01.006+02:00 TRACE 248560 --- [crud-springboot] [           main] o.s.beans.CachedIntrospectionResults     : Getting BeanInfo for class [org.springframework.boot.autoconfigure.web.servlet.WebMvcAutoConfiguration$EnableWebMvcConfiguration]
2024-07-21T15:50:01.006+02:00 TRACE 248560 --- [crud-springboot] [           main] o.s.beans.CachedIntrospectionResults     : Caching PropertyDescriptors for class [org.springframework.boot.autoconfigure.web.servlet.WebMvcAutoConfiguration$EnableWebMvcConfiguration]
2024-07-21T15:50:01.006+02:00 TRACE 248560 --- [crud-springboot] [           main] o.s.beans.CachedIntrospectionResults     : Found bean property 'applicationContext' of type [org.springframework.context.ApplicationContext]
2024-07-21T15:50:01.006+02:00 TRACE 248560 --- [crud-springboot] [           main] o.s.beans.CachedIntrospectionResults     : Found bean property 'class' of type [java.lang.Class]
2024-07-21T15:50:01.006+02:00 TRACE 248560 --- [crud-springboot] [           main] o.s.beans.CachedIntrospectionResults     : Found bean property 'configurers' of type [java.util.List]
2024-07-21T15:50:01.007+02:00 TRACE 248560 --- [crud-springboot] [           main] o.s.beans.CachedIntrospectionResults     : Found bean property 'resourceLoader' of type [org.springframework.core.io.ResourceLoader]
2024-07-21T15:50:01.007+02:00 TRACE 248560 --- [crud-springboot] [           main] o.s.beans.CachedIntrospectionResults     : Found bean property 'servletContext' of type [jakarta.servlet.ServletContext]
2024-07-21T15:50:01.010+02:00 DEBUG 248560 --- [crud-springboot] [           main] o.s.b.f.s.DefaultListableBeanFactory     : Creating shared instance of singleton bean 'org.springframework.security.config.annotation.web.configuration.WebMvcSecurityConfiguration'
2024-07-21T15:50:01.010+02:00 TRACE 248560 --- [crud-springboot] [           main] o.s.b.f.s.DefaultListableBeanFactory     : Creating instance of bean 'org.springframework.security.config.annotation.web.configuration.WebMvcSecurityConfiguration'
2024-07-21T15:50:01.010+02:00 TRACE 248560 --- [crud-springboot] [           main] o.s.b.f.s.DefaultListableBeanFactory     : Returning cached instance of singleton bean 'org.springframework.transaction.config.internalTransactionAdvisor'
2024-07-21T15:50:01.011+02:00 TRACE 248560 --- [crud-springboot] [           main] o.s.b.f.s.DefaultListableBeanFactory     : Returning cached instance of singleton bean 'org.springframework.transaction.config.internalTransactionAdvisor'
2024-07-21T15:50:01.011+02:00 TRACE 248560 --- [crud-springboot] [           main] o.s.b.f.s.DefaultListableBeanFactory     : Returning cached instance of singleton bean 'org.springframework.transaction.config.internalTransactionAdvisor'
2024-07-21T15:50:01.012+02:00 TRACE 248560 --- [crud-springboot] [           main] o.s.b.f.s.DefaultListableBeanFactory     : Finished creating instance of bean 'org.springframework.security.config.annotation.web.configuration.WebMvcSecurityConfiguration'
2024-07-21T15:50:01.012+02:00 DEBUG 248560 --- [crud-springboot] [           main] o.s.b.f.s.DefaultListableBeanFactory     : Creating shared instance of singleton bean 'org.springframework.boot.autoconfigure.web.servlet.WebMvcAutoConfiguration$WebMvcAutoConfigurationAdapter'
2024-07-21T15:50:01.012+02:00 TRACE 248560 --- [crud-springboot] [           main] o.s.b.f.s.DefaultListableBeanFactory     : Creating instance of bean 'org.springframework.boot.autoconfigure.web.servlet.WebMvcAutoConfiguration$WebMvcAutoConfigurationAdapter'
2024-07-21T15:50:01.012+02:00 TRACE 248560 --- [crud-springboot] [           main] o.s.b.f.s.DefaultListableBeanFactory     : Returning cached instance of singleton bean 'org.springframework.transaction.config.internalTransactionAdvisor'
2024-07-21T15:50:01.013+02:00 TRACE 248560 --- [crud-springboot] [           main] o.s.b.f.s.DefaultListableBeanFactory     : Returning cached instance of singleton bean 'spring.web-org.springframework.boot.autoconfigure.web.WebProperties'
2024-07-21T15:50:01.013+02:00 TRACE 248560 --- [crud-springboot] [           main] o.s.b.f.s.DefaultListableBeanFactory     : Returning cached instance of singleton bean 'spring.mvc-org.springframework.boot.autoconfigure.web.servlet.WebMvcProperties'
2024-07-21T15:50:01.013+02:00 DEBUG 248560 --- [crud-springboot] [           main] o.s.b.f.s.DefaultListableBeanFactory     : Autowiring by type from bean name 'org.springframework.boot.autoconfigure.web.servlet.WebMvcAutoConfiguration$WebMvcAutoConfigurationAdapter' via constructor to bean named 'spring.web-org.springframework.boot.autoconfigure.web.WebProperties'
2024-07-21T15:50:01.013+02:00 DEBUG 248560 --- [crud-springboot] [           main] o.s.b.f.s.DefaultListableBeanFactory     : Autowiring by type from bean name 'org.springframework.boot.autoconfigure.web.servlet.WebMvcAutoConfiguration$WebMvcAutoConfigurationAdapter' via constructor to bean named 'spring.mvc-org.springframework.boot.autoconfigure.web.servlet.WebMvcProperties'
2024-07-21T15:50:01.013+02:00 DEBUG 248560 --- [crud-springboot] [           main] o.s.b.f.s.DefaultListableBeanFactory     : Autowiring by type from bean name 'org.springframework.boot.autoconfigure.web.servlet.WebMvcAutoConfiguration$WebMvcAutoConfigurationAdapter' via constructor to bean named 'org.springframework.beans.factory.support.DefaultListableBeanFactory@5fa05212'
2024-07-21T15:50:01.015+02:00 TRACE 248560 --- [crud-springboot] [           main] o.s.b.f.s.DefaultListableBeanFactory     : Returning cached instance of singleton bean 'org.springframework.transaction.config.internalTransactionAdvisor'
2024-07-21T15:50:01.015+02:00 TRACE 248560 --- [crud-springboot] [           main] o.s.b.f.s.DefaultListableBeanFactory     : Returning cached instance of singleton bean 'org.springframework.transaction.config.internalTransactionAdvisor'
2024-07-21T15:50:01.016+02:00 TRACE 248560 --- [crud-springboot] [           main] o.s.b.f.s.DefaultListableBeanFactory     : Finished creating instance of bean 'org.springframework.boot.autoconfigure.web.servlet.WebMvcAutoConfiguration$WebMvcAutoConfigurationAdapter'
2024-07-21T15:50:01.016+02:00 DEBUG 248560 --- [crud-springboot] [           main] o.s.b.f.s.DefaultListableBeanFactory     : Creating shared instance of singleton bean 'openEntityManagerInViewInterceptorConfigurer'
2024-07-21T15:50:01.016+02:00 TRACE 248560 --- [crud-springboot] [           main] o.s.b.f.s.DefaultListableBeanFactory     : Creating instance of bean 'openEntityManagerInViewInterceptorConfigurer'
2024-07-21T15:50:01.016+02:00 TRACE 248560 --- [crud-springboot] [           main] o.s.b.f.s.DefaultListableBeanFactory     : Returning cached instance of singleton bean 'org.springframework.transaction.config.internalTransactionAdvisor'
2024-07-21T15:50:01.016+02:00 DEBUG 248560 --- [crud-springboot] [           main] o.s.b.f.s.DefaultListableBeanFactory     : Creating shared instance of singleton bean 'org.springframework.boot.autoconfigure.orm.jpa.JpaBaseConfiguration$JpaWebConfiguration'
2024-07-21T15:50:01.016+02:00 TRACE 248560 --- [crud-springboot] [           main] o.s.b.f.s.DefaultListableBeanFactory     : Creating instance of bean 'org.springframework.boot.autoconfigure.orm.jpa.JpaBaseConfiguration$JpaWebConfiguration'
2024-07-21T15:50:01.016+02:00 TRACE 248560 --- [crud-springboot] [           main] o.s.b.f.s.DefaultListableBeanFactory     : Returning cached instance of singleton bean 'org.springframework.transaction.config.internalTransactionAdvisor'
2024-07-21T15:50:01.017+02:00 TRACE 248560 --- [crud-springboot] [           main] o.s.b.f.s.DefaultListableBeanFactory     : Returning cached instance of singleton bean 'spring.jpa-org.springframework.boot.autoconfigure.orm.jpa.JpaProperties'
2024-07-21T15:50:01.017+02:00 DEBUG 248560 --- [crud-springboot] [           main] o.s.b.f.s.DefaultListableBeanFactory     : Autowiring by type from bean name 'org.springframework.boot.autoconfigure.orm.jpa.JpaBaseConfiguration$JpaWebConfiguration' via constructor to bean named 'spring.jpa-org.springframework.boot.autoconfigure.orm.jpa.JpaProperties'
2024-07-21T15:50:01.018+02:00 TRACE 248560 --- [crud-springboot] [           main] o.s.b.f.s.DefaultListableBeanFactory     : Returning cached instance of singleton bean 'org.springframework.transaction.config.internalTransactionAdvisor'
2024-07-21T15:50:01.018+02:00 TRACE 248560 --- [crud-springboot] [           main] o.s.b.f.s.DefaultListableBeanFactory     : Returning cached instance of singleton bean 'org.springframework.transaction.config.internalTransactionAdvisor'
2024-07-21T15:50:01.018+02:00 TRACE 248560 --- [crud-springboot] [           main] o.s.b.f.s.DefaultListableBeanFactory     : Finished creating instance of bean 'org.springframework.boot.autoconfigure.orm.jpa.JpaBaseConfiguration$JpaWebConfiguration'
2024-07-21T15:50:01.019+02:00 DEBUG 248560 --- [crud-springboot] [           main] o.s.b.f.s.DefaultListableBeanFactory     : Creating shared instance of singleton bean 'openEntityManagerInViewInterceptor'
2024-07-21T15:50:01.019+02:00 TRACE 248560 --- [crud-springboot] [           main] o.s.b.f.s.DefaultListableBeanFactory     : Creating instance of bean 'openEntityManagerInViewInterceptor'
2024-07-21T15:50:01.019+02:00 TRACE 248560 --- [crud-springboot] [           main] o.s.b.f.s.DefaultListableBeanFactory     : Returning cached instance of singleton bean 'org.springframework.transaction.config.internalTransactionAdvisor'
2024-07-21T15:50:01.020+02:00 TRACE 248560 --- [crud-springboot] [           main] o.s.b.f.s.DefaultListableBeanFactory     : Returning cached instance of singleton bean 'org.springframework.boot.autoconfigure.orm.jpa.JpaBaseConfiguration$JpaWebConfiguration'
2024-07-21T15:50:01.020+02:00  WARN 248560 --- [crud-springboot] [           main] JpaBaseConfiguration$JpaWebConfiguration : spring.jpa.open-in-view is enabled by default. Therefore, database queries may be performed during view rendering. Explicitly configure spring.jpa.open-in-view to disable this warning
2024-07-21T15:50:01.023+02:00 TRACE 248560 --- [crud-springboot] [           main] o.s.b.f.s.DefaultListableBeanFactory     : Returning cached instance of singleton bean 'entityManagerFactory'
2024-07-21T15:50:01.023+02:00 TRACE 248560 --- [crud-springboot] [           main] o.s.b.f.s.DefaultListableBeanFactory     : Returning cached instance of singleton bean 'org.springframework.transaction.config.internalTransactionAdvisor'
2024-07-21T15:50:01.023+02:00 TRACE 248560 --- [crud-springboot] [           main] o.s.b.f.s.DefaultListableBeanFactory     : Returning cached instance of singleton bean 'org.springframework.transaction.config.internalTransactionAdvisor'
2024-07-21T15:50:01.024+02:00 TRACE 248560 --- [crud-springboot] [           main] o.s.b.f.s.DefaultListableBeanFactory     : Finished creating instance of bean 'openEntityManagerInViewInterceptor'
2024-07-21T15:50:01.024+02:00 DEBUG 248560 --- [crud-springboot] [           main] o.s.b.f.s.DefaultListableBeanFactory     : Autowiring by type from bean name 'openEntityManagerInViewInterceptorConfigurer' via factory method to bean named 'openEntityManagerInViewInterceptor'
2024-07-21T15:50:01.025+02:00 TRACE 248560 --- [crud-springboot] [           main] o.s.b.f.s.DefaultListableBeanFactory     : Returning cached instance of singleton bean 'org.springframework.transaction.config.internalTransactionAdvisor'
2024-07-21T15:50:01.025+02:00 TRACE 248560 --- [crud-springboot] [           main] o.s.b.f.s.DefaultListableBeanFactory     : Returning cached instance of singleton bean 'org.springframework.transaction.config.internalTransactionAdvisor'
2024-07-21T15:50:01.025+02:00 TRACE 248560 --- [crud-springboot] [           main] o.s.b.f.s.DefaultListableBeanFactory     : Finished creating instance of bean 'openEntityManagerInViewInterceptorConfigurer'
2024-07-21T15:50:01.025+02:00 DEBUG 248560 --- [crud-springboot] [           main] o.s.b.f.s.DefaultListableBeanFactory     : Creating shared instance of singleton bean 'org.springframework.data.web.config.SpringDataWebConfiguration'
2024-07-21T15:50:01.025+02:00 TRACE 248560 --- [crud-springboot] [           main] o.s.b.f.s.DefaultListableBeanFactory     : Creating instance of bean 'org.springframework.data.web.config.SpringDataWebConfiguration'
2024-07-21T15:50:01.026+02:00 TRACE 248560 --- [crud-springboot] [           main] o.s.b.f.s.DefaultListableBeanFactory     : Returning cached instance of singleton bean 'org.springframework.transaction.config.internalTransactionAdvisor'
2024-07-21T15:50:01.027+02:00 DEBUG 248560 --- [crud-springboot] [           main] o.s.b.f.s.DefaultListableBeanFactory     : Autowiring by type from bean name 'org.springframework.data.web.config.SpringDataWebConfiguration' via constructor to bean named 'org.springframework.web.context.support.GenericWebApplicationContext@3574e198'
2024-07-21T15:50:01.030+02:00 TRACE 248560 --- [crud-springboot] [           main] o.s.b.f.s.DefaultListableBeanFactory     : Returning cached instance of singleton bean 'org.springframework.transaction.config.internalTransactionAdvisor'
2024-07-21T15:50:01.030+02:00 TRACE 248560 --- [crud-springboot] [           main] o.s.b.f.s.DefaultListableBeanFactory     : Returning cached instance of singleton bean 'org.springframework.transaction.config.internalTransactionAdvisor'
2024-07-21T15:50:01.031+02:00 TRACE 248560 --- [crud-springboot] [           main] o.s.b.f.s.DefaultListableBeanFactory     : Finished creating instance of bean 'org.springframework.data.web.config.SpringDataWebConfiguration'
2024-07-21T15:50:01.031+02:00 TRACE 248560 --- [crud-springboot] [           main] f.a.AutowiredAnnotationBeanPostProcessor : Autowiring by type from bean name 'org.springframework.boot.autoconfigure.web.servlet.WebMvcAutoConfiguration$EnableWebMvcConfiguration' to bean named 'org.springframework.security.config.annotation.web.configuration.WebMvcSecurityConfiguration'
2024-07-21T15:50:01.031+02:00 TRACE 248560 --- [crud-springboot] [           main] f.a.AutowiredAnnotationBeanPostProcessor : Autowiring by type from bean name 'org.springframework.boot.autoconfigure.web.servlet.WebMvcAutoConfiguration$EnableWebMvcConfiguration' to bean named 'org.springframework.boot.autoconfigure.web.servlet.WebMvcAutoConfiguration$WebMvcAutoConfigurationAdapter'
2024-07-21T15:50:01.031+02:00 TRACE 248560 --- [crud-springboot] [           main] f.a.AutowiredAnnotationBeanPostProcessor : Autowiring by type from bean name 'org.springframework.boot.autoconfigure.web.servlet.WebMvcAutoConfiguration$EnableWebMvcConfiguration' to bean named 'openEntityManagerInViewInterceptorConfigurer'
2024-07-21T15:50:01.031+02:00 TRACE 248560 --- [crud-springboot] [           main] f.a.AutowiredAnnotationBeanPostProcessor : Autowiring by type from bean name 'org.springframework.boot.autoconfigure.web.servlet.WebMvcAutoConfiguration$EnableWebMvcConfiguration' to bean named 'org.springframework.data.web.config.SpringDataWebConfiguration'
2024-07-21T15:50:01.031+02:00 TRACE 248560 --- [crud-springboot] [           main] o.s.b.f.s.DefaultListableBeanFactory     : Returning cached instance of singleton bean 'org.springframework.transaction.config.internalTransactionAdvisor'
2024-07-21T15:50:01.032+02:00 TRACE 248560 --- [crud-springboot] [           main] o.s.b.f.s.DefaultListableBeanFactory     : Returning cached instance of singleton bean 'org.springframework.transaction.config.internalTransactionAdvisor'
2024-07-21T15:50:01.035+02:00 TRACE 248560 --- [crud-springboot] [           main] o.s.b.f.s.DefaultListableBeanFactory     : Finished creating instance of bean 'org.springframework.boot.autoconfigure.web.servlet.WebMvcAutoConfiguration$EnableWebMvcConfiguration'
2024-07-21T15:50:01.041+02:00 TRACE 248560 --- [crud-springboot] [           main] o.s.b.f.s.DefaultListableBeanFactory     : Returning cached instance of singleton bean 'org.springframework.transaction.config.internalTransactionAdvisor'
2024-07-21T15:50:01.041+02:00 TRACE 248560 --- [crud-springboot] [           main] o.s.b.f.s.DefaultListableBeanFactory     : Returning cached instance of singleton bean 'org.springframework.transaction.config.internalTransactionAdvisor'
2024-07-21T15:50:01.042+02:00 TRACE 248560 --- [crud-springboot] [           main] o.s.b.f.s.DefaultListableBeanFactory     : Finished creating instance of bean 'mvcContentNegotiationManager'
2024-07-21T15:50:01.042+02:00 TRACE 248560 --- [crud-springboot] [           main] f.a.AutowiredAnnotationBeanPostProcessor : Autowiring by type from bean name 'org.springframework.security.config.annotation.web.configuration.HttpSecurityConfiguration' to bean named 'mvcContentNegotiationManager'
2024-07-21T15:50:01.042+02:00 TRACE 248560 --- [crud-springboot] [           main] o.s.b.f.s.DefaultListableBeanFactory     : Returning cached instance of singleton bean 'org.springframework.transaction.config.internalTransactionAdvisor'
2024-07-21T15:50:01.042+02:00 TRACE 248560 --- [crud-springboot] [           main] o.s.b.f.s.DefaultListableBeanFactory     : Returning cached instance of singleton bean 'org.springframework.transaction.config.internalTransactionAdvisor'
2024-07-21T15:50:01.043+02:00 TRACE 248560 --- [crud-springboot] [           main] o.s.b.f.s.DefaultListableBeanFactory     : Finished creating instance of bean 'org.springframework.security.config.annotation.web.configuration.HttpSecurityConfiguration'
2024-07-21T15:50:01.047+02:00 DEBUG 248560 --- [crud-springboot] [           main] o.s.b.f.s.DefaultListableBeanFactory     : Creating shared instance of singleton bean 'authenticationManagerBuilder'
2024-07-21T15:50:01.047+02:00 TRACE 248560 --- [crud-springboot] [           main] o.s.b.f.s.DefaultListableBeanFactory     : Creating instance of bean 'authenticationManagerBuilder'
2024-07-21T15:50:01.047+02:00 TRACE 248560 --- [crud-springboot] [           main] o.s.b.f.s.DefaultListableBeanFactory     : Returning cached instance of singleton bean 'org.springframework.transaction.config.internalTransactionAdvisor'
2024-07-21T15:50:01.047+02:00 TRACE 248560 --- [crud-springboot] [           main] o.s.b.f.s.DefaultListableBeanFactory     : Returning cached instance of singleton bean 'org.springframework.security.config.annotation.authentication.configuration.AuthenticationConfiguration'
2024-07-21T15:50:01.047+02:00 TRACE 248560 --- [crud-springboot] [           main] o.s.b.f.s.DefaultListableBeanFactory     : Returning cached instance of singleton bean 'objectPostProcessor'
2024-07-21T15:50:01.047+02:00 DEBUG 248560 --- [crud-springboot] [           main] o.s.b.f.s.DefaultListableBeanFactory     : Autowiring by type from bean name 'authenticationManagerBuilder' via factory method to bean named 'objectPostProcessor'
2024-07-21T15:50:01.047+02:00 DEBUG 248560 --- [crud-springboot] [           main] o.s.b.f.s.DefaultListableBeanFactory     : Autowiring by type from bean name 'authenticationManagerBuilder' via factory method to bean named 'org.springframework.web.context.support.GenericWebApplicationContext@3574e198'
2024-07-21T15:50:01.048+02:00 DEBUG 248560 --- [crud-springboot] [           main] o.s.b.f.s.DefaultListableBeanFactory     : Creating shared instance of singleton bean 'authenticationEventPublisher'
2024-07-21T15:50:01.048+02:00 TRACE 248560 --- [crud-springboot] [           main] o.s.b.f.s.DefaultListableBeanFactory     : Creating instance of bean 'authenticationEventPublisher'
2024-07-21T15:50:01.048+02:00 TRACE 248560 --- [crud-springboot] [           main] o.s.b.f.s.DefaultListableBeanFactory     : Returning cached instance of singleton bean 'org.springframework.transaction.config.internalTransactionAdvisor'
2024-07-21T15:50:01.049+02:00 DEBUG 248560 --- [crud-springboot] [           main] o.s.b.f.s.DefaultListableBeanFactory     : Creating shared instance of singleton bean 'org.springframework.boot.autoconfigure.security.servlet.SecurityAutoConfiguration'
2024-07-21T15:50:01.049+02:00 TRACE 248560 --- [crud-springboot] [           main] o.s.b.f.s.DefaultListableBeanFactory     : Creating instance of bean 'org.springframework.boot.autoconfigure.security.servlet.SecurityAutoConfiguration'
2024-07-21T15:50:01.049+02:00 TRACE 248560 --- [crud-springboot] [           main] o.s.b.f.s.DefaultListableBeanFactory     : Returning cached instance of singleton bean 'org.springframework.transaction.config.internalTransactionAdvisor'
2024-07-21T15:50:01.050+02:00 TRACE 248560 --- [crud-springboot] [           main] o.s.b.f.s.DefaultListableBeanFactory     : Returning cached instance of singleton bean 'org.springframework.transaction.config.internalTransactionAdvisor'
2024-07-21T15:50:01.050+02:00 TRACE 248560 --- [crud-springboot] [           main] o.s.b.f.s.DefaultListableBeanFactory     : Returning cached instance of singleton bean 'org.springframework.transaction.config.internalTransactionAdvisor'
2024-07-21T15:50:01.050+02:00 TRACE 248560 --- [crud-springboot] [           main] o.s.b.f.s.DefaultListableBeanFactory     : Finished creating instance of bean 'org.springframework.boot.autoconfigure.security.servlet.SecurityAutoConfiguration'
2024-07-21T15:50:01.051+02:00 DEBUG 248560 --- [crud-springboot] [           main] o.s.b.f.s.DefaultListableBeanFactory     : Autowiring by type from bean name 'authenticationEventPublisher' via factory method to bean named 'org.springframework.web.context.support.GenericWebApplicationContext@3574e198'
2024-07-21T15:50:01.055+02:00 TRACE 248560 --- [crud-springboot] [           main] o.s.b.f.s.DefaultListableBeanFactory     : Returning cached instance of singleton bean 'org.springframework.transaction.config.internalTransactionAdvisor'
2024-07-21T15:50:01.055+02:00 TRACE 248560 --- [crud-springboot] [           main] o.s.b.f.s.DefaultListableBeanFactory     : Returning cached instance of singleton bean 'org.springframework.transaction.config.internalTransactionAdvisor'
2024-07-21T15:50:01.055+02:00 TRACE 248560 --- [crud-springboot] [           main] o.s.b.f.s.DefaultListableBeanFactory     : Finished creating instance of bean 'authenticationEventPublisher'
2024-07-21T15:50:01.058+02:00 TRACE 248560 --- [crud-springboot] [           main] o.s.b.f.s.DefaultListableBeanFactory     : Returning cached instance of singleton bean 'org.springframework.transaction.config.internalTransactionAdvisor'
2024-07-21T15:50:01.058+02:00 TRACE 248560 --- [crud-springboot] [           main] o.s.b.f.s.DefaultListableBeanFactory     : Returning cached instance of singleton bean 'org.springframework.transaction.config.internalTransactionAdvisor'
2024-07-21T15:50:01.062+02:00 TRACE 248560 --- [crud-springboot] [           main] o.s.b.f.s.DefaultListableBeanFactory     : Finished creating instance of bean 'authenticationManagerBuilder'
2024-07-21T15:50:01.067+02:00 TRACE 248560 --- [crud-springboot] [           main] o.s.b.f.s.DefaultListableBeanFactory     : Returning cached instance of singleton bean 'securityConfig'
2024-07-21T15:50:01.068+02:00 TRACE 248560 --- [crud-springboot] [           main] eGlobalAuthenticationAutowiredConfigurer : Eagerly initializing {securityConfig=com.cwa.crudspringboot.configuration.SecurityConfig$$SpringCGLIB$$0@70d16858}
2024-07-21T15:50:01.069+02:00 TRACE 248560 --- [crud-springboot] [           main] o.s.b.f.s.DefaultListableBeanFactory     : Returning cached instance of singleton bean 'customUserDetailsService'
2024-07-21T15:50:01.069+02:00 TRACE 248560 --- [crud-springboot] [           main] o.s.b.f.s.DefaultListableBeanFactory     : Returning cached instance of singleton bean 'passwordEncoder'
2024-07-21T15:50:01.093+02:00 TRACE 248560 --- [crud-springboot] [           main] o.s.b.f.s.DefaultListableBeanFactory     : Invoking afterPropertiesSet() on bean with name 'org.springframework.security.authentication.ProviderManager@600b3bee'
2024-07-21T15:50:01.093+02:00 TRACE 248560 --- [crud-springboot] [           main] o.s.b.f.s.DefaultListableBeanFactory     : Returning cached instance of singleton bean 'org.springframework.transaction.config.internalTransactionAdvisor'
2024-07-21T15:50:01.093+02:00 TRACE 248560 --- [crud-springboot] [           main] o.s.b.f.s.DefaultListableBeanFactory     : Returning cached instance of singleton bean 'org.springframework.transaction.config.internalTransactionAdvisor'
2024-07-21T15:50:01.095+02:00 TRACE 248560 --- [crud-springboot] [           main] o.s.b.f.s.DefaultListableBeanFactory     : Returning cached instance of singleton bean 'authenticationEventPublisher'
2024-07-21T15:50:01.163+02:00 TRACE 248560 --- [crud-springboot] [           main] o.s.c.io.support.SpringFactoriesLoader   : Loaded [org.springframework.security.config.annotation.web.configurers.AbstractHttpConfigurer] names: []
2024-07-21T15:50:01.167+02:00 TRACE 248560 --- [crud-springboot] [           main] o.s.b.f.s.DefaultListableBeanFactory     : Returning cached instance of singleton bean 'org.springframework.transaction.config.internalTransactionAdvisor'
2024-07-21T15:50:01.168+02:00 TRACE 248560 --- [crud-springboot] [           main] o.s.b.f.s.DefaultListableBeanFactory     : Returning cached instance of singleton bean 'org.springframework.transaction.config.internalTransactionAdvisor'
2024-07-21T15:50:01.170+02:00 TRACE 248560 --- [crud-springboot] [           main] o.s.b.f.s.DefaultListableBeanFactory     : Finished creating instance of bean 'org.springframework.security.config.annotation.web.configuration.HttpSecurityConfiguration.httpSecurity'
2024-07-21T15:50:01.171+02:00 TRACE 248560 --- [crud-springboot] [           main] o.s.b.f.s.DefaultListableBeanFactory     : Returning cached instance of singleton bean 'passwordEncoder'
2024-07-21T15:50:01.171+02:00 DEBUG 248560 --- [crud-springboot] [           main] o.s.b.f.s.DefaultListableBeanFactory     : Autowiring by type from bean name 'authenticationManager' via factory method to bean named 'org.springframework.security.config.annotation.web.configuration.HttpSecurityConfiguration.httpSecurity'
2024-07-21T15:50:01.171+02:00 DEBUG 248560 --- [crud-springboot] [           main] o.s.b.f.s.DefaultListableBeanFactory     : Autowiring by type from bean name 'authenticationManager' via factory method to bean named 'passwordEncoder'
2024-07-21T15:50:01.176+02:00 TRACE 248560 --- [crud-springboot] [           main] o.s.b.f.s.DefaultListableBeanFactory     : Invoking afterPropertiesSet() on bean with name 'org.springframework.security.authentication.dao.DaoAuthenticationProvider@4dc5b887'
2024-07-21T15:50:01.176+02:00 TRACE 248560 --- [crud-springboot] [           main] o.s.b.f.s.DefaultListableBeanFactory     : Returning cached instance of singleton bean 'org.springframework.transaction.config.internalTransactionAdvisor'
2024-07-21T15:50:01.176+02:00 TRACE 248560 --- [crud-springboot] [           main] o.s.b.f.s.DefaultListableBeanFactory     : Returning cached instance of singleton bean 'org.springframework.transaction.config.internalTransactionAdvisor'
2024-07-21T15:50:01.178+02:00 TRACE 248560 --- [crud-springboot] [           main] o.s.b.f.s.DefaultListableBeanFactory     : Invoking afterPropertiesSet() on bean with name 'org.springframework.security.authentication.ProviderManager@322593ed'
2024-07-21T15:50:01.178+02:00 TRACE 248560 --- [crud-springboot] [           main] o.s.b.f.s.DefaultListableBeanFactory     : Returning cached instance of singleton bean 'org.springframework.transaction.config.internalTransactionAdvisor'
2024-07-21T15:50:01.178+02:00 TRACE 248560 --- [crud-springboot] [           main] o.s.b.f.s.DefaultListableBeanFactory     : Returning cached instance of singleton bean 'org.springframework.transaction.config.internalTransactionAdvisor'
2024-07-21T15:50:01.179+02:00 TRACE 248560 --- [crud-springboot] [           main] o.s.b.f.s.DefaultListableBeanFactory     : Invoking afterPropertiesSet() on bean with name 'authenticationManager'
2024-07-21T15:50:01.179+02:00 TRACE 248560 --- [crud-springboot] [           main] o.s.b.f.s.DefaultListableBeanFactory     : Returning cached instance of singleton bean 'org.springframework.transaction.config.internalTransactionAdvisor'
2024-07-21T15:50:01.179+02:00 TRACE 248560 --- [crud-springboot] [           main] o.s.b.f.s.DefaultListableBeanFactory     : Returning cached instance of singleton bean 'org.springframework.transaction.config.internalTransactionAdvisor'
2024-07-21T15:50:01.179+02:00 TRACE 248560 --- [crud-springboot] [           main] o.s.b.f.s.DefaultListableBeanFactory     : Finished creating instance of bean 'authenticationManager'
2024-07-21T15:50:01.180+02:00 DEBUG 248560 --- [crud-springboot] [           main] o.s.b.f.s.DefaultListableBeanFactory     : Autowiring by type from bean name 'authController' via constructor to bean named 'userRepository'
2024-07-21T15:50:01.180+02:00 DEBUG 248560 --- [crud-springboot] [           main] o.s.b.f.s.DefaultListableBeanFactory     : Autowiring by type from bean name 'authController' via constructor to bean named 'passwordEncoder'
2024-07-21T15:50:01.180+02:00 DEBUG 248560 --- [crud-springboot] [           main] o.s.b.f.s.DefaultListableBeanFactory     : Autowiring by type from bean name 'authController' via constructor to bean named 'jwtUtils'
2024-07-21T15:50:01.180+02:00 DEBUG 248560 --- [crud-springboot] [           main] o.s.b.f.s.DefaultListableBeanFactory     : Autowiring by type from bean name 'authController' via constructor to bean named 'authenticationManager'
2024-07-21T15:50:01.180+02:00 TRACE 248560 --- [crud-springboot] [           main] o.s.b.f.s.DefaultListableBeanFactory     : Returning cached instance of singleton bean 'org.springframework.transaction.config.internalTransactionAdvisor'
2024-07-21T15:50:01.180+02:00 TRACE 248560 --- [crud-springboot] [           main] o.s.b.f.s.DefaultListableBeanFactory     : Returning cached instance of singleton bean 'org.springframework.transaction.config.internalTransactionAdvisor'
2024-07-21T15:50:01.181+02:00 TRACE 248560 --- [crud-springboot] [           main] o.s.b.f.s.DefaultListableBeanFactory     : Finished creating instance of bean 'authController'
2024-07-21T15:50:01.181+02:00 DEBUG 248560 --- [crud-springboot] [           main] o.s.b.f.s.DefaultListableBeanFactory     : Creating shared instance of singleton bean 'loginRequest'
2024-07-21T15:50:01.181+02:00 TRACE 248560 --- [crud-springboot] [           main] o.s.b.f.s.DefaultListableBeanFactory     : Creating instance of bean 'loginRequest'
2024-07-21T15:50:01.182+02:00 TRACE 248560 --- [crud-springboot] [           main] o.s.b.f.s.DefaultListableBeanFactory     : Returning cached instance of singleton bean 'org.springframework.transaction.config.internalTransactionAdvisor'
2024-07-21T15:50:01.182+02:00 TRACE 248560 --- [crud-springboot] [           main] o.s.b.f.s.DefaultListableBeanFactory     : Returning cached instance of singleton bean 'org.springframework.transaction.config.internalTransactionAdvisor'
2024-07-21T15:50:01.182+02:00 TRACE 248560 --- [crud-springboot] [           main] o.s.b.f.s.DefaultListableBeanFactory     : Returning cached instance of singleton bean 'org.springframework.transaction.config.internalTransactionAdvisor'
2024-07-21T15:50:01.182+02:00 TRACE 248560 --- [crud-springboot] [           main] o.s.b.f.s.DefaultListableBeanFactory     : Finished creating instance of bean 'loginRequest'
2024-07-21T15:50:01.182+02:00 DEBUG 248560 --- [crud-springboot] [           main] o.s.b.f.s.DefaultListableBeanFactory     : Creating shared instance of singleton bean 'personController'
2024-07-21T15:50:01.183+02:00 TRACE 248560 --- [crud-springboot] [           main] o.s.b.f.s.DefaultListableBeanFactory     : Creating instance of bean 'personController'
2024-07-21T15:50:01.183+02:00 TRACE 248560 --- [crud-springboot] [           main] o.s.b.f.s.DefaultListableBeanFactory     : Returning cached instance of singleton bean 'org.springframework.transaction.config.internalTransactionAdvisor'
2024-07-21T15:50:01.188+02:00 DEBUG 248560 --- [crud-springboot] [           main] o.s.b.f.s.DefaultListableBeanFactory     : Creating shared instance of singleton bean 'personRepository'
2024-07-21T15:50:01.188+02:00 TRACE 248560 --- [crud-springboot] [           main] o.s.b.f.s.DefaultListableBeanFactory     : Creating instance of bean 'personRepository'
2024-07-21T15:50:01.188+02:00 TRACE 248560 --- [crud-springboot] [           main] o.s.b.f.s.DefaultListableBeanFactory     : Returning cached instance of singleton bean 'org.springframework.transaction.config.internalTransactionAdvisor'
2024-07-21T15:50:01.190+02:00 DEBUG 248560 --- [crud-springboot] [           main] o.s.b.f.s.DefaultListableBeanFactory     : Creating shared instance of singleton bean 'jpa.named-queries#0'
2024-07-21T15:50:01.190+02:00 TRACE 248560 --- [crud-springboot] [           main] o.s.b.f.s.DefaultListableBeanFactory     : Creating instance of bean 'jpa.named-queries#0'
2024-07-21T15:50:01.190+02:00 TRACE 248560 --- [crud-springboot] [           main] o.s.b.f.s.DefaultListableBeanFactory     : Returning cached instance of singleton bean 'org.springframework.transaction.config.internalTransactionAdvisor'
2024-07-21T15:50:01.190+02:00 TRACE 248560 --- [crud-springboot] [           main] o.s.beans.TypeConverterDelegate          : Converting String to [class [Lorg.springframework.core.io.Resource;] using property editor [org.springframework.core.io.support.ResourceArrayPropertyEditor@550e7ef6]
2024-07-21T15:50:01.190+02:00 TRACE 248560 --- [crud-springboot] [           main] .i.s.PathMatchingResourcePatternResolver : Resolved module-path location pattern [META-INF/jpa-named-queries.properties] to resources []
2024-07-21T15:50:01.191+02:00 TRACE 248560 --- [crud-springboot] [           main] .i.s.PathMatchingResourcePatternResolver : Resolved class path location [META-INF/jpa-named-queries.properties] to resources []
2024-07-21T15:50:01.191+02:00 TRACE 248560 --- [crud-springboot] [           main] o.s.b.f.s.DefaultListableBeanFactory     : Invoking afterPropertiesSet() on bean with name 'jpa.named-queries#0'
2024-07-21T15:50:01.191+02:00 TRACE 248560 --- [crud-springboot] [           main] o.s.b.f.s.DefaultListableBeanFactory     : Returning cached instance of singleton bean 'org.springframework.transaction.config.internalTransactionAdvisor'
2024-07-21T15:50:01.191+02:00 TRACE 248560 --- [crud-springboot] [           main] o.s.b.f.s.DefaultListableBeanFactory     : Returning cached instance of singleton bean 'org.springframework.transaction.config.internalTransactionAdvisor'
2024-07-21T15:50:01.191+02:00 TRACE 248560 --- [crud-springboot] [           main] o.s.b.f.s.DefaultListableBeanFactory     : Finished creating instance of bean 'jpa.named-queries#0'
2024-07-21T15:50:01.192+02:00 TRACE 248560 --- [crud-springboot] [           main] o.s.b.f.s.DefaultListableBeanFactory     : Returning cached instance of singleton bean 'org.springframework.transaction.config.internalTransactionAdvisor'
2024-07-21T15:50:01.192+02:00 TRACE 248560 --- [crud-springboot] [           main] o.s.b.f.s.DefaultListableBeanFactory     : Returning cached instance of singleton bean 'org.springframework.transaction.config.internalTransactionAdvisor'
2024-07-21T15:50:01.192+02:00 DEBUG 248560 --- [crud-springboot] [           main] o.s.b.f.s.DefaultListableBeanFactory     : Creating shared instance of singleton bean 'jpa.PersonRepository.fragments#0'
2024-07-21T15:50:01.192+02:00 TRACE 248560 --- [crud-springboot] [           main] o.s.b.f.s.DefaultListableBeanFactory     : Creating instance of bean 'jpa.PersonRepository.fragments#0'
2024-07-21T15:50:01.192+02:00 TRACE 248560 --- [crud-springboot] [           main] o.s.b.f.s.DefaultListableBeanFactory     : Returning cached instance of singleton bean 'org.springframework.transaction.config.internalTransactionAdvisor'
2024-07-21T15:50:01.192+02:00 TRACE 248560 --- [crud-springboot] [           main] o.s.b.f.s.DefaultListableBeanFactory     : Invoking afterPropertiesSet() on bean with name 'jpa.PersonRepository.fragments#0'
2024-07-21T15:50:01.193+02:00 TRACE 248560 --- [crud-springboot] [           main] o.s.b.f.s.DefaultListableBeanFactory     : Returning cached instance of singleton bean 'org.springframework.transaction.config.internalTransactionAdvisor'
2024-07-21T15:50:01.193+02:00 TRACE 248560 --- [crud-springboot] [           main] o.s.b.f.s.DefaultListableBeanFactory     : Returning cached instance of singleton bean 'org.springframework.transaction.config.internalTransactionAdvisor'
2024-07-21T15:50:01.193+02:00 TRACE 248560 --- [crud-springboot] [           main] o.s.b.f.s.DefaultListableBeanFactory     : Finished creating instance of bean 'jpa.PersonRepository.fragments#0'
2024-07-21T15:50:01.193+02:00 TRACE 248560 --- [crud-springboot] [           main] o.s.b.f.s.DefaultListableBeanFactory     : Returning cached instance of singleton bean 'org.springframework.transaction.config.internalTransactionAdvisor'
2024-07-21T15:50:01.193+02:00 TRACE 248560 --- [crud-springboot] [           main] o.s.b.f.s.DefaultListableBeanFactory     : Returning cached instance of singleton bean 'org.springframework.transaction.config.internalTransactionAdvisor'
2024-07-21T15:50:01.193+02:00 TRACE 248560 --- [crud-springboot] [           main] o.s.b.f.s.DefaultListableBeanFactory     : Returning cached instance of singleton bean 'jpaSharedEM_entityManagerFactory'
2024-07-21T15:50:01.193+02:00 TRACE 248560 --- [crud-springboot] [           main] o.s.b.f.s.DefaultListableBeanFactory     : Returning cached instance of singleton bean 'jpaMappingContext'
2024-07-21T15:50:01.194+02:00 TRACE 248560 --- [crud-springboot] [           main] o.s.b.f.s.DefaultListableBeanFactory     : Invoking afterPropertiesSet() on bean with name 'personRepository'
2024-07-21T15:50:01.194+02:00 DEBUG 248560 --- [crud-springboot] [           main] tor$SharedEntityManagerInvocationHandler : Creating new EntityManager for shared EntityManager invocation
2024-07-21T15:50:01.195+02:00 TRACE 248560 --- [crud-springboot] [           main] o.s.beans.CachedIntrospectionResults     : Getting BeanInfo for class [com.cwa.crudspringboot.entity.Person]
2024-07-21T15:50:01.195+02:00 TRACE 248560 --- [crud-springboot] [           main] o.s.beans.CachedIntrospectionResults     : Caching PropertyDescriptors for class [com.cwa.crudspringboot.entity.Person]
2024-07-21T15:50:01.195+02:00 TRACE 248560 --- [crud-springboot] [           main] o.s.beans.CachedIntrospectionResults     : Found bean property 'city' of type [java.lang.String]
2024-07-21T15:50:01.195+02:00 TRACE 248560 --- [crud-springboot] [           main] o.s.beans.CachedIntrospectionResults     : Found bean property 'class' of type [java.lang.Class]
2024-07-21T15:50:01.195+02:00 TRACE 248560 --- [crud-springboot] [           main] o.s.beans.CachedIntrospectionResults     : Found bean property 'id' of type [java.lang.Long]
2024-07-21T15:50:01.196+02:00 TRACE 248560 --- [crud-springboot] [           main] o.s.beans.CachedIntrospectionResults     : Found bean property 'name' of type [java.lang.String]
2024-07-21T15:50:01.196+02:00 TRACE 248560 --- [crud-springboot] [           main] o.s.beans.CachedIntrospectionResults     : Found bean property 'phoneNumber' of type [java.lang.String]
2024-07-21T15:50:01.202+02:00 DEBUG 248560 --- [crud-springboot] [           main] o.s.d.r.c.s.RepositoryFactorySupport     : Initializing repository instance for com.cwa.crudspringboot.repository.PersonRepository…
2024-07-21T15:50:01.202+02:00 TRACE 248560 --- [crud-springboot] [           main] o.s.b.f.s.DefaultListableBeanFactory     : Returning cached instance of singleton bean 'applicationStartup'
2024-07-21T15:50:01.203+02:00 TRACE 248560 --- [crud-springboot] [           main] o.s.aop.framework.JdkDynamicAopProxy     : Creating JDK dynamic proxy: org.springframework.data.jpa.repository.support.CrudMethodMetadataPostProcessor$ThreadBoundTargetSource@73072745
2024-07-21T15:50:01.203+02:00 DEBUG 248560 --- [crud-springboot] [           main] tor$SharedEntityManagerInvocationHandler : Creating new EntityManager for shared EntityManager invocation
2024-07-21T15:50:01.203+02:00 TRACE 248560 --- [crud-springboot] [           main] o.s.aop.framework.JdkDynamicAopProxy     : Creating JDK dynamic proxy: org.springframework.data.jpa.repository.support.CrudMethodMetadataPostProcessor$ThreadBoundTargetSource@4bdbfbc6
2024-07-21T15:50:01.206+02:00 TRACE 248560 --- [crud-springboot] [           main] o.s.aop.framework.JdkDynamicAopProxy     : Creating JDK dynamic proxy: SingletonTargetSource for target object [org.springframework.data.jpa.repository.support.SimpleJpaRepository@79735611]
2024-07-21T15:50:01.211+02:00 DEBUG 248560 --- [crud-springboot] [           main] o.s.d.r.c.s.RepositoryFactorySupport     : Finished creation of repository instance for com.cwa.crudspringboot.repository.PersonRepository.
2024-07-21T15:50:01.211+02:00 TRACE 248560 --- [crud-springboot] [           main] o.s.b.f.s.DefaultListableBeanFactory     : Returning cached instance of singleton bean 'org.springframework.transaction.config.internalTransactionAdvisor'
2024-07-21T15:50:01.211+02:00 TRACE 248560 --- [crud-springboot] [           main] o.s.b.f.s.DefaultListableBeanFactory     : Returning cached instance of singleton bean 'org.springframework.transaction.config.internalTransactionAdvisor'
2024-07-21T15:50:01.211+02:00 TRACE 248560 --- [crud-springboot] [           main] o.s.b.f.s.DefaultListableBeanFactory     : Finished creating instance of bean 'personRepository'
2024-07-21T15:50:01.211+02:00 TRACE 248560 --- [crud-springboot] [           main] o.s.b.f.s.DefaultListableBeanFactory     : Returning cached instance of singleton bean 'org.springframework.transaction.config.internalTransactionAdvisor'
2024-07-21T15:50:01.211+02:00 TRACE 248560 --- [crud-springboot] [           main] o.s.b.f.s.DefaultListableBeanFactory     : Returning cached instance of singleton bean 'org.springframework.transaction.config.internalTransactionAdvisor'
2024-07-21T15:50:01.212+02:00 DEBUG 248560 --- [crud-springboot] [           main] o.s.b.f.s.DefaultListableBeanFactory     : Autowiring by type from bean name 'personController' via constructor to bean named 'personRepository'
2024-07-21T15:50:01.212+02:00 TRACE 248560 --- [crud-springboot] [           main] o.s.b.f.s.DefaultListableBeanFactory     : Returning cached instance of singleton bean 'org.springframework.transaction.config.internalTransactionAdvisor'
2024-07-21T15:50:01.212+02:00 TRACE 248560 --- [crud-springboot] [           main] o.s.b.f.s.DefaultListableBeanFactory     : Returning cached instance of singleton bean 'org.springframework.transaction.config.internalTransactionAdvisor'
2024-07-21T15:50:01.217+02:00 TRACE 248560 --- [crud-springboot] [           main] o.s.b.f.s.DefaultListableBeanFactory     : Finished creating instance of bean 'personController'
2024-07-21T15:50:01.217+02:00 DEBUG 248560 --- [crud-springboot] [           main] o.s.b.f.s.DefaultListableBeanFactory     : Creating shared instance of singleton bean 'registerRequest'
2024-07-21T15:50:01.217+02:00 TRACE 248560 --- [crud-springboot] [           main] o.s.b.f.s.DefaultListableBeanFactory     : Creating instance of bean 'registerRequest'
2024-07-21T15:50:01.218+02:00 TRACE 248560 --- [crud-springboot] [           main] o.s.b.f.s.DefaultListableBeanFactory     : Returning cached instance of singleton bean 'org.springframework.transaction.config.internalTransactionAdvisor'
2024-07-21T15:50:01.219+02:00 TRACE 248560 --- [crud-springboot] [           main] o.s.b.f.s.DefaultListableBeanFactory     : Returning cached instance of singleton bean 'org.springframework.transaction.config.internalTransactionAdvisor'
2024-07-21T15:50:01.219+02:00 TRACE 248560 --- [crud-springboot] [           main] o.s.b.f.s.DefaultListableBeanFactory     : Returning cached instance of singleton bean 'org.springframework.transaction.config.internalTransactionAdvisor'
2024-07-21T15:50:01.219+02:00 TRACE 248560 --- [crud-springboot] [           main] o.s.b.f.s.DefaultListableBeanFactory     : Finished creating instance of bean 'registerRequest'
2024-07-21T15:50:01.220+02:00 DEBUG 248560 --- [crud-springboot] [           main] o.s.b.f.s.DefaultListableBeanFactory     : Creating shared instance of singleton bean 'webController'
2024-07-21T15:50:01.220+02:00 TRACE 248560 --- [crud-springboot] [           main] o.s.b.f.s.DefaultListableBeanFactory     : Creating instance of bean 'webController'
2024-07-21T15:50:01.220+02:00 TRACE 248560 --- [crud-springboot] [           main] o.s.b.f.s.DefaultListableBeanFactory     : Returning cached instance of singleton bean 'org.springframework.transaction.config.internalTransactionAdvisor'
2024-07-21T15:50:01.221+02:00 TRACE 248560 --- [crud-springboot] [           main] o.s.b.f.s.DefaultListableBeanFactory     : Returning cached instance of singleton bean 'userRepository'
2024-07-21T15:50:01.221+02:00 TRACE 248560 --- [crud-springboot] [           main] o.s.b.f.s.DefaultListableBeanFactory     : Returning cached instance of singleton bean 'passwordEncoder'
2024-07-21T15:50:01.222+02:00 TRACE 248560 --- [crud-springboot] [           main] o.s.b.f.s.DefaultListableBeanFactory     : Returning cached instance of singleton bean 'jwtUtils'
2024-07-21T15:50:01.222+02:00 TRACE 248560 --- [crud-springboot] [           main] o.s.b.f.s.DefaultListableBeanFactory     : Returning cached instance of singleton bean 'authenticationManager'
2024-07-21T15:50:01.222+02:00 DEBUG 248560 --- [crud-springboot] [           main] o.s.b.f.s.DefaultListableBeanFactory     : Autowiring by type from bean name 'webController' via constructor to bean named 'userRepository'
2024-07-21T15:50:01.222+02:00 DEBUG 248560 --- [crud-springboot] [           main] o.s.b.f.s.DefaultListableBeanFactory     : Autowiring by type from bean name 'webController' via constructor to bean named 'passwordEncoder'
2024-07-21T15:50:01.222+02:00 DEBUG 248560 --- [crud-springboot] [           main] o.s.b.f.s.DefaultListableBeanFactory     : Autowiring by type from bean name 'webController' via constructor to bean named 'jwtUtils'
2024-07-21T15:50:01.222+02:00 DEBUG 248560 --- [crud-springboot] [           main] o.s.b.f.s.DefaultListableBeanFactory     : Autowiring by type from bean name 'webController' via constructor to bean named 'authenticationManager'
2024-07-21T15:50:01.223+02:00 TRACE 248560 --- [crud-springboot] [           main] o.s.b.f.s.DefaultListableBeanFactory     : Returning cached instance of singleton bean 'org.springframework.transaction.config.internalTransactionAdvisor'
2024-07-21T15:50:01.223+02:00 TRACE 248560 --- [crud-springboot] [           main] o.s.b.f.s.DefaultListableBeanFactory     : Returning cached instance of singleton bean 'org.springframework.transaction.config.internalTransactionAdvisor'
2024-07-21T15:50:01.223+02:00 TRACE 248560 --- [crud-springboot] [           main] o.s.b.f.s.DefaultListableBeanFactory     : Finished creating instance of bean 'webController'
2024-07-21T15:50:01.223+02:00 DEBUG 248560 --- [crud-springboot] [           main] o.s.b.f.s.DefaultListableBeanFactory     : Creating shared instance of singleton bean 'jwtFilter'
2024-07-21T15:50:01.223+02:00 TRACE 248560 --- [crud-springboot] [           main] o.s.b.f.s.DefaultListableBeanFactory     : Creating instance of bean 'jwtFilter'
2024-07-21T15:50:01.223+02:00 TRACE 248560 --- [crud-springboot] [           main] o.s.b.f.s.DefaultListableBeanFactory     : Returning cached instance of singleton bean 'org.springframework.transaction.config.internalTransactionAdvisor'
2024-07-21T15:50:01.224+02:00 TRACE 248560 --- [crud-springboot] [           main] o.s.b.f.s.DefaultListableBeanFactory     : Returning cached instance of singleton bean 'customUserDetailsService'
2024-07-21T15:50:01.224+02:00 TRACE 248560 --- [crud-springboot] [           main] o.s.b.f.s.DefaultListableBeanFactory     : Returning cached instance of singleton bean 'jwtUtils'
2024-07-21T15:50:01.225+02:00 DEBUG 248560 --- [crud-springboot] [           main] o.s.b.f.s.DefaultListableBeanFactory     : Autowiring by type from bean name 'jwtFilter' via constructor to bean named 'customUserDetailsService'
2024-07-21T15:50:01.225+02:00 DEBUG 248560 --- [crud-springboot] [           main] o.s.b.f.s.DefaultListableBeanFactory     : Autowiring by type from bean name 'jwtFilter' via constructor to bean named 'jwtUtils'
2024-07-21T15:50:01.225+02:00 TRACE 248560 --- [crud-springboot] [           main] o.s.b.f.s.DefaultListableBeanFactory     : Invoking afterPropertiesSet() on bean with name 'jwtFilter'
2024-07-21T15:50:01.225+02:00 TRACE 248560 --- [crud-springboot] [           main] o.s.b.f.s.DefaultListableBeanFactory     : Returning cached instance of singleton bean 'org.springframework.transaction.config.internalTransactionAdvisor'
2024-07-21T15:50:01.225+02:00 TRACE 248560 --- [crud-springboot] [           main] o.s.b.f.s.DefaultListableBeanFactory     : Returning cached instance of singleton bean 'org.springframework.transaction.config.internalTransactionAdvisor'
2024-07-21T15:50:01.226+02:00 TRACE 248560 --- [crud-springboot] [           main] o.s.b.f.s.DefaultListableBeanFactory     : Finished creating instance of bean 'jwtFilter'
2024-07-21T15:50:01.226+02:00 DEBUG 248560 --- [crud-springboot] [           main] o.s.b.f.s.DefaultListableBeanFactory     : Creating shared instance of singleton bean 'cardService'
2024-07-21T15:50:01.226+02:00 TRACE 248560 --- [crud-springboot] [           main] o.s.b.f.s.DefaultListableBeanFactory     : Creating instance of bean 'cardService'
2024-07-21T15:50:01.226+02:00 TRACE 248560 --- [crud-springboot] [           main] o.s.b.f.s.DefaultListableBeanFactory     : Returning cached instance of singleton bean 'org.springframework.transaction.config.internalTransactionAdvisor'
2024-07-21T15:50:01.228+02:00 DEBUG 248560 --- [crud-springboot] [           main] o.s.b.f.s.DefaultListableBeanFactory     : Creating shared instance of singleton bean 'cardRepository'
2024-07-21T15:50:01.228+02:00 TRACE 248560 --- [crud-springboot] [           main] o.s.b.f.s.DefaultListableBeanFactory     : Creating instance of bean 'cardRepository'
2024-07-21T15:50:01.228+02:00 TRACE 248560 --- [crud-springboot] [           main] o.s.b.f.s.DefaultListableBeanFactory     : Returning cached instance of singleton bean 'org.springframework.transaction.config.internalTransactionAdvisor'
2024-07-21T15:50:01.230+02:00 DEBUG 248560 --- [crud-springboot] [           main] o.s.b.f.s.DefaultListableBeanFactory     : Creating shared instance of singleton bean 'jpa.named-queries#6'
2024-07-21T15:50:01.230+02:00 TRACE 248560 --- [crud-springboot] [           main] o.s.b.f.s.DefaultListableBeanFactory     : Creating instance of bean 'jpa.named-queries#6'
2024-07-21T15:50:01.230+02:00 TRACE 248560 --- [crud-springboot] [           main] o.s.b.f.s.DefaultListableBeanFactory     : Returning cached instance of singleton bean 'org.springframework.transaction.config.internalTransactionAdvisor'
2024-07-21T15:50:01.230+02:00 TRACE 248560 --- [crud-springboot] [           main] o.s.beans.TypeConverterDelegate          : Converting String to [class [Lorg.springframework.core.io.Resource;] using property editor [org.springframework.core.io.support.ResourceArrayPropertyEditor@47800bd7]
2024-07-21T15:50:01.231+02:00 TRACE 248560 --- [crud-springboot] [           main] .i.s.PathMatchingResourcePatternResolver : Resolved module-path location pattern [META-INF/jpa-named-queries.properties] to resources []
2024-07-21T15:50:01.231+02:00 TRACE 248560 --- [crud-springboot] [           main] .i.s.PathMatchingResourcePatternResolver : Resolved class path location [META-INF/jpa-named-queries.properties] to resources []
2024-07-21T15:50:01.232+02:00 TRACE 248560 --- [crud-springboot] [           main] o.s.b.f.s.DefaultListableBeanFactory     : Invoking afterPropertiesSet() on bean with name 'jpa.named-queries#6'
2024-07-21T15:50:01.232+02:00 TRACE 248560 --- [crud-springboot] [           main] o.s.b.f.s.DefaultListableBeanFactory     : Returning cached instance of singleton bean 'org.springframework.transaction.config.internalTransactionAdvisor'
2024-07-21T15:50:01.232+02:00 TRACE 248560 --- [crud-springboot] [           main] o.s.b.f.s.DefaultListableBeanFactory     : Returning cached instance of singleton bean 'org.springframework.transaction.config.internalTransactionAdvisor'
2024-07-21T15:50:01.232+02:00 TRACE 248560 --- [crud-springboot] [           main] o.s.b.f.s.DefaultListableBeanFactory     : Finished creating instance of bean 'jpa.named-queries#6'
2024-07-21T15:50:01.232+02:00 TRACE 248560 --- [crud-springboot] [           main] o.s.b.f.s.DefaultListableBeanFactory     : Returning cached instance of singleton bean 'org.springframework.transaction.config.internalTransactionAdvisor'
2024-07-21T15:50:01.232+02:00 TRACE 248560 --- [crud-springboot] [           main] o.s.b.f.s.DefaultListableBeanFactory     : Returning cached instance of singleton bean 'org.springframework.transaction.config.internalTransactionAdvisor'
2024-07-21T15:50:01.232+02:00 DEBUG 248560 --- [crud-springboot] [           main] o.s.b.f.s.DefaultListableBeanFactory     : Creating shared instance of singleton bean 'jpa.CardRepository.fragments#0'
2024-07-21T15:50:01.232+02:00 TRACE 248560 --- [crud-springboot] [           main] o.s.b.f.s.DefaultListableBeanFactory     : Creating instance of bean 'jpa.CardRepository.fragments#0'
2024-07-21T15:50:01.232+02:00 TRACE 248560 --- [crud-springboot] [           main] o.s.b.f.s.DefaultListableBeanFactory     : Returning cached instance of singleton bean 'org.springframework.transaction.config.internalTransactionAdvisor'
2024-07-21T15:50:01.233+02:00 TRACE 248560 --- [crud-springboot] [           main] o.s.b.f.s.DefaultListableBeanFactory     : Invoking afterPropertiesSet() on bean with name 'jpa.CardRepository.fragments#0'
2024-07-21T15:50:01.233+02:00 TRACE 248560 --- [crud-springboot] [           main] o.s.b.f.s.DefaultListableBeanFactory     : Returning cached instance of singleton bean 'org.springframework.transaction.config.internalTransactionAdvisor'
2024-07-21T15:50:01.233+02:00 TRACE 248560 --- [crud-springboot] [           main] o.s.b.f.s.DefaultListableBeanFactory     : Returning cached instance of singleton bean 'org.springframework.transaction.config.internalTransactionAdvisor'
2024-07-21T15:50:01.234+02:00 TRACE 248560 --- [crud-springboot] [           main] o.s.b.f.s.DefaultListableBeanFactory     : Finished creating instance of bean 'jpa.CardRepository.fragments#0'
2024-07-21T15:50:01.234+02:00 TRACE 248560 --- [crud-springboot] [           main] o.s.b.f.s.DefaultListableBeanFactory     : Returning cached instance of singleton bean 'org.springframework.transaction.config.internalTransactionAdvisor'
2024-07-21T15:50:01.234+02:00 TRACE 248560 --- [crud-springboot] [           main] o.s.b.f.s.DefaultListableBeanFactory     : Returning cached instance of singleton bean 'org.springframework.transaction.config.internalTransactionAdvisor'
2024-07-21T15:50:01.235+02:00 TRACE 248560 --- [crud-springboot] [           main] o.s.b.f.s.DefaultListableBeanFactory     : Returning cached instance of singleton bean 'jpaSharedEM_entityManagerFactory'
2024-07-21T15:50:01.235+02:00 TRACE 248560 --- [crud-springboot] [           main] o.s.b.f.s.DefaultListableBeanFactory     : Returning cached instance of singleton bean 'jpaMappingContext'
2024-07-21T15:50:01.236+02:00 TRACE 248560 --- [crud-springboot] [           main] o.s.b.f.s.DefaultListableBeanFactory     : Invoking afterPropertiesSet() on bean with name 'cardRepository'
2024-07-21T15:50:01.236+02:00 DEBUG 248560 --- [crud-springboot] [           main] tor$SharedEntityManagerInvocationHandler : Creating new EntityManager for shared EntityManager invocation
2024-07-21T15:50:01.237+02:00 DEBUG 248560 --- [crud-springboot] [           main] o.s.d.r.c.s.RepositoryFactorySupport     : Initializing repository instance for com.cwa.crudspringboot.repository.CardRepository…
2024-07-21T15:50:01.237+02:00 TRACE 248560 --- [crud-springboot] [           main] o.s.b.f.s.DefaultListableBeanFactory     : Returning cached instance of singleton bean 'applicationStartup'
2024-07-21T15:50:01.238+02:00 TRACE 248560 --- [crud-springboot] [           main] o.s.aop.framework.JdkDynamicAopProxy     : Creating JDK dynamic proxy: org.springframework.data.jpa.repository.support.CrudMethodMetadataPostProcessor$ThreadBoundTargetSource@3fe21d0e
2024-07-21T15:50:01.238+02:00 DEBUG 248560 --- [crud-springboot] [           main] tor$SharedEntityManagerInvocationHandler : Creating new EntityManager for shared EntityManager invocation
2024-07-21T15:50:01.239+02:00 TRACE 248560 --- [crud-springboot] [           main] o.s.aop.framework.JdkDynamicAopProxy     : Creating JDK dynamic proxy: org.springframework.data.jpa.repository.support.CrudMethodMetadataPostProcessor$ThreadBoundTargetSource@1d7f0cd0
2024-07-21T15:50:01.242+02:00 TRACE 248560 --- [crud-springboot] [           main] o.s.aop.framework.JdkDynamicAopProxy     : Creating JDK dynamic proxy: SingletonTargetSource for target object [org.springframework.data.jpa.repository.support.SimpleJpaRepository@325a781c]
2024-07-21T15:50:01.246+02:00 DEBUG 248560 --- [crud-springboot] [           main] o.s.d.r.c.s.RepositoryFactorySupport     : Finished creation of repository instance for com.cwa.crudspringboot.repository.CardRepository.
2024-07-21T15:50:01.247+02:00 TRACE 248560 --- [crud-springboot] [           main] o.s.b.f.s.DefaultListableBeanFactory     : Returning cached instance of singleton bean 'org.springframework.transaction.config.internalTransactionAdvisor'
2024-07-21T15:50:01.247+02:00 TRACE 248560 --- [crud-springboot] [           main] o.s.b.f.s.DefaultListableBeanFactory     : Returning cached instance of singleton bean 'org.springframework.transaction.config.internalTransactionAdvisor'
2024-07-21T15:50:01.247+02:00 TRACE 248560 --- [crud-springboot] [           main] o.s.b.f.s.DefaultListableBeanFactory     : Finished creating instance of bean 'cardRepository'
2024-07-21T15:50:01.247+02:00 TRACE 248560 --- [crud-springboot] [           main] o.s.b.f.s.DefaultListableBeanFactory     : Returning cached instance of singleton bean 'org.springframework.transaction.config.internalTransactionAdvisor'
2024-07-21T15:50:01.247+02:00 TRACE 248560 --- [crud-springboot] [           main] o.s.b.f.s.DefaultListableBeanFactory     : Returning cached instance of singleton bean 'org.springframework.transaction.config.internalTransactionAdvisor'
2024-07-21T15:50:01.248+02:00 TRACE 248560 --- [crud-springboot] [           main] f.a.AutowiredAnnotationBeanPostProcessor : Autowiring by type from bean name 'cardService' to bean named 'cardRepository'
2024-07-21T15:50:01.248+02:00 TRACE 248560 --- [crud-springboot] [           main] o.s.b.f.s.DefaultListableBeanFactory     : Returning cached instance of singleton bean 'org.springframework.transaction.config.internalTransactionAdvisor'
2024-07-21T15:50:01.248+02:00 TRACE 248560 --- [crud-springboot] [           main] o.s.b.f.s.DefaultListableBeanFactory     : Returning cached instance of singleton bean 'org.springframework.transaction.config.internalTransactionAdvisor'
2024-07-21T15:50:01.249+02:00 TRACE 248560 --- [crud-springboot] [           main] o.s.b.f.s.DefaultListableBeanFactory     : Finished creating instance of bean 'cardService'
2024-07-21T15:50:01.249+02:00 TRACE 248560 --- [crud-springboot] [           main] o.s.b.f.s.DefaultListableBeanFactory     : Returning cached instance of singleton bean 'customUserDetailsService'
2024-07-21T15:50:01.249+02:00 TRACE 248560 --- [crud-springboot] [           main] o.s.b.f.s.DefaultListableBeanFactory     : Returning cached instance of singleton bean 'org.springframework.security.config.annotation.configuration.ObjectPostProcessorConfiguration'
2024-07-21T15:50:01.249+02:00 TRACE 248560 --- [crud-springboot] [           main] o.s.b.f.s.DefaultListableBeanFactory     : Returning cached instance of singleton bean 'objectPostProcessor'
2024-07-21T15:50:01.249+02:00 TRACE 248560 --- [crud-springboot] [           main] o.s.b.f.s.DefaultListableBeanFactory     : Returning cached instance of singleton bean 'org.springframework.security.config.annotation.authentication.configuration.AuthenticationConfiguration'
2024-07-21T15:50:01.249+02:00 TRACE 248560 --- [crud-springboot] [           main] o.s.b.f.s.DefaultListableBeanFactory     : Returning cached instance of singleton bean 'authenticationManagerBuilder'
2024-07-21T15:50:01.249+02:00 TRACE 248560 --- [crud-springboot] [           main] o.s.b.f.s.DefaultListableBeanFactory     : Returning cached instance of singleton bean 'enableGlobalAuthenticationAutowiredConfigurer'
2024-07-21T15:50:01.249+02:00 TRACE 248560 --- [crud-springboot] [           main] o.s.b.f.s.DefaultListableBeanFactory     : Returning cached instance of singleton bean 'initializeUserDetailsBeanManagerConfigurer'
2024-07-21T15:50:01.249+02:00 TRACE 248560 --- [crud-springboot] [           main] o.s.b.f.s.DefaultListableBeanFactory     : Returning cached instance of singleton bean 'initializeAuthenticationProviderBeanManagerConfigurer'
2024-07-21T15:50:01.249+02:00 DEBUG 248560 --- [crud-springboot] [           main] o.s.b.f.s.DefaultListableBeanFactory     : Creating shared instance of singleton bean 'org.springframework.security.config.annotation.web.configuration.WebSecurityConfiguration'
2024-07-21T15:50:01.249+02:00 TRACE 248560 --- [crud-springboot] [           main] o.s.b.f.s.DefaultListableBeanFactory     : Creating instance of bean 'org.springframework.security.config.annotation.web.configuration.WebSecurityConfiguration'
2024-07-21T15:50:01.249+02:00 TRACE 248560 --- [crud-springboot] [           main] o.s.b.f.s.DefaultListableBeanFactory     : Returning cached instance of singleton bean 'org.springframework.transaction.config.internalTransactionAdvisor'
2024-07-21T15:50:01.251+02:00 TRACE 248560 --- [crud-springboot] [           main] o.s.beans.CachedIntrospectionResults     : Getting BeanInfo for class [org.springframework.security.config.annotation.web.configuration.WebSecurityConfiguration]
2024-07-21T15:50:01.251+02:00 TRACE 248560 --- [crud-springboot] [           main] o.s.beans.CachedIntrospectionResults     : Caching PropertyDescriptors for class [org.springframework.security.config.annotation.web.configuration.WebSecurityConfiguration]
2024-07-21T15:50:01.251+02:00 TRACE 248560 --- [crud-springboot] [           main] o.s.beans.CachedIntrospectionResults     : Found bean property 'beanClassLoader' of type [java.lang.ClassLoader]
2024-07-21T15:50:01.252+02:00 TRACE 248560 --- [crud-springboot] [           main] o.s.beans.CachedIntrospectionResults     : Found bean property 'class' of type [java.lang.Class]
2024-07-21T15:50:01.252+02:00 TRACE 248560 --- [crud-springboot] [           main] o.s.beans.CachedIntrospectionResults     : Found bean property 'importMetadata' of type [org.springframework.core.type.AnnotationMetadata]
2024-07-21T15:50:01.255+02:00 TRACE 248560 --- [crud-springboot] [           main] o.s.b.f.s.DefaultListableBeanFactory     : Returning cached instance of singleton bean 'objectPostProcessor'
2024-07-21T15:50:01.255+02:00 TRACE 248560 --- [crud-springboot] [           main] f.a.AutowiredAnnotationBeanPostProcessor : Autowiring by type from bean name 'org.springframework.security.config.annotation.web.configuration.WebSecurityConfiguration' to bean named 'objectPostProcessor'
2024-07-21T15:50:01.256+02:00 TRACE 248560 --- [crud-springboot] [           main] o.s.b.f.s.DefaultListableBeanFactory     : Creating instance of bean 'org.springframework.security.config.annotation.web.configuration.HttpSecurityConfiguration.httpSecurity'
2024-07-21T15:50:01.256+02:00 TRACE 248560 --- [crud-springboot] [           main] o.s.b.f.s.DefaultListableBeanFactory     : Returning cached instance of singleton bean 'org.springframework.security.config.annotation.web.configuration.HttpSecurityConfiguration'
2024-07-21T15:50:01.256+02:00 TRACE 248560 --- [crud-springboot] [           main] o.s.b.f.s.DefaultListableBeanFactory     : Returning cached instance of singleton bean 'authenticationEventPublisher'
2024-07-21T15:50:01.256+02:00 TRACE 248560 --- [crud-springboot] [           main] o.s.c.io.support.SpringFactoriesLoader   : Loaded [org.springframework.security.config.annotation.web.configurers.AbstractHttpConfigurer] names: []
2024-07-21T15:50:01.256+02:00 TRACE 248560 --- [crud-springboot] [           main] o.s.b.f.s.DefaultListableBeanFactory     : Finished creating instance of bean 'org.springframework.security.config.annotation.web.configuration.HttpSecurityConfiguration.httpSecurity'
2024-07-21T15:50:01.257+02:00 TRACE 248560 --- [crud-springboot] [           main] f.a.AutowiredAnnotationBeanPostProcessor : Autowiring by type from bean name 'org.springframework.security.config.annotation.web.configuration.WebSecurityConfiguration' to bean named 'org.springframework.security.config.annotation.web.configuration.HttpSecurityConfiguration.httpSecurity'
2024-07-21T15:50:01.257+02:00 TRACE 248560 --- [crud-springboot] [           main] o.s.b.f.s.DefaultListableBeanFactory     : Returning cached instance of singleton bean 'objectPostProcessor'
2024-07-21T15:50:01.258+02:00 TRACE 248560 --- [crud-springboot] [           main] f.a.AutowiredAnnotationBeanPostProcessor : Autowiring by type from bean name 'org.springframework.security.config.annotation.web.configuration.WebSecurityConfiguration' to bean named 'objectPostProcessor'
2024-07-21T15:50:01.258+02:00 TRACE 248560 --- [crud-springboot] [           main] f.a.AutowiredAnnotationBeanPostProcessor : Autowiring by type from bean name 'org.springframework.security.config.annotation.web.configuration.WebSecurityConfiguration' to bean named 'org.springframework.beans.factory.support.DefaultListableBeanFactory@5fa05212'
2024-07-21T15:50:01.269+02:00 DEBUG 248560 --- [crud-springboot] [           main] o.s.b.f.s.DefaultListableBeanFactory     : Creating shared instance of singleton bean 'mvcHandlerMappingIntrospectorRequestTransformer'
2024-07-21T15:50:01.269+02:00 TRACE 248560 --- [crud-springboot] [           main] o.s.b.f.s.DefaultListableBeanFactory     : Creating instance of bean 'mvcHandlerMappingIntrospectorRequestTransformer'
2024-07-21T15:50:01.269+02:00 TRACE 248560 --- [crud-springboot] [           main] o.s.b.f.s.DefaultListableBeanFactory     : Returning cached instance of singleton bean 'org.springframework.transaction.config.internalTransactionAdvisor'
2024-07-21T15:50:01.270+02:00 DEBUG 248560 --- [crud-springboot] [           main] o.s.b.f.s.DefaultListableBeanFactory     : Creating shared instance of singleton bean 'mvcHandlerMappingIntrospector'
2024-07-21T15:50:01.270+02:00 TRACE 248560 --- [crud-springboot] [           main] o.s.b.f.s.DefaultListableBeanFactory     : Creating instance of bean 'mvcHandlerMappingIntrospector'
2024-07-21T15:50:01.270+02:00 TRACE 248560 --- [crud-springboot] [           main] o.s.b.f.s.DefaultListableBeanFactory     : Returning cached instance of singleton bean 'org.springframework.transaction.config.internalTransactionAdvisor'
2024-07-21T15:50:01.270+02:00 TRACE 248560 --- [crud-springboot] [           main] o.s.b.f.s.DefaultListableBeanFactory     : Returning cached instance of singleton bean 'org.springframework.boot.autoconfigure.web.servlet.WebMvcAutoConfiguration$EnableWebMvcConfiguration'
2024-07-21T15:50:01.276+02:00 TRACE 248560 --- [crud-springboot] [           main] o.s.b.f.s.DefaultListableBeanFactory     : Invoking afterPropertiesSet() on bean with name 'mvcHandlerMappingIntrospector'
2024-07-21T15:50:01.276+02:00 DEBUG 248560 --- [crud-springboot] [           main] o.s.b.f.s.DefaultListableBeanFactory     : Creating shared instance of singleton bean 'welcomePageHandlerMapping'
2024-07-21T15:50:01.277+02:00 TRACE 248560 --- [crud-springboot] [           main] o.s.b.f.s.DefaultListableBeanFactory     : Creating instance of bean 'welcomePageHandlerMapping'
2024-07-21T15:50:01.277+02:00 TRACE 248560 --- [crud-springboot] [           main] o.s.b.f.s.DefaultListableBeanFactory     : Returning cached instance of singleton bean 'org.springframework.transaction.config.internalTransactionAdvisor'
2024-07-21T15:50:01.277+02:00 TRACE 248560 --- [crud-springboot] [           main] o.s.b.f.s.DefaultListableBeanFactory     : Returning cached instance of singleton bean 'org.springframework.boot.autoconfigure.web.servlet.WebMvcAutoConfiguration$EnableWebMvcConfiguration'
2024-07-21T15:50:01.278+02:00 DEBUG 248560 --- [crud-springboot] [           main] o.s.b.f.s.DefaultListableBeanFactory     : Creating shared instance of singleton bean 'mvcConversionService'
2024-07-21T15:50:01.278+02:00 TRACE 248560 --- [crud-springboot] [           main] o.s.b.f.s.DefaultListableBeanFactory     : Creating instance of bean 'mvcConversionService'
2024-07-21T15:50:01.278+02:00 TRACE 248560 --- [crud-springboot] [           main] o.s.b.f.s.DefaultListableBeanFactory     : Returning cached instance of singleton bean 'org.springframework.transaction.config.internalTransactionAdvisor'
2024-07-21T15:50:01.278+02:00 TRACE 248560 --- [crud-springboot] [           main] o.s.b.f.s.DefaultListableBeanFactory     : Returning cached instance of singleton bean 'org.springframework.boot.autoconfigure.web.servlet.WebMvcAutoConfiguration$EnableWebMvcConfiguration'
2024-07-21T15:50:01.292+02:00 TRACE 248560 --- [crud-springboot] [           main] o.s.b.f.s.DefaultListableBeanFactory     : Returning cached instance of singleton bean 'org.springframework.transaction.config.internalTransactionAdvisor'
2024-07-21T15:50:01.292+02:00 TRACE 248560 --- [crud-springboot] [           main] o.s.b.f.s.DefaultListableBeanFactory     : Returning cached instance of singleton bean 'org.springframework.transaction.config.internalTransactionAdvisor'
2024-07-21T15:50:01.296+02:00 TRACE 248560 --- [crud-springboot] [           main] o.s.b.f.s.DefaultListableBeanFactory     : Finished creating instance of bean 'mvcConversionService'
2024-07-21T15:50:01.297+02:00 DEBUG 248560 --- [crud-springboot] [           main] o.s.b.f.s.DefaultListableBeanFactory     : Creating shared instance of singleton bean 'mvcResourceUrlProvider'
2024-07-21T15:50:01.297+02:00 TRACE 248560 --- [crud-springboot] [           main] o.s.b.f.s.DefaultListableBeanFactory     : Creating instance of bean 'mvcResourceUrlProvider'
2024-07-21T15:50:01.297+02:00 TRACE 248560 --- [crud-springboot] [           main] o.s.b.f.s.DefaultListableBeanFactory     : Returning cached instance of singleton bean 'org.springframework.transaction.config.internalTransactionAdvisor'
2024-07-21T15:50:01.297+02:00 TRACE 248560 --- [crud-springboot] [           main] o.s.b.f.s.DefaultListableBeanFactory     : Returning cached instance of singleton bean 'org.springframework.boot.autoconfigure.web.servlet.WebMvcAutoConfiguration$EnableWebMvcConfiguration'
2024-07-21T15:50:01.300+02:00 TRACE 248560 --- [crud-springboot] [           main] o.s.b.f.s.DefaultListableBeanFactory     : Returning cached instance of singleton bean 'org.springframework.transaction.config.internalTransactionAdvisor'
2024-07-21T15:50:01.300+02:00 TRACE 248560 --- [crud-springboot] [           main] o.s.b.f.s.DefaultListableBeanFactory     : Returning cached instance of singleton bean 'org.springframework.transaction.config.internalTransactionAdvisor'
2024-07-21T15:50:01.301+02:00 TRACE 248560 --- [crud-springboot] [           main] o.s.b.f.s.DefaultListableBeanFactory     : Finished creating instance of bean 'mvcResourceUrlProvider'
2024-07-21T15:50:01.301+02:00 DEBUG 248560 --- [crud-springboot] [           main] o.s.b.f.s.DefaultListableBeanFactory     : Autowiring by type from bean name 'welcomePageHandlerMapping' via factory method to bean named 'org.springframework.web.context.support.GenericWebApplicationContext@3574e198'
2024-07-21T15:50:01.301+02:00 DEBUG 248560 --- [crud-springboot] [           main] o.s.b.f.s.DefaultListableBeanFactory     : Autowiring by type from bean name 'welcomePageHandlerMapping' via factory method to bean named 'mvcConversionService'
2024-07-21T15:50:01.301+02:00 DEBUG 248560 --- [crud-springboot] [           main] o.s.b.f.s.DefaultListableBeanFactory     : Autowiring by type from bean name 'welcomePageHandlerMapping' via factory method to bean named 'mvcResourceUrlProvider'
2024-07-21T15:50:01.304+02:00 TRACE 248560 --- [crud-springboot] [           main] o.s.c.io.support.SpringFactoriesLoader   : Loaded [org.springframework.boot.autoconfigure.template.TemplateAvailabilityProvider] names: [org.springframework.boot.autoconfigure.freemarker.FreeMarkerTemplateAvailabilityProvider, org.springframework.boot.autoconfigure.mustache.MustacheTemplateAvailabilityProvider, org.springframework.boot.autoconfigure.groovy.template.GroovyTemplateAvailabilityProvider, org.springframework.boot.autoconfigure.thymeleaf.ThymeleafTemplateAvailabilityProvider, org.springframework.boot.autoconfigure.web.servlet.JspTemplateAvailabilityProvider]
2024-07-21T15:50:01.312+02:00  INFO 248560 --- [crud-springboot] [           main] o.s.b.a.w.s.WelcomePageHandlerMapping    : Adding welcome page template: index
2024-07-21T15:50:01.329+02:00 TRACE 248560 --- [crud-springboot] [           main] o.s.b.f.s.DefaultListableBeanFactory     : Returning cached instance of singleton bean 'org.springframework.transaction.config.internalTransactionAdvisor'
2024-07-21T15:50:01.329+02:00 TRACE 248560 --- [crud-springboot] [           main] o.s.b.f.s.DefaultListableBeanFactory     : Returning cached instance of singleton bean 'org.springframework.transaction.config.internalTransactionAdvisor'
2024-07-21T15:50:01.333+02:00 TRACE 248560 --- [crud-springboot] [           main] o.s.b.f.s.DefaultListableBeanFactory     : Finished creating instance of bean 'welcomePageHandlerMapping'
2024-07-21T15:50:01.333+02:00 DEBUG 248560 --- [crud-springboot] [           main] o.s.b.f.s.DefaultListableBeanFactory     : Creating shared instance of singleton bean 'welcomePageNotAcceptableHandlerMapping'
2024-07-21T15:50:01.333+02:00 TRACE 248560 --- [crud-springboot] [           main] o.s.b.f.s.DefaultListableBeanFactory     : Creating instance of bean 'welcomePageNotAcceptableHandlerMapping'
2024-07-21T15:50:01.333+02:00 TRACE 248560 --- [crud-springboot] [           main] o.s.b.f.s.DefaultListableBeanFactory     : Returning cached instance of singleton bean 'org.springframework.transaction.config.internalTransactionAdvisor'
2024-07-21T15:50:01.333+02:00 TRACE 248560 --- [crud-springboot] [           main] o.s.b.f.s.DefaultListableBeanFactory     : Returning cached instance of singleton bean 'org.springframework.boot.autoconfigure.web.servlet.WebMvcAutoConfiguration$EnableWebMvcConfiguration'
2024-07-21T15:50:01.333+02:00 TRACE 248560 --- [crud-springboot] [           main] o.s.b.f.s.DefaultListableBeanFactory     : Returning cached instance of singleton bean 'mvcConversionService'
2024-07-21T15:50:01.334+02:00 TRACE 248560 --- [crud-springboot] [           main] o.s.b.f.s.DefaultListableBeanFactory     : Returning cached instance of singleton bean 'mvcResourceUrlProvider'
2024-07-21T15:50:01.334+02:00 DEBUG 248560 --- [crud-springboot] [           main] o.s.b.f.s.DefaultListableBeanFactory     : Autowiring by type from bean name 'welcomePageNotAcceptableHandlerMapping' via factory method to bean named 'org.springframework.web.context.support.GenericWebApplicationContext@3574e198'
2024-07-21T15:50:01.334+02:00 DEBUG 248560 --- [crud-springboot] [           main] o.s.b.f.s.DefaultListableBeanFactory     : Autowiring by type from bean name 'welcomePageNotAcceptableHandlerMapping' via factory method to bean named 'mvcConversionService'
2024-07-21T15:50:01.334+02:00 DEBUG 248560 --- [crud-springboot] [           main] o.s.b.f.s.DefaultListableBeanFactory     : Autowiring by type from bean name 'welcomePageNotAcceptableHandlerMapping' via factory method to bean named 'mvcResourceUrlProvider'
2024-07-21T15:50:01.335+02:00 TRACE 248560 --- [crud-springboot] [           main] o.s.c.io.support.SpringFactoriesLoader   : Loaded [org.springframework.boot.autoconfigure.template.TemplateAvailabilityProvider] names: [org.springframework.boot.autoconfigure.freemarker.FreeMarkerTemplateAvailabilityProvider, org.springframework.boot.autoconfigure.mustache.MustacheTemplateAvailabilityProvider, org.springframework.boot.autoconfigure.groovy.template.GroovyTemplateAvailabilityProvider, org.springframework.boot.autoconfigure.thymeleaf.ThymeleafTemplateAvailabilityProvider, org.springframework.boot.autoconfigure.web.servlet.JspTemplateAvailabilityProvider]
2024-07-21T15:50:01.341+02:00 TRACE 248560 --- [crud-springboot] [           main] o.s.b.f.s.DefaultListableBeanFactory     : Returning cached instance of singleton bean 'org.springframework.transaction.config.internalTransactionAdvisor'
2024-07-21T15:50:01.342+02:00 TRACE 248560 --- [crud-springboot] [           main] o.s.b.f.s.DefaultListableBeanFactory     : Returning cached instance of singleton bean 'org.springframework.transaction.config.internalTransactionAdvisor'
2024-07-21T15:50:01.345+02:00 TRACE 248560 --- [crud-springboot] [           main] o.s.b.f.s.DefaultListableBeanFactory     : Finished creating instance of bean 'welcomePageNotAcceptableHandlerMapping'
2024-07-21T15:50:01.345+02:00 DEBUG 248560 --- [crud-springboot] [           main] o.s.b.f.s.DefaultListableBeanFactory     : Creating shared instance of singleton bean 'requestMappingHandlerMapping'
2024-07-21T15:50:01.345+02:00 TRACE 248560 --- [crud-springboot] [           main] o.s.b.f.s.DefaultListableBeanFactory     : Creating instance of bean 'requestMappingHandlerMapping'
2024-07-21T15:50:01.346+02:00 TRACE 248560 --- [crud-springboot] [           main] o.s.b.f.s.DefaultListableBeanFactory     : Returning cached instance of singleton bean 'org.springframework.transaction.config.internalTransactionAdvisor'
2024-07-21T15:50:01.346+02:00 TRACE 248560 --- [crud-springboot] [           main] o.s.b.f.s.DefaultListableBeanFactory     : Returning cached instance of singleton bean 'org.springframework.boot.autoconfigure.web.servlet.WebMvcAutoConfiguration$EnableWebMvcConfiguration'
2024-07-21T15:50:01.348+02:00 TRACE 248560 --- [crud-springboot] [           main] o.s.b.f.s.DefaultListableBeanFactory     : Returning cached instance of singleton bean 'mvcContentNegotiationManager'
2024-07-21T15:50:01.348+02:00 TRACE 248560 --- [crud-springboot] [           main] o.s.b.f.s.DefaultListableBeanFactory     : Returning cached instance of singleton bean 'mvcConversionService'
2024-07-21T15:50:01.349+02:00 TRACE 248560 --- [crud-springboot] [           main] o.s.b.f.s.DefaultListableBeanFactory     : Returning cached instance of singleton bean 'mvcResourceUrlProvider'
2024-07-21T15:50:01.349+02:00 DEBUG 248560 --- [crud-springboot] [           main] o.s.b.f.s.DefaultListableBeanFactory     : Autowiring by type from bean name 'requestMappingHandlerMapping' via factory method to bean named 'mvcContentNegotiationManager'
2024-07-21T15:50:01.349+02:00 DEBUG 248560 --- [crud-springboot] [           main] o.s.b.f.s.DefaultListableBeanFactory     : Autowiring by type from bean name 'requestMappingHandlerMapping' via factory method to bean named 'mvcConversionService'
2024-07-21T15:50:01.349+02:00 DEBUG 248560 --- [crud-springboot] [           main] o.s.b.f.s.DefaultListableBeanFactory     : Autowiring by type from bean name 'requestMappingHandlerMapping' via factory method to bean named 'mvcResourceUrlProvider'
2024-07-21T15:50:01.373+02:00 TRACE 248560 --- [crud-springboot] [           main] o.s.b.f.s.DefaultListableBeanFactory     : Invoking afterPropertiesSet() on bean with name 'requestMappingHandlerMapping'
2024-07-21T15:50:01.377+02:00 TRACE 248560 --- [crud-springboot] [           main] s.w.s.m.m.a.RequestMappingHandlerMapping : 
	c.c.c.c.ApiResponse:
	
2024-07-21T15:50:01.400+02:00 TRACE 248560 --- [crud-springboot] [           main] s.w.s.m.m.a.RequestMappingHandlerMapping : 
	c.c.c.c.AuthController:
	{POST [/api/auth/register]}: register(User)
	{POST [/api/auth/login]}: login(User)
2024-07-21T15:50:01.406+02:00 TRACE 248560 --- [crud-springboot] [           main] s.w.s.m.m.a.RequestMappingHandlerMapping : 
	c.c.c.c.LoginRequest:
	
2024-07-21T15:50:01.411+02:00 TRACE 248560 --- [crud-springboot] [           main] s.w.s.m.m.a.RequestMappingHandlerMapping : 
	c.c.c.c.PersonController:
	{GET [/api/persons]}: getAllPersons()
	{POST [/api/persons]}: createPerson(Person)
	{GET [/api/persons/{id}]}: getPersonById(Long)
	{PUT [/api/persons/{id}]}: updatePerson(Long,Person)
	{DELETE [/api/persons/{id}]}: deletePerson(Long)
2024-07-21T15:50:01.413+02:00 TRACE 248560 --- [crud-springboot] [           main] s.w.s.m.m.a.RequestMappingHandlerMapping : 
	c.c.c.c.RegisterRequest:
	
2024-07-21T15:50:01.421+02:00 TRACE 248560 --- [crud-springboot] [           main] s.w.s.m.m.a.RequestMappingHandlerMapping : 
	c.c.c.c.WebController:
	{POST [/signup]}: register(User,HttpServletResponse,Model)
	{POST [/login]}: login(String,String,HttpServletResponse,Model)
	{GET [/login]}: loginPage()
	{GET [/{restaurant}/admin]}: adminPage(String,Model,HttpServletResponse)
	{GET [/{restaurant}]}: restaurantPage(String,Model,HttpServletResponse)
	{GET [/{restaurant}/configuration]}: configPage(String,Model,HttpServletResponse)
	{GET [/redirect]}: redirectPage()
	{GET [/signup]}: registerPage(Model)
2024-07-21T15:50:01.426+02:00 TRACE 248560 --- [crud-springboot] [           main] o.s.c.e.PropertySourcesPropertyResolver  : Searching for key 'error.path:/error' in PropertySource 'environmentProperties'
2024-07-21T15:50:01.426+02:00 TRACE 248560 --- [crud-springboot] [           main] ySourcesPropertyResolver$DefaultResolver : Searching for key 'error.path:/error' in PropertySource 'configurationProperties'
2024-07-21T15:50:01.426+02:00 TRACE 248560 --- [crud-springboot] [           main] ySourcesPropertyResolver$DefaultResolver : Searching for key 'error.path:/error' in PropertySource 'test'
2024-07-21T15:50:01.426+02:00 TRACE 248560 --- [crud-springboot] [           main] ySourcesPropertyResolver$DefaultResolver : Searching for key 'error.path:/error' in PropertySource 'Inlined Test Properties'
2024-07-21T15:50:01.426+02:00 TRACE 248560 --- [crud-springboot] [           main] ySourcesPropertyResolver$DefaultResolver : Searching for key 'error.path:/error' in PropertySource 'servletConfigInitParams'
2024-07-21T15:50:01.426+02:00 TRACE 248560 --- [crud-springboot] [           main] ySourcesPropertyResolver$DefaultResolver : Searching for key 'error.path:/error' in PropertySource 'servletContextInitParams'
2024-07-21T15:50:01.426+02:00 TRACE 248560 --- [crud-springboot] [           main] ySourcesPropertyResolver$DefaultResolver : Searching for key 'error.path:/error' in PropertySource 'systemProperties'
2024-07-21T15:50:01.426+02:00 TRACE 248560 --- [crud-springboot] [           main] ySourcesPropertyResolver$DefaultResolver : Searching for key 'error.path:/error' in PropertySource 'systemEnvironment'
2024-07-21T15:50:01.426+02:00 TRACE 248560 --- [crud-springboot] [           main] ySourcesPropertyResolver$DefaultResolver : Searching for key 'error.path:/error' in PropertySource 'random'
2024-07-21T15:50:01.426+02:00 TRACE 248560 --- [crud-springboot] [           main] ySourcesPropertyResolver$DefaultResolver : Searching for key 'error.path:/error' in PropertySource 'Config resource 'class path resource [application.properties]' via location 'optional:classpath:/''
2024-07-21T15:50:01.426+02:00 TRACE 248560 --- [crud-springboot] [           main] ySourcesPropertyResolver$DefaultResolver : Could not find key 'error.path:/error' in any property source
2024-07-21T15:50:01.426+02:00 TRACE 248560 --- [crud-springboot] [           main] o.s.c.e.PropertySourcesPropertyResolver  : Searching for key 'error.path:/error' in PropertySource 'localProperties'
2024-07-21T15:50:01.426+02:00 TRACE 248560 --- [crud-springboot] [           main] o.s.c.e.PropertySourcesPropertyResolver  : Could not find key 'error.path:/error' in any property source
2024-07-21T15:50:01.426+02:00 TRACE 248560 --- [crud-springboot] [           main] o.s.c.e.PropertySourcesPropertyResolver  : Searching for key 'error.path' in PropertySource 'environmentProperties'
2024-07-21T15:50:01.427+02:00 TRACE 248560 --- [crud-springboot] [           main] o.s.c.e.PropertySourcesPropertyResolver  : Searching for key 'error.path' in PropertySource 'localProperties'
2024-07-21T15:50:01.427+02:00 TRACE 248560 --- [crud-springboot] [           main] o.s.c.e.PropertySourcesPropertyResolver  : Could not find key 'error.path' in any property source
2024-07-21T15:50:01.427+02:00 TRACE 248560 --- [crud-springboot] [           main] o.s.util.PropertyPlaceholderHelper       : Resolved placeholder 'error.path:/error'
2024-07-21T15:50:01.427+02:00 TRACE 248560 --- [crud-springboot] [           main] o.s.c.e.PropertySourcesPropertyResolver  : Searching for key 'server.error.path:/error' in PropertySource 'environmentProperties'
2024-07-21T15:50:01.427+02:00 TRACE 248560 --- [crud-springboot] [           main] ySourcesPropertyResolver$DefaultResolver : Searching for key 'server.error.path:/error' in PropertySource 'configurationProperties'
2024-07-21T15:50:01.427+02:00 TRACE 248560 --- [crud-springboot] [           main] ySourcesPropertyResolver$DefaultResolver : Searching for key 'server.error.path:/error' in PropertySource 'test'
2024-07-21T15:50:01.427+02:00 TRACE 248560 --- [crud-springboot] [           main] ySourcesPropertyResolver$DefaultResolver : Searching for key 'server.error.path:/error' in PropertySource 'Inlined Test Properties'
2024-07-21T15:50:01.427+02:00 TRACE 248560 --- [crud-springboot] [           main] ySourcesPropertyResolver$DefaultResolver : Searching for key 'server.error.path:/error' in PropertySource 'servletConfigInitParams'
2024-07-21T15:50:01.427+02:00 TRACE 248560 --- [crud-springboot] [           main] ySourcesPropertyResolver$DefaultResolver : Searching for key 'server.error.path:/error' in PropertySource 'servletContextInitParams'
2024-07-21T15:50:01.427+02:00 TRACE 248560 --- [crud-springboot] [           main] ySourcesPropertyResolver$DefaultResolver : Searching for key 'server.error.path:/error' in PropertySource 'systemProperties'
2024-07-21T15:50:01.427+02:00 TRACE 248560 --- [crud-springboot] [           main] ySourcesPropertyResolver$DefaultResolver : Searching for key 'server.error.path:/error' in PropertySource 'systemEnvironment'
2024-07-21T15:50:01.427+02:00 TRACE 248560 --- [crud-springboot] [           main] ySourcesPropertyResolver$DefaultResolver : Searching for key 'server.error.path:/error' in PropertySource 'random'
2024-07-21T15:50:01.427+02:00 TRACE 248560 --- [crud-springboot] [           main] ySourcesPropertyResolver$DefaultResolver : Searching for key 'server.error.path:/error' in PropertySource 'Config resource 'class path resource [application.properties]' via location 'optional:classpath:/''
2024-07-21T15:50:01.427+02:00 TRACE 248560 --- [crud-springboot] [           main] ySourcesPropertyResolver$DefaultResolver : Could not find key 'server.error.path:/error' in any property source
2024-07-21T15:50:01.427+02:00 TRACE 248560 --- [crud-springboot] [           main] o.s.c.e.PropertySourcesPropertyResolver  : Searching for key 'server.error.path:/error' in PropertySource 'localProperties'
2024-07-21T15:50:01.427+02:00 TRACE 248560 --- [crud-springboot] [           main] o.s.c.e.PropertySourcesPropertyResolver  : Could not find key 'server.error.path:/error' in any property source
2024-07-21T15:50:01.427+02:00 TRACE 248560 --- [crud-springboot] [           main] o.s.c.e.PropertySourcesPropertyResolver  : Searching for key 'server.error.path' in PropertySource 'environmentProperties'
2024-07-21T15:50:01.427+02:00 TRACE 248560 --- [crud-springboot] [           main] o.s.c.e.PropertySourcesPropertyResolver  : Searching for key 'server.error.path' in PropertySource 'localProperties'
2024-07-21T15:50:01.427+02:00 TRACE 248560 --- [crud-springboot] [           main] o.s.c.e.PropertySourcesPropertyResolver  : Could not find key 'server.error.path' in any property source
2024-07-21T15:50:01.427+02:00 TRACE 248560 --- [crud-springboot] [           main] o.s.util.PropertyPlaceholderHelper       : Resolved placeholder 'server.error.path:/error'
2024-07-21T15:50:01.429+02:00 TRACE 248560 --- [crud-springboot] [           main] o.s.c.e.PropertySourcesPropertyResolver  : Searching for key 'error.path:/error' in PropertySource 'environmentProperties'
2024-07-21T15:50:01.429+02:00 TRACE 248560 --- [crud-springboot] [           main] ySourcesPropertyResolver$DefaultResolver : Searching for key 'error.path:/error' in PropertySource 'configurationProperties'
2024-07-21T15:50:01.429+02:00 TRACE 248560 --- [crud-springboot] [           main] ySourcesPropertyResolver$DefaultResolver : Searching for key 'error.path:/error' in PropertySource 'test'
2024-07-21T15:50:01.429+02:00 TRACE 248560 --- [crud-springboot] [           main] ySourcesPropertyResolver$DefaultResolver : Searching for key 'error.path:/error' in PropertySource 'Inlined Test Properties'
2024-07-21T15:50:01.429+02:00 TRACE 248560 --- [crud-springboot] [           main] ySourcesPropertyResolver$DefaultResolver : Searching for key 'error.path:/error' in PropertySource 'servletConfigInitParams'
2024-07-21T15:50:01.429+02:00 TRACE 248560 --- [crud-springboot] [           main] ySourcesPropertyResolver$DefaultResolver : Searching for key 'error.path:/error' in PropertySource 'servletContextInitParams'
2024-07-21T15:50:01.429+02:00 TRACE 248560 --- [crud-springboot] [           main] ySourcesPropertyResolver$DefaultResolver : Searching for key 'error.path:/error' in PropertySource 'systemProperties'
2024-07-21T15:50:01.429+02:00 TRACE 248560 --- [crud-springboot] [           main] ySourcesPropertyResolver$DefaultResolver : Searching for key 'error.path:/error' in PropertySource 'systemEnvironment'
2024-07-21T15:50:01.429+02:00 TRACE 248560 --- [crud-springboot] [           main] ySourcesPropertyResolver$DefaultResolver : Searching for key 'error.path:/error' in PropertySource 'random'
2024-07-21T15:50:01.429+02:00 TRACE 248560 --- [crud-springboot] [           main] ySourcesPropertyResolver$DefaultResolver : Searching for key 'error.path:/error' in PropertySource 'Config resource 'class path resource [application.properties]' via location 'optional:classpath:/''
2024-07-21T15:50:01.429+02:00 TRACE 248560 --- [crud-springboot] [           main] ySourcesPropertyResolver$DefaultResolver : Could not find key 'error.path:/error' in any property source
2024-07-21T15:50:01.429+02:00 TRACE 248560 --- [crud-springboot] [           main] o.s.c.e.PropertySourcesPropertyResolver  : Searching for key 'error.path:/error' in PropertySource 'localProperties'
2024-07-21T15:50:01.429+02:00 TRACE 248560 --- [crud-springboot] [           main] o.s.c.e.PropertySourcesPropertyResolver  : Could not find key 'error.path:/error' in any property source
2024-07-21T15:50:01.429+02:00 TRACE 248560 --- [crud-springboot] [           main] o.s.c.e.PropertySourcesPropertyResolver  : Searching for key 'error.path' in PropertySource 'environmentProperties'
2024-07-21T15:50:01.429+02:00 TRACE 248560 --- [crud-springboot] [           main] o.s.c.e.PropertySourcesPropertyResolver  : Searching for key 'error.path' in PropertySource 'localProperties'
2024-07-21T15:50:01.429+02:00 TRACE 248560 --- [crud-springboot] [           main] o.s.c.e.PropertySourcesPropertyResolver  : Could not find key 'error.path' in any property source
2024-07-21T15:50:01.429+02:00 TRACE 248560 --- [crud-springboot] [           main] o.s.util.PropertyPlaceholderHelper       : Resolved placeholder 'error.path:/error'
2024-07-21T15:50:01.429+02:00 TRACE 248560 --- [crud-springboot] [           main] o.s.c.e.PropertySourcesPropertyResolver  : Searching for key 'server.error.path:/error' in PropertySource 'environmentProperties'
2024-07-21T15:50:01.429+02:00 TRACE 248560 --- [crud-springboot] [           main] ySourcesPropertyResolver$DefaultResolver : Searching for key 'server.error.path:/error' in PropertySource 'configurationProperties'
2024-07-21T15:50:01.429+02:00 TRACE 248560 --- [crud-springboot] [           main] ySourcesPropertyResolver$DefaultResolver : Searching for key 'server.error.path:/error' in PropertySource 'test'
2024-07-21T15:50:01.429+02:00 TRACE 248560 --- [crud-springboot] [           main] ySourcesPropertyResolver$DefaultResolver : Searching for key 'server.error.path:/error' in PropertySource 'Inlined Test Properties'
2024-07-21T15:50:01.429+02:00 TRACE 248560 --- [crud-springboot] [           main] ySourcesPropertyResolver$DefaultResolver : Searching for key 'server.error.path:/error' in PropertySource 'servletConfigInitParams'
2024-07-21T15:50:01.429+02:00 TRACE 248560 --- [crud-springboot] [           main] ySourcesPropertyResolver$DefaultResolver : Searching for key 'server.error.path:/error' in PropertySource 'servletContextInitParams'
2024-07-21T15:50:01.429+02:00 TRACE 248560 --- [crud-springboot] [           main] ySourcesPropertyResolver$DefaultResolver : Searching for key 'server.error.path:/error' in PropertySource 'systemProperties'
2024-07-21T15:50:01.429+02:00 TRACE 248560 --- [crud-springboot] [           main] ySourcesPropertyResolver$DefaultResolver : Searching for key 'server.error.path:/error' in PropertySource 'systemEnvironment'
2024-07-21T15:50:01.429+02:00 TRACE 248560 --- [crud-springboot] [           main] ySourcesPropertyResolver$DefaultResolver : Searching for key 'server.error.path:/error' in PropertySource 'random'
2024-07-21T15:50:01.429+02:00 TRACE 248560 --- [crud-springboot] [           main] ySourcesPropertyResolver$DefaultResolver : Searching for key 'server.error.path:/error' in PropertySource 'Config resource 'class path resource [application.properties]' via location 'optional:classpath:/''
2024-07-21T15:50:01.429+02:00 TRACE 248560 --- [crud-springboot] [           main] ySourcesPropertyResolver$DefaultResolver : Could not find key 'server.error.path:/error' in any property source
2024-07-21T15:50:01.429+02:00 TRACE 248560 --- [crud-springboot] [           main] o.s.c.e.PropertySourcesPropertyResolver  : Searching for key 'server.error.path:/error' in PropertySource 'localProperties'
2024-07-21T15:50:01.430+02:00 TRACE 248560 --- [crud-springboot] [           main] o.s.c.e.PropertySourcesPropertyResolver  : Could not find key 'server.error.path:/error' in any property source
2024-07-21T15:50:01.430+02:00 TRACE 248560 --- [crud-springboot] [           main] o.s.c.e.PropertySourcesPropertyResolver  : Searching for key 'server.error.path' in PropertySource 'environmentProperties'
2024-07-21T15:50:01.430+02:00 TRACE 248560 --- [crud-springboot] [           main] o.s.c.e.PropertySourcesPropertyResolver  : Searching for key 'server.error.path' in PropertySource 'localProperties'
2024-07-21T15:50:01.430+02:00 TRACE 248560 --- [crud-springboot] [           main] o.s.c.e.PropertySourcesPropertyResolver  : Could not find key 'server.error.path' in any property source
2024-07-21T15:50:01.430+02:00 TRACE 248560 --- [crud-springboot] [           main] o.s.util.PropertyPlaceholderHelper       : Resolved placeholder 'server.error.path:/error'
2024-07-21T15:50:01.435+02:00 TRACE 248560 --- [crud-springboot] [           main] s.w.s.m.m.a.RequestMappingHandlerMapping : 
	o.s.b.a.w.s.e.BasicErrorController:
	{ [/error]}: error(HttpServletRequest)
	{ [/error], produces [text/html]}: errorHtml(HttpServletRequest,HttpServletResponse)
2024-07-21T15:50:01.440+02:00 DEBUG 248560 --- [crud-springboot] [           main] s.w.s.m.m.a.RequestMappingHandlerMapping : 17 mappings in 'requestMappingHandlerMapping'
2024-07-21T15:50:01.441+02:00 TRACE 248560 --- [crud-springboot] [           main] o.s.b.f.s.DefaultListableBeanFactory     : Returning cached instance of singleton bean 'org.springframework.transaction.config.internalTransactionAdvisor'
2024-07-21T15:50:01.441+02:00 TRACE 248560 --- [crud-springboot] [           main] o.s.b.f.s.DefaultListableBeanFactory     : Returning cached instance of singleton bean 'org.springframework.transaction.config.internalTransactionAdvisor'
2024-07-21T15:50:01.447+02:00 TRACE 248560 --- [crud-springboot] [           main] o.s.b.f.s.DefaultListableBeanFactory     : Finished creating instance of bean 'requestMappingHandlerMapping'
2024-07-21T15:50:01.447+02:00 DEBUG 248560 --- [crud-springboot] [           main] o.s.b.f.s.DefaultListableBeanFactory     : Creating shared instance of singleton bean 'viewControllerHandlerMapping'
2024-07-21T15:50:01.447+02:00 TRACE 248560 --- [crud-springboot] [           main] o.s.b.f.s.DefaultListableBeanFactory     : Creating instance of bean 'viewControllerHandlerMapping'
2024-07-21T15:50:01.447+02:00 TRACE 248560 --- [crud-springboot] [           main] o.s.b.f.s.DefaultListableBeanFactory     : Returning cached instance of singleton bean 'org.springframework.transaction.config.internalTransactionAdvisor'
2024-07-21T15:50:01.448+02:00 TRACE 248560 --- [crud-springboot] [           main] o.s.b.f.s.DefaultListableBeanFactory     : Returning cached instance of singleton bean 'org.springframework.boot.autoconfigure.web.servlet.WebMvcAutoConfiguration$EnableWebMvcConfiguration'
2024-07-21T15:50:01.448+02:00 TRACE 248560 --- [crud-springboot] [           main] o.s.b.f.s.DefaultListableBeanFactory     : Returning cached instance of singleton bean 'mvcConversionService'
2024-07-21T15:50:01.449+02:00 TRACE 248560 --- [crud-springboot] [           main] o.s.b.f.s.DefaultListableBeanFactory     : Returning cached instance of singleton bean 'mvcResourceUrlProvider'
2024-07-21T15:50:01.449+02:00 DEBUG 248560 --- [crud-springboot] [           main] o.s.b.f.s.DefaultListableBeanFactory     : Autowiring by type from bean name 'viewControllerHandlerMapping' via factory method to bean named 'mvcConversionService'
2024-07-21T15:50:01.449+02:00 DEBUG 248560 --- [crud-springboot] [           main] o.s.b.f.s.DefaultListableBeanFactory     : Autowiring by type from bean name 'viewControllerHandlerMapping' via factory method to bean named 'mvcResourceUrlProvider'
2024-07-21T15:50:01.451+02:00 TRACE 248560 --- [crud-springboot] [           main] o.s.b.f.s.DefaultListableBeanFactory     : Returning cached instance of singleton bean 'org.springframework.transaction.config.internalTransactionAdvisor'
2024-07-21T15:50:01.451+02:00 TRACE 248560 --- [crud-springboot] [           main] o.s.b.f.s.DefaultListableBeanFactory     : Returning cached instance of singleton bean 'org.springframework.transaction.config.internalTransactionAdvisor'
2024-07-21T15:50:01.451+02:00 TRACE 248560 --- [crud-springboot] [           main] o.s.b.f.s.DefaultListableBeanFactory     : Finished creating instance of bean 'viewControllerHandlerMapping'
2024-07-21T15:50:01.451+02:00 DEBUG 248560 --- [crud-springboot] [           main] o.s.b.f.s.DefaultListableBeanFactory     : Creating shared instance of singleton bean 'beanNameHandlerMapping'
2024-07-21T15:50:01.451+02:00 TRACE 248560 --- [crud-springboot] [           main] o.s.b.f.s.DefaultListableBeanFactory     : Creating instance of bean 'beanNameHandlerMapping'
2024-07-21T15:50:01.452+02:00 TRACE 248560 --- [crud-springboot] [           main] o.s.b.f.s.DefaultListableBeanFactory     : Returning cached instance of singleton bean 'org.springframework.transaction.config.internalTransactionAdvisor'
2024-07-21T15:50:01.452+02:00 TRACE 248560 --- [crud-springboot] [           main] o.s.b.f.s.DefaultListableBeanFactory     : Returning cached instance of singleton bean 'org.springframework.boot.autoconfigure.web.servlet.WebMvcAutoConfiguration$EnableWebMvcConfiguration'
2024-07-21T15:50:01.453+02:00 TRACE 248560 --- [crud-springboot] [           main] o.s.b.f.s.DefaultListableBeanFactory     : Returning cached instance of singleton bean 'mvcConversionService'
2024-07-21T15:50:01.454+02:00 TRACE 248560 --- [crud-springboot] [           main] o.s.b.f.s.DefaultListableBeanFactory     : Returning cached instance of singleton bean 'mvcResourceUrlProvider'
2024-07-21T15:50:01.454+02:00 DEBUG 248560 --- [crud-springboot] [           main] o.s.b.f.s.DefaultListableBeanFactory     : Autowiring by type from bean name 'beanNameHandlerMapping' via factory method to bean named 'mvcConversionService'
2024-07-21T15:50:01.454+02:00 DEBUG 248560 --- [crud-springboot] [           main] o.s.b.f.s.DefaultListableBeanFactory     : Autowiring by type from bean name 'beanNameHandlerMapping' via factory method to bean named 'mvcResourceUrlProvider'
2024-07-21T15:50:01.459+02:00 DEBUG 248560 --- [crud-springboot] [           main] o.s.w.s.h.BeanNameUrlHandlerMapping      : Detected 0 mappings in 'beanNameHandlerMapping'
2024-07-21T15:50:01.459+02:00 TRACE 248560 --- [crud-springboot] [           main] o.s.b.f.s.DefaultListableBeanFactory     : Returning cached instance of singleton bean 'org.springframework.transaction.config.internalTransactionAdvisor'
2024-07-21T15:50:01.459+02:00 TRACE 248560 --- [crud-springboot] [           main] o.s.b.f.s.DefaultListableBeanFactory     : Returning cached instance of singleton bean 'org.springframework.transaction.config.internalTransactionAdvisor'
2024-07-21T15:50:01.463+02:00 TRACE 248560 --- [crud-springboot] [           main] o.s.b.f.s.DefaultListableBeanFactory     : Finished creating instance of bean 'beanNameHandlerMapping'
2024-07-21T15:50:01.463+02:00 DEBUG 248560 --- [crud-springboot] [           main] o.s.b.f.s.DefaultListableBeanFactory     : Creating shared instance of singleton bean 'routerFunctionMapping'
2024-07-21T15:50:01.463+02:00 TRACE 248560 --- [crud-springboot] [           main] o.s.b.f.s.DefaultListableBeanFactory     : Creating instance of bean 'routerFunctionMapping'
2024-07-21T15:50:01.463+02:00 TRACE 248560 --- [crud-springboot] [           main] o.s.b.f.s.DefaultListableBeanFactory     : Returning cached instance of singleton bean 'org.springframework.transaction.config.internalTransactionAdvisor'
2024-07-21T15:50:01.463+02:00 TRACE 248560 --- [crud-springboot] [           main] o.s.b.f.s.DefaultListableBeanFactory     : Returning cached instance of singleton bean 'org.springframework.boot.autoconfigure.web.servlet.WebMvcAutoConfiguration$EnableWebMvcConfiguration'
2024-07-21T15:50:01.464+02:00 TRACE 248560 --- [crud-springboot] [           main] o.s.b.f.s.DefaultListableBeanFactory     : Returning cached instance of singleton bean 'mvcConversionService'
2024-07-21T15:50:01.464+02:00 TRACE 248560 --- [crud-springboot] [           main] o.s.b.f.s.DefaultListableBeanFactory     : Returning cached instance of singleton bean 'mvcResourceUrlProvider'
2024-07-21T15:50:01.464+02:00 DEBUG 248560 --- [crud-springboot] [           main] o.s.b.f.s.DefaultListableBeanFactory     : Autowiring by type from bean name 'routerFunctionMapping' via factory method to bean named 'mvcConversionService'
2024-07-21T15:50:01.464+02:00 DEBUG 248560 --- [crud-springboot] [           main] o.s.b.f.s.DefaultListableBeanFactory     : Autowiring by type from bean name 'routerFunctionMapping' via factory method to bean named 'mvcResourceUrlProvider'
2024-07-21T15:50:01.466+02:00 DEBUG 248560 --- [crud-springboot] [           main] o.s.b.f.s.DefaultListableBeanFactory     : Creating shared instance of singleton bean 'messageConverters'
2024-07-21T15:50:01.467+02:00 TRACE 248560 --- [crud-springboot] [           main] o.s.b.f.s.DefaultListableBeanFactory     : Creating instance of bean 'messageConverters'
2024-07-21T15:50:01.467+02:00 TRACE 248560 --- [crud-springboot] [           main] o.s.b.f.s.DefaultListableBeanFactory     : Returning cached instance of singleton bean 'org.springframework.transaction.config.internalTransactionAdvisor'
2024-07-21T15:50:01.467+02:00 DEBUG 248560 --- [crud-springboot] [           main] o.s.b.f.s.DefaultListableBeanFactory     : Creating shared instance of singleton bean 'org.springframework.boot.autoconfigure.http.HttpMessageConvertersAutoConfiguration'
2024-07-21T15:50:01.467+02:00 TRACE 248560 --- [crud-springboot] [           main] o.s.b.f.s.DefaultListableBeanFactory     : Creating instance of bean 'org.springframework.boot.autoconfigure.http.HttpMessageConvertersAutoConfiguration'
2024-07-21T15:50:01.467+02:00 TRACE 248560 --- [crud-springboot] [           main] o.s.b.f.s.DefaultListableBeanFactory     : Returning cached instance of singleton bean 'org.springframework.transaction.config.internalTransactionAdvisor'
2024-07-21T15:50:01.468+02:00 TRACE 248560 --- [crud-springboot] [           main] o.s.b.f.s.DefaultListableBeanFactory     : Returning cached instance of singleton bean 'org.springframework.transaction.config.internalTransactionAdvisor'
2024-07-21T15:50:01.468+02:00 TRACE 248560 --- [crud-springboot] [           main] o.s.b.f.s.DefaultListableBeanFactory     : Returning cached instance of singleton bean 'org.springframework.transaction.config.internalTransactionAdvisor'
2024-07-21T15:50:01.468+02:00 TRACE 248560 --- [crud-springboot] [           main] o.s.b.f.s.DefaultListableBeanFactory     : Finished creating instance of bean 'org.springframework.boot.autoconfigure.http.HttpMessageConvertersAutoConfiguration'
2024-07-21T15:50:01.474+02:00 DEBUG 248560 --- [crud-springboot] [           main] o.s.b.f.s.DefaultListableBeanFactory     : Creating shared instance of singleton bean 'stringHttpMessageConverter'
2024-07-21T15:50:01.474+02:00 TRACE 248560 --- [crud-springboot] [           main] o.s.b.f.s.DefaultListableBeanFactory     : Creating instance of bean 'stringHttpMessageConverter'
2024-07-21T15:50:01.474+02:00 TRACE 248560 --- [crud-springboot] [           main] o.s.b.f.s.DefaultListableBeanFactory     : Returning cached instance of singleton bean 'org.springframework.transaction.config.internalTransactionAdvisor'
2024-07-21T15:50:01.475+02:00 DEBUG 248560 --- [crud-springboot] [           main] o.s.b.f.s.DefaultListableBeanFactory     : Creating shared instance of singleton bean 'org.springframework.boot.autoconfigure.http.HttpMessageConvertersAutoConfiguration$StringHttpMessageConverterConfiguration'
2024-07-21T15:50:01.475+02:00 TRACE 248560 --- [crud-springboot] [           main] o.s.b.f.s.DefaultListableBeanFactory     : Creating instance of bean 'org.springframework.boot.autoconfigure.http.HttpMessageConvertersAutoConfiguration$StringHttpMessageConverterConfiguration'
2024-07-21T15:50:01.475+02:00 TRACE 248560 --- [crud-springboot] [           main] o.s.b.f.s.DefaultListableBeanFactory     : Returning cached instance of singleton bean 'org.springframework.transaction.config.internalTransactionAdvisor'
2024-07-21T15:50:01.475+02:00 TRACE 248560 --- [crud-springboot] [           main] o.s.b.f.s.DefaultListableBeanFactory     : Returning cached instance of singleton bean 'org.springframework.transaction.config.internalTransactionAdvisor'
2024-07-21T15:50:01.475+02:00 TRACE 248560 --- [crud-springboot] [           main] o.s.b.f.s.DefaultListableBeanFactory     : Returning cached instance of singleton bean 'org.springframework.transaction.config.internalTransactionAdvisor'
2024-07-21T15:50:01.476+02:00 TRACE 248560 --- [crud-springboot] [           main] o.s.b.f.s.DefaultListableBeanFactory     : Finished creating instance of bean 'org.springframework.boot.autoconfigure.http.HttpMessageConvertersAutoConfiguration$StringHttpMessageConverterConfiguration'
2024-07-21T15:50:01.476+02:00 TRACE 248560 --- [crud-springboot] [           main] o.s.b.f.s.DefaultListableBeanFactory     : Returning cached instance of singleton bean 'environment'
2024-07-21T15:50:01.476+02:00 DEBUG 248560 --- [crud-springboot] [           main] o.s.b.f.s.DefaultListableBeanFactory     : Autowiring by type from bean name 'stringHttpMessageConverter' via factory method to bean named 'environment'
2024-07-21T15:50:01.483+02:00 TRACE 248560 --- [crud-springboot] [           main] o.s.b.f.s.DefaultListableBeanFactory     : Returning cached instance of singleton bean 'org.springframework.transaction.config.internalTransactionAdvisor'
2024-07-21T15:50:01.483+02:00 TRACE 248560 --- [crud-springboot] [           main] o.s.b.f.s.DefaultListableBeanFactory     : Returning cached instance of singleton bean 'org.springframework.transaction.config.internalTransactionAdvisor'
2024-07-21T15:50:01.485+02:00 TRACE 248560 --- [crud-springboot] [           main] o.s.b.f.s.DefaultListableBeanFactory     : Finished creating instance of bean 'stringHttpMessageConverter'
2024-07-21T15:50:01.485+02:00 DEBUG 248560 --- [crud-springboot] [           main] o.s.b.f.s.DefaultListableBeanFactory     : Creating shared instance of singleton bean 'mappingJackson2HttpMessageConverter'
2024-07-21T15:50:01.485+02:00 TRACE 248560 --- [crud-springboot] [           main] o.s.b.f.s.DefaultListableBeanFactory     : Creating instance of bean 'mappingJackson2HttpMessageConverter'
2024-07-21T15:50:01.485+02:00 TRACE 248560 --- [crud-springboot] [           main] o.s.b.f.s.DefaultListableBeanFactory     : Returning cached instance of singleton bean 'org.springframework.transaction.config.internalTransactionAdvisor'
2024-07-21T15:50:01.486+02:00 DEBUG 248560 --- [crud-springboot] [           main] o.s.b.f.s.DefaultListableBeanFactory     : Creating shared instance of singleton bean 'org.springframework.boot.autoconfigure.http.JacksonHttpMessageConvertersConfiguration$MappingJackson2HttpMessageConverterConfiguration'
2024-07-21T15:50:01.486+02:00 TRACE 248560 --- [crud-springboot] [           main] o.s.b.f.s.DefaultListableBeanFactory     : Creating instance of bean 'org.springframework.boot.autoconfigure.http.JacksonHttpMessageConvertersConfiguration$MappingJackson2HttpMessageConverterConfiguration'
2024-07-21T15:50:01.486+02:00 TRACE 248560 --- [crud-springboot] [           main] o.s.b.f.s.DefaultListableBeanFactory     : Returning cached instance of singleton bean 'org.springframework.transaction.config.internalTransactionAdvisor'
2024-07-21T15:50:01.487+02:00 TRACE 248560 --- [crud-springboot] [           main] o.s.b.f.s.DefaultListableBeanFactory     : Returning cached instance of singleton bean 'org.springframework.transaction.config.internalTransactionAdvisor'
2024-07-21T15:50:01.487+02:00 TRACE 248560 --- [crud-springboot] [           main] o.s.b.f.s.DefaultListableBeanFactory     : Returning cached instance of singleton bean 'org.springframework.transaction.config.internalTransactionAdvisor'
2024-07-21T15:50:01.487+02:00 TRACE 248560 --- [crud-springboot] [           main] o.s.b.f.s.DefaultListableBeanFactory     : Finished creating instance of bean 'org.springframework.boot.autoconfigure.http.JacksonHttpMessageConvertersConfiguration$MappingJackson2HttpMessageConverterConfiguration'
2024-07-21T15:50:01.488+02:00 DEBUG 248560 --- [crud-springboot] [           main] o.s.b.f.s.DefaultListableBeanFactory     : Creating shared instance of singleton bean 'jacksonObjectMapper'
2024-07-21T15:50:01.488+02:00 TRACE 248560 --- [crud-springboot] [           main] o.s.b.f.s.DefaultListableBeanFactory     : Creating instance of bean 'jacksonObjectMapper'
2024-07-21T15:50:01.488+02:00 TRACE 248560 --- [crud-springboot] [           main] o.s.b.f.s.DefaultListableBeanFactory     : Returning cached instance of singleton bean 'org.springframework.transaction.config.internalTransactionAdvisor'
2024-07-21T15:50:01.488+02:00 DEBUG 248560 --- [crud-springboot] [           main] o.s.b.f.s.DefaultListableBeanFactory     : Creating shared instance of singleton bean 'org.springframework.boot.autoconfigure.jackson.JacksonAutoConfiguration$JacksonObjectMapperConfiguration'
2024-07-21T15:50:01.488+02:00 TRACE 248560 --- [crud-springboot] [           main] o.s.b.f.s.DefaultListableBeanFactory     : Creating instance of bean 'org.springframework.boot.autoconfigure.jackson.JacksonAutoConfiguration$JacksonObjectMapperConfiguration'
2024-07-21T15:50:01.488+02:00 TRACE 248560 --- [crud-springboot] [           main] o.s.b.f.s.DefaultListableBeanFactory     : Returning cached instance of singleton bean 'org.springframework.transaction.config.internalTransactionAdvisor'
2024-07-21T15:50:01.489+02:00 TRACE 248560 --- [crud-springboot] [           main] o.s.b.f.s.DefaultListableBeanFactory     : Returning cached instance of singleton bean 'org.springframework.transaction.config.internalTransactionAdvisor'
2024-07-21T15:50:01.490+02:00 TRACE 248560 --- [crud-springboot] [           main] o.s.b.f.s.DefaultListableBeanFactory     : Returning cached instance of singleton bean 'org.springframework.transaction.config.internalTransactionAdvisor'
2024-07-21T15:50:01.490+02:00 TRACE 248560 --- [crud-springboot] [           main] o.s.b.f.s.DefaultListableBeanFactory     : Finished creating instance of bean 'org.springframework.boot.autoconfigure.jackson.JacksonAutoConfiguration$JacksonObjectMapperConfiguration'
2024-07-21T15:50:01.491+02:00 TRACE 248560 --- [crud-springboot] [           main] o.s.b.f.s.DefaultListableBeanFactory     : Creating instance of bean 'jacksonObjectMapperBuilder'
2024-07-21T15:50:01.491+02:00 TRACE 248560 --- [crud-springboot] [           main] o.s.b.f.s.DefaultListableBeanFactory     : Returning cached instance of singleton bean 'org.springframework.transaction.config.internalTransactionAdvisor'
2024-07-21T15:50:01.491+02:00 DEBUG 248560 --- [crud-springboot] [           main] o.s.b.f.s.DefaultListableBeanFactory     : Creating shared instance of singleton bean 'org.springframework.boot.autoconfigure.jackson.JacksonAutoConfiguration$JacksonObjectMapperBuilderConfiguration'
2024-07-21T15:50:01.491+02:00 TRACE 248560 --- [crud-springboot] [           main] o.s.b.f.s.DefaultListableBeanFactory     : Creating instance of bean 'org.springframework.boot.autoconfigure.jackson.JacksonAutoConfiguration$JacksonObjectMapperBuilderConfiguration'
2024-07-21T15:50:01.491+02:00 TRACE 248560 --- [crud-springboot] [           main] o.s.b.f.s.DefaultListableBeanFactory     : Returning cached instance of singleton bean 'org.springframework.transaction.config.internalTransactionAdvisor'
2024-07-21T15:50:01.492+02:00 TRACE 248560 --- [crud-springboot] [           main] o.s.b.f.s.DefaultListableBeanFactory     : Returning cached instance of singleton bean 'org.springframework.transaction.config.internalTransactionAdvisor'
2024-07-21T15:50:01.492+02:00 TRACE 248560 --- [crud-springboot] [           main] o.s.b.f.s.DefaultListableBeanFactory     : Returning cached instance of singleton bean 'org.springframework.transaction.config.internalTransactionAdvisor'
2024-07-21T15:50:01.492+02:00 TRACE 248560 --- [crud-springboot] [           main] o.s.b.f.s.DefaultListableBeanFactory     : Finished creating instance of bean 'org.springframework.boot.autoconfigure.jackson.JacksonAutoConfiguration$JacksonObjectMapperBuilderConfiguration'
2024-07-21T15:50:01.494+02:00 DEBUG 248560 --- [crud-springboot] [           main] o.s.b.f.s.DefaultListableBeanFactory     : Creating shared instance of singleton bean 'standardJacksonObjectMapperBuilderCustomizer'
2024-07-21T15:50:01.494+02:00 TRACE 248560 --- [crud-springboot] [           main] o.s.b.f.s.DefaultListableBeanFactory     : Creating instance of bean 'standardJacksonObjectMapperBuilderCustomizer'
2024-07-21T15:50:01.494+02:00 TRACE 248560 --- [crud-springboot] [           main] o.s.b.f.s.DefaultListableBeanFactory     : Returning cached instance of singleton bean 'org.springframework.transaction.config.internalTransactionAdvisor'
2024-07-21T15:50:01.494+02:00 DEBUG 248560 --- [crud-springboot] [           main] o.s.b.f.s.DefaultListableBeanFactory     : Creating shared instance of singleton bean 'org.springframework.boot.autoconfigure.jackson.JacksonAutoConfiguration$Jackson2ObjectMapperBuilderCustomizerConfiguration'
2024-07-21T15:50:01.495+02:00 TRACE 248560 --- [crud-springboot] [           main] o.s.b.f.s.DefaultListableBeanFactory     : Creating instance of bean 'org.springframework.boot.autoconfigure.jackson.JacksonAutoConfiguration$Jackson2ObjectMapperBuilderCustomizerConfiguration'
2024-07-21T15:50:01.495+02:00 TRACE 248560 --- [crud-springboot] [           main] o.s.b.f.s.DefaultListableBeanFactory     : Returning cached instance of singleton bean 'org.springframework.transaction.config.internalTransactionAdvisor'
2024-07-21T15:50:01.495+02:00 TRACE 248560 --- [crud-springboot] [           main] o.s.b.f.s.DefaultListableBeanFactory     : Returning cached instance of singleton bean 'org.springframework.transaction.config.internalTransactionAdvisor'
2024-07-21T15:50:01.495+02:00 TRACE 248560 --- [crud-springboot] [           main] o.s.b.f.s.DefaultListableBeanFactory     : Returning cached instance of singleton bean 'org.springframework.transaction.config.internalTransactionAdvisor'
2024-07-21T15:50:01.496+02:00 TRACE 248560 --- [crud-springboot] [           main] o.s.b.f.s.DefaultListableBeanFactory     : Finished creating instance of bean 'org.springframework.boot.autoconfigure.jackson.JacksonAutoConfiguration$Jackson2ObjectMapperBuilderCustomizerConfiguration'
2024-07-21T15:50:01.497+02:00 DEBUG 248560 --- [crud-springboot] [           main] o.s.b.f.s.DefaultListableBeanFactory     : Creating shared instance of singleton bean 'spring.jackson-org.springframework.boot.autoconfigure.jackson.JacksonProperties'
2024-07-21T15:50:01.497+02:00 TRACE 248560 --- [crud-springboot] [           main] o.s.b.f.s.DefaultListableBeanFactory     : Creating instance of bean 'spring.jackson-org.springframework.boot.autoconfigure.jackson.JacksonProperties'
2024-07-21T15:50:01.497+02:00 TRACE 248560 --- [crud-springboot] [           main] o.s.b.f.s.DefaultListableBeanFactory     : Returning cached instance of singleton bean 'org.springframework.transaction.config.internalTransactionAdvisor'
2024-07-21T15:50:01.498+02:00 TRACE 248560 --- [crud-springboot] [           main] o.s.b.f.s.DefaultListableBeanFactory     : Returning cached instance of singleton bean 'org.springframework.boot.context.properties.BoundConfigurationProperties'
2024-07-21T15:50:01.503+02:00 TRACE 248560 --- [crud-springboot] [           main] o.s.b.f.s.DefaultListableBeanFactory     : Returning cached instance of singleton bean 'org.springframework.transaction.config.internalTransactionAdvisor'
2024-07-21T15:50:01.503+02:00 TRACE 248560 --- [crud-springboot] [           main] o.s.b.f.s.DefaultListableBeanFactory     : Returning cached instance of singleton bean 'org.springframework.transaction.config.internalTransactionAdvisor'
2024-07-21T15:50:01.504+02:00 TRACE 248560 --- [crud-springboot] [           main] o.s.b.f.s.DefaultListableBeanFactory     : Finished creating instance of bean 'spring.jackson-org.springframework.boot.autoconfigure.jackson.JacksonProperties'
2024-07-21T15:50:01.504+02:00 DEBUG 248560 --- [crud-springboot] [           main] o.s.b.f.s.DefaultListableBeanFactory     : Autowiring by type from bean name 'standardJacksonObjectMapperBuilderCustomizer' via factory method to bean named 'spring.jackson-org.springframework.boot.autoconfigure.jackson.JacksonProperties'
2024-07-21T15:50:01.505+02:00 DEBUG 248560 --- [crud-springboot] [           main] o.s.b.f.s.DefaultListableBeanFactory     : Creating shared instance of singleton bean 'parameterNamesModule'
2024-07-21T15:50:01.505+02:00 TRACE 248560 --- [crud-springboot] [           main] o.s.b.f.s.DefaultListableBeanFactory     : Creating instance of bean 'parameterNamesModule'
2024-07-21T15:50:01.505+02:00 TRACE 248560 --- [crud-springboot] [           main] o.s.b.f.s.DefaultListableBeanFactory     : Returning cached instance of singleton bean 'org.springframework.transaction.config.internalTransactionAdvisor'
2024-07-21T15:50:01.506+02:00 DEBUG 248560 --- [crud-springboot] [           main] o.s.b.f.s.DefaultListableBeanFactory     : Creating shared instance of singleton bean 'org.springframework.boot.autoconfigure.jackson.JacksonAutoConfiguration$ParameterNamesModuleConfiguration'
2024-07-21T15:50:01.506+02:00 TRACE 248560 --- [crud-springboot] [           main] o.s.b.f.s.DefaultListableBeanFactory     : Creating instance of bean 'org.springframework.boot.autoconfigure.jackson.JacksonAutoConfiguration$ParameterNamesModuleConfiguration'
2024-07-21T15:50:01.506+02:00 TRACE 248560 --- [crud-springboot] [           main] o.s.b.f.s.DefaultListableBeanFactory     : Returning cached instance of singleton bean 'org.springframework.transaction.config.internalTransactionAdvisor'
2024-07-21T15:50:01.506+02:00 TRACE 248560 --- [crud-springboot] [           main] o.s.b.f.s.DefaultListableBeanFactory     : Returning cached instance of singleton bean 'org.springframework.transaction.config.internalTransactionAdvisor'
2024-07-21T15:50:01.506+02:00 TRACE 248560 --- [crud-springboot] [           main] o.s.b.f.s.DefaultListableBeanFactory     : Returning cached instance of singleton bean 'org.springframework.transaction.config.internalTransactionAdvisor'
2024-07-21T15:50:01.506+02:00 TRACE 248560 --- [crud-springboot] [           main] o.s.b.f.s.DefaultListableBeanFactory     : Finished creating instance of bean 'org.springframework.boot.autoconfigure.jackson.JacksonAutoConfiguration$ParameterNamesModuleConfiguration'
2024-07-21T15:50:01.526+02:00 TRACE 248560 --- [crud-springboot] [           main] o.s.b.f.s.DefaultListableBeanFactory     : Returning cached instance of singleton bean 'org.springframework.transaction.config.internalTransactionAdvisor'
2024-07-21T15:50:01.526+02:00 TRACE 248560 --- [crud-springboot] [           main] o.s.b.f.s.DefaultListableBeanFactory     : Returning cached instance of singleton bean 'org.springframework.transaction.config.internalTransactionAdvisor'
2024-07-21T15:50:01.528+02:00 TRACE 248560 --- [crud-springboot] [           main] o.s.b.f.s.DefaultListableBeanFactory     : Finished creating instance of bean 'parameterNamesModule'
2024-07-21T15:50:01.528+02:00 DEBUG 248560 --- [crud-springboot] [           main] o.s.b.f.s.DefaultListableBeanFactory     : Creating shared instance of singleton bean 'jsonMixinModule'
2024-07-21T15:50:01.528+02:00 TRACE 248560 --- [crud-springboot] [           main] o.s.b.f.s.DefaultListableBeanFactory     : Creating instance of bean 'jsonMixinModule'
2024-07-21T15:50:01.528+02:00 TRACE 248560 --- [crud-springboot] [           main] o.s.b.f.s.DefaultListableBeanFactory     : Returning cached instance of singleton bean 'org.springframework.transaction.config.internalTransactionAdvisor'
2024-07-21T15:50:01.528+02:00 DEBUG 248560 --- [crud-springboot] [           main] o.s.b.f.s.DefaultListableBeanFactory     : Creating shared instance of singleton bean 'org.springframework.boot.autoconfigure.jackson.JacksonAutoConfiguration$JacksonMixinConfiguration'
2024-07-21T15:50:01.528+02:00 TRACE 248560 --- [crud-springboot] [           main] o.s.b.f.s.DefaultListableBeanFactory     : Creating instance of bean 'org.springframework.boot.autoconfigure.jackson.JacksonAutoConfiguration$JacksonMixinConfiguration'
2024-07-21T15:50:01.528+02:00 TRACE 248560 --- [crud-springboot] [           main] o.s.b.f.s.DefaultListableBeanFactory     : Returning cached instance of singleton bean 'org.springframework.transaction.config.internalTransactionAdvisor'
2024-07-21T15:50:01.529+02:00 TRACE 248560 --- [crud-springboot] [           main] o.s.b.f.s.DefaultListableBeanFactory     : Returning cached instance of singleton bean 'org.springframework.transaction.config.internalTransactionAdvisor'
2024-07-21T15:50:01.529+02:00 TRACE 248560 --- [crud-springboot] [           main] o.s.b.f.s.DefaultListableBeanFactory     : Returning cached instance of singleton bean 'org.springframework.transaction.config.internalTransactionAdvisor'
2024-07-21T15:50:01.529+02:00 TRACE 248560 --- [crud-springboot] [           main] o.s.b.f.s.DefaultListableBeanFactory     : Finished creating instance of bean 'org.springframework.boot.autoconfigure.jackson.JacksonAutoConfiguration$JacksonMixinConfiguration'
2024-07-21T15:50:01.530+02:00 DEBUG 248560 --- [crud-springboot] [           main] o.s.b.f.s.DefaultListableBeanFactory     : Creating shared instance of singleton bean 'jsonMixinModuleEntries'
2024-07-21T15:50:01.530+02:00 TRACE 248560 --- [crud-springboot] [           main] o.s.b.f.s.DefaultListableBeanFactory     : Creating instance of bean 'jsonMixinModuleEntries'
2024-07-21T15:50:01.530+02:00 TRACE 248560 --- [crud-springboot] [           main] o.s.b.f.s.DefaultListableBeanFactory     : Returning cached instance of singleton bean 'org.springframework.transaction.config.internalTransactionAdvisor'
2024-07-21T15:50:01.530+02:00 DEBUG 248560 --- [crud-springboot] [           main] o.s.b.f.s.DefaultListableBeanFactory     : Autowiring by type from bean name 'jsonMixinModuleEntries' via factory method to bean named 'org.springframework.web.context.support.GenericWebApplicationContext@3574e198'
2024-07-21T15:50:01.530+02:00 TRACE 248560 --- [crud-springboot] [           main] o.s.b.f.s.DefaultListableBeanFactory     : Returning cached instance of singleton bean 'org.springframework.boot.autoconfigure.AutoConfigurationPackages'
2024-07-21T15:50:01.531+02:00 TRACE 248560 --- [crud-springboot] [           main] o.s.b.f.s.DefaultListableBeanFactory     : Returning cached instance of singleton bean 'org.springframework.boot.autoconfigure.AutoConfigurationPackages'
2024-07-21T15:50:01.533+02:00 TRACE 248560 --- [crud-springboot] [           main] .i.s.PathMatchingResourcePatternResolver : Resolved module-path location pattern [com/cwa/crudspringboot/**/*.class] to resources []
2024-07-21T15:50:01.533+02:00 TRACE 248560 --- [crud-springboot] [           main] .i.s.PathMatchingResourcePatternResolver : Resolved module-path location pattern [com/cwa/crudspringboot/] to resources []
2024-07-21T15:50:01.534+02:00 TRACE 248560 --- [crud-springboot] [           main] .i.s.PathMatchingResourcePatternResolver : Resolved class path location [com/cwa/crudspringboot/] to resources [file [/home/damien/crud-springboot-jwt/target/test-classes/com/cwa/crudspringboot], file [/home/damien/crud-springboot-jwt/target/classes/com/cwa/crudspringboot]]
2024-07-21T15:50:01.535+02:00 TRACE 248560 --- [crud-springboot] [           main] .i.s.PathMatchingResourcePatternResolver : Searching directory [/home/damien/crud-springboot-jwt/target/test-classes/com/cwa/crudspringboot] for files matching pattern [**/*.class]
2024-07-21T15:50:01.537+02:00 TRACE 248560 --- [crud-springboot] [           main] .i.s.PathMatchingResourcePatternResolver : Searching directory [/home/damien/crud-springboot-jwt/target/classes/com/cwa/crudspringboot] for files matching pattern [**/*.class]
2024-07-21T15:50:01.543+02:00 TRACE 248560 --- [crud-springboot] [           main] .i.s.PathMatchingResourcePatternResolver : Resolved location pattern [classpath*:com/cwa/crudspringboot/**/*.class] to resources [file [/home/damien/crud-springboot-jwt/target/test-classes/com/cwa/crudspringboot/CrudSpringbootApplicationTests.class], file [/home/damien/crud-springboot-jwt/target/classes/com/cwa/crudspringboot/CrudSpringbootApplication.class], file [/home/damien/crud-springboot-jwt/target/classes/com/cwa/crudspringboot/configuration/JwtUtils.class], file [/home/damien/crud-springboot-jwt/target/classes/com/cwa/crudspringboot/configuration/SecurityConfig.class], file [/home/damien/crud-springboot-jwt/target/classes/com/cwa/crudspringboot/controller/ApiResponse.class], file [/home/damien/crud-springboot-jwt/target/classes/com/cwa/crudspringboot/controller/AuthController.class], file [/home/damien/crud-springboot-jwt/target/classes/com/cwa/crudspringboot/controller/LoginRequest.class], file [/home/damien/crud-springboot-jwt/target/classes/com/cwa/crudspringboot/controller/PersonController.class], file [/home/damien/crud-springboot-jwt/target/classes/com/cwa/crudspringboot/controller/RegisterRequest.class], file [/home/damien/crud-springboot-jwt/target/classes/com/cwa/crudspringboot/controller/UserController.class], file [/home/damien/crud-springboot-jwt/target/classes/com/cwa/crudspringboot/controller/WebController.class], file [/home/damien/crud-springboot-jwt/target/classes/com/cwa/crudspringboot/entity/Allergen.class], file [/home/damien/crud-springboot-jwt/target/classes/com/cwa/crudspringboot/entity/Card.class], file [/home/damien/crud-springboot-jwt/target/classes/com/cwa/crudspringboot/entity/Dish.class], file [/home/damien/crud-springboot-jwt/target/classes/com/cwa/crudspringboot/entity/Ingredient.class], file [/home/damien/crud-springboot-jwt/target/classes/com/cwa/crudspringboot/entity/Menu.class], file [/home/damien/crud-springboot-jwt/target/classes/com/cwa/crudspringboot/entity/Person.class], file [/home/damien/crud-springboot-jwt/target/classes/com/cwa/crudspringboot/entity/User.class], file [/home/damien/crud-springboot-jwt/target/classes/com/cwa/crudspringboot/filter/JwtFilter.class], file [/home/damien/crud-springboot-jwt/target/classes/com/cwa/crudspringboot/repository/AllergenRepository.class], file [/home/damien/crud-springboot-jwt/target/classes/com/cwa/crudspringboot/repository/CardRepository.class], file [/home/damien/crud-springboot-jwt/target/classes/com/cwa/crudspringboot/repository/DishRepository.class], file [/home/damien/crud-springboot-jwt/target/classes/com/cwa/crudspringboot/repository/IngredientRepository.class], file [/home/damien/crud-springboot-jwt/target/classes/com/cwa/crudspringboot/repository/MenuRepository.class], file [/home/damien/crud-springboot-jwt/target/classes/com/cwa/crudspringboot/repository/PersonRepository.class], file [/home/damien/crud-springboot-jwt/target/classes/com/cwa/crudspringboot/repository/UserRepository.class], file [/home/damien/crud-springboot-jwt/target/classes/com/cwa/crudspringboot/service/CardService.class], file [/home/damien/crud-springboot-jwt/target/classes/com/cwa/crudspringboot/service/CustomUserDetailsService.class], file [/home/damien/crud-springboot-jwt/target/classes/com/cwa/crudspringboot/service/UserService.class]]
2024-07-21T15:50:01.543+02:00 TRACE 248560 --- [crud-springboot] [           main] nModuleEntries$JsonMixinComponentScanner : Scanning file [/home/damien/crud-springboot-jwt/target/test-classes/com/cwa/crudspringboot/CrudSpringbootApplicationTests.class]
2024-07-21T15:50:01.543+02:00 TRACE 248560 --- [crud-springboot] [           main] nModuleEntries$JsonMixinComponentScanner : Ignored because not matching any filter: file [/home/damien/crud-springboot-jwt/target/test-classes/com/cwa/crudspringboot/CrudSpringbootApplicationTests.class]
2024-07-21T15:50:01.543+02:00 TRACE 248560 --- [crud-springboot] [           main] nModuleEntries$JsonMixinComponentScanner : Scanning file [/home/damien/crud-springboot-jwt/target/classes/com/cwa/crudspringboot/CrudSpringbootApplication.class]
2024-07-21T15:50:01.543+02:00 TRACE 248560 --- [crud-springboot] [           main] nModuleEntries$JsonMixinComponentScanner : Ignored because not matching any filter: file [/home/damien/crud-springboot-jwt/target/classes/com/cwa/crudspringboot/CrudSpringbootApplication.class]
2024-07-21T15:50:01.543+02:00 TRACE 248560 --- [crud-springboot] [           main] nModuleEntries$JsonMixinComponentScanner : Scanning file [/home/damien/crud-springboot-jwt/target/classes/com/cwa/crudspringboot/configuration/JwtUtils.class]
2024-07-21T15:50:01.543+02:00 TRACE 248560 --- [crud-springboot] [           main] nModuleEntries$JsonMixinComponentScanner : Ignored because not matching any filter: file [/home/damien/crud-springboot-jwt/target/classes/com/cwa/crudspringboot/configuration/JwtUtils.class]
2024-07-21T15:50:01.543+02:00 TRACE 248560 --- [crud-springboot] [           main] nModuleEntries$JsonMixinComponentScanner : Scanning file [/home/damien/crud-springboot-jwt/target/classes/com/cwa/crudspringboot/configuration/SecurityConfig.class]
2024-07-21T15:50:01.543+02:00 TRACE 248560 --- [crud-springboot] [           main] nModuleEntries$JsonMixinComponentScanner : Ignored because not matching any filter: file [/home/damien/crud-springboot-jwt/target/classes/com/cwa/crudspringboot/configuration/SecurityConfig.class]
2024-07-21T15:50:01.543+02:00 TRACE 248560 --- [crud-springboot] [           main] nModuleEntries$JsonMixinComponentScanner : Scanning file [/home/damien/crud-springboot-jwt/target/classes/com/cwa/crudspringboot/controller/ApiResponse.class]
2024-07-21T15:50:01.543+02:00 TRACE 248560 --- [crud-springboot] [           main] nModuleEntries$JsonMixinComponentScanner : Ignored because not matching any filter: file [/home/damien/crud-springboot-jwt/target/classes/com/cwa/crudspringboot/controller/ApiResponse.class]
2024-07-21T15:50:01.543+02:00 TRACE 248560 --- [crud-springboot] [           main] nModuleEntries$JsonMixinComponentScanner : Scanning file [/home/damien/crud-springboot-jwt/target/classes/com/cwa/crudspringboot/controller/AuthController.class]
2024-07-21T15:50:01.544+02:00 TRACE 248560 --- [crud-springboot] [           main] nModuleEntries$JsonMixinComponentScanner : Ignored because not matching any filter: file [/home/damien/crud-springboot-jwt/target/classes/com/cwa/crudspringboot/controller/AuthController.class]
2024-07-21T15:50:01.544+02:00 TRACE 248560 --- [crud-springboot] [           main] nModuleEntries$JsonMixinComponentScanner : Scanning file [/home/damien/crud-springboot-jwt/target/classes/com/cwa/crudspringboot/controller/LoginRequest.class]
2024-07-21T15:50:01.544+02:00 TRACE 248560 --- [crud-springboot] [           main] nModuleEntries$JsonMixinComponentScanner : Ignored because not matching any filter: file [/home/damien/crud-springboot-jwt/target/classes/com/cwa/crudspringboot/controller/LoginRequest.class]
2024-07-21T15:50:01.544+02:00 TRACE 248560 --- [crud-springboot] [           main] nModuleEntries$JsonMixinComponentScanner : Scanning file [/home/damien/crud-springboot-jwt/target/classes/com/cwa/crudspringboot/controller/PersonController.class]
2024-07-21T15:50:01.544+02:00 TRACE 248560 --- [crud-springboot] [           main] nModuleEntries$JsonMixinComponentScanner : Ignored because not matching any filter: file [/home/damien/crud-springboot-jwt/target/classes/com/cwa/crudspringboot/controller/PersonController.class]
2024-07-21T15:50:01.544+02:00 TRACE 248560 --- [crud-springboot] [           main] nModuleEntries$JsonMixinComponentScanner : Scanning file [/home/damien/crud-springboot-jwt/target/classes/com/cwa/crudspringboot/controller/RegisterRequest.class]
2024-07-21T15:50:01.544+02:00 TRACE 248560 --- [crud-springboot] [           main] nModuleEntries$JsonMixinComponentScanner : Ignored because not matching any filter: file [/home/damien/crud-springboot-jwt/target/classes/com/cwa/crudspringboot/controller/RegisterRequest.class]
2024-07-21T15:50:01.544+02:00 TRACE 248560 --- [crud-springboot] [           main] nModuleEntries$JsonMixinComponentScanner : Scanning file [/home/damien/crud-springboot-jwt/target/classes/com/cwa/crudspringboot/controller/UserController.class]
2024-07-21T15:50:01.544+02:00 TRACE 248560 --- [crud-springboot] [           main] nModuleEntries$JsonMixinComponentScanner : Ignored because not matching any filter: file [/home/damien/crud-springboot-jwt/target/classes/com/cwa/crudspringboot/controller/UserController.class]
2024-07-21T15:50:01.544+02:00 TRACE 248560 --- [crud-springboot] [           main] nModuleEntries$JsonMixinComponentScanner : Scanning file [/home/damien/crud-springboot-jwt/target/classes/com/cwa/crudspringboot/controller/WebController.class]
2024-07-21T15:50:01.544+02:00 TRACE 248560 --- [crud-springboot] [           main] nModuleEntries$JsonMixinComponentScanner : Ignored because not matching any filter: file [/home/damien/crud-springboot-jwt/target/classes/com/cwa/crudspringboot/controller/WebController.class]
2024-07-21T15:50:01.544+02:00 TRACE 248560 --- [crud-springboot] [           main] nModuleEntries$JsonMixinComponentScanner : Scanning file [/home/damien/crud-springboot-jwt/target/classes/com/cwa/crudspringboot/entity/Allergen.class]
2024-07-21T15:50:01.544+02:00 TRACE 248560 --- [crud-springboot] [           main] nModuleEntries$JsonMixinComponentScanner : Ignored because not matching any filter: file [/home/damien/crud-springboot-jwt/target/classes/com/cwa/crudspringboot/entity/Allergen.class]
2024-07-21T15:50:01.544+02:00 TRACE 248560 --- [crud-springboot] [           main] nModuleEntries$JsonMixinComponentScanner : Scanning file [/home/damien/crud-springboot-jwt/target/classes/com/cwa/crudspringboot/entity/Card.class]
2024-07-21T15:50:01.544+02:00 TRACE 248560 --- [crud-springboot] [           main] nModuleEntries$JsonMixinComponentScanner : Ignored because not matching any filter: file [/home/damien/crud-springboot-jwt/target/classes/com/cwa/crudspringboot/entity/Card.class]
2024-07-21T15:50:01.545+02:00 TRACE 248560 --- [crud-springboot] [           main] nModuleEntries$JsonMixinComponentScanner : Scanning file [/home/damien/crud-springboot-jwt/target/classes/com/cwa/crudspringboot/entity/Dish.class]
2024-07-21T15:50:01.545+02:00 TRACE 248560 --- [crud-springboot] [           main] nModuleEntries$JsonMixinComponentScanner : Ignored because not matching any filter: file [/home/damien/crud-springboot-jwt/target/classes/com/cwa/crudspringboot/entity/Dish.class]
2024-07-21T15:50:01.545+02:00 TRACE 248560 --- [crud-springboot] [           main] nModuleEntries$JsonMixinComponentScanner : Scanning file [/home/damien/crud-springboot-jwt/target/classes/com/cwa/crudspringboot/entity/Ingredient.class]
2024-07-21T15:50:01.545+02:00 TRACE 248560 --- [crud-springboot] [           main] nModuleEntries$JsonMixinComponentScanner : Ignored because not matching any filter: file [/home/damien/crud-springboot-jwt/target/classes/com/cwa/crudspringboot/entity/Ingredient.class]
2024-07-21T15:50:01.545+02:00 TRACE 248560 --- [crud-springboot] [           main] nModuleEntries$JsonMixinComponentScanner : Scanning file [/home/damien/crud-springboot-jwt/target/classes/com/cwa/crudspringboot/entity/Menu.class]
2024-07-21T15:50:01.545+02:00 TRACE 248560 --- [crud-springboot] [           main] nModuleEntries$JsonMixinComponentScanner : Ignored because not matching any filter: file [/home/damien/crud-springboot-jwt/target/classes/com/cwa/crudspringboot/entity/Menu.class]
2024-07-21T15:50:01.545+02:00 TRACE 248560 --- [crud-springboot] [           main] nModuleEntries$JsonMixinComponentScanner : Scanning file [/home/damien/crud-springboot-jwt/target/classes/com/cwa/crudspringboot/entity/Person.class]
2024-07-21T15:50:01.545+02:00 TRACE 248560 --- [crud-springboot] [           main] nModuleEntries$JsonMixinComponentScanner : Ignored because not matching any filter: file [/home/damien/crud-springboot-jwt/target/classes/com/cwa/crudspringboot/entity/Person.class]
2024-07-21T15:50:01.545+02:00 TRACE 248560 --- [crud-springboot] [           main] nModuleEntries$JsonMixinComponentScanner : Scanning file [/home/damien/crud-springboot-jwt/target/classes/com/cwa/crudspringboot/entity/User.class]
2024-07-21T15:50:01.545+02:00 TRACE 248560 --- [crud-springboot] [           main] nModuleEntries$JsonMixinComponentScanner : Ignored because not matching any filter: file [/home/damien/crud-springboot-jwt/target/classes/com/cwa/crudspringboot/entity/User.class]
2024-07-21T15:50:01.545+02:00 TRACE 248560 --- [crud-springboot] [           main] nModuleEntries$JsonMixinComponentScanner : Scanning file [/home/damien/crud-springboot-jwt/target/classes/com/cwa/crudspringboot/filter/JwtFilter.class]
2024-07-21T15:50:01.545+02:00 TRACE 248560 --- [crud-springboot] [           main] nModuleEntries$JsonMixinComponentScanner : Ignored because not matching any filter: file [/home/damien/crud-springboot-jwt/target/classes/com/cwa/crudspringboot/filter/JwtFilter.class]
2024-07-21T15:50:01.545+02:00 TRACE 248560 --- [crud-springboot] [           main] nModuleEntries$JsonMixinComponentScanner : Scanning file [/home/damien/crud-springboot-jwt/target/classes/com/cwa/crudspringboot/repository/AllergenRepository.class]
2024-07-21T15:50:01.545+02:00 TRACE 248560 --- [crud-springboot] [           main] nModuleEntries$JsonMixinComponentScanner : Ignored because not matching any filter: file [/home/damien/crud-springboot-jwt/target/classes/com/cwa/crudspringboot/repository/AllergenRepository.class]
2024-07-21T15:50:01.545+02:00 TRACE 248560 --- [crud-springboot] [           main] nModuleEntries$JsonMixinComponentScanner : Scanning file [/home/damien/crud-springboot-jwt/target/classes/com/cwa/crudspringboot/repository/CardRepository.class]
2024-07-21T15:50:01.545+02:00 TRACE 248560 --- [crud-springboot] [           main] nModuleEntries$JsonMixinComponentScanner : Ignored because not matching any filter: file [/home/damien/crud-springboot-jwt/target/classes/com/cwa/crudspringboot/repository/CardRepository.class]
2024-07-21T15:50:01.545+02:00 TRACE 248560 --- [crud-springboot] [           main] nModuleEntries$JsonMixinComponentScanner : Scanning file [/home/damien/crud-springboot-jwt/target/classes/com/cwa/crudspringboot/repository/DishRepository.class]
2024-07-21T15:50:01.545+02:00 TRACE 248560 --- [crud-springboot] [           main] nModuleEntries$JsonMixinComponentScanner : Ignored because not matching any filter: file [/home/damien/crud-springboot-jwt/target/classes/com/cwa/crudspringboot/repository/DishRepository.class]
2024-07-21T15:50:01.545+02:00 TRACE 248560 --- [crud-springboot] [           main] nModuleEntries$JsonMixinComponentScanner : Scanning file [/home/damien/crud-springboot-jwt/target/classes/com/cwa/crudspringboot/repository/IngredientRepository.class]
2024-07-21T15:50:01.545+02:00 TRACE 248560 --- [crud-springboot] [           main] nModuleEntries$JsonMixinComponentScanner : Ignored because not matching any filter: file [/home/damien/crud-springboot-jwt/target/classes/com/cwa/crudspringboot/repository/IngredientRepository.class]
2024-07-21T15:50:01.545+02:00 TRACE 248560 --- [crud-springboot] [           main] nModuleEntries$JsonMixinComponentScanner : Scanning file [/home/damien/crud-springboot-jwt/target/classes/com/cwa/crudspringboot/repository/MenuRepository.class]
2024-07-21T15:50:01.545+02:00 TRACE 248560 --- [crud-springboot] [           main] nModuleEntries$JsonMixinComponentScanner : Ignored because not matching any filter: file [/home/damien/crud-springboot-jwt/target/classes/com/cwa/crudspringboot/repository/MenuRepository.class]
2024-07-21T15:50:01.545+02:00 TRACE 248560 --- [crud-springboot] [           main] nModuleEntries$JsonMixinComponentScanner : Scanning file [/home/damien/crud-springboot-jwt/target/classes/com/cwa/crudspringboot/repository/PersonRepository.class]
2024-07-21T15:50:01.545+02:00 TRACE 248560 --- [crud-springboot] [           main] nModuleEntries$JsonMixinComponentScanner : Ignored because not matching any filter: file [/home/damien/crud-springboot-jwt/target/classes/com/cwa/crudspringboot/repository/PersonRepository.class]
2024-07-21T15:50:01.545+02:00 TRACE 248560 --- [crud-springboot] [           main] nModuleEntries$JsonMixinComponentScanner : Scanning file [/home/damien/crud-springboot-jwt/target/classes/com/cwa/crudspringboot/repository/UserRepository.class]
2024-07-21T15:50:01.545+02:00 TRACE 248560 --- [crud-springboot] [           main] nModuleEntries$JsonMixinComponentScanner : Ignored because not matching any filter: file [/home/damien/crud-springboot-jwt/target/classes/com/cwa/crudspringboot/repository/UserRepository.class]
2024-07-21T15:50:01.545+02:00 TRACE 248560 --- [crud-springboot] [           main] nModuleEntries$JsonMixinComponentScanner : Scanning file [/home/damien/crud-springboot-jwt/target/classes/com/cwa/crudspringboot/service/CardService.class]
2024-07-21T15:50:01.545+02:00 TRACE 248560 --- [crud-springboot] [           main] nModuleEntries$JsonMixinComponentScanner : Ignored because not matching any filter: file [/home/damien/crud-springboot-jwt/target/classes/com/cwa/crudspringboot/service/CardService.class]
2024-07-21T15:50:01.545+02:00 TRACE 248560 --- [crud-springboot] [           main] nModuleEntries$JsonMixinComponentScanner : Scanning file [/home/damien/crud-springboot-jwt/target/classes/com/cwa/crudspringboot/service/CustomUserDetailsService.class]
2024-07-21T15:50:01.545+02:00 TRACE 248560 --- [crud-springboot] [           main] nModuleEntries$JsonMixinComponentScanner : Ignored because not matching any filter: file [/home/damien/crud-springboot-jwt/target/classes/com/cwa/crudspringboot/service/CustomUserDetailsService.class]
2024-07-21T15:50:01.545+02:00 TRACE 248560 --- [crud-springboot] [           main] nModuleEntries$JsonMixinComponentScanner : Scanning file [/home/damien/crud-springboot-jwt/target/classes/com/cwa/crudspringboot/service/UserService.class]
2024-07-21T15:50:01.545+02:00 TRACE 248560 --- [crud-springboot] [           main] nModuleEntries$JsonMixinComponentScanner : Ignored because not matching any filter: file [/home/damien/crud-springboot-jwt/target/classes/com/cwa/crudspringboot/service/UserService.class]
2024-07-21T15:50:01.546+02:00 TRACE 248560 --- [crud-springboot] [           main] o.s.b.f.s.DefaultListableBeanFactory     : Returning cached instance of singleton bean 'org.springframework.transaction.config.internalTransactionAdvisor'
2024-07-21T15:50:01.546+02:00 TRACE 248560 --- [crud-springboot] [           main] o.s.b.f.s.DefaultListableBeanFactory     : Returning cached instance of singleton bean 'org.springframework.transaction.config.internalTransactionAdvisor'
2024-07-21T15:50:01.546+02:00 TRACE 248560 --- [crud-springboot] [           main] o.s.b.f.s.DefaultListableBeanFactory     : Finished creating instance of bean 'jsonMixinModuleEntries'
2024-07-21T15:50:01.547+02:00 DEBUG 248560 --- [crud-springboot] [           main] o.s.b.f.s.DefaultListableBeanFactory     : Autowiring by type from bean name 'jsonMixinModule' via factory method to bean named 'org.springframework.web.context.support.GenericWebApplicationContext@3574e198'
2024-07-21T15:50:01.547+02:00 DEBUG 248560 --- [crud-springboot] [           main] o.s.b.f.s.DefaultListableBeanFactory     : Autowiring by type from bean name 'jsonMixinModule' via factory method to bean named 'jsonMixinModuleEntries'
2024-07-21T15:50:01.548+02:00 TRACE 248560 --- [crud-springboot] [           main] o.s.b.f.s.DefaultListableBeanFactory     : Returning cached instance of singleton bean 'org.springframework.transaction.config.internalTransactionAdvisor'
2024-07-21T15:50:01.548+02:00 TRACE 248560 --- [crud-springboot] [           main] o.s.b.f.s.DefaultListableBeanFactory     : Returning cached instance of singleton bean 'org.springframework.transaction.config.internalTransactionAdvisor'
2024-07-21T15:50:01.549+02:00 TRACE 248560 --- [crud-springboot] [           main] o.s.b.f.s.DefaultListableBeanFactory     : Finished creating instance of bean 'jsonMixinModule'
2024-07-21T15:50:01.549+02:00 DEBUG 248560 --- [crud-springboot] [           main] o.s.b.f.s.DefaultListableBeanFactory     : Creating shared instance of singleton bean 'jsonComponentModule'
2024-07-21T15:50:01.550+02:00 TRACE 248560 --- [crud-springboot] [           main] o.s.b.f.s.DefaultListableBeanFactory     : Creating instance of bean 'jsonComponentModule'
2024-07-21T15:50:01.550+02:00 TRACE 248560 --- [crud-springboot] [           main] o.s.b.f.s.DefaultListableBeanFactory     : Returning cached instance of singleton bean 'org.springframework.transaction.config.internalTransactionAdvisor'
2024-07-21T15:50:01.550+02:00 DEBUG 248560 --- [crud-springboot] [           main] o.s.b.f.s.DefaultListableBeanFactory     : Creating shared instance of singleton bean 'org.springframework.boot.autoconfigure.jackson.JacksonAutoConfiguration'
2024-07-21T15:50:01.550+02:00 TRACE 248560 --- [crud-springboot] [           main] o.s.b.f.s.DefaultListableBeanFactory     : Creating instance of bean 'org.springframework.boot.autoconfigure.jackson.JacksonAutoConfiguration'
2024-07-21T15:50:01.550+02:00 TRACE 248560 --- [crud-springboot] [           main] o.s.b.f.s.DefaultListableBeanFactory     : Returning cached instance of singleton bean 'org.springframework.transaction.config.internalTransactionAdvisor'
2024-07-21T15:50:01.551+02:00 TRACE 248560 --- [crud-springboot] [           main] o.s.b.f.s.DefaultListableBeanFactory     : Returning cached instance of singleton bean 'org.springframework.transaction.config.internalTransactionAdvisor'
2024-07-21T15:50:01.551+02:00 TRACE 248560 --- [crud-springboot] [           main] o.s.b.f.s.DefaultListableBeanFactory     : Returning cached instance of singleton bean 'org.springframework.transaction.config.internalTransactionAdvisor'
2024-07-21T15:50:01.551+02:00 TRACE 248560 --- [crud-springboot] [           main] o.s.b.f.s.DefaultListableBeanFactory     : Finished creating instance of bean 'org.springframework.boot.autoconfigure.jackson.JacksonAutoConfiguration'
2024-07-21T15:50:01.553+02:00 TRACE 248560 --- [crud-springboot] [           main] o.s.b.f.s.DefaultListableBeanFactory     : Invoking afterPropertiesSet() on bean with name 'jsonComponentModule'
2024-07-21T15:50:01.558+02:00 TRACE 248560 --- [crud-springboot] [           main] o.s.b.f.s.DefaultListableBeanFactory     : Returning cached instance of singleton bean 'org.springframework.transaction.config.internalTransactionAdvisor'
2024-07-21T15:50:01.559+02:00 TRACE 248560 --- [crud-springboot] [           main] o.s.b.f.s.DefaultListableBeanFactory     : Returning cached instance of singleton bean 'org.springframework.transaction.config.internalTransactionAdvisor'
2024-07-21T15:50:01.563+02:00 TRACE 248560 --- [crud-springboot] [           main] o.s.b.f.s.DefaultListableBeanFactory     : Finished creating instance of bean 'jsonComponentModule'
2024-07-21T15:50:01.563+02:00 DEBUG 248560 --- [crud-springboot] [           main] o.s.b.f.s.DefaultListableBeanFactory     : Creating shared instance of singleton bean 'jacksonGeoModule'
2024-07-21T15:50:01.563+02:00 TRACE 248560 --- [crud-springboot] [           main] o.s.b.f.s.DefaultListableBeanFactory     : Creating instance of bean 'jacksonGeoModule'
2024-07-21T15:50:01.563+02:00 TRACE 248560 --- [crud-springboot] [           main] o.s.b.f.s.DefaultListableBeanFactory     : Returning cached instance of singleton bean 'org.springframework.transaction.config.internalTransactionAdvisor'
2024-07-21T15:50:01.563+02:00 DEBUG 248560 --- [crud-springboot] [           main] o.s.b.f.s.DefaultListableBeanFactory     : Creating shared instance of singleton bean 'org.springframework.data.web.config.SpringDataJacksonConfiguration'
2024-07-21T15:50:01.563+02:00 TRACE 248560 --- [crud-springboot] [           main] o.s.b.f.s.DefaultListableBeanFactory     : Creating instance of bean 'org.springframework.data.web.config.SpringDataJacksonConfiguration'
2024-07-21T15:50:01.563+02:00 TRACE 248560 --- [crud-springboot] [           main] o.s.b.f.s.DefaultListableBeanFactory     : Returning cached instance of singleton bean 'org.springframework.transaction.config.internalTransactionAdvisor'
2024-07-21T15:50:01.564+02:00 TRACE 248560 --- [crud-springboot] [           main] o.s.b.f.s.DefaultListableBeanFactory     : Returning cached instance of singleton bean 'org.springframework.transaction.config.internalTransactionAdvisor'
2024-07-21T15:50:01.564+02:00 TRACE 248560 --- [crud-springboot] [           main] o.s.b.f.s.DefaultListableBeanFactory     : Returning cached instance of singleton bean 'org.springframework.transaction.config.internalTransactionAdvisor'
2024-07-21T15:50:01.564+02:00 TRACE 248560 --- [crud-springboot] [           main] o.s.b.f.s.DefaultListableBeanFactory     : Finished creating instance of bean 'org.springframework.data.web.config.SpringDataJacksonConfiguration'
2024-07-21T15:50:01.567+02:00 TRACE 248560 --- [crud-springboot] [           main] o.s.b.f.s.DefaultListableBeanFactory     : Returning cached instance of singleton bean 'org.springframework.transaction.config.internalTransactionAdvisor'
2024-07-21T15:50:01.567+02:00 TRACE 248560 --- [crud-springboot] [           main] o.s.b.f.s.DefaultListableBeanFactory     : Returning cached instance of singleton bean 'org.springframework.transaction.config.internalTransactionAdvisor'
2024-07-21T15:50:01.568+02:00 TRACE 248560 --- [crud-springboot] [           main] o.s.b.f.s.DefaultListableBeanFactory     : Finished creating instance of bean 'jacksonGeoModule'
2024-07-21T15:50:01.569+02:00 DEBUG 248560 --- [crud-springboot] [           main] o.s.b.f.s.DefaultListableBeanFactory     : Creating shared instance of singleton bean 'pageModule'
2024-07-21T15:50:01.569+02:00 TRACE 248560 --- [crud-springboot] [           main] o.s.b.f.s.DefaultListableBeanFactory     : Creating instance of bean 'pageModule'
2024-07-21T15:50:01.569+02:00 TRACE 248560 --- [crud-springboot] [           main] o.s.b.f.s.DefaultListableBeanFactory     : Returning cached instance of singleton bean 'org.springframework.transaction.config.internalTransactionAdvisor'
2024-07-21T15:50:01.569+02:00 TRACE 248560 --- [crud-springboot] [           main] o.s.b.f.s.DefaultListableBeanFactory     : Returning cached instance of singleton bean 'org.springframework.data.web.config.SpringDataJacksonConfiguration'
2024-07-21T15:50:01.571+02:00 TRACE 248560 --- [crud-springboot] [           main] o.s.b.f.s.DefaultListableBeanFactory     : Returning cached instance of singleton bean 'org.springframework.transaction.config.internalTransactionAdvisor'
2024-07-21T15:50:01.571+02:00 TRACE 248560 --- [crud-springboot] [           main] o.s.b.f.s.DefaultListableBeanFactory     : Returning cached instance of singleton bean 'org.springframework.transaction.config.internalTransactionAdvisor'
2024-07-21T15:50:01.573+02:00 TRACE 248560 --- [crud-springboot] [           main] o.s.b.f.s.DefaultListableBeanFactory     : Finished creating instance of bean 'pageModule'
2024-07-21T15:50:01.575+02:00 TRACE 248560 --- [crud-springboot] [           main] o.s.b.f.s.DefaultListableBeanFactory     : Returning cached instance of singleton bean 'org.springframework.transaction.config.internalTransactionAdvisor'
2024-07-21T15:50:01.576+02:00 TRACE 248560 --- [crud-springboot] [           main] o.s.b.f.s.DefaultListableBeanFactory     : Returning cached instance of singleton bean 'org.springframework.transaction.config.internalTransactionAdvisor'
2024-07-21T15:50:01.577+02:00 TRACE 248560 --- [crud-springboot] [           main] o.s.b.f.s.DefaultListableBeanFactory     : Finished creating instance of bean 'standardJacksonObjectMapperBuilderCustomizer'
2024-07-21T15:50:01.578+02:00 DEBUG 248560 --- [crud-springboot] [           main] o.s.b.f.s.DefaultListableBeanFactory     : Autowiring by type from bean name 'jacksonObjectMapperBuilder' via factory method to bean named 'org.springframework.web.context.support.GenericWebApplicationContext@3574e198'
2024-07-21T15:50:01.578+02:00 DEBUG 248560 --- [crud-springboot] [           main] o.s.b.f.s.DefaultListableBeanFactory     : Autowiring by type from bean name 'jacksonObjectMapperBuilder' via factory method to bean named 'standardJacksonObjectMapperBuilderCustomizer'
2024-07-21T15:50:01.582+02:00 TRACE 248560 --- [crud-springboot] [           main] o.s.b.f.s.DefaultListableBeanFactory     : Returning cached instance of singleton bean 'org.springframework.transaction.config.internalTransactionAdvisor'
2024-07-21T15:50:01.582+02:00 TRACE 248560 --- [crud-springboot] [           main] o.s.b.f.s.DefaultListableBeanFactory     : Returning cached instance of singleton bean 'org.springframework.transaction.config.internalTransactionAdvisor'
2024-07-21T15:50:01.582+02:00 TRACE 248560 --- [crud-springboot] [           main] o.s.b.f.s.DefaultListableBeanFactory     : Finished creating instance of bean 'jacksonObjectMapperBuilder'
2024-07-21T15:50:01.582+02:00 DEBUG 248560 --- [crud-springboot] [           main] o.s.b.f.s.DefaultListableBeanFactory     : Autowiring by type from bean name 'jacksonObjectMapper' via factory method to bean named 'jacksonObjectMapperBuilder'
2024-07-21T15:50:01.607+02:00 TRACE 248560 --- [crud-springboot] [           main] o.s.b.f.s.DefaultListableBeanFactory     : Returning cached instance of singleton bean 'org.springframework.transaction.config.internalTransactionAdvisor'
2024-07-21T15:50:01.607+02:00 TRACE 248560 --- [crud-springboot] [           main] o.s.b.f.s.DefaultListableBeanFactory     : Returning cached instance of singleton bean 'org.springframework.transaction.config.internalTransactionAdvisor'
2024-07-21T15:50:01.624+02:00 TRACE 248560 --- [crud-springboot] [           main] o.s.b.f.s.DefaultListableBeanFactory     : Finished creating instance of bean 'jacksonObjectMapper'
2024-07-21T15:50:01.624+02:00 DEBUG 248560 --- [crud-springboot] [           main] o.s.b.f.s.DefaultListableBeanFactory     : Autowiring by type from bean name 'mappingJackson2HttpMessageConverter' via factory method to bean named 'jacksonObjectMapper'
2024-07-21T15:50:01.626+02:00 TRACE 248560 --- [crud-springboot] [           main] o.s.b.f.s.DefaultListableBeanFactory     : Returning cached instance of singleton bean 'org.springframework.transaction.config.internalTransactionAdvisor'
2024-07-21T15:50:01.626+02:00 TRACE 248560 --- [crud-springboot] [           main] o.s.b.f.s.DefaultListableBeanFactory     : Returning cached instance of singleton bean 'org.springframework.transaction.config.internalTransactionAdvisor'
2024-07-21T15:50:01.630+02:00 TRACE 248560 --- [crud-springboot] [           main] o.s.b.f.s.DefaultListableBeanFactory     : Finished creating instance of bean 'mappingJackson2HttpMessageConverter'
2024-07-21T15:50:01.630+02:00 TRACE 248560 --- [crud-springboot] [           main] o.s.b.f.s.DefaultListableBeanFactory     : Returning cached instance of singleton bean 'stringHttpMessageConverter'
2024-07-21T15:50:01.630+02:00 TRACE 248560 --- [crud-springboot] [           main] o.s.b.f.s.DefaultListableBeanFactory     : Returning cached instance of singleton bean 'mappingJackson2HttpMessageConverter'
2024-07-21T15:50:01.638+02:00 TRACE 248560 --- [crud-springboot] [           main] o.s.b.f.s.DefaultListableBeanFactory     : Returning cached instance of singleton bean 'org.springframework.transaction.config.internalTransactionAdvisor'
2024-07-21T15:50:01.638+02:00 TRACE 248560 --- [crud-springboot] [           main] o.s.b.f.s.DefaultListableBeanFactory     : Returning cached instance of singleton bean 'org.springframework.transaction.config.internalTransactionAdvisor'
2024-07-21T15:50:01.639+02:00 TRACE 248560 --- [crud-springboot] [           main] o.s.b.f.s.DefaultListableBeanFactory     : Finished creating instance of bean 'messageConverters'
2024-07-21T15:50:01.640+02:00 TRACE 248560 --- [crud-springboot] [           main] o.s.b.f.s.DefaultListableBeanFactory     : Returning cached instance of singleton bean 'jacksonObjectMapper'
2024-07-21T15:50:01.704+02:00 TRACE 248560 --- [crud-springboot] [           main] o.s.b.f.s.DefaultListableBeanFactory     : Invoking afterPropertiesSet() on bean with name 'routerFunctionMapping'
2024-07-21T15:50:01.708+02:00 TRACE 248560 --- [crud-springboot] [           main] o.s.w.s.f.support.RouterFunctionMapping  : 0 RouterFunction(s) in 'routerFunctionMapping'
2024-07-21T15:50:01.708+02:00 TRACE 248560 --- [crud-springboot] [           main] o.s.b.f.s.DefaultListableBeanFactory     : Returning cached instance of singleton bean 'org.springframework.transaction.config.internalTransactionAdvisor'
2024-07-21T15:50:01.708+02:00 TRACE 248560 --- [crud-springboot] [           main] o.s.b.f.s.DefaultListableBeanFactory     : Returning cached instance of singleton bean 'org.springframework.transaction.config.internalTransactionAdvisor'
2024-07-21T15:50:01.713+02:00 TRACE 248560 --- [crud-springboot] [           main] o.s.b.f.s.DefaultListableBeanFactory     : Finished creating instance of bean 'routerFunctionMapping'
2024-07-21T15:50:01.713+02:00 DEBUG 248560 --- [crud-springboot] [           main] o.s.b.f.s.DefaultListableBeanFactory     : Creating shared instance of singleton bean 'resourceHandlerMapping'
2024-07-21T15:50:01.713+02:00 TRACE 248560 --- [crud-springboot] [           main] o.s.b.f.s.DefaultListableBeanFactory     : Creating instance of bean 'resourceHandlerMapping'
2024-07-21T15:50:01.713+02:00 TRACE 248560 --- [crud-springboot] [           main] o.s.b.f.s.DefaultListableBeanFactory     : Returning cached instance of singleton bean 'org.springframework.transaction.config.internalTransactionAdvisor'
2024-07-21T15:50:01.713+02:00 TRACE 248560 --- [crud-springboot] [           main] o.s.b.f.s.DefaultListableBeanFactory     : Returning cached instance of singleton bean 'org.springframework.boot.autoconfigure.web.servlet.WebMvcAutoConfiguration$EnableWebMvcConfiguration'
2024-07-21T15:50:01.714+02:00 TRACE 248560 --- [crud-springboot] [           main] o.s.b.f.s.DefaultListableBeanFactory     : Returning cached instance of singleton bean 'mvcContentNegotiationManager'
2024-07-21T15:50:01.715+02:00 TRACE 248560 --- [crud-springboot] [           main] o.s.b.f.s.DefaultListableBeanFactory     : Returning cached instance of singleton bean 'mvcConversionService'
2024-07-21T15:50:01.715+02:00 TRACE 248560 --- [crud-springboot] [           main] o.s.b.f.s.DefaultListableBeanFactory     : Returning cached instance of singleton bean 'mvcResourceUrlProvider'
2024-07-21T15:50:01.715+02:00 DEBUG 248560 --- [crud-springboot] [           main] o.s.b.f.s.DefaultListableBeanFactory     : Autowiring by type from bean name 'resourceHandlerMapping' via factory method to bean named 'mvcContentNegotiationManager'
2024-07-21T15:50:01.715+02:00 DEBUG 248560 --- [crud-springboot] [           main] o.s.b.f.s.DefaultListableBeanFactory     : Autowiring by type from bean name 'resourceHandlerMapping' via factory method to bean named 'mvcConversionService'
2024-07-21T15:50:01.715+02:00 DEBUG 248560 --- [crud-springboot] [           main] o.s.b.f.s.DefaultListableBeanFactory     : Autowiring by type from bean name 'resourceHandlerMapping' via factory method to bean named 'mvcResourceUrlProvider'
2024-07-21T15:50:01.736+02:00 TRACE 248560 --- [crud-springboot] [           main] o.s.w.s.handler.SimpleUrlHandlerMapping  : Mapped [/webjars/**] onto ResourceHttpRequestHandler [classpath [META-INF/resources/webjars/]]
2024-07-21T15:50:01.736+02:00 TRACE 248560 --- [crud-springboot] [           main] o.s.w.s.handler.SimpleUrlHandlerMapping  : Mapped [/**] onto ResourceHttpRequestHandler [classpath [META-INF/resources/], classpath [resources/], classpath [static/], classpath [public/], ServletContext [/]]
2024-07-21T15:50:01.737+02:00 DEBUG 248560 --- [crud-springboot] [           main] o.s.w.s.handler.SimpleUrlHandlerMapping  : Patterns [/webjars/**, /**] in 'resourceHandlerMapping'
2024-07-21T15:50:01.737+02:00 TRACE 248560 --- [crud-springboot] [           main] o.s.b.f.s.DefaultListableBeanFactory     : Returning cached instance of singleton bean 'org.springframework.transaction.config.internalTransactionAdvisor'
2024-07-21T15:50:01.738+02:00 TRACE 248560 --- [crud-springboot] [           main] o.s.b.f.s.DefaultListableBeanFactory     : Returning cached instance of singleton bean 'org.springframework.transaction.config.internalTransactionAdvisor'
2024-07-21T15:50:01.740+02:00 TRACE 248560 --- [crud-springboot] [           main] o.s.b.f.s.DefaultListableBeanFactory     : Finished creating instance of bean 'resourceHandlerMapping'
2024-07-21T15:50:01.740+02:00 DEBUG 248560 --- [crud-springboot] [           main] o.s.b.f.s.DefaultListableBeanFactory     : Creating shared instance of singleton bean 'defaultServletHandlerMapping'
2024-07-21T15:50:01.740+02:00 TRACE 248560 --- [crud-springboot] [           main] o.s.b.f.s.DefaultListableBeanFactory     : Creating instance of bean 'defaultServletHandlerMapping'
2024-07-21T15:50:01.740+02:00 TRACE 248560 --- [crud-springboot] [           main] o.s.b.f.s.DefaultListableBeanFactory     : Returning cached instance of singleton bean 'org.springframework.transaction.config.internalTransactionAdvisor'
2024-07-21T15:50:01.740+02:00 TRACE 248560 --- [crud-springboot] [           main] o.s.b.f.s.DefaultListableBeanFactory     : Returning cached instance of singleton bean 'org.springframework.boot.autoconfigure.web.servlet.WebMvcAutoConfiguration$EnableWebMvcConfiguration'
2024-07-21T15:50:01.741+02:00 TRACE 248560 --- [crud-springboot] [           main] o.s.b.f.s.DefaultListableBeanFactory     : Returning cached instance of singleton bean 'org.springframework.transaction.config.internalTransactionAdvisor'
2024-07-21T15:50:01.741+02:00 TRACE 248560 --- [crud-springboot] [           main] o.s.b.f.s.DefaultListableBeanFactory     : Returning cached instance of singleton bean 'org.springframework.transaction.config.internalTransactionAdvisor'
2024-07-21T15:50:01.741+02:00 TRACE 248560 --- [crud-springboot] [           main] o.s.b.f.s.DefaultListableBeanFactory     : Finished creating instance of bean 'defaultServletHandlerMapping'
2024-07-21T15:50:01.744+02:00 TRACE 248560 --- [crud-springboot] [           main] o.s.b.f.s.DefaultListableBeanFactory     : Returning cached instance of singleton bean 'org.springframework.transaction.config.internalTransactionAdvisor'
2024-07-21T15:50:01.744+02:00 TRACE 248560 --- [crud-springboot] [           main] o.s.b.f.s.DefaultListableBeanFactory     : Returning cached instance of singleton bean 'org.springframework.transaction.config.internalTransactionAdvisor'
2024-07-21T15:50:01.745+02:00 TRACE 248560 --- [crud-springboot] [           main] o.s.b.f.s.DefaultListableBeanFactory     : Finished creating instance of bean 'mvcHandlerMappingIntrospector'
2024-07-21T15:50:01.746+02:00 TRACE 248560 --- [crud-springboot] [           main] o.s.b.f.s.DefaultListableBeanFactory     : Returning cached instance of singleton bean 'org.springframework.transaction.config.internalTransactionAdvisor'
2024-07-21T15:50:01.746+02:00 TRACE 248560 --- [crud-springboot] [           main] o.s.b.f.s.DefaultListableBeanFactory     : Returning cached instance of singleton bean 'org.springframework.transaction.config.internalTransactionAdvisor'
2024-07-21T15:50:01.746+02:00 TRACE 248560 --- [crud-springboot] [           main] o.s.b.f.s.DefaultListableBeanFactory     : Finished creating instance of bean 'mvcHandlerMappingIntrospectorRequestTransformer'
2024-07-21T15:50:01.747+02:00 TRACE 248560 --- [crud-springboot] [           main] o.s.b.f.s.DefaultListableBeanFactory     : Returning cached instance of singleton bean 'org.springframework.transaction.config.internalTransactionAdvisor'
2024-07-21T15:50:01.747+02:00 TRACE 248560 --- [crud-springboot] [           main] o.s.b.f.s.DefaultListableBeanFactory     : Returning cached instance of singleton bean 'org.springframework.transaction.config.internalTransactionAdvisor'
2024-07-21T15:50:01.753+02:00 DEBUG 248560 --- [crud-springboot] [           main] o.s.b.f.s.DefaultListableBeanFactory     : Creating shared instance of singleton bean 'securityFilterChain'
2024-07-21T15:50:01.753+02:00 TRACE 248560 --- [crud-springboot] [           main] o.s.b.f.s.DefaultListableBeanFactory     : Creating instance of bean 'securityFilterChain'
2024-07-21T15:50:01.753+02:00 TRACE 248560 --- [crud-springboot] [           main] o.s.b.f.s.DefaultListableBeanFactory     : Returning cached instance of singleton bean 'org.springframework.transaction.config.internalTransactionAdvisor'
2024-07-21T15:50:01.753+02:00 TRACE 248560 --- [crud-springboot] [           main] o.s.b.f.s.DefaultListableBeanFactory     : Returning cached instance of singleton bean 'securityConfig'
2024-07-21T15:50:01.753+02:00 TRACE 248560 --- [crud-springboot] [           main] o.s.b.f.s.DefaultListableBeanFactory     : Creating instance of bean 'org.springframework.security.config.annotation.web.configuration.HttpSecurityConfiguration.httpSecurity'
2024-07-21T15:50:01.753+02:00 TRACE 248560 --- [crud-springboot] [           main] o.s.b.f.s.DefaultListableBeanFactory     : Returning cached instance of singleton bean 'org.springframework.security.config.annotation.web.configuration.HttpSecurityConfiguration'
2024-07-21T15:50:01.754+02:00 TRACE 248560 --- [crud-springboot] [           main] o.s.b.f.s.DefaultListableBeanFactory     : Returning cached instance of singleton bean 'authenticationEventPublisher'
2024-07-21T15:50:01.755+02:00 TRACE 248560 --- [crud-springboot] [           main] o.s.c.io.support.SpringFactoriesLoader   : Loaded [org.springframework.security.config.annotation.web.configurers.AbstractHttpConfigurer] names: []
2024-07-21T15:50:01.755+02:00 TRACE 248560 --- [crud-springboot] [           main] o.s.b.f.s.DefaultListableBeanFactory     : Finished creating instance of bean 'org.springframework.security.config.annotation.web.configuration.HttpSecurityConfiguration.httpSecurity'
2024-07-21T15:50:01.755+02:00 DEBUG 248560 --- [crud-springboot] [           main] o.s.b.f.s.DefaultListableBeanFactory     : Autowiring by type from bean name 'securityFilterChain' via factory method to bean named 'org.springframework.security.config.annotation.web.configuration.HttpSecurityConfiguration.httpSecurity'
2024-07-21T15:50:01.762+02:00 TRACE 248560 --- [crud-springboot] [           main] o.s.b.f.s.DefaultListableBeanFactory     : Returning cached instance of singleton bean 'objectPostProcessor'
2024-07-21T15:50:01.762+02:00 TRACE 248560 --- [crud-springboot] [           main] o.s.b.f.s.DefaultListableBeanFactory     : Returning cached instance of singleton bean 'mvcHandlerMappingIntrospector'
2024-07-21T15:50:01.763+02:00 TRACE 248560 --- [crud-springboot] [           main] o.s.b.f.s.DefaultListableBeanFactory     : Returning cached instance of singleton bean 'org.springframework.transaction.config.internalTransactionAdvisor'
2024-07-21T15:50:01.764+02:00 TRACE 248560 --- [crud-springboot] [           main] o.s.b.f.s.DefaultListableBeanFactory     : Returning cached instance of singleton bean 'org.springframework.transaction.config.internalTransactionAdvisor'
2024-07-21T15:50:01.766+02:00 TRACE 248560 --- [crud-springboot] [           main] o.s.b.f.s.DefaultListableBeanFactory     : Returning cached instance of singleton bean 'objectPostProcessor'
2024-07-21T15:50:01.766+02:00 TRACE 248560 --- [crud-springboot] [           main] o.s.b.f.s.DefaultListableBeanFactory     : Returning cached instance of singleton bean 'mvcHandlerMappingIntrospector'
2024-07-21T15:50:01.766+02:00 TRACE 248560 --- [crud-springboot] [           main] o.s.b.f.s.DefaultListableBeanFactory     : Returning cached instance of singleton bean 'org.springframework.transaction.config.internalTransactionAdvisor'
2024-07-21T15:50:01.767+02:00 TRACE 248560 --- [crud-springboot] [           main] o.s.b.f.s.DefaultListableBeanFactory     : Returning cached instance of singleton bean 'org.springframework.transaction.config.internalTransactionAdvisor'
2024-07-21T15:50:01.767+02:00 TRACE 248560 --- [crud-springboot] [           main] o.s.b.f.s.DefaultListableBeanFactory     : Returning cached instance of singleton bean 'objectPostProcessor'
2024-07-21T15:50:01.767+02:00 TRACE 248560 --- [crud-springboot] [           main] o.s.b.f.s.DefaultListableBeanFactory     : Returning cached instance of singleton bean 'mvcHandlerMappingIntrospector'
2024-07-21T15:50:01.768+02:00 TRACE 248560 --- [crud-springboot] [           main] o.s.b.f.s.DefaultListableBeanFactory     : Returning cached instance of singleton bean 'org.springframework.transaction.config.internalTransactionAdvisor'
2024-07-21T15:50:01.768+02:00 TRACE 248560 --- [crud-springboot] [           main] o.s.b.f.s.DefaultListableBeanFactory     : Returning cached instance of singleton bean 'org.springframework.transaction.config.internalTransactionAdvisor'
2024-07-21T15:50:01.768+02:00 TRACE 248560 --- [crud-springboot] [           main] o.s.b.f.s.DefaultListableBeanFactory     : Returning cached instance of singleton bean 'objectPostProcessor'
2024-07-21T15:50:01.768+02:00 TRACE 248560 --- [crud-springboot] [           main] o.s.b.f.s.DefaultListableBeanFactory     : Returning cached instance of singleton bean 'mvcHandlerMappingIntrospector'
2024-07-21T15:50:01.769+02:00 TRACE 248560 --- [crud-springboot] [           main] o.s.b.f.s.DefaultListableBeanFactory     : Returning cached instance of singleton bean 'org.springframework.transaction.config.internalTransactionAdvisor'
2024-07-21T15:50:01.769+02:00 TRACE 248560 --- [crud-springboot] [           main] o.s.b.f.s.DefaultListableBeanFactory     : Returning cached instance of singleton bean 'org.springframework.transaction.config.internalTransactionAdvisor'
2024-07-21T15:50:01.770+02:00 TRACE 248560 --- [crud-springboot] [           main] o.s.b.f.s.DefaultListableBeanFactory     : Returning cached instance of singleton bean 'objectPostProcessor'
2024-07-21T15:50:01.770+02:00 TRACE 248560 --- [crud-springboot] [           main] o.s.b.f.s.DefaultListableBeanFactory     : Returning cached instance of singleton bean 'mvcHandlerMappingIntrospector'
2024-07-21T15:50:01.771+02:00 TRACE 248560 --- [crud-springboot] [           main] o.s.b.f.s.DefaultListableBeanFactory     : Returning cached instance of singleton bean 'org.springframework.transaction.config.internalTransactionAdvisor'
2024-07-21T15:50:01.771+02:00 TRACE 248560 --- [crud-springboot] [           main] o.s.b.f.s.DefaultListableBeanFactory     : Returning cached instance of singleton bean 'org.springframework.transaction.config.internalTransactionAdvisor'
2024-07-21T15:50:01.771+02:00 TRACE 248560 --- [crud-springboot] [           main] o.s.b.f.s.DefaultListableBeanFactory     : Returning cached instance of singleton bean 'objectPostProcessor'
2024-07-21T15:50:01.771+02:00 TRACE 248560 --- [crud-springboot] [           main] o.s.b.f.s.DefaultListableBeanFactory     : Returning cached instance of singleton bean 'mvcHandlerMappingIntrospector'
2024-07-21T15:50:01.771+02:00 TRACE 248560 --- [crud-springboot] [           main] o.s.b.f.s.DefaultListableBeanFactory     : Returning cached instance of singleton bean 'org.springframework.transaction.config.internalTransactionAdvisor'
2024-07-21T15:50:01.771+02:00 TRACE 248560 --- [crud-springboot] [           main] o.s.b.f.s.DefaultListableBeanFactory     : Returning cached instance of singleton bean 'org.springframework.transaction.config.internalTransactionAdvisor'
2024-07-21T15:50:01.772+02:00 TRACE 248560 --- [crud-springboot] [           main] o.s.b.f.s.DefaultListableBeanFactory     : Returning cached instance of singleton bean 'objectPostProcessor'
2024-07-21T15:50:01.772+02:00 TRACE 248560 --- [crud-springboot] [           main] o.s.b.f.s.DefaultListableBeanFactory     : Returning cached instance of singleton bean 'mvcHandlerMappingIntrospector'
2024-07-21T15:50:01.772+02:00 TRACE 248560 --- [crud-springboot] [           main] o.s.b.f.s.DefaultListableBeanFactory     : Returning cached instance of singleton bean 'org.springframework.transaction.config.internalTransactionAdvisor'
2024-07-21T15:50:01.772+02:00 TRACE 248560 --- [crud-springboot] [           main] o.s.b.f.s.DefaultListableBeanFactory     : Returning cached instance of singleton bean 'org.springframework.transaction.config.internalTransactionAdvisor'
2024-07-21T15:50:01.773+02:00 TRACE 248560 --- [crud-springboot] [           main] o.s.b.f.s.DefaultListableBeanFactory     : Returning cached instance of singleton bean 'objectPostProcessor'
2024-07-21T15:50:01.773+02:00 TRACE 248560 --- [crud-springboot] [           main] o.s.b.f.s.DefaultListableBeanFactory     : Returning cached instance of singleton bean 'mvcHandlerMappingIntrospector'
2024-07-21T15:50:01.773+02:00 TRACE 248560 --- [crud-springboot] [           main] o.s.b.f.s.DefaultListableBeanFactory     : Returning cached instance of singleton bean 'org.springframework.transaction.config.internalTransactionAdvisor'
2024-07-21T15:50:01.773+02:00 TRACE 248560 --- [crud-springboot] [           main] o.s.b.f.s.DefaultListableBeanFactory     : Returning cached instance of singleton bean 'org.springframework.transaction.config.internalTransactionAdvisor'
2024-07-21T15:50:01.795+02:00 TRACE 248560 --- [crud-springboot] [           main] o.s.b.f.s.DefaultListableBeanFactory     : Returning cached instance of singleton bean 'org.springframework.transaction.config.internalTransactionAdvisor'
2024-07-21T15:50:01.795+02:00 TRACE 248560 --- [crud-springboot] [           main] o.s.b.f.s.DefaultListableBeanFactory     : Returning cached instance of singleton bean 'org.springframework.transaction.config.internalTransactionAdvisor'
2024-07-21T15:50:01.797+02:00 TRACE 248560 --- [crud-springboot] [           main] o.s.b.f.s.DefaultListableBeanFactory     : Returning cached instance of singleton bean 'org.springframework.transaction.config.internalTransactionAdvisor'
2024-07-21T15:50:01.797+02:00 TRACE 248560 --- [crud-springboot] [           main] o.s.b.f.s.DefaultListableBeanFactory     : Returning cached instance of singleton bean 'org.springframework.transaction.config.internalTransactionAdvisor'
2024-07-21T15:50:01.802+02:00 TRACE 248560 --- [crud-springboot] [           main] o.s.b.f.s.DefaultListableBeanFactory     : Returning cached instance of singleton bean 'org.springframework.transaction.config.internalTransactionAdvisor'
2024-07-21T15:50:01.802+02:00 TRACE 248560 --- [crud-springboot] [           main] o.s.b.f.s.DefaultListableBeanFactory     : Returning cached instance of singleton bean 'org.springframework.transaction.config.internalTransactionAdvisor'
2024-07-21T15:50:01.807+02:00 TRACE 248560 --- [crud-springboot] [           main] o.s.b.f.s.DefaultListableBeanFactory     : Invoking afterPropertiesSet() on bean with name 'org.springframework.security.web.authentication.LoginUrlAuthenticationEntryPoint@53fb3e1b'
2024-07-21T15:50:01.807+02:00 TRACE 248560 --- [crud-springboot] [           main] o.s.b.f.s.DefaultListableBeanFactory     : Returning cached instance of singleton bean 'org.springframework.transaction.config.internalTransactionAdvisor'
2024-07-21T15:50:01.807+02:00 TRACE 248560 --- [crud-springboot] [           main] o.s.b.f.s.DefaultListableBeanFactory     : Returning cached instance of singleton bean 'org.springframework.transaction.config.internalTransactionAdvisor'
2024-07-21T15:50:01.808+02:00 TRACE 248560 --- [crud-springboot] [           main] o.s.b.f.s.DefaultListableBeanFactory     : Invoking afterPropertiesSet() on bean with name 'org.springframework.security.authentication.ProviderManager@7bf997e0'
2024-07-21T15:50:01.808+02:00 TRACE 248560 --- [crud-springboot] [           main] o.s.b.f.s.DefaultListableBeanFactory     : Returning cached instance of singleton bean 'org.springframework.transaction.config.internalTransactionAdvisor'
2024-07-21T15:50:01.809+02:00 TRACE 248560 --- [crud-springboot] [           main] o.s.b.f.s.DefaultListableBeanFactory     : Returning cached instance of singleton bean 'org.springframework.transaction.config.internalTransactionAdvisor'
2024-07-21T15:50:01.816+02:00 TRACE 248560 --- [crud-springboot] [           main] o.s.b.f.s.DefaultListableBeanFactory     : Invoking afterPropertiesSet() on bean with name 'org.springframework.security.web.csrf.CsrfFilter@68024e57'
2024-07-21T15:50:01.816+02:00 TRACE 248560 --- [crud-springboot] [           main] o.s.b.f.s.DefaultListableBeanFactory     : Returning cached instance of singleton bean 'org.springframework.transaction.config.internalTransactionAdvisor'
2024-07-21T15:50:01.816+02:00 TRACE 248560 --- [crud-springboot] [           main] o.s.b.f.s.DefaultListableBeanFactory     : Returning cached instance of singleton bean 'org.springframework.transaction.config.internalTransactionAdvisor'
2024-07-21T15:50:01.822+02:00 TRACE 248560 --- [crud-springboot] [           main] o.s.b.f.s.DefaultListableBeanFactory     : Invoking afterPropertiesSet() on bean with name 'org.springframework.security.web.access.ExceptionTranslationFilter@7fba30fe'
2024-07-21T15:50:01.822+02:00 TRACE 248560 --- [crud-springboot] [           main] o.s.b.f.s.DefaultListableBeanFactory     : Returning cached instance of singleton bean 'org.springframework.transaction.config.internalTransactionAdvisor'
2024-07-21T15:50:01.822+02:00 TRACE 248560 --- [crud-springboot] [           main] o.s.b.f.s.DefaultListableBeanFactory     : Returning cached instance of singleton bean 'org.springframework.transaction.config.internalTransactionAdvisor'
2024-07-21T15:50:01.828+02:00 TRACE 248560 --- [crud-springboot] [           main] o.s.b.f.s.DefaultListableBeanFactory     : Invoking afterPropertiesSet() on bean with name 'org.springframework.security.web.header.HeaderWriterFilter@66ce4b4'
2024-07-21T15:50:01.828+02:00 TRACE 248560 --- [crud-springboot] [           main] o.s.b.f.s.DefaultListableBeanFactory     : Returning cached instance of singleton bean 'org.springframework.transaction.config.internalTransactionAdvisor'
2024-07-21T15:50:01.828+02:00 TRACE 248560 --- [crud-springboot] [           main] o.s.b.f.s.DefaultListableBeanFactory     : Returning cached instance of singleton bean 'org.springframework.transaction.config.internalTransactionAdvisor'
2024-07-21T15:50:01.830+02:00 TRACE 248560 --- [crud-springboot] [           main] o.s.b.f.s.DefaultListableBeanFactory     : Invoking afterPropertiesSet() on bean with name 'org.springframework.security.web.context.SecurityContextHolderFilter@5f26fc4d'
2024-07-21T15:50:01.830+02:00 TRACE 248560 --- [crud-springboot] [           main] o.s.b.f.s.DefaultListableBeanFactory     : Returning cached instance of singleton bean 'org.springframework.transaction.config.internalTransactionAdvisor'
2024-07-21T15:50:01.830+02:00 TRACE 248560 --- [crud-springboot] [           main] o.s.b.f.s.DefaultListableBeanFactory     : Returning cached instance of singleton bean 'org.springframework.transaction.config.internalTransactionAdvisor'
2024-07-21T15:50:01.832+02:00 TRACE 248560 --- [crud-springboot] [           main] o.s.b.f.s.DefaultListableBeanFactory     : Invoking afterPropertiesSet() on bean with name 'org.springframework.security.web.savedrequest.RequestCacheAwareFilter@1fb379e4'
2024-07-21T15:50:01.832+02:00 TRACE 248560 --- [crud-springboot] [           main] o.s.b.f.s.DefaultListableBeanFactory     : Returning cached instance of singleton bean 'org.springframework.transaction.config.internalTransactionAdvisor'
2024-07-21T15:50:01.833+02:00 TRACE 248560 --- [crud-springboot] [           main] o.s.b.f.s.DefaultListableBeanFactory     : Returning cached instance of singleton bean 'org.springframework.transaction.config.internalTransactionAdvisor'
2024-07-21T15:50:01.834+02:00 TRACE 248560 --- [crud-springboot] [           main] o.s.b.f.s.DefaultListableBeanFactory     : Invoking afterPropertiesSet() on bean with name 'org.springframework.security.web.servletapi.SecurityContextHolderAwareRequestFilter@67b1c3af'
2024-07-21T15:50:01.835+02:00 TRACE 248560 --- [crud-springboot] [           main] o.s.b.f.s.DefaultListableBeanFactory     : Returning cached instance of singleton bean 'org.springframework.transaction.config.internalTransactionAdvisor'
2024-07-21T15:50:01.835+02:00 TRACE 248560 --- [crud-springboot] [           main] o.s.b.f.s.DefaultListableBeanFactory     : Returning cached instance of singleton bean 'org.springframework.transaction.config.internalTransactionAdvisor'
2024-07-21T15:50:01.838+02:00 TRACE 248560 --- [crud-springboot] [           main] o.s.b.f.s.DefaultListableBeanFactory     : Returning cached instance of singleton bean 'org.springframework.transaction.config.internalTransactionAdvisor'
2024-07-21T15:50:01.838+02:00 TRACE 248560 --- [crud-springboot] [           main] o.s.b.f.s.DefaultListableBeanFactory     : Returning cached instance of singleton bean 'org.springframework.transaction.config.internalTransactionAdvisor'
2024-07-21T15:50:01.840+02:00 TRACE 248560 --- [crud-springboot] [           main] o.s.b.f.s.DefaultListableBeanFactory     : Invoking afterPropertiesSet() on bean with name 'org.springframework.security.web.authentication.logout.LogoutFilter@2ec258f1'
2024-07-21T15:50:01.840+02:00 TRACE 248560 --- [crud-springboot] [           main] o.s.b.f.s.DefaultListableBeanFactory     : Returning cached instance of singleton bean 'org.springframework.transaction.config.internalTransactionAdvisor'
2024-07-21T15:50:01.840+02:00 TRACE 248560 --- [crud-springboot] [           main] o.s.b.f.s.DefaultListableBeanFactory     : Returning cached instance of singleton bean 'org.springframework.transaction.config.internalTransactionAdvisor'
2024-07-21T15:50:01.844+02:00 TRACE 248560 --- [crud-springboot] [           main] o.s.b.f.s.DefaultListableBeanFactory     : Returning cached instance of singleton bean 'mvcHandlerMappingIntrospector'
2024-07-21T15:50:01.846+02:00 TRACE 248560 --- [crud-springboot] [           main] o.s.b.f.s.DefaultListableBeanFactory     : Returning cached instance of singleton bean 'org.springframework.transaction.config.internalTransactionAdvisor'
2024-07-21T15:50:01.846+02:00 TRACE 248560 --- [crud-springboot] [           main] o.s.b.f.s.DefaultListableBeanFactory     : Returning cached instance of singleton bean 'org.springframework.transaction.config.internalTransactionAdvisor'
2024-07-21T15:50:01.849+02:00 TRACE 248560 --- [crud-springboot] [           main] o.s.b.f.s.DefaultListableBeanFactory     : Invoking afterPropertiesSet() on bean with name 'org.springframework.security.web.access.intercept.AuthorizationFilter@13288174'
2024-07-21T15:50:01.849+02:00 TRACE 248560 --- [crud-springboot] [           main] o.s.b.f.s.DefaultListableBeanFactory     : Returning cached instance of singleton bean 'org.springframework.transaction.config.internalTransactionAdvisor'
2024-07-21T15:50:01.849+02:00 TRACE 248560 --- [crud-springboot] [           main] o.s.b.f.s.DefaultListableBeanFactory     : Returning cached instance of singleton bean 'org.springframework.transaction.config.internalTransactionAdvisor'
2024-07-21T15:50:01.851+02:00 TRACE 248560 --- [crud-springboot] [           main] o.s.b.f.s.DefaultListableBeanFactory     : Invoking afterPropertiesSet() on bean with name 'org.springframework.security.web.authentication.UsernamePasswordAuthenticationFilter@24ae2183'
2024-07-21T15:50:01.851+02:00 TRACE 248560 --- [crud-springboot] [           main] o.s.b.f.s.DefaultListableBeanFactory     : Returning cached instance of singleton bean 'org.springframework.transaction.config.internalTransactionAdvisor'
2024-07-21T15:50:01.851+02:00 TRACE 248560 --- [crud-springboot] [           main] o.s.b.f.s.DefaultListableBeanFactory     : Returning cached instance of singleton bean 'org.springframework.transaction.config.internalTransactionAdvisor'
2024-07-21T15:50:01.854+02:00  INFO 248560 --- [crud-springboot] [           main] o.s.s.web.DefaultSecurityFilterChain     : Will secure any request with [org.springframework.security.web.session.DisableEncodeUrlFilter@7ffb0bb4, org.springframework.security.web.context.request.async.WebAsyncManagerIntegrationFilter@280f061e, org.springframework.security.web.context.SecurityContextHolderFilter@5f26fc4d, org.springframework.security.web.header.HeaderWriterFilter@66ce4b4, org.springframework.web.filter.CorsFilter@7d7888a5, org.springframework.security.web.csrf.CsrfFilter@68024e57, org.springframework.security.web.authentication.logout.LogoutFilter@2ec258f1, org.springframework.security.web.authentication.UsernamePasswordAuthenticationFilter@24ae2183, org.springframework.security.web.savedrequest.RequestCacheAwareFilter@1fb379e4, org.springframework.security.web.servletapi.SecurityContextHolderAwareRequestFilter@67b1c3af, org.springframework.security.web.authentication.AnonymousAuthenticationFilter@6dcdc378, org.springframework.security.web.access.ExceptionTranslationFilter@7fba30fe, org.springframework.security.web.access.intercept.AuthorizationFilter@13288174]
2024-07-21T15:50:01.855+02:00 TRACE 248560 --- [crud-springboot] [           main] o.s.b.f.s.DefaultListableBeanFactory     : Returning cached instance of singleton bean 'org.springframework.transaction.config.internalTransactionAdvisor'
2024-07-21T15:50:01.855+02:00 TRACE 248560 --- [crud-springboot] [           main] o.s.b.f.s.DefaultListableBeanFactory     : Returning cached instance of singleton bean 'org.springframework.transaction.config.internalTransactionAdvisor'
2024-07-21T15:50:01.856+02:00 TRACE 248560 --- [crud-springboot] [           main] o.s.b.f.s.DefaultListableBeanFactory     : Finished creating instance of bean 'securityFilterChain'
2024-07-21T15:50:01.856+02:00 TRACE 248560 --- [crud-springboot] [           main] f.a.AutowiredAnnotationBeanPostProcessor : Autowiring by type from bean name 'org.springframework.security.config.annotation.web.configuration.WebSecurityConfiguration' to bean named 'securityFilterChain'
2024-07-21T15:50:01.858+02:00 TRACE 248560 --- [crud-springboot] [           main] o.s.b.f.s.DefaultListableBeanFactory     : Returning cached instance of singleton bean 'org.springframework.context.annotation.ConfigurationClassPostProcessor.importRegistry'
2024-07-21T15:50:01.858+02:00 TRACE 248560 --- [crud-springboot] [           main] o.s.b.f.s.DefaultListableBeanFactory     : Returning cached instance of singleton bean 'org.springframework.transaction.config.internalTransactionAdvisor'
2024-07-21T15:50:01.858+02:00 TRACE 248560 --- [crud-springboot] [           main] o.s.b.f.s.DefaultListableBeanFactory     : Returning cached instance of singleton bean 'org.springframework.transaction.config.internalTransactionAdvisor'
2024-07-21T15:50:01.859+02:00 TRACE 248560 --- [crud-springboot] [           main] o.s.b.f.s.DefaultListableBeanFactory     : Finished creating instance of bean 'org.springframework.security.config.annotation.web.configuration.WebSecurityConfiguration'
2024-07-21T15:50:01.859+02:00 DEBUG 248560 --- [crud-springboot] [           main] o.s.b.f.s.DefaultListableBeanFactory     : Creating shared instance of singleton bean 'delegatingApplicationListener'
2024-07-21T15:50:01.859+02:00 TRACE 248560 --- [crud-springboot] [           main] o.s.b.f.s.DefaultListableBeanFactory     : Creating instance of bean 'delegatingApplicationListener'
2024-07-21T15:50:01.859+02:00 TRACE 248560 --- [crud-springboot] [           main] o.s.b.f.s.DefaultListableBeanFactory     : Returning cached instance of singleton bean 'org.springframework.transaction.config.internalTransactionAdvisor'
2024-07-21T15:50:01.860+02:00 TRACE 248560 --- [crud-springboot] [           main] o.s.b.f.s.DefaultListableBeanFactory     : Returning cached instance of singleton bean 'org.springframework.transaction.config.internalTransactionAdvisor'
2024-07-21T15:50:01.860+02:00 TRACE 248560 --- [crud-springboot] [           main] o.s.b.f.s.DefaultListableBeanFactory     : Returning cached instance of singleton bean 'org.springframework.transaction.config.internalTransactionAdvisor'
2024-07-21T15:50:01.860+02:00 TRACE 248560 --- [crud-springboot] [           main] o.s.b.f.s.DefaultListableBeanFactory     : Finished creating instance of bean 'delegatingApplicationListener'
2024-07-21T15:50:01.860+02:00 DEBUG 248560 --- [crud-springboot] [           main] o.s.b.f.s.DefaultListableBeanFactory     : Creating shared instance of singleton bean 'springSecurityFilterChain'
2024-07-21T15:50:01.860+02:00 TRACE 248560 --- [crud-springboot] [           main] o.s.b.f.s.DefaultListableBeanFactory     : Creating instance of bean 'springSecurityFilterChain'
2024-07-21T15:50:01.860+02:00 TRACE 248560 --- [crud-springboot] [           main] o.s.b.f.s.DefaultListableBeanFactory     : Returning cached instance of singleton bean 'org.springframework.transaction.config.internalTransactionAdvisor'
2024-07-21T15:50:01.864+02:00 TRACE 248560 --- [crud-springboot] [           main] o.s.b.f.s.DefaultListableBeanFactory     : Creating instance of bean '(inner bean)#75bbe39d'
2024-07-21T15:50:01.864+02:00 TRACE 248560 --- [crud-springboot] [           main] o.s.b.f.s.DefaultListableBeanFactory     : Returning cached instance of singleton bean 'org.springframework.transaction.config.internalTransactionAdvisor'
2024-07-21T15:50:01.866+02:00 TRACE 248560 --- [crud-springboot] [           main] o.s.b.f.s.DefaultListableBeanFactory     : Returning cached instance of singleton bean 'org.springframework.transaction.config.internalTransactionAdvisor'
2024-07-21T15:50:01.866+02:00 TRACE 248560 --- [crud-springboot] [           main] o.s.b.f.s.DefaultListableBeanFactory     : Returning cached instance of singleton bean 'org.springframework.transaction.config.internalTransactionAdvisor'
2024-07-21T15:50:01.867+02:00 TRACE 248560 --- [crud-springboot] [           main] o.s.b.f.s.DefaultListableBeanFactory     : Finished creating instance of bean '(inner bean)#75bbe39d'
2024-07-21T15:50:01.867+02:00 TRACE 248560 --- [crud-springboot] [           main] o.s.b.f.s.DefaultListableBeanFactory     : Returning cached instance of singleton bean 'mvcHandlerMappingIntrospector'
2024-07-21T15:50:01.867+02:00 TRACE 248560 --- [crud-springboot] [           main] o.s.b.f.s.DefaultListableBeanFactory     : Returning cached instance of singleton bean 'org.springframework.transaction.config.internalTransactionAdvisor'
2024-07-21T15:50:01.867+02:00 TRACE 248560 --- [crud-springboot] [           main] o.s.b.f.s.DefaultListableBeanFactory     : Returning cached instance of singleton bean 'org.springframework.transaction.config.internalTransactionAdvisor'
2024-07-21T15:50:01.868+02:00 TRACE 248560 --- [crud-springboot] [           main] o.s.b.f.s.DefaultListableBeanFactory     : Creating instance of bean '(inner bean)#5f510929'
2024-07-21T15:50:01.868+02:00 TRACE 248560 --- [crud-springboot] [           main] o.s.b.f.s.DefaultListableBeanFactory     : Returning cached instance of singleton bean 'org.springframework.transaction.config.internalTransactionAdvisor'
2024-07-21T15:50:01.868+02:00 TRACE 248560 --- [crud-springboot] [           main] o.s.b.f.s.DefaultListableBeanFactory     : Returning cached instance of singleton bean 'org.springframework.security.config.annotation.web.configuration.WebSecurityConfiguration'
2024-07-21T15:50:01.878+02:00 TRACE 248560 --- [crud-springboot] [           main] o.s.b.f.s.DefaultListableBeanFactory     : Invoking afterPropertiesSet() on bean with name '(inner bean)#5f510929'
2024-07-21T15:50:01.878+02:00 TRACE 248560 --- [crud-springboot] [           main] o.s.b.f.s.DefaultListableBeanFactory     : Returning cached instance of singleton bean 'org.springframework.transaction.config.internalTransactionAdvisor'
2024-07-21T15:50:01.878+02:00 TRACE 248560 --- [crud-springboot] [           main] o.s.b.f.s.DefaultListableBeanFactory     : Returning cached instance of singleton bean 'org.springframework.transaction.config.internalTransactionAdvisor'
2024-07-21T15:50:01.879+02:00 TRACE 248560 --- [crud-springboot] [           main] o.s.b.f.s.DefaultListableBeanFactory     : Finished creating instance of bean '(inner bean)#5f510929'
2024-07-21T15:50:01.882+02:00 TRACE 248560 --- [crud-springboot] [           main] o.s.b.f.s.DefaultListableBeanFactory     : Invoking afterPropertiesSet() on bean with name 'springSecurityFilterChain'
2024-07-21T15:50:01.883+02:00 TRACE 248560 --- [crud-springboot] [           main] o.s.b.f.s.DefaultListableBeanFactory     : Returning cached instance of singleton bean 'org.springframework.transaction.config.internalTransactionAdvisor'
2024-07-21T15:50:01.883+02:00 TRACE 248560 --- [crud-springboot] [           main] o.s.b.f.s.DefaultListableBeanFactory     : Returning cached instance of singleton bean 'org.springframework.transaction.config.internalTransactionAdvisor'
2024-07-21T15:50:01.884+02:00 TRACE 248560 --- [crud-springboot] [           main] o.s.b.f.s.DefaultListableBeanFactory     : Finished creating instance of bean 'springSecurityFilterChain'
2024-07-21T15:50:01.884+02:00 DEBUG 248560 --- [crud-springboot] [           main] o.s.b.f.s.DefaultListableBeanFactory     : Creating shared instance of singleton bean 'webSecurityExpressionHandler'
2024-07-21T15:50:01.884+02:00 TRACE 248560 --- [crud-springboot] [           main] o.s.b.f.s.DefaultListableBeanFactory     : Creating instance of bean 'webSecurityExpressionHandler'
2024-07-21T15:50:01.884+02:00 TRACE 248560 --- [crud-springboot] [           main] a.AnnotationAwareAspectJAutoProxyCreator : Did not attempt to auto-proxy infrastructure class [org.springframework.security.access.expression.SecurityExpressionHandler]
2024-07-21T15:50:01.885+02:00 TRACE 248560 --- [crud-springboot] [           main] o.s.b.f.s.DefaultListableBeanFactory     : Returning cached instance of singleton bean 'org.springframework.security.config.annotation.web.configuration.WebSecurityConfiguration'
2024-07-21T15:50:01.886+02:00 TRACE 248560 --- [crud-springboot] [           main] o.s.b.f.s.DefaultListableBeanFactory     : Finished creating instance of bean 'webSecurityExpressionHandler'
2024-07-21T15:50:01.887+02:00 TRACE 248560 --- [crud-springboot] [           main] o.s.b.f.s.DefaultListableBeanFactory     : Returning cached instance of singleton bean 'springSecurityFilterChain'
2024-07-21T15:50:01.887+02:00 DEBUG 248560 --- [crud-springboot] [           main] o.s.b.f.s.DefaultListableBeanFactory     : Creating shared instance of singleton bean 'privilegeEvaluator'
2024-07-21T15:50:01.887+02:00 TRACE 248560 --- [crud-springboot] [           main] o.s.b.f.s.DefaultListableBeanFactory     : Creating instance of bean 'privilegeEvaluator'
2024-07-21T15:50:01.887+02:00 TRACE 248560 --- [crud-springboot] [           main] o.s.b.f.s.DefaultListableBeanFactory     : Returning cached instance of singleton bean 'org.springframework.transaction.config.internalTransactionAdvisor'
2024-07-21T15:50:01.887+02:00 TRACE 248560 --- [crud-springboot] [           main] o.s.b.f.s.DefaultListableBeanFactory     : Returning cached instance of singleton bean 'org.springframework.security.config.annotation.web.configuration.WebSecurityConfiguration'
2024-07-21T15:50:01.887+02:00 TRACE 248560 --- [crud-springboot] [           main] o.s.b.f.s.DefaultListableBeanFactory     : Returning cached instance of singleton bean 'org.springframework.transaction.config.internalTransactionAdvisor'
2024-07-21T15:50:01.887+02:00 TRACE 248560 --- [crud-springboot] [           main] o.s.b.f.s.DefaultListableBeanFactory     : Returning cached instance of singleton bean 'org.springframework.transaction.config.internalTransactionAdvisor'
2024-07-21T15:50:01.888+02:00 TRACE 248560 --- [crud-springboot] [           main] o.s.b.f.s.DefaultListableBeanFactory     : Finished creating instance of bean 'privilegeEvaluator'
2024-07-21T15:50:01.888+02:00 TRACE 248560 --- [crud-springboot] [           main] o.s.b.f.s.DefaultListableBeanFactory     : Returning cached instance of singleton bean 'conversionServicePostProcessor'
2024-07-21T15:50:01.888+02:00 TRACE 248560 --- [crud-springboot] [           main] o.s.b.f.s.DefaultListableBeanFactory     : Returning cached instance of singleton bean 'org.springframework.security.config.annotation.web.configuration.WebMvcSecurityConfiguration'
2024-07-21T15:50:01.888+02:00 DEBUG 248560 --- [crud-springboot] [           main] o.s.b.f.s.DefaultListableBeanFactory     : Creating shared instance of singleton bean 'requestDataValueProcessor'
2024-07-21T15:50:01.888+02:00 TRACE 248560 --- [crud-springboot] [           main] o.s.b.f.s.DefaultListableBeanFactory     : Creating instance of bean 'requestDataValueProcessor'
2024-07-21T15:50:01.888+02:00 TRACE 248560 --- [crud-springboot] [           main] o.s.b.f.s.DefaultListableBeanFactory     : Returning cached instance of singleton bean 'org.springframework.transaction.config.internalTransactionAdvisor'
2024-07-21T15:50:01.888+02:00 TRACE 248560 --- [crud-springboot] [           main] o.s.b.f.s.DefaultListableBeanFactory     : Returning cached instance of singleton bean 'org.springframework.security.config.annotation.web.configuration.WebMvcSecurityConfiguration'
2024-07-21T15:50:01.890+02:00 TRACE 248560 --- [crud-springboot] [           main] o.s.b.f.s.DefaultListableBeanFactory     : Returning cached instance of singleton bean 'org.springframework.transaction.config.internalTransactionAdvisor'
2024-07-21T15:50:01.890+02:00 TRACE 248560 --- [crud-springboot] [           main] o.s.b.f.s.DefaultListableBeanFactory     : Returning cached instance of singleton bean 'org.springframework.transaction.config.internalTransactionAdvisor'
2024-07-21T15:50:01.890+02:00 TRACE 248560 --- [crud-springboot] [           main] o.s.b.f.s.DefaultListableBeanFactory     : Finished creating instance of bean 'requestDataValueProcessor'
2024-07-21T15:50:01.890+02:00 TRACE 248560 --- [crud-springboot] [           main] o.s.b.f.s.DefaultListableBeanFactory     : Returning cached instance of singleton bean 'springSecurityHandlerMappingIntrospectorBeanDefinitionRegistryPostProcessor'
2024-07-21T15:50:01.890+02:00 TRACE 248560 --- [crud-springboot] [           main] o.s.b.f.s.DefaultListableBeanFactory     : Returning cached instance of singleton bean 'org.springframework.security.config.annotation.web.configuration.HttpSecurityConfiguration'
2024-07-21T15:50:01.890+02:00 TRACE 248560 --- [crud-springboot] [           main] o.s.b.f.s.DefaultListableBeanFactory     : Returning cached instance of singleton bean 'passwordEncoder'
2024-07-21T15:50:01.890+02:00 TRACE 248560 --- [crud-springboot] [           main] o.s.b.f.s.DefaultListableBeanFactory     : Returning cached instance of singleton bean 'authenticationManager'
2024-07-21T15:50:01.890+02:00 TRACE 248560 --- [crud-springboot] [           main] o.s.b.f.s.DefaultListableBeanFactory     : Returning cached instance of singleton bean 'securityFilterChain'
2024-07-21T15:50:01.890+02:00 TRACE 248560 --- [crud-springboot] [           main] o.s.b.f.s.DefaultListableBeanFactory     : Returning cached instance of singleton bean 'org.springframework.boot.autoconfigure.AutoConfigurationPackages'
2024-07-21T15:50:01.890+02:00 DEBUG 248560 --- [crud-springboot] [           main] o.s.b.f.s.DefaultListableBeanFactory     : Creating shared instance of singleton bean 'org.springframework.boot.autoconfigure.context.PropertyPlaceholderAutoConfiguration'
2024-07-21T15:50:01.890+02:00 TRACE 248560 --- [crud-springboot] [           main] o.s.b.f.s.DefaultListableBeanFactory     : Creating instance of bean 'org.springframework.boot.autoconfigure.context.PropertyPlaceholderAutoConfiguration'
2024-07-21T15:50:01.890+02:00 TRACE 248560 --- [crud-springboot] [           main] o.s.b.f.s.DefaultListableBeanFactory     : Returning cached instance of singleton bean 'org.springframework.transaction.config.internalTransactionAdvisor'
2024-07-21T15:50:01.891+02:00 TRACE 248560 --- [crud-springboot] [           main] o.s.b.f.s.DefaultListableBeanFactory     : Returning cached instance of singleton bean 'org.springframework.transaction.config.internalTransactionAdvisor'
2024-07-21T15:50:01.891+02:00 TRACE 248560 --- [crud-springboot] [           main] o.s.b.f.s.DefaultListableBeanFactory     : Returning cached instance of singleton bean 'org.springframework.transaction.config.internalTransactionAdvisor'
2024-07-21T15:50:01.891+02:00 TRACE 248560 --- [crud-springboot] [           main] o.s.b.f.s.DefaultListableBeanFactory     : Finished creating instance of bean 'org.springframework.boot.autoconfigure.context.PropertyPlaceholderAutoConfiguration'
2024-07-21T15:50:01.891+02:00 TRACE 248560 --- [crud-springboot] [           main] o.s.b.f.s.DefaultListableBeanFactory     : Returning cached instance of singleton bean 'propertySourcesPlaceholderConfigurer'
2024-07-21T15:50:01.891+02:00 DEBUG 248560 --- [crud-springboot] [           main] o.s.b.f.s.DefaultListableBeanFactory     : Creating shared instance of singleton bean 'org.springframework.boot.autoconfigure.ssl.SslAutoConfiguration'
2024-07-21T15:50:01.891+02:00 TRACE 248560 --- [crud-springboot] [           main] o.s.b.f.s.DefaultListableBeanFactory     : Creating instance of bean 'org.springframework.boot.autoconfigure.ssl.SslAutoConfiguration'
2024-07-21T15:50:01.891+02:00 TRACE 248560 --- [crud-springboot] [           main] o.s.b.f.s.DefaultListableBeanFactory     : Returning cached instance of singleton bean 'org.springframework.transaction.config.internalTransactionAdvisor'
2024-07-21T15:50:01.892+02:00 DEBUG 248560 --- [crud-springboot] [           main] o.s.b.f.s.DefaultListableBeanFactory     : Creating shared instance of singleton bean 'spring.ssl-org.springframework.boot.autoconfigure.ssl.SslProperties'
2024-07-21T15:50:01.892+02:00 TRACE 248560 --- [crud-springboot] [           main] o.s.b.f.s.DefaultListableBeanFactory     : Creating instance of bean 'spring.ssl-org.springframework.boot.autoconfigure.ssl.SslProperties'
2024-07-21T15:50:01.892+02:00 TRACE 248560 --- [crud-springboot] [           main] o.s.b.f.s.DefaultListableBeanFactory     : Returning cached instance of singleton bean 'org.springframework.transaction.config.internalTransactionAdvisor'
2024-07-21T15:50:01.894+02:00 TRACE 248560 --- [crud-springboot] [           main] o.s.b.f.s.DefaultListableBeanFactory     : Returning cached instance of singleton bean 'org.springframework.boot.context.properties.BoundConfigurationProperties'
2024-07-21T15:50:01.895+02:00 TRACE 248560 --- [crud-springboot] [           main] o.s.b.f.s.DefaultListableBeanFactory     : Returning cached instance of singleton bean 'org.springframework.transaction.config.internalTransactionAdvisor'
2024-07-21T15:50:01.895+02:00 TRACE 248560 --- [crud-springboot] [           main] o.s.b.f.s.DefaultListableBeanFactory     : Returning cached instance of singleton bean 'org.springframework.transaction.config.internalTransactionAdvisor'
2024-07-21T15:50:01.895+02:00 TRACE 248560 --- [crud-springboot] [           main] o.s.b.f.s.DefaultListableBeanFactory     : Finished creating instance of bean 'spring.ssl-org.springframework.boot.autoconfigure.ssl.SslProperties'
2024-07-21T15:50:01.896+02:00 DEBUG 248560 --- [crud-springboot] [           main] o.s.b.f.s.DefaultListableBeanFactory     : Autowiring by type from bean name 'org.springframework.boot.autoconfigure.ssl.SslAutoConfiguration' via constructor to bean named 'spring.ssl-org.springframework.boot.autoconfigure.ssl.SslProperties'
2024-07-21T15:50:01.896+02:00 TRACE 248560 --- [crud-springboot] [           main] o.s.b.f.s.DefaultListableBeanFactory     : Returning cached instance of singleton bean 'org.springframework.transaction.config.internalTransactionAdvisor'
2024-07-21T15:50:01.896+02:00 TRACE 248560 --- [crud-springboot] [           main] o.s.b.f.s.DefaultListableBeanFactory     : Returning cached instance of singleton bean 'org.springframework.transaction.config.internalTransactionAdvisor'
2024-07-21T15:50:01.897+02:00 TRACE 248560 --- [crud-springboot] [           main] o.s.b.f.s.DefaultListableBeanFactory     : Finished creating instance of bean 'org.springframework.boot.autoconfigure.ssl.SslAutoConfiguration'
2024-07-21T15:50:01.897+02:00 DEBUG 248560 --- [crud-springboot] [           main] o.s.b.f.s.DefaultListableBeanFactory     : Creating shared instance of singleton bean 'fileWatcher'
2024-07-21T15:50:01.897+02:00 TRACE 248560 --- [crud-springboot] [           main] o.s.b.f.s.DefaultListableBeanFactory     : Creating instance of bean 'fileWatcher'
2024-07-21T15:50:01.897+02:00 TRACE 248560 --- [crud-springboot] [           main] o.s.b.f.s.DefaultListableBeanFactory     : Returning cached instance of singleton bean 'org.springframework.transaction.config.internalTransactionAdvisor'
2024-07-21T15:50:01.897+02:00 TRACE 248560 --- [crud-springboot] [           main] o.s.b.f.s.DefaultListableBeanFactory     : Returning cached instance of singleton bean 'org.springframework.boot.autoconfigure.ssl.SslAutoConfiguration'
2024-07-21T15:50:01.899+02:00 TRACE 248560 --- [crud-springboot] [           main] o.s.b.f.s.DefaultListableBeanFactory     : Returning cached instance of singleton bean 'org.springframework.transaction.config.internalTransactionAdvisor'
2024-07-21T15:50:01.899+02:00 TRACE 248560 --- [crud-springboot] [           main] o.s.b.f.s.DefaultListableBeanFactory     : Returning cached instance of singleton bean 'org.springframework.transaction.config.internalTransactionAdvisor'
2024-07-21T15:50:01.900+02:00 TRACE 248560 --- [crud-springboot] [           main] o.s.b.f.s.DefaultListableBeanFactory     : Finished creating instance of bean 'fileWatcher'
2024-07-21T15:50:01.900+02:00 DEBUG 248560 --- [crud-springboot] [           main] o.s.b.f.s.DefaultListableBeanFactory     : Creating shared instance of singleton bean 'sslPropertiesSslBundleRegistrar'
2024-07-21T15:50:01.900+02:00 TRACE 248560 --- [crud-springboot] [           main] o.s.b.f.s.DefaultListableBeanFactory     : Creating instance of bean 'sslPropertiesSslBundleRegistrar'
2024-07-21T15:50:01.900+02:00 TRACE 248560 --- [crud-springboot] [           main] o.s.b.f.s.DefaultListableBeanFactory     : Returning cached instance of singleton bean 'org.springframework.transaction.config.internalTransactionAdvisor'
2024-07-21T15:50:01.900+02:00 TRACE 248560 --- [crud-springboot] [           main] o.s.b.f.s.DefaultListableBeanFactory     : Returning cached instance of singleton bean 'org.springframework.boot.autoconfigure.ssl.SslAutoConfiguration'
2024-07-21T15:50:01.901+02:00 TRACE 248560 --- [crud-springboot] [           main] o.s.b.f.s.DefaultListableBeanFactory     : Returning cached instance of singleton bean 'fileWatcher'
2024-07-21T15:50:01.901+02:00 DEBUG 248560 --- [crud-springboot] [           main] o.s.b.f.s.DefaultListableBeanFactory     : Autowiring by type from bean name 'sslPropertiesSslBundleRegistrar' via factory method to bean named 'fileWatcher'
2024-07-21T15:50:01.903+02:00 TRACE 248560 --- [crud-springboot] [           main] o.s.b.f.s.DefaultListableBeanFactory     : Returning cached instance of singleton bean 'org.springframework.transaction.config.internalTransactionAdvisor'
2024-07-21T15:50:01.903+02:00 TRACE 248560 --- [crud-springboot] [           main] o.s.b.f.s.DefaultListableBeanFactory     : Returning cached instance of singleton bean 'org.springframework.transaction.config.internalTransactionAdvisor'
2024-07-21T15:50:01.904+02:00 TRACE 248560 --- [crud-springboot] [           main] o.s.b.f.s.DefaultListableBeanFactory     : Finished creating instance of bean 'sslPropertiesSslBundleRegistrar'
2024-07-21T15:50:01.904+02:00 DEBUG 248560 --- [crud-springboot] [           main] o.s.b.f.s.DefaultListableBeanFactory     : Creating shared instance of singleton bean 'sslBundleRegistry'
2024-07-21T15:50:01.904+02:00 TRACE 248560 --- [crud-springboot] [           main] o.s.b.f.s.DefaultListableBeanFactory     : Creating instance of bean 'sslBundleRegistry'
2024-07-21T15:50:01.904+02:00 TRACE 248560 --- [crud-springboot] [           main] o.s.b.f.s.DefaultListableBeanFactory     : Returning cached instance of singleton bean 'org.springframework.transaction.config.internalTransactionAdvisor'
2024-07-21T15:50:01.904+02:00 TRACE 248560 --- [crud-springboot] [           main] o.s.b.f.s.DefaultListableBeanFactory     : Returning cached instance of singleton bean 'org.springframework.boot.autoconfigure.ssl.SslAutoConfiguration'
2024-07-21T15:50:01.905+02:00 TRACE 248560 --- [crud-springboot] [           main] o.s.b.f.s.DefaultListableBeanFactory     : Returning cached instance of singleton bean 'sslPropertiesSslBundleRegistrar'
2024-07-21T15:50:01.906+02:00 TRACE 248560 --- [crud-springboot] [           main] o.s.b.f.s.DefaultListableBeanFactory     : Returning cached instance of singleton bean 'sslPropertiesSslBundleRegistrar'
2024-07-21T15:50:01.909+02:00 TRACE 248560 --- [crud-springboot] [           main] o.s.b.f.s.DefaultListableBeanFactory     : Returning cached instance of singleton bean 'org.springframework.transaction.config.internalTransactionAdvisor'
2024-07-21T15:50:01.909+02:00 TRACE 248560 --- [crud-springboot] [           main] o.s.b.f.s.DefaultListableBeanFactory     : Returning cached instance of singleton bean 'org.springframework.transaction.config.internalTransactionAdvisor'
2024-07-21T15:50:01.910+02:00 TRACE 248560 --- [crud-springboot] [           main] o.s.b.f.s.DefaultListableBeanFactory     : Finished creating instance of bean 'sslBundleRegistry'
2024-07-21T15:50:01.910+02:00 TRACE 248560 --- [crud-springboot] [           main] o.s.b.f.s.DefaultListableBeanFactory     : Returning cached instance of singleton bean 'org.springframework.boot.context.properties.ConfigurationPropertiesBindingPostProcessor'
2024-07-21T15:50:01.910+02:00 TRACE 248560 --- [crud-springboot] [           main] o.s.b.f.s.DefaultListableBeanFactory     : Returning cached instance of singleton bean 'org.springframework.boot.context.internalConfigurationPropertiesBinder'
2024-07-21T15:50:01.910+02:00 TRACE 248560 --- [crud-springboot] [           main] o.s.b.f.s.DefaultListableBeanFactory     : Returning cached instance of singleton bean 'org.springframework.boot.context.properties.BoundConfigurationProperties'
2024-07-21T15:50:01.910+02:00 DEBUG 248560 --- [crud-springboot] [           main] o.s.b.f.s.DefaultListableBeanFactory     : Creating shared instance of singleton bean 'org.springframework.boot.context.properties.EnableConfigurationPropertiesRegistrar.methodValidationExcludeFilter'
2024-07-21T15:50:01.910+02:00 TRACE 248560 --- [crud-springboot] [           main] o.s.b.f.s.DefaultListableBeanFactory     : Creating instance of bean 'org.springframework.boot.context.properties.EnableConfigurationPropertiesRegistrar.methodValidationExcludeFilter'
2024-07-21T15:50:01.910+02:00 TRACE 248560 --- [crud-springboot] [           main] o.s.b.f.s.DefaultListableBeanFactory     : Returning cached instance of singleton bean 'org.springframework.transaction.config.internalTransactionAdvisor'
2024-07-21T15:50:01.912+02:00 TRACE 248560 --- [crud-springboot] [           main] o.s.b.f.s.DefaultListableBeanFactory     : Ignoring factory method [public static org.springframework.boot.validation.beanvalidation.MethodValidationExcludeFilter org.springframework.boot.validation.beanvalidation.MethodValidationExcludeFilter.byAnnotation(java.lang.Class,org.springframework.core.annotation.MergedAnnotations$SearchStrategy)] of bean 'org.springframework.boot.context.properties.EnableConfigurationPropertiesRegistrar.methodValidationExcludeFilter': org.springframework.beans.factory.UnsatisfiedDependencyException: Error creating bean with name 'org.springframework.boot.context.properties.EnableConfigurationPropertiesRegistrar.methodValidationExcludeFilter': Unsatisfied dependency expressed through method 'byAnnotation' parameter 1: Ambiguous argument values for parameter of type [org.springframework.core.annotation.MergedAnnotations$SearchStrategy] - did you specify the correct bean references as arguments?
2024-07-21T15:50:01.914+02:00 TRACE 248560 --- [crud-springboot] [           main] o.s.b.f.s.DefaultListableBeanFactory     : Returning cached instance of singleton bean 'org.springframework.transaction.config.internalTransactionAdvisor'
2024-07-21T15:50:01.914+02:00 TRACE 248560 --- [crud-springboot] [           main] o.s.b.f.s.DefaultListableBeanFactory     : Returning cached instance of singleton bean 'org.springframework.transaction.config.internalTransactionAdvisor'
2024-07-21T15:50:01.914+02:00 TRACE 248560 --- [crud-springboot] [           main] o.s.b.f.s.DefaultListableBeanFactory     : Finished creating instance of bean 'org.springframework.boot.context.properties.EnableConfigurationPropertiesRegistrar.methodValidationExcludeFilter'
2024-07-21T15:50:01.914+02:00 TRACE 248560 --- [crud-springboot] [           main] o.s.b.f.s.DefaultListableBeanFactory     : Returning cached instance of singleton bean 'spring.ssl-org.springframework.boot.autoconfigure.ssl.SslProperties'
2024-07-21T15:50:01.914+02:00 DEBUG 248560 --- [crud-springboot] [           main] o.s.b.f.s.DefaultListableBeanFactory     : Creating shared instance of singleton bean 'org.springframework.boot.autoconfigure.websocket.servlet.WebSocketServletAutoConfiguration$TomcatWebSocketConfiguration'
2024-07-21T15:50:01.914+02:00 TRACE 248560 --- [crud-springboot] [           main] o.s.b.f.s.DefaultListableBeanFactory     : Creating instance of bean 'org.springframework.boot.autoconfigure.websocket.servlet.WebSocketServletAutoConfiguration$TomcatWebSocketConfiguration'
2024-07-21T15:50:01.914+02:00 TRACE 248560 --- [crud-springboot] [           main] o.s.b.f.s.DefaultListableBeanFactory     : Returning cached instance of singleton bean 'org.springframework.transaction.config.internalTransactionAdvisor'
2024-07-21T15:50:01.915+02:00 TRACE 248560 --- [crud-springboot] [           main] o.s.b.f.s.DefaultListableBeanFactory     : Returning cached instance of singleton bean 'org.springframework.transaction.config.internalTransactionAdvisor'
2024-07-21T15:50:01.916+02:00 TRACE 248560 --- [crud-springboot] [           main] o.s.b.f.s.DefaultListableBeanFactory     : Returning cached instance of singleton bean 'org.springframework.transaction.config.internalTransactionAdvisor'
2024-07-21T15:50:01.916+02:00 TRACE 248560 --- [crud-springboot] [           main] o.s.b.f.s.DefaultListableBeanFactory     : Finished creating instance of bean 'org.springframework.boot.autoconfigure.websocket.servlet.WebSocketServletAutoConfiguration$TomcatWebSocketConfiguration'
2024-07-21T15:50:01.916+02:00 DEBUG 248560 --- [crud-springboot] [           main] o.s.b.f.s.DefaultListableBeanFactory     : Creating shared instance of singleton bean 'websocketServletWebServerCustomizer'
2024-07-21T15:50:01.916+02:00 TRACE 248560 --- [crud-springboot] [           main] o.s.b.f.s.DefaultListableBeanFactory     : Creating instance of bean 'websocketServletWebServerCustomizer'
2024-07-21T15:50:01.916+02:00 TRACE 248560 --- [crud-springboot] [           main] o.s.b.f.s.DefaultListableBeanFactory     : Returning cached instance of singleton bean 'org.springframework.transaction.config.internalTransactionAdvisor'
2024-07-21T15:50:01.917+02:00 TRACE 248560 --- [crud-springboot] [           main] o.s.b.f.s.DefaultListableBeanFactory     : Returning cached instance of singleton bean 'org.springframework.boot.autoconfigure.websocket.servlet.WebSocketServletAutoConfiguration$TomcatWebSocketConfiguration'
2024-07-21T15:50:01.920+02:00 TRACE 248560 --- [crud-springboot] [           main] o.s.b.f.s.DefaultListableBeanFactory     : Returning cached instance of singleton bean 'org.springframework.transaction.config.internalTransactionAdvisor'
2024-07-21T15:50:01.921+02:00 TRACE 248560 --- [crud-springboot] [           main] o.s.b.f.s.DefaultListableBeanFactory     : Returning cached instance of singleton bean 'org.springframework.transaction.config.internalTransactionAdvisor'
2024-07-21T15:50:01.921+02:00 TRACE 248560 --- [crud-springboot] [           main] o.s.b.f.s.DefaultListableBeanFactory     : Finished creating instance of bean 'websocketServletWebServerCustomizer'
2024-07-21T15:50:01.921+02:00 DEBUG 248560 --- [crud-springboot] [           main] o.s.b.f.s.DefaultListableBeanFactory     : Creating shared instance of singleton bean 'org.springframework.boot.autoconfigure.websocket.servlet.WebSocketServletAutoConfiguration'
2024-07-21T15:50:01.921+02:00 TRACE 248560 --- [crud-springboot] [           main] o.s.b.f.s.DefaultListableBeanFactory     : Creating instance of bean 'org.springframework.boot.autoconfigure.websocket.servlet.WebSocketServletAutoConfiguration'
2024-07-21T15:50:01.921+02:00 TRACE 248560 --- [crud-springboot] [           main] o.s.b.f.s.DefaultListableBeanFactory     : Returning cached instance of singleton bean 'org.springframework.transaction.config.internalTransactionAdvisor'
2024-07-21T15:50:01.922+02:00 TRACE 248560 --- [crud-springboot] [           main] o.s.b.f.s.DefaultListableBeanFactory     : Returning cached instance of singleton bean 'org.springframework.transaction.config.internalTransactionAdvisor'
2024-07-21T15:50:01.922+02:00 TRACE 248560 --- [crud-springboot] [           main] o.s.b.f.s.DefaultListableBeanFactory     : Returning cached instance of singleton bean 'org.springframework.transaction.config.internalTransactionAdvisor'
2024-07-21T15:50:01.922+02:00 TRACE 248560 --- [crud-springboot] [           main] o.s.b.f.s.DefaultListableBeanFactory     : Finished creating instance of bean 'org.springframework.boot.autoconfigure.websocket.servlet.WebSocketServletAutoConfiguration'
2024-07-21T15:50:01.922+02:00 DEBUG 248560 --- [crud-springboot] [           main] o.s.b.f.s.DefaultListableBeanFactory     : Creating shared instance of singleton bean 'org.springframework.boot.autoconfigure.web.servlet.ServletWebServerFactoryConfiguration$EmbeddedTomcat'
2024-07-21T15:50:01.922+02:00 TRACE 248560 --- [crud-springboot] [           main] o.s.b.f.s.DefaultListableBeanFactory     : Creating instance of bean 'org.springframework.boot.autoconfigure.web.servlet.ServletWebServerFactoryConfiguration$EmbeddedTomcat'
2024-07-21T15:50:01.922+02:00 TRACE 248560 --- [crud-springboot] [           main] o.s.b.f.s.DefaultListableBeanFactory     : Returning cached instance of singleton bean 'org.springframework.transaction.config.internalTransactionAdvisor'
2024-07-21T15:50:01.922+02:00 TRACE 248560 --- [crud-springboot] [           main] o.s.b.f.s.DefaultListableBeanFactory     : Returning cached instance of singleton bean 'org.springframework.transaction.config.internalTransactionAdvisor'
2024-07-21T15:50:01.922+02:00 TRACE 248560 --- [crud-springboot] [           main] o.s.b.f.s.DefaultListableBeanFactory     : Returning cached instance of singleton bean 'org.springframework.transaction.config.internalTransactionAdvisor'
2024-07-21T15:50:01.923+02:00 TRACE 248560 --- [crud-springboot] [           main] o.s.b.f.s.DefaultListableBeanFactory     : Finished creating instance of bean 'org.springframework.boot.autoconfigure.web.servlet.ServletWebServerFactoryConfiguration$EmbeddedTomcat'
2024-07-21T15:50:01.923+02:00 DEBUG 248560 --- [crud-springboot] [           main] o.s.b.f.s.DefaultListableBeanFactory     : Creating shared instance of singleton bean 'tomcatServletWebServerFactory'
2024-07-21T15:50:01.923+02:00 TRACE 248560 --- [crud-springboot] [           main] o.s.b.f.s.DefaultListableBeanFactory     : Creating instance of bean 'tomcatServletWebServerFactory'
2024-07-21T15:50:01.923+02:00 TRACE 248560 --- [crud-springboot] [           main] o.s.b.f.s.DefaultListableBeanFactory     : Returning cached instance of singleton bean 'org.springframework.transaction.config.internalTransactionAdvisor'
2024-07-21T15:50:01.923+02:00 TRACE 248560 --- [crud-springboot] [           main] o.s.b.f.s.DefaultListableBeanFactory     : Returning cached instance of singleton bean 'org.springframework.boot.autoconfigure.web.servlet.ServletWebServerFactoryConfiguration$EmbeddedTomcat'
2024-07-21T15:50:01.947+02:00 DEBUG 248560 --- [crud-springboot] [           main] o.a.catalina.core.AprLifecycleListener   : The Apache Tomcat Native library could not be found using names [tcnative-2, libtcnative-2, tcnative-1, libtcnative-1] on the java.library.path [/usr/java/packages/lib:/usr/lib/x86_64-linux-gnu/jni:/lib/x86_64-linux-gnu:/usr/lib/x86_64-linux-gnu:/usr/lib/jni:/lib:/usr/lib]. The errors reported were [Can't load library: /home/damien/crud-springboot-jwt/bin/libtcnative-2.so, Can't load library: /home/damien/crud-springboot-jwt/bin/liblibtcnative-2.so, Can't load library: /home/damien/crud-springboot-jwt/bin/libtcnative-1.so, Can't load library: /home/damien/crud-springboot-jwt/bin/liblibtcnative-1.so, no tcnative-2 in java.library.path: /usr/java/packages/lib:/usr/lib/x86_64-linux-gnu/jni:/lib/x86_64-linux-gnu:/usr/lib/x86_64-linux-gnu:/usr/lib/jni:/lib:/usr/lib, no libtcnative-2 in java.library.path: /usr/java/packages/lib:/usr/lib/x86_64-linux-gnu/jni:/lib/x86_64-linux-gnu:/usr/lib/x86_64-linux-gnu:/usr/lib/jni:/lib:/usr/lib, no tcnative-1 in java.library.path: /usr/java/packages/lib:/usr/lib/x86_64-linux-gnu/jni:/lib/x86_64-linux-gnu:/usr/lib/x86_64-linux-gnu:/usr/lib/jni:/lib:/usr/lib, no libtcnative-1 in java.library.path: /usr/java/packages/lib:/usr/lib/x86_64-linux-gnu/jni:/lib/x86_64-linux-gnu:/usr/lib/x86_64-linux-gnu:/usr/lib/jni:/lib:/usr/lib]

org.apache.tomcat.jni.LibraryNotFoundError: Can't load library: /home/damien/crud-springboot-jwt/bin/libtcnative-2.so, Can't load library: /home/damien/crud-springboot-jwt/bin/liblibtcnative-2.so, Can't load library: /home/damien/crud-springboot-jwt/bin/libtcnative-1.so, Can't load library: /home/damien/crud-springboot-jwt/bin/liblibtcnative-1.so, no tcnative-2 in java.library.path: /usr/java/packages/lib:/usr/lib/x86_64-linux-gnu/jni:/lib/x86_64-linux-gnu:/usr/lib/x86_64-linux-gnu:/usr/lib/jni:/lib:/usr/lib, no libtcnative-2 in java.library.path: /usr/java/packages/lib:/usr/lib/x86_64-linux-gnu/jni:/lib/x86_64-linux-gnu:/usr/lib/x86_64-linux-gnu:/usr/lib/jni:/lib:/usr/lib, no tcnative-1 in java.library.path: /usr/java/packages/lib:/usr/lib/x86_64-linux-gnu/jni:/lib/x86_64-linux-gnu:/usr/lib/x86_64-linux-gnu:/usr/lib/jni:/lib:/usr/lib, no libtcnative-1 in java.library.path: /usr/java/packages/lib:/usr/lib/x86_64-linux-gnu/jni:/lib/x86_64-linux-gnu:/usr/lib/x86_64-linux-gnu:/usr/lib/jni:/lib:/usr/lib
	at org.apache.tomcat.jni.Library.<init>(Library.java:91) ~[tomcat-embed-core-10.1.25.jar:10.1.25]
	at org.apache.tomcat.jni.Library.initialize(Library.java:147) ~[tomcat-embed-core-10.1.25.jar:10.1.25]
	at org.apache.catalina.core.AprLifecycleListener.init(AprLifecycleListener.java:209) ~[tomcat-embed-core-10.1.25.jar:10.1.25]
	at org.apache.catalina.core.AprLifecycleListener.isAprAvailable(AprLifecycleListener.java:113) ~[tomcat-embed-core-10.1.25.jar:10.1.25]
	at org.springframework.boot.web.embedded.tomcat.TomcatServletWebServerFactory.getDefaultServerLifecycleListeners(TomcatServletWebServerFactory.java:189) ~[spring-boot-3.2.7.jar:3.2.7]
	at org.springframework.boot.web.embedded.tomcat.TomcatServletWebServerFactory.<init>(TomcatServletWebServerFactory.java:136) ~[spring-boot-3.2.7.jar:3.2.7]
	at org.springframework.boot.autoconfigure.web.servlet.ServletWebServerFactoryConfiguration$EmbeddedTomcat.tomcatServletWebServerFactory(ServletWebServerFactoryConfiguration.java:73) ~[spring-boot-autoconfigure-3.2.7.jar:3.2.7]
	at java.base/jdk.internal.reflect.NativeMethodAccessorImpl.invoke0(Native Method) ~[na:na]
	at java.base/jdk.internal.reflect.NativeMethodAccessorImpl.invoke(NativeMethodAccessorImpl.java:77) ~[na:na]
	at java.base/jdk.internal.reflect.DelegatingMethodAccessorImpl.invoke(DelegatingMethodAccessorImpl.java:43) ~[na:na]
	at java.base/java.lang.reflect.Method.invoke(Method.java:568) ~[na:na]
	at org.springframework.beans.factory.support.SimpleInstantiationStrategy.instantiate(SimpleInstantiationStrategy.java:140) ~[spring-beans-6.1.10.jar:6.1.10]
	at org.springframework.beans.factory.support.ConstructorResolver.instantiate(ConstructorResolver.java:644) ~[spring-beans-6.1.10.jar:6.1.10]
	at org.springframework.beans.factory.support.ConstructorResolver.instantiateUsingFactoryMethod(ConstructorResolver.java:636) ~[spring-beans-6.1.10.jar:6.1.10]
	at org.springframework.beans.factory.support.AbstractAutowireCapableBeanFactory.instantiateUsingFactoryMethod(AbstractAutowireCapableBeanFactory.java:1337) ~[spring-beans-6.1.10.jar:6.1.10]
	at org.springframework.beans.factory.support.AbstractAutowireCapableBeanFactory.createBeanInstance(AbstractAutowireCapableBeanFactory.java:1167) ~[spring-beans-6.1.10.jar:6.1.10]
	at org.springframework.beans.factory.support.AbstractAutowireCapableBeanFactory.doCreateBean(AbstractAutowireCapableBeanFactory.java:562) ~[spring-beans-6.1.10.jar:6.1.10]
	at org.springframework.beans.factory.support.AbstractAutowireCapableBeanFactory.createBean(AbstractAutowireCapableBeanFactory.java:522) ~[spring-beans-6.1.10.jar:6.1.10]
	at org.springframework.beans.factory.support.AbstractBeanFactory.lambda$doGetBean$0(AbstractBeanFactory.java:337) ~[spring-beans-6.1.10.jar:6.1.10]
	at org.springframework.beans.factory.support.DefaultSingletonBeanRegistry.getSingleton(DefaultSingletonBeanRegistry.java:234) ~[spring-beans-6.1.10.jar:6.1.10]
	at org.springframework.beans.factory.support.AbstractBeanFactory.doGetBean(AbstractBeanFactory.java:335) ~[spring-beans-6.1.10.jar:6.1.10]
	at org.springframework.beans.factory.support.AbstractBeanFactory.getBean(AbstractBeanFactory.java:200) ~[spring-beans-6.1.10.jar:6.1.10]
	at org.springframework.beans.factory.support.DefaultListableBeanFactory.preInstantiateSingletons(DefaultListableBeanFactory.java:975) ~[spring-beans-6.1.10.jar:6.1.10]
	at org.springframework.context.support.AbstractApplicationContext.finishBeanFactoryInitialization(AbstractApplicationContext.java:962) ~[spring-context-6.1.10.jar:6.1.10]
	at org.springframework.context.support.AbstractApplicationContext.refresh(AbstractApplicationContext.java:624) ~[spring-context-6.1.10.jar:6.1.10]
	at org.springframework.boot.SpringApplication.refresh(SpringApplication.java:754) ~[spring-boot-3.2.7.jar:3.2.7]
	at org.springframework.boot.SpringApplication.refreshContext(SpringApplication.java:456) ~[spring-boot-3.2.7.jar:3.2.7]
	at org.springframework.boot.SpringApplication.run(SpringApplication.java:335) ~[spring-boot-3.2.7.jar:3.2.7]
	at org.springframework.boot.test.context.SpringBootContextLoader.lambda$loadContext$3(SpringBootContextLoader.java:137) ~[spring-boot-test-3.2.7.jar:3.2.7]
	at org.springframework.util.function.ThrowingSupplier.get(ThrowingSupplier.java:58) ~[spring-core-6.1.10.jar:6.1.10]
	at org.springframework.util.function.ThrowingSupplier.get(ThrowingSupplier.java:46) ~[spring-core-6.1.10.jar:6.1.10]
	at org.springframework.boot.SpringApplication.withHook(SpringApplication.java:1463) ~[spring-boot-3.2.7.jar:3.2.7]
	at org.springframework.boot.test.context.SpringBootContextLoader$ContextLoaderHook.run(SpringBootContextLoader.java:553) ~[spring-boot-test-3.2.7.jar:3.2.7]
	at org.springframework.boot.test.context.SpringBootContextLoader.loadContext(SpringBootContextLoader.java:137) ~[spring-boot-test-3.2.7.jar:3.2.7]
	at org.springframework.boot.test.context.SpringBootContextLoader.loadContext(SpringBootContextLoader.java:108) ~[spring-boot-test-3.2.7.jar:3.2.7]
	at org.springframework.test.context.cache.DefaultCacheAwareContextLoaderDelegate.loadContextInternal(DefaultCacheAwareContextLoaderDelegate.java:225) ~[spring-test-6.1.10.jar:6.1.10]
	at org.springframework.test.context.cache.DefaultCacheAwareContextLoaderDelegate.loadContext(DefaultCacheAwareContextLoaderDelegate.java:152) ~[spring-test-6.1.10.jar:6.1.10]
	at org.springframework.test.context.support.DefaultTestContext.getApplicationContext(DefaultTestContext.java:130) ~[spring-test-6.1.10.jar:6.1.10]
	at org.springframework.test.context.web.ServletTestExecutionListener.setUpRequestContextIfNecessary(ServletTestExecutionListener.java:191) ~[spring-test-6.1.10.jar:6.1.10]
	at org.springframework.test.context.web.ServletTestExecutionListener.prepareTestInstance(ServletTestExecutionListener.java:130) ~[spring-test-6.1.10.jar:6.1.10]
	at org.springframework.test.context.TestContextManager.prepareTestInstance(TestContextManager.java:260) ~[spring-test-6.1.10.jar:6.1.10]
	at org.springframework.test.context.junit.jupiter.SpringExtension.postProcessTestInstance(SpringExtension.java:163) ~[spring-test-6.1.10.jar:6.1.10]
	at org.junit.jupiter.engine.descriptor.ClassBasedTestDescriptor.lambda$invokeTestInstancePostProcessors$10(ClassBasedTestDescriptor.java:378) ~[junit-jupiter-engine-5.10.2.jar:5.10.2]
	at org.junit.jupiter.engine.descriptor.ClassBasedTestDescriptor.executeAndMaskThrowable(ClassBasedTestDescriptor.java:383) ~[junit-jupiter-engine-5.10.2.jar:5.10.2]
	at org.junit.jupiter.engine.descriptor.ClassBasedTestDescriptor.lambda$invokeTestInstancePostProcessors$11(ClassBasedTestDescriptor.java:378) ~[junit-jupiter-engine-5.10.2.jar:5.10.2]
	at java.base/java.util.stream.ReferencePipeline$3$1.accept(ReferencePipeline.java:197) ~[na:na]
	at java.base/java.util.stream.ReferencePipeline$2$1.accept(ReferencePipeline.java:179) ~[na:na]
	at java.base/java.util.ArrayList$ArrayListSpliterator.forEachRemaining(ArrayList.java:1625) ~[na:na]
	at java.base/java.util.stream.AbstractPipeline.copyInto(AbstractPipeline.java:509) ~[na:na]
	at java.base/java.util.stream.AbstractPipeline.wrapAndCopyInto(AbstractPipeline.java:499) ~[na:na]
	at java.base/java.util.stream.StreamSpliterators$WrappingSpliterator.forEachRemaining(StreamSpliterators.java:310) ~[na:na]
	at java.base/java.util.stream.Streams$ConcatSpliterator.forEachRemaining(Streams.java:735) ~[na:na]
	at java.base/java.util.stream.Streams$ConcatSpliterator.forEachRemaining(Streams.java:734) ~[na:na]
	at java.base/java.util.stream.ReferencePipeline$Head.forEach(ReferencePipeline.java:762) ~[na:na]
	at org.junit.jupiter.engine.descriptor.ClassBasedTestDescriptor.invokeTestInstancePostProcessors(ClassBasedTestDescriptor.java:377) ~[junit-jupiter-engine-5.10.2.jar:5.10.2]
	at org.junit.jupiter.engine.descriptor.ClassBasedTestDescriptor.lambda$instantiateAndPostProcessTestInstance$6(ClassBasedTestDescriptor.java:290) ~[junit-jupiter-engine-5.10.2.jar:5.10.2]
	at org.junit.platform.engine.support.hierarchical.ThrowableCollector.execute(ThrowableCollector.java:73) ~[junit-platform-engine-1.10.2.jar:1.10.2]
	at org.junit.jupiter.engine.descriptor.ClassBasedTestDescriptor.instantiateAndPostProcessTestInstance(ClassBasedTestDescriptor.java:289) ~[junit-jupiter-engine-5.10.2.jar:5.10.2]
	at org.junit.jupiter.engine.descriptor.ClassBasedTestDescriptor.lambda$testInstancesProvider$4(ClassBasedTestDescriptor.java:279) ~[junit-jupiter-engine-5.10.2.jar:5.10.2]
	at java.base/java.util.Optional.orElseGet(Optional.java:364) ~[na:na]
	at org.junit.jupiter.engine.descriptor.ClassBasedTestDescriptor.lambda$testInstancesProvider$5(ClassBasedTestDescriptor.java:278) ~[junit-jupiter-engine-5.10.2.jar:5.10.2]
	at org.junit.jupiter.engine.execution.TestInstancesProvider.getTestInstances(TestInstancesProvider.java:31) ~[junit-jupiter-engine-5.10.2.jar:5.10.2]
	at org.junit.jupiter.engine.descriptor.TestMethodTestDescriptor.lambda$prepare$0(TestMethodTestDescriptor.java:106) ~[junit-jupiter-engine-5.10.2.jar:5.10.2]
	at org.junit.platform.engine.support.hierarchical.ThrowableCollector.execute(ThrowableCollector.java:73) ~[junit-platform-engine-1.10.2.jar:1.10.2]
	at org.junit.jupiter.engine.descriptor.TestMethodTestDescriptor.prepare(TestMethodTestDescriptor.java:105) ~[junit-jupiter-engine-5.10.2.jar:5.10.2]
	at org.junit.jupiter.engine.descriptor.TestMethodTestDescriptor.prepare(TestMethodTestDescriptor.java:69) ~[junit-jupiter-engine-5.10.2.jar:5.10.2]
	at org.junit.platform.engine.support.hierarchical.NodeTestTask.lambda$prepare$2(NodeTestTask.java:123) ~[junit-platform-engine-1.10.2.jar:1.10.2]
	at org.junit.platform.engine.support.hierarchical.ThrowableCollector.execute(ThrowableCollector.java:73) ~[junit-platform-engine-1.10.2.jar:1.10.2]
	at org.junit.platform.engine.support.hierarchical.NodeTestTask.prepare(NodeTestTask.java:123) ~[junit-platform-engine-1.10.2.jar:1.10.2]
	at org.junit.platform.engine.support.hierarchical.NodeTestTask.execute(NodeTestTask.java:90) ~[junit-platform-engine-1.10.2.jar:1.10.2]
	at java.base/java.util.ArrayList.forEach(ArrayList.java:1511) ~[na:na]
	at org.junit.platform.engine.support.hierarchical.SameThreadHierarchicalTestExecutorService.invokeAll(SameThreadHierarchicalTestExecutorService.java:41) ~[junit-platform-engine-1.10.2.jar:1.10.2]
	at org.junit.platform.engine.support.hierarchical.NodeTestTask.lambda$executeRecursively$6(NodeTestTask.java:155) ~[junit-platform-engine-1.10.2.jar:1.10.2]
	at org.junit.platform.engine.support.hierarchical.ThrowableCollector.execute(ThrowableCollector.java:73) ~[junit-platform-engine-1.10.2.jar:1.10.2]
	at org.junit.platform.engine.support.hierarchical.NodeTestTask.lambda$executeRecursively$8(NodeTestTask.java:141) ~[junit-platform-engine-1.10.2.jar:1.10.2]
	at org.junit.platform.engine.support.hierarchical.Node.around(Node.java:137) ~[junit-platform-engine-1.10.2.jar:1.10.2]
	at org.junit.platform.engine.support.hierarchical.NodeTestTask.lambda$executeRecursively$9(NodeTestTask.java:139) ~[junit-platform-engine-1.10.2.jar:1.10.2]
	at org.junit.platform.engine.support.hierarchical.ThrowableCollector.execute(ThrowableCollector.java:73) ~[junit-platform-engine-1.10.2.jar:1.10.2]
	at org.junit.platform.engine.support.hierarchical.NodeTestTask.executeRecursively(NodeTestTask.java:138) ~[junit-platform-engine-1.10.2.jar:1.10.2]
	at org.junit.platform.engine.support.hierarchical.NodeTestTask.execute(NodeTestTask.java:95) ~[junit-platform-engine-1.10.2.jar:1.10.2]
	at java.base/java.util.ArrayList.forEach(ArrayList.java:1511) ~[na:na]
	at org.junit.platform.engine.support.hierarchical.SameThreadHierarchicalTestExecutorService.invokeAll(SameThreadHierarchicalTestExecutorService.java:41) ~[junit-platform-engine-1.10.2.jar:1.10.2]
	at org.junit.platform.engine.support.hierarchical.NodeTestTask.lambda$executeRecursively$6(NodeTestTask.java:155) ~[junit-platform-engine-1.10.2.jar:1.10.2]
	at org.junit.platform.engine.support.hierarchical.ThrowableCollector.execute(ThrowableCollector.java:73) ~[junit-platform-engine-1.10.2.jar:1.10.2]
	at org.junit.platform.engine.support.hierarchical.NodeTestTask.lambda$executeRecursively$8(NodeTestTask.java:141) ~[junit-platform-engine-1.10.2.jar:1.10.2]
	at org.junit.platform.engine.support.hierarchical.Node.around(Node.java:137) ~[junit-platform-engine-1.10.2.jar:1.10.2]
	at org.junit.platform.engine.support.hierarchical.NodeTestTask.lambda$executeRecursively$9(NodeTestTask.java:139) ~[junit-platform-engine-1.10.2.jar:1.10.2]
	at org.junit.platform.engine.support.hierarchical.ThrowableCollector.execute(ThrowableCollector.java:73) ~[junit-platform-engine-1.10.2.jar:1.10.2]
	at org.junit.platform.engine.support.hierarchical.NodeTestTask.executeRecursively(NodeTestTask.java:138) ~[junit-platform-engine-1.10.2.jar:1.10.2]
	at org.junit.platform.engine.support.hierarchical.NodeTestTask.execute(NodeTestTask.java:95) ~[junit-platform-engine-1.10.2.jar:1.10.2]
	at org.junit.platform.engine.support.hierarchical.SameThreadHierarchicalTestExecutorService.submit(SameThreadHierarchicalTestExecutorService.java:35) ~[junit-platform-engine-1.10.2.jar:1.10.2]
	at org.junit.platform.engine.support.hierarchical.HierarchicalTestExecutor.execute(HierarchicalTestExecutor.java:57) ~[junit-platform-engine-1.10.2.jar:1.10.2]
	at org.junit.platform.engine.support.hierarchical.HierarchicalTestEngine.execute(HierarchicalTestEngine.java:54) ~[junit-platform-engine-1.10.2.jar:1.10.2]
	at org.junit.platform.launcher.core.EngineExecutionOrchestrator.execute(EngineExecutionOrchestrator.java:198) ~[junit-platform-launcher-1.10.2.jar:1.10.2]
	at org.junit.platform.launcher.core.EngineExecutionOrchestrator.execute(EngineExecutionOrchestrator.java:169) ~[junit-platform-launcher-1.10.2.jar:1.10.2]
	at org.junit.platform.launcher.core.EngineExecutionOrchestrator.execute(EngineExecutionOrchestrator.java:93) ~[junit-platform-launcher-1.10.2.jar:1.10.2]
	at org.junit.platform.launcher.core.EngineExecutionOrchestrator.lambda$execute$0(EngineExecutionOrchestrator.java:58) ~[junit-platform-launcher-1.10.2.jar:1.10.2]
	at org.junit.platform.launcher.core.EngineExecutionOrchestrator.withInterceptedStreams(EngineExecutionOrchestrator.java:141) ~[junit-platform-launcher-1.10.2.jar:1.10.2]
	at org.junit.platform.launcher.core.EngineExecutionOrchestrator.execute(EngineExecutionOrchestrator.java:57) ~[junit-platform-launcher-1.10.2.jar:1.10.2]
	at org.junit.platform.launcher.core.DefaultLauncher.execute(DefaultLauncher.java:103) ~[junit-platform-launcher-1.10.2.jar:1.10.2]
	at org.junit.platform.launcher.core.DefaultLauncher.execute(DefaultLauncher.java:85) ~[junit-platform-launcher-1.10.2.jar:1.10.2]
	at org.junit.platform.launcher.core.DelegatingLauncher.execute(DelegatingLauncher.java:47) ~[junit-platform-launcher-1.10.2.jar:1.10.2]
	at org.apache.maven.surefire.junitplatform.LazyLauncher.execute(LazyLauncher.java:56) ~[surefire-junit-platform-3.1.2.jar:3.1.2]
	at org.apache.maven.surefire.junitplatform.JUnitPlatformProvider.execute(JUnitPlatformProvider.java:184) ~[surefire-junit-platform-3.1.2.jar:3.1.2]
	at org.apache.maven.surefire.junitplatform.JUnitPlatformProvider.invokeAllTests(JUnitPlatformProvider.java:148) ~[surefire-junit-platform-3.1.2.jar:3.1.2]
	at org.apache.maven.surefire.junitplatform.JUnitPlatformProvider.invoke(JUnitPlatformProvider.java:122) ~[surefire-junit-platform-3.1.2.jar:3.1.2]
	at org.apache.maven.surefire.booter.ForkedBooter.runSuitesInProcess(ForkedBooter.java:385) ~[surefire-booter-3.1.2.jar:3.1.2]
	at org.apache.maven.surefire.booter.ForkedBooter.execute(ForkedBooter.java:162) ~[surefire-booter-3.1.2.jar:3.1.2]
	at org.apache.maven.surefire.booter.ForkedBooter.run(ForkedBooter.java:507) ~[surefire-booter-3.1.2.jar:3.1.2]
	at org.apache.maven.surefire.booter.ForkedBooter.main(ForkedBooter.java:495) ~[surefire-booter-3.1.2.jar:3.1.2]

2024-07-21T15:50:01.980+02:00 TRACE 248560 --- [crud-springboot] [           main] o.s.b.f.s.DefaultListableBeanFactory     : Returning cached instance of singleton bean 'websocketServletWebServerCustomizer'
2024-07-21T15:50:01.980+02:00 DEBUG 248560 --- [crud-springboot] [           main] o.s.b.f.s.DefaultListableBeanFactory     : Creating shared instance of singleton bean 'servletWebServerFactoryCustomizer'
2024-07-21T15:50:01.980+02:00 TRACE 248560 --- [crud-springboot] [           main] o.s.b.f.s.DefaultListableBeanFactory     : Creating instance of bean 'servletWebServerFactoryCustomizer'
2024-07-21T15:50:01.980+02:00 TRACE 248560 --- [crud-springboot] [           main] o.s.b.f.s.DefaultListableBeanFactory     : Returning cached instance of singleton bean 'org.springframework.transaction.config.internalTransactionAdvisor'
2024-07-21T15:50:01.981+02:00 DEBUG 248560 --- [crud-springboot] [           main] o.s.b.f.s.DefaultListableBeanFactory     : Creating shared instance of singleton bean 'org.springframework.boot.autoconfigure.web.servlet.ServletWebServerFactoryAutoConfiguration'
2024-07-21T15:50:01.981+02:00 TRACE 248560 --- [crud-springboot] [           main] o.s.b.f.s.DefaultListableBeanFactory     : Creating instance of bean 'org.springframework.boot.autoconfigure.web.servlet.ServletWebServerFactoryAutoConfiguration'
2024-07-21T15:50:01.981+02:00 TRACE 248560 --- [crud-springboot] [           main] o.s.b.f.s.DefaultListableBeanFactory     : Returning cached instance of singleton bean 'org.springframework.transaction.config.internalTransactionAdvisor'
2024-07-21T15:50:01.982+02:00 TRACE 248560 --- [crud-springboot] [           main] o.s.b.f.s.DefaultListableBeanFactory     : Returning cached instance of singleton bean 'org.springframework.transaction.config.internalTransactionAdvisor'
2024-07-21T15:50:01.982+02:00 TRACE 248560 --- [crud-springboot] [           main] o.s.b.f.s.DefaultListableBeanFactory     : Returning cached instance of singleton bean 'org.springframework.transaction.config.internalTransactionAdvisor'
2024-07-21T15:50:01.983+02:00 TRACE 248560 --- [crud-springboot] [           main] o.s.b.f.s.DefaultListableBeanFactory     : Finished creating instance of bean 'org.springframework.boot.autoconfigure.web.servlet.ServletWebServerFactoryAutoConfiguration'
2024-07-21T15:50:01.985+02:00 DEBUG 248560 --- [crud-springboot] [           main] o.s.b.f.s.DefaultListableBeanFactory     : Creating shared instance of singleton bean 'server-org.springframework.boot.autoconfigure.web.ServerProperties'
2024-07-21T15:50:01.986+02:00 TRACE 248560 --- [crud-springboot] [           main] o.s.b.f.s.DefaultListableBeanFactory     : Creating instance of bean 'server-org.springframework.boot.autoconfigure.web.ServerProperties'
2024-07-21T15:50:01.986+02:00 TRACE 248560 --- [crud-springboot] [           main] o.s.b.f.s.DefaultListableBeanFactory     : Returning cached instance of singleton bean 'org.springframework.transaction.config.internalTransactionAdvisor'
2024-07-21T15:50:01.996+02:00 TRACE 248560 --- [crud-springboot] [           main] o.s.b.f.s.DefaultListableBeanFactory     : Returning cached instance of singleton bean 'org.springframework.boot.context.properties.BoundConfigurationProperties'
2024-07-21T15:50:02.001+02:00 TRACE 248560 --- [crud-springboot] [           main] o.s.b.f.s.DefaultListableBeanFactory     : Returning cached instance of singleton bean 'org.springframework.transaction.config.internalTransactionAdvisor'
2024-07-21T15:50:02.001+02:00 TRACE 248560 --- [crud-springboot] [           main] o.s.b.f.s.DefaultListableBeanFactory     : Returning cached instance of singleton bean 'org.springframework.transaction.config.internalTransactionAdvisor'
2024-07-21T15:50:02.002+02:00 TRACE 248560 --- [crud-springboot] [           main] o.s.b.f.s.DefaultListableBeanFactory     : Finished creating instance of bean 'server-org.springframework.boot.autoconfigure.web.ServerProperties'
2024-07-21T15:50:02.002+02:00 DEBUG 248560 --- [crud-springboot] [           main] o.s.b.f.s.DefaultListableBeanFactory     : Autowiring by type from bean name 'servletWebServerFactoryCustomizer' via factory method to bean named 'server-org.springframework.boot.autoconfigure.web.ServerProperties'
2024-07-21T15:50:02.006+02:00 TRACE 248560 --- [crud-springboot] [           main] o.s.b.f.s.DefaultListableBeanFactory     : Returning cached instance of singleton bean 'sslBundleRegistry'
2024-07-21T15:50:02.007+02:00 TRACE 248560 --- [crud-springboot] [           main] o.s.b.f.s.DefaultListableBeanFactory     : Returning cached instance of singleton bean 'org.springframework.transaction.config.internalTransactionAdvisor'
2024-07-21T15:50:02.007+02:00 TRACE 248560 --- [crud-springboot] [           main] o.s.b.f.s.DefaultListableBeanFactory     : Returning cached instance of singleton bean 'org.springframework.transaction.config.internalTransactionAdvisor'
2024-07-21T15:50:02.007+02:00 TRACE 248560 --- [crud-springboot] [           main] o.s.b.f.s.DefaultListableBeanFactory     : Finished creating instance of bean 'servletWebServerFactoryCustomizer'
2024-07-21T15:50:02.007+02:00 DEBUG 248560 --- [crud-springboot] [           main] o.s.b.f.s.DefaultListableBeanFactory     : Creating shared instance of singleton bean 'tomcatServletWebServerFactoryCustomizer'
2024-07-21T15:50:02.007+02:00 TRACE 248560 --- [crud-springboot] [           main] o.s.b.f.s.DefaultListableBeanFactory     : Creating instance of bean 'tomcatServletWebServerFactoryCustomizer'
2024-07-21T15:50:02.007+02:00 TRACE 248560 --- [crud-springboot] [           main] o.s.b.f.s.DefaultListableBeanFactory     : Returning cached instance of singleton bean 'org.springframework.transaction.config.internalTransactionAdvisor'
2024-07-21T15:50:02.007+02:00 TRACE 248560 --- [crud-springboot] [           main] o.s.b.f.s.DefaultListableBeanFactory     : Returning cached instance of singleton bean 'org.springframework.boot.autoconfigure.web.servlet.ServletWebServerFactoryAutoConfiguration'
2024-07-21T15:50:02.008+02:00 TRACE 248560 --- [crud-springboot] [           main] o.s.b.f.s.DefaultListableBeanFactory     : Returning cached instance of singleton bean 'server-org.springframework.boot.autoconfigure.web.ServerProperties'
2024-07-21T15:50:02.008+02:00 DEBUG 248560 --- [crud-springboot] [           main] o.s.b.f.s.DefaultListableBeanFactory     : Autowiring by type from bean name 'tomcatServletWebServerFactoryCustomizer' via factory method to bean named 'server-org.springframework.boot.autoconfigure.web.ServerProperties'
2024-07-21T15:50:02.008+02:00 TRACE 248560 --- [crud-springboot] [           main] o.s.b.f.s.DefaultListableBeanFactory     : Returning cached instance of singleton bean 'org.springframework.transaction.config.internalTransactionAdvisor'
2024-07-21T15:50:02.008+02:00 TRACE 248560 --- [crud-springboot] [           main] o.s.b.f.s.DefaultListableBeanFactory     : Returning cached instance of singleton bean 'org.springframework.transaction.config.internalTransactionAdvisor'
2024-07-21T15:50:02.009+02:00 TRACE 248560 --- [crud-springboot] [           main] o.s.b.f.s.DefaultListableBeanFactory     : Finished creating instance of bean 'tomcatServletWebServerFactoryCustomizer'
2024-07-21T15:50:02.009+02:00 DEBUG 248560 --- [crud-springboot] [           main] o.s.b.f.s.DefaultListableBeanFactory     : Creating shared instance of singleton bean 'localeCharsetMappingsCustomizer'
2024-07-21T15:50:02.009+02:00 TRACE 248560 --- [crud-springboot] [           main] o.s.b.f.s.DefaultListableBeanFactory     : Creating instance of bean 'localeCharsetMappingsCustomizer'
2024-07-21T15:50:02.009+02:00 TRACE 248560 --- [crud-springboot] [           main] o.s.b.f.s.DefaultListableBeanFactory     : Returning cached instance of singleton bean 'org.springframework.transaction.config.internalTransactionAdvisor'
2024-07-21T15:50:02.009+02:00 DEBUG 248560 --- [crud-springboot] [           main] o.s.b.f.s.DefaultListableBeanFactory     : Creating shared instance of singleton bean 'org.springframework.boot.autoconfigure.web.servlet.HttpEncodingAutoConfiguration'
2024-07-21T15:50:02.009+02:00 TRACE 248560 --- [crud-springboot] [           main] o.s.b.f.s.DefaultListableBeanFactory     : Creating instance of bean 'org.springframework.boot.autoconfigure.web.servlet.HttpEncodingAutoConfiguration'
2024-07-21T15:50:02.009+02:00 TRACE 248560 --- [crud-springboot] [           main] o.s.b.f.s.DefaultListableBeanFactory     : Returning cached instance of singleton bean 'org.springframework.transaction.config.internalTransactionAdvisor'
2024-07-21T15:50:02.009+02:00 TRACE 248560 --- [crud-springboot] [           main] o.s.b.f.s.DefaultListableBeanFactory     : Returning cached instance of singleton bean 'server-org.springframework.boot.autoconfigure.web.ServerProperties'
2024-07-21T15:50:02.010+02:00 DEBUG 248560 --- [crud-springboot] [           main] o.s.b.f.s.DefaultListableBeanFactory     : Autowiring by type from bean name 'org.springframework.boot.autoconfigure.web.servlet.HttpEncodingAutoConfiguration' via constructor to bean named 'server-org.springframework.boot.autoconfigure.web.ServerProperties'
2024-07-21T15:50:02.010+02:00 TRACE 248560 --- [crud-springboot] [           main] o.s.b.f.s.DefaultListableBeanFactory     : Returning cached instance of singleton bean 'org.springframework.transaction.config.internalTransactionAdvisor'
2024-07-21T15:50:02.010+02:00 TRACE 248560 --- [crud-springboot] [           main] o.s.b.f.s.DefaultListableBeanFactory     : Returning cached instance of singleton bean 'org.springframework.transaction.config.internalTransactionAdvisor'
2024-07-21T15:50:02.011+02:00 TRACE 248560 --- [crud-springboot] [           main] o.s.b.f.s.DefaultListableBeanFactory     : Finished creating instance of bean 'org.springframework.boot.autoconfigure.web.servlet.HttpEncodingAutoConfiguration'
2024-07-21T15:50:02.011+02:00 TRACE 248560 --- [crud-springboot] [           main] o.s.b.f.s.DefaultListableBeanFactory     : Returning cached instance of singleton bean 'org.springframework.transaction.config.internalTransactionAdvisor'
2024-07-21T15:50:02.011+02:00 TRACE 248560 --- [crud-springboot] [           main] o.s.b.f.s.DefaultListableBeanFactory     : Returning cached instance of singleton bean 'org.springframework.transaction.config.internalTransactionAdvisor'
2024-07-21T15:50:02.012+02:00 TRACE 248560 --- [crud-springboot] [           main] o.s.b.f.s.DefaultListableBeanFactory     : Finished creating instance of bean 'localeCharsetMappingsCustomizer'
2024-07-21T15:50:02.035+02:00 DEBUG 248560 --- [crud-springboot] [           main] o.s.b.f.s.DefaultListableBeanFactory     : Creating shared instance of singleton bean 'errorPageCustomizer'
2024-07-21T15:50:02.035+02:00 TRACE 248560 --- [crud-springboot] [           main] o.s.b.f.s.DefaultListableBeanFactory     : Creating instance of bean 'errorPageCustomizer'
2024-07-21T15:50:02.036+02:00 TRACE 248560 --- [crud-springboot] [           main] o.s.b.f.s.DefaultListableBeanFactory     : Returning cached instance of singleton bean 'org.springframework.transaction.config.internalTransactionAdvisor'
2024-07-21T15:50:02.036+02:00 DEBUG 248560 --- [crud-springboot] [           main] o.s.b.f.s.DefaultListableBeanFactory     : Creating shared instance of singleton bean 'org.springframework.boot.autoconfigure.web.servlet.error.ErrorMvcAutoConfiguration'
2024-07-21T15:50:02.036+02:00 TRACE 248560 --- [crud-springboot] [           main] o.s.b.f.s.DefaultListableBeanFactory     : Creating instance of bean 'org.springframework.boot.autoconfigure.web.servlet.error.ErrorMvcAutoConfiguration'
2024-07-21T15:50:02.037+02:00 TRACE 248560 --- [crud-springboot] [           main] o.s.b.f.s.DefaultListableBeanFactory     : Returning cached instance of singleton bean 'org.springframework.transaction.config.internalTransactionAdvisor'
2024-07-21T15:50:02.038+02:00 TRACE 248560 --- [crud-springboot] [           main] o.s.b.f.s.DefaultListableBeanFactory     : Returning cached instance of singleton bean 'server-org.springframework.boot.autoconfigure.web.ServerProperties'
2024-07-21T15:50:02.038+02:00 DEBUG 248560 --- [crud-springboot] [           main] o.s.b.f.s.DefaultListableBeanFactory     : Autowiring by type from bean name 'org.springframework.boot.autoconfigure.web.servlet.error.ErrorMvcAutoConfiguration' via constructor to bean named 'server-org.springframework.boot.autoconfigure.web.ServerProperties'
2024-07-21T15:50:02.039+02:00 TRACE 248560 --- [crud-springboot] [           main] o.s.b.f.s.DefaultListableBeanFactory     : Returning cached instance of singleton bean 'org.springframework.transaction.config.internalTransactionAdvisor'
2024-07-21T15:50:02.039+02:00 TRACE 248560 --- [crud-springboot] [           main] o.s.b.f.s.DefaultListableBeanFactory     : Returning cached instance of singleton bean 'org.springframework.transaction.config.internalTransactionAdvisor'
2024-07-21T15:50:02.039+02:00 TRACE 248560 --- [crud-springboot] [           main] o.s.b.f.s.DefaultListableBeanFactory     : Finished creating instance of bean 'org.springframework.boot.autoconfigure.web.servlet.error.ErrorMvcAutoConfiguration'
2024-07-21T15:50:02.040+02:00 DEBUG 248560 --- [crud-springboot] [           main] o.s.b.f.s.DefaultListableBeanFactory     : Creating shared instance of singleton bean 'dispatcherServletRegistration'
2024-07-21T15:50:02.040+02:00 TRACE 248560 --- [crud-springboot] [           main] o.s.b.f.s.DefaultListableBeanFactory     : Creating instance of bean 'dispatcherServletRegistration'
2024-07-21T15:50:02.040+02:00 TRACE 248560 --- [crud-springboot] [           main] o.s.b.f.s.DefaultListableBeanFactory     : Returning cached instance of singleton bean 'org.springframework.transaction.config.internalTransactionAdvisor'
2024-07-21T15:50:02.040+02:00 DEBUG 248560 --- [crud-springboot] [           main] o.s.b.f.s.DefaultListableBeanFactory     : Creating shared instance of singleton bean 'org.springframework.boot.autoconfigure.web.servlet.DispatcherServletAutoConfiguration$DispatcherServletRegistrationConfiguration'
2024-07-21T15:50:02.040+02:00 TRACE 248560 --- [crud-springboot] [           main] o.s.b.f.s.DefaultListableBeanFactory     : Creating instance of bean 'org.springframework.boot.autoconfigure.web.servlet.DispatcherServletAutoConfiguration$DispatcherServletRegistrationConfiguration'
2024-07-21T15:50:02.040+02:00 TRACE 248560 --- [crud-springboot] [           main] o.s.b.f.s.DefaultListableBeanFactory     : Returning cached instance of singleton bean 'org.springframework.transaction.config.internalTransactionAdvisor'
2024-07-21T15:50:02.040+02:00 TRACE 248560 --- [crud-springboot] [           main] o.s.b.f.s.DefaultListableBeanFactory     : Returning cached instance of singleton bean 'org.springframework.transaction.config.internalTransactionAdvisor'
2024-07-21T15:50:02.040+02:00 TRACE 248560 --- [crud-springboot] [           main] o.s.b.f.s.DefaultListableBeanFactory     : Returning cached instance of singleton bean 'org.springframework.transaction.config.internalTransactionAdvisor'
2024-07-21T15:50:02.040+02:00 TRACE 248560 --- [crud-springboot] [           main] o.s.b.f.s.DefaultListableBeanFactory     : Finished creating instance of bean 'org.springframework.boot.autoconfigure.web.servlet.DispatcherServletAutoConfiguration$DispatcherServletRegistrationConfiguration'
2024-07-21T15:50:02.042+02:00 DEBUG 248560 --- [crud-springboot] [           main] o.s.b.f.s.DefaultListableBeanFactory     : Creating shared instance of singleton bean 'dispatcherServlet'
2024-07-21T15:50:02.042+02:00 TRACE 248560 --- [crud-springboot] [           main] o.s.b.f.s.DefaultListableBeanFactory     : Creating instance of bean 'dispatcherServlet'
2024-07-21T15:50:02.042+02:00 TRACE 248560 --- [crud-springboot] [           main] o.s.b.f.s.DefaultListableBeanFactory     : Returning cached instance of singleton bean 'org.springframework.transaction.config.internalTransactionAdvisor'
2024-07-21T15:50:02.042+02:00 DEBUG 248560 --- [crud-springboot] [           main] o.s.b.f.s.DefaultListableBeanFactory     : Creating shared instance of singleton bean 'org.springframework.boot.autoconfigure.web.servlet.DispatcherServletAutoConfiguration$DispatcherServletConfiguration'
2024-07-21T15:50:02.042+02:00 TRACE 248560 --- [crud-springboot] [           main] o.s.b.f.s.DefaultListableBeanFactory     : Creating instance of bean 'org.springframework.boot.autoconfigure.web.servlet.DispatcherServletAutoConfiguration$DispatcherServletConfiguration'
2024-07-21T15:50:02.042+02:00 TRACE 248560 --- [crud-springboot] [           main] o.s.b.f.s.DefaultListableBeanFactory     : Returning cached instance of singleton bean 'org.springframework.transaction.config.internalTransactionAdvisor'
2024-07-21T15:50:02.043+02:00 TRACE 248560 --- [crud-springboot] [           main] o.s.b.f.s.DefaultListableBeanFactory     : Returning cached instance of singleton bean 'org.springframework.transaction.config.internalTransactionAdvisor'
2024-07-21T15:50:02.043+02:00 TRACE 248560 --- [crud-springboot] [           main] o.s.b.f.s.DefaultListableBeanFactory     : Returning cached instance of singleton bean 'org.springframework.transaction.config.internalTransactionAdvisor'
2024-07-21T15:50:02.043+02:00 TRACE 248560 --- [crud-springboot] [           main] o.s.b.f.s.DefaultListableBeanFactory     : Finished creating instance of bean 'org.springframework.boot.autoconfigure.web.servlet.DispatcherServletAutoConfiguration$DispatcherServletConfiguration'
2024-07-21T15:50:02.044+02:00 TRACE 248560 --- [crud-springboot] [           main] o.s.b.f.s.DefaultListableBeanFactory     : Returning cached instance of singleton bean 'spring.mvc-org.springframework.boot.autoconfigure.web.servlet.WebMvcProperties'
2024-07-21T15:50:02.044+02:00 DEBUG 248560 --- [crud-springboot] [           main] o.s.b.f.s.DefaultListableBeanFactory     : Autowiring by type from bean name 'dispatcherServlet' via factory method to bean named 'spring.mvc-org.springframework.boot.autoconfigure.web.servlet.WebMvcProperties'
2024-07-21T15:50:02.057+02:00 TRACE 248560 --- [crud-springboot] [           main] o.s.b.f.s.DefaultListableBeanFactory     : Returning cached instance of singleton bean 'org.springframework.transaction.config.internalTransactionAdvisor'
2024-07-21T15:50:02.057+02:00 TRACE 248560 --- [crud-springboot] [           main] o.s.b.f.s.DefaultListableBeanFactory     : Returning cached instance of singleton bean 'org.springframework.transaction.config.internalTransactionAdvisor'
2024-07-21T15:50:02.064+02:00 TRACE 248560 --- [crud-springboot] [           main] o.s.b.f.s.DefaultListableBeanFactory     : Finished creating instance of bean 'dispatcherServlet'
2024-07-21T15:50:02.068+02:00 TRACE 248560 --- [crud-springboot] [           main] o.s.b.f.s.DefaultListableBeanFactory     : Returning cached instance of singleton bean 'spring.mvc-org.springframework.boot.autoconfigure.web.servlet.WebMvcProperties'
2024-07-21T15:50:02.068+02:00 DEBUG 248560 --- [crud-springboot] [           main] o.s.b.f.s.DefaultListableBeanFactory     : Autowiring by type from bean name 'dispatcherServletRegistration' via factory method to bean named 'dispatcherServlet'
2024-07-21T15:50:02.068+02:00 DEBUG 248560 --- [crud-springboot] [           main] o.s.b.f.s.DefaultListableBeanFactory     : Autowiring by type from bean name 'dispatcherServletRegistration' via factory method to bean named 'spring.mvc-org.springframework.boot.autoconfigure.web.servlet.WebMvcProperties'
2024-07-21T15:50:02.070+02:00 DEBUG 248560 --- [crud-springboot] [           main] o.s.b.f.s.DefaultListableBeanFactory     : Creating shared instance of singleton bean 'multipartConfigElement'
2024-07-21T15:50:02.071+02:00 TRACE 248560 --- [crud-springboot] [           main] o.s.b.f.s.DefaultListableBeanFactory     : Creating instance of bean 'multipartConfigElement'
2024-07-21T15:50:02.071+02:00 TRACE 248560 --- [crud-springboot] [           main] o.s.b.f.s.DefaultListableBeanFactory     : Returning cached instance of singleton bean 'org.springframework.transaction.config.internalTransactionAdvisor'
2024-07-21T15:50:02.071+02:00 DEBUG 248560 --- [crud-springboot] [           main] o.s.b.f.s.DefaultListableBeanFactory     : Creating shared instance of singleton bean 'org.springframework.boot.autoconfigure.web.servlet.MultipartAutoConfiguration'
2024-07-21T15:50:02.071+02:00 TRACE 248560 --- [crud-springboot] [           main] o.s.b.f.s.DefaultListableBeanFactory     : Creating instance of bean 'org.springframework.boot.autoconfigure.web.servlet.MultipartAutoConfiguration'
2024-07-21T15:50:02.071+02:00 TRACE 248560 --- [crud-springboot] [           main] o.s.b.f.s.DefaultListableBeanFactory     : Returning cached instance of singleton bean 'org.springframework.transaction.config.internalTransactionAdvisor'
2024-07-21T15:50:02.072+02:00 DEBUG 248560 --- [crud-springboot] [           main] o.s.b.f.s.DefaultListableBeanFactory     : Creating shared instance of singleton bean 'spring.servlet.multipart-org.springframework.boot.autoconfigure.web.servlet.MultipartProperties'
2024-07-21T15:50:02.072+02:00 TRACE 248560 --- [crud-springboot] [           main] o.s.b.f.s.DefaultListableBeanFactory     : Creating instance of bean 'spring.servlet.multipart-org.springframework.boot.autoconfigure.web.servlet.MultipartProperties'
2024-07-21T15:50:02.072+02:00 TRACE 248560 --- [crud-springboot] [           main] o.s.b.f.s.DefaultListableBeanFactory     : Returning cached instance of singleton bean 'org.springframework.transaction.config.internalTransactionAdvisor'
2024-07-21T15:50:02.073+02:00 TRACE 248560 --- [crud-springboot] [           main] o.s.b.f.s.DefaultListableBeanFactory     : Returning cached instance of singleton bean 'org.springframework.boot.context.properties.BoundConfigurationProperties'
2024-07-21T15:50:02.088+02:00 TRACE 248560 --- [crud-springboot] [           main] o.s.b.f.s.DefaultListableBeanFactory     : Returning cached instance of singleton bean 'org.springframework.transaction.config.internalTransactionAdvisor'
2024-07-21T15:50:02.088+02:00 TRACE 248560 --- [crud-springboot] [           main] o.s.b.f.s.DefaultListableBeanFactory     : Returning cached instance of singleton bean 'org.springframework.transaction.config.internalTransactionAdvisor'
2024-07-21T15:50:02.088+02:00 TRACE 248560 --- [crud-springboot] [           main] o.s.b.f.s.DefaultListableBeanFactory     : Finished creating instance of bean 'spring.servlet.multipart-org.springframework.boot.autoconfigure.web.servlet.MultipartProperties'
2024-07-21T15:50:02.088+02:00 DEBUG 248560 --- [crud-springboot] [           main] o.s.b.f.s.DefaultListableBeanFactory     : Autowiring by type from bean name 'org.springframework.boot.autoconfigure.web.servlet.MultipartAutoConfiguration' via constructor to bean named 'spring.servlet.multipart-org.springframework.boot.autoconfigure.web.servlet.MultipartProperties'
2024-07-21T15:50:02.089+02:00 TRACE 248560 --- [crud-springboot] [           main] o.s.b.f.s.DefaultListableBeanFactory     : Returning cached instance of singleton bean 'org.springframework.transaction.config.internalTransactionAdvisor'
2024-07-21T15:50:02.089+02:00 TRACE 248560 --- [crud-springboot] [           main] o.s.b.f.s.DefaultListableBeanFactory     : Returning cached instance of singleton bean 'org.springframework.transaction.config.internalTransactionAdvisor'
2024-07-21T15:50:02.089+02:00 TRACE 248560 --- [crud-springboot] [           main] o.s.b.f.s.DefaultListableBeanFactory     : Finished creating instance of bean 'org.springframework.boot.autoconfigure.web.servlet.MultipartAutoConfiguration'
2024-07-21T15:50:02.091+02:00 TRACE 248560 --- [crud-springboot] [           main] o.s.b.f.s.DefaultListableBeanFactory     : Returning cached instance of singleton bean 'org.springframework.transaction.config.internalTransactionAdvisor'
2024-07-21T15:50:02.091+02:00 TRACE 248560 --- [crud-springboot] [           main] o.s.b.f.s.DefaultListableBeanFactory     : Returning cached instance of singleton bean 'org.springframework.transaction.config.internalTransactionAdvisor'
2024-07-21T15:50:02.092+02:00 TRACE 248560 --- [crud-springboot] [           main] o.s.b.f.s.DefaultListableBeanFactory     : Finished creating instance of bean 'multipartConfigElement'
2024-07-21T15:50:02.093+02:00 TRACE 248560 --- [crud-springboot] [           main] o.s.b.f.s.DefaultListableBeanFactory     : Returning cached instance of singleton bean 'org.springframework.transaction.config.internalTransactionAdvisor'
2024-07-21T15:50:02.093+02:00 TRACE 248560 --- [crud-springboot] [           main] o.s.b.f.s.DefaultListableBeanFactory     : Returning cached instance of singleton bean 'org.springframework.transaction.config.internalTransactionAdvisor'
2024-07-21T15:50:02.095+02:00 TRACE 248560 --- [crud-springboot] [           main] o.s.b.f.s.DefaultListableBeanFactory     : Finished creating instance of bean 'dispatcherServletRegistration'
2024-07-21T15:50:02.099+02:00 DEBUG 248560 --- [crud-springboot] [           main] o.s.b.f.s.DefaultListableBeanFactory     : Autowiring by type from bean name 'errorPageCustomizer' via factory method to bean named 'dispatcherServletRegistration'
2024-07-21T15:50:02.107+02:00 TRACE 248560 --- [crud-springboot] [           main] o.s.b.f.s.DefaultListableBeanFactory     : Returning cached instance of singleton bean 'org.springframework.transaction.config.internalTransactionAdvisor'
2024-07-21T15:50:02.107+02:00 TRACE 248560 --- [crud-springboot] [           main] o.s.b.f.s.DefaultListableBeanFactory     : Returning cached instance of singleton bean 'org.springframework.transaction.config.internalTransactionAdvisor'
2024-07-21T15:50:02.107+02:00 TRACE 248560 --- [crud-springboot] [           main] o.s.b.f.s.DefaultListableBeanFactory     : Finished creating instance of bean 'errorPageCustomizer'
2024-07-21T15:50:02.108+02:00 TRACE 248560 --- [crud-springboot] [           main] o.s.b.f.s.DefaultListableBeanFactory     : Returning cached instance of singleton bean 'org.springframework.transaction.config.internalTransactionAdvisor'
2024-07-21T15:50:02.108+02:00 TRACE 248560 --- [crud-springboot] [           main] o.s.b.f.s.DefaultListableBeanFactory     : Returning cached instance of singleton bean 'org.springframework.transaction.config.internalTransactionAdvisor'
2024-07-21T15:50:02.111+02:00 TRACE 248560 --- [crud-springboot] [           main] o.s.b.f.s.DefaultListableBeanFactory     : Finished creating instance of bean 'tomcatServletWebServerFactory'
2024-07-21T15:50:02.111+02:00 TRACE 248560 --- [crud-springboot] [           main] o.s.b.f.s.DefaultListableBeanFactory     : Returning cached instance of singleton bean 'org.springframework.boot.autoconfigure.web.servlet.ServletWebServerFactoryAutoConfiguration'
2024-07-21T15:50:02.111+02:00 TRACE 248560 --- [crud-springboot] [           main] o.s.b.f.s.DefaultListableBeanFactory     : Returning cached instance of singleton bean 'servletWebServerFactoryCustomizer'
2024-07-21T15:50:02.111+02:00 TRACE 248560 --- [crud-springboot] [           main] o.s.b.f.s.DefaultListableBeanFactory     : Returning cached instance of singleton bean 'tomcatServletWebServerFactoryCustomizer'
2024-07-21T15:50:02.111+02:00 TRACE 248560 --- [crud-springboot] [           main] o.s.b.f.s.DefaultListableBeanFactory     : Returning cached instance of singleton bean 'server-org.springframework.boot.autoconfigure.web.ServerProperties'
2024-07-21T15:50:02.111+02:00 TRACE 248560 --- [crud-springboot] [           main] o.s.b.f.s.DefaultListableBeanFactory     : Returning cached instance of singleton bean 'webServerFactoryCustomizerBeanPostProcessor'
2024-07-21T15:50:02.111+02:00 TRACE 248560 --- [crud-springboot] [           main] o.s.b.f.s.DefaultListableBeanFactory     : Returning cached instance of singleton bean 'errorPageRegistrarBeanPostProcessor'
2024-07-21T15:50:02.111+02:00 TRACE 248560 --- [crud-springboot] [           main] o.s.b.f.s.DefaultListableBeanFactory     : Returning cached instance of singleton bean 'org.springframework.boot.autoconfigure.web.servlet.DispatcherServletAutoConfiguration$DispatcherServletConfiguration'
2024-07-21T15:50:02.111+02:00 TRACE 248560 --- [crud-springboot] [           main] o.s.b.f.s.DefaultListableBeanFactory     : Returning cached instance of singleton bean 'dispatcherServlet'
2024-07-21T15:50:02.111+02:00 TRACE 248560 --- [crud-springboot] [           main] o.s.b.f.s.DefaultListableBeanFactory     : Returning cached instance of singleton bean 'spring.mvc-org.springframework.boot.autoconfigure.web.servlet.WebMvcProperties'
2024-07-21T15:50:02.111+02:00 TRACE 248560 --- [crud-springboot] [           main] o.s.b.f.s.DefaultListableBeanFactory     : Returning cached instance of singleton bean 'org.springframework.boot.autoconfigure.web.servlet.DispatcherServletAutoConfiguration$DispatcherServletRegistrationConfiguration'
2024-07-21T15:50:02.111+02:00 TRACE 248560 --- [crud-springboot] [           main] o.s.b.f.s.DefaultListableBeanFactory     : Returning cached instance of singleton bean 'dispatcherServletRegistration'
2024-07-21T15:50:02.111+02:00 DEBUG 248560 --- [crud-springboot] [           main] o.s.b.f.s.DefaultListableBeanFactory     : Creating shared instance of singleton bean 'org.springframework.boot.autoconfigure.web.servlet.DispatcherServletAutoConfiguration'
2024-07-21T15:50:02.111+02:00 TRACE 248560 --- [crud-springboot] [           main] o.s.b.f.s.DefaultListableBeanFactory     : Creating instance of bean 'org.springframework.boot.autoconfigure.web.servlet.DispatcherServletAutoConfiguration'
2024-07-21T15:50:02.111+02:00 TRACE 248560 --- [crud-springboot] [           main] o.s.b.f.s.DefaultListableBeanFactory     : Returning cached instance of singleton bean 'org.springframework.transaction.config.internalTransactionAdvisor'
2024-07-21T15:50:02.112+02:00 TRACE 248560 --- [crud-springboot] [           main] o.s.b.f.s.DefaultListableBeanFactory     : Returning cached instance of singleton bean 'org.springframework.transaction.config.internalTransactionAdvisor'
2024-07-21T15:50:02.112+02:00 TRACE 248560 --- [crud-springboot] [           main] o.s.b.f.s.DefaultListableBeanFactory     : Returning cached instance of singleton bean 'org.springframework.transaction.config.internalTransactionAdvisor'
2024-07-21T15:50:02.112+02:00 TRACE 248560 --- [crud-springboot] [           main] o.s.b.f.s.DefaultListableBeanFactory     : Finished creating instance of bean 'org.springframework.boot.autoconfigure.web.servlet.DispatcherServletAutoConfiguration'
2024-07-21T15:50:02.112+02:00 DEBUG 248560 --- [crud-springboot] [           main] o.s.b.f.s.DefaultListableBeanFactory     : Creating shared instance of singleton bean 'org.springframework.boot.autoconfigure.task.TaskExecutorConfigurations$ThreadPoolTaskExecutorBuilderConfiguration'
2024-07-21T15:50:02.112+02:00 TRACE 248560 --- [crud-springboot] [           main] o.s.b.f.s.DefaultListableBeanFactory     : Creating instance of bean 'org.springframework.boot.autoconfigure.task.TaskExecutorConfigurations$ThreadPoolTaskExecutorBuilderConfiguration'
2024-07-21T15:50:02.112+02:00 TRACE 248560 --- [crud-springboot] [           main] o.s.b.f.s.DefaultListableBeanFactory     : Returning cached instance of singleton bean 'org.springframework.transaction.config.internalTransactionAdvisor'
2024-07-21T15:50:02.112+02:00 TRACE 248560 --- [crud-springboot] [           main] o.s.b.f.s.DefaultListableBeanFactory     : Returning cached instance of singleton bean 'org.springframework.transaction.config.internalTransactionAdvisor'
2024-07-21T15:50:02.112+02:00 TRACE 248560 --- [crud-springboot] [           main] o.s.b.f.s.DefaultListableBeanFactory     : Returning cached instance of singleton bean 'org.springframework.transaction.config.internalTransactionAdvisor'
2024-07-21T15:50:02.112+02:00 TRACE 248560 --- [crud-springboot] [           main] o.s.b.f.s.DefaultListableBeanFactory     : Finished creating instance of bean 'org.springframework.boot.autoconfigure.task.TaskExecutorConfigurations$ThreadPoolTaskExecutorBuilderConfiguration'
2024-07-21T15:50:02.112+02:00 DEBUG 248560 --- [crud-springboot] [           main] o.s.b.f.s.DefaultListableBeanFactory     : Creating shared instance of singleton bean 'threadPoolTaskExecutorBuilder'
2024-07-21T15:50:02.112+02:00 TRACE 248560 --- [crud-springboot] [           main] o.s.b.f.s.DefaultListableBeanFactory     : Creating instance of bean 'threadPoolTaskExecutorBuilder'
2024-07-21T15:50:02.113+02:00 TRACE 248560 --- [crud-springboot] [           main] o.s.b.f.s.DefaultListableBeanFactory     : Returning cached instance of singleton bean 'org.springframework.transaction.config.internalTransactionAdvisor'
2024-07-21T15:50:02.113+02:00 TRACE 248560 --- [crud-springboot] [           main] o.s.b.f.s.DefaultListableBeanFactory     : Returning cached instance of singleton bean 'org.springframework.boot.autoconfigure.task.TaskExecutorConfigurations$ThreadPoolTaskExecutorBuilderConfiguration'
2024-07-21T15:50:02.114+02:00 DEBUG 248560 --- [crud-springboot] [           main] o.s.b.f.s.DefaultListableBeanFactory     : Creating shared instance of singleton bean 'spring.task.execution-org.springframework.boot.autoconfigure.task.TaskExecutionProperties'
2024-07-21T15:50:02.114+02:00 TRACE 248560 --- [crud-springboot] [           main] o.s.b.f.s.DefaultListableBeanFactory     : Creating instance of bean 'spring.task.execution-org.springframework.boot.autoconfigure.task.TaskExecutionProperties'
2024-07-21T15:50:02.114+02:00 TRACE 248560 --- [crud-springboot] [           main] o.s.b.f.s.DefaultListableBeanFactory     : Returning cached instance of singleton bean 'org.springframework.transaction.config.internalTransactionAdvisor'
2024-07-21T15:50:02.115+02:00 TRACE 248560 --- [crud-springboot] [           main] o.s.b.f.s.DefaultListableBeanFactory     : Returning cached instance of singleton bean 'org.springframework.boot.context.properties.BoundConfigurationProperties'
2024-07-21T15:50:02.128+02:00 TRACE 248560 --- [crud-springboot] [           main] o.s.b.f.s.DefaultListableBeanFactory     : Returning cached instance of singleton bean 'org.springframework.transaction.config.internalTransactionAdvisor'
2024-07-21T15:50:02.128+02:00 TRACE 248560 --- [crud-springboot] [           main] o.s.b.f.s.DefaultListableBeanFactory     : Returning cached instance of singleton bean 'org.springframework.transaction.config.internalTransactionAdvisor'
2024-07-21T15:50:02.128+02:00 TRACE 248560 --- [crud-springboot] [           main] o.s.b.f.s.DefaultListableBeanFactory     : Finished creating instance of bean 'spring.task.execution-org.springframework.boot.autoconfigure.task.TaskExecutionProperties'
2024-07-21T15:50:02.128+02:00 DEBUG 248560 --- [crud-springboot] [           main] o.s.b.f.s.DefaultListableBeanFactory     : Autowiring by type from bean name 'threadPoolTaskExecutorBuilder' via factory method to bean named 'spring.task.execution-org.springframework.boot.autoconfigure.task.TaskExecutionProperties'
2024-07-21T15:50:02.133+02:00 TRACE 248560 --- [crud-springboot] [           main] o.s.b.f.s.DefaultListableBeanFactory     : Returning cached instance of singleton bean 'org.springframework.transaction.config.internalTransactionAdvisor'
2024-07-21T15:50:02.133+02:00 TRACE 248560 --- [crud-springboot] [           main] o.s.b.f.s.DefaultListableBeanFactory     : Returning cached instance of singleton bean 'org.springframework.transaction.config.internalTransactionAdvisor'
2024-07-21T15:50:02.133+02:00 TRACE 248560 --- [crud-springboot] [           main] o.s.b.f.s.DefaultListableBeanFactory     : Finished creating instance of bean 'threadPoolTaskExecutorBuilder'
2024-07-21T15:50:02.133+02:00 DEBUG 248560 --- [crud-springboot] [           main] o.s.b.f.s.DefaultListableBeanFactory     : Creating shared instance of singleton bean 'org.springframework.boot.autoconfigure.task.TaskExecutorConfigurations$TaskExecutorBuilderConfiguration'
2024-07-21T15:50:02.133+02:00 TRACE 248560 --- [crud-springboot] [           main] o.s.b.f.s.DefaultListableBeanFactory     : Creating instance of bean 'org.springframework.boot.autoconfigure.task.TaskExecutorConfigurations$TaskExecutorBuilderConfiguration'
2024-07-21T15:50:02.133+02:00 TRACE 248560 --- [crud-springboot] [           main] o.s.b.f.s.DefaultListableBeanFactory     : Returning cached instance of singleton bean 'org.springframework.transaction.config.internalTransactionAdvisor'
2024-07-21T15:50:02.134+02:00 TRACE 248560 --- [crud-springboot] [           main] o.s.b.f.s.DefaultListableBeanFactory     : Returning cached instance of singleton bean 'org.springframework.transaction.config.internalTransactionAdvisor'
2024-07-21T15:50:02.134+02:00 TRACE 248560 --- [crud-springboot] [           main] o.s.b.f.s.DefaultListableBeanFactory     : Returning cached instance of singleton bean 'org.springframework.transaction.config.internalTransactionAdvisor'
2024-07-21T15:50:02.135+02:00 TRACE 248560 --- [crud-springboot] [           main] o.s.b.f.s.DefaultListableBeanFactory     : Finished creating instance of bean 'org.springframework.boot.autoconfigure.task.TaskExecutorConfigurations$TaskExecutorBuilderConfiguration'
2024-07-21T15:50:02.135+02:00 DEBUG 248560 --- [crud-springboot] [           main] o.s.b.f.s.DefaultListableBeanFactory     : Creating shared instance of singleton bean 'taskExecutorBuilder'
2024-07-21T15:50:02.135+02:00 TRACE 248560 --- [crud-springboot] [           main] o.s.b.f.s.DefaultListableBeanFactory     : Creating instance of bean 'taskExecutorBuilder'
2024-07-21T15:50:02.135+02:00 TRACE 248560 --- [crud-springboot] [           main] o.s.b.f.s.DefaultListableBeanFactory     : Returning cached instance of singleton bean 'org.springframework.transaction.config.internalTransactionAdvisor'
2024-07-21T15:50:02.136+02:00 TRACE 248560 --- [crud-springboot] [           main] o.s.b.f.s.DefaultListableBeanFactory     : Returning cached instance of singleton bean 'org.springframework.boot.autoconfigure.task.TaskExecutorConfigurations$TaskExecutorBuilderConfiguration'
2024-07-21T15:50:02.137+02:00 TRACE 248560 --- [crud-springboot] [           main] o.s.b.f.s.DefaultListableBeanFactory     : Returning cached instance of singleton bean 'spring.task.execution-org.springframework.boot.autoconfigure.task.TaskExecutionProperties'
2024-07-21T15:50:02.137+02:00 DEBUG 248560 --- [crud-springboot] [           main] o.s.b.f.s.DefaultListableBeanFactory     : Autowiring by type from bean name 'taskExecutorBuilder' via factory method to bean named 'spring.task.execution-org.springframework.boot.autoconfigure.task.TaskExecutionProperties'
2024-07-21T15:50:02.140+02:00 TRACE 248560 --- [crud-springboot] [           main] o.s.b.f.s.DefaultListableBeanFactory     : Returning cached instance of singleton bean 'org.springframework.transaction.config.internalTransactionAdvisor'
2024-07-21T15:50:02.140+02:00 TRACE 248560 --- [crud-springboot] [           main] o.s.b.f.s.DefaultListableBeanFactory     : Returning cached instance of singleton bean 'org.springframework.transaction.config.internalTransactionAdvisor'
2024-07-21T15:50:02.141+02:00 TRACE 248560 --- [crud-springboot] [           main] o.s.b.f.s.DefaultListableBeanFactory     : Finished creating instance of bean 'taskExecutorBuilder'
2024-07-21T15:50:02.141+02:00 DEBUG 248560 --- [crud-springboot] [           main] o.s.b.f.s.DefaultListableBeanFactory     : Creating shared instance of singleton bean 'org.springframework.boot.autoconfigure.task.TaskExecutorConfigurations$SimpleAsyncTaskExecutorBuilderConfiguration'
2024-07-21T15:50:02.141+02:00 TRACE 248560 --- [crud-springboot] [           main] o.s.b.f.s.DefaultListableBeanFactory     : Creating instance of bean 'org.springframework.boot.autoconfigure.task.TaskExecutorConfigurations$SimpleAsyncTaskExecutorBuilderConfiguration'
2024-07-21T15:50:02.141+02:00 TRACE 248560 --- [crud-springboot] [           main] o.s.b.f.s.DefaultListableBeanFactory     : Returning cached instance of singleton bean 'org.springframework.transaction.config.internalTransactionAdvisor'
2024-07-21T15:50:02.143+02:00 TRACE 248560 --- [crud-springboot] [           main] o.s.b.f.s.DefaultListableBeanFactory     : Returning cached instance of singleton bean 'spring.task.execution-org.springframework.boot.autoconfigure.task.TaskExecutionProperties'
2024-07-21T15:50:02.143+02:00 DEBUG 248560 --- [crud-springboot] [           main] o.s.b.f.s.DefaultListableBeanFactory     : Autowiring by type from bean name 'org.springframework.boot.autoconfigure.task.TaskExecutorConfigurations$SimpleAsyncTaskExecutorBuilderConfiguration' via constructor to bean named 'spring.task.execution-org.springframework.boot.autoconfigure.task.TaskExecutionProperties'
2024-07-21T15:50:02.143+02:00 TRACE 248560 --- [crud-springboot] [           main] o.s.b.f.s.DefaultListableBeanFactory     : Returning cached instance of singleton bean 'org.springframework.transaction.config.internalTransactionAdvisor'
2024-07-21T15:50:02.144+02:00 TRACE 248560 --- [crud-springboot] [           main] o.s.b.f.s.DefaultListableBeanFactory     : Returning cached instance of singleton bean 'org.springframework.transaction.config.internalTransactionAdvisor'
2024-07-21T15:50:02.144+02:00 TRACE 248560 --- [crud-springboot] [           main] o.s.b.f.s.DefaultListableBeanFactory     : Finished creating instance of bean 'org.springframework.boot.autoconfigure.task.TaskExecutorConfigurations$SimpleAsyncTaskExecutorBuilderConfiguration'
2024-07-21T15:50:02.144+02:00 DEBUG 248560 --- [crud-springboot] [           main] o.s.b.f.s.DefaultListableBeanFactory     : Creating shared instance of singleton bean 'simpleAsyncTaskExecutorBuilder'
2024-07-21T15:50:02.144+02:00 TRACE 248560 --- [crud-springboot] [           main] o.s.b.f.s.DefaultListableBeanFactory     : Creating instance of bean 'simpleAsyncTaskExecutorBuilder'
2024-07-21T15:50:02.144+02:00 TRACE 248560 --- [crud-springboot] [           main] o.s.b.f.s.DefaultListableBeanFactory     : Returning cached instance of singleton bean 'org.springframework.transaction.config.internalTransactionAdvisor'
2024-07-21T15:50:02.145+02:00 TRACE 248560 --- [crud-springboot] [           main] o.s.b.f.s.DefaultListableBeanFactory     : Returning cached instance of singleton bean 'org.springframework.boot.autoconfigure.task.TaskExecutorConfigurations$SimpleAsyncTaskExecutorBuilderConfiguration'
2024-07-21T15:50:02.148+02:00 TRACE 248560 --- [crud-springboot] [           main] o.s.b.f.s.DefaultListableBeanFactory     : Returning cached instance of singleton bean 'org.springframework.transaction.config.internalTransactionAdvisor'
2024-07-21T15:50:02.148+02:00 TRACE 248560 --- [crud-springboot] [           main] o.s.b.f.s.DefaultListableBeanFactory     : Returning cached instance of singleton bean 'org.springframework.transaction.config.internalTransactionAdvisor'
2024-07-21T15:50:02.148+02:00 TRACE 248560 --- [crud-springboot] [           main] o.s.b.f.s.DefaultListableBeanFactory     : Finished creating instance of bean 'simpleAsyncTaskExecutorBuilder'
2024-07-21T15:50:02.148+02:00 DEBUG 248560 --- [crud-springboot] [           main] o.s.b.f.s.DefaultListableBeanFactory     : Creating shared instance of singleton bean 'org.springframework.boot.autoconfigure.task.TaskExecutorConfigurations$TaskExecutorConfiguration'
2024-07-21T15:50:02.148+02:00 TRACE 248560 --- [crud-springboot] [           main] o.s.b.f.s.DefaultListableBeanFactory     : Creating instance of bean 'org.springframework.boot.autoconfigure.task.TaskExecutorConfigurations$TaskExecutorConfiguration'
2024-07-21T15:50:02.148+02:00 TRACE 248560 --- [crud-springboot] [           main] o.s.b.f.s.DefaultListableBeanFactory     : Returning cached instance of singleton bean 'org.springframework.transaction.config.internalTransactionAdvisor'
2024-07-21T15:50:02.149+02:00 TRACE 248560 --- [crud-springboot] [           main] o.s.b.f.s.DefaultListableBeanFactory     : Returning cached instance of singleton bean 'org.springframework.transaction.config.internalTransactionAdvisor'
2024-07-21T15:50:02.149+02:00 TRACE 248560 --- [crud-springboot] [           main] o.s.b.f.s.DefaultListableBeanFactory     : Returning cached instance of singleton bean 'org.springframework.transaction.config.internalTransactionAdvisor'
2024-07-21T15:50:02.149+02:00 TRACE 248560 --- [crud-springboot] [           main] o.s.b.f.s.DefaultListableBeanFactory     : Finished creating instance of bean 'org.springframework.boot.autoconfigure.task.TaskExecutorConfigurations$TaskExecutorConfiguration'
2024-07-21T15:50:02.150+02:00 DEBUG 248560 --- [crud-springboot] [           main] o.s.b.f.s.DefaultListableBeanFactory     : Creating shared instance of singleton bean 'org.springframework.boot.autoconfigure.task.TaskExecutionAutoConfiguration'
2024-07-21T15:50:02.150+02:00 TRACE 248560 --- [crud-springboot] [           main] o.s.b.f.s.DefaultListableBeanFactory     : Creating instance of bean 'org.springframework.boot.autoconfigure.task.TaskExecutionAutoConfiguration'
2024-07-21T15:50:02.150+02:00 TRACE 248560 --- [crud-springboot] [           main] o.s.b.f.s.DefaultListableBeanFactory     : Returning cached instance of singleton bean 'org.springframework.transaction.config.internalTransactionAdvisor'
2024-07-21T15:50:02.150+02:00 TRACE 248560 --- [crud-springboot] [           main] o.s.b.f.s.DefaultListableBeanFactory     : Returning cached instance of singleton bean 'org.springframework.transaction.config.internalTransactionAdvisor'
2024-07-21T15:50:02.150+02:00 TRACE 248560 --- [crud-springboot] [           main] o.s.b.f.s.DefaultListableBeanFactory     : Returning cached instance of singleton bean 'org.springframework.transaction.config.internalTransactionAdvisor'
2024-07-21T15:50:02.151+02:00 TRACE 248560 --- [crud-springboot] [           main] o.s.b.f.s.DefaultListableBeanFactory     : Finished creating instance of bean 'org.springframework.boot.autoconfigure.task.TaskExecutionAutoConfiguration'
2024-07-21T15:50:02.151+02:00 TRACE 248560 --- [crud-springboot] [           main] o.s.b.f.s.DefaultListableBeanFactory     : Returning cached instance of singleton bean 'spring.task.execution-org.springframework.boot.autoconfigure.task.TaskExecutionProperties'
2024-07-21T15:50:02.151+02:00 DEBUG 248560 --- [crud-springboot] [           main] o.s.b.f.s.DefaultListableBeanFactory     : Creating shared instance of singleton bean 'org.springframework.boot.autoconfigure.web.servlet.error.ErrorMvcAutoConfiguration$WhitelabelErrorViewConfiguration'
2024-07-21T15:50:02.151+02:00 TRACE 248560 --- [crud-springboot] [           main] o.s.b.f.s.DefaultListableBeanFactory     : Creating instance of bean 'org.springframework.boot.autoconfigure.web.servlet.error.ErrorMvcAutoConfiguration$WhitelabelErrorViewConfiguration'
2024-07-21T15:50:02.151+02:00 TRACE 248560 --- [crud-springboot] [           main] o.s.b.f.s.DefaultListableBeanFactory     : Returning cached instance of singleton bean 'org.springframework.transaction.config.internalTransactionAdvisor'
2024-07-21T15:50:02.152+02:00 TRACE 248560 --- [crud-springboot] [           main] o.s.b.f.s.DefaultListableBeanFactory     : Returning cached instance of singleton bean 'org.springframework.transaction.config.internalTransactionAdvisor'
2024-07-21T15:50:02.152+02:00 TRACE 248560 --- [crud-springboot] [           main] o.s.b.f.s.DefaultListableBeanFactory     : Returning cached instance of singleton bean 'org.springframework.transaction.config.internalTransactionAdvisor'
2024-07-21T15:50:02.153+02:00 TRACE 248560 --- [crud-springboot] [           main] o.s.b.f.s.DefaultListableBeanFactory     : Finished creating instance of bean 'org.springframework.boot.autoconfigure.web.servlet.error.ErrorMvcAutoConfiguration$WhitelabelErrorViewConfiguration'
2024-07-21T15:50:02.153+02:00 DEBUG 248560 --- [crud-springboot] [           main] o.s.b.f.s.DefaultListableBeanFactory     : Creating shared instance of singleton bean 'error'
2024-07-21T15:50:02.153+02:00 TRACE 248560 --- [crud-springboot] [           main] o.s.b.f.s.DefaultListableBeanFactory     : Creating instance of bean 'error'
2024-07-21T15:50:02.153+02:00 TRACE 248560 --- [crud-springboot] [           main] o.s.b.f.s.DefaultListableBeanFactory     : Returning cached instance of singleton bean 'org.springframework.transaction.config.internalTransactionAdvisor'
2024-07-21T15:50:02.153+02:00 TRACE 248560 --- [crud-springboot] [           main] o.s.b.f.s.DefaultListableBeanFactory     : Returning cached instance of singleton bean 'org.springframework.boot.autoconfigure.web.servlet.error.ErrorMvcAutoConfiguration$WhitelabelErrorViewConfiguration'
2024-07-21T15:50:02.154+02:00 TRACE 248560 --- [crud-springboot] [           main] o.s.b.f.s.DefaultListableBeanFactory     : Returning cached instance of singleton bean 'org.springframework.transaction.config.internalTransactionAdvisor'
2024-07-21T15:50:02.154+02:00 TRACE 248560 --- [crud-springboot] [           main] o.s.b.f.s.DefaultListableBeanFactory     : Returning cached instance of singleton bean 'org.springframework.transaction.config.internalTransactionAdvisor'
2024-07-21T15:50:02.154+02:00 TRACE 248560 --- [crud-springboot] [           main] o.s.b.f.s.DefaultListableBeanFactory     : Finished creating instance of bean 'error'
2024-07-21T15:50:02.155+02:00 DEBUG 248560 --- [crud-springboot] [           main] o.s.b.f.s.DefaultListableBeanFactory     : Creating shared instance of singleton bean 'beanNameViewResolver'
2024-07-21T15:50:02.155+02:00 TRACE 248560 --- [crud-springboot] [           main] o.s.b.f.s.DefaultListableBeanFactory     : Creating instance of bean 'beanNameViewResolver'
2024-07-21T15:50:02.155+02:00 TRACE 248560 --- [crud-springboot] [           main] o.s.b.f.s.DefaultListableBeanFactory     : Returning cached instance of singleton bean 'org.springframework.transaction.config.internalTransactionAdvisor'
2024-07-21T15:50:02.155+02:00 TRACE 248560 --- [crud-springboot] [           main] o.s.b.f.s.DefaultListableBeanFactory     : Returning cached instance of singleton bean 'org.springframework.boot.autoconfigure.web.servlet.error.ErrorMvcAutoConfiguration$WhitelabelErrorViewConfiguration'
2024-07-21T15:50:02.156+02:00 TRACE 248560 --- [crud-springboot] [           main] o.s.b.f.s.DefaultListableBeanFactory     : Returning cached instance of singleton bean 'org.springframework.transaction.config.internalTransactionAdvisor'
2024-07-21T15:50:02.156+02:00 TRACE 248560 --- [crud-springboot] [           main] o.s.b.f.s.DefaultListableBeanFactory     : Returning cached instance of singleton bean 'org.springframework.transaction.config.internalTransactionAdvisor'
2024-07-21T15:50:02.157+02:00 TRACE 248560 --- [crud-springboot] [           main] o.s.b.f.s.DefaultListableBeanFactory     : Finished creating instance of bean 'beanNameViewResolver'
2024-07-21T15:50:02.157+02:00 DEBUG 248560 --- [crud-springboot] [           main] o.s.b.f.s.DefaultListableBeanFactory     : Creating shared instance of singleton bean 'org.springframework.boot.autoconfigure.web.servlet.error.ErrorMvcAutoConfiguration$DefaultErrorViewResolverConfiguration'
2024-07-21T15:50:02.157+02:00 TRACE 248560 --- [crud-springboot] [           main] o.s.b.f.s.DefaultListableBeanFactory     : Creating instance of bean 'org.springframework.boot.autoconfigure.web.servlet.error.ErrorMvcAutoConfiguration$DefaultErrorViewResolverConfiguration'
2024-07-21T15:50:02.157+02:00 TRACE 248560 --- [crud-springboot] [           main] o.s.b.f.s.DefaultListableBeanFactory     : Returning cached instance of singleton bean 'org.springframework.transaction.config.internalTransactionAdvisor'
2024-07-21T15:50:02.158+02:00 TRACE 248560 --- [crud-springboot] [           main] o.s.b.f.s.DefaultListableBeanFactory     : Returning cached instance of singleton bean 'spring.web-org.springframework.boot.autoconfigure.web.WebProperties'
2024-07-21T15:50:02.158+02:00 DEBUG 248560 --- [crud-springboot] [           main] o.s.b.f.s.DefaultListableBeanFactory     : Autowiring by type from bean name 'org.springframework.boot.autoconfigure.web.servlet.error.ErrorMvcAutoConfiguration$DefaultErrorViewResolverConfiguration' via constructor to bean named 'org.springframework.web.context.support.GenericWebApplicationContext@3574e198'
2024-07-21T15:50:02.158+02:00 DEBUG 248560 --- [crud-springboot] [           main] o.s.b.f.s.DefaultListableBeanFactory     : Autowiring by type from bean name 'org.springframework.boot.autoconfigure.web.servlet.error.ErrorMvcAutoConfiguration$DefaultErrorViewResolverConfiguration' via constructor to bean named 'spring.web-org.springframework.boot.autoconfigure.web.WebProperties'
2024-07-21T15:50:02.158+02:00 TRACE 248560 --- [crud-springboot] [           main] o.s.b.f.s.DefaultListableBeanFactory     : Returning cached instance of singleton bean 'org.springframework.transaction.config.internalTransactionAdvisor'
2024-07-21T15:50:02.159+02:00 TRACE 248560 --- [crud-springboot] [           main] o.s.b.f.s.DefaultListableBeanFactory     : Returning cached instance of singleton bean 'org.springframework.transaction.config.internalTransactionAdvisor'
2024-07-21T15:50:02.159+02:00 TRACE 248560 --- [crud-springboot] [           main] o.s.b.f.s.DefaultListableBeanFactory     : Finished creating instance of bean 'org.springframework.boot.autoconfigure.web.servlet.error.ErrorMvcAutoConfiguration$DefaultErrorViewResolverConfiguration'
2024-07-21T15:50:02.159+02:00 DEBUG 248560 --- [crud-springboot] [           main] o.s.b.f.s.DefaultListableBeanFactory     : Creating shared instance of singleton bean 'conventionErrorViewResolver'
2024-07-21T15:50:02.159+02:00 TRACE 248560 --- [crud-springboot] [           main] o.s.b.f.s.DefaultListableBeanFactory     : Creating instance of bean 'conventionErrorViewResolver'
2024-07-21T15:50:02.159+02:00 TRACE 248560 --- [crud-springboot] [           main] o.s.b.f.s.DefaultListableBeanFactory     : Returning cached instance of singleton bean 'org.springframework.transaction.config.internalTransactionAdvisor'
2024-07-21T15:50:02.159+02:00 TRACE 248560 --- [crud-springboot] [           main] o.s.b.f.s.DefaultListableBeanFactory     : Returning cached instance of singleton bean 'org.springframework.boot.autoconfigure.web.servlet.error.ErrorMvcAutoConfiguration$DefaultErrorViewResolverConfiguration'
2024-07-21T15:50:02.160+02:00 TRACE 248560 --- [crud-springboot] [           main] o.s.c.io.support.SpringFactoriesLoader   : Loaded [org.springframework.boot.autoconfigure.template.TemplateAvailabilityProvider] names: [org.springframework.boot.autoconfigure.freemarker.FreeMarkerTemplateAvailabilityProvider, org.springframework.boot.autoconfigure.mustache.MustacheTemplateAvailabilityProvider, org.springframework.boot.autoconfigure.groovy.template.GroovyTemplateAvailabilityProvider, org.springframework.boot.autoconfigure.thymeleaf.ThymeleafTemplateAvailabilityProvider, org.springframework.boot.autoconfigure.web.servlet.JspTemplateAvailabilityProvider]
2024-07-21T15:50:02.161+02:00 TRACE 248560 --- [crud-springboot] [           main] o.s.b.f.s.DefaultListableBeanFactory     : Returning cached instance of singleton bean 'org.springframework.transaction.config.internalTransactionAdvisor'
2024-07-21T15:50:02.161+02:00 TRACE 248560 --- [crud-springboot] [           main] o.s.b.f.s.DefaultListableBeanFactory     : Returning cached instance of singleton bean 'org.springframework.transaction.config.internalTransactionAdvisor'
2024-07-21T15:50:02.162+02:00 TRACE 248560 --- [crud-springboot] [           main] o.s.b.f.s.DefaultListableBeanFactory     : Finished creating instance of bean 'conventionErrorViewResolver'
2024-07-21T15:50:02.162+02:00 TRACE 248560 --- [crud-springboot] [           main] o.s.b.f.s.DefaultListableBeanFactory     : Returning cached instance of singleton bean 'spring.web-org.springframework.boot.autoconfigure.web.WebProperties'
2024-07-21T15:50:02.162+02:00 TRACE 248560 --- [crud-springboot] [           main] o.s.b.f.s.DefaultListableBeanFactory     : Returning cached instance of singleton bean 'org.springframework.boot.autoconfigure.web.servlet.error.ErrorMvcAutoConfiguration'
2024-07-21T15:50:02.162+02:00 DEBUG 248560 --- [crud-springboot] [           main] o.s.b.f.s.DefaultListableBeanFactory     : Creating shared instance of singleton bean 'errorAttributes'
2024-07-21T15:50:02.162+02:00 TRACE 248560 --- [crud-springboot] [           main] o.s.b.f.s.DefaultListableBeanFactory     : Creating instance of bean 'errorAttributes'
2024-07-21T15:50:02.162+02:00 TRACE 248560 --- [crud-springboot] [           main] o.s.b.f.s.DefaultListableBeanFactory     : Returning cached instance of singleton bean 'org.springframework.transaction.config.internalTransactionAdvisor'
2024-07-21T15:50:02.162+02:00 TRACE 248560 --- [crud-springboot] [           main] o.s.b.f.s.DefaultListableBeanFactory     : Returning cached instance of singleton bean 'org.springframework.boot.autoconfigure.web.servlet.error.ErrorMvcAutoConfiguration'
2024-07-21T15:50:02.164+02:00 TRACE 248560 --- [crud-springboot] [           main] o.s.b.f.s.DefaultListableBeanFactory     : Returning cached instance of singleton bean 'org.springframework.transaction.config.internalTransactionAdvisor'
2024-07-21T15:50:02.164+02:00 TRACE 248560 --- [crud-springboot] [           main] o.s.b.f.s.DefaultListableBeanFactory     : Returning cached instance of singleton bean 'org.springframework.transaction.config.internalTransactionAdvisor'
2024-07-21T15:50:02.165+02:00 TRACE 248560 --- [crud-springboot] [           main] o.s.b.f.s.DefaultListableBeanFactory     : Finished creating instance of bean 'errorAttributes'
2024-07-21T15:50:02.165+02:00 DEBUG 248560 --- [crud-springboot] [           main] o.s.b.f.s.DefaultListableBeanFactory     : Creating shared instance of singleton bean 'basicErrorController'
2024-07-21T15:50:02.165+02:00 TRACE 248560 --- [crud-springboot] [           main] o.s.b.f.s.DefaultListableBeanFactory     : Creating instance of bean 'basicErrorController'
2024-07-21T15:50:02.165+02:00 TRACE 248560 --- [crud-springboot] [           main] o.s.b.f.s.DefaultListableBeanFactory     : Returning cached instance of singleton bean 'org.springframework.transaction.config.internalTransactionAdvisor'
2024-07-21T15:50:02.165+02:00 TRACE 248560 --- [crud-springboot] [           main] o.s.b.f.s.DefaultListableBeanFactory     : Returning cached instance of singleton bean 'org.springframework.boot.autoconfigure.web.servlet.error.ErrorMvcAutoConfiguration'
2024-07-21T15:50:02.166+02:00 TRACE 248560 --- [crud-springboot] [           main] o.s.b.f.s.DefaultListableBeanFactory     : Returning cached instance of singleton bean 'errorAttributes'
2024-07-21T15:50:02.166+02:00 DEBUG 248560 --- [crud-springboot] [           main] o.s.b.f.s.DefaultListableBeanFactory     : Autowiring by type from bean name 'basicErrorController' via factory method to bean named 'errorAttributes'
2024-07-21T15:50:02.167+02:00 TRACE 248560 --- [crud-springboot] [           main] o.s.b.f.s.DefaultListableBeanFactory     : Returning cached instance of singleton bean 'conventionErrorViewResolver'
2024-07-21T15:50:02.168+02:00 TRACE 248560 --- [crud-springboot] [           main] o.s.b.f.s.DefaultListableBeanFactory     : Returning cached instance of singleton bean 'conventionErrorViewResolver'
2024-07-21T15:50:02.168+02:00 TRACE 248560 --- [crud-springboot] [           main] o.s.b.f.s.DefaultListableBeanFactory     : Returning cached instance of singleton bean 'org.springframework.transaction.config.internalTransactionAdvisor'
2024-07-21T15:50:02.168+02:00 TRACE 248560 --- [crud-springboot] [           main] o.s.b.f.s.DefaultListableBeanFactory     : Returning cached instance of singleton bean 'org.springframework.transaction.config.internalTransactionAdvisor'
2024-07-21T15:50:02.169+02:00 TRACE 248560 --- [crud-springboot] [           main] o.s.b.f.s.DefaultListableBeanFactory     : Finished creating instance of bean 'basicErrorController'
2024-07-21T15:50:02.169+02:00 TRACE 248560 --- [crud-springboot] [           main] o.s.b.f.s.DefaultListableBeanFactory     : Returning cached instance of singleton bean 'errorPageCustomizer'
2024-07-21T15:50:02.169+02:00 TRACE 248560 --- [crud-springboot] [           main] o.s.b.f.s.DefaultListableBeanFactory     : Returning cached instance of singleton bean 'preserveErrorControllerTargetClassPostProcessor'
2024-07-21T15:50:02.169+02:00 TRACE 248560 --- [crud-springboot] [           main] o.s.b.f.s.DefaultListableBeanFactory     : Returning cached instance of singleton bean 'org.springframework.boot.autoconfigure.web.servlet.WebMvcAutoConfiguration$EnableWebMvcConfiguration'
2024-07-21T15:50:02.169+02:00 TRACE 248560 --- [crud-springboot] [           main] o.s.b.f.s.DefaultListableBeanFactory     : Returning cached instance of singleton bean 'welcomePageHandlerMapping'
2024-07-21T15:50:02.169+02:00 TRACE 248560 --- [crud-springboot] [           main] o.s.b.f.s.DefaultListableBeanFactory     : Returning cached instance of singleton bean 'welcomePageNotAcceptableHandlerMapping'
2024-07-21T15:50:02.169+02:00 DEBUG 248560 --- [crud-springboot] [           main] o.s.b.f.s.DefaultListableBeanFactory     : Creating shared instance of singleton bean 'localeResolver'
2024-07-21T15:50:02.169+02:00 TRACE 248560 --- [crud-springboot] [           main] o.s.b.f.s.DefaultListableBeanFactory     : Creating instance of bean 'localeResolver'
2024-07-21T15:50:02.169+02:00 TRACE 248560 --- [crud-springboot] [           main] o.s.b.f.s.DefaultListableBeanFactory     : Returning cached instance of singleton bean 'org.springframework.transaction.config.internalTransactionAdvisor'
2024-07-21T15:50:02.169+02:00 TRACE 248560 --- [crud-springboot] [           main] o.s.b.f.s.DefaultListableBeanFactory     : Returning cached instance of singleton bean 'org.springframework.boot.autoconfigure.web.servlet.WebMvcAutoConfiguration$EnableWebMvcConfiguration'
2024-07-21T15:50:02.176+02:00 TRACE 248560 --- [crud-springboot] [           main] o.s.b.f.s.DefaultListableBeanFactory     : Returning cached instance of singleton bean 'org.springframework.transaction.config.internalTransactionAdvisor'
2024-07-21T15:50:02.176+02:00 TRACE 248560 --- [crud-springboot] [           main] o.s.b.f.s.DefaultListableBeanFactory     : Returning cached instance of singleton bean 'org.springframework.transaction.config.internalTransactionAdvisor'
2024-07-21T15:50:02.180+02:00 TRACE 248560 --- [crud-springboot] [           main] o.s.b.f.s.DefaultListableBeanFactory     : Finished creating instance of bean 'localeResolver'
2024-07-21T15:50:02.180+02:00 DEBUG 248560 --- [crud-springboot] [           main] o.s.b.f.s.DefaultListableBeanFactory     : Creating shared instance of singleton bean 'themeResolver'
2024-07-21T15:50:02.180+02:00 TRACE 248560 --- [crud-springboot] [           main] o.s.b.f.s.DefaultListableBeanFactory     : Creating instance of bean 'themeResolver'
2024-07-21T15:50:02.180+02:00 TRACE 248560 --- [crud-springboot] [           main] o.s.b.f.s.DefaultListableBeanFactory     : Returning cached instance of singleton bean 'org.springframework.transaction.config.internalTransactionAdvisor'
2024-07-21T15:50:02.180+02:00 TRACE 248560 --- [crud-springboot] [           main] o.s.b.f.s.DefaultListableBeanFactory     : Returning cached instance of singleton bean 'org.springframework.boot.autoconfigure.web.servlet.WebMvcAutoConfiguration$EnableWebMvcConfiguration'
2024-07-21T15:50:02.182+02:00 TRACE 248560 --- [crud-springboot] [           main] o.s.b.f.s.DefaultListableBeanFactory     : Returning cached instance of singleton bean 'org.springframework.transaction.config.internalTransactionAdvisor'
2024-07-21T15:50:02.182+02:00 TRACE 248560 --- [crud-springboot] [           main] o.s.b.f.s.DefaultListableBeanFactory     : Returning cached instance of singleton bean 'org.springframework.transaction.config.internalTransactionAdvisor'
2024-07-21T15:50:02.183+02:00 TRACE 248560 --- [crud-springboot] [           main] o.s.b.f.s.DefaultListableBeanFactory     : Finished creating instance of bean 'themeResolver'
2024-07-21T15:50:02.183+02:00 DEBUG 248560 --- [crud-springboot] [           main] o.s.b.f.s.DefaultListableBeanFactory     : Creating shared instance of singleton bean 'flashMapManager'
2024-07-21T15:50:02.183+02:00 TRACE 248560 --- [crud-springboot] [           main] o.s.b.f.s.DefaultListableBeanFactory     : Creating instance of bean 'flashMapManager'
2024-07-21T15:50:02.183+02:00 TRACE 248560 --- [crud-springboot] [           main] o.s.b.f.s.DefaultListableBeanFactory     : Returning cached instance of singleton bean 'org.springframework.transaction.config.internalTransactionAdvisor'
2024-07-21T15:50:02.183+02:00 TRACE 248560 --- [crud-springboot] [           main] o.s.b.f.s.DefaultListableBeanFactory     : Returning cached instance of singleton bean 'org.springframework.boot.autoconfigure.web.servlet.WebMvcAutoConfiguration$EnableWebMvcConfiguration'
2024-07-21T15:50:02.186+02:00 TRACE 248560 --- [crud-springboot] [           main] o.s.b.f.s.DefaultListableBeanFactory     : Returning cached instance of singleton bean 'org.springframework.transaction.config.internalTransactionAdvisor'
2024-07-21T15:50:02.186+02:00 TRACE 248560 --- [crud-springboot] [           main] o.s.b.f.s.DefaultListableBeanFactory     : Returning cached instance of singleton bean 'org.springframework.transaction.config.internalTransactionAdvisor'
2024-07-21T15:50:02.188+02:00 TRACE 248560 --- [crud-springboot] [           main] o.s.b.f.s.DefaultListableBeanFactory     : Finished creating instance of bean 'flashMapManager'
2024-07-21T15:50:02.188+02:00 TRACE 248560 --- [crud-springboot] [           main] o.s.b.f.s.DefaultListableBeanFactory     : Returning cached instance of singleton bean 'mvcConversionService'
2024-07-21T15:50:02.188+02:00 DEBUG 248560 --- [crud-springboot] [           main] o.s.b.f.s.DefaultListableBeanFactory     : Creating shared instance of singleton bean 'mvcValidator'
2024-07-21T15:50:02.188+02:00 TRACE 248560 --- [crud-springboot] [           main] o.s.b.f.s.DefaultListableBeanFactory     : Creating instance of bean 'mvcValidator'
2024-07-21T15:50:02.188+02:00 TRACE 248560 --- [crud-springboot] [           main] o.s.b.f.s.DefaultListableBeanFactory     : Returning cached instance of singleton bean 'org.springframework.transaction.config.internalTransactionAdvisor'
2024-07-21T15:50:02.189+02:00 TRACE 248560 --- [crud-springboot] [           main] o.s.b.f.s.DefaultListableBeanFactory     : Returning cached instance of singleton bean 'org.springframework.boot.autoconfigure.web.servlet.WebMvcAutoConfiguration$EnableWebMvcConfiguration'
2024-07-21T15:50:02.190+02:00 TRACE 248560 --- [crud-springboot] [           main] o.s.b.f.s.DefaultListableBeanFactory     : Returning cached instance of singleton bean 'org.springframework.transaction.config.internalTransactionAdvisor'
2024-07-21T15:50:02.190+02:00 TRACE 248560 --- [crud-springboot] [           main] o.s.b.f.s.DefaultListableBeanFactory     : Returning cached instance of singleton bean 'org.springframework.transaction.config.internalTransactionAdvisor'
2024-07-21T15:50:02.191+02:00 TRACE 248560 --- [crud-springboot] [           main] o.s.b.f.s.DefaultListableBeanFactory     : Finished creating instance of bean 'mvcValidator'
2024-07-21T15:50:02.191+02:00 TRACE 248560 --- [crud-springboot] [           main] o.s.b.f.s.DefaultListableBeanFactory     : Returning cached instance of singleton bean 'mvcContentNegotiationManager'
2024-07-21T15:50:02.191+02:00 TRACE 248560 --- [crud-springboot] [           main] o.s.b.f.s.DefaultListableBeanFactory     : Returning cached instance of singleton bean 'requestMappingHandlerMapping'
2024-07-21T15:50:02.191+02:00 DEBUG 248560 --- [crud-springboot] [           main] o.s.b.f.s.DefaultListableBeanFactory     : Creating shared instance of singleton bean 'mvcPatternParser'
2024-07-21T15:50:02.191+02:00 TRACE 248560 --- [crud-springboot] [           main] o.s.b.f.s.DefaultListableBeanFactory     : Creating instance of bean 'mvcPatternParser'
2024-07-21T15:50:02.191+02:00 TRACE 248560 --- [crud-springboot] [           main] o.s.b.f.s.DefaultListableBeanFactory     : Returning cached instance of singleton bean 'org.springframework.transaction.config.internalTransactionAdvisor'
2024-07-21T15:50:02.191+02:00 TRACE 248560 --- [crud-springboot] [           main] o.s.b.f.s.DefaultListableBeanFactory     : Returning cached instance of singleton bean 'org.springframework.boot.autoconfigure.web.servlet.WebMvcAutoConfiguration$EnableWebMvcConfiguration'
2024-07-21T15:50:02.191+02:00 TRACE 248560 --- [crud-springboot] [           main] o.s.b.f.s.DefaultListableBeanFactory     : Returning cached instance of singleton bean 'org.springframework.transaction.config.internalTransactionAdvisor'
2024-07-21T15:50:02.192+02:00 TRACE 248560 --- [crud-springboot] [           main] o.s.b.f.s.DefaultListableBeanFactory     : Returning cached instance of singleton bean 'org.springframework.transaction.config.internalTransactionAdvisor'
2024-07-21T15:50:02.192+02:00 TRACE 248560 --- [crud-springboot] [           main] o.s.b.f.s.DefaultListableBeanFactory     : Finished creating instance of bean 'mvcPatternParser'
2024-07-21T15:50:02.192+02:00 DEBUG 248560 --- [crud-springboot] [           main] o.s.b.f.s.DefaultListableBeanFactory     : Creating shared instance of singleton bean 'mvcUrlPathHelper'
2024-07-21T15:50:02.192+02:00 TRACE 248560 --- [crud-springboot] [           main] o.s.b.f.s.DefaultListableBeanFactory     : Creating instance of bean 'mvcUrlPathHelper'
2024-07-21T15:50:02.192+02:00 TRACE 248560 --- [crud-springboot] [           main] o.s.b.f.s.DefaultListableBeanFactory     : Returning cached instance of singleton bean 'org.springframework.transaction.config.internalTransactionAdvisor'
2024-07-21T15:50:02.192+02:00 TRACE 248560 --- [crud-springboot] [           main] o.s.b.f.s.DefaultListableBeanFactory     : Returning cached instance of singleton bean 'org.springframework.boot.autoconfigure.web.servlet.WebMvcAutoConfiguration$EnableWebMvcConfiguration'
2024-07-21T15:50:02.194+02:00 TRACE 248560 --- [crud-springboot] [           main] o.s.b.f.s.DefaultListableBeanFactory     : Returning cached instance of singleton bean 'org.springframework.transaction.config.internalTransactionAdvisor'
2024-07-21T15:50:02.195+02:00 TRACE 248560 --- [crud-springboot] [           main] o.s.b.f.s.DefaultListableBeanFactory     : Returning cached instance of singleton bean 'org.springframework.transaction.config.internalTransactionAdvisor'
2024-07-21T15:50:02.195+02:00 TRACE 248560 --- [crud-springboot] [           main] o.s.b.f.s.DefaultListableBeanFactory     : Finished creating instance of bean 'mvcUrlPathHelper'
2024-07-21T15:50:02.195+02:00 DEBUG 248560 --- [crud-springboot] [           main] o.s.b.f.s.DefaultListableBeanFactory     : Creating shared instance of singleton bean 'mvcPathMatcher'
2024-07-21T15:50:02.196+02:00 TRACE 248560 --- [crud-springboot] [           main] o.s.b.f.s.DefaultListableBeanFactory     : Creating instance of bean 'mvcPathMatcher'
2024-07-21T15:50:02.196+02:00 TRACE 248560 --- [crud-springboot] [           main] o.s.b.f.s.DefaultListableBeanFactory     : Returning cached instance of singleton bean 'org.springframework.transaction.config.internalTransactionAdvisor'
2024-07-21T15:50:02.196+02:00 TRACE 248560 --- [crud-springboot] [           main] o.s.b.f.s.DefaultListableBeanFactory     : Returning cached instance of singleton bean 'org.springframework.boot.autoconfigure.web.servlet.WebMvcAutoConfiguration$EnableWebMvcConfiguration'
2024-07-21T15:50:02.197+02:00 TRACE 248560 --- [crud-springboot] [           main] o.s.b.f.s.DefaultListableBeanFactory     : Returning cached instance of singleton bean 'org.springframework.transaction.config.internalTransactionAdvisor'
2024-07-21T15:50:02.197+02:00 TRACE 248560 --- [crud-springboot] [           main] o.s.b.f.s.DefaultListableBeanFactory     : Returning cached instance of singleton bean 'org.springframework.transaction.config.internalTransactionAdvisor'
2024-07-21T15:50:02.198+02:00 TRACE 248560 --- [crud-springboot] [           main] o.s.b.f.s.DefaultListableBeanFactory     : Finished creating instance of bean 'mvcPathMatcher'
2024-07-21T15:50:02.198+02:00 TRACE 248560 --- [crud-springboot] [           main] o.s.b.f.s.DefaultListableBeanFactory     : Returning cached instance of singleton bean 'viewControllerHandlerMapping'
2024-07-21T15:50:02.198+02:00 TRACE 248560 --- [crud-springboot] [           main] o.s.b.f.s.DefaultListableBeanFactory     : Returning cached instance of singleton bean 'beanNameHandlerMapping'
2024-07-21T15:50:02.198+02:00 TRACE 248560 --- [crud-springboot] [           main] o.s.b.f.s.DefaultListableBeanFactory     : Returning cached instance of singleton bean 'routerFunctionMapping'
2024-07-21T15:50:02.198+02:00 TRACE 248560 --- [crud-springboot] [           main] o.s.b.f.s.DefaultListableBeanFactory     : Returning cached instance of singleton bean 'resourceHandlerMapping'
2024-07-21T15:50:02.198+02:00 TRACE 248560 --- [crud-springboot] [           main] o.s.b.f.s.DefaultListableBeanFactory     : Returning cached instance of singleton bean 'mvcResourceUrlProvider'
2024-07-21T15:50:02.198+02:00 TRACE 248560 --- [crud-springboot] [           main] o.s.b.f.s.DefaultListableBeanFactory     : Returning cached instance of singleton bean 'defaultServletHandlerMapping'
2024-07-21T15:50:02.198+02:00 DEBUG 248560 --- [crud-springboot] [           main] o.s.b.f.s.DefaultListableBeanFactory     : Creating shared instance of singleton bean 'requestMappingHandlerAdapter'
2024-07-21T15:50:02.198+02:00 TRACE 248560 --- [crud-springboot] [           main] o.s.b.f.s.DefaultListableBeanFactory     : Creating instance of bean 'requestMappingHandlerAdapter'
2024-07-21T15:50:02.198+02:00 TRACE 248560 --- [crud-springboot] [           main] o.s.b.f.s.DefaultListableBeanFactory     : Returning cached instance of singleton bean 'org.springframework.transaction.config.internalTransactionAdvisor'
2024-07-21T15:50:02.198+02:00 TRACE 248560 --- [crud-springboot] [           main] o.s.b.f.s.DefaultListableBeanFactory     : Returning cached instance of singleton bean 'org.springframework.boot.autoconfigure.web.servlet.WebMvcAutoConfiguration$EnableWebMvcConfiguration'
2024-07-21T15:50:02.200+02:00 TRACE 248560 --- [crud-springboot] [           main] o.s.b.f.s.DefaultListableBeanFactory     : Returning cached instance of singleton bean 'mvcContentNegotiationManager'
2024-07-21T15:50:02.200+02:00 TRACE 248560 --- [crud-springboot] [           main] o.s.b.f.s.DefaultListableBeanFactory     : Returning cached instance of singleton bean 'mvcConversionService'
2024-07-21T15:50:02.201+02:00 TRACE 248560 --- [crud-springboot] [           main] o.s.b.f.s.DefaultListableBeanFactory     : Returning cached instance of singleton bean 'mvcValidator'
2024-07-21T15:50:02.201+02:00 DEBUG 248560 --- [crud-springboot] [           main] o.s.b.f.s.DefaultListableBeanFactory     : Autowiring by type from bean name 'requestMappingHandlerAdapter' via factory method to bean named 'mvcContentNegotiationManager'
2024-07-21T15:50:02.201+02:00 DEBUG 248560 --- [crud-springboot] [           main] o.s.b.f.s.DefaultListableBeanFactory     : Autowiring by type from bean name 'requestMappingHandlerAdapter' via factory method to bean named 'mvcConversionService'
2024-07-21T15:50:02.202+02:00 DEBUG 248560 --- [crud-springboot] [           main] o.s.b.f.s.DefaultListableBeanFactory     : Autowiring by type from bean name 'requestMappingHandlerAdapter' via factory method to bean named 'mvcValidator'
2024-07-21T15:50:02.217+02:00 DEBUG 248560 --- [crud-springboot] [           main] o.s.b.f.s.DefaultListableBeanFactory     : Creating shared instance of singleton bean 'sortResolver'
2024-07-21T15:50:02.217+02:00 TRACE 248560 --- [crud-springboot] [           main] o.s.b.f.s.DefaultListableBeanFactory     : Creating instance of bean 'sortResolver'
2024-07-21T15:50:02.217+02:00 TRACE 248560 --- [crud-springboot] [           main] o.s.b.f.s.DefaultListableBeanFactory     : Returning cached instance of singleton bean 'org.springframework.transaction.config.internalTransactionAdvisor'
2024-07-21T15:50:02.217+02:00 TRACE 248560 --- [crud-springboot] [           main] o.s.b.f.s.DefaultListableBeanFactory     : Returning cached instance of singleton bean 'org.springframework.data.web.config.SpringDataWebConfiguration'
2024-07-21T15:50:02.219+02:00 DEBUG 248560 --- [crud-springboot] [           main] o.s.b.f.s.DefaultListableBeanFactory     : Creating shared instance of singleton bean 'sortCustomizer'
2024-07-21T15:50:02.219+02:00 TRACE 248560 --- [crud-springboot] [           main] o.s.b.f.s.DefaultListableBeanFactory     : Creating instance of bean 'sortCustomizer'
2024-07-21T15:50:02.219+02:00 TRACE 248560 --- [crud-springboot] [           main] o.s.b.f.s.DefaultListableBeanFactory     : Returning cached instance of singleton bean 'org.springframework.transaction.config.internalTransactionAdvisor'
2024-07-21T15:50:02.219+02:00 DEBUG 248560 --- [crud-springboot] [           main] o.s.b.f.s.DefaultListableBeanFactory     : Creating shared instance of singleton bean 'org.springframework.boot.autoconfigure.data.web.SpringDataWebAutoConfiguration'
2024-07-21T15:50:02.219+02:00 TRACE 248560 --- [crud-springboot] [           main] o.s.b.f.s.DefaultListableBeanFactory     : Creating instance of bean 'org.springframework.boot.autoconfigure.data.web.SpringDataWebAutoConfiguration'
2024-07-21T15:50:02.219+02:00 TRACE 248560 --- [crud-springboot] [           main] o.s.b.f.s.DefaultListableBeanFactory     : Returning cached instance of singleton bean 'org.springframework.transaction.config.internalTransactionAdvisor'
2024-07-21T15:50:02.220+02:00 DEBUG 248560 --- [crud-springboot] [           main] o.s.b.f.s.DefaultListableBeanFactory     : Creating shared instance of singleton bean 'spring.data.web-org.springframework.boot.autoconfigure.data.web.SpringDataWebProperties'
2024-07-21T15:50:02.220+02:00 TRACE 248560 --- [crud-springboot] [           main] o.s.b.f.s.DefaultListableBeanFactory     : Creating instance of bean 'spring.data.web-org.springframework.boot.autoconfigure.data.web.SpringDataWebProperties'
2024-07-21T15:50:02.220+02:00 TRACE 248560 --- [crud-springboot] [           main] o.s.b.f.s.DefaultListableBeanFactory     : Returning cached instance of singleton bean 'org.springframework.transaction.config.internalTransactionAdvisor'
2024-07-21T15:50:02.220+02:00 TRACE 248560 --- [crud-springboot] [           main] o.s.b.f.s.DefaultListableBeanFactory     : Returning cached instance of singleton bean 'org.springframework.boot.context.properties.BoundConfigurationProperties'
2024-07-21T15:50:02.222+02:00 TRACE 248560 --- [crud-springboot] [           main] o.s.b.f.s.DefaultListableBeanFactory     : Returning cached instance of singleton bean 'org.springframework.transaction.config.internalTransactionAdvisor'
2024-07-21T15:50:02.222+02:00 TRACE 248560 --- [crud-springboot] [           main] o.s.b.f.s.DefaultListableBeanFactory     : Returning cached instance of singleton bean 'org.springframework.transaction.config.internalTransactionAdvisor'
2024-07-21T15:50:02.222+02:00 TRACE 248560 --- [crud-springboot] [           main] o.s.b.f.s.DefaultListableBeanFactory     : Finished creating instance of bean 'spring.data.web-org.springframework.boot.autoconfigure.data.web.SpringDataWebProperties'
2024-07-21T15:50:02.222+02:00 DEBUG 248560 --- [crud-springboot] [           main] o.s.b.f.s.DefaultListableBeanFactory     : Autowiring by type from bean name 'org.springframework.boot.autoconfigure.data.web.SpringDataWebAutoConfiguration' via constructor to bean named 'spring.data.web-org.springframework.boot.autoconfigure.data.web.SpringDataWebProperties'
2024-07-21T15:50:02.223+02:00 TRACE 248560 --- [crud-springboot] [           main] o.s.b.f.s.DefaultListableBeanFactory     : Returning cached instance of singleton bean 'org.springframework.transaction.config.internalTransactionAdvisor'
2024-07-21T15:50:02.223+02:00 TRACE 248560 --- [crud-springboot] [           main] o.s.b.f.s.DefaultListableBeanFactory     : Returning cached instance of singleton bean 'org.springframework.transaction.config.internalTransactionAdvisor'
2024-07-21T15:50:02.223+02:00 TRACE 248560 --- [crud-springboot] [           main] o.s.b.f.s.DefaultListableBeanFactory     : Finished creating instance of bean 'org.springframework.boot.autoconfigure.data.web.SpringDataWebAutoConfiguration'
2024-07-21T15:50:02.224+02:00 TRACE 248560 --- [crud-springboot] [           main] o.s.b.f.s.DefaultListableBeanFactory     : Returning cached instance of singleton bean 'org.springframework.transaction.config.internalTransactionAdvisor'
2024-07-21T15:50:02.224+02:00 TRACE 248560 --- [crud-springboot] [           main] o.s.b.f.s.DefaultListableBeanFactory     : Returning cached instance of singleton bean 'org.springframework.transaction.config.internalTransactionAdvisor'
2024-07-21T15:50:02.226+02:00 TRACE 248560 --- [crud-springboot] [           main] o.s.b.f.s.DefaultListableBeanFactory     : Finished creating instance of bean 'sortCustomizer'
2024-07-21T15:50:02.229+02:00 TRACE 248560 --- [crud-springboot] [           main] o.s.b.f.s.DefaultListableBeanFactory     : Returning cached instance of singleton bean 'org.springframework.transaction.config.internalTransactionAdvisor'
2024-07-21T15:50:02.229+02:00 TRACE 248560 --- [crud-springboot] [           main] o.s.b.f.s.DefaultListableBeanFactory     : Returning cached instance of singleton bean 'org.springframework.transaction.config.internalTransactionAdvisor'
2024-07-21T15:50:02.229+02:00 TRACE 248560 --- [crud-springboot] [           main] o.s.b.f.s.DefaultListableBeanFactory     : Finished creating instance of bean 'sortResolver'
2024-07-21T15:50:02.229+02:00 DEBUG 248560 --- [crud-springboot] [           main] o.s.b.f.s.DefaultListableBeanFactory     : Creating shared instance of singleton bean 'pageableResolver'
2024-07-21T15:50:02.229+02:00 TRACE 248560 --- [crud-springboot] [           main] o.s.b.f.s.DefaultListableBeanFactory     : Creating instance of bean 'pageableResolver'
2024-07-21T15:50:02.229+02:00 TRACE 248560 --- [crud-springboot] [           main] o.s.b.f.s.DefaultListableBeanFactory     : Returning cached instance of singleton bean 'org.springframework.transaction.config.internalTransactionAdvisor'
2024-07-21T15:50:02.229+02:00 TRACE 248560 --- [crud-springboot] [           main] o.s.b.f.s.DefaultListableBeanFactory     : Returning cached instance of singleton bean 'org.springframework.data.web.config.SpringDataWebConfiguration'
2024-07-21T15:50:02.232+02:00 DEBUG 248560 --- [crud-springboot] [           main] o.s.b.f.s.DefaultListableBeanFactory     : Creating shared instance of singleton bean 'pageableCustomizer'
2024-07-21T15:50:02.232+02:00 TRACE 248560 --- [crud-springboot] [           main] o.s.b.f.s.DefaultListableBeanFactory     : Creating instance of bean 'pageableCustomizer'
2024-07-21T15:50:02.232+02:00 TRACE 248560 --- [crud-springboot] [           main] o.s.b.f.s.DefaultListableBeanFactory     : Returning cached instance of singleton bean 'org.springframework.transaction.config.internalTransactionAdvisor'
2024-07-21T15:50:02.232+02:00 TRACE 248560 --- [crud-springboot] [           main] o.s.b.f.s.DefaultListableBeanFactory     : Returning cached instance of singleton bean 'org.springframework.boot.autoconfigure.data.web.SpringDataWebAutoConfiguration'
2024-07-21T15:50:02.233+02:00 TRACE 248560 --- [crud-springboot] [           main] o.s.b.f.s.DefaultListableBeanFactory     : Returning cached instance of singleton bean 'org.springframework.transaction.config.internalTransactionAdvisor'
2024-07-21T15:50:02.233+02:00 TRACE 248560 --- [crud-springboot] [           main] o.s.b.f.s.DefaultListableBeanFactory     : Returning cached instance of singleton bean 'org.springframework.transaction.config.internalTransactionAdvisor'
2024-07-21T15:50:02.234+02:00 TRACE 248560 --- [crud-springboot] [           main] o.s.b.f.s.DefaultListableBeanFactory     : Finished creating instance of bean 'pageableCustomizer'
2024-07-21T15:50:02.235+02:00 TRACE 248560 --- [crud-springboot] [           main] o.s.b.f.s.DefaultListableBeanFactory     : Returning cached instance of singleton bean 'org.springframework.transaction.config.internalTransactionAdvisor'
2024-07-21T15:50:02.235+02:00 TRACE 248560 --- [crud-springboot] [           main] o.s.b.f.s.DefaultListableBeanFactory     : Returning cached instance of singleton bean 'org.springframework.transaction.config.internalTransactionAdvisor'
2024-07-21T15:50:02.236+02:00 TRACE 248560 --- [crud-springboot] [           main] o.s.b.f.s.DefaultListableBeanFactory     : Finished creating instance of bean 'pageableResolver'
2024-07-21T15:50:02.238+02:00 DEBUG 248560 --- [crud-springboot] [           main] o.s.b.f.s.DefaultListableBeanFactory     : Creating shared instance of singleton bean 'applicationTaskExecutor'
2024-07-21T15:50:02.238+02:00 TRACE 248560 --- [crud-springboot] [           main] o.s.b.f.s.DefaultListableBeanFactory     : Creating instance of bean 'applicationTaskExecutor'
2024-07-21T15:50:02.238+02:00 TRACE 248560 --- [crud-springboot] [           main] o.s.b.f.s.DefaultListableBeanFactory     : Returning cached instance of singleton bean 'org.springframework.transaction.config.internalTransactionAdvisor'
2024-07-21T15:50:02.238+02:00 TRACE 248560 --- [crud-springboot] [           main] o.s.b.f.s.DefaultListableBeanFactory     : Returning cached instance of singleton bean 'org.springframework.boot.autoconfigure.task.TaskExecutorConfigurations$TaskExecutorConfiguration'
2024-07-21T15:50:02.239+02:00 TRACE 248560 --- [crud-springboot] [           main] o.s.b.f.s.DefaultListableBeanFactory     : Returning cached instance of singleton bean 'taskExecutorBuilder'
2024-07-21T15:50:02.239+02:00 DEBUG 248560 --- [crud-springboot] [           main] o.s.b.f.s.DefaultListableBeanFactory     : Autowiring by type from bean name 'applicationTaskExecutor' via factory method to bean named 'taskExecutorBuilder'
2024-07-21T15:50:02.240+02:00 TRACE 248560 --- [crud-springboot] [           main] o.s.b.f.s.DefaultListableBeanFactory     : Returning cached instance of singleton bean 'threadPoolTaskExecutorBuilder'
2024-07-21T15:50:02.253+02:00 TRACE 248560 --- [crud-springboot] [           main] o.s.b.f.s.DefaultListableBeanFactory     : Invoking afterPropertiesSet() on bean with name 'applicationTaskExecutor'
2024-07-21T15:50:02.253+02:00 DEBUG 248560 --- [crud-springboot] [           main] o.s.s.concurrent.ThreadPoolTaskExecutor  : Initializing ExecutorService 'applicationTaskExecutor'
2024-07-21T15:50:02.254+02:00 TRACE 248560 --- [crud-springboot] [           main] o.s.b.f.s.DefaultListableBeanFactory     : Returning cached instance of singleton bean 'org.springframework.transaction.config.internalTransactionAdvisor'
2024-07-21T15:50:02.254+02:00 TRACE 248560 --- [crud-springboot] [           main] o.s.b.f.s.DefaultListableBeanFactory     : Returning cached instance of singleton bean 'org.springframework.transaction.config.internalTransactionAdvisor'
2024-07-21T15:50:02.256+02:00 TRACE 248560 --- [crud-springboot] [           main] o.s.b.f.s.DefaultListableBeanFactory     : Finished creating instance of bean 'applicationTaskExecutor'
2024-07-21T15:50:02.261+02:00 TRACE 248560 --- [crud-springboot] [           main] o.s.b.f.s.DefaultListableBeanFactory     : Invoking afterPropertiesSet() on bean with name 'requestMappingHandlerAdapter'
2024-07-21T15:50:02.275+02:00 DEBUG 248560 --- [crud-springboot] [           main] s.w.s.m.m.a.RequestMappingHandlerAdapter : ControllerAdvice beans: 0 @ModelAttribute, 0 @InitBinder, 1 RequestBodyAdvice, 1 ResponseBodyAdvice
2024-07-21T15:50:02.321+02:00 TRACE 248560 --- [crud-springboot] [           main] o.s.b.f.s.DefaultListableBeanFactory     : Returning cached instance of singleton bean 'org.springframework.transaction.config.internalTransactionAdvisor'
2024-07-21T15:50:02.321+02:00 TRACE 248560 --- [crud-springboot] [           main] o.s.b.f.s.DefaultListableBeanFactory     : Returning cached instance of singleton bean 'org.springframework.transaction.config.internalTransactionAdvisor'
2024-07-21T15:50:02.323+02:00 TRACE 248560 --- [crud-springboot] [           main] o.s.b.f.s.DefaultListableBeanFactory     : Finished creating instance of bean 'requestMappingHandlerAdapter'
2024-07-21T15:50:02.325+02:00 DEBUG 248560 --- [crud-springboot] [           main] o.s.b.f.s.DefaultListableBeanFactory     : Creating shared instance of singleton bean 'handlerFunctionAdapter'
2024-07-21T15:50:02.325+02:00 TRACE 248560 --- [crud-springboot] [           main] o.s.b.f.s.DefaultListableBeanFactory     : Creating instance of bean 'handlerFunctionAdapter'
2024-07-21T15:50:02.325+02:00 TRACE 248560 --- [crud-springboot] [           main] o.s.b.f.s.DefaultListableBeanFactory     : Returning cached instance of singleton bean 'org.springframework.transaction.config.internalTransactionAdvisor'
2024-07-21T15:50:02.325+02:00 TRACE 248560 --- [crud-springboot] [           main] o.s.b.f.s.DefaultListableBeanFactory     : Returning cached instance of singleton bean 'org.springframework.boot.autoconfigure.web.servlet.WebMvcAutoConfiguration$EnableWebMvcConfiguration'
2024-07-21T15:50:02.327+02:00 TRACE 248560 --- [crud-springboot] [           main] o.s.b.f.s.DefaultListableBeanFactory     : Returning cached instance of singleton bean 'org.springframework.transaction.config.internalTransactionAdvisor'
2024-07-21T15:50:02.327+02:00 TRACE 248560 --- [crud-springboot] [           main] o.s.b.f.s.DefaultListableBeanFactory     : Returning cached instance of singleton bean 'org.springframework.transaction.config.internalTransactionAdvisor'
2024-07-21T15:50:02.328+02:00 TRACE 248560 --- [crud-springboot] [           main] o.s.b.f.s.DefaultListableBeanFactory     : Finished creating instance of bean 'handlerFunctionAdapter'
2024-07-21T15:50:02.328+02:00 DEBUG 248560 --- [crud-springboot] [           main] o.s.b.f.s.DefaultListableBeanFactory     : Creating shared instance of singleton bean 'mvcUriComponentsContributor'
2024-07-21T15:50:02.328+02:00 TRACE 248560 --- [crud-springboot] [           main] o.s.b.f.s.DefaultListableBeanFactory     : Creating instance of bean 'mvcUriComponentsContributor'
2024-07-21T15:50:02.328+02:00 TRACE 248560 --- [crud-springboot] [           main] o.s.b.f.s.DefaultListableBeanFactory     : Returning cached instance of singleton bean 'org.springframework.transaction.config.internalTransactionAdvisor'
2024-07-21T15:50:02.328+02:00 TRACE 248560 --- [crud-springboot] [           main] o.s.b.f.s.DefaultListableBeanFactory     : Returning cached instance of singleton bean 'org.springframework.boot.autoconfigure.web.servlet.WebMvcAutoConfiguration$EnableWebMvcConfiguration'
2024-07-21T15:50:02.329+02:00 TRACE 248560 --- [crud-springboot] [           main] o.s.b.f.s.DefaultListableBeanFactory     : Returning cached instance of singleton bean 'mvcConversionService'
2024-07-21T15:50:02.330+02:00 TRACE 248560 --- [crud-springboot] [           main] o.s.b.f.s.DefaultListableBeanFactory     : Returning cached instance of singleton bean 'requestMappingHandlerAdapter'
2024-07-21T15:50:02.330+02:00 DEBUG 248560 --- [crud-springboot] [           main] o.s.b.f.s.DefaultListableBeanFactory     : Autowiring by type from bean name 'mvcUriComponentsContributor' via factory method to bean named 'mvcConversionService'
2024-07-21T15:50:02.330+02:00 DEBUG 248560 --- [crud-springboot] [           main] o.s.b.f.s.DefaultListableBeanFactory     : Autowiring by type from bean name 'mvcUriComponentsContributor' via factory method to bean named 'requestMappingHandlerAdapter'
2024-07-21T15:50:02.333+02:00 TRACE 248560 --- [crud-springboot] [           main] o.s.b.f.s.DefaultListableBeanFactory     : Returning cached instance of singleton bean 'org.springframework.transaction.config.internalTransactionAdvisor'
2024-07-21T15:50:02.333+02:00 TRACE 248560 --- [crud-springboot] [           main] o.s.b.f.s.DefaultListableBeanFactory     : Returning cached instance of singleton bean 'org.springframework.transaction.config.internalTransactionAdvisor'
2024-07-21T15:50:02.333+02:00 TRACE 248560 --- [crud-springboot] [           main] o.s.b.f.s.DefaultListableBeanFactory     : Finished creating instance of bean 'mvcUriComponentsContributor'
2024-07-21T15:50:02.333+02:00 DEBUG 248560 --- [crud-springboot] [           main] o.s.b.f.s.DefaultListableBeanFactory     : Creating shared instance of singleton bean 'httpRequestHandlerAdapter'
2024-07-21T15:50:02.333+02:00 TRACE 248560 --- [crud-springboot] [           main] o.s.b.f.s.DefaultListableBeanFactory     : Creating instance of bean 'httpRequestHandlerAdapter'
2024-07-21T15:50:02.333+02:00 TRACE 248560 --- [crud-springboot] [           main] o.s.b.f.s.DefaultListableBeanFactory     : Returning cached instance of singleton bean 'org.springframework.transaction.config.internalTransactionAdvisor'
2024-07-21T15:50:02.333+02:00 TRACE 248560 --- [crud-springboot] [           main] o.s.b.f.s.DefaultListableBeanFactory     : Returning cached instance of singleton bean 'org.springframework.boot.autoconfigure.web.servlet.WebMvcAutoConfiguration$EnableWebMvcConfiguration'
2024-07-21T15:50:02.334+02:00 TRACE 248560 --- [crud-springboot] [           main] o.s.b.f.s.DefaultListableBeanFactory     : Returning cached instance of singleton bean 'org.springframework.transaction.config.internalTransactionAdvisor'
2024-07-21T15:50:02.334+02:00 TRACE 248560 --- [crud-springboot] [           main] o.s.b.f.s.DefaultListableBeanFactory     : Returning cached instance of singleton bean 'org.springframework.transaction.config.internalTransactionAdvisor'
2024-07-21T15:50:02.335+02:00 TRACE 248560 --- [crud-springboot] [           main] o.s.b.f.s.DefaultListableBeanFactory     : Finished creating instance of bean 'httpRequestHandlerAdapter'
2024-07-21T15:50:02.335+02:00 DEBUG 248560 --- [crud-springboot] [           main] o.s.b.f.s.DefaultListableBeanFactory     : Creating shared instance of singleton bean 'simpleControllerHandlerAdapter'
2024-07-21T15:50:02.335+02:00 TRACE 248560 --- [crud-springboot] [           main] o.s.b.f.s.DefaultListableBeanFactory     : Creating instance of bean 'simpleControllerHandlerAdapter'
2024-07-21T15:50:02.335+02:00 TRACE 248560 --- [crud-springboot] [           main] o.s.b.f.s.DefaultListableBeanFactory     : Returning cached instance of singleton bean 'org.springframework.transaction.config.internalTransactionAdvisor'
2024-07-21T15:50:02.335+02:00 TRACE 248560 --- [crud-springboot] [           main] o.s.b.f.s.DefaultListableBeanFactory     : Returning cached instance of singleton bean 'org.springframework.boot.autoconfigure.web.servlet.WebMvcAutoConfiguration$EnableWebMvcConfiguration'
2024-07-21T15:50:02.336+02:00 TRACE 248560 --- [crud-springboot] [           main] o.s.b.f.s.DefaultListableBeanFactory     : Returning cached instance of singleton bean 'org.springframework.transaction.config.internalTransactionAdvisor'
2024-07-21T15:50:02.336+02:00 TRACE 248560 --- [crud-springboot] [           main] o.s.b.f.s.DefaultListableBeanFactory     : Returning cached instance of singleton bean 'org.springframework.transaction.config.internalTransactionAdvisor'
2024-07-21T15:50:02.336+02:00 TRACE 248560 --- [crud-springboot] [           main] o.s.b.f.s.DefaultListableBeanFactory     : Finished creating instance of bean 'simpleControllerHandlerAdapter'
2024-07-21T15:50:02.336+02:00 DEBUG 248560 --- [crud-springboot] [           main] o.s.b.f.s.DefaultListableBeanFactory     : Creating shared instance of singleton bean 'handlerExceptionResolver'
2024-07-21T15:50:02.336+02:00 TRACE 248560 --- [crud-springboot] [           main] o.s.b.f.s.DefaultListableBeanFactory     : Creating instance of bean 'handlerExceptionResolver'
2024-07-21T15:50:02.336+02:00 TRACE 248560 --- [crud-springboot] [           main] o.s.b.f.s.DefaultListableBeanFactory     : Returning cached instance of singleton bean 'org.springframework.transaction.config.internalTransactionAdvisor'
2024-07-21T15:50:02.336+02:00 TRACE 248560 --- [crud-springboot] [           main] o.s.b.f.s.DefaultListableBeanFactory     : Returning cached instance of singleton bean 'org.springframework.boot.autoconfigure.web.servlet.WebMvcAutoConfiguration$EnableWebMvcConfiguration'
2024-07-21T15:50:02.337+02:00 TRACE 248560 --- [crud-springboot] [           main] o.s.b.f.s.DefaultListableBeanFactory     : Returning cached instance of singleton bean 'mvcContentNegotiationManager'
2024-07-21T15:50:02.337+02:00 DEBUG 248560 --- [crud-springboot] [           main] o.s.b.f.s.DefaultListableBeanFactory     : Autowiring by type from bean name 'handlerExceptionResolver' via factory method to bean named 'mvcContentNegotiationManager'
2024-07-21T15:50:02.343+02:00 DEBUG 248560 --- [crud-springboot] [           main] .m.m.a.ExceptionHandlerExceptionResolver : ControllerAdvice beans: 0 @ExceptionHandler, 1 ResponseBodyAdvice
2024-07-21T15:50:02.347+02:00 TRACE 248560 --- [crud-springboot] [           main] o.s.b.f.s.DefaultListableBeanFactory     : Returning cached instance of singleton bean 'org.springframework.transaction.config.internalTransactionAdvisor'
2024-07-21T15:50:02.348+02:00 TRACE 248560 --- [crud-springboot] [           main] o.s.b.f.s.DefaultListableBeanFactory     : Returning cached instance of singleton bean 'org.springframework.transaction.config.internalTransactionAdvisor'
2024-07-21T15:50:02.348+02:00 TRACE 248560 --- [crud-springboot] [           main] o.s.b.f.s.DefaultListableBeanFactory     : Finished creating instance of bean 'handlerExceptionResolver'
2024-07-21T15:50:02.348+02:00 DEBUG 248560 --- [crud-springboot] [           main] o.s.b.f.s.DefaultListableBeanFactory     : Creating shared instance of singleton bean 'mvcViewResolver'
2024-07-21T15:50:02.348+02:00 TRACE 248560 --- [crud-springboot] [           main] o.s.b.f.s.DefaultListableBeanFactory     : Creating instance of bean 'mvcViewResolver'
2024-07-21T15:50:02.348+02:00 TRACE 248560 --- [crud-springboot] [           main] o.s.b.f.s.DefaultListableBeanFactory     : Returning cached instance of singleton bean 'org.springframework.transaction.config.internalTransactionAdvisor'
2024-07-21T15:50:02.348+02:00 TRACE 248560 --- [crud-springboot] [           main] o.s.b.f.s.DefaultListableBeanFactory     : Returning cached instance of singleton bean 'org.springframework.boot.autoconfigure.web.servlet.WebMvcAutoConfiguration$EnableWebMvcConfiguration'
2024-07-21T15:50:02.348+02:00 TRACE 248560 --- [crud-springboot] [           main] o.s.b.f.s.DefaultListableBeanFactory     : Returning cached instance of singleton bean 'mvcContentNegotiationManager'
2024-07-21T15:50:02.349+02:00 DEBUG 248560 --- [crud-springboot] [           main] o.s.b.f.s.DefaultListableBeanFactory     : Autowiring by type from bean name 'mvcViewResolver' via factory method to bean named 'mvcContentNegotiationManager'
2024-07-21T15:50:02.352+02:00 TRACE 248560 --- [crud-springboot] [           main] o.s.b.f.s.DefaultListableBeanFactory     : Invoking afterPropertiesSet() on bean with name 'mvcViewResolver'
2024-07-21T15:50:02.352+02:00 TRACE 248560 --- [crud-springboot] [           main] o.s.b.f.s.DefaultListableBeanFactory     : Returning cached instance of singleton bean 'org.springframework.transaction.config.internalTransactionAdvisor'
2024-07-21T15:50:02.352+02:00 TRACE 248560 --- [crud-springboot] [           main] o.s.b.f.s.DefaultListableBeanFactory     : Returning cached instance of singleton bean 'org.springframework.transaction.config.internalTransactionAdvisor'
2024-07-21T15:50:02.353+02:00 TRACE 248560 --- [crud-springboot] [           main] o.s.b.f.s.DefaultListableBeanFactory     : Finished creating instance of bean 'mvcViewResolver'
2024-07-21T15:50:02.353+02:00 DEBUG 248560 --- [crud-springboot] [           main] o.s.b.f.s.DefaultListableBeanFactory     : Creating shared instance of singleton bean 'viewNameTranslator'
2024-07-21T15:50:02.353+02:00 TRACE 248560 --- [crud-springboot] [           main] o.s.b.f.s.DefaultListableBeanFactory     : Creating instance of bean 'viewNameTranslator'
2024-07-21T15:50:02.353+02:00 TRACE 248560 --- [crud-springboot] [           main] o.s.b.f.s.DefaultListableBeanFactory     : Returning cached instance of singleton bean 'org.springframework.transaction.config.internalTransactionAdvisor'
2024-07-21T15:50:02.353+02:00 TRACE 248560 --- [crud-springboot] [           main] o.s.b.f.s.DefaultListableBeanFactory     : Returning cached instance of singleton bean 'org.springframework.boot.autoconfigure.web.servlet.WebMvcAutoConfiguration$EnableWebMvcConfiguration'
2024-07-21T15:50:02.354+02:00 TRACE 248560 --- [crud-springboot] [           main] o.s.b.f.s.DefaultListableBeanFactory     : Returning cached instance of singleton bean 'org.springframework.transaction.config.internalTransactionAdvisor'
2024-07-21T15:50:02.354+02:00 TRACE 248560 --- [crud-springboot] [           main] o.s.b.f.s.DefaultListableBeanFactory     : Returning cached instance of singleton bean 'org.springframework.transaction.config.internalTransactionAdvisor'
2024-07-21T15:50:02.355+02:00 TRACE 248560 --- [crud-springboot] [           main] o.s.b.f.s.DefaultListableBeanFactory     : Finished creating instance of bean 'viewNameTranslator'
2024-07-21T15:50:02.355+02:00 TRACE 248560 --- [crud-springboot] [           main] o.s.b.f.s.DefaultListableBeanFactory     : Returning cached instance of singleton bean 'org.springframework.boot.autoconfigure.web.servlet.WebMvcAutoConfiguration$WebMvcAutoConfigurationAdapter'
2024-07-21T15:50:02.355+02:00 DEBUG 248560 --- [crud-springboot] [           main] o.s.b.f.s.DefaultListableBeanFactory     : Creating shared instance of singleton bean 'defaultViewResolver'
2024-07-21T15:50:02.355+02:00 TRACE 248560 --- [crud-springboot] [           main] o.s.b.f.s.DefaultListableBeanFactory     : Creating instance of bean 'defaultViewResolver'
2024-07-21T15:50:02.355+02:00 TRACE 248560 --- [crud-springboot] [           main] o.s.b.f.s.DefaultListableBeanFactory     : Returning cached instance of singleton bean 'org.springframework.transaction.config.internalTransactionAdvisor'
2024-07-21T15:50:02.356+02:00 TRACE 248560 --- [crud-springboot] [           main] o.s.b.f.s.DefaultListableBeanFactory     : Returning cached instance of singleton bean 'org.springframework.boot.autoconfigure.web.servlet.WebMvcAutoConfiguration$WebMvcAutoConfigurationAdapter'
2024-07-21T15:50:02.364+02:00 TRACE 248560 --- [crud-springboot] [           main] o.s.b.f.s.DefaultListableBeanFactory     : Returning cached instance of singleton bean 'org.springframework.transaction.config.internalTransactionAdvisor'
2024-07-21T15:50:02.364+02:00 TRACE 248560 --- [crud-springboot] [           main] o.s.b.f.s.DefaultListableBeanFactory     : Returning cached instance of singleton bean 'org.springframework.transaction.config.internalTransactionAdvisor'
2024-07-21T15:50:02.366+02:00 TRACE 248560 --- [crud-springboot] [           main] o.s.b.f.s.DefaultListableBeanFactory     : Finished creating instance of bean 'defaultViewResolver'
2024-07-21T15:50:02.366+02:00 DEBUG 248560 --- [crud-springboot] [           main] o.s.b.f.s.DefaultListableBeanFactory     : Creating shared instance of singleton bean 'viewResolver'
2024-07-21T15:50:02.366+02:00 TRACE 248560 --- [crud-springboot] [           main] o.s.b.f.s.DefaultListableBeanFactory     : Creating instance of bean 'viewResolver'
2024-07-21T15:50:02.366+02:00 TRACE 248560 --- [crud-springboot] [           main] o.s.b.f.s.DefaultListableBeanFactory     : Returning cached instance of singleton bean 'org.springframework.transaction.config.internalTransactionAdvisor'
2024-07-21T15:50:02.366+02:00 TRACE 248560 --- [crud-springboot] [           main] o.s.b.f.s.DefaultListableBeanFactory     : Returning cached instance of singleton bean 'org.springframework.boot.autoconfigure.web.servlet.WebMvcAutoConfiguration$WebMvcAutoConfigurationAdapter'
2024-07-21T15:50:02.367+02:00 DEBUG 248560 --- [crud-springboot] [           main] o.s.b.f.s.DefaultListableBeanFactory     : Autowiring by type from bean name 'viewResolver' via factory method to bean named 'org.springframework.beans.factory.support.DefaultListableBeanFactory@5fa05212'
2024-07-21T15:50:02.368+02:00 TRACE 248560 --- [crud-springboot] [           main] o.s.b.f.s.DefaultListableBeanFactory     : Returning cached instance of singleton bean 'mvcContentNegotiationManager'
2024-07-21T15:50:02.369+02:00 TRACE 248560 --- [crud-springboot] [           main] o.s.b.f.s.DefaultListableBeanFactory     : Returning cached instance of singleton bean 'beanNameViewResolver'
2024-07-21T15:50:02.369+02:00 TRACE 248560 --- [crud-springboot] [           main] o.s.b.f.s.DefaultListableBeanFactory     : Returning cached instance of singleton bean 'mvcViewResolver'
2024-07-21T15:50:02.369+02:00 TRACE 248560 --- [crud-springboot] [           main] o.s.b.f.s.DefaultListableBeanFactory     : Returning cached instance of singleton bean 'defaultViewResolver'
2024-07-21T15:50:02.369+02:00 DEBUG 248560 --- [crud-springboot] [           main] o.s.b.f.s.DefaultListableBeanFactory     : Creating shared instance of singleton bean 'viewResolver'
2024-07-21T15:50:02.371+02:00 TRACE 248560 --- [crud-springboot] [           main] o.s.b.f.s.DefaultListableBeanFactory     : Ignoring match to currently created bean 'viewResolver': Error creating bean with name 'viewResolver': Requested bean is currently in creation: Is there an unresolvable circular reference?
2024-07-21T15:50:02.371+02:00 DEBUG 248560 --- [crud-springboot] [           main] o.s.b.f.s.DefaultListableBeanFactory     : Creating shared instance of singleton bean 'thymeleafViewResolver'
2024-07-21T15:50:02.371+02:00 TRACE 248560 --- [crud-springboot] [           main] o.s.b.f.s.DefaultListableBeanFactory     : Creating instance of bean 'thymeleafViewResolver'
2024-07-21T15:50:02.371+02:00 TRACE 248560 --- [crud-springboot] [           main] o.s.b.f.s.DefaultListableBeanFactory     : Returning cached instance of singleton bean 'org.springframework.transaction.config.internalTransactionAdvisor'
2024-07-21T15:50:02.371+02:00 DEBUG 248560 --- [crud-springboot] [           main] o.s.b.f.s.DefaultListableBeanFactory     : Creating shared instance of singleton bean 'org.springframework.boot.autoconfigure.thymeleaf.ThymeleafAutoConfiguration$ThymeleafWebMvcConfiguration$ThymeleafViewResolverConfiguration'
2024-07-21T15:50:02.371+02:00 TRACE 248560 --- [crud-springboot] [           main] o.s.b.f.s.DefaultListableBeanFactory     : Creating instance of bean 'org.springframework.boot.autoconfigure.thymeleaf.ThymeleafAutoConfiguration$ThymeleafWebMvcConfiguration$ThymeleafViewResolverConfiguration'
2024-07-21T15:50:02.371+02:00 TRACE 248560 --- [crud-springboot] [           main] o.s.b.f.s.DefaultListableBeanFactory     : Returning cached instance of singleton bean 'org.springframework.transaction.config.internalTransactionAdvisor'
2024-07-21T15:50:02.372+02:00 TRACE 248560 --- [crud-springboot] [           main] o.s.b.f.s.DefaultListableBeanFactory     : Returning cached instance of singleton bean 'org.springframework.transaction.config.internalTransactionAdvisor'
2024-07-21T15:50:02.372+02:00 TRACE 248560 --- [crud-springboot] [           main] o.s.b.f.s.DefaultListableBeanFactory     : Returning cached instance of singleton bean 'org.springframework.transaction.config.internalTransactionAdvisor'
2024-07-21T15:50:02.372+02:00 TRACE 248560 --- [crud-springboot] [           main] o.s.b.f.s.DefaultListableBeanFactory     : Finished creating instance of bean 'org.springframework.boot.autoconfigure.thymeleaf.ThymeleafAutoConfiguration$ThymeleafWebMvcConfiguration$ThymeleafViewResolverConfiguration'
2024-07-21T15:50:02.373+02:00 DEBUG 248560 --- [crud-springboot] [           main] o.s.b.f.s.DefaultListableBeanFactory     : Creating shared instance of singleton bean 'spring.thymeleaf-org.springframework.boot.autoconfigure.thymeleaf.ThymeleafProperties'
2024-07-21T15:50:02.373+02:00 TRACE 248560 --- [crud-springboot] [           main] o.s.b.f.s.DefaultListableBeanFactory     : Creating instance of bean 'spring.thymeleaf-org.springframework.boot.autoconfigure.thymeleaf.ThymeleafProperties'
2024-07-21T15:50:02.373+02:00 TRACE 248560 --- [crud-springboot] [           main] o.s.b.f.s.DefaultListableBeanFactory     : Returning cached instance of singleton bean 'org.springframework.transaction.config.internalTransactionAdvisor'
2024-07-21T15:50:02.374+02:00 TRACE 248560 --- [crud-springboot] [           main] o.s.b.f.s.DefaultListableBeanFactory     : Returning cached instance of singleton bean 'org.springframework.boot.context.properties.BoundConfigurationProperties'
2024-07-21T15:50:02.380+02:00 TRACE 248560 --- [crud-springboot] [           main] o.s.b.f.s.DefaultListableBeanFactory     : Returning cached instance of singleton bean 'org.springframework.transaction.config.internalTransactionAdvisor'
2024-07-21T15:50:02.381+02:00 TRACE 248560 --- [crud-springboot] [           main] o.s.b.f.s.DefaultListableBeanFactory     : Returning cached instance of singleton bean 'org.springframework.transaction.config.internalTransactionAdvisor'
2024-07-21T15:50:02.381+02:00 TRACE 248560 --- [crud-springboot] [           main] o.s.b.f.s.DefaultListableBeanFactory     : Finished creating instance of bean 'spring.thymeleaf-org.springframework.boot.autoconfigure.thymeleaf.ThymeleafProperties'
2024-07-21T15:50:02.382+02:00 DEBUG 248560 --- [crud-springboot] [           main] o.s.b.f.s.DefaultListableBeanFactory     : Creating shared instance of singleton bean 'templateEngine'
2024-07-21T15:50:02.382+02:00 TRACE 248560 --- [crud-springboot] [           main] o.s.b.f.s.DefaultListableBeanFactory     : Creating instance of bean 'templateEngine'
2024-07-21T15:50:02.382+02:00 TRACE 248560 --- [crud-springboot] [           main] o.s.b.f.s.DefaultListableBeanFactory     : Returning cached instance of singleton bean 'org.springframework.transaction.config.internalTransactionAdvisor'
2024-07-21T15:50:02.382+02:00 DEBUG 248560 --- [crud-springboot] [           main] o.s.b.f.s.DefaultListableBeanFactory     : Creating shared instance of singleton bean 'org.springframework.boot.autoconfigure.thymeleaf.TemplateEngineConfigurations$DefaultTemplateEngineConfiguration'
2024-07-21T15:50:02.382+02:00 TRACE 248560 --- [crud-springboot] [           main] o.s.b.f.s.DefaultListableBeanFactory     : Creating instance of bean 'org.springframework.boot.autoconfigure.thymeleaf.TemplateEngineConfigurations$DefaultTemplateEngineConfiguration'
2024-07-21T15:50:02.382+02:00 TRACE 248560 --- [crud-springboot] [           main] o.s.b.f.s.DefaultListableBeanFactory     : Returning cached instance of singleton bean 'org.springframework.transaction.config.internalTransactionAdvisor'
2024-07-21T15:50:02.383+02:00 TRACE 248560 --- [crud-springboot] [           main] o.s.b.f.s.DefaultListableBeanFactory     : Returning cached instance of singleton bean 'org.springframework.transaction.config.internalTransactionAdvisor'
2024-07-21T15:50:02.383+02:00 TRACE 248560 --- [crud-springboot] [           main] o.s.b.f.s.DefaultListableBeanFactory     : Returning cached instance of singleton bean 'org.springframework.transaction.config.internalTransactionAdvisor'
2024-07-21T15:50:02.383+02:00 TRACE 248560 --- [crud-springboot] [           main] o.s.b.f.s.DefaultListableBeanFactory     : Finished creating instance of bean 'org.springframework.boot.autoconfigure.thymeleaf.TemplateEngineConfigurations$DefaultTemplateEngineConfiguration'
2024-07-21T15:50:02.383+02:00 TRACE 248560 --- [crud-springboot] [           main] o.s.b.f.s.DefaultListableBeanFactory     : Returning cached instance of singleton bean 'spring.thymeleaf-org.springframework.boot.autoconfigure.thymeleaf.ThymeleafProperties'
2024-07-21T15:50:02.383+02:00 DEBUG 248560 --- [crud-springboot] [           main] o.s.b.f.s.DefaultListableBeanFactory     : Autowiring by type from bean name 'templateEngine' via factory method to bean named 'spring.thymeleaf-org.springframework.boot.autoconfigure.thymeleaf.ThymeleafProperties'
2024-07-21T15:50:02.406+02:00 DEBUG 248560 --- [crud-springboot] [           main] o.s.b.f.s.DefaultListableBeanFactory     : Creating shared instance of singleton bean 'defaultTemplateResolver'
2024-07-21T15:50:02.406+02:00 TRACE 248560 --- [crud-springboot] [           main] o.s.b.f.s.DefaultListableBeanFactory     : Creating instance of bean 'defaultTemplateResolver'
2024-07-21T15:50:02.406+02:00 TRACE 248560 --- [crud-springboot] [           main] o.s.b.f.s.DefaultListableBeanFactory     : Returning cached instance of singleton bean 'org.springframework.transaction.config.internalTransactionAdvisor'
2024-07-21T15:50:02.406+02:00 DEBUG 248560 --- [crud-springboot] [           main] o.s.b.f.s.DefaultListableBeanFactory     : Creating shared instance of singleton bean 'org.springframework.boot.autoconfigure.thymeleaf.ThymeleafAutoConfiguration$DefaultTemplateResolverConfiguration'
2024-07-21T15:50:02.406+02:00 TRACE 248560 --- [crud-springboot] [           main] o.s.b.f.s.DefaultListableBeanFactory     : Creating instance of bean 'org.springframework.boot.autoconfigure.thymeleaf.ThymeleafAutoConfiguration$DefaultTemplateResolverConfiguration'
2024-07-21T15:50:02.406+02:00 TRACE 248560 --- [crud-springboot] [           main] o.s.b.f.s.DefaultListableBeanFactory     : Returning cached instance of singleton bean 'org.springframework.transaction.config.internalTransactionAdvisor'
2024-07-21T15:50:02.406+02:00 TRACE 248560 --- [crud-springboot] [           main] o.s.b.f.s.DefaultListableBeanFactory     : Returning cached instance of singleton bean 'spring.thymeleaf-org.springframework.boot.autoconfigure.thymeleaf.ThymeleafProperties'
2024-07-21T15:50:02.406+02:00 DEBUG 248560 --- [crud-springboot] [           main] o.s.b.f.s.DefaultListableBeanFactory     : Autowiring by type from bean name 'org.springframework.boot.autoconfigure.thymeleaf.ThymeleafAutoConfiguration$DefaultTemplateResolverConfiguration' via constructor to bean named 'spring.thymeleaf-org.springframework.boot.autoconfigure.thymeleaf.ThymeleafProperties'
2024-07-21T15:50:02.406+02:00 DEBUG 248560 --- [crud-springboot] [           main] o.s.b.f.s.DefaultListableBeanFactory     : Autowiring by type from bean name 'org.springframework.boot.autoconfigure.thymeleaf.ThymeleafAutoConfiguration$DefaultTemplateResolverConfiguration' via constructor to bean named 'org.springframework.web.context.support.GenericWebApplicationContext@3574e198'
2024-07-21T15:50:02.407+02:00 TRACE 248560 --- [crud-springboot] [           main] o.s.b.f.s.DefaultListableBeanFactory     : Returning cached instance of singleton bean 'org.springframework.transaction.config.internalTransactionAdvisor'
2024-07-21T15:50:02.408+02:00 TRACE 248560 --- [crud-springboot] [           main] o.s.b.f.s.DefaultListableBeanFactory     : Returning cached instance of singleton bean 'org.springframework.transaction.config.internalTransactionAdvisor'
2024-07-21T15:50:02.408+02:00 TRACE 248560 --- [crud-springboot] [           main] o.s.b.f.s.DefaultListableBeanFactory     : Finished creating instance of bean 'org.springframework.boot.autoconfigure.thymeleaf.ThymeleafAutoConfiguration$DefaultTemplateResolverConfiguration'
2024-07-21T15:50:02.413+02:00 TRACE 248560 --- [crud-springboot] [           main] o.s.b.f.s.DefaultListableBeanFactory     : Returning cached instance of singleton bean 'org.springframework.transaction.config.internalTransactionAdvisor'
2024-07-21T15:50:02.413+02:00 TRACE 248560 --- [crud-springboot] [           main] o.s.b.f.s.DefaultListableBeanFactory     : Returning cached instance of singleton bean 'org.springframework.transaction.config.internalTransactionAdvisor'
2024-07-21T15:50:02.415+02:00 TRACE 248560 --- [crud-springboot] [           main] o.s.b.f.s.DefaultListableBeanFactory     : Finished creating instance of bean 'defaultTemplateResolver'
2024-07-21T15:50:02.417+02:00 TRACE 248560 --- [crud-springboot] [           main] o.s.b.f.s.DefaultListableBeanFactory     : Returning cached instance of singleton bean 'defaultTemplateResolver'
2024-07-21T15:50:02.420+02:00 TRACE 248560 --- [crud-springboot] [           main] o.s.b.f.s.DefaultListableBeanFactory     : Returning cached instance of singleton bean 'org.springframework.transaction.config.internalTransactionAdvisor'
2024-07-21T15:50:02.420+02:00 TRACE 248560 --- [crud-springboot] [           main] o.s.b.f.s.DefaultListableBeanFactory     : Returning cached instance of singleton bean 'org.springframework.transaction.config.internalTransactionAdvisor'
2024-07-21T15:50:02.422+02:00 TRACE 248560 --- [crud-springboot] [           main] o.s.b.f.s.DefaultListableBeanFactory     : Finished creating instance of bean 'templateEngine'
2024-07-21T15:50:02.422+02:00 DEBUG 248560 --- [crud-springboot] [           main] o.s.b.f.s.DefaultListableBeanFactory     : Autowiring by type from bean name 'thymeleafViewResolver' via factory method to bean named 'spring.thymeleaf-org.springframework.boot.autoconfigure.thymeleaf.ThymeleafProperties'
2024-07-21T15:50:02.422+02:00 DEBUG 248560 --- [crud-springboot] [           main] o.s.b.f.s.DefaultListableBeanFactory     : Autowiring by type from bean name 'thymeleafViewResolver' via factory method to bean named 'templateEngine'
2024-07-21T15:50:02.424+02:00 TRACE 248560 --- [crud-springboot] [           main] o.s.b.f.s.DefaultListableBeanFactory     : Returning cached instance of singleton bean 'org.springframework.transaction.config.internalTransactionAdvisor'
2024-07-21T15:50:02.424+02:00 TRACE 248560 --- [crud-springboot] [           main] o.s.b.f.s.DefaultListableBeanFactory     : Returning cached instance of singleton bean 'org.springframework.transaction.config.internalTransactionAdvisor'
2024-07-21T15:50:02.425+02:00 TRACE 248560 --- [crud-springboot] [           main] o.s.b.f.s.DefaultListableBeanFactory     : Finished creating instance of bean 'thymeleafViewResolver'
2024-07-21T15:50:02.426+02:00 TRACE 248560 --- [crud-springboot] [           main] o.s.b.f.s.DefaultListableBeanFactory     : Invoking afterPropertiesSet() on bean with name 'viewResolver'
2024-07-21T15:50:02.426+02:00 TRACE 248560 --- [crud-springboot] [           main] o.s.b.f.s.DefaultListableBeanFactory     : Returning cached instance of singleton bean 'org.springframework.transaction.config.internalTransactionAdvisor'
2024-07-21T15:50:02.426+02:00 TRACE 248560 --- [crud-springboot] [           main] o.s.b.f.s.DefaultListableBeanFactory     : Returning cached instance of singleton bean 'org.springframework.transaction.config.internalTransactionAdvisor'
2024-07-21T15:50:02.426+02:00 TRACE 248560 --- [crud-springboot] [           main] o.s.b.f.s.DefaultListableBeanFactory     : Finished creating instance of bean 'viewResolver'
2024-07-21T15:50:02.426+02:00 DEBUG 248560 --- [crud-springboot] [           main] o.s.b.f.s.DefaultListableBeanFactory     : Creating shared instance of singleton bean 'requestContextFilter'
2024-07-21T15:50:02.426+02:00 TRACE 248560 --- [crud-springboot] [           main] o.s.b.f.s.DefaultListableBeanFactory     : Creating instance of bean 'requestContextFilter'
2024-07-21T15:50:02.426+02:00 TRACE 248560 --- [crud-springboot] [           main] o.s.b.f.s.DefaultListableBeanFactory     : Returning cached instance of singleton bean 'org.springframework.transaction.config.internalTransactionAdvisor'
2024-07-21T15:50:02.427+02:00 TRACE 248560 --- [crud-springboot] [           main] o.s.b.f.s.DefaultListableBeanFactory     : Invoking afterPropertiesSet() on bean with name 'requestContextFilter'
2024-07-21T15:50:02.428+02:00 TRACE 248560 --- [crud-springboot] [           main] o.s.b.f.s.DefaultListableBeanFactory     : Returning cached instance of singleton bean 'org.springframework.transaction.config.internalTransactionAdvisor'
2024-07-21T15:50:02.428+02:00 TRACE 248560 --- [crud-springboot] [           main] o.s.b.f.s.DefaultListableBeanFactory     : Returning cached instance of singleton bean 'org.springframework.transaction.config.internalTransactionAdvisor'
2024-07-21T15:50:02.430+02:00 TRACE 248560 --- [crud-springboot] [           main] o.s.b.f.s.DefaultListableBeanFactory     : Finished creating instance of bean 'requestContextFilter'
2024-07-21T15:50:02.430+02:00 DEBUG 248560 --- [crud-springboot] [           main] o.s.b.f.s.DefaultListableBeanFactory     : Creating shared instance of singleton bean 'org.springframework.boot.autoconfigure.web.servlet.WebMvcAutoConfiguration'
2024-07-21T15:50:02.430+02:00 TRACE 248560 --- [crud-springboot] [           main] o.s.b.f.s.DefaultListableBeanFactory     : Creating instance of bean 'org.springframework.boot.autoconfigure.web.servlet.WebMvcAutoConfiguration'
2024-07-21T15:50:02.430+02:00 TRACE 248560 --- [crud-springboot] [           main] o.s.b.f.s.DefaultListableBeanFactory     : Returning cached instance of singleton bean 'org.springframework.transaction.config.internalTransactionAdvisor'
2024-07-21T15:50:02.433+02:00 TRACE 248560 --- [crud-springboot] [           main] o.s.b.f.s.DefaultListableBeanFactory     : Returning cached instance of singleton bean 'org.springframework.transaction.config.internalTransactionAdvisor'
2024-07-21T15:50:02.433+02:00 TRACE 248560 --- [crud-springboot] [           main] o.s.b.f.s.DefaultListableBeanFactory     : Returning cached instance of singleton bean 'org.springframework.transaction.config.internalTransactionAdvisor'
2024-07-21T15:50:02.434+02:00 TRACE 248560 --- [crud-springboot] [           main] o.s.b.f.s.DefaultListableBeanFactory     : Finished creating instance of bean 'org.springframework.boot.autoconfigure.web.servlet.WebMvcAutoConfiguration'
2024-07-21T15:50:02.434+02:00 DEBUG 248560 --- [crud-springboot] [           main] o.s.b.f.s.DefaultListableBeanFactory     : Creating shared instance of singleton bean 'formContentFilter'
2024-07-21T15:50:02.434+02:00 TRACE 248560 --- [crud-springboot] [           main] o.s.b.f.s.DefaultListableBeanFactory     : Creating instance of bean 'formContentFilter'
2024-07-21T15:50:02.434+02:00 TRACE 248560 --- [crud-springboot] [           main] o.s.b.f.s.DefaultListableBeanFactory     : Returning cached instance of singleton bean 'org.springframework.transaction.config.internalTransactionAdvisor'
2024-07-21T15:50:02.435+02:00 TRACE 248560 --- [crud-springboot] [           main] o.s.b.f.s.DefaultListableBeanFactory     : Returning cached instance of singleton bean 'org.springframework.boot.autoconfigure.web.servlet.WebMvcAutoConfiguration'
2024-07-21T15:50:02.437+02:00 TRACE 248560 --- [crud-springboot] [           main] o.s.b.f.s.DefaultListableBeanFactory     : Invoking afterPropertiesSet() on bean with name 'formContentFilter'
2024-07-21T15:50:02.437+02:00 TRACE 248560 --- [crud-springboot] [           main] o.s.b.f.s.DefaultListableBeanFactory     : Returning cached instance of singleton bean 'org.springframework.transaction.config.internalTransactionAdvisor'
2024-07-21T15:50:02.437+02:00 TRACE 248560 --- [crud-springboot] [           main] o.s.b.f.s.DefaultListableBeanFactory     : Returning cached instance of singleton bean 'org.springframework.transaction.config.internalTransactionAdvisor'
2024-07-21T15:50:02.439+02:00 TRACE 248560 --- [crud-springboot] [           main] o.s.b.f.s.DefaultListableBeanFactory     : Finished creating instance of bean 'formContentFilter'
2024-07-21T15:50:02.439+02:00 DEBUG 248560 --- [crud-springboot] [           main] o.s.b.f.s.DefaultListableBeanFactory     : Creating shared instance of singleton bean 'org.springframework.boot.autoconfigure.aop.AopAutoConfiguration$AspectJAutoProxyingConfiguration$CglibAutoProxyConfiguration'
2024-07-21T15:50:02.439+02:00 TRACE 248560 --- [crud-springboot] [           main] o.s.b.f.s.DefaultListableBeanFactory     : Creating instance of bean 'org.springframework.boot.autoconfigure.aop.AopAutoConfiguration$AspectJAutoProxyingConfiguration$CglibAutoProxyConfiguration'
2024-07-21T15:50:02.439+02:00 TRACE 248560 --- [crud-springboot] [           main] o.s.b.f.s.DefaultListableBeanFactory     : Returning cached instance of singleton bean 'org.springframework.transaction.config.internalTransactionAdvisor'
2024-07-21T15:50:02.440+02:00 TRACE 248560 --- [crud-springboot] [           main] o.s.b.f.s.DefaultListableBeanFactory     : Returning cached instance of singleton bean 'org.springframework.transaction.config.internalTransactionAdvisor'
2024-07-21T15:50:02.440+02:00 TRACE 248560 --- [crud-springboot] [           main] o.s.b.f.s.DefaultListableBeanFactory     : Returning cached instance of singleton bean 'org.springframework.transaction.config.internalTransactionAdvisor'
2024-07-21T15:50:02.440+02:00 TRACE 248560 --- [crud-springboot] [           main] o.s.b.f.s.DefaultListableBeanFactory     : Finished creating instance of bean 'org.springframework.boot.autoconfigure.aop.AopAutoConfiguration$AspectJAutoProxyingConfiguration$CglibAutoProxyConfiguration'
2024-07-21T15:50:02.440+02:00 TRACE 248560 --- [crud-springboot] [           main] o.s.b.f.s.DefaultListableBeanFactory     : Returning cached instance of singleton bean 'org.springframework.aop.config.internalAutoProxyCreator'
2024-07-21T15:50:02.440+02:00 DEBUG 248560 --- [crud-springboot] [           main] o.s.b.f.s.DefaultListableBeanFactory     : Creating shared instance of singleton bean 'org.springframework.boot.autoconfigure.aop.AopAutoConfiguration$AspectJAutoProxyingConfiguration'
2024-07-21T15:50:02.440+02:00 TRACE 248560 --- [crud-springboot] [           main] o.s.b.f.s.DefaultListableBeanFactory     : Creating instance of bean 'org.springframework.boot.autoconfigure.aop.AopAutoConfiguration$AspectJAutoProxyingConfiguration'
2024-07-21T15:50:02.441+02:00 TRACE 248560 --- [crud-springboot] [           main] o.s.b.f.s.DefaultListableBeanFactory     : Returning cached instance of singleton bean 'org.springframework.transaction.config.internalTransactionAdvisor'
2024-07-21T15:50:02.441+02:00 TRACE 248560 --- [crud-springboot] [           main] o.s.b.f.s.DefaultListableBeanFactory     : Returning cached instance of singleton bean 'org.springframework.transaction.config.internalTransactionAdvisor'
2024-07-21T15:50:02.441+02:00 TRACE 248560 --- [crud-springboot] [           main] o.s.b.f.s.DefaultListableBeanFactory     : Returning cached instance of singleton bean 'org.springframework.transaction.config.internalTransactionAdvisor'
2024-07-21T15:50:02.441+02:00 TRACE 248560 --- [crud-springboot] [           main] o.s.b.f.s.DefaultListableBeanFactory     : Finished creating instance of bean 'org.springframework.boot.autoconfigure.aop.AopAutoConfiguration$AspectJAutoProxyingConfiguration'
2024-07-21T15:50:02.441+02:00 DEBUG 248560 --- [crud-springboot] [           main] o.s.b.f.s.DefaultListableBeanFactory     : Creating shared instance of singleton bean 'org.springframework.boot.autoconfigure.aop.AopAutoConfiguration'
2024-07-21T15:50:02.441+02:00 TRACE 248560 --- [crud-springboot] [           main] o.s.b.f.s.DefaultListableBeanFactory     : Creating instance of bean 'org.springframework.boot.autoconfigure.aop.AopAutoConfiguration'
2024-07-21T15:50:02.441+02:00 TRACE 248560 --- [crud-springboot] [           main] o.s.b.f.s.DefaultListableBeanFactory     : Returning cached instance of singleton bean 'org.springframework.transaction.config.internalTransactionAdvisor'
2024-07-21T15:50:02.442+02:00 TRACE 248560 --- [crud-springboot] [           main] o.s.b.f.s.DefaultListableBeanFactory     : Returning cached instance of singleton bean 'org.springframework.transaction.config.internalTransactionAdvisor'
2024-07-21T15:50:02.442+02:00 TRACE 248560 --- [crud-springboot] [           main] o.s.b.f.s.DefaultListableBeanFactory     : Returning cached instance of singleton bean 'org.springframework.transaction.config.internalTransactionAdvisor'
2024-07-21T15:50:02.442+02:00 TRACE 248560 --- [crud-springboot] [           main] o.s.b.f.s.DefaultListableBeanFactory     : Finished creating instance of bean 'org.springframework.boot.autoconfigure.aop.AopAutoConfiguration'
2024-07-21T15:50:02.442+02:00 DEBUG 248560 --- [crud-springboot] [           main] o.s.b.f.s.DefaultListableBeanFactory     : Creating shared instance of singleton bean 'org.springframework.boot.autoconfigure.availability.ApplicationAvailabilityAutoConfiguration'
2024-07-21T15:50:02.442+02:00 TRACE 248560 --- [crud-springboot] [           main] o.s.b.f.s.DefaultListableBeanFactory     : Creating instance of bean 'org.springframework.boot.autoconfigure.availability.ApplicationAvailabilityAutoConfiguration'
2024-07-21T15:50:02.442+02:00 TRACE 248560 --- [crud-springboot] [           main] o.s.b.f.s.DefaultListableBeanFactory     : Returning cached instance of singleton bean 'org.springframework.transaction.config.internalTransactionAdvisor'
2024-07-21T15:50:02.442+02:00 TRACE 248560 --- [crud-springboot] [           main] o.s.b.f.s.DefaultListableBeanFactory     : Returning cached instance of singleton bean 'org.springframework.transaction.config.internalTransactionAdvisor'
2024-07-21T15:50:02.442+02:00 TRACE 248560 --- [crud-springboot] [           main] o.s.b.f.s.DefaultListableBeanFactory     : Returning cached instance of singleton bean 'org.springframework.transaction.config.internalTransactionAdvisor'
2024-07-21T15:50:02.442+02:00 TRACE 248560 --- [crud-springboot] [           main] o.s.b.f.s.DefaultListableBeanFactory     : Finished creating instance of bean 'org.springframework.boot.autoconfigure.availability.ApplicationAvailabilityAutoConfiguration'
2024-07-21T15:50:02.442+02:00 DEBUG 248560 --- [crud-springboot] [           main] o.s.b.f.s.DefaultListableBeanFactory     : Creating shared instance of singleton bean 'applicationAvailability'
2024-07-21T15:50:02.442+02:00 TRACE 248560 --- [crud-springboot] [           main] o.s.b.f.s.DefaultListableBeanFactory     : Creating instance of bean 'applicationAvailability'
2024-07-21T15:50:02.442+02:00 TRACE 248560 --- [crud-springboot] [           main] o.s.b.f.s.DefaultListableBeanFactory     : Returning cached instance of singleton bean 'org.springframework.transaction.config.internalTransactionAdvisor'
2024-07-21T15:50:02.443+02:00 TRACE 248560 --- [crud-springboot] [           main] o.s.b.f.s.DefaultListableBeanFactory     : Returning cached instance of singleton bean 'org.springframework.boot.autoconfigure.availability.ApplicationAvailabilityAutoConfiguration'
2024-07-21T15:50:02.445+02:00 TRACE 248560 --- [crud-springboot] [           main] o.s.b.f.s.DefaultListableBeanFactory     : Returning cached instance of singleton bean 'org.springframework.transaction.config.internalTransactionAdvisor'
2024-07-21T15:50:02.445+02:00 TRACE 248560 --- [crud-springboot] [           main] o.s.b.f.s.DefaultListableBeanFactory     : Returning cached instance of singleton bean 'org.springframework.transaction.config.internalTransactionAdvisor'
2024-07-21T15:50:02.445+02:00 TRACE 248560 --- [crud-springboot] [           main] o.s.b.f.s.DefaultListableBeanFactory     : Finished creating instance of bean 'applicationAvailability'
2024-07-21T15:50:02.446+02:00 DEBUG 248560 --- [crud-springboot] [           main] o.s.b.f.s.DefaultListableBeanFactory     : Creating shared instance of singleton bean 'org.springframework.boot.autoconfigure.transaction.jta.JtaAutoConfiguration'
2024-07-21T15:50:02.446+02:00 TRACE 248560 --- [crud-springboot] [           main] o.s.b.f.s.DefaultListableBeanFactory     : Creating instance of bean 'org.springframework.boot.autoconfigure.transaction.jta.JtaAutoConfiguration'
2024-07-21T15:50:02.446+02:00 TRACE 248560 --- [crud-springboot] [           main] o.s.b.f.s.DefaultListableBeanFactory     : Returning cached instance of singleton bean 'org.springframework.transaction.config.internalTransactionAdvisor'
2024-07-21T15:50:02.446+02:00 TRACE 248560 --- [crud-springboot] [           main] o.s.b.f.s.DefaultListableBeanFactory     : Returning cached instance of singleton bean 'org.springframework.transaction.config.internalTransactionAdvisor'
2024-07-21T15:50:02.446+02:00 TRACE 248560 --- [crud-springboot] [           main] o.s.b.f.s.DefaultListableBeanFactory     : Returning cached instance of singleton bean 'org.springframework.transaction.config.internalTransactionAdvisor'
2024-07-21T15:50:02.446+02:00 TRACE 248560 --- [crud-springboot] [           main] o.s.b.f.s.DefaultListableBeanFactory     : Finished creating instance of bean 'org.springframework.boot.autoconfigure.transaction.jta.JtaAutoConfiguration'
2024-07-21T15:50:02.446+02:00 TRACE 248560 --- [crud-springboot] [           main] o.s.b.f.s.DefaultListableBeanFactory     : Returning cached instance of singleton bean 'org.springframework.boot.autoconfigure.jdbc.DataSourceConfiguration$Hikari'
2024-07-21T15:50:02.446+02:00 TRACE 248560 --- [crud-springboot] [           main] o.s.b.f.s.DefaultListableBeanFactory     : Returning cached instance of singleton bean 'jdbcConnectionDetailsHikariBeanPostProcessor'
2024-07-21T15:50:02.446+02:00 TRACE 248560 --- [crud-springboot] [           main] o.s.b.f.s.DefaultListableBeanFactory     : Returning cached instance of singleton bean 'dataSource'
2024-07-21T15:50:02.446+02:00 TRACE 248560 --- [crud-springboot] [           main] o.s.b.f.s.DefaultListableBeanFactory     : Returning cached instance of singleton bean 'org.springframework.boot.autoconfigure.jdbc.DataSourceAutoConfiguration$PooledDataSourceConfiguration'
2024-07-21T15:50:02.446+02:00 TRACE 248560 --- [crud-springboot] [           main] o.s.b.f.s.DefaultListableBeanFactory     : Returning cached instance of singleton bean 'jdbcConnectionDetails'
2024-07-21T15:50:02.446+02:00 TRACE 248560 --- [crud-springboot] [           main] o.s.b.f.s.DefaultListableBeanFactory     : Returning cached instance of singleton bean 'org.springframework.boot.autoconfigure.jdbc.metadata.DataSourcePoolMetadataProvidersConfiguration$HikariPoolDataSourceMetadataProviderConfiguration'
2024-07-21T15:50:02.446+02:00 TRACE 248560 --- [crud-springboot] [           main] o.s.b.f.s.DefaultListableBeanFactory     : Returning cached instance of singleton bean 'hikariPoolDataSourceMetadataProvider'
2024-07-21T15:50:02.446+02:00 DEBUG 248560 --- [crud-springboot] [           main] o.s.b.f.s.DefaultListableBeanFactory     : Creating shared instance of singleton bean 'org.springframework.boot.autoconfigure.jdbc.metadata.DataSourcePoolMetadataProvidersConfiguration'
2024-07-21T15:50:02.446+02:00 TRACE 248560 --- [crud-springboot] [           main] o.s.b.f.s.DefaultListableBeanFactory     : Creating instance of bean 'org.springframework.boot.autoconfigure.jdbc.metadata.DataSourcePoolMetadataProvidersConfiguration'
2024-07-21T15:50:02.446+02:00 TRACE 248560 --- [crud-springboot] [           main] o.s.b.f.s.DefaultListableBeanFactory     : Returning cached instance of singleton bean 'org.springframework.transaction.config.internalTransactionAdvisor'
2024-07-21T15:50:02.447+02:00 TRACE 248560 --- [crud-springboot] [           main] o.s.b.f.s.DefaultListableBeanFactory     : Returning cached instance of singleton bean 'org.springframework.transaction.config.internalTransactionAdvisor'
2024-07-21T15:50:02.447+02:00 TRACE 248560 --- [crud-springboot] [           main] o.s.b.f.s.DefaultListableBeanFactory     : Returning cached instance of singleton bean 'org.springframework.transaction.config.internalTransactionAdvisor'
2024-07-21T15:50:02.447+02:00 TRACE 248560 --- [crud-springboot] [           main] o.s.b.f.s.DefaultListableBeanFactory     : Finished creating instance of bean 'org.springframework.boot.autoconfigure.jdbc.metadata.DataSourcePoolMetadataProvidersConfiguration'
2024-07-21T15:50:02.447+02:00 DEBUG 248560 --- [crud-springboot] [           main] o.s.b.f.s.DefaultListableBeanFactory     : Creating shared instance of singleton bean 'org.springframework.boot.autoconfigure.jdbc.DataSourceAutoConfiguration'
2024-07-21T15:50:02.447+02:00 TRACE 248560 --- [crud-springboot] [           main] o.s.b.f.s.DefaultListableBeanFactory     : Creating instance of bean 'org.springframework.boot.autoconfigure.jdbc.DataSourceAutoConfiguration'
2024-07-21T15:50:02.447+02:00 TRACE 248560 --- [crud-springboot] [           main] o.s.b.f.s.DefaultListableBeanFactory     : Returning cached instance of singleton bean 'org.springframework.transaction.config.internalTransactionAdvisor'
2024-07-21T15:50:02.447+02:00 TRACE 248560 --- [crud-springboot] [           main] o.s.b.f.s.DefaultListableBeanFactory     : Returning cached instance of singleton bean 'org.springframework.transaction.config.internalTransactionAdvisor'
2024-07-21T15:50:02.447+02:00 TRACE 248560 --- [crud-springboot] [           main] o.s.b.f.s.DefaultListableBeanFactory     : Returning cached instance of singleton bean 'org.springframework.transaction.config.internalTransactionAdvisor'
2024-07-21T15:50:02.447+02:00 TRACE 248560 --- [crud-springboot] [           main] o.s.b.f.s.DefaultListableBeanFactory     : Finished creating instance of bean 'org.springframework.boot.autoconfigure.jdbc.DataSourceAutoConfiguration'
2024-07-21T15:50:02.447+02:00 TRACE 248560 --- [crud-springboot] [           main] o.s.b.f.s.DefaultListableBeanFactory     : Returning cached instance of singleton bean 'spring.datasource-org.springframework.boot.autoconfigure.jdbc.DataSourceProperties'
2024-07-21T15:50:02.447+02:00 DEBUG 248560 --- [crud-springboot] [           main] o.s.b.f.s.DefaultListableBeanFactory     : Creating shared instance of singleton bean 'org.springframework.boot.autoconfigure.transaction.TransactionManagerCustomizationAutoConfiguration'
2024-07-21T15:50:02.447+02:00 TRACE 248560 --- [crud-springboot] [           main] o.s.b.f.s.DefaultListableBeanFactory     : Creating instance of bean 'org.springframework.boot.autoconfigure.transaction.TransactionManagerCustomizationAutoConfiguration'
2024-07-21T15:50:02.448+02:00 TRACE 248560 --- [crud-springboot] [           main] o.s.b.f.s.DefaultListableBeanFactory     : Returning cached instance of singleton bean 'org.springframework.transaction.config.internalTransactionAdvisor'
2024-07-21T15:50:02.448+02:00 TRACE 248560 --- [crud-springboot] [           main] o.s.b.f.s.DefaultListableBeanFactory     : Returning cached instance of singleton bean 'org.springframework.transaction.config.internalTransactionAdvisor'
2024-07-21T15:50:02.448+02:00 TRACE 248560 --- [crud-springboot] [           main] o.s.b.f.s.DefaultListableBeanFactory     : Returning cached instance of singleton bean 'org.springframework.transaction.config.internalTransactionAdvisor'
2024-07-21T15:50:02.448+02:00 TRACE 248560 --- [crud-springboot] [           main] o.s.b.f.s.DefaultListableBeanFactory     : Finished creating instance of bean 'org.springframework.boot.autoconfigure.transaction.TransactionManagerCustomizationAutoConfiguration'
2024-07-21T15:50:02.448+02:00 DEBUG 248560 --- [crud-springboot] [           main] o.s.b.f.s.DefaultListableBeanFactory     : Creating shared instance of singleton bean 'platformTransactionManagerCustomizers'
2024-07-21T15:50:02.448+02:00 TRACE 248560 --- [crud-springboot] [           main] o.s.b.f.s.DefaultListableBeanFactory     : Creating instance of bean 'platformTransactionManagerCustomizers'
2024-07-21T15:50:02.448+02:00 TRACE 248560 --- [crud-springboot] [           main] o.s.b.f.s.DefaultListableBeanFactory     : Returning cached instance of singleton bean 'org.springframework.transaction.config.internalTransactionAdvisor'
2024-07-21T15:50:02.448+02:00 TRACE 248560 --- [crud-springboot] [           main] o.s.b.f.s.DefaultListableBeanFactory     : Returning cached instance of singleton bean 'org.springframework.boot.autoconfigure.transaction.TransactionManagerCustomizationAutoConfiguration'
2024-07-21T15:50:02.450+02:00 DEBUG 248560 --- [crud-springboot] [           main] o.s.b.f.s.DefaultListableBeanFactory     : Creating shared instance of singleton bean 'transactionExecutionListeners'
2024-07-21T15:50:02.450+02:00 TRACE 248560 --- [crud-springboot] [           main] o.s.b.f.s.DefaultListableBeanFactory     : Creating instance of bean 'transactionExecutionListeners'
2024-07-21T15:50:02.451+02:00 TRACE 248560 --- [crud-springboot] [           main] o.s.b.f.s.DefaultListableBeanFactory     : Returning cached instance of singleton bean 'org.springframework.transaction.config.internalTransactionAdvisor'
2024-07-21T15:50:02.451+02:00 TRACE 248560 --- [crud-springboot] [           main] o.s.b.f.s.DefaultListableBeanFactory     : Returning cached instance of singleton bean 'org.springframework.boot.autoconfigure.transaction.TransactionManagerCustomizationAutoConfiguration'
2024-07-21T15:50:02.453+02:00 TRACE 248560 --- [crud-springboot] [           main] o.s.b.f.s.DefaultListableBeanFactory     : Returning cached instance of singleton bean 'org.springframework.transaction.config.internalTransactionAdvisor'
2024-07-21T15:50:02.453+02:00 TRACE 248560 --- [crud-springboot] [           main] o.s.b.f.s.DefaultListableBeanFactory     : Returning cached instance of singleton bean 'org.springframework.transaction.config.internalTransactionAdvisor'
2024-07-21T15:50:02.453+02:00 TRACE 248560 --- [crud-springboot] [           main] o.s.b.f.s.DefaultListableBeanFactory     : Finished creating instance of bean 'transactionExecutionListeners'
2024-07-21T15:50:02.453+02:00 DEBUG 248560 --- [crud-springboot] [           main] o.s.b.f.s.DefaultListableBeanFactory     : Creating shared instance of singleton bean 'spring.transaction-org.springframework.boot.autoconfigure.transaction.TransactionProperties'
2024-07-21T15:50:02.453+02:00 TRACE 248560 --- [crud-springboot] [           main] o.s.b.f.s.DefaultListableBeanFactory     : Creating instance of bean 'spring.transaction-org.springframework.boot.autoconfigure.transaction.TransactionProperties'
2024-07-21T15:50:02.453+02:00 TRACE 248560 --- [crud-springboot] [           main] o.s.b.f.s.DefaultListableBeanFactory     : Returning cached instance of singleton bean 'org.springframework.transaction.config.internalTransactionAdvisor'
2024-07-21T15:50:02.456+02:00 TRACE 248560 --- [crud-springboot] [           main] o.s.b.f.s.DefaultListableBeanFactory     : Returning cached instance of singleton bean 'org.springframework.boot.context.properties.BoundConfigurationProperties'
2024-07-21T15:50:02.458+02:00 TRACE 248560 --- [crud-springboot] [           main] o.s.b.f.s.DefaultListableBeanFactory     : Returning cached instance of singleton bean 'org.springframework.transaction.config.internalTransactionAdvisor'
2024-07-21T15:50:02.459+02:00 TRACE 248560 --- [crud-springboot] [           main] o.s.b.f.s.DefaultListableBeanFactory     : Returning cached instance of singleton bean 'org.springframework.transaction.config.internalTransactionAdvisor'
2024-07-21T15:50:02.459+02:00 TRACE 248560 --- [crud-springboot] [           main] o.s.b.f.s.DefaultListableBeanFactory     : Finished creating instance of bean 'spring.transaction-org.springframework.boot.autoconfigure.transaction.TransactionProperties'
2024-07-21T15:50:02.460+02:00 TRACE 248560 --- [crud-springboot] [           main] o.s.b.f.s.DefaultListableBeanFactory     : Returning cached instance of singleton bean 'transactionExecutionListeners'
2024-07-21T15:50:02.460+02:00 TRACE 248560 --- [crud-springboot] [           main] o.s.b.f.s.DefaultListableBeanFactory     : Returning cached instance of singleton bean 'spring.transaction-org.springframework.boot.autoconfigure.transaction.TransactionProperties'
2024-07-21T15:50:02.461+02:00 TRACE 248560 --- [crud-springboot] [           main] o.s.b.f.s.DefaultListableBeanFactory     : Returning cached instance of singleton bean 'org.springframework.transaction.config.internalTransactionAdvisor'
2024-07-21T15:50:02.461+02:00 TRACE 248560 --- [crud-springboot] [           main] o.s.b.f.s.DefaultListableBeanFactory     : Returning cached instance of singleton bean 'org.springframework.transaction.config.internalTransactionAdvisor'
2024-07-21T15:50:02.461+02:00 TRACE 248560 --- [crud-springboot] [           main] o.s.b.f.s.DefaultListableBeanFactory     : Finished creating instance of bean 'platformTransactionManagerCustomizers'
2024-07-21T15:50:02.462+02:00 TRACE 248560 --- [crud-springboot] [           main] o.s.b.f.s.DefaultListableBeanFactory     : Returning cached instance of singleton bean 'transactionExecutionListeners'
2024-07-21T15:50:02.462+02:00 TRACE 248560 --- [crud-springboot] [           main] o.s.b.f.s.DefaultListableBeanFactory     : Returning cached instance of singleton bean 'spring.transaction-org.springframework.boot.autoconfigure.transaction.TransactionProperties'
2024-07-21T15:50:02.462+02:00 TRACE 248560 --- [crud-springboot] [           main] o.s.b.f.s.DefaultListableBeanFactory     : Returning cached instance of singleton bean 'org.springframework.boot.autoconfigure.orm.jpa.JpaBaseConfiguration$JpaWebConfiguration'
2024-07-21T15:50:02.462+02:00 TRACE 248560 --- [crud-springboot] [           main] o.s.b.f.s.DefaultListableBeanFactory     : Returning cached instance of singleton bean 'openEntityManagerInViewInterceptor'
2024-07-21T15:50:02.462+02:00 TRACE 248560 --- [crud-springboot] [           main] o.s.b.f.s.DefaultListableBeanFactory     : Returning cached instance of singleton bean 'openEntityManagerInViewInterceptorConfigurer'
2024-07-21T15:50:02.462+02:00 DEBUG 248560 --- [crud-springboot] [           main] o.s.b.f.s.DefaultListableBeanFactory     : Creating shared instance of singleton bean 'org.springframework.boot.autoconfigure.orm.jpa.JpaBaseConfiguration$PersistenceManagedTypesConfiguration'
2024-07-21T15:50:02.462+02:00 TRACE 248560 --- [crud-springboot] [           main] o.s.b.f.s.DefaultListableBeanFactory     : Creating instance of bean 'org.springframework.boot.autoconfigure.orm.jpa.JpaBaseConfiguration$PersistenceManagedTypesConfiguration'
2024-07-21T15:50:02.462+02:00 TRACE 248560 --- [crud-springboot] [           main] o.s.b.f.s.DefaultListableBeanFactory     : Returning cached instance of singleton bean 'org.springframework.transaction.config.internalTransactionAdvisor'
2024-07-21T15:50:02.462+02:00 TRACE 248560 --- [crud-springboot] [           main] o.s.b.f.s.DefaultListableBeanFactory     : Returning cached instance of singleton bean 'org.springframework.transaction.config.internalTransactionAdvisor'
2024-07-21T15:50:02.462+02:00 TRACE 248560 --- [crud-springboot] [           main] o.s.b.f.s.DefaultListableBeanFactory     : Returning cached instance of singleton bean 'org.springframework.transaction.config.internalTransactionAdvisor'
2024-07-21T15:50:02.463+02:00 TRACE 248560 --- [crud-springboot] [           main] o.s.b.f.s.DefaultListableBeanFactory     : Finished creating instance of bean 'org.springframework.boot.autoconfigure.orm.jpa.JpaBaseConfiguration$PersistenceManagedTypesConfiguration'
2024-07-21T15:50:02.463+02:00 TRACE 248560 --- [crud-springboot] [           main] o.s.b.f.s.DefaultListableBeanFactory     : Returning cached instance of singleton bean 'persistenceManagedTypes'
2024-07-21T15:50:02.463+02:00 TRACE 248560 --- [crud-springboot] [           main] o.s.b.f.s.DefaultListableBeanFactory     : Returning cached instance of singleton bean 'org.springframework.boot.autoconfigure.orm.jpa.HibernateJpaConfiguration'
2024-07-21T15:50:02.463+02:00 DEBUG 248560 --- [crud-springboot] [           main] o.s.b.f.s.DefaultListableBeanFactory     : Creating shared instance of singleton bean 'transactionManager'
2024-07-21T15:50:02.463+02:00 TRACE 248560 --- [crud-springboot] [           main] o.s.b.f.s.DefaultListableBeanFactory     : Creating instance of bean 'transactionManager'
2024-07-21T15:50:02.463+02:00 TRACE 248560 --- [crud-springboot] [           main] o.s.b.f.s.DefaultListableBeanFactory     : Returning cached instance of singleton bean 'org.springframework.transaction.config.internalTransactionAdvisor'
2024-07-21T15:50:02.463+02:00 TRACE 248560 --- [crud-springboot] [           main] o.s.b.f.s.DefaultListableBeanFactory     : Returning cached instance of singleton bean 'org.springframework.boot.autoconfigure.orm.jpa.HibernateJpaConfiguration'
2024-07-21T15:50:02.470+02:00 TRACE 248560 --- [crud-springboot] [           main] o.s.b.f.s.DefaultListableBeanFactory     : Returning cached instance of singleton bean 'platformTransactionManagerCustomizers'
2024-07-21T15:50:02.478+02:00 TRACE 248560 --- [crud-springboot] [           main] o.s.b.f.s.DefaultListableBeanFactory     : Returning cached instance of singleton bean 'entityManagerFactory'
2024-07-21T15:50:02.478+02:00 TRACE 248560 --- [crud-springboot] [           main] o.s.b.f.s.DefaultListableBeanFactory     : Invoking afterPropertiesSet() on bean with name 'transactionManager'
2024-07-21T15:50:02.478+02:00 TRACE 248560 --- [crud-springboot] [           main] o.s.b.f.s.DefaultListableBeanFactory     : Returning cached instance of singleton bean 'org.springframework.transaction.config.internalTransactionAdvisor'
2024-07-21T15:50:02.479+02:00 TRACE 248560 --- [crud-springboot] [           main] o.s.b.f.s.DefaultListableBeanFactory     : Returning cached instance of singleton bean 'org.springframework.transaction.config.internalTransactionAdvisor'
2024-07-21T15:50:02.479+02:00 TRACE 248560 --- [crud-springboot] [           main] o.s.b.f.s.DefaultListableBeanFactory     : Finished creating instance of bean 'transactionManager'
2024-07-21T15:50:02.479+02:00 TRACE 248560 --- [crud-springboot] [           main] o.s.b.f.s.DefaultListableBeanFactory     : Returning cached instance of singleton bean 'jpaVendorAdapter'
2024-07-21T15:50:02.479+02:00 TRACE 248560 --- [crud-springboot] [           main] o.s.b.f.s.DefaultListableBeanFactory     : Returning cached instance of singleton bean 'entityManagerFactoryBuilder'
2024-07-21T15:50:02.479+02:00 TRACE 248560 --- [crud-springboot] [           main] o.s.b.f.s.DefaultListableBeanFactory     : Returning cached instance of singleton bean 'entityManagerFactory'
2024-07-21T15:50:02.479+02:00 TRACE 248560 --- [crud-springboot] [           main] o.s.b.f.s.DefaultListableBeanFactory     : Returning cached instance of singleton bean 'spring.jpa.hibernate-org.springframework.boot.autoconfigure.orm.jpa.HibernateProperties'
2024-07-21T15:50:02.479+02:00 TRACE 248560 --- [crud-springboot] [           main] o.s.b.f.s.DefaultListableBeanFactory     : Returning cached instance of singleton bean 'spring.jpa-org.springframework.boot.autoconfigure.orm.jpa.JpaProperties'
2024-07-21T15:50:02.479+02:00 DEBUG 248560 --- [crud-springboot] [           main] o.s.b.f.s.DefaultListableBeanFactory     : Creating shared instance of singleton bean 'org.springframework.boot.autoconfigure.orm.jpa.HibernateJpaAutoConfiguration'
2024-07-21T15:50:02.479+02:00 TRACE 248560 --- [crud-springboot] [           main] o.s.b.f.s.DefaultListableBeanFactory     : Creating instance of bean 'org.springframework.boot.autoconfigure.orm.jpa.HibernateJpaAutoConfiguration'
2024-07-21T15:50:02.479+02:00 TRACE 248560 --- [crud-springboot] [           main] o.s.b.f.s.DefaultListableBeanFactory     : Returning cached instance of singleton bean 'org.springframework.transaction.config.internalTransactionAdvisor'
2024-07-21T15:50:02.480+02:00 TRACE 248560 --- [crud-springboot] [           main] o.s.b.f.s.DefaultListableBeanFactory     : Returning cached instance of singleton bean 'org.springframework.transaction.config.internalTransactionAdvisor'
2024-07-21T15:50:02.480+02:00 TRACE 248560 --- [crud-springboot] [           main] o.s.b.f.s.DefaultListableBeanFactory     : Returning cached instance of singleton bean 'org.springframework.transaction.config.internalTransactionAdvisor'
2024-07-21T15:50:02.480+02:00 TRACE 248560 --- [crud-springboot] [           main] o.s.b.f.s.DefaultListableBeanFactory     : Finished creating instance of bean 'org.springframework.boot.autoconfigure.orm.jpa.HibernateJpaAutoConfiguration'
2024-07-21T15:50:02.480+02:00 TRACE 248560 --- [crud-springboot] [           main] o.s.b.f.s.DefaultListableBeanFactory     : Returning cached instance of singleton bean 'org.springframework.boot.autoconfigure.jackson.JacksonAutoConfiguration$Jackson2ObjectMapperBuilderCustomizerConfiguration'
2024-07-21T15:50:02.480+02:00 TRACE 248560 --- [crud-springboot] [           main] o.s.b.f.s.DefaultListableBeanFactory     : Returning cached instance of singleton bean 'standardJacksonObjectMapperBuilderCustomizer'
2024-07-21T15:50:02.480+02:00 TRACE 248560 --- [crud-springboot] [           main] o.s.b.f.s.DefaultListableBeanFactory     : Returning cached instance of singleton bean 'spring.jackson-org.springframework.boot.autoconfigure.jackson.JacksonProperties'
2024-07-21T15:50:02.480+02:00 TRACE 248560 --- [crud-springboot] [           main] o.s.b.f.s.DefaultListableBeanFactory     : Returning cached instance of singleton bean 'org.springframework.boot.autoconfigure.jackson.JacksonAutoConfiguration$JacksonObjectMapperBuilderConfiguration'
2024-07-21T15:50:02.480+02:00 TRACE 248560 --- [crud-springboot] [           main] o.s.b.f.s.DefaultListableBeanFactory     : Returning cached instance of singleton bean 'org.springframework.boot.autoconfigure.jackson.JacksonAutoConfiguration$ParameterNamesModuleConfiguration'
2024-07-21T15:50:02.480+02:00 TRACE 248560 --- [crud-springboot] [           main] o.s.b.f.s.DefaultListableBeanFactory     : Returning cached instance of singleton bean 'parameterNamesModule'
2024-07-21T15:50:02.480+02:00 TRACE 248560 --- [crud-springboot] [           main] o.s.b.f.s.DefaultListableBeanFactory     : Returning cached instance of singleton bean 'org.springframework.boot.autoconfigure.jackson.JacksonAutoConfiguration$JacksonObjectMapperConfiguration'
2024-07-21T15:50:02.480+02:00 TRACE 248560 --- [crud-springboot] [           main] o.s.b.f.s.DefaultListableBeanFactory     : Returning cached instance of singleton bean 'jacksonObjectMapper'
2024-07-21T15:50:02.480+02:00 TRACE 248560 --- [crud-springboot] [           main] o.s.b.f.s.DefaultListableBeanFactory     : Returning cached instance of singleton bean 'org.springframework.boot.autoconfigure.jackson.JacksonAutoConfiguration$JacksonMixinConfiguration'
2024-07-21T15:50:02.480+02:00 TRACE 248560 --- [crud-springboot] [           main] o.s.b.f.s.DefaultListableBeanFactory     : Returning cached instance of singleton bean 'jsonMixinModuleEntries'
2024-07-21T15:50:02.480+02:00 TRACE 248560 --- [crud-springboot] [           main] o.s.b.f.s.DefaultListableBeanFactory     : Returning cached instance of singleton bean 'jsonMixinModule'
2024-07-21T15:50:02.480+02:00 TRACE 248560 --- [crud-springboot] [           main] o.s.b.f.s.DefaultListableBeanFactory     : Returning cached instance of singleton bean 'org.springframework.boot.autoconfigure.jackson.JacksonAutoConfiguration'
2024-07-21T15:50:02.480+02:00 TRACE 248560 --- [crud-springboot] [           main] o.s.b.f.s.DefaultListableBeanFactory     : Returning cached instance of singleton bean 'jsonComponentModule'
2024-07-21T15:50:02.480+02:00 DEBUG 248560 --- [crud-springboot] [           main] o.s.b.f.s.DefaultListableBeanFactory     : Creating shared instance of singleton bean 'org.springframework.boot.autoconfigure.context.ConfigurationPropertiesAutoConfiguration'
2024-07-21T15:50:02.480+02:00 TRACE 248560 --- [crud-springboot] [           main] o.s.b.f.s.DefaultListableBeanFactory     : Creating instance of bean 'org.springframework.boot.autoconfigure.context.ConfigurationPropertiesAutoConfiguration'
2024-07-21T15:50:02.481+02:00 TRACE 248560 --- [crud-springboot] [           main] o.s.b.f.s.DefaultListableBeanFactory     : Returning cached instance of singleton bean 'org.springframework.transaction.config.internalTransactionAdvisor'
2024-07-21T15:50:02.481+02:00 TRACE 248560 --- [crud-springboot] [           main] o.s.b.f.s.DefaultListableBeanFactory     : Returning cached instance of singleton bean 'org.springframework.transaction.config.internalTransactionAdvisor'
2024-07-21T15:50:02.481+02:00 TRACE 248560 --- [crud-springboot] [           main] o.s.b.f.s.DefaultListableBeanFactory     : Returning cached instance of singleton bean 'org.springframework.transaction.config.internalTransactionAdvisor'
2024-07-21T15:50:02.481+02:00 TRACE 248560 --- [crud-springboot] [           main] o.s.b.f.s.DefaultListableBeanFactory     : Finished creating instance of bean 'org.springframework.boot.autoconfigure.context.ConfigurationPropertiesAutoConfiguration'
2024-07-21T15:50:02.481+02:00 DEBUG 248560 --- [crud-springboot] [           main] o.s.b.f.s.DefaultListableBeanFactory     : Creating shared instance of singleton bean 'org.springframework.boot.autoconfigure.context.LifecycleAutoConfiguration'
2024-07-21T15:50:02.481+02:00 TRACE 248560 --- [crud-springboot] [           main] o.s.b.f.s.DefaultListableBeanFactory     : Creating instance of bean 'org.springframework.boot.autoconfigure.context.LifecycleAutoConfiguration'
2024-07-21T15:50:02.481+02:00 TRACE 248560 --- [crud-springboot] [           main] o.s.b.f.s.DefaultListableBeanFactory     : Returning cached instance of singleton bean 'org.springframework.transaction.config.internalTransactionAdvisor'
2024-07-21T15:50:02.482+02:00 TRACE 248560 --- [crud-springboot] [           main] o.s.b.f.s.DefaultListableBeanFactory     : Returning cached instance of singleton bean 'org.springframework.transaction.config.internalTransactionAdvisor'
2024-07-21T15:50:02.482+02:00 TRACE 248560 --- [crud-springboot] [           main] o.s.b.f.s.DefaultListableBeanFactory     : Returning cached instance of singleton bean 'org.springframework.transaction.config.internalTransactionAdvisor'
2024-07-21T15:50:02.483+02:00 TRACE 248560 --- [crud-springboot] [           main] o.s.b.f.s.DefaultListableBeanFactory     : Finished creating instance of bean 'org.springframework.boot.autoconfigure.context.LifecycleAutoConfiguration'
2024-07-21T15:50:02.483+02:00 DEBUG 248560 --- [crud-springboot] [           main] o.s.b.f.s.DefaultListableBeanFactory     : Creating shared instance of singleton bean 'lifecycleProcessor'
2024-07-21T15:50:02.483+02:00 TRACE 248560 --- [crud-springboot] [           main] o.s.b.f.s.DefaultListableBeanFactory     : Creating instance of bean 'lifecycleProcessor'
2024-07-21T15:50:02.483+02:00 TRACE 248560 --- [crud-springboot] [           main] o.s.b.f.s.DefaultListableBeanFactory     : Returning cached instance of singleton bean 'org.springframework.transaction.config.internalTransactionAdvisor'
2024-07-21T15:50:02.483+02:00 TRACE 248560 --- [crud-springboot] [           main] o.s.b.f.s.DefaultListableBeanFactory     : Returning cached instance of singleton bean 'org.springframework.boot.autoconfigure.context.LifecycleAutoConfiguration'
2024-07-21T15:50:02.484+02:00 DEBUG 248560 --- [crud-springboot] [           main] o.s.b.f.s.DefaultListableBeanFactory     : Creating shared instance of singleton bean 'spring.lifecycle-org.springframework.boot.autoconfigure.context.LifecycleProperties'
2024-07-21T15:50:02.484+02:00 TRACE 248560 --- [crud-springboot] [           main] o.s.b.f.s.DefaultListableBeanFactory     : Creating instance of bean 'spring.lifecycle-org.springframework.boot.autoconfigure.context.LifecycleProperties'
2024-07-21T15:50:02.484+02:00 TRACE 248560 --- [crud-springboot] [           main] o.s.b.f.s.DefaultListableBeanFactory     : Returning cached instance of singleton bean 'org.springframework.transaction.config.internalTransactionAdvisor'
2024-07-21T15:50:02.485+02:00 TRACE 248560 --- [crud-springboot] [           main] o.s.b.f.s.DefaultListableBeanFactory     : Returning cached instance of singleton bean 'org.springframework.boot.context.properties.BoundConfigurationProperties'
2024-07-21T15:50:02.486+02:00 TRACE 248560 --- [crud-springboot] [           main] o.s.b.f.s.DefaultListableBeanFactory     : Returning cached instance of singleton bean 'org.springframework.transaction.config.internalTransactionAdvisor'
2024-07-21T15:50:02.486+02:00 TRACE 248560 --- [crud-springboot] [           main] o.s.b.f.s.DefaultListableBeanFactory     : Returning cached instance of singleton bean 'org.springframework.transaction.config.internalTransactionAdvisor'
2024-07-21T15:50:02.486+02:00 TRACE 248560 --- [crud-springboot] [           main] o.s.b.f.s.DefaultListableBeanFactory     : Finished creating instance of bean 'spring.lifecycle-org.springframework.boot.autoconfigure.context.LifecycleProperties'
2024-07-21T15:50:02.487+02:00 DEBUG 248560 --- [crud-springboot] [           main] o.s.b.f.s.DefaultListableBeanFactory     : Autowiring by type from bean name 'lifecycleProcessor' via factory method to bean named 'spring.lifecycle-org.springframework.boot.autoconfigure.context.LifecycleProperties'
2024-07-21T15:50:02.489+02:00 TRACE 248560 --- [crud-springboot] [           main] o.s.b.f.s.DefaultListableBeanFactory     : Returning cached instance of singleton bean 'org.springframework.transaction.config.internalTransactionAdvisor'
2024-07-21T15:50:02.489+02:00 TRACE 248560 --- [crud-springboot] [           main] o.s.b.f.s.DefaultListableBeanFactory     : Returning cached instance of singleton bean 'org.springframework.transaction.config.internalTransactionAdvisor'
2024-07-21T15:50:02.490+02:00 TRACE 248560 --- [crud-springboot] [           main] o.s.b.f.s.DefaultListableBeanFactory     : Finished creating instance of bean 'lifecycleProcessor'
2024-07-21T15:50:02.490+02:00 TRACE 248560 --- [crud-springboot] [           main] o.s.b.f.s.DefaultListableBeanFactory     : Returning cached instance of singleton bean 'spring.lifecycle-org.springframework.boot.autoconfigure.context.LifecycleProperties'
2024-07-21T15:50:02.490+02:00 DEBUG 248560 --- [crud-springboot] [           main] o.s.b.f.s.DefaultListableBeanFactory     : Creating shared instance of singleton bean 'org.springframework.boot.autoconfigure.dao.PersistenceExceptionTranslationAutoConfiguration'
2024-07-21T15:50:02.490+02:00 TRACE 248560 --- [crud-springboot] [           main] o.s.b.f.s.DefaultListableBeanFactory     : Creating instance of bean 'org.springframework.boot.autoconfigure.dao.PersistenceExceptionTranslationAutoConfiguration'
2024-07-21T15:50:02.490+02:00 TRACE 248560 --- [crud-springboot] [           main] o.s.b.f.s.DefaultListableBeanFactory     : Returning cached instance of singleton bean 'org.springframework.transaction.config.internalTransactionAdvisor'
2024-07-21T15:50:02.490+02:00 TRACE 248560 --- [crud-springboot] [           main] o.s.b.f.s.DefaultListableBeanFactory     : Returning cached instance of singleton bean 'org.springframework.transaction.config.internalTransactionAdvisor'
2024-07-21T15:50:02.490+02:00 TRACE 248560 --- [crud-springboot] [           main] o.s.b.f.s.DefaultListableBeanFactory     : Returning cached instance of singleton bean 'org.springframework.transaction.config.internalTransactionAdvisor'
2024-07-21T15:50:02.490+02:00 TRACE 248560 --- [crud-springboot] [           main] o.s.b.f.s.DefaultListableBeanFactory     : Finished creating instance of bean 'org.springframework.boot.autoconfigure.dao.PersistenceExceptionTranslationAutoConfiguration'
2024-07-21T15:50:02.490+02:00 TRACE 248560 --- [crud-springboot] [           main] o.s.b.f.s.DefaultListableBeanFactory     : Returning cached instance of singleton bean 'persistenceExceptionTranslationPostProcessor'
2024-07-21T15:50:02.490+02:00 DEBUG 248560 --- [crud-springboot] [           main] o.s.b.f.s.DefaultListableBeanFactory     : Creating shared instance of singleton bean 'org.springframework.boot.autoconfigure.data.jpa.JpaRepositoriesAutoConfiguration'
2024-07-21T15:50:02.490+02:00 TRACE 248560 --- [crud-springboot] [           main] o.s.b.f.s.DefaultListableBeanFactory     : Creating instance of bean 'org.springframework.boot.autoconfigure.data.jpa.JpaRepositoriesAutoConfiguration'
2024-07-21T15:50:02.490+02:00 TRACE 248560 --- [crud-springboot] [           main] o.s.b.f.s.DefaultListableBeanFactory     : Returning cached instance of singleton bean 'org.springframework.transaction.config.internalTransactionAdvisor'
2024-07-21T15:50:02.491+02:00 TRACE 248560 --- [crud-springboot] [           main] o.s.b.f.s.DefaultListableBeanFactory     : Returning cached instance of singleton bean 'org.springframework.transaction.config.internalTransactionAdvisor'
2024-07-21T15:50:02.491+02:00 TRACE 248560 --- [crud-springboot] [           main] o.s.b.f.s.DefaultListableBeanFactory     : Returning cached instance of singleton bean 'org.springframework.transaction.config.internalTransactionAdvisor'
2024-07-21T15:50:02.492+02:00 TRACE 248560 --- [crud-springboot] [           main] o.s.b.f.s.DefaultListableBeanFactory     : Finished creating instance of bean 'org.springframework.boot.autoconfigure.data.jpa.JpaRepositoriesAutoConfiguration'
2024-07-21T15:50:02.492+02:00 TRACE 248560 --- [crud-springboot] [           main] o.s.b.f.s.DefaultListableBeanFactory     : Returning cached instance of singleton bean 'jpaSharedEM_entityManagerFactory'
2024-07-21T15:50:02.492+02:00 DEBUG 248560 --- [crud-springboot] [           main] o.s.b.f.s.DefaultListableBeanFactory     : Creating shared instance of singleton bean 'org.springframework.data.jpa.util.JpaMetamodelCacheCleanup'
2024-07-21T15:50:02.492+02:00 TRACE 248560 --- [crud-springboot] [           main] o.s.b.f.s.DefaultListableBeanFactory     : Creating instance of bean 'org.springframework.data.jpa.util.JpaMetamodelCacheCleanup'
2024-07-21T15:50:02.492+02:00 TRACE 248560 --- [crud-springboot] [           main] o.s.b.f.s.DefaultListableBeanFactory     : Returning cached instance of singleton bean 'org.springframework.transaction.config.internalTransactionAdvisor'
2024-07-21T15:50:02.492+02:00 TRACE 248560 --- [crud-springboot] [           main] o.s.b.f.s.DefaultListableBeanFactory     : Returning cached instance of singleton bean 'org.springframework.transaction.config.internalTransactionAdvisor'
2024-07-21T15:50:02.492+02:00 TRACE 248560 --- [crud-springboot] [           main] o.s.b.f.s.DefaultListableBeanFactory     : Returning cached instance of singleton bean 'org.springframework.transaction.config.internalTransactionAdvisor'
2024-07-21T15:50:02.493+02:00 TRACE 248560 --- [crud-springboot] [           main] o.s.b.f.s.DefaultListableBeanFactory     : Finished creating instance of bean 'org.springframework.data.jpa.util.JpaMetamodelCacheCleanup'
2024-07-21T15:50:02.493+02:00 DEBUG 248560 --- [crud-springboot] [           main] o.s.b.f.s.DefaultListableBeanFactory     : Creating shared instance of singleton bean 'org.springframework.data.jpa.repository.support.JpaEvaluationContextExtension'
2024-07-21T15:50:02.493+02:00 TRACE 248560 --- [crud-springboot] [           main] o.s.b.f.s.DefaultListableBeanFactory     : Creating instance of bean 'org.springframework.data.jpa.repository.support.JpaEvaluationContextExtension'
2024-07-21T15:50:02.493+02:00 TRACE 248560 --- [crud-springboot] [           main] o.s.b.f.s.DefaultListableBeanFactory     : Returning cached instance of singleton bean 'org.springframework.transaction.config.internalTransactionAdvisor'
2024-07-21T15:50:02.495+02:00 TRACE 248560 --- [crud-springboot] [           main] o.s.b.f.s.DefaultListableBeanFactory     : Returning cached instance of singleton bean 'org.springframework.transaction.config.internalTransactionAdvisor'
2024-07-21T15:50:02.495+02:00 TRACE 248560 --- [crud-springboot] [           main] o.s.b.f.s.DefaultListableBeanFactory     : Returning cached instance of singleton bean 'org.springframework.transaction.config.internalTransactionAdvisor'
2024-07-21T15:50:02.496+02:00 TRACE 248560 --- [crud-springboot] [           main] o.s.b.f.s.DefaultListableBeanFactory     : Finished creating instance of bean 'org.springframework.data.jpa.repository.support.JpaEvaluationContextExtension'
2024-07-21T15:50:02.496+02:00 TRACE 248560 --- [crud-springboot] [           main] o.s.b.f.s.DefaultListableBeanFactory     : Returning cached instance of singleton bean 'jpa.named-queries#0'
2024-07-21T15:50:02.496+02:00 TRACE 248560 --- [crud-springboot] [           main] o.s.b.f.s.DefaultListableBeanFactory     : Returning cached instance of singleton bean 'jpa.PersonRepository.fragments#0'
2024-07-21T15:50:02.496+02:00 TRACE 248560 --- [crud-springboot] [           main] o.s.b.f.s.DefaultListableBeanFactory     : Returning cached instance of singleton bean 'personRepository'
2024-07-21T15:50:02.496+02:00 DEBUG 248560 --- [crud-springboot] [           main] o.s.b.f.s.DefaultListableBeanFactory     : Creating shared instance of singleton bean 'jpa.named-queries#1'
2024-07-21T15:50:02.496+02:00 TRACE 248560 --- [crud-springboot] [           main] o.s.b.f.s.DefaultListableBeanFactory     : Creating instance of bean 'jpa.named-queries#1'
2024-07-21T15:50:02.496+02:00 TRACE 248560 --- [crud-springboot] [           main] o.s.b.f.s.DefaultListableBeanFactory     : Returning cached instance of singleton bean 'org.springframework.transaction.config.internalTransactionAdvisor'
2024-07-21T15:50:02.496+02:00 TRACE 248560 --- [crud-springboot] [           main] o.s.beans.TypeConverterDelegate          : Converting String to [class [Lorg.springframework.core.io.Resource;] using property editor [org.springframework.core.io.support.ResourceArrayPropertyEditor@7acbd3d0]
2024-07-21T15:50:02.496+02:00 TRACE 248560 --- [crud-springboot] [           main] .i.s.PathMatchingResourcePatternResolver : Resolved module-path location pattern [META-INF/jpa-named-queries.properties] to resources []
2024-07-21T15:50:02.496+02:00 TRACE 248560 --- [crud-springboot] [           main] .i.s.PathMatchingResourcePatternResolver : Resolved class path location [META-INF/jpa-named-queries.properties] to resources []
2024-07-21T15:50:02.497+02:00 TRACE 248560 --- [crud-springboot] [           main] o.s.b.f.s.DefaultListableBeanFactory     : Invoking afterPropertiesSet() on bean with name 'jpa.named-queries#1'
2024-07-21T15:50:02.497+02:00 TRACE 248560 --- [crud-springboot] [           main] o.s.b.f.s.DefaultListableBeanFactory     : Returning cached instance of singleton bean 'org.springframework.transaction.config.internalTransactionAdvisor'
2024-07-21T15:50:02.497+02:00 TRACE 248560 --- [crud-springboot] [           main] o.s.b.f.s.DefaultListableBeanFactory     : Returning cached instance of singleton bean 'org.springframework.transaction.config.internalTransactionAdvisor'
2024-07-21T15:50:02.497+02:00 TRACE 248560 --- [crud-springboot] [           main] o.s.b.f.s.DefaultListableBeanFactory     : Finished creating instance of bean 'jpa.named-queries#1'
2024-07-21T15:50:02.497+02:00 DEBUG 248560 --- [crud-springboot] [           main] o.s.b.f.s.DefaultListableBeanFactory     : Creating shared instance of singleton bean 'jpa.DishRepository.fragments#0'
2024-07-21T15:50:02.497+02:00 TRACE 248560 --- [crud-springboot] [           main] o.s.b.f.s.DefaultListableBeanFactory     : Creating instance of bean 'jpa.DishRepository.fragments#0'
2024-07-21T15:50:02.497+02:00 TRACE 248560 --- [crud-springboot] [           main] o.s.b.f.s.DefaultListableBeanFactory     : Returning cached instance of singleton bean 'org.springframework.transaction.config.internalTransactionAdvisor'
2024-07-21T15:50:02.497+02:00 TRACE 248560 --- [crud-springboot] [           main] o.s.b.f.s.DefaultListableBeanFactory     : Invoking afterPropertiesSet() on bean with name 'jpa.DishRepository.fragments#0'
2024-07-21T15:50:02.497+02:00 TRACE 248560 --- [crud-springboot] [           main] o.s.b.f.s.DefaultListableBeanFactory     : Returning cached instance of singleton bean 'org.springframework.transaction.config.internalTransactionAdvisor'
2024-07-21T15:50:02.497+02:00 TRACE 248560 --- [crud-springboot] [           main] o.s.b.f.s.DefaultListableBeanFactory     : Returning cached instance of singleton bean 'org.springframework.transaction.config.internalTransactionAdvisor'
2024-07-21T15:50:02.497+02:00 TRACE 248560 --- [crud-springboot] [           main] o.s.b.f.s.DefaultListableBeanFactory     : Finished creating instance of bean 'jpa.DishRepository.fragments#0'
2024-07-21T15:50:02.498+02:00 DEBUG 248560 --- [crud-springboot] [           main] o.s.b.f.s.DefaultListableBeanFactory     : Creating shared instance of singleton bean 'dishRepository'
2024-07-21T15:50:02.498+02:00 TRACE 248560 --- [crud-springboot] [           main] o.s.b.f.s.DefaultListableBeanFactory     : Creating instance of bean 'dishRepository'
2024-07-21T15:50:02.498+02:00 TRACE 248560 --- [crud-springboot] [           main] o.s.b.f.s.DefaultListableBeanFactory     : Returning cached instance of singleton bean 'org.springframework.transaction.config.internalTransactionAdvisor'
2024-07-21T15:50:02.500+02:00 TRACE 248560 --- [crud-springboot] [           main] o.s.b.f.s.DefaultListableBeanFactory     : Returning cached instance of singleton bean 'jpa.named-queries#1'
2024-07-21T15:50:02.500+02:00 TRACE 248560 --- [crud-springboot] [           main] o.s.b.f.s.DefaultListableBeanFactory     : Returning cached instance of singleton bean 'org.springframework.transaction.config.internalTransactionAdvisor'
2024-07-21T15:50:02.500+02:00 TRACE 248560 --- [crud-springboot] [           main] o.s.b.f.s.DefaultListableBeanFactory     : Returning cached instance of singleton bean 'org.springframework.transaction.config.internalTransactionAdvisor'
2024-07-21T15:50:02.501+02:00 TRACE 248560 --- [crud-springboot] [           main] o.s.b.f.s.DefaultListableBeanFactory     : Returning cached instance of singleton bean 'jpa.DishRepository.fragments#0'
2024-07-21T15:50:02.501+02:00 TRACE 248560 --- [crud-springboot] [           main] o.s.b.f.s.DefaultListableBeanFactory     : Returning cached instance of singleton bean 'org.springframework.transaction.config.internalTransactionAdvisor'
2024-07-21T15:50:02.501+02:00 TRACE 248560 --- [crud-springboot] [           main] o.s.b.f.s.DefaultListableBeanFactory     : Returning cached instance of singleton bean 'org.springframework.transaction.config.internalTransactionAdvisor'
2024-07-21T15:50:02.501+02:00 TRACE 248560 --- [crud-springboot] [           main] o.s.b.f.s.DefaultListableBeanFactory     : Returning cached instance of singleton bean 'jpaSharedEM_entityManagerFactory'
2024-07-21T15:50:02.501+02:00 TRACE 248560 --- [crud-springboot] [           main] o.s.b.f.s.DefaultListableBeanFactory     : Returning cached instance of singleton bean 'jpaMappingContext'
2024-07-21T15:50:02.501+02:00 TRACE 248560 --- [crud-springboot] [           main] o.s.b.f.s.DefaultListableBeanFactory     : Invoking afterPropertiesSet() on bean with name 'dishRepository'
2024-07-21T15:50:02.502+02:00 DEBUG 248560 --- [crud-springboot] [           main] tor$SharedEntityManagerInvocationHandler : Creating new EntityManager for shared EntityManager invocation
2024-07-21T15:50:02.502+02:00 DEBUG 248560 --- [crud-springboot] [           main] o.s.d.r.c.s.RepositoryFactorySupport     : Initializing repository instance for com.cwa.crudspringboot.repository.DishRepository…
2024-07-21T15:50:02.502+02:00 TRACE 248560 --- [crud-springboot] [           main] o.s.b.f.s.DefaultListableBeanFactory     : Returning cached instance of singleton bean 'applicationStartup'
2024-07-21T15:50:02.503+02:00 TRACE 248560 --- [crud-springboot] [           main] o.s.aop.framework.JdkDynamicAopProxy     : Creating JDK dynamic proxy: org.springframework.data.jpa.repository.support.CrudMethodMetadataPostProcessor$ThreadBoundTargetSource@1f8ac459
2024-07-21T15:50:02.503+02:00 DEBUG 248560 --- [crud-springboot] [           main] tor$SharedEntityManagerInvocationHandler : Creating new EntityManager for shared EntityManager invocation
2024-07-21T15:50:02.504+02:00 TRACE 248560 --- [crud-springboot] [           main] o.s.aop.framework.JdkDynamicAopProxy     : Creating JDK dynamic proxy: org.springframework.data.jpa.repository.support.CrudMethodMetadataPostProcessor$ThreadBoundTargetSource@7d43c89f
2024-07-21T15:50:02.506+02:00 TRACE 248560 --- [crud-springboot] [           main] o.s.aop.framework.JdkDynamicAopProxy     : Creating JDK dynamic proxy: SingletonTargetSource for target object [org.springframework.data.jpa.repository.support.SimpleJpaRepository@149ef64a]
2024-07-21T15:50:02.512+02:00 DEBUG 248560 --- [crud-springboot] [           main] o.s.d.r.c.s.RepositoryFactorySupport     : Finished creation of repository instance for com.cwa.crudspringboot.repository.DishRepository.
2024-07-21T15:50:02.512+02:00 TRACE 248560 --- [crud-springboot] [           main] o.s.b.f.s.DefaultListableBeanFactory     : Returning cached instance of singleton bean 'org.springframework.transaction.config.internalTransactionAdvisor'
2024-07-21T15:50:02.512+02:00 TRACE 248560 --- [crud-springboot] [           main] o.s.b.f.s.DefaultListableBeanFactory     : Returning cached instance of singleton bean 'org.springframework.transaction.config.internalTransactionAdvisor'
2024-07-21T15:50:02.512+02:00 TRACE 248560 --- [crud-springboot] [           main] o.s.b.f.s.DefaultListableBeanFactory     : Finished creating instance of bean 'dishRepository'
2024-07-21T15:50:02.513+02:00 DEBUG 248560 --- [crud-springboot] [           main] o.s.b.f.s.DefaultListableBeanFactory     : Creating shared instance of singleton bean 'jpa.named-queries#2'
2024-07-21T15:50:02.513+02:00 TRACE 248560 --- [crud-springboot] [           main] o.s.b.f.s.DefaultListableBeanFactory     : Creating instance of bean 'jpa.named-queries#2'
2024-07-21T15:50:02.513+02:00 TRACE 248560 --- [crud-springboot] [           main] o.s.b.f.s.DefaultListableBeanFactory     : Returning cached instance of singleton bean 'org.springframework.transaction.config.internalTransactionAdvisor'
2024-07-21T15:50:02.513+02:00 TRACE 248560 --- [crud-springboot] [           main] o.s.beans.TypeConverterDelegate          : Converting String to [class [Lorg.springframework.core.io.Resource;] using property editor [org.springframework.core.io.support.ResourceArrayPropertyEditor@4d25943d]
2024-07-21T15:50:02.513+02:00 TRACE 248560 --- [crud-springboot] [           main] .i.s.PathMatchingResourcePatternResolver : Resolved module-path location pattern [META-INF/jpa-named-queries.properties] to resources []
2024-07-21T15:50:02.513+02:00 TRACE 248560 --- [crud-springboot] [           main] .i.s.PathMatchingResourcePatternResolver : Resolved class path location [META-INF/jpa-named-queries.properties] to resources []
2024-07-21T15:50:02.514+02:00 TRACE 248560 --- [crud-springboot] [           main] o.s.b.f.s.DefaultListableBeanFactory     : Invoking afterPropertiesSet() on bean with name 'jpa.named-queries#2'
2024-07-21T15:50:02.514+02:00 TRACE 248560 --- [crud-springboot] [           main] o.s.b.f.s.DefaultListableBeanFactory     : Returning cached instance of singleton bean 'org.springframework.transaction.config.internalTransactionAdvisor'
2024-07-21T15:50:02.514+02:00 TRACE 248560 --- [crud-springboot] [           main] o.s.b.f.s.DefaultListableBeanFactory     : Returning cached instance of singleton bean 'org.springframework.transaction.config.internalTransactionAdvisor'
2024-07-21T15:50:02.514+02:00 TRACE 248560 --- [crud-springboot] [           main] o.s.b.f.s.DefaultListableBeanFactory     : Finished creating instance of bean 'jpa.named-queries#2'
2024-07-21T15:50:02.514+02:00 DEBUG 248560 --- [crud-springboot] [           main] o.s.b.f.s.DefaultListableBeanFactory     : Creating shared instance of singleton bean 'jpa.AllergenRepository.fragments#0'
2024-07-21T15:50:02.514+02:00 TRACE 248560 --- [crud-springboot] [           main] o.s.b.f.s.DefaultListableBeanFactory     : Creating instance of bean 'jpa.AllergenRepository.fragments#0'
2024-07-21T15:50:02.514+02:00 TRACE 248560 --- [crud-springboot] [           main] o.s.b.f.s.DefaultListableBeanFactory     : Returning cached instance of singleton bean 'org.springframework.transaction.config.internalTransactionAdvisor'
2024-07-21T15:50:02.514+02:00 TRACE 248560 --- [crud-springboot] [           main] o.s.b.f.s.DefaultListableBeanFactory     : Invoking afterPropertiesSet() on bean with name 'jpa.AllergenRepository.fragments#0'
2024-07-21T15:50:02.514+02:00 TRACE 248560 --- [crud-springboot] [           main] o.s.b.f.s.DefaultListableBeanFactory     : Returning cached instance of singleton bean 'org.springframework.transaction.config.internalTransactionAdvisor'
2024-07-21T15:50:02.515+02:00 TRACE 248560 --- [crud-springboot] [           main] o.s.b.f.s.DefaultListableBeanFactory     : Returning cached instance of singleton bean 'org.springframework.transaction.config.internalTransactionAdvisor'
2024-07-21T15:50:02.515+02:00 TRACE 248560 --- [crud-springboot] [           main] o.s.b.f.s.DefaultListableBeanFactory     : Finished creating instance of bean 'jpa.AllergenRepository.fragments#0'
2024-07-21T15:50:02.515+02:00 DEBUG 248560 --- [crud-springboot] [           main] o.s.b.f.s.DefaultListableBeanFactory     : Creating shared instance of singleton bean 'allergenRepository'
2024-07-21T15:50:02.515+02:00 TRACE 248560 --- [crud-springboot] [           main] o.s.b.f.s.DefaultListableBeanFactory     : Creating instance of bean 'allergenRepository'
2024-07-21T15:50:02.515+02:00 TRACE 248560 --- [crud-springboot] [           main] o.s.b.f.s.DefaultListableBeanFactory     : Returning cached instance of singleton bean 'org.springframework.transaction.config.internalTransactionAdvisor'
2024-07-21T15:50:02.517+02:00 TRACE 248560 --- [crud-springboot] [           main] o.s.b.f.s.DefaultListableBeanFactory     : Returning cached instance of singleton bean 'jpa.named-queries#2'
2024-07-21T15:50:02.517+02:00 TRACE 248560 --- [crud-springboot] [           main] o.s.b.f.s.DefaultListableBeanFactory     : Returning cached instance of singleton bean 'org.springframework.transaction.config.internalTransactionAdvisor'
2024-07-21T15:50:02.517+02:00 TRACE 248560 --- [crud-springboot] [           main] o.s.b.f.s.DefaultListableBeanFactory     : Returning cached instance of singleton bean 'org.springframework.transaction.config.internalTransactionAdvisor'
2024-07-21T15:50:02.517+02:00 TRACE 248560 --- [crud-springboot] [           main] o.s.b.f.s.DefaultListableBeanFactory     : Returning cached instance of singleton bean 'jpa.AllergenRepository.fragments#0'
2024-07-21T15:50:02.517+02:00 TRACE 248560 --- [crud-springboot] [           main] o.s.b.f.s.DefaultListableBeanFactory     : Returning cached instance of singleton bean 'org.springframework.transaction.config.internalTransactionAdvisor'
2024-07-21T15:50:02.517+02:00 TRACE 248560 --- [crud-springboot] [           main] o.s.b.f.s.DefaultListableBeanFactory     : Returning cached instance of singleton bean 'org.springframework.transaction.config.internalTransactionAdvisor'
2024-07-21T15:50:02.517+02:00 TRACE 248560 --- [crud-springboot] [           main] o.s.b.f.s.DefaultListableBeanFactory     : Returning cached instance of singleton bean 'jpaSharedEM_entityManagerFactory'
2024-07-21T15:50:02.518+02:00 TRACE 248560 --- [crud-springboot] [           main] o.s.b.f.s.DefaultListableBeanFactory     : Returning cached instance of singleton bean 'jpaMappingContext'
2024-07-21T15:50:02.518+02:00 TRACE 248560 --- [crud-springboot] [           main] o.s.b.f.s.DefaultListableBeanFactory     : Invoking afterPropertiesSet() on bean with name 'allergenRepository'
2024-07-21T15:50:02.518+02:00 DEBUG 248560 --- [crud-springboot] [           main] tor$SharedEntityManagerInvocationHandler : Creating new EntityManager for shared EntityManager invocation
2024-07-21T15:50:02.519+02:00 DEBUG 248560 --- [crud-springboot] [           main] o.s.d.r.c.s.RepositoryFactorySupport     : Initializing repository instance for com.cwa.crudspringboot.repository.AllergenRepository…
2024-07-21T15:50:02.519+02:00 TRACE 248560 --- [crud-springboot] [           main] o.s.b.f.s.DefaultListableBeanFactory     : Returning cached instance of singleton bean 'applicationStartup'
2024-07-21T15:50:02.519+02:00 TRACE 248560 --- [crud-springboot] [           main] o.s.aop.framework.JdkDynamicAopProxy     : Creating JDK dynamic proxy: org.springframework.data.jpa.repository.support.CrudMethodMetadataPostProcessor$ThreadBoundTargetSource@261c5d1f
2024-07-21T15:50:02.520+02:00 DEBUG 248560 --- [crud-springboot] [           main] tor$SharedEntityManagerInvocationHandler : Creating new EntityManager for shared EntityManager invocation
2024-07-21T15:50:02.520+02:00 TRACE 248560 --- [crud-springboot] [           main] o.s.aop.framework.JdkDynamicAopProxy     : Creating JDK dynamic proxy: org.springframework.data.jpa.repository.support.CrudMethodMetadataPostProcessor$ThreadBoundTargetSource@570089c4
2024-07-21T15:50:02.523+02:00 TRACE 248560 --- [crud-springboot] [           main] o.s.aop.framework.JdkDynamicAopProxy     : Creating JDK dynamic proxy: SingletonTargetSource for target object [org.springframework.data.jpa.repository.support.SimpleJpaRepository@409df37d]
2024-07-21T15:50:02.530+02:00 DEBUG 248560 --- [crud-springboot] [           main] o.s.d.r.c.s.RepositoryFactorySupport     : Finished creation of repository instance for com.cwa.crudspringboot.repository.AllergenRepository.
2024-07-21T15:50:02.530+02:00 TRACE 248560 --- [crud-springboot] [           main] o.s.b.f.s.DefaultListableBeanFactory     : Returning cached instance of singleton bean 'org.springframework.transaction.config.internalTransactionAdvisor'
2024-07-21T15:50:02.530+02:00 TRACE 248560 --- [crud-springboot] [           main] o.s.b.f.s.DefaultListableBeanFactory     : Returning cached instance of singleton bean 'org.springframework.transaction.config.internalTransactionAdvisor'
2024-07-21T15:50:02.530+02:00 TRACE 248560 --- [crud-springboot] [           main] o.s.b.f.s.DefaultListableBeanFactory     : Finished creating instance of bean 'allergenRepository'
2024-07-21T15:50:02.531+02:00 DEBUG 248560 --- [crud-springboot] [           main] o.s.b.f.s.DefaultListableBeanFactory     : Creating shared instance of singleton bean 'jpa.named-queries#3'
2024-07-21T15:50:02.531+02:00 TRACE 248560 --- [crud-springboot] [           main] o.s.b.f.s.DefaultListableBeanFactory     : Creating instance of bean 'jpa.named-queries#3'
2024-07-21T15:50:02.531+02:00 TRACE 248560 --- [crud-springboot] [           main] o.s.b.f.s.DefaultListableBeanFactory     : Returning cached instance of singleton bean 'org.springframework.transaction.config.internalTransactionAdvisor'
2024-07-21T15:50:02.531+02:00 TRACE 248560 --- [crud-springboot] [           main] o.s.beans.TypeConverterDelegate          : Converting String to [class [Lorg.springframework.core.io.Resource;] using property editor [org.springframework.core.io.support.ResourceArrayPropertyEditor@3d9c69f8]
2024-07-21T15:50:02.531+02:00 TRACE 248560 --- [crud-springboot] [           main] .i.s.PathMatchingResourcePatternResolver : Resolved module-path location pattern [META-INF/jpa-named-queries.properties] to resources []
2024-07-21T15:50:02.532+02:00 TRACE 248560 --- [crud-springboot] [           main] .i.s.PathMatchingResourcePatternResolver : Resolved class path location [META-INF/jpa-named-queries.properties] to resources []
2024-07-21T15:50:02.532+02:00 TRACE 248560 --- [crud-springboot] [           main] o.s.b.f.s.DefaultListableBeanFactory     : Invoking afterPropertiesSet() on bean with name 'jpa.named-queries#3'
2024-07-21T15:50:02.532+02:00 TRACE 248560 --- [crud-springboot] [           main] o.s.b.f.s.DefaultListableBeanFactory     : Returning cached instance of singleton bean 'org.springframework.transaction.config.internalTransactionAdvisor'
2024-07-21T15:50:02.533+02:00 TRACE 248560 --- [crud-springboot] [           main] o.s.b.f.s.DefaultListableBeanFactory     : Returning cached instance of singleton bean 'org.springframework.transaction.config.internalTransactionAdvisor'
2024-07-21T15:50:02.534+02:00 TRACE 248560 --- [crud-springboot] [           main] o.s.b.f.s.DefaultListableBeanFactory     : Finished creating instance of bean 'jpa.named-queries#3'
2024-07-21T15:50:02.534+02:00 DEBUG 248560 --- [crud-springboot] [           main] o.s.b.f.s.DefaultListableBeanFactory     : Creating shared instance of singleton bean 'jpa.MenuRepository.fragments#0'
2024-07-21T15:50:02.534+02:00 TRACE 248560 --- [crud-springboot] [           main] o.s.b.f.s.DefaultListableBeanFactory     : Creating instance of bean 'jpa.MenuRepository.fragments#0'
2024-07-21T15:50:02.534+02:00 TRACE 248560 --- [crud-springboot] [           main] o.s.b.f.s.DefaultListableBeanFactory     : Returning cached instance of singleton bean 'org.springframework.transaction.config.internalTransactionAdvisor'
2024-07-21T15:50:02.534+02:00 TRACE 248560 --- [crud-springboot] [           main] o.s.b.f.s.DefaultListableBeanFactory     : Invoking afterPropertiesSet() on bean with name 'jpa.MenuRepository.fragments#0'
2024-07-21T15:50:02.534+02:00 TRACE 248560 --- [crud-springboot] [           main] o.s.b.f.s.DefaultListableBeanFactory     : Returning cached instance of singleton bean 'org.springframework.transaction.config.internalTransactionAdvisor'
2024-07-21T15:50:02.534+02:00 TRACE 248560 --- [crud-springboot] [           main] o.s.b.f.s.DefaultListableBeanFactory     : Returning cached instance of singleton bean 'org.springframework.transaction.config.internalTransactionAdvisor'
2024-07-21T15:50:02.535+02:00 TRACE 248560 --- [crud-springboot] [           main] o.s.b.f.s.DefaultListableBeanFactory     : Finished creating instance of bean 'jpa.MenuRepository.fragments#0'
2024-07-21T15:50:02.535+02:00 DEBUG 248560 --- [crud-springboot] [           main] o.s.b.f.s.DefaultListableBeanFactory     : Creating shared instance of singleton bean 'menuRepository'
2024-07-21T15:50:02.535+02:00 TRACE 248560 --- [crud-springboot] [           main] o.s.b.f.s.DefaultListableBeanFactory     : Creating instance of bean 'menuRepository'
2024-07-21T15:50:02.535+02:00 TRACE 248560 --- [crud-springboot] [           main] o.s.b.f.s.DefaultListableBeanFactory     : Returning cached instance of singleton bean 'org.springframework.transaction.config.internalTransactionAdvisor'
2024-07-21T15:50:02.536+02:00 TRACE 248560 --- [crud-springboot] [           main] o.s.b.f.s.DefaultListableBeanFactory     : Returning cached instance of singleton bean 'jpa.named-queries#3'
2024-07-21T15:50:02.536+02:00 TRACE 248560 --- [crud-springboot] [           main] o.s.b.f.s.DefaultListableBeanFactory     : Returning cached instance of singleton bean 'org.springframework.transaction.config.internalTransactionAdvisor'
2024-07-21T15:50:02.537+02:00 TRACE 248560 --- [crud-springboot] [           main] o.s.b.f.s.DefaultListableBeanFactory     : Returning cached instance of singleton bean 'org.springframework.transaction.config.internalTransactionAdvisor'
2024-07-21T15:50:02.537+02:00 TRACE 248560 --- [crud-springboot] [           main] o.s.b.f.s.DefaultListableBeanFactory     : Returning cached instance of singleton bean 'jpa.MenuRepository.fragments#0'
2024-07-21T15:50:02.537+02:00 TRACE 248560 --- [crud-springboot] [           main] o.s.b.f.s.DefaultListableBeanFactory     : Returning cached instance of singleton bean 'org.springframework.transaction.config.internalTransactionAdvisor'
2024-07-21T15:50:02.537+02:00 TRACE 248560 --- [crud-springboot] [           main] o.s.b.f.s.DefaultListableBeanFactory     : Returning cached instance of singleton bean 'org.springframework.transaction.config.internalTransactionAdvisor'
2024-07-21T15:50:02.537+02:00 TRACE 248560 --- [crud-springboot] [           main] o.s.b.f.s.DefaultListableBeanFactory     : Returning cached instance of singleton bean 'jpaSharedEM_entityManagerFactory'
2024-07-21T15:50:02.537+02:00 TRACE 248560 --- [crud-springboot] [           main] o.s.b.f.s.DefaultListableBeanFactory     : Returning cached instance of singleton bean 'jpaMappingContext'
2024-07-21T15:50:02.537+02:00 TRACE 248560 --- [crud-springboot] [           main] o.s.b.f.s.DefaultListableBeanFactory     : Invoking afterPropertiesSet() on bean with name 'menuRepository'
2024-07-21T15:50:02.538+02:00 DEBUG 248560 --- [crud-springboot] [           main] tor$SharedEntityManagerInvocationHandler : Creating new EntityManager for shared EntityManager invocation
2024-07-21T15:50:02.538+02:00 DEBUG 248560 --- [crud-springboot] [           main] o.s.d.r.c.s.RepositoryFactorySupport     : Initializing repository instance for com.cwa.crudspringboot.repository.MenuRepository…
2024-07-21T15:50:02.538+02:00 TRACE 248560 --- [crud-springboot] [           main] o.s.b.f.s.DefaultListableBeanFactory     : Returning cached instance of singleton bean 'applicationStartup'
2024-07-21T15:50:02.539+02:00 TRACE 248560 --- [crud-springboot] [           main] o.s.aop.framework.JdkDynamicAopProxy     : Creating JDK dynamic proxy: org.springframework.data.jpa.repository.support.CrudMethodMetadataPostProcessor$ThreadBoundTargetSource@5b908c6d
2024-07-21T15:50:02.540+02:00 DEBUG 248560 --- [crud-springboot] [           main] tor$SharedEntityManagerInvocationHandler : Creating new EntityManager for shared EntityManager invocation
2024-07-21T15:50:02.541+02:00 TRACE 248560 --- [crud-springboot] [           main] o.s.aop.framework.JdkDynamicAopProxy     : Creating JDK dynamic proxy: org.springframework.data.jpa.repository.support.CrudMethodMetadataPostProcessor$ThreadBoundTargetSource@4b89515b
2024-07-21T15:50:02.546+02:00 TRACE 248560 --- [crud-springboot] [           main] o.s.aop.framework.JdkDynamicAopProxy     : Creating JDK dynamic proxy: SingletonTargetSource for target object [org.springframework.data.jpa.repository.support.SimpleJpaRepository@496e2bdd]
2024-07-21T15:50:02.552+02:00 DEBUG 248560 --- [crud-springboot] [           main] o.s.d.r.c.s.RepositoryFactorySupport     : Finished creation of repository instance for com.cwa.crudspringboot.repository.MenuRepository.
2024-07-21T15:50:02.552+02:00 TRACE 248560 --- [crud-springboot] [           main] o.s.b.f.s.DefaultListableBeanFactory     : Returning cached instance of singleton bean 'org.springframework.transaction.config.internalTransactionAdvisor'
2024-07-21T15:50:02.552+02:00 TRACE 248560 --- [crud-springboot] [           main] o.s.b.f.s.DefaultListableBeanFactory     : Returning cached instance of singleton bean 'org.springframework.transaction.config.internalTransactionAdvisor'
2024-07-21T15:50:02.553+02:00 TRACE 248560 --- [crud-springboot] [           main] o.s.b.f.s.DefaultListableBeanFactory     : Finished creating instance of bean 'menuRepository'
2024-07-21T15:50:02.553+02:00 DEBUG 248560 --- [crud-springboot] [           main] o.s.b.f.s.DefaultListableBeanFactory     : Creating shared instance of singleton bean 'jpa.named-queries#4'
2024-07-21T15:50:02.553+02:00 TRACE 248560 --- [crud-springboot] [           main] o.s.b.f.s.DefaultListableBeanFactory     : Creating instance of bean 'jpa.named-queries#4'
2024-07-21T15:50:02.553+02:00 TRACE 248560 --- [crud-springboot] [           main] o.s.b.f.s.DefaultListableBeanFactory     : Returning cached instance of singleton bean 'org.springframework.transaction.config.internalTransactionAdvisor'
2024-07-21T15:50:02.553+02:00 TRACE 248560 --- [crud-springboot] [           main] o.s.beans.TypeConverterDelegate          : Converting String to [class [Lorg.springframework.core.io.Resource;] using property editor [org.springframework.core.io.support.ResourceArrayPropertyEditor@77350382]
2024-07-21T15:50:02.553+02:00 TRACE 248560 --- [crud-springboot] [           main] .i.s.PathMatchingResourcePatternResolver : Resolved module-path location pattern [META-INF/jpa-named-queries.properties] to resources []
2024-07-21T15:50:02.554+02:00 TRACE 248560 --- [crud-springboot] [           main] .i.s.PathMatchingResourcePatternResolver : Resolved class path location [META-INF/jpa-named-queries.properties] to resources []
2024-07-21T15:50:02.554+02:00 TRACE 248560 --- [crud-springboot] [           main] o.s.b.f.s.DefaultListableBeanFactory     : Invoking afterPropertiesSet() on bean with name 'jpa.named-queries#4'
2024-07-21T15:50:02.554+02:00 TRACE 248560 --- [crud-springboot] [           main] o.s.b.f.s.DefaultListableBeanFactory     : Returning cached instance of singleton bean 'org.springframework.transaction.config.internalTransactionAdvisor'
2024-07-21T15:50:02.554+02:00 TRACE 248560 --- [crud-springboot] [           main] o.s.b.f.s.DefaultListableBeanFactory     : Returning cached instance of singleton bean 'org.springframework.transaction.config.internalTransactionAdvisor'
2024-07-21T15:50:02.555+02:00 TRACE 248560 --- [crud-springboot] [           main] o.s.b.f.s.DefaultListableBeanFactory     : Finished creating instance of bean 'jpa.named-queries#4'
2024-07-21T15:50:02.555+02:00 DEBUG 248560 --- [crud-springboot] [           main] o.s.b.f.s.DefaultListableBeanFactory     : Creating shared instance of singleton bean 'jpa.IngredientRepository.fragments#0'
2024-07-21T15:50:02.555+02:00 TRACE 248560 --- [crud-springboot] [           main] o.s.b.f.s.DefaultListableBeanFactory     : Creating instance of bean 'jpa.IngredientRepository.fragments#0'
2024-07-21T15:50:02.555+02:00 TRACE 248560 --- [crud-springboot] [           main] o.s.b.f.s.DefaultListableBeanFactory     : Returning cached instance of singleton bean 'org.springframework.transaction.config.internalTransactionAdvisor'
2024-07-21T15:50:02.555+02:00 TRACE 248560 --- [crud-springboot] [           main] o.s.b.f.s.DefaultListableBeanFactory     : Invoking afterPropertiesSet() on bean with name 'jpa.IngredientRepository.fragments#0'
2024-07-21T15:50:02.555+02:00 TRACE 248560 --- [crud-springboot] [           main] o.s.b.f.s.DefaultListableBeanFactory     : Returning cached instance of singleton bean 'org.springframework.transaction.config.internalTransactionAdvisor'
2024-07-21T15:50:02.555+02:00 TRACE 248560 --- [crud-springboot] [           main] o.s.b.f.s.DefaultListableBeanFactory     : Returning cached instance of singleton bean 'org.springframework.transaction.config.internalTransactionAdvisor'
2024-07-21T15:50:02.555+02:00 TRACE 248560 --- [crud-springboot] [           main] o.s.b.f.s.DefaultListableBeanFactory     : Finished creating instance of bean 'jpa.IngredientRepository.fragments#0'
2024-07-21T15:50:02.555+02:00 DEBUG 248560 --- [crud-springboot] [           main] o.s.b.f.s.DefaultListableBeanFactory     : Creating shared instance of singleton bean 'ingredientRepository'
2024-07-21T15:50:02.556+02:00 TRACE 248560 --- [crud-springboot] [           main] o.s.b.f.s.DefaultListableBeanFactory     : Creating instance of bean 'ingredientRepository'
2024-07-21T15:50:02.556+02:00 TRACE 248560 --- [crud-springboot] [           main] o.s.b.f.s.DefaultListableBeanFactory     : Returning cached instance of singleton bean 'org.springframework.transaction.config.internalTransactionAdvisor'
2024-07-21T15:50:02.557+02:00 TRACE 248560 --- [crud-springboot] [           main] o.s.b.f.s.DefaultListableBeanFactory     : Returning cached instance of singleton bean 'jpa.named-queries#4'
2024-07-21T15:50:02.557+02:00 TRACE 248560 --- [crud-springboot] [           main] o.s.b.f.s.DefaultListableBeanFactory     : Returning cached instance of singleton bean 'org.springframework.transaction.config.internalTransactionAdvisor'
2024-07-21T15:50:02.557+02:00 TRACE 248560 --- [crud-springboot] [           main] o.s.b.f.s.DefaultListableBeanFactory     : Returning cached instance of singleton bean 'org.springframework.transaction.config.internalTransactionAdvisor'
2024-07-21T15:50:02.557+02:00 TRACE 248560 --- [crud-springboot] [           main] o.s.b.f.s.DefaultListableBeanFactory     : Returning cached instance of singleton bean 'jpa.IngredientRepository.fragments#0'
2024-07-21T15:50:02.557+02:00 TRACE 248560 --- [crud-springboot] [           main] o.s.b.f.s.DefaultListableBeanFactory     : Returning cached instance of singleton bean 'org.springframework.transaction.config.internalTransactionAdvisor'
2024-07-21T15:50:02.558+02:00 TRACE 248560 --- [crud-springboot] [           main] o.s.b.f.s.DefaultListableBeanFactory     : Returning cached instance of singleton bean 'org.springframework.transaction.config.internalTransactionAdvisor'
2024-07-21T15:50:02.558+02:00 TRACE 248560 --- [crud-springboot] [           main] o.s.b.f.s.DefaultListableBeanFactory     : Returning cached instance of singleton bean 'jpaSharedEM_entityManagerFactory'
2024-07-21T15:50:02.558+02:00 TRACE 248560 --- [crud-springboot] [           main] o.s.b.f.s.DefaultListableBeanFactory     : Returning cached instance of singleton bean 'jpaMappingContext'
2024-07-21T15:50:02.558+02:00 TRACE 248560 --- [crud-springboot] [           main] o.s.b.f.s.DefaultListableBeanFactory     : Invoking afterPropertiesSet() on bean with name 'ingredientRepository'
2024-07-21T15:50:02.558+02:00 DEBUG 248560 --- [crud-springboot] [           main] tor$SharedEntityManagerInvocationHandler : Creating new EntityManager for shared EntityManager invocation
2024-07-21T15:50:02.560+02:00 DEBUG 248560 --- [crud-springboot] [           main] o.s.d.r.c.s.RepositoryFactorySupport     : Initializing repository instance for com.cwa.crudspringboot.repository.IngredientRepository…
2024-07-21T15:50:02.560+02:00 TRACE 248560 --- [crud-springboot] [           main] o.s.b.f.s.DefaultListableBeanFactory     : Returning cached instance of singleton bean 'applicationStartup'
2024-07-21T15:50:02.561+02:00 TRACE 248560 --- [crud-springboot] [           main] o.s.aop.framework.JdkDynamicAopProxy     : Creating JDK dynamic proxy: org.springframework.data.jpa.repository.support.CrudMethodMetadataPostProcessor$ThreadBoundTargetSource@42fc744
2024-07-21T15:50:02.561+02:00 DEBUG 248560 --- [crud-springboot] [           main] tor$SharedEntityManagerInvocationHandler : Creating new EntityManager for shared EntityManager invocation
2024-07-21T15:50:02.562+02:00 TRACE 248560 --- [crud-springboot] [           main] o.s.aop.framework.JdkDynamicAopProxy     : Creating JDK dynamic proxy: org.springframework.data.jpa.repository.support.CrudMethodMetadataPostProcessor$ThreadBoundTargetSource@7915111a
2024-07-21T15:50:02.565+02:00 TRACE 248560 --- [crud-springboot] [           main] o.s.aop.framework.JdkDynamicAopProxy     : Creating JDK dynamic proxy: SingletonTargetSource for target object [org.springframework.data.jpa.repository.support.SimpleJpaRepository@37aec9b]
2024-07-21T15:50:02.572+02:00 DEBUG 248560 --- [crud-springboot] [           main] o.s.d.r.c.s.RepositoryFactorySupport     : Finished creation of repository instance for com.cwa.crudspringboot.repository.IngredientRepository.
2024-07-21T15:50:02.572+02:00 TRACE 248560 --- [crud-springboot] [           main] o.s.b.f.s.DefaultListableBeanFactory     : Returning cached instance of singleton bean 'org.springframework.transaction.config.internalTransactionAdvisor'
2024-07-21T15:50:02.572+02:00 TRACE 248560 --- [crud-springboot] [           main] o.s.b.f.s.DefaultListableBeanFactory     : Returning cached instance of singleton bean 'org.springframework.transaction.config.internalTransactionAdvisor'
2024-07-21T15:50:02.572+02:00 TRACE 248560 --- [crud-springboot] [           main] o.s.b.f.s.DefaultListableBeanFactory     : Finished creating instance of bean 'ingredientRepository'
2024-07-21T15:50:02.573+02:00 TRACE 248560 --- [crud-springboot] [           main] o.s.b.f.s.DefaultListableBeanFactory     : Returning cached instance of singleton bean 'jpa.named-queries#5'
2024-07-21T15:50:02.573+02:00 TRACE 248560 --- [crud-springboot] [           main] o.s.b.f.s.DefaultListableBeanFactory     : Returning cached instance of singleton bean 'jpa.UserRepository.fragments#0'
2024-07-21T15:50:02.573+02:00 TRACE 248560 --- [crud-springboot] [           main] o.s.b.f.s.DefaultListableBeanFactory     : Returning cached instance of singleton bean 'userRepository'
2024-07-21T15:50:02.573+02:00 TRACE 248560 --- [crud-springboot] [           main] o.s.b.f.s.DefaultListableBeanFactory     : Returning cached instance of singleton bean 'jpa.named-queries#6'
2024-07-21T15:50:02.573+02:00 TRACE 248560 --- [crud-springboot] [           main] o.s.b.f.s.DefaultListableBeanFactory     : Returning cached instance of singleton bean 'jpa.CardRepository.fragments#0'
2024-07-21T15:50:02.573+02:00 TRACE 248560 --- [crud-springboot] [           main] o.s.b.f.s.DefaultListableBeanFactory     : Returning cached instance of singleton bean 'cardRepository'
2024-07-21T15:50:02.573+02:00 DEBUG 248560 --- [crud-springboot] [           main] o.s.b.f.s.DefaultListableBeanFactory     : Creating shared instance of singleton bean 'data-jpa.repository-aot-processor#0'
2024-07-21T15:50:02.573+02:00 TRACE 248560 --- [crud-springboot] [           main] o.s.b.f.s.DefaultListableBeanFactory     : Creating instance of bean 'data-jpa.repository-aot-processor#0'
2024-07-21T15:50:02.573+02:00 TRACE 248560 --- [crud-springboot] [           main] o.s.b.f.s.DefaultListableBeanFactory     : Returning cached instance of singleton bean 'org.springframework.transaction.config.internalTransactionAdvisor'
2024-07-21T15:50:02.579+02:00 TRACE 248560 --- [crud-springboot] [           main] o.s.beans.CachedIntrospectionResults     : Getting BeanInfo for class [org.springframework.data.jpa.repository.config.JpaRepositoryConfigExtension$JpaRepositoryRegistrationAotProcessor]
2024-07-21T15:50:02.579+02:00 TRACE 248560 --- [crud-springboot] [           main] o.s.beans.CachedIntrospectionResults     : Caching PropertyDescriptors for class [org.springframework.data.jpa.repository.config.JpaRepositoryConfigExtension$JpaRepositoryRegistrationAotProcessor]
2024-07-21T15:50:02.579+02:00 TRACE 248560 --- [crud-springboot] [           main] o.s.beans.CachedIntrospectionResults     : Found bean property 'beanExcludedFromAotProcessing' of type [boolean]
2024-07-21T15:50:02.579+02:00 TRACE 248560 --- [crud-springboot] [           main] o.s.beans.CachedIntrospectionResults     : Found bean property 'beanFactory' of type [org.springframework.beans.factory.BeanFactory]
2024-07-21T15:50:02.579+02:00 TRACE 248560 --- [crud-springboot] [           main] o.s.beans.CachedIntrospectionResults     : Found bean property 'class' of type [java.lang.Class]
2024-07-21T15:50:02.579+02:00 TRACE 248560 --- [crud-springboot] [           main] o.s.beans.CachedIntrospectionResults     : Found bean property 'configMap' of type [java.util.Map]
2024-07-21T15:50:02.583+02:00 TRACE 248560 --- [crud-springboot] [           main] o.s.b.f.s.DefaultListableBeanFactory     : Returning cached instance of singleton bean 'org.springframework.transaction.config.internalTransactionAdvisor'
2024-07-21T15:50:02.583+02:00 TRACE 248560 --- [crud-springboot] [           main] o.s.b.f.s.DefaultListableBeanFactory     : Returning cached instance of singleton bean 'org.springframework.transaction.config.internalTransactionAdvisor'
2024-07-21T15:50:02.583+02:00 TRACE 248560 --- [crud-springboot] [           main] o.s.b.f.s.DefaultListableBeanFactory     : Finished creating instance of bean 'data-jpa.repository-aot-processor#0'
2024-07-21T15:50:02.583+02:00 TRACE 248560 --- [crud-springboot] [           main] o.s.b.f.s.DefaultListableBeanFactory     : Returning cached instance of singleton bean 'org.springframework.boot.autoconfigure.http.HttpMessageConvertersAutoConfiguration$StringHttpMessageConverterConfiguration'
2024-07-21T15:50:02.584+02:00 TRACE 248560 --- [crud-springboot] [           main] o.s.b.f.s.DefaultListableBeanFactory     : Returning cached instance of singleton bean 'stringHttpMessageConverter'
2024-07-21T15:50:02.584+02:00 TRACE 248560 --- [crud-springboot] [           main] o.s.b.f.s.DefaultListableBeanFactory     : Returning cached instance of singleton bean 'org.springframework.boot.autoconfigure.http.JacksonHttpMessageConvertersConfiguration$MappingJackson2HttpMessageConverterConfiguration'
2024-07-21T15:50:02.584+02:00 TRACE 248560 --- [crud-springboot] [           main] o.s.b.f.s.DefaultListableBeanFactory     : Returning cached instance of singleton bean 'mappingJackson2HttpMessageConverter'
2024-07-21T15:50:02.584+02:00 DEBUG 248560 --- [crud-springboot] [           main] o.s.b.f.s.DefaultListableBeanFactory     : Creating shared instance of singleton bean 'org.springframework.boot.autoconfigure.http.JacksonHttpMessageConvertersConfiguration'
2024-07-21T15:50:02.584+02:00 TRACE 248560 --- [crud-springboot] [           main] o.s.b.f.s.DefaultListableBeanFactory     : Creating instance of bean 'org.springframework.boot.autoconfigure.http.JacksonHttpMessageConvertersConfiguration'
2024-07-21T15:50:02.584+02:00 TRACE 248560 --- [crud-springboot] [           main] o.s.b.f.s.DefaultListableBeanFactory     : Returning cached instance of singleton bean 'org.springframework.transaction.config.internalTransactionAdvisor'
2024-07-21T15:50:02.584+02:00 TRACE 248560 --- [crud-springboot] [           main] o.s.b.f.s.DefaultListableBeanFactory     : Returning cached instance of singleton bean 'org.springframework.transaction.config.internalTransactionAdvisor'
2024-07-21T15:50:02.584+02:00 TRACE 248560 --- [crud-springboot] [           main] o.s.b.f.s.DefaultListableBeanFactory     : Returning cached instance of singleton bean 'org.springframework.transaction.config.internalTransactionAdvisor'
2024-07-21T15:50:02.585+02:00 TRACE 248560 --- [crud-springboot] [           main] o.s.b.f.s.DefaultListableBeanFactory     : Finished creating instance of bean 'org.springframework.boot.autoconfigure.http.JacksonHttpMessageConvertersConfiguration'
2024-07-21T15:50:02.585+02:00 TRACE 248560 --- [crud-springboot] [           main] o.s.b.f.s.DefaultListableBeanFactory     : Returning cached instance of singleton bean 'org.springframework.boot.autoconfigure.http.HttpMessageConvertersAutoConfiguration'
2024-07-21T15:50:02.585+02:00 TRACE 248560 --- [crud-springboot] [           main] o.s.b.f.s.DefaultListableBeanFactory     : Returning cached instance of singleton bean 'messageConverters'
2024-07-21T15:50:02.585+02:00 DEBUG 248560 --- [crud-springboot] [           main] o.s.b.f.s.DefaultListableBeanFactory     : Creating shared instance of singleton bean 'org.springframework.data.web.config.ProjectingArgumentResolverRegistrar'
2024-07-21T15:50:02.585+02:00 TRACE 248560 --- [crud-springboot] [           main] o.s.b.f.s.DefaultListableBeanFactory     : Creating instance of bean 'org.springframework.data.web.config.ProjectingArgumentResolverRegistrar'
2024-07-21T15:50:02.585+02:00 TRACE 248560 --- [crud-springboot] [           main] o.s.b.f.s.DefaultListableBeanFactory     : Returning cached instance of singleton bean 'org.springframework.transaction.config.internalTransactionAdvisor'
2024-07-21T15:50:02.585+02:00 TRACE 248560 --- [crud-springboot] [           main] o.s.b.f.s.DefaultListableBeanFactory     : Returning cached instance of singleton bean 'org.springframework.transaction.config.internalTransactionAdvisor'
2024-07-21T15:50:02.585+02:00 TRACE 248560 --- [crud-springboot] [           main] o.s.b.f.s.DefaultListableBeanFactory     : Returning cached instance of singleton bean 'org.springframework.transaction.config.internalTransactionAdvisor'
2024-07-21T15:50:02.586+02:00 TRACE 248560 --- [crud-springboot] [           main] o.s.b.f.s.DefaultListableBeanFactory     : Finished creating instance of bean 'org.springframework.data.web.config.ProjectingArgumentResolverRegistrar'
2024-07-21T15:50:02.586+02:00 TRACE 248560 --- [crud-springboot] [           main] o.s.b.f.s.DefaultListableBeanFactory     : Returning cached instance of singleton bean 'projectingArgumentResolverBeanPostProcessor'
2024-07-21T15:50:02.586+02:00 TRACE 248560 --- [crud-springboot] [           main] o.s.b.f.s.DefaultListableBeanFactory     : Returning cached instance of singleton bean 'org.springframework.data.web.config.SpringDataWebConfiguration'
2024-07-21T15:50:02.586+02:00 TRACE 248560 --- [crud-springboot] [           main] o.s.b.f.s.DefaultListableBeanFactory     : Returning cached instance of singleton bean 'pageableResolver'
2024-07-21T15:50:02.586+02:00 TRACE 248560 --- [crud-springboot] [           main] o.s.b.f.s.DefaultListableBeanFactory     : Returning cached instance of singleton bean 'sortResolver'
2024-07-21T15:50:02.586+02:00 DEBUG 248560 --- [crud-springboot] [           main] o.s.b.f.s.DefaultListableBeanFactory     : Creating shared instance of singleton bean 'offsetResolver'
2024-07-21T15:50:02.586+02:00 TRACE 248560 --- [crud-springboot] [           main] o.s.b.f.s.DefaultListableBeanFactory     : Creating instance of bean 'offsetResolver'
2024-07-21T15:50:02.586+02:00 TRACE 248560 --- [crud-springboot] [           main] o.s.b.f.s.DefaultListableBeanFactory     : Returning cached instance of singleton bean 'org.springframework.transaction.config.internalTransactionAdvisor'
2024-07-21T15:50:02.586+02:00 TRACE 248560 --- [crud-springboot] [           main] o.s.b.f.s.DefaultListableBeanFactory     : Returning cached instance of singleton bean 'org.springframework.data.web.config.SpringDataWebConfiguration'
2024-07-21T15:50:02.589+02:00 TRACE 248560 --- [crud-springboot] [           main] o.s.b.f.s.DefaultListableBeanFactory     : Returning cached instance of singleton bean 'org.springframework.transaction.config.internalTransactionAdvisor'
2024-07-21T15:50:02.589+02:00 TRACE 248560 --- [crud-springboot] [           main] o.s.b.f.s.DefaultListableBeanFactory     : Returning cached instance of singleton bean 'org.springframework.transaction.config.internalTransactionAdvisor'
2024-07-21T15:50:02.591+02:00 TRACE 248560 --- [crud-springboot] [           main] o.s.b.f.s.DefaultListableBeanFactory     : Finished creating instance of bean 'offsetResolver'
2024-07-21T15:50:02.591+02:00 TRACE 248560 --- [crud-springboot] [           main] o.s.b.f.s.DefaultListableBeanFactory     : Returning cached instance of singleton bean 'org.springframework.data.web.config.SpringDataJacksonConfiguration'
2024-07-21T15:50:02.591+02:00 TRACE 248560 --- [crud-springboot] [           main] o.s.b.f.s.DefaultListableBeanFactory     : Returning cached instance of singleton bean 'jacksonGeoModule'
2024-07-21T15:50:02.591+02:00 TRACE 248560 --- [crud-springboot] [           main] o.s.b.f.s.DefaultListableBeanFactory     : Returning cached instance of singleton bean 'pageModule'
2024-07-21T15:50:02.591+02:00 TRACE 248560 --- [crud-springboot] [           main] o.s.b.f.s.DefaultListableBeanFactory     : Returning cached instance of singleton bean 'org.springframework.boot.autoconfigure.data.web.SpringDataWebAutoConfiguration'
2024-07-21T15:50:02.591+02:00 TRACE 248560 --- [crud-springboot] [           main] o.s.b.f.s.DefaultListableBeanFactory     : Returning cached instance of singleton bean 'pageableCustomizer'
2024-07-21T15:50:02.591+02:00 TRACE 248560 --- [crud-springboot] [           main] o.s.b.f.s.DefaultListableBeanFactory     : Returning cached instance of singleton bean 'sortCustomizer'
2024-07-21T15:50:02.591+02:00 TRACE 248560 --- [crud-springboot] [           main] o.s.b.f.s.DefaultListableBeanFactory     : Returning cached instance of singleton bean 'spring.data.web-org.springframework.boot.autoconfigure.data.web.SpringDataWebProperties'
2024-07-21T15:50:02.591+02:00 DEBUG 248560 --- [crud-springboot] [           main] o.s.b.f.s.DefaultListableBeanFactory     : Creating shared instance of singleton bean 'org.springframework.boot.autoconfigure.info.ProjectInfoAutoConfiguration'
2024-07-21T15:50:02.591+02:00 TRACE 248560 --- [crud-springboot] [           main] o.s.b.f.s.DefaultListableBeanFactory     : Creating instance of bean 'org.springframework.boot.autoconfigure.info.ProjectInfoAutoConfiguration'
2024-07-21T15:50:02.591+02:00 TRACE 248560 --- [crud-springboot] [           main] o.s.b.f.s.DefaultListableBeanFactory     : Returning cached instance of singleton bean 'org.springframework.transaction.config.internalTransactionAdvisor'
2024-07-21T15:50:02.597+02:00 DEBUG 248560 --- [crud-springboot] [           main] o.s.b.f.s.DefaultListableBeanFactory     : Creating shared instance of singleton bean 'spring.info-org.springframework.boot.autoconfigure.info.ProjectInfoProperties'
2024-07-21T15:50:02.597+02:00 TRACE 248560 --- [crud-springboot] [           main] o.s.b.f.s.DefaultListableBeanFactory     : Creating instance of bean 'spring.info-org.springframework.boot.autoconfigure.info.ProjectInfoProperties'
2024-07-21T15:50:02.597+02:00 TRACE 248560 --- [crud-springboot] [           main] o.s.b.f.s.DefaultListableBeanFactory     : Returning cached instance of singleton bean 'org.springframework.transaction.config.internalTransactionAdvisor'
2024-07-21T15:50:02.597+02:00 TRACE 248560 --- [crud-springboot] [           main] o.s.b.f.s.DefaultListableBeanFactory     : Returning cached instance of singleton bean 'org.springframework.boot.context.properties.BoundConfigurationProperties'
2024-07-21T15:50:02.598+02:00 TRACE 248560 --- [crud-springboot] [           main] o.s.b.f.s.DefaultListableBeanFactory     : Returning cached instance of singleton bean 'org.springframework.transaction.config.internalTransactionAdvisor'
2024-07-21T15:50:02.599+02:00 TRACE 248560 --- [crud-springboot] [           main] o.s.b.f.s.DefaultListableBeanFactory     : Returning cached instance of singleton bean 'org.springframework.transaction.config.internalTransactionAdvisor'
2024-07-21T15:50:02.599+02:00 TRACE 248560 --- [crud-springboot] [           main] o.s.b.f.s.DefaultListableBeanFactory     : Finished creating instance of bean 'spring.info-org.springframework.boot.autoconfigure.info.ProjectInfoProperties'
2024-07-21T15:50:02.599+02:00 DEBUG 248560 --- [crud-springboot] [           main] o.s.b.f.s.DefaultListableBeanFactory     : Autowiring by type from bean name 'org.springframework.boot.autoconfigure.info.ProjectInfoAutoConfiguration' via constructor to bean named 'spring.info-org.springframework.boot.autoconfigure.info.ProjectInfoProperties'
2024-07-21T15:50:02.599+02:00 TRACE 248560 --- [crud-springboot] [           main] o.s.b.f.s.DefaultListableBeanFactory     : Returning cached instance of singleton bean 'org.springframework.transaction.config.internalTransactionAdvisor'
2024-07-21T15:50:02.599+02:00 TRACE 248560 --- [crud-springboot] [           main] o.s.b.f.s.DefaultListableBeanFactory     : Returning cached instance of singleton bean 'org.springframework.transaction.config.internalTransactionAdvisor'
2024-07-21T15:50:02.600+02:00 TRACE 248560 --- [crud-springboot] [           main] o.s.b.f.s.DefaultListableBeanFactory     : Finished creating instance of bean 'org.springframework.boot.autoconfigure.info.ProjectInfoAutoConfiguration'
2024-07-21T15:50:02.600+02:00 TRACE 248560 --- [crud-springboot] [           main] o.s.b.f.s.DefaultListableBeanFactory     : Returning cached instance of singleton bean 'spring.info-org.springframework.boot.autoconfigure.info.ProjectInfoProperties'
2024-07-21T15:50:02.600+02:00 DEBUG 248560 --- [crud-springboot] [           main] o.s.b.f.s.DefaultListableBeanFactory     : Creating shared instance of singleton bean 'org.springframework.boot.autoconfigure.jdbc.JdbcTemplateConfiguration'
2024-07-21T15:50:02.600+02:00 TRACE 248560 --- [crud-springboot] [           main] o.s.b.f.s.DefaultListableBeanFactory     : Creating instance of bean 'org.springframework.boot.autoconfigure.jdbc.JdbcTemplateConfiguration'
2024-07-21T15:50:02.600+02:00 TRACE 248560 --- [crud-springboot] [           main] o.s.b.f.s.DefaultListableBeanFactory     : Returning cached instance of singleton bean 'org.springframework.transaction.config.internalTransactionAdvisor'
2024-07-21T15:50:02.600+02:00 TRACE 248560 --- [crud-springboot] [           main] o.s.b.f.s.DefaultListableBeanFactory     : Returning cached instance of singleton bean 'org.springframework.transaction.config.internalTransactionAdvisor'
2024-07-21T15:50:02.600+02:00 TRACE 248560 --- [crud-springboot] [           main] o.s.b.f.s.DefaultListableBeanFactory     : Returning cached instance of singleton bean 'org.springframework.transaction.config.internalTransactionAdvisor'
2024-07-21T15:50:02.600+02:00 TRACE 248560 --- [crud-springboot] [           main] o.s.b.f.s.DefaultListableBeanFactory     : Finished creating instance of bean 'org.springframework.boot.autoconfigure.jdbc.JdbcTemplateConfiguration'
2024-07-21T15:50:02.600+02:00 TRACE 248560 --- [crud-springboot] [           main] o.s.b.f.s.DefaultListableBeanFactory     : Returning cached instance of singleton bean 'dataSourceScriptDatabaseInitializer'
2024-07-21T15:50:02.600+02:00 DEBUG 248560 --- [crud-springboot] [           main] o.s.b.f.s.DefaultListableBeanFactory     : Creating shared instance of singleton bean 'jdbcTemplate'
2024-07-21T15:50:02.600+02:00 TRACE 248560 --- [crud-springboot] [           main] o.s.b.f.s.DefaultListableBeanFactory     : Creating instance of bean 'jdbcTemplate'
2024-07-21T15:50:02.600+02:00 TRACE 248560 --- [crud-springboot] [           main] o.s.b.f.s.DefaultListableBeanFactory     : Returning cached instance of singleton bean 'org.springframework.transaction.config.internalTransactionAdvisor'
2024-07-21T15:50:02.600+02:00 TRACE 248560 --- [crud-springboot] [           main] o.s.b.f.s.DefaultListableBeanFactory     : Returning cached instance of singleton bean 'org.springframework.boot.autoconfigure.jdbc.JdbcTemplateConfiguration'
2024-07-21T15:50:02.601+02:00 TRACE 248560 --- [crud-springboot] [           main] o.s.b.f.s.DefaultListableBeanFactory     : Returning cached instance of singleton bean 'dataSource'
2024-07-21T15:50:02.602+02:00 DEBUG 248560 --- [crud-springboot] [           main] o.s.b.f.s.DefaultListableBeanFactory     : Creating shared instance of singleton bean 'spring.jdbc-org.springframework.boot.autoconfigure.jdbc.JdbcProperties'
2024-07-21T15:50:02.602+02:00 TRACE 248560 --- [crud-springboot] [           main] o.s.b.f.s.DefaultListableBeanFactory     : Creating instance of bean 'spring.jdbc-org.springframework.boot.autoconfigure.jdbc.JdbcProperties'
2024-07-21T15:50:02.602+02:00 TRACE 248560 --- [crud-springboot] [           main] o.s.b.f.s.DefaultListableBeanFactory     : Returning cached instance of singleton bean 'org.springframework.transaction.config.internalTransactionAdvisor'
2024-07-21T15:50:02.602+02:00 TRACE 248560 --- [crud-springboot] [           main] o.s.b.f.s.DefaultListableBeanFactory     : Returning cached instance of singleton bean 'org.springframework.boot.context.properties.BoundConfigurationProperties'
2024-07-21T15:50:02.603+02:00 TRACE 248560 --- [crud-springboot] [           main] o.s.b.f.s.DefaultListableBeanFactory     : Returning cached instance of singleton bean 'org.springframework.transaction.config.internalTransactionAdvisor'
2024-07-21T15:50:02.603+02:00 TRACE 248560 --- [crud-springboot] [           main] o.s.b.f.s.DefaultListableBeanFactory     : Returning cached instance of singleton bean 'org.springframework.transaction.config.internalTransactionAdvisor'
2024-07-21T15:50:02.603+02:00 TRACE 248560 --- [crud-springboot] [           main] o.s.b.f.s.DefaultListableBeanFactory     : Finished creating instance of bean 'spring.jdbc-org.springframework.boot.autoconfigure.jdbc.JdbcProperties'
2024-07-21T15:50:02.603+02:00 DEBUG 248560 --- [crud-springboot] [           main] o.s.b.f.s.DefaultListableBeanFactory     : Autowiring by type from bean name 'jdbcTemplate' via factory method to bean named 'dataSource'
2024-07-21T15:50:02.603+02:00 DEBUG 248560 --- [crud-springboot] [           main] o.s.b.f.s.DefaultListableBeanFactory     : Autowiring by type from bean name 'jdbcTemplate' via factory method to bean named 'spring.jdbc-org.springframework.boot.autoconfigure.jdbc.JdbcProperties'
2024-07-21T15:50:02.611+02:00 TRACE 248560 --- [crud-springboot] [           main] o.s.b.f.s.DefaultListableBeanFactory     : Invoking afterPropertiesSet() on bean with name 'jdbcTemplate'
2024-07-21T15:50:02.612+02:00 TRACE 248560 --- [crud-springboot] [           main] o.s.b.f.s.DefaultListableBeanFactory     : Returning cached instance of singleton bean 'org.springframework.transaction.config.internalTransactionAdvisor'
2024-07-21T15:50:02.612+02:00 TRACE 248560 --- [crud-springboot] [           main] o.s.b.f.s.DefaultListableBeanFactory     : Returning cached instance of singleton bean 'org.springframework.transaction.config.internalTransactionAdvisor'
2024-07-21T15:50:02.622+02:00 TRACE 248560 --- [crud-springboot] [           main] o.s.b.f.s.DefaultListableBeanFactory     : Finished creating instance of bean 'jdbcTemplate'
2024-07-21T15:50:02.622+02:00 DEBUG 248560 --- [crud-springboot] [           main] o.s.b.f.s.DefaultListableBeanFactory     : Creating shared instance of singleton bean 'org.springframework.boot.autoconfigure.jdbc.NamedParameterJdbcTemplateConfiguration'
2024-07-21T15:50:02.622+02:00 TRACE 248560 --- [crud-springboot] [           main] o.s.b.f.s.DefaultListableBeanFactory     : Creating instance of bean 'org.springframework.boot.autoconfigure.jdbc.NamedParameterJdbcTemplateConfiguration'
2024-07-21T15:50:02.622+02:00 TRACE 248560 --- [crud-springboot] [           main] o.s.b.f.s.DefaultListableBeanFactory     : Returning cached instance of singleton bean 'org.springframework.transaction.config.internalTransactionAdvisor'
2024-07-21T15:50:02.623+02:00 TRACE 248560 --- [crud-springboot] [           main] o.s.b.f.s.DefaultListableBeanFactory     : Returning cached instance of singleton bean 'org.springframework.transaction.config.internalTransactionAdvisor'
2024-07-21T15:50:02.623+02:00 TRACE 248560 --- [crud-springboot] [           main] o.s.b.f.s.DefaultListableBeanFactory     : Returning cached instance of singleton bean 'org.springframework.transaction.config.internalTransactionAdvisor'
2024-07-21T15:50:02.623+02:00 TRACE 248560 --- [crud-springboot] [           main] o.s.b.f.s.DefaultListableBeanFactory     : Finished creating instance of bean 'org.springframework.boot.autoconfigure.jdbc.NamedParameterJdbcTemplateConfiguration'
2024-07-21T15:50:02.623+02:00 TRACE 248560 --- [crud-springboot] [           main] o.s.b.f.s.DefaultListableBeanFactory     : Returning cached instance of singleton bean 'dataSourceScriptDatabaseInitializer'
2024-07-21T15:50:02.623+02:00 DEBUG 248560 --- [crud-springboot] [           main] o.s.b.f.s.DefaultListableBeanFactory     : Creating shared instance of singleton bean 'namedParameterJdbcTemplate'
2024-07-21T15:50:02.623+02:00 TRACE 248560 --- [crud-springboot] [           main] o.s.b.f.s.DefaultListableBeanFactory     : Creating instance of bean 'namedParameterJdbcTemplate'
2024-07-21T15:50:02.623+02:00 TRACE 248560 --- [crud-springboot] [           main] o.s.b.f.s.DefaultListableBeanFactory     : Returning cached instance of singleton bean 'org.springframework.transaction.config.internalTransactionAdvisor'
2024-07-21T15:50:02.623+02:00 TRACE 248560 --- [crud-springboot] [           main] o.s.b.f.s.DefaultListableBeanFactory     : Returning cached instance of singleton bean 'org.springframework.boot.autoconfigure.jdbc.NamedParameterJdbcTemplateConfiguration'
2024-07-21T15:50:02.624+02:00 TRACE 248560 --- [crud-springboot] [           main] o.s.b.f.s.DefaultListableBeanFactory     : Returning cached instance of singleton bean 'jdbcTemplate'
2024-07-21T15:50:02.624+02:00 DEBUG 248560 --- [crud-springboot] [           main] o.s.b.f.s.DefaultListableBeanFactory     : Autowiring by type from bean name 'namedParameterJdbcTemplate' via factory method to bean named 'jdbcTemplate'
2024-07-21T15:50:02.629+02:00 TRACE 248560 --- [crud-springboot] [           main] o.s.b.f.s.DefaultListableBeanFactory     : Returning cached instance of singleton bean 'org.springframework.transaction.config.internalTransactionAdvisor'
2024-07-21T15:50:02.629+02:00 TRACE 248560 --- [crud-springboot] [           main] o.s.b.f.s.DefaultListableBeanFactory     : Returning cached instance of singleton bean 'org.springframework.transaction.config.internalTransactionAdvisor'
2024-07-21T15:50:02.633+02:00 TRACE 248560 --- [crud-springboot] [           main] o.s.b.f.s.DefaultListableBeanFactory     : Finished creating instance of bean 'namedParameterJdbcTemplate'
2024-07-21T15:50:02.633+02:00 DEBUG 248560 --- [crud-springboot] [           main] o.s.b.f.s.DefaultListableBeanFactory     : Creating shared instance of singleton bean 'org.springframework.boot.autoconfigure.jdbc.JdbcTemplateAutoConfiguration'
2024-07-21T15:50:02.633+02:00 TRACE 248560 --- [crud-springboot] [           main] o.s.b.f.s.DefaultListableBeanFactory     : Creating instance of bean 'org.springframework.boot.autoconfigure.jdbc.JdbcTemplateAutoConfiguration'
2024-07-21T15:50:02.633+02:00 TRACE 248560 --- [crud-springboot] [           main] o.s.b.f.s.DefaultListableBeanFactory     : Returning cached instance of singleton bean 'org.springframework.transaction.config.internalTransactionAdvisor'
2024-07-21T15:50:02.635+02:00 TRACE 248560 --- [crud-springboot] [           main] o.s.b.f.s.DefaultListableBeanFactory     : Returning cached instance of singleton bean 'org.springframework.transaction.config.internalTransactionAdvisor'
2024-07-21T15:50:02.635+02:00 TRACE 248560 --- [crud-springboot] [           main] o.s.b.f.s.DefaultListableBeanFactory     : Returning cached instance of singleton bean 'org.springframework.transaction.config.internalTransactionAdvisor'
2024-07-21T15:50:02.635+02:00 TRACE 248560 --- [crud-springboot] [           main] o.s.b.f.s.DefaultListableBeanFactory     : Finished creating instance of bean 'org.springframework.boot.autoconfigure.jdbc.JdbcTemplateAutoConfiguration'
2024-07-21T15:50:02.635+02:00 TRACE 248560 --- [crud-springboot] [           main] o.s.b.f.s.DefaultListableBeanFactory     : Returning cached instance of singleton bean 'spring.jdbc-org.springframework.boot.autoconfigure.jdbc.JdbcProperties'
2024-07-21T15:50:02.636+02:00 TRACE 248560 --- [crud-springboot] [           main] o.s.b.f.s.DefaultListableBeanFactory     : Returning cached instance of singleton bean 'org.springframework.boot.sql.init.dependency.DatabaseInitializationDependencyConfigurer$DependsOnDatabaseInitializationPostProcessor'
2024-07-21T15:50:02.636+02:00 DEBUG 248560 --- [crud-springboot] [           main] o.s.b.f.s.DefaultListableBeanFactory     : Creating shared instance of singleton bean 'org.springframework.boot.autoconfigure.jdbc.JdbcClientAutoConfiguration'
2024-07-21T15:50:02.636+02:00 TRACE 248560 --- [crud-springboot] [           main] o.s.b.f.s.DefaultListableBeanFactory     : Creating instance of bean 'org.springframework.boot.autoconfigure.jdbc.JdbcClientAutoConfiguration'
2024-07-21T15:50:02.636+02:00 TRACE 248560 --- [crud-springboot] [           main] o.s.b.f.s.DefaultListableBeanFactory     : Returning cached instance of singleton bean 'org.springframework.transaction.config.internalTransactionAdvisor'
2024-07-21T15:50:02.636+02:00 TRACE 248560 --- [crud-springboot] [           main] o.s.b.f.s.DefaultListableBeanFactory     : Returning cached instance of singleton bean 'org.springframework.transaction.config.internalTransactionAdvisor'
2024-07-21T15:50:02.636+02:00 TRACE 248560 --- [crud-springboot] [           main] o.s.b.f.s.DefaultListableBeanFactory     : Returning cached instance of singleton bean 'org.springframework.transaction.config.internalTransactionAdvisor'
2024-07-21T15:50:02.636+02:00 TRACE 248560 --- [crud-springboot] [           main] o.s.b.f.s.DefaultListableBeanFactory     : Finished creating instance of bean 'org.springframework.boot.autoconfigure.jdbc.JdbcClientAutoConfiguration'
2024-07-21T15:50:02.636+02:00 TRACE 248560 --- [crud-springboot] [           main] o.s.b.f.s.DefaultListableBeanFactory     : Returning cached instance of singleton bean 'dataSourceScriptDatabaseInitializer'
2024-07-21T15:50:02.636+02:00 DEBUG 248560 --- [crud-springboot] [           main] o.s.b.f.s.DefaultListableBeanFactory     : Creating shared instance of singleton bean 'jdbcClient'
2024-07-21T15:50:02.636+02:00 TRACE 248560 --- [crud-springboot] [           main] o.s.b.f.s.DefaultListableBeanFactory     : Creating instance of bean 'jdbcClient'
2024-07-21T15:50:02.636+02:00 TRACE 248560 --- [crud-springboot] [           main] o.s.b.f.s.DefaultListableBeanFactory     : Returning cached instance of singleton bean 'org.springframework.transaction.config.internalTransactionAdvisor'
2024-07-21T15:50:02.636+02:00 TRACE 248560 --- [crud-springboot] [           main] o.s.b.f.s.DefaultListableBeanFactory     : Returning cached instance of singleton bean 'org.springframework.boot.autoconfigure.jdbc.JdbcClientAutoConfiguration'
2024-07-21T15:50:02.637+02:00 TRACE 248560 --- [crud-springboot] [           main] o.s.b.f.s.DefaultListableBeanFactory     : Returning cached instance of singleton bean 'namedParameterJdbcTemplate'
2024-07-21T15:50:02.637+02:00 DEBUG 248560 --- [crud-springboot] [           main] o.s.b.f.s.DefaultListableBeanFactory     : Autowiring by type from bean name 'jdbcClient' via factory method to bean named 'namedParameterJdbcTemplate'
2024-07-21T15:50:02.639+02:00 TRACE 248560 --- [crud-springboot] [           main] o.s.b.f.s.DefaultListableBeanFactory     : Returning cached instance of singleton bean 'org.springframework.transaction.config.internalTransactionAdvisor'
2024-07-21T15:50:02.639+02:00 TRACE 248560 --- [crud-springboot] [           main] o.s.b.f.s.DefaultListableBeanFactory     : Returning cached instance of singleton bean 'org.springframework.transaction.config.internalTransactionAdvisor'
2024-07-21T15:50:02.639+02:00 TRACE 248560 --- [crud-springboot] [           main] o.s.b.f.s.DefaultListableBeanFactory     : Finished creating instance of bean 'jdbcClient'
2024-07-21T15:50:02.639+02:00 DEBUG 248560 --- [crud-springboot] [           main] o.s.b.f.s.DefaultListableBeanFactory     : Creating shared instance of singleton bean 'org.springframework.boot.autoconfigure.security.servlet.SpringBootWebSecurityConfiguration'
2024-07-21T15:50:02.639+02:00 TRACE 248560 --- [crud-springboot] [           main] o.s.b.f.s.DefaultListableBeanFactory     : Creating instance of bean 'org.springframework.boot.autoconfigure.security.servlet.SpringBootWebSecurityConfiguration'
2024-07-21T15:50:02.639+02:00 TRACE 248560 --- [crud-springboot] [           main] o.s.b.f.s.DefaultListableBeanFactory     : Returning cached instance of singleton bean 'org.springframework.transaction.config.internalTransactionAdvisor'
2024-07-21T15:50:02.640+02:00 TRACE 248560 --- [crud-springboot] [           main] o.s.b.f.s.DefaultListableBeanFactory     : Returning cached instance of singleton bean 'org.springframework.transaction.config.internalTransactionAdvisor'
2024-07-21T15:50:02.640+02:00 TRACE 248560 --- [crud-springboot] [           main] o.s.b.f.s.DefaultListableBeanFactory     : Returning cached instance of singleton bean 'org.springframework.transaction.config.internalTransactionAdvisor'
2024-07-21T15:50:02.640+02:00 TRACE 248560 --- [crud-springboot] [           main] o.s.b.f.s.DefaultListableBeanFactory     : Finished creating instance of bean 'org.springframework.boot.autoconfigure.security.servlet.SpringBootWebSecurityConfiguration'
2024-07-21T15:50:02.640+02:00 TRACE 248560 --- [crud-springboot] [           main] o.s.b.f.s.DefaultListableBeanFactory     : Returning cached instance of singleton bean 'org.springframework.boot.autoconfigure.security.servlet.SecurityAutoConfiguration'
2024-07-21T15:50:02.640+02:00 TRACE 248560 --- [crud-springboot] [           main] o.s.b.f.s.DefaultListableBeanFactory     : Returning cached instance of singleton bean 'authenticationEventPublisher'
2024-07-21T15:50:02.640+02:00 DEBUG 248560 --- [crud-springboot] [           main] o.s.b.f.s.DefaultListableBeanFactory     : Creating shared instance of singleton bean 'spring.security-org.springframework.boot.autoconfigure.security.SecurityProperties'
2024-07-21T15:50:02.640+02:00 TRACE 248560 --- [crud-springboot] [           main] o.s.b.f.s.DefaultListableBeanFactory     : Creating instance of bean 'spring.security-org.springframework.boot.autoconfigure.security.SecurityProperties'
2024-07-21T15:50:02.640+02:00 TRACE 248560 --- [crud-springboot] [           main] o.s.b.f.s.DefaultListableBeanFactory     : Returning cached instance of singleton bean 'org.springframework.transaction.config.internalTransactionAdvisor'
2024-07-21T15:50:02.642+02:00 TRACE 248560 --- [crud-springboot] [           main] o.s.b.f.s.DefaultListableBeanFactory     : Returning cached instance of singleton bean 'org.springframework.boot.context.properties.BoundConfigurationProperties'
2024-07-21T15:50:02.643+02:00 TRACE 248560 --- [crud-springboot] [           main] o.s.b.f.s.DefaultListableBeanFactory     : Returning cached instance of singleton bean 'org.springframework.transaction.config.internalTransactionAdvisor'
2024-07-21T15:50:02.643+02:00 TRACE 248560 --- [crud-springboot] [           main] o.s.b.f.s.DefaultListableBeanFactory     : Returning cached instance of singleton bean 'org.springframework.transaction.config.internalTransactionAdvisor'
2024-07-21T15:50:02.643+02:00 TRACE 248560 --- [crud-springboot] [           main] o.s.b.f.s.DefaultListableBeanFactory     : Finished creating instance of bean 'spring.security-org.springframework.boot.autoconfigure.security.SecurityProperties'
2024-07-21T15:50:02.643+02:00 DEBUG 248560 --- [crud-springboot] [           main] o.s.b.f.s.DefaultListableBeanFactory     : Creating shared instance of singleton bean 'org.springframework.boot.autoconfigure.security.servlet.SecurityFilterAutoConfiguration'
2024-07-21T15:50:02.643+02:00 TRACE 248560 --- [crud-springboot] [           main] o.s.b.f.s.DefaultListableBeanFactory     : Creating instance of bean 'org.springframework.boot.autoconfigure.security.servlet.SecurityFilterAutoConfiguration'
2024-07-21T15:50:02.644+02:00 TRACE 248560 --- [crud-springboot] [           main] o.s.b.f.s.DefaultListableBeanFactory     : Returning cached instance of singleton bean 'org.springframework.transaction.config.internalTransactionAdvisor'
2024-07-21T15:50:02.644+02:00 TRACE 248560 --- [crud-springboot] [           main] o.s.b.f.s.DefaultListableBeanFactory     : Returning cached instance of singleton bean 'org.springframework.transaction.config.internalTransactionAdvisor'
2024-07-21T15:50:02.645+02:00 TRACE 248560 --- [crud-springboot] [           main] o.s.b.f.s.DefaultListableBeanFactory     : Returning cached instance of singleton bean 'org.springframework.transaction.config.internalTransactionAdvisor'
2024-07-21T15:50:02.645+02:00 TRACE 248560 --- [crud-springboot] [           main] o.s.b.f.s.DefaultListableBeanFactory     : Finished creating instance of bean 'org.springframework.boot.autoconfigure.security.servlet.SecurityFilterAutoConfiguration'
2024-07-21T15:50:02.645+02:00 DEBUG 248560 --- [crud-springboot] [           main] o.s.b.f.s.DefaultListableBeanFactory     : Creating shared instance of singleton bean 'securityFilterChainRegistration'
2024-07-21T15:50:02.645+02:00 TRACE 248560 --- [crud-springboot] [           main] o.s.b.f.s.DefaultListableBeanFactory     : Creating instance of bean 'securityFilterChainRegistration'
2024-07-21T15:50:02.645+02:00 TRACE 248560 --- [crud-springboot] [           main] o.s.b.f.s.DefaultListableBeanFactory     : Returning cached instance of singleton bean 'org.springframework.transaction.config.internalTransactionAdvisor'
2024-07-21T15:50:02.645+02:00 TRACE 248560 --- [crud-springboot] [           main] o.s.b.f.s.DefaultListableBeanFactory     : Returning cached instance of singleton bean 'org.springframework.boot.autoconfigure.security.servlet.SecurityFilterAutoConfiguration'
2024-07-21T15:50:02.646+02:00 TRACE 248560 --- [crud-springboot] [           main] o.s.b.f.s.DefaultListableBeanFactory     : Returning cached instance of singleton bean 'spring.security-org.springframework.boot.autoconfigure.security.SecurityProperties'
2024-07-21T15:50:02.646+02:00 DEBUG 248560 --- [crud-springboot] [           main] o.s.b.f.s.DefaultListableBeanFactory     : Autowiring by type from bean name 'securityFilterChainRegistration' via factory method to bean named 'spring.security-org.springframework.boot.autoconfigure.security.SecurityProperties'
2024-07-21T15:50:02.653+02:00 TRACE 248560 --- [crud-springboot] [           main] o.s.b.f.s.DefaultListableBeanFactory     : Returning cached instance of singleton bean 'org.springframework.transaction.config.internalTransactionAdvisor'
2024-07-21T15:50:02.653+02:00 TRACE 248560 --- [crud-springboot] [           main] o.s.b.f.s.DefaultListableBeanFactory     : Returning cached instance of singleton bean 'org.springframework.transaction.config.internalTransactionAdvisor'
2024-07-21T15:50:02.654+02:00 TRACE 248560 --- [crud-springboot] [           main] o.s.b.f.s.DefaultListableBeanFactory     : Finished creating instance of bean 'securityFilterChainRegistration'
2024-07-21T15:50:02.654+02:00 TRACE 248560 --- [crud-springboot] [           main] o.s.b.f.s.DefaultListableBeanFactory     : Returning cached instance of singleton bean 'org.springframework.boot.autoconfigure.sql.init.DataSourceInitializationConfiguration'
2024-07-21T15:50:02.654+02:00 TRACE 248560 --- [crud-springboot] [           main] o.s.b.f.s.DefaultListableBeanFactory     : Returning cached instance of singleton bean 'dataSourceScriptDatabaseInitializer'
2024-07-21T15:50:02.654+02:00 DEBUG 248560 --- [crud-springboot] [           main] o.s.b.f.s.DefaultListableBeanFactory     : Creating shared instance of singleton bean 'org.springframework.boot.autoconfigure.sql.init.SqlInitializationAutoConfiguration'
2024-07-21T15:50:02.654+02:00 TRACE 248560 --- [crud-springboot] [           main] o.s.b.f.s.DefaultListableBeanFactory     : Creating instance of bean 'org.springframework.boot.autoconfigure.sql.init.SqlInitializationAutoConfiguration'
2024-07-21T15:50:02.655+02:00 TRACE 248560 --- [crud-springboot] [           main] o.s.b.f.s.DefaultListableBeanFactory     : Returning cached instance of singleton bean 'org.springframework.transaction.config.internalTransactionAdvisor'
2024-07-21T15:50:02.655+02:00 TRACE 248560 --- [crud-springboot] [           main] o.s.b.f.s.DefaultListableBeanFactory     : Returning cached instance of singleton bean 'org.springframework.transaction.config.internalTransactionAdvisor'
2024-07-21T15:50:02.655+02:00 TRACE 248560 --- [crud-springboot] [           main] o.s.b.f.s.DefaultListableBeanFactory     : Returning cached instance of singleton bean 'org.springframework.transaction.config.internalTransactionAdvisor'
2024-07-21T15:50:02.655+02:00 TRACE 248560 --- [crud-springboot] [           main] o.s.b.f.s.DefaultListableBeanFactory     : Finished creating instance of bean 'org.springframework.boot.autoconfigure.sql.init.SqlInitializationAutoConfiguration'
2024-07-21T15:50:02.655+02:00 TRACE 248560 --- [crud-springboot] [           main] o.s.b.f.s.DefaultListableBeanFactory     : Returning cached instance of singleton bean 'spring.sql.init-org.springframework.boot.autoconfigure.sql.init.SqlInitializationProperties'
2024-07-21T15:50:02.655+02:00 DEBUG 248560 --- [crud-springboot] [           main] o.s.b.f.s.DefaultListableBeanFactory     : Creating shared instance of singleton bean 'org.springframework.boot.autoconfigure.task.TaskSchedulingConfigurations$ThreadPoolTaskSchedulerBuilderConfiguration'
2024-07-21T15:50:02.655+02:00 TRACE 248560 --- [crud-springboot] [           main] o.s.b.f.s.DefaultListableBeanFactory     : Creating instance of bean 'org.springframework.boot.autoconfigure.task.TaskSchedulingConfigurations$ThreadPoolTaskSchedulerBuilderConfiguration'
2024-07-21T15:50:02.655+02:00 TRACE 248560 --- [crud-springboot] [           main] o.s.b.f.s.DefaultListableBeanFactory     : Returning cached instance of singleton bean 'org.springframework.transaction.config.internalTransactionAdvisor'
2024-07-21T15:50:02.655+02:00 TRACE 248560 --- [crud-springboot] [           main] o.s.b.f.s.DefaultListableBeanFactory     : Returning cached instance of singleton bean 'org.springframework.transaction.config.internalTransactionAdvisor'
2024-07-21T15:50:02.655+02:00 TRACE 248560 --- [crud-springboot] [           main] o.s.b.f.s.DefaultListableBeanFactory     : Returning cached instance of singleton bean 'org.springframework.transaction.config.internalTransactionAdvisor'
2024-07-21T15:50:02.655+02:00 TRACE 248560 --- [crud-springboot] [           main] o.s.b.f.s.DefaultListableBeanFactory     : Finished creating instance of bean 'org.springframework.boot.autoconfigure.task.TaskSchedulingConfigurations$ThreadPoolTaskSchedulerBuilderConfiguration'
2024-07-21T15:50:02.655+02:00 DEBUG 248560 --- [crud-springboot] [           main] o.s.b.f.s.DefaultListableBeanFactory     : Creating shared instance of singleton bean 'threadPoolTaskSchedulerBuilder'
2024-07-21T15:50:02.655+02:00 TRACE 248560 --- [crud-springboot] [           main] o.s.b.f.s.DefaultListableBeanFactory     : Creating instance of bean 'threadPoolTaskSchedulerBuilder'
2024-07-21T15:50:02.655+02:00 TRACE 248560 --- [crud-springboot] [           main] o.s.b.f.s.DefaultListableBeanFactory     : Returning cached instance of singleton bean 'org.springframework.transaction.config.internalTransactionAdvisor'
2024-07-21T15:50:02.656+02:00 TRACE 248560 --- [crud-springboot] [           main] o.s.b.f.s.DefaultListableBeanFactory     : Returning cached instance of singleton bean 'org.springframework.boot.autoconfigure.task.TaskSchedulingConfigurations$ThreadPoolTaskSchedulerBuilderConfiguration'
2024-07-21T15:50:02.656+02:00 DEBUG 248560 --- [crud-springboot] [           main] o.s.b.f.s.DefaultListableBeanFactory     : Creating shared instance of singleton bean 'spring.task.scheduling-org.springframework.boot.autoconfigure.task.TaskSchedulingProperties'
2024-07-21T15:50:02.656+02:00 TRACE 248560 --- [crud-springboot] [           main] o.s.b.f.s.DefaultListableBeanFactory     : Creating instance of bean 'spring.task.scheduling-org.springframework.boot.autoconfigure.task.TaskSchedulingProperties'
2024-07-21T15:50:02.656+02:00 TRACE 248560 --- [crud-springboot] [           main] o.s.b.f.s.DefaultListableBeanFactory     : Returning cached instance of singleton bean 'org.springframework.transaction.config.internalTransactionAdvisor'
2024-07-21T15:50:02.657+02:00 TRACE 248560 --- [crud-springboot] [           main] o.s.b.f.s.DefaultListableBeanFactory     : Returning cached instance of singleton bean 'org.springframework.boot.context.properties.BoundConfigurationProperties'
2024-07-21T15:50:02.659+02:00 TRACE 248560 --- [crud-springboot] [           main] o.s.b.f.s.DefaultListableBeanFactory     : Returning cached instance of singleton bean 'org.springframework.transaction.config.internalTransactionAdvisor'
2024-07-21T15:50:02.659+02:00 TRACE 248560 --- [crud-springboot] [           main] o.s.b.f.s.DefaultListableBeanFactory     : Returning cached instance of singleton bean 'org.springframework.transaction.config.internalTransactionAdvisor'
2024-07-21T15:50:02.659+02:00 TRACE 248560 --- [crud-springboot] [           main] o.s.b.f.s.DefaultListableBeanFactory     : Finished creating instance of bean 'spring.task.scheduling-org.springframework.boot.autoconfigure.task.TaskSchedulingProperties'
2024-07-21T15:50:02.659+02:00 DEBUG 248560 --- [crud-springboot] [           main] o.s.b.f.s.DefaultListableBeanFactory     : Autowiring by type from bean name 'threadPoolTaskSchedulerBuilder' via factory method to bean named 'spring.task.scheduling-org.springframework.boot.autoconfigure.task.TaskSchedulingProperties'
2024-07-21T15:50:02.666+02:00 TRACE 248560 --- [crud-springboot] [           main] o.s.b.f.s.DefaultListableBeanFactory     : Returning cached instance of singleton bean 'org.springframework.transaction.config.internalTransactionAdvisor'
2024-07-21T15:50:02.666+02:00 TRACE 248560 --- [crud-springboot] [           main] o.s.b.f.s.DefaultListableBeanFactory     : Returning cached instance of singleton bean 'org.springframework.transaction.config.internalTransactionAdvisor'
2024-07-21T15:50:02.666+02:00 TRACE 248560 --- [crud-springboot] [           main] o.s.b.f.s.DefaultListableBeanFactory     : Finished creating instance of bean 'threadPoolTaskSchedulerBuilder'
2024-07-21T15:50:02.666+02:00 DEBUG 248560 --- [crud-springboot] [           main] o.s.b.f.s.DefaultListableBeanFactory     : Creating shared instance of singleton bean 'org.springframework.boot.autoconfigure.task.TaskSchedulingConfigurations$TaskSchedulerBuilderConfiguration'
2024-07-21T15:50:02.667+02:00 TRACE 248560 --- [crud-springboot] [           main] o.s.b.f.s.DefaultListableBeanFactory     : Creating instance of bean 'org.springframework.boot.autoconfigure.task.TaskSchedulingConfigurations$TaskSchedulerBuilderConfiguration'
2024-07-21T15:50:02.667+02:00 TRACE 248560 --- [crud-springboot] [           main] o.s.b.f.s.DefaultListableBeanFactory     : Returning cached instance of singleton bean 'org.springframework.transaction.config.internalTransactionAdvisor'
2024-07-21T15:50:02.668+02:00 TRACE 248560 --- [crud-springboot] [           main] o.s.b.f.s.DefaultListableBeanFactory     : Returning cached instance of singleton bean 'org.springframework.transaction.config.internalTransactionAdvisor'
2024-07-21T15:50:02.668+02:00 TRACE 248560 --- [crud-springboot] [           main] o.s.b.f.s.DefaultListableBeanFactory     : Returning cached instance of singleton bean 'org.springframework.transaction.config.internalTransactionAdvisor'
2024-07-21T15:50:02.669+02:00 TRACE 248560 --- [crud-springboot] [           main] o.s.b.f.s.DefaultListableBeanFactory     : Finished creating instance of bean 'org.springframework.boot.autoconfigure.task.TaskSchedulingConfigurations$TaskSchedulerBuilderConfiguration'
2024-07-21T15:50:02.670+02:00 DEBUG 248560 --- [crud-springboot] [           main] o.s.b.f.s.DefaultListableBeanFactory     : Creating shared instance of singleton bean 'taskSchedulerBuilder'
2024-07-21T15:50:02.671+02:00 TRACE 248560 --- [crud-springboot] [           main] o.s.b.f.s.DefaultListableBeanFactory     : Creating instance of bean 'taskSchedulerBuilder'
2024-07-21T15:50:02.671+02:00 TRACE 248560 --- [crud-springboot] [           main] o.s.b.f.s.DefaultListableBeanFactory     : Returning cached instance of singleton bean 'org.springframework.transaction.config.internalTransactionAdvisor'
2024-07-21T15:50:02.671+02:00 TRACE 248560 --- [crud-springboot] [           main] o.s.b.f.s.DefaultListableBeanFactory     : Returning cached instance of singleton bean 'org.springframework.boot.autoconfigure.task.TaskSchedulingConfigurations$TaskSchedulerBuilderConfiguration'
2024-07-21T15:50:02.671+02:00 TRACE 248560 --- [crud-springboot] [           main] o.s.b.f.s.DefaultListableBeanFactory     : Returning cached instance of singleton bean 'spring.task.scheduling-org.springframework.boot.autoconfigure.task.TaskSchedulingProperties'
2024-07-21T15:50:02.671+02:00 DEBUG 248560 --- [crud-springboot] [           main] o.s.b.f.s.DefaultListableBeanFactory     : Autowiring by type from bean name 'taskSchedulerBuilder' via factory method to bean named 'spring.task.scheduling-org.springframework.boot.autoconfigure.task.TaskSchedulingProperties'
2024-07-21T15:50:02.673+02:00 TRACE 248560 --- [crud-springboot] [           main] o.s.b.f.s.DefaultListableBeanFactory     : Returning cached instance of singleton bean 'org.springframework.transaction.config.internalTransactionAdvisor'
2024-07-21T15:50:02.673+02:00 TRACE 248560 --- [crud-springboot] [           main] o.s.b.f.s.DefaultListableBeanFactory     : Returning cached instance of singleton bean 'org.springframework.transaction.config.internalTransactionAdvisor'
2024-07-21T15:50:02.673+02:00 TRACE 248560 --- [crud-springboot] [           main] o.s.b.f.s.DefaultListableBeanFactory     : Finished creating instance of bean 'taskSchedulerBuilder'
2024-07-21T15:50:02.674+02:00 DEBUG 248560 --- [crud-springboot] [           main] o.s.b.f.s.DefaultListableBeanFactory     : Creating shared instance of singleton bean 'org.springframework.boot.autoconfigure.task.TaskSchedulingConfigurations$SimpleAsyncTaskSchedulerBuilderConfiguration'
2024-07-21T15:50:02.674+02:00 TRACE 248560 --- [crud-springboot] [           main] o.s.b.f.s.DefaultListableBeanFactory     : Creating instance of bean 'org.springframework.boot.autoconfigure.task.TaskSchedulingConfigurations$SimpleAsyncTaskSchedulerBuilderConfiguration'
2024-07-21T15:50:02.674+02:00 TRACE 248560 --- [crud-springboot] [           main] o.s.b.f.s.DefaultListableBeanFactory     : Returning cached instance of singleton bean 'org.springframework.transaction.config.internalTransactionAdvisor'
2024-07-21T15:50:02.675+02:00 TRACE 248560 --- [crud-springboot] [           main] o.s.b.f.s.DefaultListableBeanFactory     : Returning cached instance of singleton bean 'spring.task.scheduling-org.springframework.boot.autoconfigure.task.TaskSchedulingProperties'
2024-07-21T15:50:02.675+02:00 DEBUG 248560 --- [crud-springboot] [           main] o.s.b.f.s.DefaultListableBeanFactory     : Autowiring by type from bean name 'org.springframework.boot.autoconfigure.task.TaskSchedulingConfigurations$SimpleAsyncTaskSchedulerBuilderConfiguration' via constructor to bean named 'spring.task.scheduling-org.springframework.boot.autoconfigure.task.TaskSchedulingProperties'
2024-07-21T15:50:02.675+02:00 TRACE 248560 --- [crud-springboot] [           main] o.s.b.f.s.DefaultListableBeanFactory     : Returning cached instance of singleton bean 'org.springframework.transaction.config.internalTransactionAdvisor'
2024-07-21T15:50:02.675+02:00 TRACE 248560 --- [crud-springboot] [           main] o.s.b.f.s.DefaultListableBeanFactory     : Returning cached instance of singleton bean 'org.springframework.transaction.config.internalTransactionAdvisor'
2024-07-21T15:50:02.675+02:00 TRACE 248560 --- [crud-springboot] [           main] o.s.b.f.s.DefaultListableBeanFactory     : Finished creating instance of bean 'org.springframework.boot.autoconfigure.task.TaskSchedulingConfigurations$SimpleAsyncTaskSchedulerBuilderConfiguration'
2024-07-21T15:50:02.675+02:00 DEBUG 248560 --- [crud-springboot] [           main] o.s.b.f.s.DefaultListableBeanFactory     : Creating shared instance of singleton bean 'simpleAsyncTaskSchedulerBuilder'
2024-07-21T15:50:02.675+02:00 TRACE 248560 --- [crud-springboot] [           main] o.s.b.f.s.DefaultListableBeanFactory     : Creating instance of bean 'simpleAsyncTaskSchedulerBuilder'
2024-07-21T15:50:02.675+02:00 TRACE 248560 --- [crud-springboot] [           main] o.s.b.f.s.DefaultListableBeanFactory     : Returning cached instance of singleton bean 'org.springframework.transaction.config.internalTransactionAdvisor'
2024-07-21T15:50:02.675+02:00 TRACE 248560 --- [crud-springboot] [           main] o.s.b.f.s.DefaultListableBeanFactory     : Returning cached instance of singleton bean 'org.springframework.boot.autoconfigure.task.TaskSchedulingConfigurations$SimpleAsyncTaskSchedulerBuilderConfiguration'
2024-07-21T15:50:02.679+02:00 TRACE 248560 --- [crud-springboot] [           main] o.s.b.f.s.DefaultListableBeanFactory     : Returning cached instance of singleton bean 'org.springframework.transaction.config.internalTransactionAdvisor'
2024-07-21T15:50:02.680+02:00 TRACE 248560 --- [crud-springboot] [           main] o.s.b.f.s.DefaultListableBeanFactory     : Returning cached instance of singleton bean 'org.springframework.transaction.config.internalTransactionAdvisor'
2024-07-21T15:50:02.680+02:00 TRACE 248560 --- [crud-springboot] [           main] o.s.b.f.s.DefaultListableBeanFactory     : Finished creating instance of bean 'simpleAsyncTaskSchedulerBuilder'
2024-07-21T15:50:02.680+02:00 DEBUG 248560 --- [crud-springboot] [           main] o.s.b.f.s.DefaultListableBeanFactory     : Creating shared instance of singleton bean 'org.springframework.boot.autoconfigure.task.TaskSchedulingAutoConfiguration'
2024-07-21T15:50:02.680+02:00 TRACE 248560 --- [crud-springboot] [           main] o.s.b.f.s.DefaultListableBeanFactory     : Creating instance of bean 'org.springframework.boot.autoconfigure.task.TaskSchedulingAutoConfiguration'
2024-07-21T15:50:02.680+02:00 TRACE 248560 --- [crud-springboot] [           main] o.s.b.f.s.DefaultListableBeanFactory     : Returning cached instance of singleton bean 'org.springframework.transaction.config.internalTransactionAdvisor'
2024-07-21T15:50:02.681+02:00 TRACE 248560 --- [crud-springboot] [           main] o.s.b.f.s.DefaultListableBeanFactory     : Returning cached instance of singleton bean 'org.springframework.transaction.config.internalTransactionAdvisor'
2024-07-21T15:50:02.681+02:00 TRACE 248560 --- [crud-springboot] [           main] o.s.b.f.s.DefaultListableBeanFactory     : Returning cached instance of singleton bean 'org.springframework.transaction.config.internalTransactionAdvisor'
2024-07-21T15:50:02.683+02:00 TRACE 248560 --- [crud-springboot] [           main] o.s.b.f.s.DefaultListableBeanFactory     : Finished creating instance of bean 'org.springframework.boot.autoconfigure.task.TaskSchedulingAutoConfiguration'
2024-07-21T15:50:02.683+02:00 TRACE 248560 --- [crud-springboot] [           main] o.s.b.f.s.DefaultListableBeanFactory     : Returning cached instance of singleton bean 'spring.task.scheduling-org.springframework.boot.autoconfigure.task.TaskSchedulingProperties'
2024-07-21T15:50:02.683+02:00 TRACE 248560 --- [crud-springboot] [           main] o.s.b.f.s.DefaultListableBeanFactory     : Returning cached instance of singleton bean 'org.springframework.boot.autoconfigure.thymeleaf.ThymeleafAutoConfiguration$ThymeleafWebMvcConfiguration$ThymeleafViewResolverConfiguration'
2024-07-21T15:50:02.684+02:00 TRACE 248560 --- [crud-springboot] [           main] o.s.b.f.s.DefaultListableBeanFactory     : Returning cached instance of singleton bean 'thymeleafViewResolver'
2024-07-21T15:50:02.684+02:00 DEBUG 248560 --- [crud-springboot] [           main] o.s.b.f.s.DefaultListableBeanFactory     : Creating shared instance of singleton bean 'org.springframework.boot.autoconfigure.thymeleaf.ThymeleafAutoConfiguration$ThymeleafWebMvcConfiguration'
2024-07-21T15:50:02.684+02:00 TRACE 248560 --- [crud-springboot] [           main] o.s.b.f.s.DefaultListableBeanFactory     : Creating instance of bean 'org.springframework.boot.autoconfigure.thymeleaf.ThymeleafAutoConfiguration$ThymeleafWebMvcConfiguration'
2024-07-21T15:50:02.684+02:00 TRACE 248560 --- [crud-springboot] [           main] o.s.b.f.s.DefaultListableBeanFactory     : Returning cached instance of singleton bean 'org.springframework.transaction.config.internalTransactionAdvisor'
2024-07-21T15:50:02.686+02:00 TRACE 248560 --- [crud-springboot] [           main] o.s.b.f.s.DefaultListableBeanFactory     : Returning cached instance of singleton bean 'org.springframework.transaction.config.internalTransactionAdvisor'
2024-07-21T15:50:02.686+02:00 TRACE 248560 --- [crud-springboot] [           main] o.s.b.f.s.DefaultListableBeanFactory     : Returning cached instance of singleton bean 'org.springframework.transaction.config.internalTransactionAdvisor'
2024-07-21T15:50:02.687+02:00 TRACE 248560 --- [crud-springboot] [           main] o.s.b.f.s.DefaultListableBeanFactory     : Finished creating instance of bean 'org.springframework.boot.autoconfigure.thymeleaf.ThymeleafAutoConfiguration$ThymeleafWebMvcConfiguration'
2024-07-21T15:50:02.687+02:00 TRACE 248560 --- [crud-springboot] [           main] o.s.b.f.s.DefaultListableBeanFactory     : Returning cached instance of singleton bean 'org.springframework.boot.autoconfigure.thymeleaf.ThymeleafAutoConfiguration$DefaultTemplateResolverConfiguration'
2024-07-21T15:50:02.687+02:00 TRACE 248560 --- [crud-springboot] [           main] o.s.b.f.s.DefaultListableBeanFactory     : Returning cached instance of singleton bean 'defaultTemplateResolver'
2024-07-21T15:50:02.687+02:00 TRACE 248560 --- [crud-springboot] [           main] o.s.b.f.s.DefaultListableBeanFactory     : Returning cached instance of singleton bean 'org.springframework.boot.autoconfigure.thymeleaf.TemplateEngineConfigurations$DefaultTemplateEngineConfiguration'
2024-07-21T15:50:02.687+02:00 TRACE 248560 --- [crud-springboot] [           main] o.s.b.f.s.DefaultListableBeanFactory     : Returning cached instance of singleton bean 'templateEngine'
2024-07-21T15:50:02.687+02:00 DEBUG 248560 --- [crud-springboot] [           main] o.s.b.f.s.DefaultListableBeanFactory     : Creating shared instance of singleton bean 'org.springframework.boot.autoconfigure.thymeleaf.ThymeleafAutoConfiguration'
2024-07-21T15:50:02.687+02:00 TRACE 248560 --- [crud-springboot] [           main] o.s.b.f.s.DefaultListableBeanFactory     : Creating instance of bean 'org.springframework.boot.autoconfigure.thymeleaf.ThymeleafAutoConfiguration'
2024-07-21T15:50:02.687+02:00 TRACE 248560 --- [crud-springboot] [           main] o.s.b.f.s.DefaultListableBeanFactory     : Returning cached instance of singleton bean 'org.springframework.transaction.config.internalTransactionAdvisor'
2024-07-21T15:50:02.688+02:00 TRACE 248560 --- [crud-springboot] [           main] o.s.b.f.s.DefaultListableBeanFactory     : Returning cached instance of singleton bean 'org.springframework.transaction.config.internalTransactionAdvisor'
2024-07-21T15:50:02.688+02:00 TRACE 248560 --- [crud-springboot] [           main] o.s.b.f.s.DefaultListableBeanFactory     : Returning cached instance of singleton bean 'org.springframework.transaction.config.internalTransactionAdvisor'
2024-07-21T15:50:02.688+02:00 TRACE 248560 --- [crud-springboot] [           main] o.s.b.f.s.DefaultListableBeanFactory     : Finished creating instance of bean 'org.springframework.boot.autoconfigure.thymeleaf.ThymeleafAutoConfiguration'
2024-07-21T15:50:02.688+02:00 TRACE 248560 --- [crud-springboot] [           main] o.s.b.f.s.DefaultListableBeanFactory     : Returning cached instance of singleton bean 'spring.thymeleaf-org.springframework.boot.autoconfigure.thymeleaf.ThymeleafProperties'
2024-07-21T15:50:02.688+02:00 DEBUG 248560 --- [crud-springboot] [           main] o.s.b.f.s.DefaultListableBeanFactory     : Creating shared instance of singleton bean 'org.springframework.boot.autoconfigure.jdbc.DataSourceTransactionManagerAutoConfiguration$JdbcTransactionManagerConfiguration'
2024-07-21T15:50:02.688+02:00 TRACE 248560 --- [crud-springboot] [           main] o.s.b.f.s.DefaultListableBeanFactory     : Creating instance of bean 'org.springframework.boot.autoconfigure.jdbc.DataSourceTransactionManagerAutoConfiguration$JdbcTransactionManagerConfiguration'
2024-07-21T15:50:02.688+02:00 TRACE 248560 --- [crud-springboot] [           main] o.s.b.f.s.DefaultListableBeanFactory     : Returning cached instance of singleton bean 'org.springframework.transaction.config.internalTransactionAdvisor'
2024-07-21T15:50:02.689+02:00 TRACE 248560 --- [crud-springboot] [           main] o.s.b.f.s.DefaultListableBeanFactory     : Returning cached instance of singleton bean 'org.springframework.transaction.config.internalTransactionAdvisor'
2024-07-21T15:50:02.689+02:00 TRACE 248560 --- [crud-springboot] [           main] o.s.b.f.s.DefaultListableBeanFactory     : Returning cached instance of singleton bean 'org.springframework.transaction.config.internalTransactionAdvisor'
2024-07-21T15:50:02.689+02:00 TRACE 248560 --- [crud-springboot] [           main] o.s.b.f.s.DefaultListableBeanFactory     : Finished creating instance of bean 'org.springframework.boot.autoconfigure.jdbc.DataSourceTransactionManagerAutoConfiguration$JdbcTransactionManagerConfiguration'
2024-07-21T15:50:02.689+02:00 DEBUG 248560 --- [crud-springboot] [           main] o.s.b.f.s.DefaultListableBeanFactory     : Creating shared instance of singleton bean 'org.springframework.boot.autoconfigure.jdbc.DataSourceTransactionManagerAutoConfiguration'
2024-07-21T15:50:02.689+02:00 TRACE 248560 --- [crud-springboot] [           main] o.s.b.f.s.DefaultListableBeanFactory     : Creating instance of bean 'org.springframework.boot.autoconfigure.jdbc.DataSourceTransactionManagerAutoConfiguration'
2024-07-21T15:50:02.689+02:00 TRACE 248560 --- [crud-springboot] [           main] o.s.b.f.s.DefaultListableBeanFactory     : Returning cached instance of singleton bean 'org.springframework.transaction.config.internalTransactionAdvisor'
2024-07-21T15:50:02.690+02:00 TRACE 248560 --- [crud-springboot] [           main] o.s.b.f.s.DefaultListableBeanFactory     : Returning cached instance of singleton bean 'org.springframework.transaction.config.internalTransactionAdvisor'
2024-07-21T15:50:02.690+02:00 TRACE 248560 --- [crud-springboot] [           main] o.s.b.f.s.DefaultListableBeanFactory     : Returning cached instance of singleton bean 'org.springframework.transaction.config.internalTransactionAdvisor'
2024-07-21T15:50:02.690+02:00 TRACE 248560 --- [crud-springboot] [           main] o.s.b.f.s.DefaultListableBeanFactory     : Finished creating instance of bean 'org.springframework.boot.autoconfigure.jdbc.DataSourceTransactionManagerAutoConfiguration'
2024-07-21T15:50:02.690+02:00 TRACE 248560 --- [crud-springboot] [           main] o.s.b.f.s.DefaultListableBeanFactory     : Returning cached instance of singleton bean 'org.springframework.transaction.annotation.ProxyTransactionManagementConfiguration'
2024-07-21T15:50:02.690+02:00 TRACE 248560 --- [crud-springboot] [           main] o.s.b.f.s.DefaultListableBeanFactory     : Returning cached instance of singleton bean 'org.springframework.transaction.config.internalTransactionAdvisor'
2024-07-21T15:50:02.690+02:00 TRACE 248560 --- [crud-springboot] [           main] o.s.b.f.s.DefaultListableBeanFactory     : Returning cached instance of singleton bean 'transactionAttributeSource'
2024-07-21T15:50:02.690+02:00 TRACE 248560 --- [crud-springboot] [           main] o.s.b.f.s.DefaultListableBeanFactory     : Returning cached instance of singleton bean 'transactionInterceptor'
2024-07-21T15:50:02.690+02:00 TRACE 248560 --- [crud-springboot] [           main] o.s.b.f.s.DefaultListableBeanFactory     : Returning cached instance of singleton bean 'org.springframework.transaction.config.internalTransactionalEventListenerFactory'
2024-07-21T15:50:02.690+02:00 DEBUG 248560 --- [crud-springboot] [           main] o.s.b.f.s.DefaultListableBeanFactory     : Creating shared instance of singleton bean 'org.springframework.boot.autoconfigure.transaction.TransactionAutoConfiguration$EnableTransactionManagementConfiguration$CglibAutoProxyConfiguration'
2024-07-21T15:50:02.690+02:00 TRACE 248560 --- [crud-springboot] [           main] o.s.b.f.s.DefaultListableBeanFactory     : Creating instance of bean 'org.springframework.boot.autoconfigure.transaction.TransactionAutoConfiguration$EnableTransactionManagementConfiguration$CglibAutoProxyConfiguration'
2024-07-21T15:50:02.690+02:00 TRACE 248560 --- [crud-springboot] [           main] o.s.b.f.s.DefaultListableBeanFactory     : Returning cached instance of singleton bean 'org.springframework.transaction.config.internalTransactionAdvisor'
2024-07-21T15:50:02.690+02:00 TRACE 248560 --- [crud-springboot] [           main] o.s.b.f.s.DefaultListableBeanFactory     : Returning cached instance of singleton bean 'org.springframework.transaction.config.internalTransactionAdvisor'
2024-07-21T15:50:02.690+02:00 TRACE 248560 --- [crud-springboot] [           main] o.s.b.f.s.DefaultListableBeanFactory     : Returning cached instance of singleton bean 'org.springframework.transaction.config.internalTransactionAdvisor'
2024-07-21T15:50:02.690+02:00 TRACE 248560 --- [crud-springboot] [           main] o.s.b.f.s.DefaultListableBeanFactory     : Finished creating instance of bean 'org.springframework.boot.autoconfigure.transaction.TransactionAutoConfiguration$EnableTransactionManagementConfiguration$CglibAutoProxyConfiguration'
2024-07-21T15:50:02.690+02:00 DEBUG 248560 --- [crud-springboot] [           main] o.s.b.f.s.DefaultListableBeanFactory     : Creating shared instance of singleton bean 'org.springframework.boot.autoconfigure.transaction.TransactionAutoConfiguration$EnableTransactionManagementConfiguration'
2024-07-21T15:50:02.690+02:00 TRACE 248560 --- [crud-springboot] [           main] o.s.b.f.s.DefaultListableBeanFactory     : Creating instance of bean 'org.springframework.boot.autoconfigure.transaction.TransactionAutoConfiguration$EnableTransactionManagementConfiguration'
2024-07-21T15:50:02.691+02:00 TRACE 248560 --- [crud-springboot] [           main] o.s.b.f.s.DefaultListableBeanFactory     : Returning cached instance of singleton bean 'org.springframework.transaction.config.internalTransactionAdvisor'
2024-07-21T15:50:02.691+02:00 TRACE 248560 --- [crud-springboot] [           main] o.s.b.f.s.DefaultListableBeanFactory     : Returning cached instance of singleton bean 'org.springframework.transaction.config.internalTransactionAdvisor'
2024-07-21T15:50:02.691+02:00 TRACE 248560 --- [crud-springboot] [           main] o.s.b.f.s.DefaultListableBeanFactory     : Returning cached instance of singleton bean 'org.springframework.transaction.config.internalTransactionAdvisor'
2024-07-21T15:50:02.691+02:00 TRACE 248560 --- [crud-springboot] [           main] o.s.b.f.s.DefaultListableBeanFactory     : Finished creating instance of bean 'org.springframework.boot.autoconfigure.transaction.TransactionAutoConfiguration$EnableTransactionManagementConfiguration'
2024-07-21T15:50:02.691+02:00 DEBUG 248560 --- [crud-springboot] [           main] o.s.b.f.s.DefaultListableBeanFactory     : Creating shared instance of singleton bean 'org.springframework.boot.autoconfigure.transaction.TransactionAutoConfiguration$TransactionTemplateConfiguration'
2024-07-21T15:50:02.691+02:00 TRACE 248560 --- [crud-springboot] [           main] o.s.b.f.s.DefaultListableBeanFactory     : Creating instance of bean 'org.springframework.boot.autoconfigure.transaction.TransactionAutoConfiguration$TransactionTemplateConfiguration'
2024-07-21T15:50:02.691+02:00 TRACE 248560 --- [crud-springboot] [           main] o.s.b.f.s.DefaultListableBeanFactory     : Returning cached instance of singleton bean 'org.springframework.transaction.config.internalTransactionAdvisor'
2024-07-21T15:50:02.692+02:00 TRACE 248560 --- [crud-springboot] [           main] o.s.b.f.s.DefaultListableBeanFactory     : Returning cached instance of singleton bean 'org.springframework.transaction.config.internalTransactionAdvisor'
2024-07-21T15:50:02.692+02:00 TRACE 248560 --- [crud-springboot] [           main] o.s.b.f.s.DefaultListableBeanFactory     : Returning cached instance of singleton bean 'org.springframework.transaction.config.internalTransactionAdvisor'
2024-07-21T15:50:02.692+02:00 TRACE 248560 --- [crud-springboot] [           main] o.s.b.f.s.DefaultListableBeanFactory     : Finished creating instance of bean 'org.springframework.boot.autoconfigure.transaction.TransactionAutoConfiguration$TransactionTemplateConfiguration'
2024-07-21T15:50:02.692+02:00 DEBUG 248560 --- [crud-springboot] [           main] o.s.b.f.s.DefaultListableBeanFactory     : Creating shared instance of singleton bean 'transactionTemplate'
2024-07-21T15:50:02.692+02:00 TRACE 248560 --- [crud-springboot] [           main] o.s.b.f.s.DefaultListableBeanFactory     : Creating instance of bean 'transactionTemplate'
2024-07-21T15:50:02.692+02:00 TRACE 248560 --- [crud-springboot] [           main] o.s.b.f.s.DefaultListableBeanFactory     : Returning cached instance of singleton bean 'org.springframework.transaction.config.internalTransactionAdvisor'
2024-07-21T15:50:02.692+02:00 TRACE 248560 --- [crud-springboot] [           main] o.s.b.f.s.DefaultListableBeanFactory     : Returning cached instance of singleton bean 'org.springframework.boot.autoconfigure.transaction.TransactionAutoConfiguration$TransactionTemplateConfiguration'
2024-07-21T15:50:02.693+02:00 TRACE 248560 --- [crud-springboot] [           main] o.s.b.f.s.DefaultListableBeanFactory     : Returning cached instance of singleton bean 'transactionManager'
2024-07-21T15:50:02.693+02:00 DEBUG 248560 --- [crud-springboot] [           main] o.s.b.f.s.DefaultListableBeanFactory     : Autowiring by type from bean name 'transactionTemplate' via factory method to bean named 'transactionManager'
2024-07-21T15:50:02.694+02:00 TRACE 248560 --- [crud-springboot] [           main] o.s.b.f.s.DefaultListableBeanFactory     : Invoking afterPropertiesSet() on bean with name 'transactionTemplate'
2024-07-21T15:50:02.695+02:00 TRACE 248560 --- [crud-springboot] [           main] o.s.b.f.s.DefaultListableBeanFactory     : Returning cached instance of singleton bean 'org.springframework.transaction.config.internalTransactionAdvisor'
2024-07-21T15:50:02.695+02:00 TRACE 248560 --- [crud-springboot] [           main] o.s.b.f.s.DefaultListableBeanFactory     : Returning cached instance of singleton bean 'org.springframework.transaction.config.internalTransactionAdvisor'
2024-07-21T15:50:02.695+02:00 TRACE 248560 --- [crud-springboot] [           main] o.s.b.f.s.DefaultListableBeanFactory     : Finished creating instance of bean 'transactionTemplate'
2024-07-21T15:50:02.696+02:00 DEBUG 248560 --- [crud-springboot] [           main] o.s.b.f.s.DefaultListableBeanFactory     : Creating shared instance of singleton bean 'org.springframework.boot.autoconfigure.transaction.TransactionAutoConfiguration'
2024-07-21T15:50:02.696+02:00 TRACE 248560 --- [crud-springboot] [           main] o.s.b.f.s.DefaultListableBeanFactory     : Creating instance of bean 'org.springframework.boot.autoconfigure.transaction.TransactionAutoConfiguration'
2024-07-21T15:50:02.696+02:00 TRACE 248560 --- [crud-springboot] [           main] o.s.b.f.s.DefaultListableBeanFactory     : Returning cached instance of singleton bean 'org.springframework.transaction.config.internalTransactionAdvisor'
2024-07-21T15:50:02.697+02:00 TRACE 248560 --- [crud-springboot] [           main] o.s.b.f.s.DefaultListableBeanFactory     : Returning cached instance of singleton bean 'org.springframework.transaction.config.internalTransactionAdvisor'
2024-07-21T15:50:02.697+02:00 TRACE 248560 --- [crud-springboot] [           main] o.s.b.f.s.DefaultListableBeanFactory     : Returning cached instance of singleton bean 'org.springframework.transaction.config.internalTransactionAdvisor'
2024-07-21T15:50:02.698+02:00 TRACE 248560 --- [crud-springboot] [           main] o.s.b.f.s.DefaultListableBeanFactory     : Finished creating instance of bean 'org.springframework.boot.autoconfigure.transaction.TransactionAutoConfiguration'
2024-07-21T15:50:02.698+02:00 DEBUG 248560 --- [crud-springboot] [           main] o.s.b.f.s.DefaultListableBeanFactory     : Creating shared instance of singleton bean 'org.springframework.boot.autoconfigure.web.client.RestClientAutoConfiguration'
2024-07-21T15:50:02.698+02:00 TRACE 248560 --- [crud-springboot] [           main] o.s.b.f.s.DefaultListableBeanFactory     : Creating instance of bean 'org.springframework.boot.autoconfigure.web.client.RestClientAutoConfiguration'
2024-07-21T15:50:02.698+02:00 TRACE 248560 --- [crud-springboot] [           main] o.s.b.f.s.DefaultListableBeanFactory     : Returning cached instance of singleton bean 'org.springframework.transaction.config.internalTransactionAdvisor'
2024-07-21T15:50:02.700+02:00 TRACE 248560 --- [crud-springboot] [           main] o.s.b.f.s.DefaultListableBeanFactory     : Returning cached instance of singleton bean 'org.springframework.transaction.config.internalTransactionAdvisor'
2024-07-21T15:50:02.700+02:00 TRACE 248560 --- [crud-springboot] [           main] o.s.b.f.s.DefaultListableBeanFactory     : Returning cached instance of singleton bean 'org.springframework.transaction.config.internalTransactionAdvisor'
2024-07-21T15:50:02.700+02:00 TRACE 248560 --- [crud-springboot] [           main] o.s.b.f.s.DefaultListableBeanFactory     : Finished creating instance of bean 'org.springframework.boot.autoconfigure.web.client.RestClientAutoConfiguration'
2024-07-21T15:50:02.700+02:00 DEBUG 248560 --- [crud-springboot] [           main] o.s.b.f.s.DefaultListableBeanFactory     : Creating shared instance of singleton bean 'httpMessageConvertersRestClientCustomizer'
2024-07-21T15:50:02.700+02:00 TRACE 248560 --- [crud-springboot] [           main] o.s.b.f.s.DefaultListableBeanFactory     : Creating instance of bean 'httpMessageConvertersRestClientCustomizer'
2024-07-21T15:50:02.700+02:00 TRACE 248560 --- [crud-springboot] [           main] o.s.b.f.s.DefaultListableBeanFactory     : Returning cached instance of singleton bean 'org.springframework.transaction.config.internalTransactionAdvisor'
2024-07-21T15:50:02.700+02:00 TRACE 248560 --- [crud-springboot] [           main] o.s.b.f.s.DefaultListableBeanFactory     : Returning cached instance of singleton bean 'org.springframework.boot.autoconfigure.web.client.RestClientAutoConfiguration'
2024-07-21T15:50:02.701+02:00 TRACE 248560 --- [crud-springboot] [           main] o.s.b.f.s.DefaultListableBeanFactory     : Returning cached instance of singleton bean 'messageConverters'
2024-07-21T15:50:02.702+02:00 TRACE 248560 --- [crud-springboot] [           main] o.s.b.f.s.DefaultListableBeanFactory     : Returning cached instance of singleton bean 'org.springframework.transaction.config.internalTransactionAdvisor'
2024-07-21T15:50:02.702+02:00 TRACE 248560 --- [crud-springboot] [           main] o.s.b.f.s.DefaultListableBeanFactory     : Returning cached instance of singleton bean 'org.springframework.transaction.config.internalTransactionAdvisor'
2024-07-21T15:50:02.703+02:00 TRACE 248560 --- [crud-springboot] [           main] o.s.b.f.s.DefaultListableBeanFactory     : Finished creating instance of bean 'httpMessageConvertersRestClientCustomizer'
2024-07-21T15:50:02.703+02:00 DEBUG 248560 --- [crud-springboot] [           main] o.s.b.f.s.DefaultListableBeanFactory     : Creating shared instance of singleton bean 'restClientSsl'
2024-07-21T15:50:02.703+02:00 TRACE 248560 --- [crud-springboot] [           main] o.s.b.f.s.DefaultListableBeanFactory     : Creating instance of bean 'restClientSsl'
2024-07-21T15:50:02.703+02:00 TRACE 248560 --- [crud-springboot] [           main] o.s.b.f.s.DefaultListableBeanFactory     : Returning cached instance of singleton bean 'org.springframework.transaction.config.internalTransactionAdvisor'
2024-07-21T15:50:02.703+02:00 TRACE 248560 --- [crud-springboot] [           main] o.s.b.f.s.DefaultListableBeanFactory     : Returning cached instance of singleton bean 'org.springframework.boot.autoconfigure.web.client.RestClientAutoConfiguration'
2024-07-21T15:50:02.703+02:00 TRACE 248560 --- [crud-springboot] [           main] o.s.b.f.s.DefaultListableBeanFactory     : Returning cached instance of singleton bean 'sslBundleRegistry'
2024-07-21T15:50:02.703+02:00 DEBUG 248560 --- [crud-springboot] [           main] o.s.b.f.s.DefaultListableBeanFactory     : Autowiring by type from bean name 'restClientSsl' via factory method to bean named 'sslBundleRegistry'
2024-07-21T15:50:02.704+02:00 TRACE 248560 --- [crud-springboot] [           main] o.s.b.f.s.DefaultListableBeanFactory     : Returning cached instance of singleton bean 'org.springframework.transaction.config.internalTransactionAdvisor'
2024-07-21T15:50:02.704+02:00 TRACE 248560 --- [crud-springboot] [           main] o.s.b.f.s.DefaultListableBeanFactory     : Returning cached instance of singleton bean 'org.springframework.transaction.config.internalTransactionAdvisor'
2024-07-21T15:50:02.704+02:00 TRACE 248560 --- [crud-springboot] [           main] o.s.b.f.s.DefaultListableBeanFactory     : Finished creating instance of bean 'restClientSsl'
2024-07-21T15:50:02.704+02:00 DEBUG 248560 --- [crud-springboot] [           main] o.s.b.f.s.DefaultListableBeanFactory     : Creating shared instance of singleton bean 'restClientBuilderConfigurer'
2024-07-21T15:50:02.704+02:00 TRACE 248560 --- [crud-springboot] [           main] o.s.b.f.s.DefaultListableBeanFactory     : Creating instance of bean 'restClientBuilderConfigurer'
2024-07-21T15:50:02.704+02:00 TRACE 248560 --- [crud-springboot] [           main] o.s.b.f.s.DefaultListableBeanFactory     : Returning cached instance of singleton bean 'org.springframework.transaction.config.internalTransactionAdvisor'
2024-07-21T15:50:02.704+02:00 TRACE 248560 --- [crud-springboot] [           main] o.s.b.f.s.DefaultListableBeanFactory     : Returning cached instance of singleton bean 'org.springframework.boot.autoconfigure.web.client.RestClientAutoConfiguration'
2024-07-21T15:50:02.705+02:00 TRACE 248560 --- [crud-springboot] [           main] o.s.b.f.s.DefaultListableBeanFactory     : Returning cached instance of singleton bean 'httpMessageConvertersRestClientCustomizer'
2024-07-21T15:50:02.706+02:00 TRACE 248560 --- [crud-springboot] [           main] o.s.b.f.s.DefaultListableBeanFactory     : Returning cached instance of singleton bean 'httpMessageConvertersRestClientCustomizer'
2024-07-21T15:50:02.706+02:00 TRACE 248560 --- [crud-springboot] [           main] o.s.b.f.s.DefaultListableBeanFactory     : Returning cached instance of singleton bean 'org.springframework.transaction.config.internalTransactionAdvisor'
2024-07-21T15:50:02.706+02:00 TRACE 248560 --- [crud-springboot] [           main] o.s.b.f.s.DefaultListableBeanFactory     : Returning cached instance of singleton bean 'org.springframework.transaction.config.internalTransactionAdvisor'
2024-07-21T15:50:02.706+02:00 TRACE 248560 --- [crud-springboot] [           main] o.s.b.f.s.DefaultListableBeanFactory     : Finished creating instance of bean 'restClientBuilderConfigurer'
2024-07-21T15:50:02.706+02:00 DEBUG 248560 --- [crud-springboot] [           main] o.s.b.f.s.DefaultListableBeanFactory     : Creating shared instance of singleton bean 'org.springframework.boot.autoconfigure.web.client.RestTemplateAutoConfiguration'
2024-07-21T15:50:02.706+02:00 TRACE 248560 --- [crud-springboot] [           main] o.s.b.f.s.DefaultListableBeanFactory     : Creating instance of bean 'org.springframework.boot.autoconfigure.web.client.RestTemplateAutoConfiguration'
2024-07-21T15:50:02.706+02:00 TRACE 248560 --- [crud-springboot] [           main] o.s.b.f.s.DefaultListableBeanFactory     : Returning cached instance of singleton bean 'org.springframework.transaction.config.internalTransactionAdvisor'
2024-07-21T15:50:02.707+02:00 TRACE 248560 --- [crud-springboot] [           main] o.s.b.f.s.DefaultListableBeanFactory     : Returning cached instance of singleton bean 'org.springframework.transaction.config.internalTransactionAdvisor'
2024-07-21T15:50:02.707+02:00 TRACE 248560 --- [crud-springboot] [           main] o.s.b.f.s.DefaultListableBeanFactory     : Returning cached instance of singleton bean 'org.springframework.transaction.config.internalTransactionAdvisor'
2024-07-21T15:50:02.707+02:00 TRACE 248560 --- [crud-springboot] [           main] o.s.b.f.s.DefaultListableBeanFactory     : Finished creating instance of bean 'org.springframework.boot.autoconfigure.web.client.RestTemplateAutoConfiguration'
2024-07-21T15:50:02.707+02:00 TRACE 248560 --- [crud-springboot] [           main] o.s.b.f.s.DefaultListableBeanFactory     : Returning cached instance of singleton bean 'org.springframework.boot.autoconfigure.web.servlet.HttpEncodingAutoConfiguration'
2024-07-21T15:50:02.707+02:00 DEBUG 248560 --- [crud-springboot] [           main] o.s.b.f.s.DefaultListableBeanFactory     : Creating shared instance of singleton bean 'characterEncodingFilter'
2024-07-21T15:50:02.707+02:00 TRACE 248560 --- [crud-springboot] [           main] o.s.b.f.s.DefaultListableBeanFactory     : Creating instance of bean 'characterEncodingFilter'
2024-07-21T15:50:02.707+02:00 TRACE 248560 --- [crud-springboot] [           main] o.s.b.f.s.DefaultListableBeanFactory     : Returning cached instance of singleton bean 'org.springframework.transaction.config.internalTransactionAdvisor'
2024-07-21T15:50:02.707+02:00 TRACE 248560 --- [crud-springboot] [           main] o.s.b.f.s.DefaultListableBeanFactory     : Returning cached instance of singleton bean 'org.springframework.boot.autoconfigure.web.servlet.HttpEncodingAutoConfiguration'
2024-07-21T15:50:02.708+02:00 TRACE 248560 --- [crud-springboot] [           main] o.s.b.f.s.DefaultListableBeanFactory     : Invoking afterPropertiesSet() on bean with name 'characterEncodingFilter'
2024-07-21T15:50:02.708+02:00 TRACE 248560 --- [crud-springboot] [           main] o.s.b.f.s.DefaultListableBeanFactory     : Returning cached instance of singleton bean 'org.springframework.transaction.config.internalTransactionAdvisor'
2024-07-21T15:50:02.708+02:00 TRACE 248560 --- [crud-springboot] [           main] o.s.b.f.s.DefaultListableBeanFactory     : Returning cached instance of singleton bean 'org.springframework.transaction.config.internalTransactionAdvisor'
2024-07-21T15:50:02.709+02:00 TRACE 248560 --- [crud-springboot] [           main] o.s.b.f.s.DefaultListableBeanFactory     : Finished creating instance of bean 'characterEncodingFilter'
2024-07-21T15:50:02.709+02:00 TRACE 248560 --- [crud-springboot] [           main] o.s.b.f.s.DefaultListableBeanFactory     : Returning cached instance of singleton bean 'localeCharsetMappingsCustomizer'
2024-07-21T15:50:02.710+02:00 TRACE 248560 --- [crud-springboot] [           main] o.s.b.f.s.DefaultListableBeanFactory     : Returning cached instance of singleton bean 'org.springframework.boot.autoconfigure.web.servlet.MultipartAutoConfiguration'
2024-07-21T15:50:02.710+02:00 TRACE 248560 --- [crud-springboot] [           main] o.s.b.f.s.DefaultListableBeanFactory     : Returning cached instance of singleton bean 'multipartConfigElement'
2024-07-21T15:50:02.710+02:00 DEBUG 248560 --- [crud-springboot] [           main] o.s.b.f.s.DefaultListableBeanFactory     : Creating shared instance of singleton bean 'multipartResolver'
2024-07-21T15:50:02.710+02:00 TRACE 248560 --- [crud-springboot] [           main] o.s.b.f.s.DefaultListableBeanFactory     : Creating instance of bean 'multipartResolver'
2024-07-21T15:50:02.710+02:00 TRACE 248560 --- [crud-springboot] [           main] o.s.b.f.s.DefaultListableBeanFactory     : Returning cached instance of singleton bean 'org.springframework.transaction.config.internalTransactionAdvisor'
2024-07-21T15:50:02.710+02:00 TRACE 248560 --- [crud-springboot] [           main] o.s.b.f.s.DefaultListableBeanFactory     : Returning cached instance of singleton bean 'org.springframework.boot.autoconfigure.web.servlet.MultipartAutoConfiguration'
2024-07-21T15:50:02.712+02:00 TRACE 248560 --- [crud-springboot] [           main] o.s.b.f.s.DefaultListableBeanFactory     : Returning cached instance of singleton bean 'org.springframework.transaction.config.internalTransactionAdvisor'
2024-07-21T15:50:02.712+02:00 TRACE 248560 --- [crud-springboot] [           main] o.s.b.f.s.DefaultListableBeanFactory     : Returning cached instance of singleton bean 'org.springframework.transaction.config.internalTransactionAdvisor'
2024-07-21T15:50:02.712+02:00 TRACE 248560 --- [crud-springboot] [           main] o.s.b.f.s.DefaultListableBeanFactory     : Finished creating instance of bean 'multipartResolver'
2024-07-21T15:50:02.712+02:00 TRACE 248560 --- [crud-springboot] [           main] o.s.b.f.s.DefaultListableBeanFactory     : Returning cached instance of singleton bean 'spring.servlet.multipart-org.springframework.boot.autoconfigure.web.servlet.MultipartProperties'
2024-07-21T15:50:02.712+02:00 TRACE 248560 --- [crud-springboot] [           main] o.s.b.f.s.DefaultListableBeanFactory     : Returning cached instance of singleton bean 'mvcHandlerMappingIntrospectorRequestTransformer'
2024-07-21T15:50:02.712+02:00 TRACE 248560 --- [crud-springboot] [           main] o.s.b.f.s.DefaultListableBeanFactory     : Returning cached instance of singleton bean 'springSecurityFilterChain'
2024-07-21T15:50:02.713+02:00 TRACE 248560 --- [crud-springboot] [           main] o.s.c.e.EventListenerMethodProcessor     : No @EventListener annotations found on bean class: com.cwa.crudspringboot.CrudSpringbootApplication$$SpringCGLIB$$0
2024-07-21T15:50:02.713+02:00 TRACE 248560 --- [crud-springboot] [           main] o.s.c.e.EventListenerMethodProcessor     : No @EventListener annotations found on bean class: com.cwa.crudspringboot.configuration.JwtUtils
2024-07-21T15:50:02.714+02:00 TRACE 248560 --- [crud-springboot] [           main] o.s.c.e.EventListenerMethodProcessor     : No @EventListener annotations found on bean class: com.cwa.crudspringboot.configuration.SecurityConfig$$SpringCGLIB$$0
2024-07-21T15:50:02.714+02:00 TRACE 248560 --- [crud-springboot] [           main] o.s.c.e.EventListenerMethodProcessor     : No @EventListener annotations found on bean class: com.cwa.crudspringboot.controller.ApiResponse
2024-07-21T15:50:02.714+02:00 TRACE 248560 --- [crud-springboot] [           main] o.s.c.e.EventListenerMethodProcessor     : No @EventListener annotations found on bean class: com.cwa.crudspringboot.controller.AuthController
2024-07-21T15:50:02.714+02:00 TRACE 248560 --- [crud-springboot] [           main] o.s.c.e.EventListenerMethodProcessor     : No @EventListener annotations found on bean class: com.cwa.crudspringboot.controller.LoginRequest
2024-07-21T15:50:02.714+02:00 TRACE 248560 --- [crud-springboot] [           main] o.s.c.e.EventListenerMethodProcessor     : No @EventListener annotations found on bean class: com.cwa.crudspringboot.controller.PersonController
2024-07-21T15:50:02.714+02:00 TRACE 248560 --- [crud-springboot] [           main] o.s.c.e.EventListenerMethodProcessor     : No @EventListener annotations found on bean class: com.cwa.crudspringboot.controller.RegisterRequest
2024-07-21T15:50:02.714+02:00 TRACE 248560 --- [crud-springboot] [           main] o.s.c.e.EventListenerMethodProcessor     : No @EventListener annotations found on bean class: com.cwa.crudspringboot.controller.WebController
2024-07-21T15:50:02.715+02:00 TRACE 248560 --- [crud-springboot] [           main] o.s.c.e.EventListenerMethodProcessor     : No @EventListener annotations found on bean class: com.cwa.crudspringboot.filter.JwtFilter
2024-07-21T15:50:02.715+02:00 TRACE 248560 --- [crud-springboot] [           main] o.s.c.e.EventListenerMethodProcessor     : No @EventListener annotations found on bean class: com.cwa.crudspringboot.service.CardService
2024-07-21T15:50:02.716+02:00 TRACE 248560 --- [crud-springboot] [           main] o.s.c.e.EventListenerMethodProcessor     : No @EventListener annotations found on bean class: com.cwa.crudspringboot.service.CustomUserDetailsService
2024-07-21T15:50:02.716+02:00 TRACE 248560 --- [crud-springboot] [           main] o.s.c.e.EventListenerMethodProcessor     : No @EventListener annotations found on bean class: org.springframework.security.config.annotation.configuration.ObjectPostProcessorConfiguration
2024-07-21T15:50:02.717+02:00 TRACE 248560 --- [crud-springboot] [           main] o.s.c.e.EventListenerMethodProcessor     : No @EventListener annotations found on bean class: org.springframework.security.config.annotation.authentication.configuration.AuthenticationConfiguration
2024-07-21T15:50:02.718+02:00 TRACE 248560 --- [crud-springboot] [           main] o.s.c.e.EventListenerMethodProcessor     : No @EventListener annotations found on bean class: org.springframework.security.config.annotation.web.configuration.WebSecurityConfiguration
2024-07-21T15:50:02.719+02:00 TRACE 248560 --- [crud-springboot] [           main] o.s.c.e.EventListenerMethodProcessor     : No @EventListener annotations found on bean class: org.springframework.security.config.annotation.web.configuration.HttpSecurityConfiguration
2024-07-21T15:50:02.719+02:00 TRACE 248560 --- [crud-springboot] [           main] o.s.c.e.EventListenerMethodProcessor     : No @EventListener annotations found on bean class: org.springframework.boot.autoconfigure.context.PropertyPlaceholderAutoConfiguration
2024-07-21T15:50:02.719+02:00 TRACE 248560 --- [crud-springboot] [           main] o.s.c.e.EventListenerMethodProcessor     : No @EventListener annotations found on bean class: org.springframework.boot.autoconfigure.ssl.SslAutoConfiguration
2024-07-21T15:50:02.720+02:00 TRACE 248560 --- [crud-springboot] [           main] o.s.c.e.EventListenerMethodProcessor     : No @EventListener annotations found on bean class: org.springframework.boot.autoconfigure.websocket.servlet.WebSocketServletAutoConfiguration$TomcatWebSocketConfiguration
2024-07-21T15:50:02.720+02:00 TRACE 248560 --- [crud-springboot] [           main] o.s.c.e.EventListenerMethodProcessor     : No @EventListener annotations found on bean class: org.springframework.boot.autoconfigure.websocket.servlet.WebSocketServletAutoConfiguration
2024-07-21T15:50:02.720+02:00 TRACE 248560 --- [crud-springboot] [           main] o.s.c.e.EventListenerMethodProcessor     : No @EventListener annotations found on bean class: org.springframework.boot.autoconfigure.web.servlet.ServletWebServerFactoryConfiguration$EmbeddedTomcat
2024-07-21T15:50:02.720+02:00 TRACE 248560 --- [crud-springboot] [           main] o.s.c.e.EventListenerMethodProcessor     : No @EventListener annotations found on bean class: org.springframework.boot.autoconfigure.web.servlet.ServletWebServerFactoryAutoConfiguration
2024-07-21T15:50:02.720+02:00 TRACE 248560 --- [crud-springboot] [           main] o.s.c.e.EventListenerMethodProcessor     : No @EventListener annotations found on bean class: org.springframework.boot.autoconfigure.web.servlet.DispatcherServletAutoConfiguration$DispatcherServletConfiguration
2024-07-21T15:50:02.720+02:00 TRACE 248560 --- [crud-springboot] [           main] o.s.c.e.EventListenerMethodProcessor     : No @EventListener annotations found on bean class: org.springframework.boot.autoconfigure.web.servlet.DispatcherServletAutoConfiguration$DispatcherServletRegistrationConfiguration
2024-07-21T15:50:02.720+02:00 TRACE 248560 --- [crud-springboot] [           main] o.s.c.e.EventListenerMethodProcessor     : No @EventListener annotations found on bean class: org.springframework.boot.autoconfigure.web.servlet.DispatcherServletAutoConfiguration
2024-07-21T15:50:02.720+02:00 TRACE 248560 --- [crud-springboot] [           main] o.s.c.e.EventListenerMethodProcessor     : No @EventListener annotations found on bean class: org.springframework.boot.autoconfigure.task.TaskExecutorConfigurations$ThreadPoolTaskExecutorBuilderConfiguration
2024-07-21T15:50:02.721+02:00 TRACE 248560 --- [crud-springboot] [           main] o.s.c.e.EventListenerMethodProcessor     : No @EventListener annotations found on bean class: org.springframework.boot.autoconfigure.task.TaskExecutorConfigurations$TaskExecutorBuilderConfiguration
2024-07-21T15:50:02.721+02:00 TRACE 248560 --- [crud-springboot] [           main] o.s.c.e.EventListenerMethodProcessor     : No @EventListener annotations found on bean class: org.springframework.boot.autoconfigure.task.TaskExecutorConfigurations$SimpleAsyncTaskExecutorBuilderConfiguration
2024-07-21T15:50:02.721+02:00 TRACE 248560 --- [crud-springboot] [           main] o.s.c.e.EventListenerMethodProcessor     : No @EventListener annotations found on bean class: org.springframework.boot.autoconfigure.task.TaskExecutorConfigurations$TaskExecutorConfiguration
2024-07-21T15:50:02.721+02:00 TRACE 248560 --- [crud-springboot] [           main] o.s.c.e.EventListenerMethodProcessor     : No @EventListener annotations found on bean class: org.springframework.boot.autoconfigure.task.TaskExecutionAutoConfiguration
2024-07-21T15:50:02.721+02:00 TRACE 248560 --- [crud-springboot] [           main] o.s.c.e.EventListenerMethodProcessor     : No @EventListener annotations found on bean class: org.springframework.boot.autoconfigure.web.servlet.error.ErrorMvcAutoConfiguration$WhitelabelErrorViewConfiguration
2024-07-21T15:50:02.721+02:00 TRACE 248560 --- [crud-springboot] [           main] o.s.c.e.EventListenerMethodProcessor     : No @EventListener annotations found on bean class: org.springframework.boot.autoconfigure.web.servlet.error.ErrorMvcAutoConfiguration$DefaultErrorViewResolverConfiguration
2024-07-21T15:50:02.722+02:00 TRACE 248560 --- [crud-springboot] [           main] o.s.c.e.EventListenerMethodProcessor     : No @EventListener annotations found on bean class: org.springframework.boot.autoconfigure.web.servlet.error.ErrorMvcAutoConfiguration
2024-07-21T15:50:02.723+02:00 TRACE 248560 --- [crud-springboot] [           main] o.s.c.e.EventListenerMethodProcessor     : No @EventListener annotations found on bean class: org.springframework.boot.autoconfigure.web.servlet.error.BasicErrorController
2024-07-21T15:50:02.724+02:00 TRACE 248560 --- [crud-springboot] [           main] o.s.c.e.EventListenerMethodProcessor     : No @EventListener annotations found on bean class: org.springframework.boot.autoconfigure.web.servlet.WebMvcAutoConfiguration$EnableWebMvcConfiguration
2024-07-21T15:50:02.725+02:00 TRACE 248560 --- [crud-springboot] [           main] o.s.c.e.EventListenerMethodProcessor     : No @EventListener annotations found on bean class: org.springframework.boot.autoconfigure.web.servlet.WebMvcAutoConfiguration$WebMvcAutoConfigurationAdapter
2024-07-21T15:50:02.725+02:00 TRACE 248560 --- [crud-springboot] [           main] o.s.c.e.EventListenerMethodProcessor     : No @EventListener annotations found on bean class: org.springframework.boot.autoconfigure.web.servlet.WebMvcAutoConfiguration
2024-07-21T15:50:02.725+02:00 TRACE 248560 --- [crud-springboot] [           main] o.s.c.e.EventListenerMethodProcessor     : No @EventListener annotations found on bean class: org.springframework.boot.autoconfigure.aop.AopAutoConfiguration$AspectJAutoProxyingConfiguration$CglibAutoProxyConfiguration
2024-07-21T15:50:02.725+02:00 TRACE 248560 --- [crud-springboot] [           main] o.s.c.e.EventListenerMethodProcessor     : No @EventListener annotations found on bean class: org.springframework.boot.autoconfigure.aop.AopAutoConfiguration$AspectJAutoProxyingConfiguration
2024-07-21T15:50:02.725+02:00 TRACE 248560 --- [crud-springboot] [           main] o.s.c.e.EventListenerMethodProcessor     : No @EventListener annotations found on bean class: org.springframework.boot.autoconfigure.aop.AopAutoConfiguration
2024-07-21T15:50:02.725+02:00 TRACE 248560 --- [crud-springboot] [           main] o.s.c.e.EventListenerMethodProcessor     : No @EventListener annotations found on bean class: org.springframework.boot.autoconfigure.availability.ApplicationAvailabilityAutoConfiguration
2024-07-21T15:50:02.726+02:00 TRACE 248560 --- [crud-springboot] [           main] o.s.c.e.EventListenerMethodProcessor     : No @EventListener annotations found on bean class: org.springframework.boot.autoconfigure.transaction.jta.JtaAutoConfiguration
2024-07-21T15:50:02.726+02:00 TRACE 248560 --- [crud-springboot] [           main] o.s.c.e.EventListenerMethodProcessor     : No @EventListener annotations found on bean class: org.springframework.boot.autoconfigure.jdbc.DataSourceConfiguration$Hikari
2024-07-21T15:50:02.726+02:00 TRACE 248560 --- [crud-springboot] [           main] o.s.c.e.EventListenerMethodProcessor     : No @EventListener annotations found on bean class: com.zaxxer.hikari.HikariDataSource
2024-07-21T15:50:02.726+02:00 TRACE 248560 --- [crud-springboot] [           main] o.s.c.e.EventListenerMethodProcessor     : No @EventListener annotations found on bean class: org.springframework.boot.autoconfigure.jdbc.DataSourceAutoConfiguration$PooledDataSourceConfiguration
2024-07-21T15:50:02.726+02:00 TRACE 248560 --- [crud-springboot] [           main] o.s.c.e.EventListenerMethodProcessor     : No @EventListener annotations found on bean class: org.springframework.boot.autoconfigure.jdbc.metadata.DataSourcePoolMetadataProvidersConfiguration$HikariPoolDataSourceMetadataProviderConfiguration
2024-07-21T15:50:02.726+02:00 TRACE 248560 --- [crud-springboot] [           main] o.s.c.e.EventListenerMethodProcessor     : No @EventListener annotations found on bean class: org.springframework.boot.autoconfigure.jdbc.metadata.DataSourcePoolMetadataProvidersConfiguration
2024-07-21T15:50:02.726+02:00 TRACE 248560 --- [crud-springboot] [           main] o.s.c.e.EventListenerMethodProcessor     : No @EventListener annotations found on bean class: org.springframework.boot.autoconfigure.jdbc.DataSourceAutoConfiguration
2024-07-21T15:50:02.727+02:00 TRACE 248560 --- [crud-springboot] [           main] o.s.c.e.EventListenerMethodProcessor     : No @EventListener annotations found on bean class: org.springframework.boot.autoconfigure.transaction.TransactionManagerCustomizationAutoConfiguration
2024-07-21T15:50:02.727+02:00 TRACE 248560 --- [crud-springboot] [           main] o.s.c.e.EventListenerMethodProcessor     : No @EventListener annotations found on bean class: org.springframework.boot.autoconfigure.orm.jpa.JpaBaseConfiguration$JpaWebConfiguration
2024-07-21T15:50:02.727+02:00 TRACE 248560 --- [crud-springboot] [           main] o.s.c.e.EventListenerMethodProcessor     : No @EventListener annotations found on bean class: org.springframework.boot.autoconfigure.orm.jpa.JpaBaseConfiguration$PersistenceManagedTypesConfiguration
2024-07-21T15:50:02.727+02:00 TRACE 248560 --- [crud-springboot] [           main] o.s.c.e.EventListenerMethodProcessor     : No @EventListener annotations found on bean class: org.springframework.boot.autoconfigure.orm.jpa.HibernateJpaConfiguration
2024-07-21T15:50:02.728+02:00 TRACE 248560 --- [crud-springboot] [           main] o.s.c.e.EventListenerMethodProcessor     : No @EventListener annotations found on bean class: jdk.proxy2.$Proxy111
2024-07-21T15:50:02.728+02:00 TRACE 248560 --- [crud-springboot] [           main] o.s.c.e.EventListenerMethodProcessor     : No @EventListener annotations found on bean class: org.springframework.boot.autoconfigure.orm.jpa.HibernateJpaAutoConfiguration
2024-07-21T15:50:02.728+02:00 TRACE 248560 --- [crud-springboot] [           main] o.s.c.e.EventListenerMethodProcessor     : No @EventListener annotations found on bean class: org.springframework.boot.autoconfigure.jackson.JacksonAutoConfiguration$Jackson2ObjectMapperBuilderCustomizerConfiguration
2024-07-21T15:50:02.729+02:00 TRACE 248560 --- [crud-springboot] [           main] o.s.c.e.EventListenerMethodProcessor     : No @EventListener annotations found on bean class: org.springframework.boot.autoconfigure.jackson.JacksonAutoConfiguration$JacksonObjectMapperBuilderConfiguration
2024-07-21T15:50:02.729+02:00 TRACE 248560 --- [crud-springboot] [           main] o.s.c.e.EventListenerMethodProcessor     : No @EventListener annotations found on bean class: org.springframework.boot.autoconfigure.jackson.JacksonAutoConfiguration$ParameterNamesModuleConfiguration
2024-07-21T15:50:02.729+02:00 TRACE 248560 --- [crud-springboot] [           main] o.s.c.e.EventListenerMethodProcessor     : No @EventListener annotations found on bean class: com.fasterxml.jackson.module.paramnames.ParameterNamesModule
2024-07-21T15:50:02.729+02:00 TRACE 248560 --- [crud-springboot] [           main] o.s.c.e.EventListenerMethodProcessor     : No @EventListener annotations found on bean class: org.springframework.boot.autoconfigure.jackson.JacksonAutoConfiguration$JacksonObjectMapperConfiguration
2024-07-21T15:50:02.729+02:00 TRACE 248560 --- [crud-springboot] [           main] o.s.c.e.EventListenerMethodProcessor     : No @EventListener annotations found on bean class: com.fasterxml.jackson.databind.ObjectMapper
2024-07-21T15:50:02.730+02:00 TRACE 248560 --- [crud-springboot] [           main] o.s.c.e.EventListenerMethodProcessor     : No @EventListener annotations found on bean class: org.springframework.boot.autoconfigure.jackson.JacksonAutoConfiguration$JacksonMixinConfiguration
2024-07-21T15:50:02.730+02:00 TRACE 248560 --- [crud-springboot] [           main] o.s.c.e.EventListenerMethodProcessor     : No @EventListener annotations found on bean class: org.springframework.boot.autoconfigure.jackson.JacksonAutoConfiguration
2024-07-21T15:50:02.730+02:00 TRACE 248560 --- [crud-springboot] [           main] o.s.c.e.EventListenerMethodProcessor     : No @EventListener annotations found on bean class: org.springframework.boot.autoconfigure.context.ConfigurationPropertiesAutoConfiguration
2024-07-21T15:50:02.730+02:00 TRACE 248560 --- [crud-springboot] [           main] o.s.c.e.EventListenerMethodProcessor     : No @EventListener annotations found on bean class: org.springframework.boot.autoconfigure.context.LifecycleAutoConfiguration
2024-07-21T15:50:02.730+02:00 TRACE 248560 --- [crud-springboot] [           main] o.s.c.e.EventListenerMethodProcessor     : No @EventListener annotations found on bean class: org.springframework.boot.autoconfigure.dao.PersistenceExceptionTranslationAutoConfiguration
2024-07-21T15:50:02.730+02:00 TRACE 248560 --- [crud-springboot] [           main] o.s.c.e.EventListenerMethodProcessor     : No @EventListener annotations found on bean class: org.springframework.boot.autoconfigure.data.jpa.JpaRepositoriesAutoConfiguration
2024-07-21T15:50:02.731+02:00 TRACE 248560 --- [crud-springboot] [           main] o.s.c.e.EventListenerMethodProcessor     : No @EventListener annotations found on bean class: jdk.proxy2.$Proxy114
2024-07-21T15:50:02.731+02:00 TRACE 248560 --- [crud-springboot] [           main] o.s.c.e.EventListenerMethodProcessor     : No @EventListener annotations found on bean class: com.cwa.crudspringboot.repository.PersonRepository
2024-07-21T15:50:02.731+02:00 TRACE 248560 --- [crud-springboot] [           main] o.s.c.e.EventListenerMethodProcessor     : No @EventListener annotations found on bean class: com.cwa.crudspringboot.repository.DishRepository
2024-07-21T15:50:02.731+02:00 TRACE 248560 --- [crud-springboot] [           main] o.s.c.e.EventListenerMethodProcessor     : No @EventListener annotations found on bean class: com.cwa.crudspringboot.repository.AllergenRepository
2024-07-21T15:50:02.731+02:00 TRACE 248560 --- [crud-springboot] [           main] o.s.c.e.EventListenerMethodProcessor     : No @EventListener annotations found on bean class: com.cwa.crudspringboot.repository.MenuRepository
2024-07-21T15:50:02.731+02:00 TRACE 248560 --- [crud-springboot] [           main] o.s.c.e.EventListenerMethodProcessor     : No @EventListener annotations found on bean class: com.cwa.crudspringboot.repository.IngredientRepository
2024-07-21T15:50:02.732+02:00 TRACE 248560 --- [crud-springboot] [           main] o.s.c.e.EventListenerMethodProcessor     : No @EventListener annotations found on bean class: com.cwa.crudspringboot.repository.UserRepository
2024-07-21T15:50:02.732+02:00 TRACE 248560 --- [crud-springboot] [           main] o.s.c.e.EventListenerMethodProcessor     : No @EventListener annotations found on bean class: com.cwa.crudspringboot.repository.CardRepository
2024-07-21T15:50:02.732+02:00 TRACE 248560 --- [crud-springboot] [           main] o.s.c.e.EventListenerMethodProcessor     : No @EventListener annotations found on bean class: org.springframework.boot.autoconfigure.http.HttpMessageConvertersAutoConfiguration$StringHttpMessageConverterConfiguration
2024-07-21T15:50:02.732+02:00 TRACE 248560 --- [crud-springboot] [           main] o.s.c.e.EventListenerMethodProcessor     : No @EventListener annotations found on bean class: org.springframework.boot.autoconfigure.http.JacksonHttpMessageConvertersConfiguration$MappingJackson2HttpMessageConverterConfiguration
2024-07-21T15:50:02.732+02:00 TRACE 248560 --- [crud-springboot] [           main] o.s.c.e.EventListenerMethodProcessor     : No @EventListener annotations found on bean class: org.springframework.boot.autoconfigure.http.JacksonHttpMessageConvertersConfiguration
2024-07-21T15:50:02.732+02:00 TRACE 248560 --- [crud-springboot] [           main] o.s.c.e.EventListenerMethodProcessor     : No @EventListener annotations found on bean class: org.springframework.boot.autoconfigure.http.HttpMessageConvertersAutoConfiguration
2024-07-21T15:50:02.732+02:00 TRACE 248560 --- [crud-springboot] [           main] o.s.c.e.EventListenerMethodProcessor     : No @EventListener annotations found on bean class: org.springframework.data.web.config.ProjectingArgumentResolverRegistrar
2024-07-21T15:50:02.732+02:00 TRACE 248560 --- [crud-springboot] [           main] o.s.c.e.EventListenerMethodProcessor     : No @EventListener annotations found on bean class: org.springframework.data.web.config.SpringDataWebConfiguration
2024-07-21T15:50:02.732+02:00 TRACE 248560 --- [crud-springboot] [           main] o.s.c.e.EventListenerMethodProcessor     : No @EventListener annotations found on bean class: org.springframework.boot.autoconfigure.data.web.SpringDataWebAutoConfiguration
2024-07-21T15:50:02.733+02:00 TRACE 248560 --- [crud-springboot] [           main] o.s.c.e.EventListenerMethodProcessor     : No @EventListener annotations found on bean class: org.springframework.boot.autoconfigure.info.ProjectInfoAutoConfiguration
2024-07-21T15:50:02.733+02:00 TRACE 248560 --- [crud-springboot] [           main] o.s.c.e.EventListenerMethodProcessor     : No @EventListener annotations found on bean class: org.springframework.boot.autoconfigure.jdbc.JdbcTemplateConfiguration
2024-07-21T15:50:02.733+02:00 TRACE 248560 --- [crud-springboot] [           main] o.s.c.e.EventListenerMethodProcessor     : No @EventListener annotations found on bean class: org.springframework.boot.autoconfigure.jdbc.NamedParameterJdbcTemplateConfiguration
2024-07-21T15:50:02.733+02:00 TRACE 248560 --- [crud-springboot] [           main] o.s.c.e.EventListenerMethodProcessor     : No @EventListener annotations found on bean class: org.springframework.boot.autoconfigure.jdbc.JdbcTemplateAutoConfiguration
2024-07-21T15:50:02.733+02:00 TRACE 248560 --- [crud-springboot] [           main] o.s.c.e.EventListenerMethodProcessor     : No @EventListener annotations found on bean class: org.springframework.boot.autoconfigure.jdbc.JdbcClientAutoConfiguration
2024-07-21T15:50:02.733+02:00 TRACE 248560 --- [crud-springboot] [           main] o.s.c.e.EventListenerMethodProcessor     : No @EventListener annotations found on bean class: org.springframework.boot.autoconfigure.security.servlet.SpringBootWebSecurityConfiguration
2024-07-21T15:50:02.733+02:00 TRACE 248560 --- [crud-springboot] [           main] o.s.c.e.EventListenerMethodProcessor     : No @EventListener annotations found on bean class: org.springframework.boot.autoconfigure.security.servlet.SecurityAutoConfiguration
2024-07-21T15:50:02.733+02:00 TRACE 248560 --- [crud-springboot] [           main] o.s.c.e.EventListenerMethodProcessor     : No @EventListener annotations found on bean class: org.springframework.boot.autoconfigure.security.servlet.SecurityFilterAutoConfiguration
2024-07-21T15:50:02.733+02:00 TRACE 248560 --- [crud-springboot] [           main] o.s.c.e.EventListenerMethodProcessor     : No @EventListener annotations found on bean class: org.springframework.boot.autoconfigure.sql.init.DataSourceInitializationConfiguration
2024-07-21T15:50:02.733+02:00 TRACE 248560 --- [crud-springboot] [           main] o.s.c.e.EventListenerMethodProcessor     : No @EventListener annotations found on bean class: org.springframework.boot.autoconfigure.sql.init.SqlInitializationAutoConfiguration
2024-07-21T15:50:02.733+02:00 TRACE 248560 --- [crud-springboot] [           main] o.s.c.e.EventListenerMethodProcessor     : No @EventListener annotations found on bean class: org.springframework.boot.autoconfigure.task.TaskSchedulingConfigurations$ThreadPoolTaskSchedulerBuilderConfiguration
2024-07-21T15:50:02.733+02:00 TRACE 248560 --- [crud-springboot] [           main] o.s.c.e.EventListenerMethodProcessor     : No @EventListener annotations found on bean class: org.springframework.boot.autoconfigure.task.TaskSchedulingConfigurations$TaskSchedulerBuilderConfiguration
2024-07-21T15:50:02.733+02:00 TRACE 248560 --- [crud-springboot] [           main] o.s.c.e.EventListenerMethodProcessor     : No @EventListener annotations found on bean class: org.springframework.boot.autoconfigure.task.TaskSchedulingConfigurations$SimpleAsyncTaskSchedulerBuilderConfiguration
2024-07-21T15:50:02.733+02:00 TRACE 248560 --- [crud-springboot] [           main] o.s.c.e.EventListenerMethodProcessor     : No @EventListener annotations found on bean class: org.springframework.boot.autoconfigure.task.TaskSchedulingAutoConfiguration
2024-07-21T15:50:02.734+02:00 TRACE 248560 --- [crud-springboot] [           main] o.s.c.e.EventListenerMethodProcessor     : No @EventListener annotations found on bean class: org.springframework.boot.autoconfigure.thymeleaf.ThymeleafAutoConfiguration$ThymeleafWebMvcConfiguration$ThymeleafViewResolverConfiguration
2024-07-21T15:50:02.734+02:00 TRACE 248560 --- [crud-springboot] [           main] o.s.c.e.EventListenerMethodProcessor     : No @EventListener annotations found on bean class: org.thymeleaf.spring6.view.ThymeleafViewResolver
2024-07-21T15:50:02.734+02:00 TRACE 248560 --- [crud-springboot] [           main] o.s.c.e.EventListenerMethodProcessor     : No @EventListener annotations found on bean class: org.springframework.boot.autoconfigure.thymeleaf.ThymeleafAutoConfiguration$ThymeleafWebMvcConfiguration
2024-07-21T15:50:02.734+02:00 TRACE 248560 --- [crud-springboot] [           main] o.s.c.e.EventListenerMethodProcessor     : No @EventListener annotations found on bean class: org.springframework.boot.autoconfigure.thymeleaf.ThymeleafAutoConfiguration$DefaultTemplateResolverConfiguration
2024-07-21T15:50:02.734+02:00 TRACE 248560 --- [crud-springboot] [           main] o.s.c.e.EventListenerMethodProcessor     : No @EventListener annotations found on bean class: org.thymeleaf.spring6.templateresolver.SpringResourceTemplateResolver
2024-07-21T15:50:02.734+02:00 TRACE 248560 --- [crud-springboot] [           main] o.s.c.e.EventListenerMethodProcessor     : No @EventListener annotations found on bean class: org.springframework.boot.autoconfigure.thymeleaf.TemplateEngineConfigurations$DefaultTemplateEngineConfiguration
2024-07-21T15:50:02.735+02:00 TRACE 248560 --- [crud-springboot] [           main] o.s.c.e.EventListenerMethodProcessor     : No @EventListener annotations found on bean class: org.thymeleaf.spring6.SpringTemplateEngine
2024-07-21T15:50:02.735+02:00 TRACE 248560 --- [crud-springboot] [           main] o.s.c.e.EventListenerMethodProcessor     : No @EventListener annotations found on bean class: org.springframework.boot.autoconfigure.thymeleaf.ThymeleafAutoConfiguration
2024-07-21T15:50:02.735+02:00 TRACE 248560 --- [crud-springboot] [           main] o.s.c.e.EventListenerMethodProcessor     : No @EventListener annotations found on bean class: org.springframework.boot.autoconfigure.jdbc.DataSourceTransactionManagerAutoConfiguration$JdbcTransactionManagerConfiguration
2024-07-21T15:50:02.735+02:00 TRACE 248560 --- [crud-springboot] [           main] o.s.c.e.EventListenerMethodProcessor     : No @EventListener annotations found on bean class: org.springframework.boot.autoconfigure.jdbc.DataSourceTransactionManagerAutoConfiguration
2024-07-21T15:50:02.735+02:00 TRACE 248560 --- [crud-springboot] [           main] o.s.c.e.EventListenerMethodProcessor     : No @EventListener annotations found on bean class: org.springframework.transaction.annotation.ProxyTransactionManagementConfiguration
2024-07-21T15:50:02.735+02:00 TRACE 248560 --- [crud-springboot] [           main] o.s.c.e.EventListenerMethodProcessor     : No @EventListener annotations found on bean class: org.springframework.boot.autoconfigure.transaction.TransactionAutoConfiguration$EnableTransactionManagementConfiguration$CglibAutoProxyConfiguration
2024-07-21T15:50:02.735+02:00 TRACE 248560 --- [crud-springboot] [           main] o.s.c.e.EventListenerMethodProcessor     : No @EventListener annotations found on bean class: org.springframework.boot.autoconfigure.transaction.TransactionAutoConfiguration$EnableTransactionManagementConfiguration
2024-07-21T15:50:02.736+02:00 TRACE 248560 --- [crud-springboot] [           main] o.s.c.e.EventListenerMethodProcessor     : No @EventListener annotations found on bean class: org.springframework.boot.autoconfigure.transaction.TransactionAutoConfiguration$TransactionTemplateConfiguration
2024-07-21T15:50:02.736+02:00 TRACE 248560 --- [crud-springboot] [           main] o.s.c.e.EventListenerMethodProcessor     : No @EventListener annotations found on bean class: org.springframework.boot.autoconfigure.transaction.TransactionAutoConfiguration
2024-07-21T15:50:02.736+02:00 TRACE 248560 --- [crud-springboot] [           main] o.s.c.e.EventListenerMethodProcessor     : No @EventListener annotations found on bean class: org.springframework.boot.autoconfigure.web.client.RestClientAutoConfiguration
2024-07-21T15:50:02.737+02:00 TRACE 248560 --- [crud-springboot] [           main] o.s.c.e.EventListenerMethodProcessor     : No @EventListener annotations found on bean class: org.springframework.boot.autoconfigure.web.client.RestTemplateAutoConfiguration
2024-07-21T15:50:02.738+02:00 TRACE 248560 --- [crud-springboot] [           main] o.s.c.e.EventListenerMethodProcessor     : No @EventListener annotations found on bean class: org.springframework.boot.autoconfigure.web.servlet.HttpEncodingAutoConfiguration
2024-07-21T15:50:02.738+02:00 TRACE 248560 --- [crud-springboot] [           main] o.s.c.e.EventListenerMethodProcessor     : No @EventListener annotations found on bean class: org.springframework.boot.autoconfigure.web.servlet.MultipartAutoConfiguration
2024-07-21T15:50:02.738+02:00 TRACE 248560 --- [crud-springboot] [           main] o.s.c.e.EventListenerMethodProcessor     : No @EventListener annotations found on bean class: jakarta.servlet.MultipartConfigElement
2024-07-21T15:50:02.739+02:00 TRACE 248560 --- [crud-springboot] [           main] o.s.c.e.EventListenerMethodProcessor     : No @EventListener annotations found on bean class: jakarta.persistence.EntityManager
2024-07-21T15:50:02.741+02:00 TRACE 248560 --- [crud-springboot] [           main] o.s.b.f.s.DefaultListableBeanFactory     : Returning cached instance of singleton bean 'lifecycleProcessor'
2024-07-21T15:50:02.743+02:00 TRACE 248560 --- [crud-springboot] [           main] o.s.w.c.s.GenericWebApplicationContext   : Using LifecycleProcessor [org.springframework.context.support.DefaultLifecycleProcessor@381d7c4c]
2024-07-21T15:50:02.745+02:00 TRACE 248560 --- [crud-springboot] [           main] o.s.b.f.s.DefaultListableBeanFactory     : Returning cached instance of singleton bean 'applicationTaskExecutor'
2024-07-21T15:50:02.745+02:00 TRACE 248560 --- [crud-springboot] [           main] o.s.b.f.s.DefaultListableBeanFactory     : Returning cached instance of singleton bean 'lifecycleProcessor'
2024-07-21T15:50:02.745+02:00 TRACE 248560 --- [crud-springboot] [           main] o.s.b.f.s.DefaultListableBeanFactory     : Returning cached instance of singleton bean 'springBootLoggingLifecycle'
2024-07-21T15:50:02.750+02:00 DEBUG 248560 --- [crud-springboot] [           main] o.s.c.support.DefaultLifecycleProcessor  : Starting beans in phase -2147483647
2024-07-21T15:50:02.751+02:00 TRACE 248560 --- [crud-springboot] [           main] o.s.c.support.DefaultLifecycleProcessor  : Starting bean 'springBootLoggingLifecycle' of type [org.springframework.boot.context.logging.LoggingApplicationListener$Lifecycle]
2024-07-21T15:50:02.751+02:00 DEBUG 248560 --- [crud-springboot] [           main] o.s.c.support.DefaultLifecycleProcessor  : Successfully started bean 'springBootLoggingLifecycle'
2024-07-21T15:50:02.751+02:00 DEBUG 248560 --- [crud-springboot] [           main] o.s.c.support.DefaultLifecycleProcessor  : Starting beans in phase 2147483647
2024-07-21T15:50:02.753+02:00 TRACE 248560 --- [crud-springboot] [           main] o.s.b.f.s.DefaultListableBeanFactory     : Returning cached instance of singleton bean 'org.springframework.boot.autoconfigure.internalCachingMetadataReaderFactory'
2024-07-21T15:50:02.753+02:00 TRACE 248560 --- [crud-springboot] [           main] o.s.b.f.s.DefaultListableBeanFactory     : Returning cached instance of singleton bean 'delegatingApplicationListener'
2024-07-21T15:50:02.753+02:00 TRACE 248560 --- [crud-springboot] [           main] o.s.b.f.s.DefaultListableBeanFactory     : Returning cached instance of singleton bean 'mvcResourceUrlProvider'
2024-07-21T15:50:02.787+02:00 DEBUG 248560 --- [crud-springboot] [           main] .s.b.a.l.ConditionEvaluationReportLogger : 


============================
CONDITIONS EVALUATION REPORT
============================


Positive matches:
-----------------

   AopAutoConfiguration matched:
      - @ConditionalOnProperty (spring.aop.auto=true) matched (OnPropertyCondition)

   AopAutoConfiguration.AspectJAutoProxyingConfiguration matched:
      - @ConditionalOnClass found required class 'org.aspectj.weaver.Advice' (OnClassCondition)

   AopAutoConfiguration.AspectJAutoProxyingConfiguration.CglibAutoProxyConfiguration matched:
      - @ConditionalOnProperty (spring.aop.proxy-target-class=true) matched (OnPropertyCondition)

   ApplicationAvailabilityAutoConfiguration#applicationAvailability matched:
      - @ConditionalOnMissingBean (types: org.springframework.boot.availability.ApplicationAvailability; SearchStrategy: all) did not find any beans (OnBeanCondition)

   DataSourceAutoConfiguration matched:
      - @ConditionalOnClass found required classes 'javax.sql.DataSource', 'org.springframework.jdbc.datasource.embedded.EmbeddedDatabaseType' (OnClassCondition)
      - @ConditionalOnMissingBean (types: io.r2dbc.spi.ConnectionFactory; SearchStrategy: all) did not find any beans (OnBeanCondition)

   DataSourceAutoConfiguration.PooledDataSourceConfiguration matched:
      - AnyNestedCondition 1 matched 1 did not; NestedCondition on DataSourceAutoConfiguration.PooledDataSourceCondition.PooledDataSourceAvailable PooledDataSource found supported DataSource; NestedCondition on DataSourceAutoConfiguration.PooledDataSourceCondition.ExplicitType @ConditionalOnProperty (spring.datasource.type) did not find property 'type' (DataSourceAutoConfiguration.PooledDataSourceCondition)
      - @ConditionalOnMissingBean (types: javax.sql.DataSource,javax.sql.XADataSource; SearchStrategy: all) did not find any beans (OnBeanCondition)

   DataSourceAutoConfiguration.PooledDataSourceConfiguration#jdbcConnectionDetails matched:
      - @ConditionalOnMissingBean (types: org.springframework.boot.autoconfigure.jdbc.JdbcConnectionDetails; SearchStrategy: all) did not find any beans (OnBeanCondition)

   DataSourceConfiguration.Hikari matched:
      - @ConditionalOnClass found required class 'com.zaxxer.hikari.HikariDataSource' (OnClassCondition)
      - @ConditionalOnProperty (spring.datasource.type=com.zaxxer.hikari.HikariDataSource) matched (OnPropertyCondition)
      - @ConditionalOnMissingBean (types: javax.sql.DataSource; SearchStrategy: all) did not find any beans (OnBeanCondition)

   DataSourceInitializationConfiguration matched:
      - @ConditionalOnClass found required class 'org.springframework.jdbc.datasource.init.DatabasePopulator' (OnClassCondition)
      - @ConditionalOnSingleCandidate (types: javax.sql.DataSource; SearchStrategy: all) found a single bean 'dataSource'; @ConditionalOnMissingBean (types: org.springframework.boot.autoconfigure.sql.init.SqlDataSourceScriptDatabaseInitializer,org.springframework.boot.autoconfigure.sql.init.SqlR2dbcScriptDatabaseInitializer; SearchStrategy: all) did not find any beans (OnBeanCondition)

   DataSourcePoolMetadataProvidersConfiguration.HikariPoolDataSourceMetadataProviderConfiguration matched:
      - @ConditionalOnClass found required class 'com.zaxxer.hikari.HikariDataSource' (OnClassCondition)

   DataSourceTransactionManagerAutoConfiguration matched:
      - @ConditionalOnClass found required classes 'javax.sql.DataSource', 'org.springframework.jdbc.core.JdbcTemplate', 'org.springframework.transaction.TransactionManager' (OnClassCondition)

   DataSourceTransactionManagerAutoConfiguration.JdbcTransactionManagerConfiguration matched:
      - @ConditionalOnSingleCandidate (types: javax.sql.DataSource; SearchStrategy: all) found a single bean 'dataSource' (OnBeanCondition)

   DispatcherServletAutoConfiguration matched:
      - @ConditionalOnClass found required class 'org.springframework.web.servlet.DispatcherServlet' (OnClassCondition)
      - found 'session' scope (OnWebApplicationCondition)

   DispatcherServletAutoConfiguration.DispatcherServletConfiguration matched:
      - @ConditionalOnClass found required class 'jakarta.servlet.ServletRegistration' (OnClassCondition)
      - Default DispatcherServlet did not find dispatcher servlet beans (DispatcherServletAutoConfiguration.DefaultDispatcherServletCondition)

   DispatcherServletAutoConfiguration.DispatcherServletRegistrationConfiguration matched:
      - @ConditionalOnClass found required class 'jakarta.servlet.ServletRegistration' (OnClassCondition)
      - DispatcherServlet Registration did not find servlet registration bean (DispatcherServletAutoConfiguration.DispatcherServletRegistrationCondition)

   DispatcherServletAutoConfiguration.DispatcherServletRegistrationConfiguration#dispatcherServletRegistration matched:
      - @ConditionalOnBean (names: dispatcherServlet types: org.springframework.web.servlet.DispatcherServlet; SearchStrategy: all) found bean 'dispatcherServlet' (OnBeanCondition)

   ErrorMvcAutoConfiguration matched:
      - @ConditionalOnClass found required classes 'jakarta.servlet.Servlet', 'org.springframework.web.servlet.DispatcherServlet' (OnClassCondition)
      - found 'session' scope (OnWebApplicationCondition)

   ErrorMvcAutoConfiguration#basicErrorController matched:
      - @ConditionalOnMissingBean (types: org.springframework.boot.web.servlet.error.ErrorController; SearchStrategy: current) did not find any beans (OnBeanCondition)

   ErrorMvcAutoConfiguration#errorAttributes matched:
      - @ConditionalOnMissingBean (types: org.springframework.boot.web.servlet.error.ErrorAttributes; SearchStrategy: current) did not find any beans (OnBeanCondition)

   ErrorMvcAutoConfiguration.DefaultErrorViewResolverConfiguration#conventionErrorViewResolver matched:
      - @ConditionalOnBean (types: org.springframework.web.servlet.DispatcherServlet; SearchStrategy: all) found bean 'dispatcherServlet'; @ConditionalOnMissingBean (types: org.springframework.boot.autoconfigure.web.servlet.error.ErrorViewResolver; SearchStrategy: all) did not find any beans (OnBeanCondition)

   ErrorMvcAutoConfiguration.WhitelabelErrorViewConfiguration matched:
      - @ConditionalOnProperty (server.error.whitelabel.enabled) matched (OnPropertyCondition)
      - ErrorTemplate Missing did not find error template view (ErrorMvcAutoConfiguration.ErrorTemplateMissingCondition)

   ErrorMvcAutoConfiguration.WhitelabelErrorViewConfiguration#beanNameViewResolver matched:
      - @ConditionalOnMissingBean (types: org.springframework.web.servlet.view.BeanNameViewResolver; SearchStrategy: all) did not find any beans (OnBeanCondition)

   ErrorMvcAutoConfiguration.WhitelabelErrorViewConfiguration#defaultErrorView matched:
      - @ConditionalOnMissingBean (names: error; SearchStrategy: all) did not find any beans (OnBeanCondition)

   GenericCacheConfiguration matched:
      - Cache org.springframework.boot.autoconfigure.cache.GenericCacheConfiguration automatic cache type (CacheCondition)

   HibernateJpaAutoConfiguration matched:
      - @ConditionalOnClass found required classes 'org.springframework.orm.jpa.LocalContainerEntityManagerFactoryBean', 'jakarta.persistence.EntityManager', 'org.hibernate.engine.spi.SessionImplementor' (OnClassCondition)

   HibernateJpaConfiguration matched:
      - @ConditionalOnSingleCandidate (types: javax.sql.DataSource; SearchStrategy: all) found a single bean 'dataSource' (OnBeanCondition)

   HttpEncodingAutoConfiguration matched:
      - @ConditionalOnClass found required class 'org.springframework.web.filter.CharacterEncodingFilter' (OnClassCondition)
      - found 'session' scope (OnWebApplicationCondition)
      - @ConditionalOnProperty (server.servlet.encoding.enabled) matched (OnPropertyCondition)

   HttpEncodingAutoConfiguration#characterEncodingFilter matched:
      - @ConditionalOnMissingBean (types: org.springframework.web.filter.CharacterEncodingFilter; SearchStrategy: all) did not find any beans (OnBeanCondition)

   HttpMessageConvertersAutoConfiguration matched:
      - @ConditionalOnClass found required class 'org.springframework.http.converter.HttpMessageConverter' (OnClassCondition)
      - NoneNestedConditions 0 matched 1 did not; NestedCondition on HttpMessageConvertersAutoConfiguration.NotReactiveWebApplicationCondition.ReactiveWebApplication did not find reactive web application classes (HttpMessageConvertersAutoConfiguration.NotReactiveWebApplicationCondition)

   HttpMessageConvertersAutoConfiguration#messageConverters matched:
      - @ConditionalOnMissingBean (types: org.springframework.boot.autoconfigure.http.HttpMessageConverters; SearchStrategy: all) did not find any beans (OnBeanCondition)

   HttpMessageConvertersAutoConfiguration.StringHttpMessageConverterConfiguration matched:
      - @ConditionalOnClass found required class 'org.springframework.http.converter.StringHttpMessageConverter' (OnClassCondition)

   HttpMessageConvertersAutoConfiguration.StringHttpMessageConverterConfiguration#stringHttpMessageConverter matched:
      - @ConditionalOnMissingBean (types: org.springframework.http.converter.StringHttpMessageConverter; SearchStrategy: all) did not find any beans (OnBeanCondition)

   JacksonAutoConfiguration matched:
      - @ConditionalOnClass found required class 'com.fasterxml.jackson.databind.ObjectMapper' (OnClassCondition)

   JacksonAutoConfiguration.Jackson2ObjectMapperBuilderCustomizerConfiguration matched:
      - @ConditionalOnClass found required class 'org.springframework.http.converter.json.Jackson2ObjectMapperBuilder' (OnClassCondition)

   JacksonAutoConfiguration.JacksonObjectMapperBuilderConfiguration matched:
      - @ConditionalOnClass found required class 'org.springframework.http.converter.json.Jackson2ObjectMapperBuilder' (OnClassCondition)

   JacksonAutoConfiguration.JacksonObjectMapperBuilderConfiguration#jacksonObjectMapperBuilder matched:
      - @ConditionalOnMissingBean (types: org.springframework.http.converter.json.Jackson2ObjectMapperBuilder; SearchStrategy: all) did not find any beans (OnBeanCondition)

   JacksonAutoConfiguration.JacksonObjectMapperConfiguration matched:
      - @ConditionalOnClass found required class 'org.springframework.http.converter.json.Jackson2ObjectMapperBuilder' (OnClassCondition)

   JacksonAutoConfiguration.JacksonObjectMapperConfiguration#jacksonObjectMapper matched:
      - @ConditionalOnMissingBean (types: com.fasterxml.jackson.databind.ObjectMapper; SearchStrategy: all) did not find any beans (OnBeanCondition)

   JacksonAutoConfiguration.ParameterNamesModuleConfiguration matched:
      - @ConditionalOnClass found required class 'com.fasterxml.jackson.module.paramnames.ParameterNamesModule' (OnClassCondition)

   JacksonAutoConfiguration.ParameterNamesModuleConfiguration#parameterNamesModule matched:
      - @ConditionalOnMissingBean (types: com.fasterxml.jackson.module.paramnames.ParameterNamesModule; SearchStrategy: all) did not find any beans (OnBeanCondition)

   JacksonHttpMessageConvertersConfiguration.MappingJackson2HttpMessageConverterConfiguration matched:
      - @ConditionalOnClass found required class 'com.fasterxml.jackson.databind.ObjectMapper' (OnClassCondition)
      - @ConditionalOnProperty (spring.mvc.converters.preferred-json-mapper=jackson) matched (OnPropertyCondition)
      - @ConditionalOnBean (types: com.fasterxml.jackson.databind.ObjectMapper; SearchStrategy: all) found bean 'jacksonObjectMapper' (OnBeanCondition)

   JacksonHttpMessageConvertersConfiguration.MappingJackson2HttpMessageConverterConfiguration#mappingJackson2HttpMessageConverter matched:
      - @ConditionalOnMissingBean (types: org.springframework.http.converter.json.MappingJackson2HttpMessageConverter ignored: org.springframework.hateoas.server.mvc.TypeConstrainedMappingJackson2HttpMessageConverter,org.springframework.data.rest.webmvc.alps.AlpsJsonHttpMessageConverter; SearchStrategy: all) did not find any beans (OnBeanCondition)

   JdbcClientAutoConfiguration matched:
      - @ConditionalOnSingleCandidate (types: org.springframework.jdbc.core.namedparam.NamedParameterJdbcTemplate; SearchStrategy: all) found a single bean 'namedParameterJdbcTemplate'; @ConditionalOnMissingBean (types: org.springframework.jdbc.core.simple.JdbcClient; SearchStrategy: all) did not find any beans (OnBeanCondition)

   JdbcTemplateAutoConfiguration matched:
      - @ConditionalOnClass found required classes 'javax.sql.DataSource', 'org.springframework.jdbc.core.JdbcTemplate' (OnClassCondition)
      - @ConditionalOnSingleCandidate (types: javax.sql.DataSource; SearchStrategy: all) found a single bean 'dataSource' (OnBeanCondition)

   JdbcTemplateConfiguration matched:
      - @ConditionalOnMissingBean (types: org.springframework.jdbc.core.JdbcOperations; SearchStrategy: all) did not find any beans (OnBeanCondition)

   JpaBaseConfiguration#entityManagerFactory matched:
      - @ConditionalOnMissingBean (types: org.springframework.orm.jpa.LocalContainerEntityManagerFactoryBean,jakarta.persistence.EntityManagerFactory; SearchStrategy: all) did not find any beans (OnBeanCondition)

   JpaBaseConfiguration#entityManagerFactoryBuilder matched:
      - @ConditionalOnMissingBean (types: org.springframework.boot.orm.jpa.EntityManagerFactoryBuilder; SearchStrategy: all) did not find any beans (OnBeanCondition)

   JpaBaseConfiguration#jpaVendorAdapter matched:
      - @ConditionalOnMissingBean (types: org.springframework.orm.jpa.JpaVendorAdapter; SearchStrategy: all) did not find any beans (OnBeanCondition)

   JpaBaseConfiguration#transactionManager matched:
      - @ConditionalOnMissingBean (types: org.springframework.transaction.TransactionManager; SearchStrategy: all) did not find any beans (OnBeanCondition)

   JpaBaseConfiguration.JpaWebConfiguration matched:
      - @ConditionalOnClass found required class 'org.springframework.web.servlet.config.annotation.WebMvcConfigurer' (OnClassCondition)
      - found 'session' scope (OnWebApplicationCondition)
      - @ConditionalOnProperty (spring.jpa.open-in-view=true) matched (OnPropertyCondition)
      - @ConditionalOnMissingBean (types: org.springframework.orm.jpa.support.OpenEntityManagerInViewInterceptor,org.springframework.orm.jpa.support.OpenEntityManagerInViewFilter; SearchStrategy: all) did not find any beans (OnBeanCondition)

   JpaBaseConfiguration.PersistenceManagedTypesConfiguration matched:
      - @ConditionalOnMissingBean (types: org.springframework.orm.jpa.LocalContainerEntityManagerFactoryBean,jakarta.persistence.EntityManagerFactory; SearchStrategy: all) did not find any beans (OnBeanCondition)

   JpaBaseConfiguration.PersistenceManagedTypesConfiguration#persistenceManagedTypes matched:
      - @ConditionalOnMissingBean (types: org.springframework.orm.jpa.persistenceunit.PersistenceManagedTypes; SearchStrategy: all) did not find any beans (OnBeanCondition)

   JpaRepositoriesAutoConfiguration matched:
      - @ConditionalOnClass found required class 'org.springframework.data.jpa.repository.JpaRepository' (OnClassCondition)
      - @ConditionalOnProperty (spring.data.jpa.repositories.enabled=true) matched (OnPropertyCondition)
      - @ConditionalOnBean (types: javax.sql.DataSource; SearchStrategy: all) found bean 'dataSource'; @ConditionalOnMissingBean (types: org.springframework.data.jpa.repository.support.JpaRepositoryFactoryBean,org.springframework.data.jpa.repository.config.JpaRepositoryConfigExtension; SearchStrategy: all) did not find any beans (OnBeanCondition)

   JtaAutoConfiguration matched:
      - @ConditionalOnClass found required class 'jakarta.transaction.Transaction' (OnClassCondition)
      - @ConditionalOnProperty (spring.jta.enabled) matched (OnPropertyCondition)

   LifecycleAutoConfiguration#defaultLifecycleProcessor matched:
      - @ConditionalOnMissingBean (names: lifecycleProcessor; SearchStrategy: current) did not find any beans (OnBeanCondition)

   MultipartAutoConfiguration matched:
      - @ConditionalOnClass found required classes 'jakarta.servlet.Servlet', 'org.springframework.web.multipart.support.StandardServletMultipartResolver', 'jakarta.servlet.MultipartConfigElement' (OnClassCondition)
      - found 'session' scope (OnWebApplicationCondition)
      - @ConditionalOnProperty (spring.servlet.multipart.enabled) matched (OnPropertyCondition)

   MultipartAutoConfiguration#multipartConfigElement matched:
      - @ConditionalOnMissingBean (types: jakarta.servlet.MultipartConfigElement; SearchStrategy: all) did not find any beans (OnBeanCondition)

   MultipartAutoConfiguration#multipartResolver matched:
      - @ConditionalOnMissingBean (types: org.springframework.web.multipart.MultipartResolver; SearchStrategy: all) did not find any beans (OnBeanCondition)

   NamedParameterJdbcTemplateConfiguration matched:
      - @ConditionalOnSingleCandidate (types: org.springframework.jdbc.core.JdbcTemplate; SearchStrategy: all) found a single bean 'jdbcTemplate'; @ConditionalOnMissingBean (types: org.springframework.jdbc.core.namedparam.NamedParameterJdbcOperations; SearchStrategy: all) did not find any beans (OnBeanCondition)

   NoOpCacheConfiguration matched:
      - Cache org.springframework.boot.autoconfigure.cache.NoOpCacheConfiguration automatic cache type (CacheCondition)

   PersistenceExceptionTranslationAutoConfiguration matched:
      - @ConditionalOnClass found required class 'org.springframework.dao.annotation.PersistenceExceptionTranslationPostProcessor' (OnClassCondition)

   PersistenceExceptionTranslationAutoConfiguration#persistenceExceptionTranslationPostProcessor matched:
      - @ConditionalOnProperty (spring.dao.exceptiontranslation.enabled) matched (OnPropertyCondition)
      - @ConditionalOnMissingBean (types: org.springframework.dao.annotation.PersistenceExceptionTranslationPostProcessor; SearchStrategy: all) did not find any beans (OnBeanCondition)

   PropertyPlaceholderAutoConfiguration#propertySourcesPlaceholderConfigurer matched:
      - @ConditionalOnMissingBean (types: org.springframework.context.support.PropertySourcesPlaceholderConfigurer; SearchStrategy: current) did not find any beans (OnBeanCondition)

   RestClientAutoConfiguration matched:
      - @ConditionalOnClass found required class 'org.springframework.web.client.RestClient' (OnClassCondition)
      - NoneNestedConditions 0 matched 1 did not; NestedCondition on NotReactiveWebApplicationCondition.ReactiveWebApplication did not find reactive web application classes (NotReactiveWebApplicationCondition)

   RestClientAutoConfiguration#httpMessageConvertersRestClientCustomizer matched:
      - @ConditionalOnMissingBean (types: org.springframework.boot.autoconfigure.web.client.HttpMessageConvertersRestClientCustomizer; SearchStrategy: all) did not find any beans (OnBeanCondition)

   RestClientAutoConfiguration#restClientBuilder matched:
      - @ConditionalOnMissingBean (types: org.springframework.web.client.RestClient$Builder; SearchStrategy: all) did not find any beans (OnBeanCondition)

   RestClientAutoConfiguration#restClientBuilderConfigurer matched:
      - @ConditionalOnMissingBean (types: org.springframework.boot.autoconfigure.web.client.RestClientBuilderConfigurer; SearchStrategy: all) did not find any beans (OnBeanCondition)

   RestClientAutoConfiguration#restClientSsl matched:
      - @ConditionalOnBean (types: org.springframework.boot.ssl.SslBundles; SearchStrategy: all) found bean 'sslBundleRegistry'; @ConditionalOnMissingBean (types: org.springframework.boot.autoconfigure.web.client.RestClientSsl; SearchStrategy: all) did not find any beans (OnBeanCondition)

   RestTemplateAutoConfiguration matched:
      - @ConditionalOnClass found required class 'org.springframework.web.client.RestTemplate' (OnClassCondition)
      - NoneNestedConditions 0 matched 1 did not; NestedCondition on NotReactiveWebApplicationCondition.ReactiveWebApplication did not find reactive web application classes (NotReactiveWebApplicationCondition)

   RestTemplateAutoConfiguration#restTemplateBuilder matched:
      - @ConditionalOnMissingBean (types: org.springframework.boot.web.client.RestTemplateBuilder; SearchStrategy: all) did not find any beans (OnBeanCondition)

   SecurityAutoConfiguration matched:
      - @ConditionalOnClass found required class 'org.springframework.security.authentication.DefaultAuthenticationEventPublisher' (OnClassCondition)

   SecurityAutoConfiguration#authenticationEventPublisher matched:
      - @ConditionalOnMissingBean (types: org.springframework.security.authentication.AuthenticationEventPublisher; SearchStrategy: all) did not find any beans (OnBeanCondition)

   SecurityFilterAutoConfiguration matched:
      - @ConditionalOnClass found required classes 'org.springframework.security.web.context.AbstractSecurityWebApplicationInitializer', 'org.springframework.security.config.http.SessionCreationPolicy' (OnClassCondition)
      - found 'session' scope (OnWebApplicationCondition)

   SecurityFilterAutoConfiguration#securityFilterChainRegistration matched:
      - @ConditionalOnBean (names: springSecurityFilterChain; SearchStrategy: all) found bean 'springSecurityFilterChain' (OnBeanCondition)

   ServletWebServerFactoryAutoConfiguration matched:
      - @ConditionalOnClass found required class 'jakarta.servlet.ServletRequest' (OnClassCondition)
      - found 'session' scope (OnWebApplicationCondition)

   ServletWebServerFactoryAutoConfiguration#tomcatServletWebServerFactoryCustomizer matched:
      - @ConditionalOnClass found required class 'org.apache.catalina.startup.Tomcat' (OnClassCondition)

   ServletWebServerFactoryConfiguration.EmbeddedTomcat matched:
      - @ConditionalOnClass found required classes 'jakarta.servlet.Servlet', 'org.apache.catalina.startup.Tomcat', 'org.apache.coyote.UpgradeProtocol' (OnClassCondition)
      - @ConditionalOnMissingBean (types: org.springframework.boot.web.servlet.server.ServletWebServerFactory; SearchStrategy: current) did not find any beans (OnBeanCondition)

   SimpleCacheConfiguration matched:
      - Cache org.springframework.boot.autoconfigure.cache.SimpleCacheConfiguration automatic cache type (CacheCondition)

   SpringBootWebSecurityConfiguration matched:
      - found 'session' scope (OnWebApplicationCondition)

   SpringDataWebAutoConfiguration matched:
      - @ConditionalOnClass found required classes 'org.springframework.data.web.PageableHandlerMethodArgumentResolver', 'org.springframework.web.servlet.config.annotation.WebMvcConfigurer' (OnClassCondition)
      - found 'session' scope (OnWebApplicationCondition)
      - @ConditionalOnMissingBean (types: org.springframework.data.web.PageableHandlerMethodArgumentResolver; SearchStrategy: all) did not find any beans (OnBeanCondition)

   SpringDataWebAutoConfiguration#pageableCustomizer matched:
      - @ConditionalOnMissingBean (types: org.springframework.data.web.config.PageableHandlerMethodArgumentResolverCustomizer; SearchStrategy: all) did not find any beans (OnBeanCondition)

   SpringDataWebAutoConfiguration#sortCustomizer matched:
      - @ConditionalOnMissingBean (types: org.springframework.data.web.config.SortHandlerMethodArgumentResolverCustomizer; SearchStrategy: all) did not find any beans (OnBeanCondition)

   SqlInitializationAutoConfiguration matched:
      - @ConditionalOnProperty (spring.sql.init.enabled) matched (OnPropertyCondition)
      - NoneNestedConditions 0 matched 1 did not; NestedCondition on SqlInitializationAutoConfiguration.SqlInitializationModeCondition.ModeIsNever @ConditionalOnProperty (spring.sql.init.mode=never) did not find property 'mode' (SqlInitializationAutoConfiguration.SqlInitializationModeCondition)

   SslAutoConfiguration#sslBundleRegistry matched:
      - @ConditionalOnMissingBean (types: org.springframework.boot.ssl.SslBundleRegistry,org.springframework.boot.ssl.SslBundles; SearchStrategy: all) did not find any beans (OnBeanCondition)

   TaskExecutionAutoConfiguration matched:
      - @ConditionalOnClass found required class 'org.springframework.scheduling.concurrent.ThreadPoolTaskExecutor' (OnClassCondition)

   TaskExecutorConfigurations.SimpleAsyncTaskExecutorBuilderConfiguration#simpleAsyncTaskExecutorBuilder matched:
      - @ConditionalOnMissingBean (types: org.springframework.boot.task.SimpleAsyncTaskExecutorBuilder; SearchStrategy: all) did not find any beans (OnBeanCondition)
      - @ConditionalOnThreading found PLATFORM (OnThreadingCondition)

   TaskExecutorConfigurations.TaskExecutorBuilderConfiguration#taskExecutorBuilder matched:
      - @ConditionalOnMissingBean (types: org.springframework.boot.task.TaskExecutorBuilder; SearchStrategy: all) did not find any beans (OnBeanCondition)

   TaskExecutorConfigurations.TaskExecutorConfiguration matched:
      - @ConditionalOnMissingBean (types: java.util.concurrent.Executor; SearchStrategy: all) did not find any beans (OnBeanCondition)

   TaskExecutorConfigurations.TaskExecutorConfiguration#applicationTaskExecutor matched:
      - @ConditionalOnThreading found PLATFORM (OnThreadingCondition)

   TaskExecutorConfigurations.ThreadPoolTaskExecutorBuilderConfiguration#threadPoolTaskExecutorBuilder matched:
      - @ConditionalOnMissingBean (types: org.springframework.boot.task.TaskExecutorBuilder,org.springframework.boot.task.ThreadPoolTaskExecutorBuilder; SearchStrategy: all) did not find any beans (OnBeanCondition)

   TaskSchedulingAutoConfiguration matched:
      - @ConditionalOnClass found required class 'org.springframework.scheduling.concurrent.ThreadPoolTaskScheduler' (OnClassCondition)

   TaskSchedulingConfigurations.SimpleAsyncTaskSchedulerBuilderConfiguration#simpleAsyncTaskSchedulerBuilder matched:
      - @ConditionalOnMissingBean (types: org.springframework.boot.task.SimpleAsyncTaskSchedulerBuilder; SearchStrategy: all) did not find any beans (OnBeanCondition)
      - @ConditionalOnThreading found PLATFORM (OnThreadingCondition)

   TaskSchedulingConfigurations.TaskSchedulerBuilderConfiguration#taskSchedulerBuilder matched:
      - @ConditionalOnMissingBean (types: org.springframework.boot.task.TaskSchedulerBuilder; SearchStrategy: all) did not find any beans (OnBeanCondition)

   TaskSchedulingConfigurations.ThreadPoolTaskSchedulerBuilderConfiguration#threadPoolTaskSchedulerBuilder matched:
      - @ConditionalOnMissingBean (types: org.springframework.boot.task.TaskSchedulerBuilder,org.springframework.boot.task.ThreadPoolTaskSchedulerBuilder; SearchStrategy: all) did not find any beans (OnBeanCondition)

   TemplateEngineConfigurations.DefaultTemplateEngineConfiguration#templateEngine matched:
      - @ConditionalOnMissingBean (types: org.thymeleaf.spring6.ISpringTemplateEngine; SearchStrategy: all) did not find any beans (OnBeanCondition)

   ThymeleafAutoConfiguration matched:
      - @ConditionalOnClass found required classes 'org.thymeleaf.templatemode.TemplateMode', 'org.thymeleaf.spring6.SpringTemplateEngine' (OnClassCondition)

   ThymeleafAutoConfiguration.DefaultTemplateResolverConfiguration matched:
      - @ConditionalOnMissingBean (names: defaultTemplateResolver; SearchStrategy: all) did not find any beans (OnBeanCondition)

   ThymeleafAutoConfiguration.ThymeleafWebMvcConfiguration matched:
      - found 'session' scope (OnWebApplicationCondition)
      - @ConditionalOnProperty (spring.thymeleaf.enabled) matched (OnPropertyCondition)

   ThymeleafAutoConfiguration.ThymeleafWebMvcConfiguration.ThymeleafViewResolverConfiguration#thymeleafViewResolver matched:
      - @ConditionalOnMissingBean (names: thymeleafViewResolver; SearchStrategy: all) did not find any beans (OnBeanCondition)

   TransactionAutoConfiguration matched:
      - @ConditionalOnClass found required class 'org.springframework.transaction.PlatformTransactionManager' (OnClassCondition)

   TransactionAutoConfiguration.EnableTransactionManagementConfiguration matched:
      - @ConditionalOnBean (types: org.springframework.transaction.TransactionManager; SearchStrategy: all) found bean 'transactionManager'; @ConditionalOnMissingBean (types: org.springframework.transaction.annotation.AbstractTransactionManagementConfiguration; SearchStrategy: all) did not find any beans (OnBeanCondition)

   TransactionAutoConfiguration.EnableTransactionManagementConfiguration.CglibAutoProxyConfiguration matched:
      - @ConditionalOnProperty (spring.aop.proxy-target-class=true) matched (OnPropertyCondition)

   TransactionAutoConfiguration.TransactionTemplateConfiguration matched:
      - @ConditionalOnSingleCandidate (types: org.springframework.transaction.PlatformTransactionManager; SearchStrategy: all) found a single bean 'transactionManager' (OnBeanCondition)

   TransactionAutoConfiguration.TransactionTemplateConfiguration#transactionTemplate matched:
      - @ConditionalOnMissingBean (types: org.springframework.transaction.support.TransactionOperations; SearchStrategy: all) did not find any beans (OnBeanCondition)

   TransactionManagerCustomizationAutoConfiguration matched:
      - @ConditionalOnClass found required class 'org.springframework.transaction.PlatformTransactionManager' (OnClassCondition)

   TransactionManagerCustomizationAutoConfiguration#platformTransactionManagerCustomizers matched:
      - @ConditionalOnMissingBean (types: org.springframework.boot.autoconfigure.transaction.TransactionManagerCustomizers; SearchStrategy: all) did not find any beans (OnBeanCondition)

   WebMvcAutoConfiguration matched:
      - @ConditionalOnClass found required classes 'jakarta.servlet.Servlet', 'org.springframework.web.servlet.DispatcherServlet', 'org.springframework.web.servlet.config.annotation.WebMvcConfigurer' (OnClassCondition)
      - found 'session' scope (OnWebApplicationCondition)
      - @ConditionalOnMissingBean (types: org.springframework.web.servlet.config.annotation.WebMvcConfigurationSupport; SearchStrategy: all) did not find any beans (OnBeanCondition)

   WebMvcAutoConfiguration#formContentFilter matched:
      - @ConditionalOnProperty (spring.mvc.formcontent.filter.enabled) matched (OnPropertyCondition)
      - @ConditionalOnMissingBean (types: org.springframework.web.filter.FormContentFilter; SearchStrategy: all) did not find any beans (OnBeanCondition)

   WebMvcAutoConfiguration.EnableWebMvcConfiguration#flashMapManager matched:
      - @ConditionalOnMissingBean (names: flashMapManager; SearchStrategy: all) did not find any beans (OnBeanCondition)

   WebMvcAutoConfiguration.EnableWebMvcConfiguration#localeResolver matched:
      - @ConditionalOnMissingBean (names: localeResolver; SearchStrategy: all) did not find any beans (OnBeanCondition)

   WebMvcAutoConfiguration.EnableWebMvcConfiguration#themeResolver matched:
      - @ConditionalOnMissingBean (names: themeResolver; SearchStrategy: all) did not find any beans (OnBeanCondition)

   WebMvcAutoConfiguration.WebMvcAutoConfigurationAdapter#defaultViewResolver matched:
      - @ConditionalOnMissingBean (types: org.springframework.web.servlet.view.InternalResourceViewResolver; SearchStrategy: all) did not find any beans (OnBeanCondition)

   WebMvcAutoConfiguration.WebMvcAutoConfigurationAdapter#requestContextFilter matched:
      - @ConditionalOnMissingBean (types: org.springframework.web.context.request.RequestContextListener,org.springframework.web.filter.RequestContextFilter; SearchStrategy: all) did not find any beans (OnBeanCondition)

   WebMvcAutoConfiguration.WebMvcAutoConfigurationAdapter#viewResolver matched:
      - @ConditionalOnBean (types: org.springframework.web.servlet.ViewResolver; SearchStrategy: all) found beans 'defaultViewResolver', 'beanNameViewResolver', 'mvcViewResolver'; @ConditionalOnMissingBean (names: viewResolver types: org.springframework.web.servlet.view.ContentNegotiatingViewResolver; SearchStrategy: all) did not find any beans (OnBeanCondition)

   WebSocketServletAutoConfiguration matched:
      - @ConditionalOnClass found required classes 'jakarta.servlet.Servlet', 'jakarta.websocket.server.ServerContainer' (OnClassCondition)
      - found 'session' scope (OnWebApplicationCondition)

   WebSocketServletAutoConfiguration.TomcatWebSocketConfiguration matched:
      - @ConditionalOnClass found required classes 'org.apache.catalina.startup.Tomcat', 'org.apache.tomcat.websocket.server.WsSci' (OnClassCondition)

   WebSocketServletAutoConfiguration.TomcatWebSocketConfiguration#websocketServletWebServerCustomizer matched:
      - @ConditionalOnMissingBean (names: websocketServletWebServerCustomizer; SearchStrategy: all) did not find any beans (OnBeanCondition)


Negative matches:
-----------------

   ActiveMQAutoConfiguration:
      Did not match:
         - @ConditionalOnClass did not find required class 'jakarta.jms.ConnectionFactory' (OnClassCondition)

   AopAutoConfiguration.AspectJAutoProxyingConfiguration.JdkDynamicAutoProxyConfiguration:
      Did not match:
         - @ConditionalOnProperty (spring.aop.proxy-target-class=false) did not find property 'proxy-target-class' (OnPropertyCondition)

   AopAutoConfiguration.ClassProxyingConfiguration:
      Did not match:
         - @ConditionalOnMissingClass found unwanted class 'org.aspectj.weaver.Advice' (OnClassCondition)

   ArtemisAutoConfiguration:
      Did not match:
         - @ConditionalOnClass did not find required class 'jakarta.jms.ConnectionFactory' (OnClassCondition)

   BatchAutoConfiguration:
      Did not match:
         - @ConditionalOnClass did not find required class 'org.springframework.batch.core.launch.JobLauncher' (OnClassCondition)

   Cache2kCacheConfiguration:
      Did not match:
         - @ConditionalOnClass did not find required class 'org.cache2k.Cache2kBuilder' (OnClassCondition)

   CacheAutoConfiguration:
      Did not match:
         - @ConditionalOnBean (types: org.springframework.cache.interceptor.CacheAspectSupport; SearchStrategy: all) did not find any beans of type org.springframework.cache.interceptor.CacheAspectSupport (OnBeanCondition)
      Matched:
         - @ConditionalOnClass found required class 'org.springframework.cache.CacheManager' (OnClassCondition)

   CacheAutoConfiguration.CacheManagerEntityManagerFactoryDependsOnPostProcessor:
      Did not match:
         - Ancestor org.springframework.boot.autoconfigure.cache.CacheAutoConfiguration did not match (ConditionEvaluationReport.AncestorsMatchedCondition)
      Matched:
         - @ConditionalOnClass found required class 'org.springframework.orm.jpa.LocalContainerEntityManagerFactoryBean' (OnClassCondition)

   CaffeineCacheConfiguration:
      Did not match:
         - @ConditionalOnClass did not find required class 'com.github.benmanes.caffeine.cache.Caffeine' (OnClassCondition)

   CassandraAutoConfiguration:
      Did not match:
         - @ConditionalOnClass did not find required class 'com.datastax.oss.driver.api.core.CqlSession' (OnClassCondition)

   CassandraDataAutoConfiguration:
      Did not match:
         - @ConditionalOnClass did not find required class 'com.datastax.oss.driver.api.core.CqlSession' (OnClassCondition)

   CassandraReactiveDataAutoConfiguration:
      Did not match:
         - @ConditionalOnClass did not find required class 'com.datastax.oss.driver.api.core.CqlSession' (OnClassCondition)

   CassandraReactiveRepositoriesAutoConfiguration:
      Did not match:
         - @ConditionalOnClass did not find required class 'org.springframework.data.cassandra.ReactiveSession' (OnClassCondition)

   CassandraRepositoriesAutoConfiguration:
      Did not match:
         - @ConditionalOnClass did not find required class 'com.datastax.oss.driver.api.core.CqlSession' (OnClassCondition)

   ClientHttpConnectorAutoConfiguration:
      Did not match:
         - @ConditionalOnClass did not find required class 'org.springframework.web.reactive.function.client.WebClient' (OnClassCondition)

   CodecsAutoConfiguration:
      Did not match:
         - @ConditionalOnClass did not find required class 'org.springframework.web.reactive.function.client.WebClient' (OnClassCondition)

   CouchbaseAutoConfiguration:
      Did not match:
         - @ConditionalOnClass did not find required class 'com.couchbase.client.java.Cluster' (OnClassCondition)

   CouchbaseCacheConfiguration:
      Did not match:
         - @ConditionalOnClass did not find required class 'com.couchbase.client.java.Cluster' (OnClassCondition)

   CouchbaseDataAutoConfiguration:
      Did not match:
         - @ConditionalOnClass did not find required class 'com.couchbase.client.java.Bucket' (OnClassCondition)

   CouchbaseReactiveDataAutoConfiguration:
      Did not match:
         - @ConditionalOnClass did not find required class 'com.couchbase.client.java.Cluster' (OnClassCondition)

   CouchbaseReactiveRepositoriesAutoConfiguration:
      Did not match:
         - @ConditionalOnClass did not find required class 'com.couchbase.client.java.Cluster' (OnClassCondition)

   CouchbaseRepositoriesAutoConfiguration:
      Did not match:
         - @ConditionalOnClass did not find required class 'com.couchbase.client.java.Bucket' (OnClassCondition)

   DataSourceAutoConfiguration.EmbeddedDatabaseConfiguration:
      Did not match:
         - EmbeddedDataSource spring.datasource.url is set (DataSourceAutoConfiguration.EmbeddedDatabaseCondition)

   DataSourceCheckpointRestoreConfiguration:
      Did not match:
         - @ConditionalOnClass did not find required class 'org.crac.Resource' (OnClassCondition)

   DataSourceConfiguration.Dbcp2:
      Did not match:
         - @ConditionalOnClass did not find required class 'org.apache.commons.dbcp2.BasicDataSource' (OnClassCondition)

   DataSourceConfiguration.Generic:
      Did not match:
         - @ConditionalOnProperty (spring.datasource.type) did not find property 'spring.datasource.type' (OnPropertyCondition)

   DataSourceConfiguration.OracleUcp:
      Did not match:
         - @ConditionalOnClass did not find required classes 'oracle.ucp.jdbc.PoolDataSourceImpl', 'oracle.jdbc.OracleConnection' (OnClassCondition)

   DataSourceConfiguration.Tomcat:
      Did not match:
         - @ConditionalOnClass did not find required class 'org.apache.tomcat.jdbc.pool.DataSource' (OnClassCondition)

   DataSourceJmxConfiguration:
      Did not match:
         - @ConditionalOnProperty (spring.jmx.enabled=true) found different value in property 'enabled' (OnPropertyCondition)

   DataSourcePoolMetadataProvidersConfiguration.CommonsDbcp2PoolDataSourceMetadataProviderConfiguration:
      Did not match:
         - @ConditionalOnClass did not find required class 'org.apache.commons.dbcp2.BasicDataSource' (OnClassCondition)

   DataSourcePoolMetadataProvidersConfiguration.OracleUcpPoolDataSourceMetadataProviderConfiguration:
      Did not match:
         - @ConditionalOnClass did not find required classes 'oracle.ucp.jdbc.PoolDataSource', 'oracle.jdbc.OracleConnection' (OnClassCondition)

   DataSourcePoolMetadataProvidersConfiguration.TomcatDataSourcePoolMetadataProviderConfiguration:
      Did not match:
         - @ConditionalOnClass did not find required class 'org.apache.tomcat.jdbc.pool.DataSource' (OnClassCondition)

   DataSourceTransactionManagerAutoConfiguration.JdbcTransactionManagerConfiguration#transactionManager:
      Did not match:
         - @ConditionalOnMissingBean (types: org.springframework.transaction.TransactionManager; SearchStrategy: all) found beans of type 'org.springframework.transaction.TransactionManager' transactionManager (OnBeanCondition)

   DevToolsDataSourceAutoConfiguration:
      Did not match:
         - Devtools devtools is disabled for current context. (OnEnabledDevToolsCondition)
      Matched:
         - @ConditionalOnClass found required class 'javax.sql.DataSource' (OnClassCondition)

   DevToolsR2dbcAutoConfiguration:
      Did not match:
         - @ConditionalOnClass did not find required class 'io.r2dbc.spi.ConnectionFactory' (OnClassCondition)

   DispatcherServletAutoConfiguration.DispatcherServletConfiguration#multipartResolver:
      Did not match:
         - @ConditionalOnBean (types: org.springframework.web.multipart.MultipartResolver; SearchStrategy: all) did not find any beans of type org.springframework.web.multipart.MultipartResolver (OnBeanCondition)

   ElasticsearchClientAutoConfiguration:
      Did not match:
         - @ConditionalOnClass did not find required class 'co.elastic.clients.elasticsearch.ElasticsearchClient' (OnClassCondition)

   ElasticsearchDataAutoConfiguration:
      Did not match:
         - @ConditionalOnClass did not find required class 'org.springframework.data.elasticsearch.client.elc.ElasticsearchTemplate' (OnClassCondition)

   ElasticsearchRepositoriesAutoConfiguration:
      Did not match:
         - @ConditionalOnClass did not find required class 'org.springframework.data.elasticsearch.repository.ElasticsearchRepository' (OnClassCondition)

   ElasticsearchRestClientAutoConfiguration:
      Did not match:
         - @ConditionalOnClass did not find required class 'org.elasticsearch.client.RestClientBuilder' (OnClassCondition)

   EmbeddedLdapAutoConfiguration:
      Did not match:
         - @ConditionalOnClass did not find required class 'com.unboundid.ldap.listener.InMemoryDirectoryServer' (OnClassCondition)

   EmbeddedWebServerFactoryCustomizerAutoConfiguration:
      Did not match:
         - Application is deployed as a WAR file. (OnWarDeploymentCondition)
      Matched:
         - @ConditionalOnWebApplication (required) found 'session' scope (OnWebApplicationCondition)

   ErrorWebFluxAutoConfiguration:
      Did not match:
         - @ConditionalOnClass did not find required class 'org.springframework.web.reactive.config.WebFluxConfigurer' (OnClassCondition)

   FlywayAutoConfiguration:
      Did not match:
         - @ConditionalOnClass did not find required class 'org.flywaydb.core.Flyway' (OnClassCondition)

   FreeMarkerAutoConfiguration:
      Did not match:
         - @ConditionalOnClass did not find required class 'freemarker.template.Configuration' (OnClassCondition)

   GraphQlAutoConfiguration:
      Did not match:
         - @ConditionalOnClass did not find required class 'graphql.GraphQL' (OnClassCondition)

   GraphQlQueryByExampleAutoConfiguration:
      Did not match:
         - @ConditionalOnClass did not find required class 'graphql.GraphQL' (OnClassCondition)

   GraphQlQuerydslAutoConfiguration:
      Did not match:
         - @ConditionalOnClass did not find required class 'com.querydsl.core.Query' (OnClassCondition)

   GraphQlRSocketAutoConfiguration:
      Did not match:
         - @ConditionalOnClass did not find required class 'graphql.GraphQL' (OnClassCondition)

   GraphQlReactiveQueryByExampleAutoConfiguration:
      Did not match:
         - @ConditionalOnClass did not find required class 'graphql.GraphQL' (OnClassCondition)

   GraphQlReactiveQuerydslAutoConfiguration:
      Did not match:
         - @ConditionalOnClass did not find required class 'com.querydsl.core.Query' (OnClassCondition)

   GraphQlWebFluxAutoConfiguration:
      Did not match:
         - @ConditionalOnClass did not find required class 'graphql.GraphQL' (OnClassCondition)

   GraphQlWebFluxSecurityAutoConfiguration:
      Did not match:
         - @ConditionalOnClass did not find required class 'graphql.GraphQL' (OnClassCondition)

   GraphQlWebMvcAutoConfiguration:
      Did not match:
         - @ConditionalOnClass did not find required class 'graphql.GraphQL' (OnClassCondition)

   GraphQlWebMvcSecurityAutoConfiguration:
      Did not match:
         - @ConditionalOnClass did not find required class 'graphql.GraphQL' (OnClassCondition)

   GroovyTemplateAutoConfiguration:
      Did not match:
         - @ConditionalOnClass did not find required class 'groovy.text.markup.MarkupTemplateEngine' (OnClassCondition)

   GsonAutoConfiguration:
      Did not match:
         - @ConditionalOnClass did not find required class 'com.google.gson.Gson' (OnClassCondition)

   GsonHttpMessageConvertersConfiguration:
      Did not match:
         - @ConditionalOnClass did not find required class 'com.google.gson.Gson' (OnClassCondition)

   H2ConsoleAutoConfiguration:
      Did not match:
         - @ConditionalOnClass did not find required class 'org.h2.server.web.JakartaWebServlet' (OnClassCondition)

   HazelcastAutoConfiguration:
      Did not match:
         - @ConditionalOnClass did not find required class 'com.hazelcast.core.HazelcastInstance' (OnClassCondition)

   HazelcastCacheConfiguration:
      Did not match:
         - @ConditionalOnClass did not find required class 'com.hazelcast.core.HazelcastInstance' (OnClassCondition)

   HazelcastJpaDependencyAutoConfiguration:
      Did not match:
         - @ConditionalOnClass did not find required class 'com.hazelcast.core.HazelcastInstance' (OnClassCondition)

   HttpHandlerAutoConfiguration:
      Did not match:
         - @ConditionalOnClass did not find required class 'org.springframework.web.reactive.DispatcherHandler' (OnClassCondition)

   HypermediaAutoConfiguration:
      Did not match:
         - @ConditionalOnClass did not find required class 'org.springframework.hateoas.EntityModel' (OnClassCondition)

   InfinispanCacheConfiguration:
      Did not match:
         - @ConditionalOnClass did not find required class 'org.infinispan.spring.embedded.provider.SpringEmbeddedCacheManager' (OnClassCondition)

   InfluxDbAutoConfiguration:
      Did not match:
         - @ConditionalOnClass did not find required class 'org.influxdb.InfluxDB' (OnClassCondition)

   IntegrationAutoConfiguration:
      Did not match:
         - @ConditionalOnClass did not find required class 'org.springframework.integration.config.EnableIntegration' (OnClassCondition)

   JCacheCacheConfiguration:
      Did not match:
         - @ConditionalOnClass did not find required class 'javax.cache.Caching' (OnClassCondition)

   JacksonHttpMessageConvertersConfiguration.MappingJackson2XmlHttpMessageConverterConfiguration:
      Did not match:
         - @ConditionalOnClass did not find required class 'com.fasterxml.jackson.dataformat.xml.XmlMapper' (OnClassCondition)

   JdbcRepositoriesAutoConfiguration:
      Did not match:
         - @ConditionalOnClass did not find required class 'org.springframework.data.jdbc.repository.config.AbstractJdbcConfiguration' (OnClassCondition)

   JerseyAutoConfiguration:
      Did not match:
         - @ConditionalOnClass did not find required class 'org.glassfish.jersey.server.spring.SpringComponentProvider' (OnClassCondition)

   JmsAutoConfiguration:
      Did not match:
         - @ConditionalOnClass did not find required class 'jakarta.jms.Message' (OnClassCondition)

   JmxAutoConfiguration:
      Did not match:
         - @ConditionalOnProperty (spring.jmx.enabled=true) found different value in property 'enabled' (OnPropertyCondition)
      Matched:
         - @ConditionalOnClass found required class 'org.springframework.jmx.export.MBeanExporter' (OnClassCondition)

   JndiConnectionFactoryAutoConfiguration:
      Did not match:
         - @ConditionalOnClass did not find required class 'org.springframework.jms.core.JmsTemplate' (OnClassCondition)

   JndiDataSourceAutoConfiguration:
      Did not match:
         - @ConditionalOnProperty (spring.datasource.jndi-name) did not find property 'jndi-name' (OnPropertyCondition)
      Matched:
         - @ConditionalOnClass found required classes 'javax.sql.DataSource', 'org.springframework.jdbc.datasource.embedded.EmbeddedDatabaseType' (OnClassCondition)

   JndiJtaConfiguration:
      Did not match:
         - @ConditionalOnJndi JNDI environment is not available (OnJndiCondition)
      Matched:
         - @ConditionalOnClass found required class 'org.springframework.transaction.jta.JtaTransactionManager' (OnClassCondition)

   JooqAutoConfiguration:
      Did not match:
         - @ConditionalOnClass did not find required class 'org.jooq.DSLContext' (OnClassCondition)

   JpaRepositoriesAutoConfiguration#entityManagerFactoryBootstrapExecutorCustomizer:
      Did not match:
         - AnyNestedCondition 0 matched 2 did not; NestedCondition on JpaRepositoriesAutoConfiguration.BootstrapExecutorCondition.LazyBootstrapMode @ConditionalOnProperty (spring.data.jpa.repositories.bootstrap-mode=lazy) did not find property 'bootstrap-mode'; NestedCondition on JpaRepositoriesAutoConfiguration.BootstrapExecutorCondition.DeferredBootstrapMode @ConditionalOnProperty (spring.data.jpa.repositories.bootstrap-mode=deferred) did not find property 'bootstrap-mode' (JpaRepositoriesAutoConfiguration.BootstrapExecutorCondition)

   JsonbAutoConfiguration:
      Did not match:
         - @ConditionalOnClass did not find required class 'jakarta.json.bind.Jsonb' (OnClassCondition)

   JsonbHttpMessageConvertersConfiguration:
      Did not match:
         - @ConditionalOnClass did not find required class 'jakarta.json.bind.Jsonb' (OnClassCondition)

   KafkaAutoConfiguration:
      Did not match:
         - @ConditionalOnClass did not find required class 'org.springframework.kafka.core.KafkaTemplate' (OnClassCondition)

   LdapAutoConfiguration:
      Did not match:
         - @ConditionalOnClass did not find required class 'org.springframework.ldap.core.ContextSource' (OnClassCondition)

   LdapRepositoriesAutoConfiguration:
      Did not match:
         - @ConditionalOnClass did not find required class 'org.springframework.data.ldap.repository.LdapRepository' (OnClassCondition)

   LiquibaseAutoConfiguration:
      Did not match:
         - @ConditionalOnClass did not find required class 'liquibase.change.DatabaseChange' (OnClassCondition)

   LocalDevToolsAutoConfiguration:
      Did not match:
         - Initialized Restarter Condition initialized without URLs (OnInitializedRestarterCondition)

   MailSenderAutoConfiguration:
      Did not match:
         - @ConditionalOnClass did not find required class 'jakarta.mail.internet.MimeMessage' (OnClassCondition)

   MailSenderValidatorAutoConfiguration:
      Did not match:
         - @ConditionalOnSingleCandidate did not find required type 'org.springframework.mail.javamail.JavaMailSenderImpl' (OnBeanCondition)

   MessageSourceAutoConfiguration:
      Did not match:
         - ResourceBundle did not find bundle with basename messages (MessageSourceAutoConfiguration.ResourceBundleCondition)

   MongoAutoConfiguration:
      Did not match:
         - @ConditionalOnClass did not find required class 'com.mongodb.client.MongoClient' (OnClassCondition)

   MongoDataAutoConfiguration:
      Did not match:
         - @ConditionalOnClass did not find required class 'com.mongodb.client.MongoClient' (OnClassCondition)

   MongoReactiveAutoConfiguration:
      Did not match:
         - @ConditionalOnClass did not find required class 'com.mongodb.reactivestreams.client.MongoClient' (OnClassCondition)

   MongoReactiveDataAutoConfiguration:
      Did not match:
         - @ConditionalOnClass did not find required class 'com.mongodb.reactivestreams.client.MongoClient' (OnClassCondition)

   MongoReactiveRepositoriesAutoConfiguration:
      Did not match:
         - @ConditionalOnClass did not find required class 'com.mongodb.reactivestreams.client.MongoClient' (OnClassCondition)

   MongoRepositoriesAutoConfiguration:
      Did not match:
         - @ConditionalOnClass did not find required class 'com.mongodb.client.MongoClient' (OnClassCondition)

   MustacheAutoConfiguration:
      Did not match:
         - @ConditionalOnClass did not find required class 'com.samskivert.mustache.Mustache' (OnClassCondition)

   Neo4jAutoConfiguration:
      Did not match:
         - @ConditionalOnClass did not find required class 'org.neo4j.driver.Driver' (OnClassCondition)

   Neo4jDataAutoConfiguration:
      Did not match:
         - @ConditionalOnClass did not find required class 'org.neo4j.driver.Driver' (OnClassCondition)

   Neo4jReactiveDataAutoConfiguration:
      Did not match:
         - @ConditionalOnClass did not find required class 'org.neo4j.driver.Driver' (OnClassCondition)

   Neo4jReactiveRepositoriesAutoConfiguration:
      Did not match:
         - @ConditionalOnClass did not find required class 'org.neo4j.driver.Driver' (OnClassCondition)

   Neo4jRepositoriesAutoConfiguration:
      Did not match:
         - @ConditionalOnClass did not find required class 'org.neo4j.driver.Driver' (OnClassCondition)

   NettyAutoConfiguration:
      Did not match:
         - @ConditionalOnClass did not find required class 'io.netty.util.NettyRuntime' (OnClassCondition)

   OAuth2AuthorizationServerAutoConfiguration:
      Did not match:
         - @ConditionalOnClass did not find required class 'org.springframework.security.oauth2.server.authorization.OAuth2Authorization' (OnClassCondition)

   OAuth2AuthorizationServerJwtAutoConfiguration:
      Did not match:
         - @ConditionalOnClass did not find required class 'org.springframework.security.oauth2.server.authorization.OAuth2Authorization' (OnClassCondition)

   OAuth2ClientAutoConfiguration:
      Did not match:
         - @ConditionalOnClass did not find required class 'org.springframework.security.oauth2.client.registration.ClientRegistration' (OnClassCondition)

   OAuth2ResourceServerAutoConfiguration:
      Did not match:
         - @ConditionalOnClass did not find required class 'org.springframework.security.oauth2.server.resource.authentication.BearerTokenAuthenticationToken' (OnClassCondition)

   ProjectInfoAutoConfiguration#buildProperties:
      Did not match:
         - @ConditionalOnResource did not find resource '${spring.info.build.location:classpath:META-INF/build-info.properties}' (OnResourceCondition)

   ProjectInfoAutoConfiguration#gitProperties:
      Did not match:
         - GitResource did not find git info at classpath:git.properties (ProjectInfoAutoConfiguration.GitResourceAvailableCondition)

   PulsarAutoConfiguration:
      Did not match:
         - @ConditionalOnClass did not find required class 'org.apache.pulsar.client.api.PulsarClient' (OnClassCondition)

   PulsarReactiveAutoConfiguration:
      Did not match:
         - @ConditionalOnClass did not find required class 'org.apache.pulsar.client.api.PulsarClient' (OnClassCondition)

   QuartzAutoConfiguration:
      Did not match:
         - @ConditionalOnClass did not find required class 'org.quartz.Scheduler' (OnClassCondition)

   R2dbcAutoConfiguration:
      Did not match:
         - @ConditionalOnClass did not find required class 'io.r2dbc.spi.ConnectionFactory' (OnClassCondition)

   R2dbcDataAutoConfiguration:
      Did not match:
         - @ConditionalOnClass did not find required class 'org.springframework.data.r2dbc.core.R2dbcEntityTemplate' (OnClassCondition)

   R2dbcInitializationConfiguration:
      Did not match:
         - @ConditionalOnClass did not find required classes 'io.r2dbc.spi.ConnectionFactory', 'org.springframework.r2dbc.connection.init.DatabasePopulator' (OnClassCondition)

   R2dbcRepositoriesAutoConfiguration:
      Did not match:
         - @ConditionalOnClass did not find required class 'io.r2dbc.spi.ConnectionFactory' (OnClassCondition)

   R2dbcTransactionManagerAutoConfiguration:
      Did not match:
         - @ConditionalOnClass did not find required class 'org.springframework.r2dbc.connection.R2dbcTransactionManager' (OnClassCondition)

   RSocketGraphQlClientAutoConfiguration:
      Did not match:
         - @ConditionalOnClass did not find required class 'graphql.GraphQL' (OnClassCondition)

   RSocketMessagingAutoConfiguration:
      Did not match:
         - @ConditionalOnClass did not find required class 'io.rsocket.RSocket' (OnClassCondition)

   RSocketRequesterAutoConfiguration:
      Did not match:
         - @ConditionalOnClass did not find required class 'io.rsocket.RSocket' (OnClassCondition)

   RSocketSecurityAutoConfiguration:
      Did not match:
         - @ConditionalOnClass did not find required class 'org.springframework.security.rsocket.core.SecuritySocketAcceptorInterceptor' (OnClassCondition)

   RSocketServerAutoConfiguration:
      Did not match:
         - @ConditionalOnClass did not find required class 'io.rsocket.core.RSocketServer' (OnClassCondition)

   RSocketStrategiesAutoConfiguration:
      Did not match:
         - @ConditionalOnClass did not find required class 'io.netty.buffer.PooledByteBufAllocator' (OnClassCondition)

   RabbitAutoConfiguration:
      Did not match:
         - @ConditionalOnClass did not find required class 'com.rabbitmq.client.Channel' (OnClassCondition)

   ReactiveElasticsearchClientAutoConfiguration:
      Did not match:
         - @ConditionalOnClass did not find required class 'co.elastic.clients.transport.ElasticsearchTransport' (OnClassCondition)

   ReactiveElasticsearchRepositoriesAutoConfiguration:
      Did not match:
         - @ConditionalOnClass did not find required class 'org.springframework.data.elasticsearch.client.elc.ReactiveElasticsearchClient' (OnClassCondition)

   ReactiveMultipartAutoConfiguration:
      Did not match:
         - @ConditionalOnClass did not find required class 'org.springframework.web.reactive.config.WebFluxConfigurer' (OnClassCondition)

   ReactiveOAuth2ClientAutoConfiguration:
      Did not match:
         - @ConditionalOnClass did not find required class 'reactor.core.publisher.Flux' (OnClassCondition)

   ReactiveOAuth2ResourceServerAutoConfiguration:
      Did not match:
         - @ConditionalOnWebApplication did not find reactive web application classes (OnWebApplicationCondition)

   ReactiveSecurityAutoConfiguration:
      Did not match:
         - @ConditionalOnClass did not find required class 'reactor.core.publisher.Flux' (OnClassCondition)

   ReactiveUserDetailsServiceAutoConfiguration:
      Did not match:
         - AnyNestedCondition 0 matched 2 did not; NestedCondition on ReactiveUserDetailsServiceAutoConfiguration.RSocketEnabledOrReactiveWebApplication.ReactiveWebApplicationCondition did not find reactive web application classes; NestedCondition on ReactiveUserDetailsServiceAutoConfiguration.RSocketEnabledOrReactiveWebApplication.RSocketSecurityEnabledCondition @ConditionalOnBean (types: org.springframework.messaging.rsocket.annotation.support.RSocketMessageHandler; SearchStrategy: all) did not find any beans of type org.springframework.messaging.rsocket.annotation.support.RSocketMessageHandler (ReactiveUserDetailsServiceAutoConfiguration.RSocketEnabledOrReactiveWebApplication)
      Matched:
         - @ConditionalOnClass found required class 'org.springframework.security.authentication.ReactiveAuthenticationManager' (OnClassCondition)
         - AnyNestedCondition 1 matched 2 did not; NestedCondition on ReactiveUserDetailsServiceAutoConfiguration.MissingAlternativeOrUserPropertiesConfigured.PasswordConfigured @ConditionalOnProperty (spring.security.user.password) did not find property 'password'; NestedCondition on ReactiveUserDetailsServiceAutoConfiguration.MissingAlternativeOrUserPropertiesConfigured.NameConfigured @ConditionalOnProperty (spring.security.user.name) did not find property 'name'; NestedCondition on ReactiveUserDetailsServiceAutoConfiguration.MissingAlternativeOrUserPropertiesConfigured.MissingAlternative @ConditionalOnMissingClass did not find unwanted classes 'org.springframework.security.oauth2.client.registration.ClientRegistrationRepository', 'org.springframework.security.oauth2.server.resource.introspection.ReactiveOpaqueTokenIntrospector' (ReactiveUserDetailsServiceAutoConfiguration.MissingAlternativeOrUserPropertiesConfigured)

   ReactiveWebServerFactoryAutoConfiguration:
      Did not match:
         - @ConditionalOnWebApplication did not find reactive web application classes (OnWebApplicationCondition)

   ReactorAutoConfiguration:
      Did not match:
         - @ConditionalOnClass did not find required class 'reactor.core.publisher.Hooks' (OnClassCondition)

   RedisAutoConfiguration:
      Did not match:
         - @ConditionalOnClass did not find required class 'org.springframework.data.redis.core.RedisOperations' (OnClassCondition)

   RedisCacheConfiguration:
      Did not match:
         - @ConditionalOnClass did not find required class 'org.springframework.data.redis.connection.RedisConnectionFactory' (OnClassCondition)

   RedisReactiveAutoConfiguration:
      Did not match:
         - @ConditionalOnClass did not find required class 'reactor.core.publisher.Flux' (OnClassCondition)

   RedisRepositoriesAutoConfiguration:
      Did not match:
         - @ConditionalOnClass did not find required class 'org.springframework.data.redis.repository.configuration.EnableRedisRepositories' (OnClassCondition)

   RemoteDevToolsAutoConfiguration:
      Did not match:
         - @ConditionalOnProperty (spring.devtools.remote.secret) did not find property 'secret' (OnPropertyCondition)
      Matched:
         - @ConditionalOnClass found required classes 'jakarta.servlet.Filter', 'org.springframework.http.server.ServerHttpRequest' (OnClassCondition)

   RepositoryRestMvcAutoConfiguration:
      Did not match:
         - @ConditionalOnClass did not find required class 'org.springframework.data.rest.webmvc.config.RepositoryRestMvcConfiguration' (OnClassCondition)

   Saml2RelyingPartyAutoConfiguration:
      Did not match:
         - @ConditionalOnClass did not find required class 'org.springframework.security.saml2.provider.service.registration.RelyingPartyRegistrationRepository' (OnClassCondition)

   SecurityDataConfiguration:
      Did not match:
         - @ConditionalOnClass did not find required class 'org.springframework.security.data.repository.query.SecurityEvaluationContextExtension' (OnClassCondition)

   SendGridAutoConfiguration:
      Did not match:
         - @ConditionalOnClass did not find required class 'com.sendgrid.SendGrid' (OnClassCondition)

   ServletWebServerFactoryAutoConfiguration.ForwardedHeaderFilterConfiguration:
      Did not match:
         - @ConditionalOnProperty (server.forward-headers-strategy=framework) did not find property 'server.forward-headers-strategy' (OnPropertyCondition)

   ServletWebServerFactoryConfiguration.EmbeddedJetty:
      Did not match:
         - @ConditionalOnClass did not find required classes 'org.eclipse.jetty.server.Server', 'org.eclipse.jetty.util.Loader', 'org.eclipse.jetty.ee10.webapp.WebAppContext' (OnClassCondition)

   ServletWebServerFactoryConfiguration.EmbeddedUndertow:
      Did not match:
         - @ConditionalOnClass did not find required classes 'io.undertow.Undertow', 'org.xnio.SslClientAuthMode' (OnClassCondition)

   SessionAutoConfiguration:
      Did not match:
         - @ConditionalOnClass did not find required class 'org.springframework.session.Session' (OnClassCondition)

   SpringApplicationAdminJmxAutoConfiguration:
      Did not match:
         - @ConditionalOnProperty (spring.application.admin.enabled=true) did not find property 'enabled' (OnPropertyCondition)

   SpringBootWebSecurityConfiguration.SecurityFilterChainConfiguration:
      Did not match:
         - AllNestedConditions 1 matched 1 did not; NestedCondition on DefaultWebSecurityCondition.Beans @ConditionalOnMissingBean (types: org.springframework.security.web.SecurityFilterChain; SearchStrategy: all) found beans of type 'org.springframework.security.web.SecurityFilterChain' securityFilterChain; NestedCondition on DefaultWebSecurityCondition.Classes @ConditionalOnClass found required classes 'org.springframework.security.web.SecurityFilterChain', 'org.springframework.security.config.annotation.web.builders.HttpSecurity' (DefaultWebSecurityCondition)

   SpringBootWebSecurityConfiguration.WebSecurityEnablerConfiguration:
      Did not match:
         - @ConditionalOnMissingBean (names: springSecurityFilterChain; SearchStrategy: all) found beans named springSecurityFilterChain (OnBeanCondition)
      Matched:
         - @ConditionalOnClass found required class 'org.springframework.security.config.annotation.web.configuration.EnableWebSecurity' (OnClassCondition)

   TaskExecutorConfigurations.SimpleAsyncTaskExecutorBuilderConfiguration#simpleAsyncTaskExecutorBuilderVirtualThreads:
      Did not match:
         - @ConditionalOnMissingBean (types: org.springframework.boot.task.SimpleAsyncTaskExecutorBuilder; SearchStrategy: all) found beans of type 'org.springframework.boot.task.SimpleAsyncTaskExecutorBuilder' simpleAsyncTaskExecutorBuilder (OnBeanCondition)

   TaskExecutorConfigurations.TaskExecutorConfiguration#applicationTaskExecutorVirtualThreads:
      Did not match:
         - @ConditionalOnThreading did not find VIRTUAL (OnThreadingCondition)

   TaskSchedulingAutoConfiguration#scheduledBeanLazyInitializationExcludeFilter:
      Did not match:
         - @ConditionalOnBean (names: org.springframework.context.annotation.internalScheduledAnnotationProcessor; SearchStrategy: all) did not find any beans named org.springframework.context.annotation.internalScheduledAnnotationProcessor (OnBeanCondition)

   TaskSchedulingConfigurations.SimpleAsyncTaskSchedulerBuilderConfiguration#simpleAsyncTaskSchedulerBuilderVirtualThreads:
      Did not match:
         - @ConditionalOnMissingBean (types: org.springframework.boot.task.SimpleAsyncTaskSchedulerBuilder; SearchStrategy: all) found beans of type 'org.springframework.boot.task.SimpleAsyncTaskSchedulerBuilder' simpleAsyncTaskSchedulerBuilder (OnBeanCondition)

   TaskSchedulingConfigurations.TaskSchedulerConfiguration:
      Did not match:
         - @ConditionalOnBean (names: org.springframework.context.annotation.internalScheduledAnnotationProcessor; SearchStrategy: all) did not find any beans named org.springframework.context.annotation.internalScheduledAnnotationProcessor (OnBeanCondition)

   TemplateEngineConfigurations.ReactiveTemplateEngineConfiguration:
      Did not match:
         - did not find reactive web application classes (OnWebApplicationCondition)

   ThymeleafAutoConfiguration.DataAttributeDialectConfiguration:
      Did not match:
         - @ConditionalOnClass did not find required class 'com.github.mxab.thymeleaf.extras.dataattribute.dialect.DataAttributeDialect' (OnClassCondition)

   ThymeleafAutoConfiguration.ThymeleafSecurityDialectConfiguration:
      Did not match:
         - @ConditionalOnClass did not find required class 'org.thymeleaf.extras.springsecurity6.dialect.SpringSecurityDialect' (OnClassCondition)

   ThymeleafAutoConfiguration.ThymeleafWebFluxConfiguration:
      Did not match:
         - did not find reactive web application classes (OnWebApplicationCondition)

   ThymeleafAutoConfiguration.ThymeleafWebLayoutConfiguration:
      Did not match:
         - @ConditionalOnClass did not find required class 'nz.net.ultraq.thymeleaf.layoutdialect.LayoutDialect' (OnClassCondition)

   ThymeleafAutoConfiguration.ThymeleafWebMvcConfiguration#resourceUrlEncodingFilter:
      Did not match:
         - @ConditionalOnEnabledResourceChain did not find class org.webjars.WebJarAssetLocator (OnEnabledResourceChainCondition)

   TransactionAutoConfiguration#transactionalOperator:
      Did not match:
         - @ConditionalOnSingleCandidate (types: org.springframework.transaction.ReactiveTransactionManager; SearchStrategy: all) did not find any beans (OnBeanCondition)

   TransactionAutoConfiguration.AspectJTransactionManagementConfiguration:
      Did not match:
         - @ConditionalOnBean (types: org.springframework.transaction.aspectj.AbstractTransactionAspect; SearchStrategy: all) did not find any beans of type org.springframework.transaction.aspectj.AbstractTransactionAspect (OnBeanCondition)

   TransactionAutoConfiguration.EnableTransactionManagementConfiguration.JdkDynamicAutoProxyConfiguration:
      Did not match:
         - @ConditionalOnProperty (spring.aop.proxy-target-class=false) did not find property 'proxy-target-class' (OnPropertyCondition)

   UserDetailsServiceAutoConfiguration:
      Did not match:
         - @ConditionalOnMissingBean (types: org.springframework.security.authentication.AuthenticationManager,org.springframework.security.authentication.AuthenticationProvider,org.springframework.security.core.userdetails.UserDetailsService,org.springframework.security.authentication.AuthenticationManagerResolver,org.springframework.security.oauth2.jwt.JwtDecoder; SearchStrategy: all) found beans of type 'org.springframework.security.authentication.AuthenticationManager' authenticationManager and found beans of type 'org.springframework.security.core.userdetails.UserDetailsService' customUserDetailsService (OnBeanCondition)
      Matched:
         - @ConditionalOnClass found required class 'org.springframework.security.authentication.AuthenticationManager' (OnClassCondition)
         - AnyNestedCondition 1 matched 2 did not; NestedCondition on UserDetailsServiceAutoConfiguration.MissingAlternativeOrUserPropertiesConfigured.PasswordConfigured @ConditionalOnProperty (spring.security.user.password) did not find property 'password'; NestedCondition on UserDetailsServiceAutoConfiguration.MissingAlternativeOrUserPropertiesConfigured.NameConfigured @ConditionalOnProperty (spring.security.user.name) did not find property 'name'; NestedCondition on UserDetailsServiceAutoConfiguration.MissingAlternativeOrUserPropertiesConfigured.MissingAlternative @ConditionalOnMissingClass did not find unwanted classes 'org.springframework.security.oauth2.client.registration.ClientRegistrationRepository', 'org.springframework.security.oauth2.server.resource.introspection.OpaqueTokenIntrospector', 'org.springframework.security.saml2.provider.service.registration.RelyingPartyRegistrationRepository' (UserDetailsServiceAutoConfiguration.MissingAlternativeOrUserPropertiesConfigured)

   ValidationAutoConfiguration:
      Did not match:
         - @ConditionalOnClass did not find required class 'jakarta.validation.executable.ExecutableValidator' (OnClassCondition)

   WebClientAutoConfiguration:
      Did not match:
         - @ConditionalOnClass did not find required class 'org.springframework.web.reactive.function.client.WebClient' (OnClassCondition)

   WebFluxAutoConfiguration:
      Did not match:
         - @ConditionalOnClass did not find required class 'org.springframework.web.reactive.config.WebFluxConfigurer' (OnClassCondition)

   WebMvcAutoConfiguration#hiddenHttpMethodFilter:
      Did not match:
         - @ConditionalOnProperty (spring.mvc.hiddenmethod.filter.enabled) did not find property 'enabled' (OnPropertyCondition)

   WebMvcAutoConfiguration.ProblemDetailsErrorHandlingConfiguration:
      Did not match:
         - @ConditionalOnProperty (spring.mvc.problemdetails.enabled=true) did not find property 'enabled' (OnPropertyCondition)

   WebMvcAutoConfiguration.ResourceChainCustomizerConfiguration:
      Did not match:
         - @ConditionalOnEnabledResourceChain did not find class org.webjars.WebJarAssetLocator (OnEnabledResourceChainCondition)

   WebMvcAutoConfiguration.WebMvcAutoConfigurationAdapter#beanNameViewResolver:
      Did not match:
         - @ConditionalOnMissingBean (types: org.springframework.web.servlet.view.BeanNameViewResolver; SearchStrategy: all) found beans of type 'org.springframework.web.servlet.view.BeanNameViewResolver' beanNameViewResolver (OnBeanCondition)

   WebServiceTemplateAutoConfiguration:
      Did not match:
         - @ConditionalOnClass did not find required class 'org.springframework.oxm.Marshaller' (OnClassCondition)

   WebServicesAutoConfiguration:
      Did not match:
         - @ConditionalOnClass did not find required class 'org.springframework.ws.transport.http.MessageDispatcherServlet' (OnClassCondition)

   WebSessionIdResolverAutoConfiguration:
      Did not match:
         - @ConditionalOnClass did not find required class 'reactor.core.publisher.Mono' (OnClassCondition)

   WebSocketMessagingAutoConfiguration:
      Did not match:
         - @ConditionalOnClass did not find required class 'org.springframework.web.socket.config.annotation.WebSocketMessageBrokerConfigurer' (OnClassCondition)

   WebSocketReactiveAutoConfiguration:
      Did not match:
         - @ConditionalOnWebApplication did not find reactive web application classes (OnWebApplicationCondition)

   WebSocketServletAutoConfiguration.JettyWebSocketConfiguration:
      Did not match:
         - @ConditionalOnClass did not find required class 'org.eclipse.jetty.ee10.websocket.jakarta.server.config.JakartaWebSocketServletContainerInitializer' (OnClassCondition)

   WebSocketServletAutoConfiguration.UndertowWebSocketConfiguration:
      Did not match:
         - @ConditionalOnClass did not find required class 'io.undertow.websockets.jsr.Bootstrap' (OnClassCondition)

   XADataSourceAutoConfiguration:
      Did not match:
         - @ConditionalOnBean (types: org.springframework.boot.jdbc.XADataSourceWrapper; SearchStrategy: all) did not find any beans of type org.springframework.boot.jdbc.XADataSourceWrapper (OnBeanCondition)
      Matched:
         - @ConditionalOnClass found required classes 'javax.sql.DataSource', 'jakarta.transaction.TransactionManager', 'org.springframework.jdbc.datasource.embedded.EmbeddedDatabaseType' (OnClassCondition)


Exclusions:
-----------

    None


Unconditional classes:
----------------------

    org.springframework.boot.autoconfigure.context.ConfigurationPropertiesAutoConfiguration

    org.springframework.boot.autoconfigure.ssl.SslAutoConfiguration

    org.springframework.boot.autoconfigure.context.LifecycleAutoConfiguration

    org.springframework.boot.autoconfigure.context.PropertyPlaceholderAutoConfiguration

    org.springframework.boot.autoconfigure.availability.ApplicationAvailabilityAutoConfiguration

    org.springframework.boot.autoconfigure.info.ProjectInfoAutoConfiguration



2024-07-21T15:50:02.789+02:00 TRACE 248560 --- [crud-springboot] [           main] o.s.b.f.s.DefaultListableBeanFactory     : Returning cached instance of singleton bean 'welcomePageHandlerMapping'
2024-07-21T15:50:02.789+02:00 TRACE 248560 --- [crud-springboot] [           main] o.s.b.f.s.DefaultListableBeanFactory     : Returning cached instance of singleton bean 'welcomePageNotAcceptableHandlerMapping'
2024-07-21T15:50:02.789+02:00 TRACE 248560 --- [crud-springboot] [           main] o.s.b.f.s.DefaultListableBeanFactory     : Returning cached instance of singleton bean 'requestMappingHandlerMapping'
2024-07-21T15:50:02.789+02:00 TRACE 248560 --- [crud-springboot] [           main] o.s.b.f.s.DefaultListableBeanFactory     : Returning cached instance of singleton bean 'viewControllerHandlerMapping'
2024-07-21T15:50:02.789+02:00 TRACE 248560 --- [crud-springboot] [           main] o.s.b.f.s.DefaultListableBeanFactory     : Returning cached instance of singleton bean 'beanNameHandlerMapping'
2024-07-21T15:50:02.789+02:00 TRACE 248560 --- [crud-springboot] [           main] o.s.b.f.s.DefaultListableBeanFactory     : Returning cached instance of singleton bean 'routerFunctionMapping'
2024-07-21T15:50:02.789+02:00 TRACE 248560 --- [crud-springboot] [           main] o.s.b.f.s.DefaultListableBeanFactory     : Returning cached instance of singleton bean 'resourceHandlerMapping'
2024-07-21T15:50:02.789+02:00 TRACE 248560 --- [crud-springboot] [           main] o.s.b.f.s.DefaultListableBeanFactory     : Returning cached instance of singleton bean 'defaultServletHandlerMapping'
2024-07-21T15:50:02.792+02:00  INFO 248560 --- [crud-springboot] [           main] c.c.c.CrudSpringbootApplicationTests     : Started CrudSpringbootApplicationTests in 7.328 seconds (process running for 8.241)
2024-07-21T15:50:02.793+02:00 TRACE 248560 --- [crud-springboot] [           main] o.s.b.f.s.DefaultListableBeanFactory     : Returning cached instance of singleton bean 'delegatingApplicationListener'
2024-07-21T15:50:02.795+02:00 TRACE 248560 --- [crud-springboot] [           main] o.s.b.f.s.DefaultListableBeanFactory     : Returning cached instance of singleton bean 'delegatingApplicationListener'
2024-07-21T15:50:02.795+02:00 TRACE 248560 --- [crud-springboot] [           main] o.s.b.f.s.DefaultListableBeanFactory     : Returning cached instance of singleton bean 'applicationAvailability'
2024-07-21T15:50:02.796+02:00 DEBUG 248560 --- [crud-springboot] [           main] o.s.b.a.ApplicationAvailabilityBean      : Application availability state LivenessState changed to CORRECT
2024-07-21T15:50:02.800+02:00 TRACE 248560 --- [crud-springboot] [           main] o.s.b.f.s.DefaultListableBeanFactory     : Returning cached instance of singleton bean 'delegatingApplicationListener'
2024-07-21T15:50:02.800+02:00 DEBUG 248560 --- [crud-springboot] [           main] o.s.boot.devtools.restart.Restarter      : Creating new Restarter for thread Thread[main,5,main]
2024-07-21T15:50:02.800+02:00 TRACE 248560 --- [crud-springboot] [           main] o.s.b.f.s.DefaultListableBeanFactory     : Returning cached instance of singleton bean 'delegatingApplicationListener'
2024-07-21T15:50:02.800+02:00 TRACE 248560 --- [crud-springboot] [           main] o.s.b.f.s.DefaultListableBeanFactory     : Returning cached instance of singleton bean 'applicationAvailability'
2024-07-21T15:50:02.801+02:00 DEBUG 248560 --- [crud-springboot] [           main] o.s.b.a.ApplicationAvailabilityBean      : Application availability state ReadinessState changed to ACCEPTING_TRAFFIC
2024-07-21T15:50:02.803+02:00 TRACE 248560 --- [crud-springboot] [           main] c.DefaultCacheAwareContextLoaderDelegate : Storing ApplicationContext [896852376] in cache under key [WebMergedContextConfiguration@2d4aadc testClass = com.cwa.crudspringboot.CrudSpringbootApplicationTests, locations = [], classes = [com.cwa.crudspringboot.CrudSpringbootApplication], contextInitializerClasses = [], activeProfiles = [], propertySourceDescriptors = [], propertySourceProperties = ["org.springframework.boot.test.context.SpringBootTestContextBootstrapper=true"], contextCustomizers = [org.springframework.boot.test.context.filter.ExcludeFilterContextCustomizer@3a7442c7, org.springframework.boot.test.json.DuplicateJsonObjectContextCustomizerFactory$DuplicateJsonObjectContextCustomizer@cb0755b, org.springframework.boot.test.mock.mockito.MockitoContextCustomizer@0, org.springframework.boot.test.web.client.TestRestTemplateContextCustomizer@18271936, org.springframework.boot.test.autoconfigure.actuate.observability.ObservabilityContextCustomizerFactory$DisableObservabilityContextCustomizer@1f, org.springframework.boot.test.autoconfigure.properties.PropertyMappingContextCustomizer@0, org.springframework.boot.test.autoconfigure.web.servlet.WebDriverContextCustomizer@24569dba, org.springframework.boot.test.context.SpringBootTestAnnotation@d144f97a], resourceBasePath = "src/main/webapp", contextLoader = org.springframework.boot.test.context.SpringBootContextLoader, parent = null]
2024-07-21T15:50:02.803+02:00 DEBUG 248560 --- [crud-springboot] [           main] org.springframework.test.context.cache   : Spring test ApplicationContext cache statistics: [DefaultContextCache@773ad729 size = 1, maxSize = 32, parentContextCount = 0, hitCount = 0, missCount = 1, failureCount = 0]
2024-07-21T15:50:02.804+02:00 TRACE 248560 --- [crud-springboot] [           main] o.s.t.c.w.ServletTestExecutionListener   : Setting up MockHttpServletRequest, MockHttpServletResponse, ServletWebRequest, and RequestContextHolder for test context [DefaultTestContext@4d408746 testClass = com.cwa.crudspringboot.CrudSpringbootApplicationTests, testInstance = com.cwa.crudspringboot.CrudSpringbootApplicationTests@6ae55678, testMethod = null, testException = null, mergedContextConfiguration = [WebMergedContextConfiguration@2d4aadc testClass = com.cwa.crudspringboot.CrudSpringbootApplicationTests, locations = [], classes = [com.cwa.crudspringboot.CrudSpringbootApplication], contextInitializerClasses = [], activeProfiles = [], propertySourceDescriptors = [], propertySourceProperties = ["org.springframework.boot.test.context.SpringBootTestContextBootstrapper=true"], contextCustomizers = [org.springframework.boot.test.context.filter.ExcludeFilterContextCustomizer@3a7442c7, org.springframework.boot.test.json.DuplicateJsonObjectContextCustomizerFactory$DuplicateJsonObjectContextCustomizer@cb0755b, org.springframework.boot.test.mock.mockito.MockitoContextCustomizer@0, org.springframework.boot.test.web.client.TestRestTemplateContextCustomizer@18271936, org.springframework.boot.test.autoconfigure.actuate.observability.ObservabilityContextCustomizerFactory$DisableObservabilityContextCustomizer@1f, org.springframework.boot.test.autoconfigure.properties.PropertyMappingContextCustomizer@0, org.springframework.boot.test.autoconfigure.web.servlet.WebDriverContextCustomizer@24569dba, org.springframework.boot.test.context.SpringBootTestAnnotation@d144f97a], resourceBasePath = "src/main/webapp", contextLoader = org.springframework.boot.test.context.SpringBootContextLoader, parent = null], attributes = {"org.springframework.test.context.web.ServletTestExecutionListener.activateListener" -> true}]
2024-07-21T15:50:02.823+02:00 TRACE 248560 --- [crud-springboot] [           main] DependencyInjectionTestExecutionListener : Performing dependency injection for test context [DefaultTestContext@4d408746 testClass = com.cwa.crudspringboot.CrudSpringbootApplicationTests, testInstance = com.cwa.crudspringboot.CrudSpringbootApplicationTests@6ae55678, testMethod = null, testException = null, mergedContextConfiguration = [WebMergedContextConfiguration@2d4aadc testClass = com.cwa.crudspringboot.CrudSpringbootApplicationTests, locations = [], classes = [com.cwa.crudspringboot.CrudSpringbootApplication], contextInitializerClasses = [], activeProfiles = [], propertySourceDescriptors = [], propertySourceProperties = ["org.springframework.boot.test.context.SpringBootTestContextBootstrapper=true"], contextCustomizers = [org.springframework.boot.test.context.filter.ExcludeFilterContextCustomizer@3a7442c7, org.springframework.boot.test.json.DuplicateJsonObjectContextCustomizerFactory$DuplicateJsonObjectContextCustomizer@cb0755b, org.springframework.boot.test.mock.mockito.MockitoContextCustomizer@0, org.springframework.boot.test.web.client.TestRestTemplateContextCustomizer@18271936, org.springframework.boot.test.autoconfigure.actuate.observability.ObservabilityContextCustomizerFactory$DisableObservabilityContextCustomizer@1f, org.springframework.boot.test.autoconfigure.properties.PropertyMappingContextCustomizer@0, org.springframework.boot.test.autoconfigure.web.servlet.WebDriverContextCustomizer@24569dba, org.springframework.boot.test.context.SpringBootTestAnnotation@d144f97a], resourceBasePath = "src/main/webapp", contextLoader = org.springframework.boot.test.context.SpringBootContextLoader, parent = null], attributes = {"org.springframework.test.context.web.ServletTestExecutionListener.activateListener" -> true, "org.springframework.test.context.web.ServletTestExecutionListener.populatedRequestContextHolder" -> true, "org.springframework.test.context.web.ServletTestExecutionListener.resetRequestContextHolder" -> true, "org.springframework.test.context.event.ApplicationEventsTestExecutionListener.recordApplicationEvents" -> false}]
2024-07-21T15:50:02.823+02:00 TRACE 248560 --- [crud-springboot] [           main] c.DefaultCacheAwareContextLoaderDelegate : Retrieved ApplicationContext [896852376] from cache with key [WebMergedContextConfiguration@2d4aadc testClass = com.cwa.crudspringboot.CrudSpringbootApplicationTests, locations = [], classes = [com.cwa.crudspringboot.CrudSpringbootApplication], contextInitializerClasses = [], activeProfiles = [], propertySourceDescriptors = [], propertySourceProperties = ["org.springframework.boot.test.context.SpringBootTestContextBootstrapper=true"], contextCustomizers = [org.springframework.boot.test.context.filter.ExcludeFilterContextCustomizer@3a7442c7, org.springframework.boot.test.json.DuplicateJsonObjectContextCustomizerFactory$DuplicateJsonObjectContextCustomizer@cb0755b, org.springframework.boot.test.mock.mockito.MockitoContextCustomizer@0, org.springframework.boot.test.web.client.TestRestTemplateContextCustomizer@18271936, org.springframework.boot.test.autoconfigure.actuate.observability.ObservabilityContextCustomizerFactory$DisableObservabilityContextCustomizer@1f, org.springframework.boot.test.autoconfigure.properties.PropertyMappingContextCustomizer@0, org.springframework.boot.test.autoconfigure.web.servlet.WebDriverContextCustomizer@24569dba, org.springframework.boot.test.context.SpringBootTestAnnotation@d144f97a], resourceBasePath = "src/main/webapp", contextLoader = org.springframework.boot.test.context.SpringBootContextLoader, parent = null]
2024-07-21T15:50:02.823+02:00 DEBUG 248560 --- [crud-springboot] [           main] org.springframework.test.context.cache   : Spring test ApplicationContext cache statistics: [DefaultContextCache@773ad729 size = 1, maxSize = 32, parentContextCount = 0, hitCount = 1, missCount = 1, failureCount = 0]
2024-07-21T15:50:02.824+02:00 TRACE 248560 --- [crud-springboot] [           main] o.s.b.f.s.DefaultListableBeanFactory     : Returning cached instance of singleton bean 'org.springframework.transaction.config.internalTransactionAdvisor'
2024-07-21T15:50:02.825+02:00 TRACE 248560 --- [crud-springboot] [           main] c.DefaultCacheAwareContextLoaderDelegate : Retrieved ApplicationContext [896852376] from cache with key [WebMergedContextConfiguration@2d4aadc testClass = com.cwa.crudspringboot.CrudSpringbootApplicationTests, locations = [], classes = [com.cwa.crudspringboot.CrudSpringbootApplication], contextInitializerClasses = [], activeProfiles = [], propertySourceDescriptors = [], propertySourceProperties = ["org.springframework.boot.test.context.SpringBootTestContextBootstrapper=true"], contextCustomizers = [org.springframework.boot.test.context.filter.ExcludeFilterContextCustomizer@3a7442c7, org.springframework.boot.test.json.DuplicateJsonObjectContextCustomizerFactory$DuplicateJsonObjectContextCustomizer@cb0755b, org.springframework.boot.test.mock.mockito.MockitoContextCustomizer@0, org.springframework.boot.test.web.client.TestRestTemplateContextCustomizer@18271936, org.springframework.boot.test.autoconfigure.actuate.observability.ObservabilityContextCustomizerFactory$DisableObservabilityContextCustomizer@1f, org.springframework.boot.test.autoconfigure.properties.PropertyMappingContextCustomizer@0, org.springframework.boot.test.autoconfigure.web.servlet.WebDriverContextCustomizer@24569dba, org.springframework.boot.test.context.SpringBootTestAnnotation@d144f97a], resourceBasePath = "src/main/webapp", contextLoader = org.springframework.boot.test.context.SpringBootContextLoader, parent = null]
2024-07-21T15:50:02.825+02:00 DEBUG 248560 --- [crud-springboot] [           main] org.springframework.test.context.cache   : Spring test ApplicationContext cache statistics: [DefaultContextCache@773ad729 size = 1, maxSize = 32, parentContextCount = 0, hitCount = 2, missCount = 1, failureCount = 0]
2024-07-21T15:50:02.826+02:00 TRACE 248560 --- [crud-springboot] [           main] o.s.b.f.s.DefaultListableBeanFactory     : Returning cached instance of singleton bean 'delegatingApplicationListener'
2024-07-21T15:50:02.841+02:00 TRACE 248560 --- [crud-springboot] [           main] o.s.test.context.TestContextManager      : beforeTestMethod(): instance [com.cwa.crudspringboot.CrudSpringbootApplicationTests@6ae55678], method [void com.cwa.crudspringboot.CrudSpringbootApplicationTests.contextLoads()]
2024-07-21T15:50:02.842+02:00 TRACE 248560 --- [crud-springboot] [           main] sContextBeforeModesTestExecutionListener : Before test method: context [DefaultTestContext@4d408746 testClass = com.cwa.crudspringboot.CrudSpringbootApplicationTests, testInstance = com.cwa.crudspringboot.CrudSpringbootApplicationTests@6ae55678, testMethod = contextLoads(), testException = null, mergedContextConfiguration = [WebMergedContextConfiguration@2d4aadc testClass = com.cwa.crudspringboot.CrudSpringbootApplicationTests, locations = [], classes = [com.cwa.crudspringboot.CrudSpringbootApplication], contextInitializerClasses = [], activeProfiles = [], propertySourceDescriptors = [], propertySourceProperties = ["org.springframework.boot.test.context.SpringBootTestContextBootstrapper=true"], contextCustomizers = [org.springframework.boot.test.context.filter.ExcludeFilterContextCustomizer@3a7442c7, org.springframework.boot.test.json.DuplicateJsonObjectContextCustomizerFactory$DuplicateJsonObjectContextCustomizer@cb0755b, org.springframework.boot.test.mock.mockito.MockitoContextCustomizer@0, org.springframework.boot.test.web.client.TestRestTemplateContextCustomizer@18271936, org.springframework.boot.test.autoconfigure.actuate.observability.ObservabilityContextCustomizerFactory$DisableObservabilityContextCustomizer@1f, org.springframework.boot.test.autoconfigure.properties.PropertyMappingContextCustomizer@0, org.springframework.boot.test.autoconfigure.web.servlet.WebDriverContextCustomizer@24569dba, org.springframework.boot.test.context.SpringBootTestAnnotation@d144f97a], resourceBasePath = "src/main/webapp", contextLoader = org.springframework.boot.test.context.SpringBootContextLoader, parent = null], attributes = {"org.springframework.test.context.web.ServletTestExecutionListener.activateListener" -> true, "org.springframework.test.context.web.ServletTestExecutionListener.populatedRequestContextHolder" -> true, "org.springframework.test.context.web.ServletTestExecutionListener.resetRequestContextHolder" -> true, "org.springframework.test.context.event.ApplicationEventsTestExecutionListener.recordApplicationEvents" -> false}], class annotated with @DirtiesContext [false] with mode [null], method annotated with @DirtiesContext [false] with mode [null]
2024-07-21T15:50:02.846+02:00 TRACE 248560 --- [crud-springboot] [           main] c.DefaultCacheAwareContextLoaderDelegate : Retrieved ApplicationContext [896852376] from cache with key [WebMergedContextConfiguration@2d4aadc testClass = com.cwa.crudspringboot.CrudSpringbootApplicationTests, locations = [], classes = [com.cwa.crudspringboot.CrudSpringbootApplication], contextInitializerClasses = [], activeProfiles = [], propertySourceDescriptors = [], propertySourceProperties = ["org.springframework.boot.test.context.SpringBootTestContextBootstrapper=true"], contextCustomizers = [org.springframework.boot.test.context.filter.ExcludeFilterContextCustomizer@3a7442c7, org.springframework.boot.test.json.DuplicateJsonObjectContextCustomizerFactory$DuplicateJsonObjectContextCustomizer@cb0755b, org.springframework.boot.test.mock.mockito.MockitoContextCustomizer@0, org.springframework.boot.test.web.client.TestRestTemplateContextCustomizer@18271936, org.springframework.boot.test.autoconfigure.actuate.observability.ObservabilityContextCustomizerFactory$DisableObservabilityContextCustomizer@1f, org.springframework.boot.test.autoconfigure.properties.PropertyMappingContextCustomizer@0, org.springframework.boot.test.autoconfigure.web.servlet.WebDriverContextCustomizer@24569dba, org.springframework.boot.test.context.SpringBootTestAnnotation@d144f97a], resourceBasePath = "src/main/webapp", contextLoader = org.springframework.boot.test.context.SpringBootContextLoader, parent = null]
2024-07-21T15:50:02.846+02:00 DEBUG 248560 --- [crud-springboot] [           main] org.springframework.test.context.cache   : Spring test ApplicationContext cache statistics: [DefaultContextCache@773ad729 size = 1, maxSize = 32, parentContextCount = 0, hitCount = 3, missCount = 1, failureCount = 0]
2024-07-21T15:50:02.846+02:00 TRACE 248560 --- [crud-springboot] [           main] o.s.b.f.s.DefaultListableBeanFactory     : Returning cached instance of singleton bean 'delegatingApplicationListener'
2024-07-21T15:50:02.848+02:00 TRACE 248560 --- [crud-springboot] [           main] c.DefaultCacheAwareContextLoaderDelegate : Retrieved ApplicationContext [896852376] from cache with key [WebMergedContextConfiguration@2d4aadc testClass = com.cwa.crudspringboot.CrudSpringbootApplicationTests, locations = [], classes = [com.cwa.crudspringboot.CrudSpringbootApplication], contextInitializerClasses = [], activeProfiles = [], propertySourceDescriptors = [], propertySourceProperties = ["org.springframework.boot.test.context.SpringBootTestContextBootstrapper=true"], contextCustomizers = [org.springframework.boot.test.context.filter.ExcludeFilterContextCustomizer@3a7442c7, org.springframework.boot.test.json.DuplicateJsonObjectContextCustomizerFactory$DuplicateJsonObjectContextCustomizer@cb0755b, org.springframework.boot.test.mock.mockito.MockitoContextCustomizer@0, org.springframework.boot.test.web.client.TestRestTemplateContextCustomizer@18271936, org.springframework.boot.test.autoconfigure.actuate.observability.ObservabilityContextCustomizerFactory$DisableObservabilityContextCustomizer@1f, org.springframework.boot.test.autoconfigure.properties.PropertyMappingContextCustomizer@0, org.springframework.boot.test.autoconfigure.web.servlet.WebDriverContextCustomizer@24569dba, org.springframework.boot.test.context.SpringBootTestAnnotation@d144f97a], resourceBasePath = "src/main/webapp", contextLoader = org.springframework.boot.test.context.SpringBootContextLoader, parent = null]
2024-07-21T15:50:02.848+02:00 DEBUG 248560 --- [crud-springboot] [           main] org.springframework.test.context.cache   : Spring test ApplicationContext cache statistics: [DefaultContextCache@773ad729 size = 1, maxSize = 32, parentContextCount = 0, hitCount = 4, missCount = 1, failureCount = 0]
2024-07-21T15:50:02.851+02:00 TRACE 248560 --- [crud-springboot] [           main] o.s.b.f.s.DefaultListableBeanFactory     : Returning cached instance of singleton bean 'org.springframework.boot.test.mock.mockito.MockitoPostProcessor$SpyPostProcessor'
2024-07-21T15:50:03.557+02:00 TRACE 248560 --- [crud-springboot] [           main] o.s.b.f.s.DefaultListableBeanFactory     : Returning cached instance of singleton bean 'org.springframework.boot.test.mock.mockito.MockitoPostProcessor'
2024-07-21T15:50:03.557+02:00 TRACE 248560 --- [crud-springboot] [           main] o.s.b.f.s.DefaultListableBeanFactory     : Returning cached instance of singleton bean 'org.springframework.context.annotation.internalConfigurationAnnotationProcessor'
2024-07-21T15:50:03.557+02:00 TRACE 248560 --- [crud-springboot] [           main] o.s.b.f.s.DefaultListableBeanFactory     : Returning cached instance of singleton bean 'org.springframework.context.annotation.internalAutowiredAnnotationProcessor'
2024-07-21T15:50:03.557+02:00 TRACE 248560 --- [crud-springboot] [           main] o.s.b.f.s.DefaultListableBeanFactory     : Returning cached instance of singleton bean 'org.springframework.context.annotation.internalCommonAnnotationProcessor'
2024-07-21T15:50:03.557+02:00 TRACE 248560 --- [crud-springboot] [           main] o.s.b.f.s.DefaultListableBeanFactory     : Returning cached instance of singleton bean 'org.springframework.context.annotation.internalPersistenceAnnotationProcessor'
2024-07-21T15:50:03.557+02:00 TRACE 248560 --- [crud-springboot] [           main] o.s.b.f.s.DefaultListableBeanFactory     : Returning cached instance of singleton bean 'org.springframework.context.event.internalEventListenerProcessor'
2024-07-21T15:50:03.558+02:00 TRACE 248560 --- [crud-springboot] [           main] o.s.b.f.s.DefaultListableBeanFactory     : Returning cached instance of singleton bean 'org.springframework.context.event.internalEventListenerFactory'
2024-07-21T15:50:03.558+02:00 TRACE 248560 --- [crud-springboot] [           main] o.s.b.f.s.DefaultListableBeanFactory     : Returning cached instance of singleton bean 'crudSpringbootApplication'
2024-07-21T15:50:03.558+02:00 TRACE 248560 --- [crud-springboot] [           main] o.s.b.f.s.DefaultListableBeanFactory     : Returning cached instance of singleton bean 'org.springframework.boot.autoconfigure.internalCachingMetadataReaderFactory'
2024-07-21T15:50:03.558+02:00 TRACE 248560 --- [crud-springboot] [           main] o.s.b.f.s.DefaultListableBeanFactory     : Returning cached instance of singleton bean 'org.springframework.boot.autoconfigure.internalCachingMetadataReaderFactory'
2024-07-21T15:50:03.558+02:00 TRACE 248560 --- [crud-springboot] [           main] o.s.b.f.s.DefaultListableBeanFactory     : Returning cached instance of singleton bean 'jwtUtils'
2024-07-21T15:50:03.558+02:00 TRACE 248560 --- [crud-springboot] [           main] o.s.b.f.s.DefaultListableBeanFactory     : Returning cached instance of singleton bean 'securityConfig'
2024-07-21T15:50:03.558+02:00 TRACE 248560 --- [crud-springboot] [           main] o.s.b.f.s.DefaultListableBeanFactory     : Returning cached instance of singleton bean 'apiResponse'
2024-07-21T15:50:03.558+02:00 TRACE 248560 --- [crud-springboot] [           main] o.s.b.f.s.DefaultListableBeanFactory     : Returning cached instance of singleton bean 'authController'
2024-07-21T15:50:03.558+02:00 TRACE 248560 --- [crud-springboot] [           main] o.s.b.f.s.DefaultListableBeanFactory     : Returning cached instance of singleton bean 'loginRequest'
2024-07-21T15:50:03.558+02:00 TRACE 248560 --- [crud-springboot] [           main] o.s.b.f.s.DefaultListableBeanFactory     : Returning cached instance of singleton bean 'personController'
2024-07-21T15:50:03.558+02:00 TRACE 248560 --- [crud-springboot] [           main] o.s.b.f.s.DefaultListableBeanFactory     : Returning cached instance of singleton bean 'registerRequest'
2024-07-21T15:50:03.558+02:00 TRACE 248560 --- [crud-springboot] [           main] o.s.b.f.s.DefaultListableBeanFactory     : Returning cached instance of singleton bean 'webController'
2024-07-21T15:50:03.558+02:00 TRACE 248560 --- [crud-springboot] [           main] o.s.b.f.s.DefaultListableBeanFactory     : Returning cached instance of singleton bean 'jwtFilter'
2024-07-21T15:50:03.558+02:00 TRACE 248560 --- [crud-springboot] [           main] o.s.b.f.s.DefaultListableBeanFactory     : Returning cached instance of singleton bean 'cardService'
2024-07-21T15:50:03.558+02:00 TRACE 248560 --- [crud-springboot] [           main] o.s.b.f.s.DefaultListableBeanFactory     : Returning cached instance of singleton bean 'customUserDetailsService'
2024-07-21T15:50:03.558+02:00 TRACE 248560 --- [crud-springboot] [           main] o.s.b.f.s.DefaultListableBeanFactory     : Returning cached instance of singleton bean 'org.springframework.security.config.annotation.configuration.ObjectPostProcessorConfiguration'
2024-07-21T15:50:03.558+02:00 TRACE 248560 --- [crud-springboot] [           main] o.s.b.f.s.DefaultListableBeanFactory     : Returning cached instance of singleton bean 'objectPostProcessor'
2024-07-21T15:50:03.558+02:00 TRACE 248560 --- [crud-springboot] [           main] o.s.b.f.s.DefaultListableBeanFactory     : Returning cached instance of singleton bean 'org.springframework.security.config.annotation.authentication.configuration.AuthenticationConfiguration'
2024-07-21T15:50:03.558+02:00 TRACE 248560 --- [crud-springboot] [           main] o.s.b.f.s.DefaultListableBeanFactory     : Returning cached instance of singleton bean 'authenticationManagerBuilder'
2024-07-21T15:50:03.558+02:00 TRACE 248560 --- [crud-springboot] [           main] o.s.b.f.s.DefaultListableBeanFactory     : Returning cached instance of singleton bean 'enableGlobalAuthenticationAutowiredConfigurer'
2024-07-21T15:50:03.558+02:00 TRACE 248560 --- [crud-springboot] [           main] o.s.b.f.s.DefaultListableBeanFactory     : Returning cached instance of singleton bean 'initializeUserDetailsBeanManagerConfigurer'
2024-07-21T15:50:03.558+02:00 TRACE 248560 --- [crud-springboot] [           main] o.s.b.f.s.DefaultListableBeanFactory     : Returning cached instance of singleton bean 'initializeAuthenticationProviderBeanManagerConfigurer'
2024-07-21T15:50:03.558+02:00 TRACE 248560 --- [crud-springboot] [           main] o.s.b.f.s.DefaultListableBeanFactory     : Returning cached instance of singleton bean 'org.springframework.security.config.annotation.web.configuration.WebSecurityConfiguration'
2024-07-21T15:50:03.558+02:00 TRACE 248560 --- [crud-springboot] [           main] o.s.b.f.s.DefaultListableBeanFactory     : Returning cached instance of singleton bean 'delegatingApplicationListener'
2024-07-21T15:50:03.558+02:00 TRACE 248560 --- [crud-springboot] [           main] o.s.b.f.s.DefaultListableBeanFactory     : Returning cached instance of singleton bean 'webSecurityExpressionHandler'
2024-07-21T15:50:03.558+02:00 TRACE 248560 --- [crud-springboot] [           main] o.s.b.f.s.DefaultListableBeanFactory     : Returning cached instance of singleton bean 'privilegeEvaluator'
2024-07-21T15:50:03.558+02:00 TRACE 248560 --- [crud-springboot] [           main] o.s.b.f.s.DefaultListableBeanFactory     : Returning cached instance of singleton bean 'conversionServicePostProcessor'
2024-07-21T15:50:03.559+02:00 TRACE 248560 --- [crud-springboot] [           main] o.s.b.f.s.DefaultListableBeanFactory     : Returning cached instance of singleton bean 'org.springframework.security.config.annotation.web.configuration.WebMvcSecurityConfiguration'
2024-07-21T15:50:03.559+02:00 TRACE 248560 --- [crud-springboot] [           main] o.s.b.f.s.DefaultListableBeanFactory     : Returning cached instance of singleton bean 'requestDataValueProcessor'
2024-07-21T15:50:03.559+02:00 TRACE 248560 --- [crud-springboot] [           main] o.s.b.f.s.DefaultListableBeanFactory     : Returning cached instance of singleton bean 'springSecurityHandlerMappingIntrospectorBeanDefinitionRegistryPostProcessor'
2024-07-21T15:50:03.559+02:00 TRACE 248560 --- [crud-springboot] [           main] o.s.b.f.s.DefaultListableBeanFactory     : Returning cached instance of singleton bean 'org.springframework.security.config.annotation.web.configuration.HttpSecurityConfiguration'
2024-07-21T15:50:03.559+02:00 TRACE 248560 --- [crud-springboot] [           main] o.s.b.f.s.DefaultListableBeanFactory     : Returning cached instance of singleton bean 'passwordEncoder'
2024-07-21T15:50:03.559+02:00 TRACE 248560 --- [crud-springboot] [           main] o.s.b.f.s.DefaultListableBeanFactory     : Returning cached instance of singleton bean 'authenticationManager'
2024-07-21T15:50:03.559+02:00 TRACE 248560 --- [crud-springboot] [           main] o.s.b.f.s.DefaultListableBeanFactory     : Returning cached instance of singleton bean 'securityFilterChain'
2024-07-21T15:50:03.559+02:00 TRACE 248560 --- [crud-springboot] [           main] o.s.b.f.s.DefaultListableBeanFactory     : Returning cached instance of singleton bean 'org.springframework.boot.autoconfigure.AutoConfigurationPackages'
2024-07-21T15:50:03.559+02:00 TRACE 248560 --- [crud-springboot] [           main] o.s.b.f.s.DefaultListableBeanFactory     : Returning cached instance of singleton bean 'org.springframework.boot.autoconfigure.context.PropertyPlaceholderAutoConfiguration'
2024-07-21T15:50:03.559+02:00 TRACE 248560 --- [crud-springboot] [           main] o.s.b.f.s.DefaultListableBeanFactory     : Returning cached instance of singleton bean 'propertySourcesPlaceholderConfigurer'
2024-07-21T15:50:03.559+02:00 TRACE 248560 --- [crud-springboot] [           main] o.s.b.f.s.DefaultListableBeanFactory     : Returning cached instance of singleton bean 'org.springframework.boot.autoconfigure.ssl.SslAutoConfiguration'
2024-07-21T15:50:03.559+02:00 TRACE 248560 --- [crud-springboot] [           main] o.s.b.f.s.DefaultListableBeanFactory     : Returning cached instance of singleton bean 'fileWatcher'
2024-07-21T15:50:03.559+02:00 TRACE 248560 --- [crud-springboot] [           main] o.s.b.f.s.DefaultListableBeanFactory     : Returning cached instance of singleton bean 'sslPropertiesSslBundleRegistrar'
2024-07-21T15:50:03.559+02:00 TRACE 248560 --- [crud-springboot] [           main] o.s.b.f.s.DefaultListableBeanFactory     : Returning cached instance of singleton bean 'sslBundleRegistry'
2024-07-21T15:50:03.559+02:00 TRACE 248560 --- [crud-springboot] [           main] o.s.b.f.s.DefaultListableBeanFactory     : Returning cached instance of singleton bean 'org.springframework.boot.context.properties.ConfigurationPropertiesBindingPostProcessor'
2024-07-21T15:50:03.559+02:00 TRACE 248560 --- [crud-springboot] [           main] o.s.b.f.s.DefaultListableBeanFactory     : Returning cached instance of singleton bean 'org.springframework.boot.context.internalConfigurationPropertiesBinder'
2024-07-21T15:50:03.559+02:00 TRACE 248560 --- [crud-springboot] [           main] o.s.b.f.s.DefaultListableBeanFactory     : Returning cached instance of singleton bean 'org.springframework.boot.context.internalConfigurationPropertiesBinder'
2024-07-21T15:50:03.559+02:00 TRACE 248560 --- [crud-springboot] [           main] o.s.b.f.s.DefaultListableBeanFactory     : Returning cached instance of singleton bean 'org.springframework.boot.context.properties.BoundConfigurationProperties'
2024-07-21T15:50:03.559+02:00 TRACE 248560 --- [crud-springboot] [           main] o.s.b.f.s.DefaultListableBeanFactory     : Returning cached instance of singleton bean 'org.springframework.boot.context.properties.EnableConfigurationPropertiesRegistrar.methodValidationExcludeFilter'
2024-07-21T15:50:03.559+02:00 TRACE 248560 --- [crud-springboot] [           main] o.s.b.f.s.DefaultListableBeanFactory     : Returning cached instance of singleton bean 'spring.ssl-org.springframework.boot.autoconfigure.ssl.SslProperties'
2024-07-21T15:50:03.559+02:00 TRACE 248560 --- [crud-springboot] [           main] o.s.b.f.s.DefaultListableBeanFactory     : Returning cached instance of singleton bean 'org.springframework.boot.autoconfigure.websocket.servlet.WebSocketServletAutoConfiguration$TomcatWebSocketConfiguration'
2024-07-21T15:50:03.559+02:00 TRACE 248560 --- [crud-springboot] [           main] o.s.b.f.s.DefaultListableBeanFactory     : Returning cached instance of singleton bean 'websocketServletWebServerCustomizer'
2024-07-21T15:50:03.559+02:00 TRACE 248560 --- [crud-springboot] [           main] o.s.b.f.s.DefaultListableBeanFactory     : Returning cached instance of singleton bean 'org.springframework.boot.autoconfigure.websocket.servlet.WebSocketServletAutoConfiguration'
2024-07-21T15:50:03.559+02:00 TRACE 248560 --- [crud-springboot] [           main] o.s.b.f.s.DefaultListableBeanFactory     : Returning cached instance of singleton bean 'org.springframework.boot.autoconfigure.web.servlet.ServletWebServerFactoryConfiguration$EmbeddedTomcat'
2024-07-21T15:50:03.559+02:00 TRACE 248560 --- [crud-springboot] [           main] o.s.b.f.s.DefaultListableBeanFactory     : Returning cached instance of singleton bean 'tomcatServletWebServerFactory'
2024-07-21T15:50:03.559+02:00 TRACE 248560 --- [crud-springboot] [           main] o.s.b.f.s.DefaultListableBeanFactory     : Returning cached instance of singleton bean 'org.springframework.boot.autoconfigure.web.servlet.ServletWebServerFactoryAutoConfiguration'
2024-07-21T15:50:03.559+02:00 TRACE 248560 --- [crud-springboot] [           main] o.s.b.f.s.DefaultListableBeanFactory     : Returning cached instance of singleton bean 'servletWebServerFactoryCustomizer'
2024-07-21T15:50:03.560+02:00 TRACE 248560 --- [crud-springboot] [           main] o.s.b.f.s.DefaultListableBeanFactory     : Returning cached instance of singleton bean 'tomcatServletWebServerFactoryCustomizer'
2024-07-21T15:50:03.560+02:00 TRACE 248560 --- [crud-springboot] [           main] o.s.b.f.s.DefaultListableBeanFactory     : Returning cached instance of singleton bean 'server-org.springframework.boot.autoconfigure.web.ServerProperties'
2024-07-21T15:50:03.560+02:00 TRACE 248560 --- [crud-springboot] [           main] o.s.b.f.s.DefaultListableBeanFactory     : Returning cached instance of singleton bean 'webServerFactoryCustomizerBeanPostProcessor'
2024-07-21T15:50:03.560+02:00 TRACE 248560 --- [crud-springboot] [           main] o.s.b.f.s.DefaultListableBeanFactory     : Returning cached instance of singleton bean 'errorPageRegistrarBeanPostProcessor'
2024-07-21T15:50:03.560+02:00 TRACE 248560 --- [crud-springboot] [           main] o.s.b.f.s.DefaultListableBeanFactory     : Returning cached instance of singleton bean 'org.springframework.boot.autoconfigure.web.servlet.DispatcherServletAutoConfiguration$DispatcherServletConfiguration'
2024-07-21T15:50:03.560+02:00 TRACE 248560 --- [crud-springboot] [           main] o.s.b.f.s.DefaultListableBeanFactory     : Returning cached instance of singleton bean 'dispatcherServlet'
2024-07-21T15:50:03.560+02:00 TRACE 248560 --- [crud-springboot] [           main] o.s.b.f.s.DefaultListableBeanFactory     : Returning cached instance of singleton bean 'spring.mvc-org.springframework.boot.autoconfigure.web.servlet.WebMvcProperties'
2024-07-21T15:50:03.560+02:00 TRACE 248560 --- [crud-springboot] [           main] o.s.b.f.s.DefaultListableBeanFactory     : Returning cached instance of singleton bean 'org.springframework.boot.autoconfigure.web.servlet.DispatcherServletAutoConfiguration$DispatcherServletRegistrationConfiguration'
2024-07-21T15:50:03.560+02:00 TRACE 248560 --- [crud-springboot] [           main] o.s.b.f.s.DefaultListableBeanFactory     : Returning cached instance of singleton bean 'dispatcherServletRegistration'
2024-07-21T15:50:03.560+02:00 TRACE 248560 --- [crud-springboot] [           main] o.s.b.f.s.DefaultListableBeanFactory     : Returning cached instance of singleton bean 'org.springframework.boot.autoconfigure.web.servlet.DispatcherServletAutoConfiguration'
2024-07-21T15:50:03.561+02:00 TRACE 248560 --- [crud-springboot] [           main] o.s.b.f.s.DefaultListableBeanFactory     : Returning cached instance of singleton bean 'org.springframework.boot.autoconfigure.task.TaskExecutorConfigurations$ThreadPoolTaskExecutorBuilderConfiguration'
2024-07-21T15:50:03.561+02:00 TRACE 248560 --- [crud-springboot] [           main] o.s.b.f.s.DefaultListableBeanFactory     : Returning cached instance of singleton bean 'threadPoolTaskExecutorBuilder'
2024-07-21T15:50:03.561+02:00 TRACE 248560 --- [crud-springboot] [           main] o.s.b.f.s.DefaultListableBeanFactory     : Returning cached instance of singleton bean 'org.springframework.boot.autoconfigure.task.TaskExecutorConfigurations$TaskExecutorBuilderConfiguration'
2024-07-21T15:50:03.561+02:00 TRACE 248560 --- [crud-springboot] [           main] o.s.b.f.s.DefaultListableBeanFactory     : Returning cached instance of singleton bean 'taskExecutorBuilder'
2024-07-21T15:50:03.561+02:00 TRACE 248560 --- [crud-springboot] [           main] o.s.b.f.s.DefaultListableBeanFactory     : Returning cached instance of singleton bean 'org.springframework.boot.autoconfigure.task.TaskExecutorConfigurations$SimpleAsyncTaskExecutorBuilderConfiguration'
2024-07-21T15:50:03.561+02:00 TRACE 248560 --- [crud-springboot] [           main] o.s.b.f.s.DefaultListableBeanFactory     : Returning cached instance of singleton bean 'simpleAsyncTaskExecutorBuilder'
2024-07-21T15:50:03.561+02:00 TRACE 248560 --- [crud-springboot] [           main] o.s.b.f.s.DefaultListableBeanFactory     : Returning cached instance of singleton bean 'org.springframework.boot.autoconfigure.task.TaskExecutorConfigurations$TaskExecutorConfiguration'
2024-07-21T15:50:03.561+02:00 TRACE 248560 --- [crud-springboot] [           main] o.s.b.f.s.DefaultListableBeanFactory     : Returning cached instance of singleton bean 'applicationTaskExecutor'
2024-07-21T15:50:03.561+02:00 TRACE 248560 --- [crud-springboot] [           main] o.s.b.f.s.DefaultListableBeanFactory     : Returning cached instance of singleton bean 'org.springframework.boot.autoconfigure.task.TaskExecutionAutoConfiguration'
2024-07-21T15:50:03.561+02:00 TRACE 248560 --- [crud-springboot] [           main] o.s.b.f.s.DefaultListableBeanFactory     : Returning cached instance of singleton bean 'spring.task.execution-org.springframework.boot.autoconfigure.task.TaskExecutionProperties'
2024-07-21T15:50:03.561+02:00 TRACE 248560 --- [crud-springboot] [           main] o.s.b.f.s.DefaultListableBeanFactory     : Returning cached instance of singleton bean 'org.springframework.boot.autoconfigure.web.servlet.error.ErrorMvcAutoConfiguration$WhitelabelErrorViewConfiguration'
2024-07-21T15:50:03.561+02:00 TRACE 248560 --- [crud-springboot] [           main] o.s.b.f.s.DefaultListableBeanFactory     : Returning cached instance of singleton bean 'error'
2024-07-21T15:50:03.561+02:00 TRACE 248560 --- [crud-springboot] [           main] o.s.b.f.s.DefaultListableBeanFactory     : Returning cached instance of singleton bean 'beanNameViewResolver'
2024-07-21T15:50:03.561+02:00 TRACE 248560 --- [crud-springboot] [           main] o.s.b.f.s.DefaultListableBeanFactory     : Returning cached instance of singleton bean 'org.springframework.boot.autoconfigure.web.servlet.error.ErrorMvcAutoConfiguration$DefaultErrorViewResolverConfiguration'
2024-07-21T15:50:03.562+02:00 TRACE 248560 --- [crud-springboot] [           main] o.s.b.f.s.DefaultListableBeanFactory     : Returning cached instance of singleton bean 'conventionErrorViewResolver'
2024-07-21T15:50:03.562+02:00 TRACE 248560 --- [crud-springboot] [           main] o.s.b.f.s.DefaultListableBeanFactory     : Returning cached instance of singleton bean 'spring.web-org.springframework.boot.autoconfigure.web.WebProperties'
2024-07-21T15:50:03.562+02:00 TRACE 248560 --- [crud-springboot] [           main] o.s.b.f.s.DefaultListableBeanFactory     : Returning cached instance of singleton bean 'org.springframework.boot.autoconfigure.web.servlet.error.ErrorMvcAutoConfiguration'
2024-07-21T15:50:03.562+02:00 TRACE 248560 --- [crud-springboot] [           main] o.s.b.f.s.DefaultListableBeanFactory     : Returning cached instance of singleton bean 'errorAttributes'
2024-07-21T15:50:03.562+02:00 TRACE 248560 --- [crud-springboot] [           main] o.s.b.f.s.DefaultListableBeanFactory     : Returning cached instance of singleton bean 'basicErrorController'
2024-07-21T15:50:03.562+02:00 TRACE 248560 --- [crud-springboot] [           main] o.s.b.f.s.DefaultListableBeanFactory     : Returning cached instance of singleton bean 'errorPageCustomizer'
2024-07-21T15:50:03.562+02:00 TRACE 248560 --- [crud-springboot] [           main] o.s.b.f.s.DefaultListableBeanFactory     : Returning cached instance of singleton bean 'preserveErrorControllerTargetClassPostProcessor'
2024-07-21T15:50:03.562+02:00 TRACE 248560 --- [crud-springboot] [           main] o.s.b.f.s.DefaultListableBeanFactory     : Returning cached instance of singleton bean 'org.springframework.boot.autoconfigure.web.servlet.WebMvcAutoConfiguration$EnableWebMvcConfiguration'
2024-07-21T15:50:03.562+02:00 TRACE 248560 --- [crud-springboot] [           main] o.s.b.f.s.DefaultListableBeanFactory     : Returning cached instance of singleton bean 'welcomePageHandlerMapping'
2024-07-21T15:50:03.562+02:00 TRACE 248560 --- [crud-springboot] [           main] o.s.b.f.s.DefaultListableBeanFactory     : Returning cached instance of singleton bean 'welcomePageNotAcceptableHandlerMapping'
2024-07-21T15:50:03.562+02:00 TRACE 248560 --- [crud-springboot] [           main] o.s.b.f.s.DefaultListableBeanFactory     : Returning cached instance of singleton bean 'localeResolver'
2024-07-21T15:50:03.562+02:00 TRACE 248560 --- [crud-springboot] [           main] o.s.b.f.s.DefaultListableBeanFactory     : Returning cached instance of singleton bean 'themeResolver'
2024-07-21T15:50:03.562+02:00 TRACE 248560 --- [crud-springboot] [           main] o.s.b.f.s.DefaultListableBeanFactory     : Returning cached instance of singleton bean 'flashMapManager'
2024-07-21T15:50:03.562+02:00 TRACE 248560 --- [crud-springboot] [           main] o.s.b.f.s.DefaultListableBeanFactory     : Returning cached instance of singleton bean 'mvcConversionService'
2024-07-21T15:50:03.562+02:00 TRACE 248560 --- [crud-springboot] [           main] o.s.b.f.s.DefaultListableBeanFactory     : Returning cached instance of singleton bean 'mvcValidator'
2024-07-21T15:50:03.562+02:00 TRACE 248560 --- [crud-springboot] [           main] o.s.b.f.s.DefaultListableBeanFactory     : Returning cached instance of singleton bean 'mvcContentNegotiationManager'
2024-07-21T15:50:03.562+02:00 TRACE 248560 --- [crud-springboot] [           main] o.s.b.f.s.DefaultListableBeanFactory     : Returning cached instance of singleton bean 'requestMappingHandlerMapping'
2024-07-21T15:50:03.562+02:00 TRACE 248560 --- [crud-springboot] [           main] o.s.b.f.s.DefaultListableBeanFactory     : Returning cached instance of singleton bean 'mvcPatternParser'
2024-07-21T15:50:03.562+02:00 TRACE 248560 --- [crud-springboot] [           main] o.s.b.f.s.DefaultListableBeanFactory     : Returning cached instance of singleton bean 'mvcUrlPathHelper'
2024-07-21T15:50:03.563+02:00 TRACE 248560 --- [crud-springboot] [           main] o.s.b.f.s.DefaultListableBeanFactory     : Returning cached instance of singleton bean 'mvcPathMatcher'
2024-07-21T15:50:03.563+02:00 TRACE 248560 --- [crud-springboot] [           main] o.s.b.f.s.DefaultListableBeanFactory     : Returning cached instance of singleton bean 'viewControllerHandlerMapping'
2024-07-21T15:50:03.563+02:00 TRACE 248560 --- [crud-springboot] [           main] o.s.b.f.s.DefaultListableBeanFactory     : Returning cached instance of singleton bean 'beanNameHandlerMapping'
2024-07-21T15:50:03.563+02:00 TRACE 248560 --- [crud-springboot] [           main] o.s.b.f.s.DefaultListableBeanFactory     : Returning cached instance of singleton bean 'routerFunctionMapping'
2024-07-21T15:50:03.563+02:00 TRACE 248560 --- [crud-springboot] [           main] o.s.b.f.s.DefaultListableBeanFactory     : Returning cached instance of singleton bean 'resourceHandlerMapping'
2024-07-21T15:50:03.563+02:00 TRACE 248560 --- [crud-springboot] [           main] o.s.b.f.s.DefaultListableBeanFactory     : Returning cached instance of singleton bean 'mvcResourceUrlProvider'
2024-07-21T15:50:03.563+02:00 TRACE 248560 --- [crud-springboot] [           main] o.s.b.f.s.DefaultListableBeanFactory     : Returning cached instance of singleton bean 'defaultServletHandlerMapping'
2024-07-21T15:50:03.563+02:00 TRACE 248560 --- [crud-springboot] [           main] o.s.b.f.s.DefaultListableBeanFactory     : Returning cached instance of singleton bean 'requestMappingHandlerAdapter'
2024-07-21T15:50:03.563+02:00 TRACE 248560 --- [crud-springboot] [           main] o.s.b.f.s.DefaultListableBeanFactory     : Returning cached instance of singleton bean 'handlerFunctionAdapter'
2024-07-21T15:50:03.563+02:00 TRACE 248560 --- [crud-springboot] [           main] o.s.b.f.s.DefaultListableBeanFactory     : Returning cached instance of singleton bean 'mvcUriComponentsContributor'
2024-07-21T15:50:03.563+02:00 TRACE 248560 --- [crud-springboot] [           main] o.s.b.f.s.DefaultListableBeanFactory     : Returning cached instance of singleton bean 'httpRequestHandlerAdapter'
2024-07-21T15:50:03.563+02:00 TRACE 248560 --- [crud-springboot] [           main] o.s.b.f.s.DefaultListableBeanFactory     : Returning cached instance of singleton bean 'simpleControllerHandlerAdapter'
2024-07-21T15:50:03.563+02:00 TRACE 248560 --- [crud-springboot] [           main] o.s.b.f.s.DefaultListableBeanFactory     : Returning cached instance of singleton bean 'handlerExceptionResolver'
2024-07-21T15:50:03.563+02:00 TRACE 248560 --- [crud-springboot] [           main] o.s.b.f.s.DefaultListableBeanFactory     : Returning cached instance of singleton bean 'mvcViewResolver'
2024-07-21T15:50:03.563+02:00 TRACE 248560 --- [crud-springboot] [           main] o.s.b.f.s.DefaultListableBeanFactory     : Returning cached instance of singleton bean 'mvcHandlerMappingIntrospector'
2024-07-21T15:50:03.563+02:00 TRACE 248560 --- [crud-springboot] [           main] o.s.b.f.s.DefaultListableBeanFactory     : Returning cached instance of singleton bean 'viewNameTranslator'
2024-07-21T15:50:03.564+02:00 TRACE 248560 --- [crud-springboot] [           main] o.s.b.f.s.DefaultListableBeanFactory     : Returning cached instance of singleton bean 'org.springframework.boot.autoconfigure.web.servlet.WebMvcAutoConfiguration$WebMvcAutoConfigurationAdapter'
2024-07-21T15:50:03.564+02:00 TRACE 248560 --- [crud-springboot] [           main] o.s.b.f.s.DefaultListableBeanFactory     : Returning cached instance of singleton bean 'defaultViewResolver'
2024-07-21T15:50:03.564+02:00 TRACE 248560 --- [crud-springboot] [           main] o.s.b.f.s.DefaultListableBeanFactory     : Returning cached instance of singleton bean 'viewResolver'
2024-07-21T15:50:03.564+02:00 TRACE 248560 --- [crud-springboot] [           main] o.s.b.f.s.DefaultListableBeanFactory     : Returning cached instance of singleton bean 'requestContextFilter'
2024-07-21T15:50:03.564+02:00 TRACE 248560 --- [crud-springboot] [           main] o.s.b.f.s.DefaultListableBeanFactory     : Returning cached instance of singleton bean 'org.springframework.boot.autoconfigure.web.servlet.WebMvcAutoConfiguration'
2024-07-21T15:50:03.564+02:00 TRACE 248560 --- [crud-springboot] [           main] o.s.b.f.s.DefaultListableBeanFactory     : Returning cached instance of singleton bean 'formContentFilter'
2024-07-21T15:50:03.564+02:00 TRACE 248560 --- [crud-springboot] [           main] o.s.b.f.s.DefaultListableBeanFactory     : Returning cached instance of singleton bean 'org.springframework.boot.autoconfigure.aop.AopAutoConfiguration$AspectJAutoProxyingConfiguration$CglibAutoProxyConfiguration'
2024-07-21T15:50:03.564+02:00 TRACE 248560 --- [crud-springboot] [           main] o.s.b.f.s.DefaultListableBeanFactory     : Returning cached instance of singleton bean 'org.springframework.aop.config.internalAutoProxyCreator'
2024-07-21T15:50:03.564+02:00 TRACE 248560 --- [crud-springboot] [           main] o.s.b.f.s.DefaultListableBeanFactory     : Returning cached instance of singleton bean 'org.springframework.boot.autoconfigure.aop.AopAutoConfiguration$AspectJAutoProxyingConfiguration'
2024-07-21T15:50:03.564+02:00 TRACE 248560 --- [crud-springboot] [           main] o.s.b.f.s.DefaultListableBeanFactory     : Returning cached instance of singleton bean 'org.springframework.boot.autoconfigure.aop.AopAutoConfiguration'
2024-07-21T15:50:03.565+02:00 TRACE 248560 --- [crud-springboot] [           main] o.s.b.f.s.DefaultListableBeanFactory     : Returning cached instance of singleton bean 'org.springframework.boot.autoconfigure.availability.ApplicationAvailabilityAutoConfiguration'
2024-07-21T15:50:03.565+02:00 TRACE 248560 --- [crud-springboot] [           main] o.s.b.f.s.DefaultListableBeanFactory     : Returning cached instance of singleton bean 'applicationAvailability'
2024-07-21T15:50:03.565+02:00 TRACE 248560 --- [crud-springboot] [           main] o.s.b.f.s.DefaultListableBeanFactory     : Returning cached instance of singleton bean 'org.springframework.boot.autoconfigure.transaction.jta.JtaAutoConfiguration'
2024-07-21T15:50:03.565+02:00 TRACE 248560 --- [crud-springboot] [           main] o.s.b.f.s.DefaultListableBeanFactory     : Returning cached instance of singleton bean 'org.springframework.boot.autoconfigure.jdbc.DataSourceConfiguration$Hikari'
2024-07-21T15:50:03.565+02:00 TRACE 248560 --- [crud-springboot] [           main] o.s.b.f.s.DefaultListableBeanFactory     : Returning cached instance of singleton bean 'jdbcConnectionDetailsHikariBeanPostProcessor'
2024-07-21T15:50:03.565+02:00 TRACE 248560 --- [crud-springboot] [           main] o.s.b.f.s.DefaultListableBeanFactory     : Returning cached instance of singleton bean 'dataSource'
2024-07-21T15:50:03.565+02:00 TRACE 248560 --- [crud-springboot] [           main] o.s.b.f.s.DefaultListableBeanFactory     : Returning cached instance of singleton bean 'org.springframework.boot.autoconfigure.jdbc.DataSourceAutoConfiguration$PooledDataSourceConfiguration'
2024-07-21T15:50:03.565+02:00 TRACE 248560 --- [crud-springboot] [           main] o.s.b.f.s.DefaultListableBeanFactory     : Returning cached instance of singleton bean 'jdbcConnectionDetails'
2024-07-21T15:50:03.565+02:00 TRACE 248560 --- [crud-springboot] [           main] o.s.b.f.s.DefaultListableBeanFactory     : Returning cached instance of singleton bean 'org.springframework.boot.autoconfigure.jdbc.metadata.DataSourcePoolMetadataProvidersConfiguration$HikariPoolDataSourceMetadataProviderConfiguration'
2024-07-21T15:50:03.565+02:00 TRACE 248560 --- [crud-springboot] [           main] o.s.b.f.s.DefaultListableBeanFactory     : Returning cached instance of singleton bean 'hikariPoolDataSourceMetadataProvider'
2024-07-21T15:50:03.565+02:00 TRACE 248560 --- [crud-springboot] [           main] o.s.b.f.s.DefaultListableBeanFactory     : Returning cached instance of singleton bean 'org.springframework.boot.autoconfigure.jdbc.metadata.DataSourcePoolMetadataProvidersConfiguration'
2024-07-21T15:50:03.566+02:00 TRACE 248560 --- [crud-springboot] [           main] o.s.b.f.s.DefaultListableBeanFactory     : Returning cached instance of singleton bean 'org.springframework.boot.autoconfigure.jdbc.DataSourceAutoConfiguration'
2024-07-21T15:50:03.566+02:00 TRACE 248560 --- [crud-springboot] [           main] o.s.b.f.s.DefaultListableBeanFactory     : Returning cached instance of singleton bean 'spring.datasource-org.springframework.boot.autoconfigure.jdbc.DataSourceProperties'
2024-07-21T15:50:03.566+02:00 TRACE 248560 --- [crud-springboot] [           main] o.s.b.f.s.DefaultListableBeanFactory     : Returning cached instance of singleton bean 'org.springframework.boot.autoconfigure.transaction.TransactionManagerCustomizationAutoConfiguration'
2024-07-21T15:50:03.566+02:00 TRACE 248560 --- [crud-springboot] [           main] o.s.b.f.s.DefaultListableBeanFactory     : Returning cached instance of singleton bean 'platformTransactionManagerCustomizers'
2024-07-21T15:50:03.566+02:00 TRACE 248560 --- [crud-springboot] [           main] o.s.b.f.s.DefaultListableBeanFactory     : Returning cached instance of singleton bean 'transactionExecutionListeners'
2024-07-21T15:50:03.566+02:00 TRACE 248560 --- [crud-springboot] [           main] o.s.b.f.s.DefaultListableBeanFactory     : Returning cached instance of singleton bean 'spring.transaction-org.springframework.boot.autoconfigure.transaction.TransactionProperties'
2024-07-21T15:50:03.566+02:00 TRACE 248560 --- [crud-springboot] [           main] o.s.b.f.s.DefaultListableBeanFactory     : Returning cached instance of singleton bean 'org.springframework.boot.autoconfigure.orm.jpa.JpaBaseConfiguration$JpaWebConfiguration'
2024-07-21T15:50:03.566+02:00 TRACE 248560 --- [crud-springboot] [           main] o.s.b.f.s.DefaultListableBeanFactory     : Returning cached instance of singleton bean 'openEntityManagerInViewInterceptor'
2024-07-21T15:50:03.566+02:00 TRACE 248560 --- [crud-springboot] [           main] o.s.b.f.s.DefaultListableBeanFactory     : Returning cached instance of singleton bean 'openEntityManagerInViewInterceptorConfigurer'
2024-07-21T15:50:03.566+02:00 TRACE 248560 --- [crud-springboot] [           main] o.s.b.f.s.DefaultListableBeanFactory     : Returning cached instance of singleton bean 'org.springframework.boot.autoconfigure.orm.jpa.JpaBaseConfiguration$PersistenceManagedTypesConfiguration'
2024-07-21T15:50:03.566+02:00 TRACE 248560 --- [crud-springboot] [           main] o.s.b.f.s.DefaultListableBeanFactory     : Returning cached instance of singleton bean 'persistenceManagedTypes'
2024-07-21T15:50:03.566+02:00 TRACE 248560 --- [crud-springboot] [           main] o.s.b.f.s.DefaultListableBeanFactory     : Returning cached instance of singleton bean 'org.springframework.boot.autoconfigure.orm.jpa.HibernateJpaConfiguration'
2024-07-21T15:50:03.566+02:00 TRACE 248560 --- [crud-springboot] [           main] o.s.b.f.s.DefaultListableBeanFactory     : Returning cached instance of singleton bean 'transactionManager'
2024-07-21T15:50:03.566+02:00 TRACE 248560 --- [crud-springboot] [           main] o.s.b.f.s.DefaultListableBeanFactory     : Returning cached instance of singleton bean 'jpaVendorAdapter'
2024-07-21T15:50:03.566+02:00 TRACE 248560 --- [crud-springboot] [           main] o.s.b.f.s.DefaultListableBeanFactory     : Returning cached instance of singleton bean 'entityManagerFactoryBuilder'
2024-07-21T15:50:03.566+02:00 TRACE 248560 --- [crud-springboot] [           main] o.s.b.f.s.DefaultListableBeanFactory     : Returning cached instance of singleton bean 'entityManagerFactory'
2024-07-21T15:50:03.566+02:00 TRACE 248560 --- [crud-springboot] [           main] o.s.b.f.s.DefaultListableBeanFactory     : Returning cached instance of singleton bean 'entityManagerFactory'
2024-07-21T15:50:03.566+02:00 TRACE 248560 --- [crud-springboot] [           main] o.s.b.f.s.DefaultListableBeanFactory     : Returning cached instance of singleton bean 'spring.jpa.hibernate-org.springframework.boot.autoconfigure.orm.jpa.HibernateProperties'
2024-07-21T15:50:03.566+02:00 TRACE 248560 --- [crud-springboot] [           main] o.s.b.f.s.DefaultListableBeanFactory     : Returning cached instance of singleton bean 'spring.jpa-org.springframework.boot.autoconfigure.orm.jpa.JpaProperties'
2024-07-21T15:50:03.566+02:00 TRACE 248560 --- [crud-springboot] [           main] o.s.b.f.s.DefaultListableBeanFactory     : Returning cached instance of singleton bean 'org.springframework.boot.autoconfigure.orm.jpa.HibernateJpaAutoConfiguration'
2024-07-21T15:50:03.566+02:00 TRACE 248560 --- [crud-springboot] [           main] o.s.b.f.s.DefaultListableBeanFactory     : Returning cached instance of singleton bean 'org.springframework.boot.autoconfigure.jackson.JacksonAutoConfiguration$Jackson2ObjectMapperBuilderCustomizerConfiguration'
2024-07-21T15:50:03.566+02:00 TRACE 248560 --- [crud-springboot] [           main] o.s.b.f.s.DefaultListableBeanFactory     : Returning cached instance of singleton bean 'standardJacksonObjectMapperBuilderCustomizer'
2024-07-21T15:50:03.566+02:00 TRACE 248560 --- [crud-springboot] [           main] o.s.b.f.s.DefaultListableBeanFactory     : Returning cached instance of singleton bean 'spring.jackson-org.springframework.boot.autoconfigure.jackson.JacksonProperties'
2024-07-21T15:50:03.566+02:00 TRACE 248560 --- [crud-springboot] [           main] o.s.b.f.s.DefaultListableBeanFactory     : Returning cached instance of singleton bean 'org.springframework.boot.autoconfigure.jackson.JacksonAutoConfiguration$JacksonObjectMapperBuilderConfiguration'
2024-07-21T15:50:03.566+02:00 TRACE 248560 --- [crud-springboot] [           main] o.s.b.f.s.DefaultListableBeanFactory     : Returning cached instance of singleton bean 'org.springframework.boot.autoconfigure.jackson.JacksonAutoConfiguration$ParameterNamesModuleConfiguration'
2024-07-21T15:50:03.566+02:00 TRACE 248560 --- [crud-springboot] [           main] o.s.b.f.s.DefaultListableBeanFactory     : Returning cached instance of singleton bean 'parameterNamesModule'
2024-07-21T15:50:03.566+02:00 TRACE 248560 --- [crud-springboot] [           main] o.s.b.f.s.DefaultListableBeanFactory     : Returning cached instance of singleton bean 'org.springframework.boot.autoconfigure.jackson.JacksonAutoConfiguration$JacksonObjectMapperConfiguration'
2024-07-21T15:50:03.566+02:00 TRACE 248560 --- [crud-springboot] [           main] o.s.b.f.s.DefaultListableBeanFactory     : Returning cached instance of singleton bean 'jacksonObjectMapper'
2024-07-21T15:50:03.566+02:00 TRACE 248560 --- [crud-springboot] [           main] o.s.b.f.s.DefaultListableBeanFactory     : Returning cached instance of singleton bean 'org.springframework.boot.autoconfigure.jackson.JacksonAutoConfiguration$JacksonMixinConfiguration'
2024-07-21T15:50:03.566+02:00 TRACE 248560 --- [crud-springboot] [           main] o.s.b.f.s.DefaultListableBeanFactory     : Returning cached instance of singleton bean 'jsonMixinModuleEntries'
2024-07-21T15:50:03.566+02:00 TRACE 248560 --- [crud-springboot] [           main] o.s.b.f.s.DefaultListableBeanFactory     : Returning cached instance of singleton bean 'jsonMixinModule'
2024-07-21T15:50:03.567+02:00 TRACE 248560 --- [crud-springboot] [           main] o.s.b.f.s.DefaultListableBeanFactory     : Returning cached instance of singleton bean 'org.springframework.boot.autoconfigure.jackson.JacksonAutoConfiguration'
2024-07-21T15:50:03.567+02:00 TRACE 248560 --- [crud-springboot] [           main] o.s.b.f.s.DefaultListableBeanFactory     : Returning cached instance of singleton bean 'jsonComponentModule'
2024-07-21T15:50:03.567+02:00 TRACE 248560 --- [crud-springboot] [           main] o.s.b.f.s.DefaultListableBeanFactory     : Returning cached instance of singleton bean 'org.springframework.boot.autoconfigure.context.ConfigurationPropertiesAutoConfiguration'
2024-07-21T15:50:03.567+02:00 TRACE 248560 --- [crud-springboot] [           main] o.s.b.f.s.DefaultListableBeanFactory     : Returning cached instance of singleton bean 'org.springframework.boot.autoconfigure.context.LifecycleAutoConfiguration'
2024-07-21T15:50:03.567+02:00 TRACE 248560 --- [crud-springboot] [           main] o.s.b.f.s.DefaultListableBeanFactory     : Returning cached instance of singleton bean 'lifecycleProcessor'
2024-07-21T15:50:03.567+02:00 TRACE 248560 --- [crud-springboot] [           main] o.s.b.f.s.DefaultListableBeanFactory     : Returning cached instance of singleton bean 'spring.lifecycle-org.springframework.boot.autoconfigure.context.LifecycleProperties'
2024-07-21T15:50:03.567+02:00 TRACE 248560 --- [crud-springboot] [           main] o.s.b.f.s.DefaultListableBeanFactory     : Returning cached instance of singleton bean 'org.springframework.boot.autoconfigure.dao.PersistenceExceptionTranslationAutoConfiguration'
2024-07-21T15:50:03.567+02:00 TRACE 248560 --- [crud-springboot] [           main] o.s.b.f.s.DefaultListableBeanFactory     : Returning cached instance of singleton bean 'persistenceExceptionTranslationPostProcessor'
2024-07-21T15:50:03.567+02:00 TRACE 248560 --- [crud-springboot] [           main] o.s.b.f.s.DefaultListableBeanFactory     : Returning cached instance of singleton bean 'org.springframework.boot.autoconfigure.data.jpa.JpaRepositoriesAutoConfiguration'
2024-07-21T15:50:03.567+02:00 TRACE 248560 --- [crud-springboot] [           main] o.s.b.f.s.DefaultListableBeanFactory     : Returning cached instance of singleton bean 'jpaSharedEM_entityManagerFactory'
2024-07-21T15:50:03.567+02:00 TRACE 248560 --- [crud-springboot] [           main] o.s.b.f.s.DefaultListableBeanFactory     : Returning cached instance of singleton bean 'emBeanDefinitionRegistrarPostProcessor'
2024-07-21T15:50:03.567+02:00 TRACE 248560 --- [crud-springboot] [           main] o.s.b.f.s.DefaultListableBeanFactory     : Returning cached instance of singleton bean 'jpaMappingContext'
2024-07-21T15:50:03.567+02:00 TRACE 248560 --- [crud-springboot] [           main] o.s.b.f.s.DefaultListableBeanFactory     : Returning cached instance of singleton bean 'jpaMappingContext'
2024-07-21T15:50:03.567+02:00 TRACE 248560 --- [crud-springboot] [           main] o.s.b.f.s.DefaultListableBeanFactory     : Returning cached instance of singleton bean 'org.springframework.data.jpa.util.JpaMetamodelCacheCleanup'
2024-07-21T15:50:03.567+02:00 TRACE 248560 --- [crud-springboot] [           main] o.s.b.f.s.DefaultListableBeanFactory     : Returning cached instance of singleton bean 'org.springframework.data.jpa.repository.support.JpaEvaluationContextExtension'
2024-07-21T15:50:03.567+02:00 TRACE 248560 --- [crud-springboot] [           main] o.s.b.f.s.DefaultListableBeanFactory     : Returning cached instance of singleton bean 'jpa.named-queries#0'
2024-07-21T15:50:03.567+02:00 TRACE 248560 --- [crud-springboot] [           main] o.s.b.f.s.DefaultListableBeanFactory     : Returning cached instance of singleton bean 'jpa.named-queries#0'
2024-07-21T15:50:03.567+02:00 TRACE 248560 --- [crud-springboot] [           main] o.s.b.f.s.DefaultListableBeanFactory     : Returning cached instance of singleton bean 'jpa.PersonRepository.fragments#0'
2024-07-21T15:50:03.567+02:00 TRACE 248560 --- [crud-springboot] [           main] o.s.b.f.s.DefaultListableBeanFactory     : Returning cached instance of singleton bean 'jpa.PersonRepository.fragments#0'
2024-07-21T15:50:03.567+02:00 TRACE 248560 --- [crud-springboot] [           main] o.s.b.f.s.DefaultListableBeanFactory     : Returning cached instance of singleton bean 'personRepository'
2024-07-21T15:50:03.567+02:00 TRACE 248560 --- [crud-springboot] [           main] o.s.b.f.s.DefaultListableBeanFactory     : Returning cached instance of singleton bean 'personRepository'
2024-07-21T15:50:03.567+02:00 TRACE 248560 --- [crud-springboot] [           main] o.s.b.f.s.DefaultListableBeanFactory     : Returning cached instance of singleton bean 'jpa.named-queries#1'
2024-07-21T15:50:03.568+02:00 TRACE 248560 --- [crud-springboot] [           main] o.s.b.f.s.DefaultListableBeanFactory     : Returning cached instance of singleton bean 'jpa.named-queries#1'
2024-07-21T15:50:03.568+02:00 TRACE 248560 --- [crud-springboot] [           main] o.s.b.f.s.DefaultListableBeanFactory     : Returning cached instance of singleton bean 'jpa.DishRepository.fragments#0'
2024-07-21T15:50:03.568+02:00 TRACE 248560 --- [crud-springboot] [           main] o.s.b.f.s.DefaultListableBeanFactory     : Returning cached instance of singleton bean 'jpa.DishRepository.fragments#0'
2024-07-21T15:50:03.568+02:00 TRACE 248560 --- [crud-springboot] [           main] o.s.b.f.s.DefaultListableBeanFactory     : Returning cached instance of singleton bean 'dishRepository'
2024-07-21T15:50:03.568+02:00 TRACE 248560 --- [crud-springboot] [           main] o.s.b.f.s.DefaultListableBeanFactory     : Returning cached instance of singleton bean 'dishRepository'
2024-07-21T15:50:03.568+02:00 TRACE 248560 --- [crud-springboot] [           main] o.s.b.f.s.DefaultListableBeanFactory     : Returning cached instance of singleton bean 'org.springframework.transaction.config.internalTransactionAdvisor'
2024-07-21T15:50:03.568+02:00 TRACE 248560 --- [crud-springboot] [           main] o.s.b.f.s.DefaultListableBeanFactory     : Returning cached instance of singleton bean 'org.springframework.transaction.config.internalTransactionAdvisor'
2024-07-21T15:50:03.568+02:00 TRACE 248560 --- [crud-springboot] [           main] o.s.b.f.s.DefaultListableBeanFactory     : Returning cached instance of singleton bean 'jpa.named-queries#2'
2024-07-21T15:50:03.568+02:00 TRACE 248560 --- [crud-springboot] [           main] o.s.b.f.s.DefaultListableBeanFactory     : Returning cached instance of singleton bean 'jpa.named-queries#2'
2024-07-21T15:50:03.568+02:00 TRACE 248560 --- [crud-springboot] [           main] o.s.b.f.s.DefaultListableBeanFactory     : Returning cached instance of singleton bean 'jpa.AllergenRepository.fragments#0'
2024-07-21T15:50:03.568+02:00 TRACE 248560 --- [crud-springboot] [           main] o.s.b.f.s.DefaultListableBeanFactory     : Returning cached instance of singleton bean 'jpa.AllergenRepository.fragments#0'
2024-07-21T15:50:03.568+02:00 TRACE 248560 --- [crud-springboot] [           main] o.s.b.f.s.DefaultListableBeanFactory     : Returning cached instance of singleton bean 'allergenRepository'
2024-07-21T15:50:03.568+02:00 TRACE 248560 --- [crud-springboot] [           main] o.s.b.f.s.DefaultListableBeanFactory     : Returning cached instance of singleton bean 'allergenRepository'
2024-07-21T15:50:03.568+02:00 TRACE 248560 --- [crud-springboot] [           main] o.s.b.f.s.DefaultListableBeanFactory     : Returning cached instance of singleton bean 'org.springframework.transaction.config.internalTransactionAdvisor'
2024-07-21T15:50:03.568+02:00 TRACE 248560 --- [crud-springboot] [           main] o.s.b.f.s.DefaultListableBeanFactory     : Returning cached instance of singleton bean 'org.springframework.transaction.config.internalTransactionAdvisor'
2024-07-21T15:50:03.568+02:00 TRACE 248560 --- [crud-springboot] [           main] o.s.b.f.s.DefaultListableBeanFactory     : Returning cached instance of singleton bean 'jpa.named-queries#3'
2024-07-21T15:50:03.568+02:00 TRACE 248560 --- [crud-springboot] [           main] o.s.b.f.s.DefaultListableBeanFactory     : Returning cached instance of singleton bean 'jpa.named-queries#3'
2024-07-21T15:50:03.568+02:00 TRACE 248560 --- [crud-springboot] [           main] o.s.b.f.s.DefaultListableBeanFactory     : Returning cached instance of singleton bean 'jpa.MenuRepository.fragments#0'
2024-07-21T15:50:03.568+02:00 TRACE 248560 --- [crud-springboot] [           main] o.s.b.f.s.DefaultListableBeanFactory     : Returning cached instance of singleton bean 'jpa.MenuRepository.fragments#0'
2024-07-21T15:50:03.569+02:00 TRACE 248560 --- [crud-springboot] [           main] o.s.b.f.s.DefaultListableBeanFactory     : Returning cached instance of singleton bean 'menuRepository'
2024-07-21T15:50:03.569+02:00 TRACE 248560 --- [crud-springboot] [           main] o.s.b.f.s.DefaultListableBeanFactory     : Returning cached instance of singleton bean 'menuRepository'
2024-07-21T15:50:03.569+02:00 TRACE 248560 --- [crud-springboot] [           main] o.s.b.f.s.DefaultListableBeanFactory     : Returning cached instance of singleton bean 'org.springframework.transaction.config.internalTransactionAdvisor'
2024-07-21T15:50:03.569+02:00 TRACE 248560 --- [crud-springboot] [           main] o.s.b.f.s.DefaultListableBeanFactory     : Returning cached instance of singleton bean 'org.springframework.transaction.config.internalTransactionAdvisor'
2024-07-21T15:50:03.569+02:00 TRACE 248560 --- [crud-springboot] [           main] o.s.b.f.s.DefaultListableBeanFactory     : Returning cached instance of singleton bean 'jpa.named-queries#4'
2024-07-21T15:50:03.569+02:00 TRACE 248560 --- [crud-springboot] [           main] o.s.b.f.s.DefaultListableBeanFactory     : Returning cached instance of singleton bean 'jpa.named-queries#4'
2024-07-21T15:50:03.569+02:00 TRACE 248560 --- [crud-springboot] [           main] o.s.b.f.s.DefaultListableBeanFactory     : Returning cached instance of singleton bean 'jpa.IngredientRepository.fragments#0'
2024-07-21T15:50:03.569+02:00 TRACE 248560 --- [crud-springboot] [           main] o.s.b.f.s.DefaultListableBeanFactory     : Returning cached instance of singleton bean 'jpa.IngredientRepository.fragments#0'
2024-07-21T15:50:03.569+02:00 TRACE 248560 --- [crud-springboot] [           main] o.s.b.f.s.DefaultListableBeanFactory     : Returning cached instance of singleton bean 'ingredientRepository'
2024-07-21T15:50:03.569+02:00 TRACE 248560 --- [crud-springboot] [           main] o.s.b.f.s.DefaultListableBeanFactory     : Returning cached instance of singleton bean 'ingredientRepository'
2024-07-21T15:50:03.569+02:00 TRACE 248560 --- [crud-springboot] [           main] o.s.b.f.s.DefaultListableBeanFactory     : Returning cached instance of singleton bean 'org.springframework.transaction.config.internalTransactionAdvisor'
2024-07-21T15:50:03.569+02:00 TRACE 248560 --- [crud-springboot] [           main] o.s.b.f.s.DefaultListableBeanFactory     : Returning cached instance of singleton bean 'org.springframework.transaction.config.internalTransactionAdvisor'
2024-07-21T15:50:03.569+02:00 TRACE 248560 --- [crud-springboot] [           main] o.s.b.f.s.DefaultListableBeanFactory     : Returning cached instance of singleton bean 'jpa.named-queries#5'
2024-07-21T15:50:03.569+02:00 TRACE 248560 --- [crud-springboot] [           main] o.s.b.f.s.DefaultListableBeanFactory     : Returning cached instance of singleton bean 'jpa.named-queries#5'
2024-07-21T15:50:03.569+02:00 TRACE 248560 --- [crud-springboot] [           main] o.s.b.f.s.DefaultListableBeanFactory     : Returning cached instance of singleton bean 'jpa.UserRepository.fragments#0'
2024-07-21T15:50:03.569+02:00 TRACE 248560 --- [crud-springboot] [           main] o.s.b.f.s.DefaultListableBeanFactory     : Returning cached instance of singleton bean 'jpa.UserRepository.fragments#0'
2024-07-21T15:50:03.570+02:00 TRACE 248560 --- [crud-springboot] [           main] o.s.b.f.s.DefaultListableBeanFactory     : Returning cached instance of singleton bean 'userRepository'
2024-07-21T15:50:03.570+02:00 TRACE 248560 --- [crud-springboot] [           main] o.s.b.f.s.DefaultListableBeanFactory     : Returning cached instance of singleton bean 'userRepository'
2024-07-21T15:50:03.570+02:00 TRACE 248560 --- [crud-springboot] [           main] o.s.b.f.s.DefaultListableBeanFactory     : Returning cached instance of singleton bean 'jpa.named-queries#6'
2024-07-21T15:50:03.570+02:00 TRACE 248560 --- [crud-springboot] [           main] o.s.b.f.s.DefaultListableBeanFactory     : Returning cached instance of singleton bean 'jpa.named-queries#6'
2024-07-21T15:50:03.570+02:00 TRACE 248560 --- [crud-springboot] [           main] o.s.b.f.s.DefaultListableBeanFactory     : Returning cached instance of singleton bean 'jpa.CardRepository.fragments#0'
2024-07-21T15:50:03.570+02:00 TRACE 248560 --- [crud-springboot] [           main] o.s.b.f.s.DefaultListableBeanFactory     : Returning cached instance of singleton bean 'jpa.CardRepository.fragments#0'
2024-07-21T15:50:03.570+02:00 TRACE 248560 --- [crud-springboot] [           main] o.s.b.f.s.DefaultListableBeanFactory     : Returning cached instance of singleton bean 'cardRepository'
2024-07-21T15:50:03.570+02:00 TRACE 248560 --- [crud-springboot] [           main] o.s.b.f.s.DefaultListableBeanFactory     : Returning cached instance of singleton bean 'cardRepository'
2024-07-21T15:50:03.570+02:00 TRACE 248560 --- [crud-springboot] [           main] o.s.b.f.s.DefaultListableBeanFactory     : Returning cached instance of singleton bean 'data-jpa.repository-aot-processor#0'
2024-07-21T15:50:03.570+02:00 TRACE 248560 --- [crud-springboot] [           main] o.s.b.f.s.DefaultListableBeanFactory     : Returning cached instance of singleton bean 'org.springframework.boot.autoconfigure.http.HttpMessageConvertersAutoConfiguration$StringHttpMessageConverterConfiguration'
2024-07-21T15:50:03.570+02:00 TRACE 248560 --- [crud-springboot] [           main] o.s.b.f.s.DefaultListableBeanFactory     : Returning cached instance of singleton bean 'stringHttpMessageConverter'
2024-07-21T15:50:03.570+02:00 TRACE 248560 --- [crud-springboot] [           main] o.s.b.f.s.DefaultListableBeanFactory     : Returning cached instance of singleton bean 'org.springframework.boot.autoconfigure.http.JacksonHttpMessageConvertersConfiguration$MappingJackson2HttpMessageConverterConfiguration'
2024-07-21T15:50:03.570+02:00 TRACE 248560 --- [crud-springboot] [           main] o.s.b.f.s.DefaultListableBeanFactory     : Returning cached instance of singleton bean 'mappingJackson2HttpMessageConverter'
2024-07-21T15:50:03.570+02:00 TRACE 248560 --- [crud-springboot] [           main] o.s.b.f.s.DefaultListableBeanFactory     : Returning cached instance of singleton bean 'org.springframework.boot.autoconfigure.http.JacksonHttpMessageConvertersConfiguration'
2024-07-21T15:50:03.570+02:00 TRACE 248560 --- [crud-springboot] [           main] o.s.b.f.s.DefaultListableBeanFactory     : Returning cached instance of singleton bean 'org.springframework.boot.autoconfigure.http.HttpMessageConvertersAutoConfiguration'
2024-07-21T15:50:03.570+02:00 TRACE 248560 --- [crud-springboot] [           main] o.s.b.f.s.DefaultListableBeanFactory     : Returning cached instance of singleton bean 'messageConverters'
2024-07-21T15:50:03.570+02:00 TRACE 248560 --- [crud-springboot] [           main] o.s.b.f.s.DefaultListableBeanFactory     : Returning cached instance of singleton bean 'org.springframework.data.web.config.ProjectingArgumentResolverRegistrar'
2024-07-21T15:50:03.570+02:00 TRACE 248560 --- [crud-springboot] [           main] o.s.b.f.s.DefaultListableBeanFactory     : Returning cached instance of singleton bean 'projectingArgumentResolverBeanPostProcessor'
2024-07-21T15:50:03.570+02:00 TRACE 248560 --- [crud-springboot] [           main] o.s.b.f.s.DefaultListableBeanFactory     : Returning cached instance of singleton bean 'org.springframework.data.web.config.SpringDataWebConfiguration'
2024-07-21T15:50:03.570+02:00 TRACE 248560 --- [crud-springboot] [           main] o.s.b.f.s.DefaultListableBeanFactory     : Returning cached instance of singleton bean 'pageableResolver'
2024-07-21T15:50:03.570+02:00 TRACE 248560 --- [crud-springboot] [           main] o.s.b.f.s.DefaultListableBeanFactory     : Returning cached instance of singleton bean 'sortResolver'
2024-07-21T15:50:03.570+02:00 TRACE 248560 --- [crud-springboot] [           main] o.s.b.f.s.DefaultListableBeanFactory     : Returning cached instance of singleton bean 'offsetResolver'
2024-07-21T15:50:03.570+02:00 TRACE 248560 --- [crud-springboot] [           main] o.s.b.f.s.DefaultListableBeanFactory     : Returning cached instance of singleton bean 'org.springframework.data.web.config.SpringDataJacksonConfiguration'
2024-07-21T15:50:03.570+02:00 TRACE 248560 --- [crud-springboot] [           main] o.s.b.f.s.DefaultListableBeanFactory     : Returning cached instance of singleton bean 'jacksonGeoModule'
2024-07-21T15:50:03.570+02:00 TRACE 248560 --- [crud-springboot] [           main] o.s.b.f.s.DefaultListableBeanFactory     : Returning cached instance of singleton bean 'pageModule'
2024-07-21T15:50:03.570+02:00 TRACE 248560 --- [crud-springboot] [           main] o.s.b.f.s.DefaultListableBeanFactory     : Returning cached instance of singleton bean 'org.springframework.boot.autoconfigure.data.web.SpringDataWebAutoConfiguration'
2024-07-21T15:50:03.570+02:00 TRACE 248560 --- [crud-springboot] [           main] o.s.b.f.s.DefaultListableBeanFactory     : Returning cached instance of singleton bean 'pageableCustomizer'
2024-07-21T15:50:03.570+02:00 TRACE 248560 --- [crud-springboot] [           main] o.s.b.f.s.DefaultListableBeanFactory     : Returning cached instance of singleton bean 'sortCustomizer'
2024-07-21T15:50:03.570+02:00 TRACE 248560 --- [crud-springboot] [           main] o.s.b.f.s.DefaultListableBeanFactory     : Returning cached instance of singleton bean 'spring.data.web-org.springframework.boot.autoconfigure.data.web.SpringDataWebProperties'
2024-07-21T15:50:03.570+02:00 TRACE 248560 --- [crud-springboot] [           main] o.s.b.f.s.DefaultListableBeanFactory     : Returning cached instance of singleton bean 'org.springframework.boot.autoconfigure.info.ProjectInfoAutoConfiguration'
2024-07-21T15:50:03.570+02:00 TRACE 248560 --- [crud-springboot] [           main] o.s.b.f.s.DefaultListableBeanFactory     : Returning cached instance of singleton bean 'spring.info-org.springframework.boot.autoconfigure.info.ProjectInfoProperties'
2024-07-21T15:50:03.570+02:00 TRACE 248560 --- [crud-springboot] [           main] o.s.b.f.s.DefaultListableBeanFactory     : Returning cached instance of singleton bean 'org.springframework.boot.autoconfigure.jdbc.JdbcTemplateConfiguration'
2024-07-21T15:50:03.570+02:00 TRACE 248560 --- [crud-springboot] [           main] o.s.b.f.s.DefaultListableBeanFactory     : Returning cached instance of singleton bean 'jdbcTemplate'
2024-07-21T15:50:03.570+02:00 TRACE 248560 --- [crud-springboot] [           main] o.s.b.f.s.DefaultListableBeanFactory     : Returning cached instance of singleton bean 'org.springframework.boot.autoconfigure.jdbc.NamedParameterJdbcTemplateConfiguration'
2024-07-21T15:50:03.570+02:00 TRACE 248560 --- [crud-springboot] [           main] o.s.b.f.s.DefaultListableBeanFactory     : Returning cached instance of singleton bean 'namedParameterJdbcTemplate'
2024-07-21T15:50:03.571+02:00 TRACE 248560 --- [crud-springboot] [           main] o.s.b.f.s.DefaultListableBeanFactory     : Returning cached instance of singleton bean 'org.springframework.boot.autoconfigure.jdbc.JdbcTemplateAutoConfiguration'
2024-07-21T15:50:03.571+02:00 TRACE 248560 --- [crud-springboot] [           main] o.s.b.f.s.DefaultListableBeanFactory     : Returning cached instance of singleton bean 'spring.jdbc-org.springframework.boot.autoconfigure.jdbc.JdbcProperties'
2024-07-21T15:50:03.571+02:00 TRACE 248560 --- [crud-springboot] [           main] o.s.b.f.s.DefaultListableBeanFactory     : Returning cached instance of singleton bean 'org.springframework.boot.sql.init.dependency.DatabaseInitializationDependencyConfigurer$DependsOnDatabaseInitializationPostProcessor'
2024-07-21T15:50:03.571+02:00 TRACE 248560 --- [crud-springboot] [           main] o.s.b.f.s.DefaultListableBeanFactory     : Returning cached instance of singleton bean 'org.springframework.boot.autoconfigure.jdbc.JdbcClientAutoConfiguration'
2024-07-21T15:50:03.571+02:00 TRACE 248560 --- [crud-springboot] [           main] o.s.b.f.s.DefaultListableBeanFactory     : Returning cached instance of singleton bean 'jdbcClient'
2024-07-21T15:50:03.571+02:00 TRACE 248560 --- [crud-springboot] [           main] o.s.b.f.s.DefaultListableBeanFactory     : Returning cached instance of singleton bean 'org.springframework.boot.autoconfigure.security.servlet.SpringBootWebSecurityConfiguration'
2024-07-21T15:50:03.571+02:00 TRACE 248560 --- [crud-springboot] [           main] o.s.b.f.s.DefaultListableBeanFactory     : Returning cached instance of singleton bean 'org.springframework.boot.autoconfigure.security.servlet.SecurityAutoConfiguration'
2024-07-21T15:50:03.571+02:00 TRACE 248560 --- [crud-springboot] [           main] o.s.b.f.s.DefaultListableBeanFactory     : Returning cached instance of singleton bean 'authenticationEventPublisher'
2024-07-21T15:50:03.571+02:00 TRACE 248560 --- [crud-springboot] [           main] o.s.b.f.s.DefaultListableBeanFactory     : Returning cached instance of singleton bean 'spring.security-org.springframework.boot.autoconfigure.security.SecurityProperties'
2024-07-21T15:50:03.571+02:00 TRACE 248560 --- [crud-springboot] [           main] o.s.b.f.s.DefaultListableBeanFactory     : Returning cached instance of singleton bean 'org.springframework.boot.autoconfigure.security.servlet.SecurityFilterAutoConfiguration'
2024-07-21T15:50:03.571+02:00 TRACE 248560 --- [crud-springboot] [           main] o.s.b.f.s.DefaultListableBeanFactory     : Returning cached instance of singleton bean 'securityFilterChainRegistration'
2024-07-21T15:50:03.571+02:00 TRACE 248560 --- [crud-springboot] [           main] o.s.b.f.s.DefaultListableBeanFactory     : Returning cached instance of singleton bean 'org.springframework.boot.autoconfigure.sql.init.DataSourceInitializationConfiguration'
2024-07-21T15:50:03.571+02:00 TRACE 248560 --- [crud-springboot] [           main] o.s.b.f.s.DefaultListableBeanFactory     : Returning cached instance of singleton bean 'dataSourceScriptDatabaseInitializer'
2024-07-21T15:50:03.571+02:00 TRACE 248560 --- [crud-springboot] [           main] o.s.b.f.s.DefaultListableBeanFactory     : Returning cached instance of singleton bean 'org.springframework.boot.autoconfigure.sql.init.SqlInitializationAutoConfiguration'
2024-07-21T15:50:03.571+02:00 TRACE 248560 --- [crud-springboot] [           main] o.s.b.f.s.DefaultListableBeanFactory     : Returning cached instance of singleton bean 'spring.sql.init-org.springframework.boot.autoconfigure.sql.init.SqlInitializationProperties'
2024-07-21T15:50:03.571+02:00 TRACE 248560 --- [crud-springboot] [           main] o.s.b.f.s.DefaultListableBeanFactory     : Returning cached instance of singleton bean 'org.springframework.boot.autoconfigure.task.TaskSchedulingConfigurations$ThreadPoolTaskSchedulerBuilderConfiguration'
2024-07-21T15:50:03.571+02:00 TRACE 248560 --- [crud-springboot] [           main] o.s.b.f.s.DefaultListableBeanFactory     : Returning cached instance of singleton bean 'threadPoolTaskSchedulerBuilder'
2024-07-21T15:50:03.571+02:00 TRACE 248560 --- [crud-springboot] [           main] o.s.b.f.s.DefaultListableBeanFactory     : Returning cached instance of singleton bean 'org.springframework.boot.autoconfigure.task.TaskSchedulingConfigurations$TaskSchedulerBuilderConfiguration'
2024-07-21T15:50:03.571+02:00 TRACE 248560 --- [crud-springboot] [           main] o.s.b.f.s.DefaultListableBeanFactory     : Returning cached instance of singleton bean 'taskSchedulerBuilder'
2024-07-21T15:50:03.571+02:00 TRACE 248560 --- [crud-springboot] [           main] o.s.b.f.s.DefaultListableBeanFactory     : Returning cached instance of singleton bean 'org.springframework.boot.autoconfigure.task.TaskSchedulingConfigurations$SimpleAsyncTaskSchedulerBuilderConfiguration'
2024-07-21T15:50:03.571+02:00 TRACE 248560 --- [crud-springboot] [           main] o.s.b.f.s.DefaultListableBeanFactory     : Returning cached instance of singleton bean 'simpleAsyncTaskSchedulerBuilder'
2024-07-21T15:50:03.571+02:00 TRACE 248560 --- [crud-springboot] [           main] o.s.b.f.s.DefaultListableBeanFactory     : Returning cached instance of singleton bean 'org.springframework.boot.autoconfigure.task.TaskSchedulingAutoConfiguration'
2024-07-21T15:50:03.571+02:00 TRACE 248560 --- [crud-springboot] [           main] o.s.b.f.s.DefaultListableBeanFactory     : Returning cached instance of singleton bean 'spring.task.scheduling-org.springframework.boot.autoconfigure.task.TaskSchedulingProperties'
2024-07-21T15:50:03.571+02:00 TRACE 248560 --- [crud-springboot] [           main] o.s.b.f.s.DefaultListableBeanFactory     : Returning cached instance of singleton bean 'org.springframework.boot.autoconfigure.thymeleaf.ThymeleafAutoConfiguration$ThymeleafWebMvcConfiguration$ThymeleafViewResolverConfiguration'
2024-07-21T15:50:03.571+02:00 TRACE 248560 --- [crud-springboot] [           main] o.s.b.f.s.DefaultListableBeanFactory     : Returning cached instance of singleton bean 'thymeleafViewResolver'
2024-07-21T15:50:03.571+02:00 TRACE 248560 --- [crud-springboot] [           main] o.s.b.f.s.DefaultListableBeanFactory     : Returning cached instance of singleton bean 'org.springframework.boot.autoconfigure.thymeleaf.ThymeleafAutoConfiguration$ThymeleafWebMvcConfiguration'
2024-07-21T15:50:03.571+02:00 TRACE 248560 --- [crud-springboot] [           main] o.s.b.f.s.DefaultListableBeanFactory     : Returning cached instance of singleton bean 'org.springframework.boot.autoconfigure.thymeleaf.ThymeleafAutoConfiguration$DefaultTemplateResolverConfiguration'
2024-07-21T15:50:03.572+02:00 TRACE 248560 --- [crud-springboot] [           main] o.s.b.f.s.DefaultListableBeanFactory     : Returning cached instance of singleton bean 'defaultTemplateResolver'
2024-07-21T15:50:03.572+02:00 TRACE 248560 --- [crud-springboot] [           main] o.s.b.f.s.DefaultListableBeanFactory     : Returning cached instance of singleton bean 'org.springframework.boot.autoconfigure.thymeleaf.TemplateEngineConfigurations$DefaultTemplateEngineConfiguration'
2024-07-21T15:50:03.572+02:00 TRACE 248560 --- [crud-springboot] [           main] o.s.b.f.s.DefaultListableBeanFactory     : Returning cached instance of singleton bean 'templateEngine'
2024-07-21T15:50:03.572+02:00 TRACE 248560 --- [crud-springboot] [           main] o.s.b.f.s.DefaultListableBeanFactory     : Returning cached instance of singleton bean 'org.springframework.boot.autoconfigure.thymeleaf.ThymeleafAutoConfiguration'
2024-07-21T15:50:03.572+02:00 TRACE 248560 --- [crud-springboot] [           main] o.s.b.f.s.DefaultListableBeanFactory     : Returning cached instance of singleton bean 'spring.thymeleaf-org.springframework.boot.autoconfigure.thymeleaf.ThymeleafProperties'
2024-07-21T15:50:03.572+02:00 TRACE 248560 --- [crud-springboot] [           main] o.s.b.f.s.DefaultListableBeanFactory     : Returning cached instance of singleton bean 'org.springframework.boot.autoconfigure.jdbc.DataSourceTransactionManagerAutoConfiguration$JdbcTransactionManagerConfiguration'
2024-07-21T15:50:03.572+02:00 TRACE 248560 --- [crud-springboot] [           main] o.s.b.f.s.DefaultListableBeanFactory     : Returning cached instance of singleton bean 'org.springframework.boot.autoconfigure.jdbc.DataSourceTransactionManagerAutoConfiguration'
2024-07-21T15:50:03.572+02:00 TRACE 248560 --- [crud-springboot] [           main] o.s.b.f.s.DefaultListableBeanFactory     : Returning cached instance of singleton bean 'org.springframework.transaction.annotation.ProxyTransactionManagementConfiguration'
2024-07-21T15:50:03.572+02:00 TRACE 248560 --- [crud-springboot] [           main] o.s.b.f.s.DefaultListableBeanFactory     : Returning cached instance of singleton bean 'org.springframework.transaction.config.internalTransactionAdvisor'
2024-07-21T15:50:03.572+02:00 TRACE 248560 --- [crud-springboot] [           main] o.s.b.f.s.DefaultListableBeanFactory     : Returning cached instance of singleton bean 'transactionAttributeSource'
2024-07-21T15:50:03.572+02:00 TRACE 248560 --- [crud-springboot] [           main] o.s.b.f.s.DefaultListableBeanFactory     : Returning cached instance of singleton bean 'transactionInterceptor'
2024-07-21T15:50:03.572+02:00 TRACE 248560 --- [crud-springboot] [           main] o.s.b.f.s.DefaultListableBeanFactory     : Returning cached instance of singleton bean 'org.springframework.transaction.config.internalTransactionalEventListenerFactory'
2024-07-21T15:50:03.572+02:00 TRACE 248560 --- [crud-springboot] [           main] o.s.b.f.s.DefaultListableBeanFactory     : Returning cached instance of singleton bean 'org.springframework.boot.autoconfigure.transaction.TransactionAutoConfiguration$EnableTransactionManagementConfiguration$CglibAutoProxyConfiguration'
2024-07-21T15:50:03.572+02:00 TRACE 248560 --- [crud-springboot] [           main] o.s.b.f.s.DefaultListableBeanFactory     : Returning cached instance of singleton bean 'org.springframework.boot.autoconfigure.transaction.TransactionAutoConfiguration$EnableTransactionManagementConfiguration'
2024-07-21T15:50:03.572+02:00 TRACE 248560 --- [crud-springboot] [           main] o.s.b.f.s.DefaultListableBeanFactory     : Returning cached instance of singleton bean 'org.springframework.boot.autoconfigure.transaction.TransactionAutoConfiguration$TransactionTemplateConfiguration'
2024-07-21T15:50:03.572+02:00 TRACE 248560 --- [crud-springboot] [           main] o.s.b.f.s.DefaultListableBeanFactory     : Returning cached instance of singleton bean 'transactionTemplate'
2024-07-21T15:50:03.572+02:00 TRACE 248560 --- [crud-springboot] [           main] o.s.b.f.s.DefaultListableBeanFactory     : Returning cached instance of singleton bean 'org.springframework.boot.autoconfigure.transaction.TransactionAutoConfiguration'
2024-07-21T15:50:03.572+02:00 TRACE 248560 --- [crud-springboot] [           main] o.s.b.f.s.DefaultListableBeanFactory     : Returning cached instance of singleton bean 'org.springframework.boot.autoconfigure.web.client.RestClientAutoConfiguration'
2024-07-21T15:50:03.572+02:00 TRACE 248560 --- [crud-springboot] [           main] o.s.b.f.s.DefaultListableBeanFactory     : Returning cached instance of singleton bean 'httpMessageConvertersRestClientCustomizer'
2024-07-21T15:50:03.572+02:00 TRACE 248560 --- [crud-springboot] [           main] o.s.b.f.s.DefaultListableBeanFactory     : Returning cached instance of singleton bean 'restClientSsl'
2024-07-21T15:50:03.572+02:00 TRACE 248560 --- [crud-springboot] [           main] o.s.b.f.s.DefaultListableBeanFactory     : Returning cached instance of singleton bean 'restClientBuilderConfigurer'
2024-07-21T15:50:03.572+02:00 TRACE 248560 --- [crud-springboot] [           main] o.s.b.f.s.DefaultListableBeanFactory     : Returning cached instance of singleton bean 'org.springframework.boot.autoconfigure.web.client.RestTemplateAutoConfiguration'
2024-07-21T15:50:03.572+02:00 TRACE 248560 --- [crud-springboot] [           main] o.s.b.f.s.DefaultListableBeanFactory     : Returning cached instance of singleton bean 'org.springframework.boot.autoconfigure.web.servlet.HttpEncodingAutoConfiguration'
2024-07-21T15:50:03.572+02:00 TRACE 248560 --- [crud-springboot] [           main] o.s.b.f.s.DefaultListableBeanFactory     : Returning cached instance of singleton bean 'characterEncodingFilter'
2024-07-21T15:50:03.572+02:00 TRACE 248560 --- [crud-springboot] [           main] o.s.b.f.s.DefaultListableBeanFactory     : Returning cached instance of singleton bean 'localeCharsetMappingsCustomizer'
2024-07-21T15:50:03.572+02:00 TRACE 248560 --- [crud-springboot] [           main] o.s.b.f.s.DefaultListableBeanFactory     : Returning cached instance of singleton bean 'org.springframework.boot.autoconfigure.web.servlet.MultipartAutoConfiguration'
2024-07-21T15:50:03.572+02:00 TRACE 248560 --- [crud-springboot] [           main] o.s.b.f.s.DefaultListableBeanFactory     : Returning cached instance of singleton bean 'multipartConfigElement'
2024-07-21T15:50:03.572+02:00 TRACE 248560 --- [crud-springboot] [           main] o.s.b.f.s.DefaultListableBeanFactory     : Returning cached instance of singleton bean 'multipartResolver'
2024-07-21T15:50:03.572+02:00 TRACE 248560 --- [crud-springboot] [           main] o.s.b.f.s.DefaultListableBeanFactory     : Returning cached instance of singleton bean 'spring.servlet.multipart-org.springframework.boot.autoconfigure.web.servlet.MultipartProperties'
2024-07-21T15:50:03.572+02:00 TRACE 248560 --- [crud-springboot] [           main] o.s.b.f.s.DefaultListableBeanFactory     : Returning cached instance of singleton bean 'mvcHandlerMappingIntrospectorRequestTransformer'
2024-07-21T15:50:03.572+02:00 TRACE 248560 --- [crud-springboot] [           main] o.s.b.f.s.DefaultListableBeanFactory     : Returning cached instance of singleton bean 'springSecurityFilterChain'
2024-07-21T15:50:03.573+02:00 TRACE 248560 --- [crud-springboot] [           main] o.s.b.f.s.DefaultListableBeanFactory     : Returning cached instance of singleton bean 'org.springframework.boot.test.mock.mockito.MockitoBeans'
2024-07-21T15:50:03.575+02:00 TRACE 248560 --- [crud-springboot] [           main] o.s.test.context.TestContextManager      : beforeTestExecution(): instance [com.cwa.crudspringboot.CrudSpringbootApplicationTests@6ae55678], method [void com.cwa.crudspringboot.CrudSpringbootApplicationTests.contextLoads()]
2024-07-21T15:50:03.576+02:00 TRACE 248560 --- [crud-springboot] [           main] c.DefaultCacheAwareContextLoaderDelegate : Retrieved ApplicationContext [896852376] from cache with key [WebMergedContextConfiguration@2d4aadc testClass = com.cwa.crudspringboot.CrudSpringbootApplicationTests, locations = [], classes = [com.cwa.crudspringboot.CrudSpringbootApplication], contextInitializerClasses = [], activeProfiles = [], propertySourceDescriptors = [], propertySourceProperties = ["org.springframework.boot.test.context.SpringBootTestContextBootstrapper=true"], contextCustomizers = [org.springframework.boot.test.context.filter.ExcludeFilterContextCustomizer@3a7442c7, org.springframework.boot.test.json.DuplicateJsonObjectContextCustomizerFactory$DuplicateJsonObjectContextCustomizer@cb0755b, org.springframework.boot.test.mock.mockito.MockitoContextCustomizer@0, org.springframework.boot.test.web.client.TestRestTemplateContextCustomizer@18271936, org.springframework.boot.test.autoconfigure.actuate.observability.ObservabilityContextCustomizerFactory$DisableObservabilityContextCustomizer@1f, org.springframework.boot.test.autoconfigure.properties.PropertyMappingContextCustomizer@0, org.springframework.boot.test.autoconfigure.web.servlet.WebDriverContextCustomizer@24569dba, org.springframework.boot.test.context.SpringBootTestAnnotation@d144f97a], resourceBasePath = "src/main/webapp", contextLoader = org.springframework.boot.test.context.SpringBootContextLoader, parent = null]
2024-07-21T15:50:03.576+02:00 DEBUG 248560 --- [crud-springboot] [           main] org.springframework.test.context.cache   : Spring test ApplicationContext cache statistics: [DefaultContextCache@773ad729 size = 1, maxSize = 32, parentContextCount = 0, hitCount = 5, missCount = 1, failureCount = 0]
2024-07-21T15:50:03.577+02:00 TRACE 248560 --- [crud-springboot] [           main] o.s.b.f.s.DefaultListableBeanFactory     : Returning cached instance of singleton bean 'delegatingApplicationListener'
2024-07-21T15:50:03.588+02:00 TRACE 248560 --- [crud-springboot] [           main] o.s.test.context.TestContextManager      : afterTestExecution(): instance [com.cwa.crudspringboot.CrudSpringbootApplicationTests@6ae55678], method [void com.cwa.crudspringboot.CrudSpringbootApplicationTests.contextLoads()], exception [null]
2024-07-21T15:50:03.589+02:00 TRACE 248560 --- [crud-springboot] [           main] c.DefaultCacheAwareContextLoaderDelegate : Retrieved ApplicationContext [896852376] from cache with key [WebMergedContextConfiguration@2d4aadc testClass = com.cwa.crudspringboot.CrudSpringbootApplicationTests, locations = [], classes = [com.cwa.crudspringboot.CrudSpringbootApplication], contextInitializerClasses = [], activeProfiles = [], propertySourceDescriptors = [], propertySourceProperties = ["org.springframework.boot.test.context.SpringBootTestContextBootstrapper=true"], contextCustomizers = [org.springframework.boot.test.context.filter.ExcludeFilterContextCustomizer@3a7442c7, org.springframework.boot.test.json.DuplicateJsonObjectContextCustomizerFactory$DuplicateJsonObjectContextCustomizer@cb0755b, org.springframework.boot.test.mock.mockito.MockitoContextCustomizer@0, org.springframework.boot.test.web.client.TestRestTemplateContextCustomizer@18271936, org.springframework.boot.test.autoconfigure.actuate.observability.ObservabilityContextCustomizerFactory$DisableObservabilityContextCustomizer@1f, org.springframework.boot.test.autoconfigure.properties.PropertyMappingContextCustomizer@0, org.springframework.boot.test.autoconfigure.web.servlet.WebDriverContextCustomizer@24569dba, org.springframework.boot.test.context.SpringBootTestAnnotation@d144f97a], resourceBasePath = "src/main/webapp", contextLoader = org.springframework.boot.test.context.SpringBootContextLoader, parent = null]
2024-07-21T15:50:03.589+02:00 DEBUG 248560 --- [crud-springboot] [           main] org.springframework.test.context.cache   : Spring test ApplicationContext cache statistics: [DefaultContextCache@773ad729 size = 1, maxSize = 32, parentContextCount = 0, hitCount = 6, missCount = 1, failureCount = 0]
2024-07-21T15:50:03.589+02:00 TRACE 248560 --- [crud-springboot] [           main] o.s.b.f.s.DefaultListableBeanFactory     : Returning cached instance of singleton bean 'delegatingApplicationListener'
2024-07-21T15:50:03.590+02:00 TRACE 248560 --- [crud-springboot] [           main] o.s.test.context.TestContextManager      : afterTestMethod(): instance [com.cwa.crudspringboot.CrudSpringbootApplicationTests@6ae55678], method [void com.cwa.crudspringboot.CrudSpringbootApplicationTests.contextLoads()], exception [null]
2024-07-21T15:50:03.590+02:00 TRACE 248560 --- [crud-springboot] [           main] c.DefaultCacheAwareContextLoaderDelegate : Retrieved ApplicationContext [896852376] from cache with key [WebMergedContextConfiguration@2d4aadc testClass = com.cwa.crudspringboot.CrudSpringbootApplicationTests, locations = [], classes = [com.cwa.crudspringboot.CrudSpringbootApplication], contextInitializerClasses = [], activeProfiles = [], propertySourceDescriptors = [], propertySourceProperties = ["org.springframework.boot.test.context.SpringBootTestContextBootstrapper=true"], contextCustomizers = [org.springframework.boot.test.context.filter.ExcludeFilterContextCustomizer@3a7442c7, org.springframework.boot.test.json.DuplicateJsonObjectContextCustomizerFactory$DuplicateJsonObjectContextCustomizer@cb0755b, org.springframework.boot.test.mock.mockito.MockitoContextCustomizer@0, org.springframework.boot.test.web.client.TestRestTemplateContextCustomizer@18271936, org.springframework.boot.test.autoconfigure.actuate.observability.ObservabilityContextCustomizerFactory$DisableObservabilityContextCustomizer@1f, org.springframework.boot.test.autoconfigure.properties.PropertyMappingContextCustomizer@0, org.springframework.boot.test.autoconfigure.web.servlet.WebDriverContextCustomizer@24569dba, org.springframework.boot.test.context.SpringBootTestAnnotation@d144f97a], resourceBasePath = "src/main/webapp", contextLoader = org.springframework.boot.test.context.SpringBootContextLoader, parent = null]
2024-07-21T15:50:03.590+02:00 DEBUG 248560 --- [crud-springboot] [           main] org.springframework.test.context.cache   : Spring test ApplicationContext cache statistics: [DefaultContextCache@773ad729 size = 1, maxSize = 32, parentContextCount = 0, hitCount = 7, missCount = 1, failureCount = 0]
2024-07-21T15:50:03.591+02:00 TRACE 248560 --- [crud-springboot] [           main] c.DefaultCacheAwareContextLoaderDelegate : Retrieved ApplicationContext [896852376] from cache with key [WebMergedContextConfiguration@2d4aadc testClass = com.cwa.crudspringboot.CrudSpringbootApplicationTests, locations = [], classes = [com.cwa.crudspringboot.CrudSpringbootApplication], contextInitializerClasses = [], activeProfiles = [], propertySourceDescriptors = [], propertySourceProperties = ["org.springframework.boot.test.context.SpringBootTestContextBootstrapper=true"], contextCustomizers = [org.springframework.boot.test.context.filter.ExcludeFilterContextCustomizer@3a7442c7, org.springframework.boot.test.json.DuplicateJsonObjectContextCustomizerFactory$DuplicateJsonObjectContextCustomizer@cb0755b, org.springframework.boot.test.mock.mockito.MockitoContextCustomizer@0, org.springframework.boot.test.web.client.TestRestTemplateContextCustomizer@18271936, org.springframework.boot.test.autoconfigure.actuate.observability.ObservabilityContextCustomizerFactory$DisableObservabilityContextCustomizer@1f, org.springframework.boot.test.autoconfigure.properties.PropertyMappingContextCustomizer@0, org.springframework.boot.test.autoconfigure.web.servlet.WebDriverContextCustomizer@24569dba, org.springframework.boot.test.context.SpringBootTestAnnotation@d144f97a], resourceBasePath = "src/main/webapp", contextLoader = org.springframework.boot.test.context.SpringBootContextLoader, parent = null]
2024-07-21T15:50:03.591+02:00 DEBUG 248560 --- [crud-springboot] [           main] org.springframework.test.context.cache   : Spring test ApplicationContext cache statistics: [DefaultContextCache@773ad729 size = 1, maxSize = 32, parentContextCount = 0, hitCount = 8, missCount = 1, failureCount = 0]
2024-07-21T15:50:03.592+02:00 TRACE 248560 --- [crud-springboot] [           main] o.s.b.f.s.DefaultListableBeanFactory     : No bean named 'org.springframework.boot.test.autoconfigure.web.servlet.SpringBootMockMvcBuilderCustomizer$DeferredLinesWriter' found in org.springframework.beans.factory.support.DefaultListableBeanFactory@5fa05212: defining beans [org.springframework.boot.test.mock.mockito.MockitoPostProcessor$SpyPostProcessor,org.springframework.boot.test.mock.mockito.MockitoPostProcessor,org.springframework.context.annotation.internalConfigurationAnnotationProcessor,org.springframework.context.annotation.internalAutowiredAnnotationProcessor,org.springframework.context.annotation.internalCommonAnnotationProcessor,org.springframework.context.annotation.internalPersistenceAnnotationProcessor,org.springframework.context.event.internalEventListenerProcessor,org.springframework.context.event.internalEventListenerFactory,crudSpringbootApplication,org.springframework.boot.autoconfigure.internalCachingMetadataReaderFactory,jwtUtils,securityConfig,apiResponse,authController,loginRequest,personController,registerRequest,webController,jwtFilter,cardService,customUserDetailsService,org.springframework.security.config.annotation.configuration.ObjectPostProcessorConfiguration,objectPostProcessor,org.springframework.security.config.annotation.authentication.configuration.AuthenticationConfiguration,authenticationManagerBuilder,enableGlobalAuthenticationAutowiredConfigurer,initializeUserDetailsBeanManagerConfigurer,initializeAuthenticationProviderBeanManagerConfigurer,org.springframework.security.config.annotation.web.configuration.WebSecurityConfiguration,delegatingApplicationListener,webSecurityExpressionHandler,privilegeEvaluator,conversionServicePostProcessor,org.springframework.security.config.annotation.web.configuration.WebMvcSecurityConfiguration,requestDataValueProcessor,springSecurityHandlerMappingIntrospectorBeanDefinitionRegistryPostProcessor,org.springframework.security.config.annotation.web.configuration.HttpSecurityConfiguration,org.springframework.security.config.annotation.web.configuration.HttpSecurityConfiguration.httpSecurity,passwordEncoder,authenticationManager,securityFilterChain,org.springframework.boot.autoconfigure.AutoConfigurationPackages,org.springframework.boot.autoconfigure.context.PropertyPlaceholderAutoConfiguration,propertySourcesPlaceholderConfigurer,org.springframework.boot.autoconfigure.ssl.SslAutoConfiguration,fileWatcher,sslPropertiesSslBundleRegistrar,sslBundleRegistry,org.springframework.boot.context.properties.ConfigurationPropertiesBindingPostProcessor,org.springframework.boot.context.internalConfigurationPropertiesBinder,org.springframework.boot.context.properties.BoundConfigurationProperties,org.springframework.boot.context.properties.EnableConfigurationPropertiesRegistrar.methodValidationExcludeFilter,spring.ssl-org.springframework.boot.autoconfigure.ssl.SslProperties,org.springframework.boot.autoconfigure.websocket.servlet.WebSocketServletAutoConfiguration$TomcatWebSocketConfiguration,websocketServletWebServerCustomizer,org.springframework.boot.autoconfigure.websocket.servlet.WebSocketServletAutoConfiguration,org.springframework.boot.autoconfigure.web.servlet.ServletWebServerFactoryConfiguration$EmbeddedTomcat,tomcatServletWebServerFactory,org.springframework.boot.autoconfigure.web.servlet.ServletWebServerFactoryAutoConfiguration,servletWebServerFactoryCustomizer,tomcatServletWebServerFactoryCustomizer,server-org.springframework.boot.autoconfigure.web.ServerProperties,webServerFactoryCustomizerBeanPostProcessor,errorPageRegistrarBeanPostProcessor,org.springframework.boot.autoconfigure.web.servlet.DispatcherServletAutoConfiguration$DispatcherServletConfiguration,dispatcherServlet,spring.mvc-org.springframework.boot.autoconfigure.web.servlet.WebMvcProperties,org.springframework.boot.autoconfigure.web.servlet.DispatcherServletAutoConfiguration$DispatcherServletRegistrationConfiguration,dispatcherServletRegistration,org.springframework.boot.autoconfigure.web.servlet.DispatcherServletAutoConfiguration,org.springframework.boot.autoconfigure.task.TaskExecutorConfigurations$ThreadPoolTaskExecutorBuilderConfiguration,threadPoolTaskExecutorBuilder,org.springframework.boot.autoconfigure.task.TaskExecutorConfigurations$TaskExecutorBuilderConfiguration,taskExecutorBuilder,org.springframework.boot.autoconfigure.task.TaskExecutorConfigurations$SimpleAsyncTaskExecutorBuilderConfiguration,simpleAsyncTaskExecutorBuilder,org.springframework.boot.autoconfigure.task.TaskExecutorConfigurations$TaskExecutorConfiguration,applicationTaskExecutor,org.springframework.boot.autoconfigure.task.TaskExecutionAutoConfiguration,spring.task.execution-org.springframework.boot.autoconfigure.task.TaskExecutionProperties,org.springframework.boot.autoconfigure.web.servlet.error.ErrorMvcAutoConfiguration$WhitelabelErrorViewConfiguration,error,beanNameViewResolver,org.springframework.boot.autoconfigure.web.servlet.error.ErrorMvcAutoConfiguration$DefaultErrorViewResolverConfiguration,conventionErrorViewResolver,spring.web-org.springframework.boot.autoconfigure.web.WebProperties,org.springframework.boot.autoconfigure.web.servlet.error.ErrorMvcAutoConfiguration,errorAttributes,basicErrorController,errorPageCustomizer,preserveErrorControllerTargetClassPostProcessor,org.springframework.boot.autoconfigure.web.servlet.WebMvcAutoConfiguration$EnableWebMvcConfiguration,welcomePageHandlerMapping,welcomePageNotAcceptableHandlerMapping,localeResolver,themeResolver,flashMapManager,mvcConversionService,mvcValidator,mvcContentNegotiationManager,requestMappingHandlerMapping,mvcPatternParser,mvcUrlPathHelper,mvcPathMatcher,viewControllerHandlerMapping,beanNameHandlerMapping,routerFunctionMapping,resourceHandlerMapping,mvcResourceUrlProvider,defaultServletHandlerMapping,requestMappingHandlerAdapter,handlerFunctionAdapter,mvcUriComponentsContributor,httpRequestHandlerAdapter,simpleControllerHandlerAdapter,handlerExceptionResolver,mvcViewResolver,mvcHandlerMappingIntrospector,viewNameTranslator,org.springframework.boot.autoconfigure.web.servlet.WebMvcAutoConfiguration$WebMvcAutoConfigurationAdapter,defaultViewResolver,viewResolver,requestContextFilter,org.springframework.boot.autoconfigure.web.servlet.WebMvcAutoConfiguration,formContentFilter,org.springframework.boot.autoconfigure.aop.AopAutoConfiguration$AspectJAutoProxyingConfiguration$CglibAutoProxyConfiguration,org.springframework.aop.config.internalAutoProxyCreator,org.springframework.boot.autoconfigure.aop.AopAutoConfiguration$AspectJAutoProxyingConfiguration,org.springframework.boot.autoconfigure.aop.AopAutoConfiguration,org.springframework.boot.autoconfigure.availability.ApplicationAvailabilityAutoConfiguration,applicationAvailability,org.springframework.boot.autoconfigure.transaction.jta.JtaAutoConfiguration,org.springframework.boot.autoconfigure.jdbc.DataSourceConfiguration$Hikari,jdbcConnectionDetailsHikariBeanPostProcessor,dataSource,org.springframework.boot.autoconfigure.jdbc.DataSourceAutoConfiguration$PooledDataSourceConfiguration,jdbcConnectionDetails,org.springframework.boot.autoconfigure.jdbc.metadata.DataSourcePoolMetadataProvidersConfiguration$HikariPoolDataSourceMetadataProviderConfiguration,hikariPoolDataSourceMetadataProvider,org.springframework.boot.autoconfigure.jdbc.metadata.DataSourcePoolMetadataProvidersConfiguration,org.springframework.boot.autoconfigure.jdbc.DataSourceAutoConfiguration,spring.datasource-org.springframework.boot.autoconfigure.jdbc.DataSourceProperties,org.springframework.boot.autoconfigure.transaction.TransactionManagerCustomizationAutoConfiguration,platformTransactionManagerCustomizers,transactionExecutionListeners,spring.transaction-org.springframework.boot.autoconfigure.transaction.TransactionProperties,org.springframework.boot.autoconfigure.orm.jpa.JpaBaseConfiguration$JpaWebConfiguration,openEntityManagerInViewInterceptor,openEntityManagerInViewInterceptorConfigurer,org.springframework.boot.autoconfigure.orm.jpa.JpaBaseConfiguration$PersistenceManagedTypesConfiguration,persistenceManagedTypes,org.springframework.boot.autoconfigure.orm.jpa.HibernateJpaConfiguration,transactionManager,jpaVendorAdapter,entityManagerFactoryBuilder,entityManagerFactory,spring.jpa.hibernate-org.springframework.boot.autoconfigure.orm.jpa.HibernateProperties,spring.jpa-org.springframework.boot.autoconfigure.orm.jpa.JpaProperties,org.springframework.boot.autoconfigure.orm.jpa.HibernateJpaAutoConfiguration,org.springframework.boot.autoconfigure.jackson.JacksonAutoConfiguration$Jackson2ObjectMapperBuilderCustomizerConfiguration,standardJacksonObjectMapperBuilderCustomizer,spring.jackson-org.springframework.boot.autoconfigure.jackson.JacksonProperties,org.springframework.boot.autoconfigure.jackson.JacksonAutoConfiguration$JacksonObjectMapperBuilderConfiguration,jacksonObjectMapperBuilder,org.springframework.boot.autoconfigure.jackson.JacksonAutoConfiguration$ParameterNamesModuleConfiguration,parameterNamesModule,org.springframework.boot.autoconfigure.jackson.JacksonAutoConfiguration$JacksonObjectMapperConfiguration,jacksonObjectMapper,org.springframework.boot.autoconfigure.jackson.JacksonAutoConfiguration$JacksonMixinConfiguration,jsonMixinModuleEntries,jsonMixinModule,org.springframework.boot.autoconfigure.jackson.JacksonAutoConfiguration,jsonComponentModule,org.springframework.boot.autoconfigure.context.ConfigurationPropertiesAutoConfiguration,org.springframework.boot.autoconfigure.context.LifecycleAutoConfiguration,lifecycleProcessor,spring.lifecycle-org.springframework.boot.autoconfigure.context.LifecycleProperties,org.springframework.boot.autoconfigure.dao.PersistenceExceptionTranslationAutoConfiguration,persistenceExceptionTranslationPostProcessor,org.springframework.boot.autoconfigure.data.jpa.JpaRepositoriesAutoConfiguration,jpaSharedEM_entityManagerFactory,emBeanDefinitionRegistrarPostProcessor,jpaMappingContext,jpaContext,org.springframework.data.jpa.util.JpaMetamodelCacheCleanup,org.springframework.data.jpa.repository.support.JpaEvaluationContextExtension,jpa.named-queries#0,jpa.PersonRepository.fragments#0,personRepository,jpa.named-queries#1,jpa.DishRepository.fragments#0,dishRepository,jpa.named-queries#2,jpa.AllergenRepository.fragments#0,allergenRepository,jpa.named-queries#3,jpa.MenuRepository.fragments#0,menuRepository,jpa.named-queries#4,jpa.IngredientRepository.fragments#0,ingredientRepository,jpa.named-queries#5,jpa.UserRepository.fragments#0,userRepository,jpa.named-queries#6,jpa.CardRepository.fragments#0,cardRepository,data-jpa.repository-aot-processor#0,org.springframework.boot.autoconfigure.http.HttpMessageConvertersAutoConfiguration$StringHttpMessageConverterConfiguration,stringHttpMessageConverter,org.springframework.boot.autoconfigure.http.JacksonHttpMessageConvertersConfiguration$MappingJackson2HttpMessageConverterConfiguration,mappingJackson2HttpMessageConverter,org.springframework.boot.autoconfigure.http.JacksonHttpMessageConvertersConfiguration,org.springframework.boot.autoconfigure.http.HttpMessageConvertersAutoConfiguration,messageConverters,org.springframework.data.web.config.ProjectingArgumentResolverRegistrar,projectingArgumentResolverBeanPostProcessor,org.springframework.data.web.config.SpringDataWebConfiguration,pageableResolver,sortResolver,offsetResolver,org.springframework.data.web.config.SpringDataJacksonConfiguration,jacksonGeoModule,pageModule,org.springframework.boot.autoconfigure.data.web.SpringDataWebAutoConfiguration,pageableCustomizer,sortCustomizer,spring.data.web-org.springframework.boot.autoconfigure.data.web.SpringDataWebProperties,org.springframework.boot.autoconfigure.info.ProjectInfoAutoConfiguration,spring.info-org.springframework.boot.autoconfigure.info.ProjectInfoProperties,org.springframework.boot.autoconfigure.jdbc.JdbcTemplateConfiguration,jdbcTemplate,org.springframework.boot.autoconfigure.jdbc.NamedParameterJdbcTemplateConfiguration,namedParameterJdbcTemplate,org.springframework.boot.autoconfigure.jdbc.JdbcTemplateAutoConfiguration,spring.jdbc-org.springframework.boot.autoconfigure.jdbc.JdbcProperties,org.springframework.boot.sql.init.dependency.DatabaseInitializationDependencyConfigurer$DependsOnDatabaseInitializationPostProcessor,org.springframework.boot.autoconfigure.jdbc.JdbcClientAutoConfiguration,jdbcClient,org.springframework.boot.autoconfigure.security.servlet.SpringBootWebSecurityConfiguration,org.springframework.boot.autoconfigure.security.servlet.SecurityAutoConfiguration,authenticationEventPublisher,spring.security-org.springframework.boot.autoconfigure.security.SecurityProperties,org.springframework.boot.autoconfigure.security.servlet.SecurityFilterAutoConfiguration,securityFilterChainRegistration,org.springframework.boot.autoconfigure.sql.init.DataSourceInitializationConfiguration,dataSourceScriptDatabaseInitializer,org.springframework.boot.autoconfigure.sql.init.SqlInitializationAutoConfiguration,spring.sql.init-org.springframework.boot.autoconfigure.sql.init.SqlInitializationProperties,org.springframework.boot.autoconfigure.task.TaskSchedulingConfigurations$ThreadPoolTaskSchedulerBuilderConfiguration,threadPoolTaskSchedulerBuilder,org.springframework.boot.autoconfigure.task.TaskSchedulingConfigurations$TaskSchedulerBuilderConfiguration,taskSchedulerBuilder,org.springframework.boot.autoconfigure.task.TaskSchedulingConfigurations$SimpleAsyncTaskSchedulerBuilderConfiguration,simpleAsyncTaskSchedulerBuilder,org.springframework.boot.autoconfigure.task.TaskSchedulingAutoConfiguration,spring.task.scheduling-org.springframework.boot.autoconfigure.task.TaskSchedulingProperties,org.springframework.boot.autoconfigure.thymeleaf.ThymeleafAutoConfiguration$ThymeleafWebMvcConfiguration$ThymeleafViewResolverConfiguration,thymeleafViewResolver,org.springframework.boot.autoconfigure.thymeleaf.ThymeleafAutoConfiguration$ThymeleafWebMvcConfiguration,org.springframework.boot.autoconfigure.thymeleaf.ThymeleafAutoConfiguration$DefaultTemplateResolverConfiguration,defaultTemplateResolver,org.springframework.boot.autoconfigure.thymeleaf.TemplateEngineConfigurations$DefaultTemplateEngineConfiguration,templateEngine,org.springframework.boot.autoconfigure.thymeleaf.ThymeleafAutoConfiguration,spring.thymeleaf-org.springframework.boot.autoconfigure.thymeleaf.ThymeleafProperties,org.springframework.boot.autoconfigure.jdbc.DataSourceTransactionManagerAutoConfiguration$JdbcTransactionManagerConfiguration,org.springframework.boot.autoconfigure.jdbc.DataSourceTransactionManagerAutoConfiguration,org.springframework.transaction.annotation.ProxyTransactionManagementConfiguration,org.springframework.transaction.config.internalTransactionAdvisor,transactionAttributeSource,transactionInterceptor,org.springframework.transaction.config.internalTransactionalEventListenerFactory,org.springframework.boot.autoconfigure.transaction.TransactionAutoConfiguration$EnableTransactionManagementConfiguration$CglibAutoProxyConfiguration,org.springframework.boot.autoconfigure.transaction.TransactionAutoConfiguration$EnableTransactionManagementConfiguration,org.springframework.boot.autoconfigure.transaction.TransactionAutoConfiguration$TransactionTemplateConfiguration,transactionTemplate,org.springframework.boot.autoconfigure.transaction.TransactionAutoConfiguration,org.springframework.boot.autoconfigure.web.client.RestClientAutoConfiguration,httpMessageConvertersRestClientCustomizer,restClientSsl,restClientBuilderConfigurer,restClientBuilder,org.springframework.boot.autoconfigure.web.client.RestTemplateAutoConfiguration,restTemplateBuilderConfigurer,restTemplateBuilder,org.springframework.boot.autoconfigure.web.servlet.HttpEncodingAutoConfiguration,characterEncodingFilter,localeCharsetMappingsCustomizer,org.springframework.boot.autoconfigure.web.servlet.MultipartAutoConfiguration,multipartConfigElement,multipartResolver,spring.servlet.multipart-org.springframework.boot.autoconfigure.web.servlet.MultipartProperties,mvcHandlerMappingIntrospectorRequestTransformer,springSecurityFilterChain,jpaSharedEM_AWC_entityManagerFactory]; root of factory hierarchy
2024-07-21T15:50:03.592+02:00 TRACE 248560 --- [crud-springboot] [           main] c.DefaultCacheAwareContextLoaderDelegate : Retrieved ApplicationContext [896852376] from cache with key [WebMergedContextConfiguration@2d4aadc testClass = com.cwa.crudspringboot.CrudSpringbootApplicationTests, locations = [], classes = [com.cwa.crudspringboot.CrudSpringbootApplication], contextInitializerClasses = [], activeProfiles = [], propertySourceDescriptors = [], propertySourceProperties = ["org.springframework.boot.test.context.SpringBootTestContextBootstrapper=true"], contextCustomizers = [org.springframework.boot.test.context.filter.ExcludeFilterContextCustomizer@3a7442c7, org.springframework.boot.test.json.DuplicateJsonObjectContextCustomizerFactory$DuplicateJsonObjectContextCustomizer@cb0755b, org.springframework.boot.test.mock.mockito.MockitoContextCustomizer@0, org.springframework.boot.test.web.client.TestRestTemplateContextCustomizer@18271936, org.springframework.boot.test.autoconfigure.actuate.observability.ObservabilityContextCustomizerFactory$DisableObservabilityContextCustomizer@1f, org.springframework.boot.test.autoconfigure.properties.PropertyMappingContextCustomizer@0, org.springframework.boot.test.autoconfigure.web.servlet.WebDriverContextCustomizer@24569dba, org.springframework.boot.test.context.SpringBootTestAnnotation@d144f97a], resourceBasePath = "src/main/webapp", contextLoader = org.springframework.boot.test.context.SpringBootContextLoader, parent = null]
2024-07-21T15:50:03.592+02:00 DEBUG 248560 --- [crud-springboot] [           main] org.springframework.test.context.cache   : Spring test ApplicationContext cache statistics: [DefaultContextCache@773ad729 size = 1, maxSize = 32, parentContextCount = 0, hitCount = 9, missCount = 1, failureCount = 0]
2024-07-21T15:50:03.594+02:00 TRACE 248560 --- [crud-springboot] [           main] c.DefaultCacheAwareContextLoaderDelegate : Retrieved ApplicationContext [896852376] from cache with key [WebMergedContextConfiguration@2d4aadc testClass = com.cwa.crudspringboot.CrudSpringbootApplicationTests, locations = [], classes = [com.cwa.crudspringboot.CrudSpringbootApplication], contextInitializerClasses = [], activeProfiles = [], propertySourceDescriptors = [], propertySourceProperties = ["org.springframework.boot.test.context.SpringBootTestContextBootstrapper=true"], contextCustomizers = [org.springframework.boot.test.context.filter.ExcludeFilterContextCustomizer@3a7442c7, org.springframework.boot.test.json.DuplicateJsonObjectContextCustomizerFactory$DuplicateJsonObjectContextCustomizer@cb0755b, org.springframework.boot.test.mock.mockito.MockitoContextCustomizer@0, org.springframework.boot.test.web.client.TestRestTemplateContextCustomizer@18271936, org.springframework.boot.test.autoconfigure.actuate.observability.ObservabilityContextCustomizerFactory$DisableObservabilityContextCustomizer@1f, org.springframework.boot.test.autoconfigure.properties.PropertyMappingContextCustomizer@0, org.springframework.boot.test.autoconfigure.web.servlet.WebDriverContextCustomizer@24569dba, org.springframework.boot.test.context.SpringBootTestAnnotation@d144f97a], resourceBasePath = "src/main/webapp", contextLoader = org.springframework.boot.test.context.SpringBootContextLoader, parent = null]
2024-07-21T15:50:03.594+02:00 DEBUG 248560 --- [crud-springboot] [           main] org.springframework.test.context.cache   : Spring test ApplicationContext cache statistics: [DefaultContextCache@773ad729 size = 1, maxSize = 32, parentContextCount = 0, hitCount = 10, missCount = 1, failureCount = 0]
2024-07-21T15:50:03.595+02:00 TRACE 248560 --- [crud-springboot] [           main] o.s.b.f.s.DefaultListableBeanFactory     : Returning cached instance of singleton bean 'org.springframework.boot.test.mock.mockito.MockitoPostProcessor$SpyPostProcessor'
2024-07-21T15:50:03.595+02:00 TRACE 248560 --- [crud-springboot] [           main] o.s.b.f.s.DefaultListableBeanFactory     : Returning cached instance of singleton bean 'org.springframework.boot.test.mock.mockito.MockitoPostProcessor'
2024-07-21T15:50:03.595+02:00 TRACE 248560 --- [crud-springboot] [           main] o.s.b.f.s.DefaultListableBeanFactory     : Returning cached instance of singleton bean 'org.springframework.context.annotation.internalConfigurationAnnotationProcessor'
2024-07-21T15:50:03.595+02:00 TRACE 248560 --- [crud-springboot] [           main] o.s.b.f.s.DefaultListableBeanFactory     : Returning cached instance of singleton bean 'org.springframework.context.annotation.internalAutowiredAnnotationProcessor'
2024-07-21T15:50:03.595+02:00 TRACE 248560 --- [crud-springboot] [           main] o.s.b.f.s.DefaultListableBeanFactory     : Returning cached instance of singleton bean 'org.springframework.context.annotation.internalCommonAnnotationProcessor'
2024-07-21T15:50:03.595+02:00 TRACE 248560 --- [crud-springboot] [           main] o.s.b.f.s.DefaultListableBeanFactory     : Returning cached instance of singleton bean 'org.springframework.context.annotation.internalPersistenceAnnotationProcessor'
2024-07-21T15:50:03.595+02:00 TRACE 248560 --- [crud-springboot] [           main] o.s.b.f.s.DefaultListableBeanFactory     : Returning cached instance of singleton bean 'org.springframework.context.event.internalEventListenerProcessor'
2024-07-21T15:50:03.595+02:00 TRACE 248560 --- [crud-springboot] [           main] o.s.b.f.s.DefaultListableBeanFactory     : Returning cached instance of singleton bean 'org.springframework.context.event.internalEventListenerFactory'
2024-07-21T15:50:03.595+02:00 TRACE 248560 --- [crud-springboot] [           main] o.s.b.f.s.DefaultListableBeanFactory     : Returning cached instance of singleton bean 'crudSpringbootApplication'
2024-07-21T15:50:03.595+02:00 TRACE 248560 --- [crud-springboot] [           main] o.s.b.f.s.DefaultListableBeanFactory     : Returning cached instance of singleton bean 'org.springframework.boot.autoconfigure.internalCachingMetadataReaderFactory'
2024-07-21T15:50:03.595+02:00 TRACE 248560 --- [crud-springboot] [           main] o.s.b.f.s.DefaultListableBeanFactory     : Returning cached instance of singleton bean 'org.springframework.boot.autoconfigure.internalCachingMetadataReaderFactory'
2024-07-21T15:50:03.595+02:00 TRACE 248560 --- [crud-springboot] [           main] o.s.b.f.s.DefaultListableBeanFactory     : Returning cached instance of singleton bean 'jwtUtils'
2024-07-21T15:50:03.595+02:00 TRACE 248560 --- [crud-springboot] [           main] o.s.b.f.s.DefaultListableBeanFactory     : Returning cached instance of singleton bean 'securityConfig'
2024-07-21T15:50:03.595+02:00 TRACE 248560 --- [crud-springboot] [           main] o.s.b.f.s.DefaultListableBeanFactory     : Returning cached instance of singleton bean 'apiResponse'
2024-07-21T15:50:03.595+02:00 TRACE 248560 --- [crud-springboot] [           main] o.s.b.f.s.DefaultListableBeanFactory     : Returning cached instance of singleton bean 'authController'
2024-07-21T15:50:03.595+02:00 TRACE 248560 --- [crud-springboot] [           main] o.s.b.f.s.DefaultListableBeanFactory     : Returning cached instance of singleton bean 'loginRequest'
2024-07-21T15:50:03.596+02:00 TRACE 248560 --- [crud-springboot] [           main] o.s.b.f.s.DefaultListableBeanFactory     : Returning cached instance of singleton bean 'personController'
2024-07-21T15:50:03.596+02:00 TRACE 248560 --- [crud-springboot] [           main] o.s.b.f.s.DefaultListableBeanFactory     : Returning cached instance of singleton bean 'registerRequest'
2024-07-21T15:50:03.596+02:00 TRACE 248560 --- [crud-springboot] [           main] o.s.b.f.s.DefaultListableBeanFactory     : Returning cached instance of singleton bean 'webController'
2024-07-21T15:50:03.596+02:00 TRACE 248560 --- [crud-springboot] [           main] o.s.b.f.s.DefaultListableBeanFactory     : Returning cached instance of singleton bean 'jwtFilter'
2024-07-21T15:50:03.596+02:00 TRACE 248560 --- [crud-springboot] [           main] o.s.b.f.s.DefaultListableBeanFactory     : Returning cached instance of singleton bean 'cardService'
2024-07-21T15:50:03.596+02:00 TRACE 248560 --- [crud-springboot] [           main] o.s.b.f.s.DefaultListableBeanFactory     : Returning cached instance of singleton bean 'customUserDetailsService'
2024-07-21T15:50:03.596+02:00 TRACE 248560 --- [crud-springboot] [           main] o.s.b.f.s.DefaultListableBeanFactory     : Returning cached instance of singleton bean 'org.springframework.security.config.annotation.configuration.ObjectPostProcessorConfiguration'
2024-07-21T15:50:03.596+02:00 TRACE 248560 --- [crud-springboot] [           main] o.s.b.f.s.DefaultListableBeanFactory     : Returning cached instance of singleton bean 'objectPostProcessor'
2024-07-21T15:50:03.596+02:00 TRACE 248560 --- [crud-springboot] [           main] o.s.b.f.s.DefaultListableBeanFactory     : Returning cached instance of singleton bean 'org.springframework.security.config.annotation.authentication.configuration.AuthenticationConfiguration'
2024-07-21T15:50:03.596+02:00 TRACE 248560 --- [crud-springboot] [           main] o.s.b.f.s.DefaultListableBeanFactory     : Returning cached instance of singleton bean 'authenticationManagerBuilder'
2024-07-21T15:50:03.596+02:00 TRACE 248560 --- [crud-springboot] [           main] o.s.b.f.s.DefaultListableBeanFactory     : Returning cached instance of singleton bean 'enableGlobalAuthenticationAutowiredConfigurer'
2024-07-21T15:50:03.596+02:00 TRACE 248560 --- [crud-springboot] [           main] o.s.b.f.s.DefaultListableBeanFactory     : Returning cached instance of singleton bean 'initializeUserDetailsBeanManagerConfigurer'
2024-07-21T15:50:03.596+02:00 TRACE 248560 --- [crud-springboot] [           main] o.s.b.f.s.DefaultListableBeanFactory     : Returning cached instance of singleton bean 'initializeAuthenticationProviderBeanManagerConfigurer'
2024-07-21T15:50:03.596+02:00 TRACE 248560 --- [crud-springboot] [           main] o.s.b.f.s.DefaultListableBeanFactory     : Returning cached instance of singleton bean 'org.springframework.security.config.annotation.web.configuration.WebSecurityConfiguration'
2024-07-21T15:50:03.596+02:00 TRACE 248560 --- [crud-springboot] [           main] o.s.b.f.s.DefaultListableBeanFactory     : Returning cached instance of singleton bean 'delegatingApplicationListener'
2024-07-21T15:50:03.596+02:00 TRACE 248560 --- [crud-springboot] [           main] o.s.b.f.s.DefaultListableBeanFactory     : Returning cached instance of singleton bean 'webSecurityExpressionHandler'
2024-07-21T15:50:03.596+02:00 TRACE 248560 --- [crud-springboot] [           main] o.s.b.f.s.DefaultListableBeanFactory     : Returning cached instance of singleton bean 'privilegeEvaluator'
2024-07-21T15:50:03.596+02:00 TRACE 248560 --- [crud-springboot] [           main] o.s.b.f.s.DefaultListableBeanFactory     : Returning cached instance of singleton bean 'conversionServicePostProcessor'
2024-07-21T15:50:03.596+02:00 TRACE 248560 --- [crud-springboot] [           main] o.s.b.f.s.DefaultListableBeanFactory     : Returning cached instance of singleton bean 'org.springframework.security.config.annotation.web.configuration.WebMvcSecurityConfiguration'
2024-07-21T15:50:03.596+02:00 TRACE 248560 --- [crud-springboot] [           main] o.s.b.f.s.DefaultListableBeanFactory     : Returning cached instance of singleton bean 'requestDataValueProcessor'
2024-07-21T15:50:03.596+02:00 TRACE 248560 --- [crud-springboot] [           main] o.s.b.f.s.DefaultListableBeanFactory     : Returning cached instance of singleton bean 'springSecurityHandlerMappingIntrospectorBeanDefinitionRegistryPostProcessor'
2024-07-21T15:50:03.596+02:00 TRACE 248560 --- [crud-springboot] [           main] o.s.b.f.s.DefaultListableBeanFactory     : Returning cached instance of singleton bean 'org.springframework.security.config.annotation.web.configuration.HttpSecurityConfiguration'
2024-07-21T15:50:03.596+02:00 TRACE 248560 --- [crud-springboot] [           main] o.s.b.f.s.DefaultListableBeanFactory     : Returning cached instance of singleton bean 'passwordEncoder'
2024-07-21T15:50:03.597+02:00 TRACE 248560 --- [crud-springboot] [           main] o.s.b.f.s.DefaultListableBeanFactory     : Returning cached instance of singleton bean 'authenticationManager'
2024-07-21T15:50:03.597+02:00 TRACE 248560 --- [crud-springboot] [           main] o.s.b.f.s.DefaultListableBeanFactory     : Returning cached instance of singleton bean 'securityFilterChain'
2024-07-21T15:50:03.597+02:00 TRACE 248560 --- [crud-springboot] [           main] o.s.b.f.s.DefaultListableBeanFactory     : Returning cached instance of singleton bean 'org.springframework.boot.autoconfigure.AutoConfigurationPackages'
2024-07-21T15:50:03.597+02:00 TRACE 248560 --- [crud-springboot] [           main] o.s.b.f.s.DefaultListableBeanFactory     : Returning cached instance of singleton bean 'org.springframework.boot.autoconfigure.context.PropertyPlaceholderAutoConfiguration'
2024-07-21T15:50:03.597+02:00 TRACE 248560 --- [crud-springboot] [           main] o.s.b.f.s.DefaultListableBeanFactory     : Returning cached instance of singleton bean 'propertySourcesPlaceholderConfigurer'
2024-07-21T15:50:03.597+02:00 TRACE 248560 --- [crud-springboot] [           main] o.s.b.f.s.DefaultListableBeanFactory     : Returning cached instance of singleton bean 'org.springframework.boot.autoconfigure.ssl.SslAutoConfiguration'
2024-07-21T15:50:03.597+02:00 TRACE 248560 --- [crud-springboot] [           main] o.s.b.f.s.DefaultListableBeanFactory     : Returning cached instance of singleton bean 'fileWatcher'
2024-07-21T15:50:03.597+02:00 TRACE 248560 --- [crud-springboot] [           main] o.s.b.f.s.DefaultListableBeanFactory     : Returning cached instance of singleton bean 'sslPropertiesSslBundleRegistrar'
2024-07-21T15:50:03.597+02:00 TRACE 248560 --- [crud-springboot] [           main] o.s.b.f.s.DefaultListableBeanFactory     : Returning cached instance of singleton bean 'sslBundleRegistry'
2024-07-21T15:50:03.597+02:00 TRACE 248560 --- [crud-springboot] [           main] o.s.b.f.s.DefaultListableBeanFactory     : Returning cached instance of singleton bean 'org.springframework.boot.context.properties.ConfigurationPropertiesBindingPostProcessor'
2024-07-21T15:50:03.597+02:00 TRACE 248560 --- [crud-springboot] [           main] o.s.b.f.s.DefaultListableBeanFactory     : Returning cached instance of singleton bean 'org.springframework.boot.context.internalConfigurationPropertiesBinder'
2024-07-21T15:50:03.597+02:00 TRACE 248560 --- [crud-springboot] [           main] o.s.b.f.s.DefaultListableBeanFactory     : Returning cached instance of singleton bean 'org.springframework.boot.context.internalConfigurationPropertiesBinder'
2024-07-21T15:50:03.597+02:00 TRACE 248560 --- [crud-springboot] [           main] o.s.b.f.s.DefaultListableBeanFactory     : Returning cached instance of singleton bean 'org.springframework.boot.context.properties.BoundConfigurationProperties'
2024-07-21T15:50:03.597+02:00 TRACE 248560 --- [crud-springboot] [           main] o.s.b.f.s.DefaultListableBeanFactory     : Returning cached instance of singleton bean 'org.springframework.boot.context.properties.EnableConfigurationPropertiesRegistrar.methodValidationExcludeFilter'
2024-07-21T15:50:03.597+02:00 TRACE 248560 --- [crud-springboot] [           main] o.s.b.f.s.DefaultListableBeanFactory     : Returning cached instance of singleton bean 'spring.ssl-org.springframework.boot.autoconfigure.ssl.SslProperties'
2024-07-21T15:50:03.597+02:00 TRACE 248560 --- [crud-springboot] [           main] o.s.b.f.s.DefaultListableBeanFactory     : Returning cached instance of singleton bean 'org.springframework.boot.autoconfigure.websocket.servlet.WebSocketServletAutoConfiguration$TomcatWebSocketConfiguration'
2024-07-21T15:50:03.597+02:00 TRACE 248560 --- [crud-springboot] [           main] o.s.b.f.s.DefaultListableBeanFactory     : Returning cached instance of singleton bean 'websocketServletWebServerCustomizer'
2024-07-21T15:50:03.597+02:00 TRACE 248560 --- [crud-springboot] [           main] o.s.b.f.s.DefaultListableBeanFactory     : Returning cached instance of singleton bean 'org.springframework.boot.autoconfigure.websocket.servlet.WebSocketServletAutoConfiguration'
2024-07-21T15:50:03.597+02:00 TRACE 248560 --- [crud-springboot] [           main] o.s.b.f.s.DefaultListableBeanFactory     : Returning cached instance of singleton bean 'org.springframework.boot.autoconfigure.web.servlet.ServletWebServerFactoryConfiguration$EmbeddedTomcat'
2024-07-21T15:50:03.597+02:00 TRACE 248560 --- [crud-springboot] [           main] o.s.b.f.s.DefaultListableBeanFactory     : Returning cached instance of singleton bean 'tomcatServletWebServerFactory'
2024-07-21T15:50:03.597+02:00 TRACE 248560 --- [crud-springboot] [           main] o.s.b.f.s.DefaultListableBeanFactory     : Returning cached instance of singleton bean 'org.springframework.boot.autoconfigure.web.servlet.ServletWebServerFactoryAutoConfiguration'
2024-07-21T15:50:03.597+02:00 TRACE 248560 --- [crud-springboot] [           main] o.s.b.f.s.DefaultListableBeanFactory     : Returning cached instance of singleton bean 'servletWebServerFactoryCustomizer'
2024-07-21T15:50:03.597+02:00 TRACE 248560 --- [crud-springboot] [           main] o.s.b.f.s.DefaultListableBeanFactory     : Returning cached instance of singleton bean 'tomcatServletWebServerFactoryCustomizer'
2024-07-21T15:50:03.597+02:00 TRACE 248560 --- [crud-springboot] [           main] o.s.b.f.s.DefaultListableBeanFactory     : Returning cached instance of singleton bean 'server-org.springframework.boot.autoconfigure.web.ServerProperties'
2024-07-21T15:50:03.597+02:00 TRACE 248560 --- [crud-springboot] [           main] o.s.b.f.s.DefaultListableBeanFactory     : Returning cached instance of singleton bean 'webServerFactoryCustomizerBeanPostProcessor'
2024-07-21T15:50:03.597+02:00 TRACE 248560 --- [crud-springboot] [           main] o.s.b.f.s.DefaultListableBeanFactory     : Returning cached instance of singleton bean 'errorPageRegistrarBeanPostProcessor'
2024-07-21T15:50:03.597+02:00 TRACE 248560 --- [crud-springboot] [           main] o.s.b.f.s.DefaultListableBeanFactory     : Returning cached instance of singleton bean 'org.springframework.boot.autoconfigure.web.servlet.DispatcherServletAutoConfiguration$DispatcherServletConfiguration'
2024-07-21T15:50:03.597+02:00 TRACE 248560 --- [crud-springboot] [           main] o.s.b.f.s.DefaultListableBeanFactory     : Returning cached instance of singleton bean 'dispatcherServlet'
2024-07-21T15:50:03.597+02:00 TRACE 248560 --- [crud-springboot] [           main] o.s.b.f.s.DefaultListableBeanFactory     : Returning cached instance of singleton bean 'spring.mvc-org.springframework.boot.autoconfigure.web.servlet.WebMvcProperties'
2024-07-21T15:50:03.597+02:00 TRACE 248560 --- [crud-springboot] [           main] o.s.b.f.s.DefaultListableBeanFactory     : Returning cached instance of singleton bean 'org.springframework.boot.autoconfigure.web.servlet.DispatcherServletAutoConfiguration$DispatcherServletRegistrationConfiguration'
2024-07-21T15:50:03.597+02:00 TRACE 248560 --- [crud-springboot] [           main] o.s.b.f.s.DefaultListableBeanFactory     : Returning cached instance of singleton bean 'dispatcherServletRegistration'
2024-07-21T15:50:03.597+02:00 TRACE 248560 --- [crud-springboot] [           main] o.s.b.f.s.DefaultListableBeanFactory     : Returning cached instance of singleton bean 'org.springframework.boot.autoconfigure.web.servlet.DispatcherServletAutoConfiguration'
2024-07-21T15:50:03.597+02:00 TRACE 248560 --- [crud-springboot] [           main] o.s.b.f.s.DefaultListableBeanFactory     : Returning cached instance of singleton bean 'org.springframework.boot.autoconfigure.task.TaskExecutorConfigurations$ThreadPoolTaskExecutorBuilderConfiguration'
2024-07-21T15:50:03.597+02:00 TRACE 248560 --- [crud-springboot] [           main] o.s.b.f.s.DefaultListableBeanFactory     : Returning cached instance of singleton bean 'threadPoolTaskExecutorBuilder'
2024-07-21T15:50:03.598+02:00 TRACE 248560 --- [crud-springboot] [           main] o.s.b.f.s.DefaultListableBeanFactory     : Returning cached instance of singleton bean 'org.springframework.boot.autoconfigure.task.TaskExecutorConfigurations$TaskExecutorBuilderConfiguration'
2024-07-21T15:50:03.598+02:00 TRACE 248560 --- [crud-springboot] [           main] o.s.b.f.s.DefaultListableBeanFactory     : Returning cached instance of singleton bean 'taskExecutorBuilder'
2024-07-21T15:50:03.598+02:00 TRACE 248560 --- [crud-springboot] [           main] o.s.b.f.s.DefaultListableBeanFactory     : Returning cached instance of singleton bean 'org.springframework.boot.autoconfigure.task.TaskExecutorConfigurations$SimpleAsyncTaskExecutorBuilderConfiguration'
2024-07-21T15:50:03.598+02:00 TRACE 248560 --- [crud-springboot] [           main] o.s.b.f.s.DefaultListableBeanFactory     : Returning cached instance of singleton bean 'simpleAsyncTaskExecutorBuilder'
2024-07-21T15:50:03.598+02:00 TRACE 248560 --- [crud-springboot] [           main] o.s.b.f.s.DefaultListableBeanFactory     : Returning cached instance of singleton bean 'org.springframework.boot.autoconfigure.task.TaskExecutorConfigurations$TaskExecutorConfiguration'
2024-07-21T15:50:03.598+02:00 TRACE 248560 --- [crud-springboot] [           main] o.s.b.f.s.DefaultListableBeanFactory     : Returning cached instance of singleton bean 'applicationTaskExecutor'
2024-07-21T15:50:03.598+02:00 TRACE 248560 --- [crud-springboot] [           main] o.s.b.f.s.DefaultListableBeanFactory     : Returning cached instance of singleton bean 'org.springframework.boot.autoconfigure.task.TaskExecutionAutoConfiguration'
2024-07-21T15:50:03.598+02:00 TRACE 248560 --- [crud-springboot] [           main] o.s.b.f.s.DefaultListableBeanFactory     : Returning cached instance of singleton bean 'spring.task.execution-org.springframework.boot.autoconfigure.task.TaskExecutionProperties'
2024-07-21T15:50:03.598+02:00 TRACE 248560 --- [crud-springboot] [           main] o.s.b.f.s.DefaultListableBeanFactory     : Returning cached instance of singleton bean 'org.springframework.boot.autoconfigure.web.servlet.error.ErrorMvcAutoConfiguration$WhitelabelErrorViewConfiguration'
2024-07-21T15:50:03.598+02:00 TRACE 248560 --- [crud-springboot] [           main] o.s.b.f.s.DefaultListableBeanFactory     : Returning cached instance of singleton bean 'error'
2024-07-21T15:50:03.598+02:00 TRACE 248560 --- [crud-springboot] [           main] o.s.b.f.s.DefaultListableBeanFactory     : Returning cached instance of singleton bean 'beanNameViewResolver'
2024-07-21T15:50:03.598+02:00 TRACE 248560 --- [crud-springboot] [           main] o.s.b.f.s.DefaultListableBeanFactory     : Returning cached instance of singleton bean 'org.springframework.boot.autoconfigure.web.servlet.error.ErrorMvcAutoConfiguration$DefaultErrorViewResolverConfiguration'
2024-07-21T15:50:03.598+02:00 TRACE 248560 --- [crud-springboot] [           main] o.s.b.f.s.DefaultListableBeanFactory     : Returning cached instance of singleton bean 'conventionErrorViewResolver'
2024-07-21T15:50:03.598+02:00 TRACE 248560 --- [crud-springboot] [           main] o.s.b.f.s.DefaultListableBeanFactory     : Returning cached instance of singleton bean 'spring.web-org.springframework.boot.autoconfigure.web.WebProperties'
2024-07-21T15:50:03.598+02:00 TRACE 248560 --- [crud-springboot] [           main] o.s.b.f.s.DefaultListableBeanFactory     : Returning cached instance of singleton bean 'org.springframework.boot.autoconfigure.web.servlet.error.ErrorMvcAutoConfiguration'
2024-07-21T15:50:03.598+02:00 TRACE 248560 --- [crud-springboot] [           main] o.s.b.f.s.DefaultListableBeanFactory     : Returning cached instance of singleton bean 'errorAttributes'
2024-07-21T15:50:03.598+02:00 TRACE 248560 --- [crud-springboot] [           main] o.s.b.f.s.DefaultListableBeanFactory     : Returning cached instance of singleton bean 'basicErrorController'
2024-07-21T15:50:03.599+02:00 TRACE 248560 --- [crud-springboot] [           main] o.s.b.f.s.DefaultListableBeanFactory     : Returning cached instance of singleton bean 'errorPageCustomizer'
2024-07-21T15:50:03.599+02:00 TRACE 248560 --- [crud-springboot] [           main] o.s.b.f.s.DefaultListableBeanFactory     : Returning cached instance of singleton bean 'preserveErrorControllerTargetClassPostProcessor'
2024-07-21T15:50:03.599+02:00 TRACE 248560 --- [crud-springboot] [           main] o.s.b.f.s.DefaultListableBeanFactory     : Returning cached instance of singleton bean 'org.springframework.boot.autoconfigure.web.servlet.WebMvcAutoConfiguration$EnableWebMvcConfiguration'
2024-07-21T15:50:03.599+02:00 TRACE 248560 --- [crud-springboot] [           main] o.s.b.f.s.DefaultListableBeanFactory     : Returning cached instance of singleton bean 'welcomePageHandlerMapping'
2024-07-21T15:50:03.599+02:00 TRACE 248560 --- [crud-springboot] [           main] o.s.b.f.s.DefaultListableBeanFactory     : Returning cached instance of singleton bean 'welcomePageNotAcceptableHandlerMapping'
2024-07-21T15:50:03.599+02:00 TRACE 248560 --- [crud-springboot] [           main] o.s.b.f.s.DefaultListableBeanFactory     : Returning cached instance of singleton bean 'localeResolver'
2024-07-21T15:50:03.599+02:00 TRACE 248560 --- [crud-springboot] [           main] o.s.b.f.s.DefaultListableBeanFactory     : Returning cached instance of singleton bean 'themeResolver'
2024-07-21T15:50:03.599+02:00 TRACE 248560 --- [crud-springboot] [           main] o.s.b.f.s.DefaultListableBeanFactory     : Returning cached instance of singleton bean 'flashMapManager'
2024-07-21T15:50:03.599+02:00 TRACE 248560 --- [crud-springboot] [           main] o.s.b.f.s.DefaultListableBeanFactory     : Returning cached instance of singleton bean 'mvcConversionService'
2024-07-21T15:50:03.599+02:00 TRACE 248560 --- [crud-springboot] [           main] o.s.b.f.s.DefaultListableBeanFactory     : Returning cached instance of singleton bean 'mvcValidator'
2024-07-21T15:50:03.599+02:00 TRACE 248560 --- [crud-springboot] [           main] o.s.b.f.s.DefaultListableBeanFactory     : Returning cached instance of singleton bean 'mvcContentNegotiationManager'
2024-07-21T15:50:03.599+02:00 TRACE 248560 --- [crud-springboot] [           main] o.s.b.f.s.DefaultListableBeanFactory     : Returning cached instance of singleton bean 'requestMappingHandlerMapping'
2024-07-21T15:50:03.599+02:00 TRACE 248560 --- [crud-springboot] [           main] o.s.b.f.s.DefaultListableBeanFactory     : Returning cached instance of singleton bean 'mvcPatternParser'
2024-07-21T15:50:03.599+02:00 TRACE 248560 --- [crud-springboot] [           main] o.s.b.f.s.DefaultListableBeanFactory     : Returning cached instance of singleton bean 'mvcUrlPathHelper'
2024-07-21T15:50:03.599+02:00 TRACE 248560 --- [crud-springboot] [           main] o.s.b.f.s.DefaultListableBeanFactory     : Returning cached instance of singleton bean 'mvcPathMatcher'
2024-07-21T15:50:03.599+02:00 TRACE 248560 --- [crud-springboot] [           main] o.s.b.f.s.DefaultListableBeanFactory     : Returning cached instance of singleton bean 'viewControllerHandlerMapping'
2024-07-21T15:50:03.600+02:00 TRACE 248560 --- [crud-springboot] [           main] o.s.b.f.s.DefaultListableBeanFactory     : Returning cached instance of singleton bean 'beanNameHandlerMapping'
2024-07-21T15:50:03.600+02:00 TRACE 248560 --- [crud-springboot] [           main] o.s.b.f.s.DefaultListableBeanFactory     : Returning cached instance of singleton bean 'routerFunctionMapping'
2024-07-21T15:50:03.600+02:00 TRACE 248560 --- [crud-springboot] [           main] o.s.b.f.s.DefaultListableBeanFactory     : Returning cached instance of singleton bean 'resourceHandlerMapping'
2024-07-21T15:50:03.600+02:00 TRACE 248560 --- [crud-springboot] [           main] o.s.b.f.s.DefaultListableBeanFactory     : Returning cached instance of singleton bean 'mvcResourceUrlProvider'
2024-07-21T15:50:03.600+02:00 TRACE 248560 --- [crud-springboot] [           main] o.s.b.f.s.DefaultListableBeanFactory     : Returning cached instance of singleton bean 'defaultServletHandlerMapping'
2024-07-21T15:50:03.600+02:00 TRACE 248560 --- [crud-springboot] [           main] o.s.b.f.s.DefaultListableBeanFactory     : Returning cached instance of singleton bean 'requestMappingHandlerAdapter'
2024-07-21T15:50:03.600+02:00 TRACE 248560 --- [crud-springboot] [           main] o.s.b.f.s.DefaultListableBeanFactory     : Returning cached instance of singleton bean 'handlerFunctionAdapter'
2024-07-21T15:50:03.600+02:00 TRACE 248560 --- [crud-springboot] [           main] o.s.b.f.s.DefaultListableBeanFactory     : Returning cached instance of singleton bean 'mvcUriComponentsContributor'
2024-07-21T15:50:03.600+02:00 TRACE 248560 --- [crud-springboot] [           main] o.s.b.f.s.DefaultListableBeanFactory     : Returning cached instance of singleton bean 'httpRequestHandlerAdapter'
2024-07-21T15:50:03.600+02:00 TRACE 248560 --- [crud-springboot] [           main] o.s.b.f.s.DefaultListableBeanFactory     : Returning cached instance of singleton bean 'simpleControllerHandlerAdapter'
2024-07-21T15:50:03.600+02:00 TRACE 248560 --- [crud-springboot] [           main] o.s.b.f.s.DefaultListableBeanFactory     : Returning cached instance of singleton bean 'handlerExceptionResolver'
2024-07-21T15:50:03.600+02:00 TRACE 248560 --- [crud-springboot] [           main] o.s.b.f.s.DefaultListableBeanFactory     : Returning cached instance of singleton bean 'mvcViewResolver'
2024-07-21T15:50:03.600+02:00 TRACE 248560 --- [crud-springboot] [           main] o.s.b.f.s.DefaultListableBeanFactory     : Returning cached instance of singleton bean 'mvcHandlerMappingIntrospector'
2024-07-21T15:50:03.600+02:00 TRACE 248560 --- [crud-springboot] [           main] o.s.b.f.s.DefaultListableBeanFactory     : Returning cached instance of singleton bean 'viewNameTranslator'
2024-07-21T15:50:03.600+02:00 TRACE 248560 --- [crud-springboot] [           main] o.s.b.f.s.DefaultListableBeanFactory     : Returning cached instance of singleton bean 'org.springframework.boot.autoconfigure.web.servlet.WebMvcAutoConfiguration$WebMvcAutoConfigurationAdapter'
2024-07-21T15:50:03.600+02:00 TRACE 248560 --- [crud-springboot] [           main] o.s.b.f.s.DefaultListableBeanFactory     : Returning cached instance of singleton bean 'defaultViewResolver'
2024-07-21T15:50:03.600+02:00 TRACE 248560 --- [crud-springboot] [           main] o.s.b.f.s.DefaultListableBeanFactory     : Returning cached instance of singleton bean 'viewResolver'
2024-07-21T15:50:03.600+02:00 TRACE 248560 --- [crud-springboot] [           main] o.s.b.f.s.DefaultListableBeanFactory     : Returning cached instance of singleton bean 'requestContextFilter'
2024-07-21T15:50:03.600+02:00 TRACE 248560 --- [crud-springboot] [           main] o.s.b.f.s.DefaultListableBeanFactory     : Returning cached instance of singleton bean 'org.springframework.boot.autoconfigure.web.servlet.WebMvcAutoConfiguration'
2024-07-21T15:50:03.600+02:00 TRACE 248560 --- [crud-springboot] [           main] o.s.b.f.s.DefaultListableBeanFactory     : Returning cached instance of singleton bean 'formContentFilter'
2024-07-21T15:50:03.600+02:00 TRACE 248560 --- [crud-springboot] [           main] o.s.b.f.s.DefaultListableBeanFactory     : Returning cached instance of singleton bean 'org.springframework.boot.autoconfigure.aop.AopAutoConfiguration$AspectJAutoProxyingConfiguration$CglibAutoProxyConfiguration'
2024-07-21T15:50:03.600+02:00 TRACE 248560 --- [crud-springboot] [           main] o.s.b.f.s.DefaultListableBeanFactory     : Returning cached instance of singleton bean 'org.springframework.aop.config.internalAutoProxyCreator'
2024-07-21T15:50:03.600+02:00 TRACE 248560 --- [crud-springboot] [           main] o.s.b.f.s.DefaultListableBeanFactory     : Returning cached instance of singleton bean 'org.springframework.boot.autoconfigure.aop.AopAutoConfiguration$AspectJAutoProxyingConfiguration'
2024-07-21T15:50:03.600+02:00 TRACE 248560 --- [crud-springboot] [           main] o.s.b.f.s.DefaultListableBeanFactory     : Returning cached instance of singleton bean 'org.springframework.boot.autoconfigure.aop.AopAutoConfiguration'
2024-07-21T15:50:03.600+02:00 TRACE 248560 --- [crud-springboot] [           main] o.s.b.f.s.DefaultListableBeanFactory     : Returning cached instance of singleton bean 'org.springframework.boot.autoconfigure.availability.ApplicationAvailabilityAutoConfiguration'
2024-07-21T15:50:03.600+02:00 TRACE 248560 --- [crud-springboot] [           main] o.s.b.f.s.DefaultListableBeanFactory     : Returning cached instance of singleton bean 'applicationAvailability'
2024-07-21T15:50:03.600+02:00 TRACE 248560 --- [crud-springboot] [           main] o.s.b.f.s.DefaultListableBeanFactory     : Returning cached instance of singleton bean 'org.springframework.boot.autoconfigure.transaction.jta.JtaAutoConfiguration'
2024-07-21T15:50:03.600+02:00 TRACE 248560 --- [crud-springboot] [           main] o.s.b.f.s.DefaultListableBeanFactory     : Returning cached instance of singleton bean 'org.springframework.boot.autoconfigure.jdbc.DataSourceConfiguration$Hikari'
2024-07-21T15:50:03.600+02:00 TRACE 248560 --- [crud-springboot] [           main] o.s.b.f.s.DefaultListableBeanFactory     : Returning cached instance of singleton bean 'jdbcConnectionDetailsHikariBeanPostProcessor'
2024-07-21T15:50:03.600+02:00 TRACE 248560 --- [crud-springboot] [           main] o.s.b.f.s.DefaultListableBeanFactory     : Returning cached instance of singleton bean 'dataSource'
2024-07-21T15:50:03.601+02:00 TRACE 248560 --- [crud-springboot] [           main] o.s.b.f.s.DefaultListableBeanFactory     : Returning cached instance of singleton bean 'org.springframework.boot.autoconfigure.jdbc.DataSourceAutoConfiguration$PooledDataSourceConfiguration'
2024-07-21T15:50:03.601+02:00 TRACE 248560 --- [crud-springboot] [           main] o.s.b.f.s.DefaultListableBeanFactory     : Returning cached instance of singleton bean 'jdbcConnectionDetails'
2024-07-21T15:50:03.601+02:00 TRACE 248560 --- [crud-springboot] [           main] o.s.b.f.s.DefaultListableBeanFactory     : Returning cached instance of singleton bean 'org.springframework.boot.autoconfigure.jdbc.metadata.DataSourcePoolMetadataProvidersConfiguration$HikariPoolDataSourceMetadataProviderConfiguration'
2024-07-21T15:50:03.601+02:00 TRACE 248560 --- [crud-springboot] [           main] o.s.b.f.s.DefaultListableBeanFactory     : Returning cached instance of singleton bean 'hikariPoolDataSourceMetadataProvider'
2024-07-21T15:50:03.601+02:00 TRACE 248560 --- [crud-springboot] [           main] o.s.b.f.s.DefaultListableBeanFactory     : Returning cached instance of singleton bean 'org.springframework.boot.autoconfigure.jdbc.metadata.DataSourcePoolMetadataProvidersConfiguration'
2024-07-21T15:50:03.601+02:00 TRACE 248560 --- [crud-springboot] [           main] o.s.b.f.s.DefaultListableBeanFactory     : Returning cached instance of singleton bean 'org.springframework.boot.autoconfigure.jdbc.DataSourceAutoConfiguration'
2024-07-21T15:50:03.601+02:00 TRACE 248560 --- [crud-springboot] [           main] o.s.b.f.s.DefaultListableBeanFactory     : Returning cached instance of singleton bean 'spring.datasource-org.springframework.boot.autoconfigure.jdbc.DataSourceProperties'
2024-07-21T15:50:03.601+02:00 TRACE 248560 --- [crud-springboot] [           main] o.s.b.f.s.DefaultListableBeanFactory     : Returning cached instance of singleton bean 'org.springframework.boot.autoconfigure.transaction.TransactionManagerCustomizationAutoConfiguration'
2024-07-21T15:50:03.601+02:00 TRACE 248560 --- [crud-springboot] [           main] o.s.b.f.s.DefaultListableBeanFactory     : Returning cached instance of singleton bean 'platformTransactionManagerCustomizers'
2024-07-21T15:50:03.601+02:00 TRACE 248560 --- [crud-springboot] [           main] o.s.b.f.s.DefaultListableBeanFactory     : Returning cached instance of singleton bean 'transactionExecutionListeners'
2024-07-21T15:50:03.601+02:00 TRACE 248560 --- [crud-springboot] [           main] o.s.b.f.s.DefaultListableBeanFactory     : Returning cached instance of singleton bean 'spring.transaction-org.springframework.boot.autoconfigure.transaction.TransactionProperties'
2024-07-21T15:50:03.601+02:00 TRACE 248560 --- [crud-springboot] [           main] o.s.b.f.s.DefaultListableBeanFactory     : Returning cached instance of singleton bean 'org.springframework.boot.autoconfigure.orm.jpa.JpaBaseConfiguration$JpaWebConfiguration'
2024-07-21T15:50:03.601+02:00 TRACE 248560 --- [crud-springboot] [           main] o.s.b.f.s.DefaultListableBeanFactory     : Returning cached instance of singleton bean 'openEntityManagerInViewInterceptor'
2024-07-21T15:50:03.601+02:00 TRACE 248560 --- [crud-springboot] [           main] o.s.b.f.s.DefaultListableBeanFactory     : Returning cached instance of singleton bean 'openEntityManagerInViewInterceptorConfigurer'
2024-07-21T15:50:03.601+02:00 TRACE 248560 --- [crud-springboot] [           main] o.s.b.f.s.DefaultListableBeanFactory     : Returning cached instance of singleton bean 'org.springframework.boot.autoconfigure.orm.jpa.JpaBaseConfiguration$PersistenceManagedTypesConfiguration'
2024-07-21T15:50:03.601+02:00 TRACE 248560 --- [crud-springboot] [           main] o.s.b.f.s.DefaultListableBeanFactory     : Returning cached instance of singleton bean 'persistenceManagedTypes'
2024-07-21T15:50:03.601+02:00 TRACE 248560 --- [crud-springboot] [           main] o.s.b.f.s.DefaultListableBeanFactory     : Returning cached instance of singleton bean 'org.springframework.boot.autoconfigure.orm.jpa.HibernateJpaConfiguration'
2024-07-21T15:50:03.601+02:00 TRACE 248560 --- [crud-springboot] [           main] o.s.b.f.s.DefaultListableBeanFactory     : Returning cached instance of singleton bean 'transactionManager'
2024-07-21T15:50:03.601+02:00 TRACE 248560 --- [crud-springboot] [           main] o.s.b.f.s.DefaultListableBeanFactory     : Returning cached instance of singleton bean 'jpaVendorAdapter'
2024-07-21T15:50:03.601+02:00 TRACE 248560 --- [crud-springboot] [           main] o.s.b.f.s.DefaultListableBeanFactory     : Returning cached instance of singleton bean 'entityManagerFactoryBuilder'
2024-07-21T15:50:03.601+02:00 TRACE 248560 --- [crud-springboot] [           main] o.s.b.f.s.DefaultListableBeanFactory     : Returning cached instance of singleton bean 'entityManagerFactory'
2024-07-21T15:50:03.601+02:00 TRACE 248560 --- [crud-springboot] [           main] o.s.b.f.s.DefaultListableBeanFactory     : Returning cached instance of singleton bean 'entityManagerFactory'
2024-07-21T15:50:03.602+02:00 TRACE 248560 --- [crud-springboot] [           main] o.s.b.f.s.DefaultListableBeanFactory     : Returning cached instance of singleton bean 'spring.jpa.hibernate-org.springframework.boot.autoconfigure.orm.jpa.HibernateProperties'
2024-07-21T15:50:03.602+02:00 TRACE 248560 --- [crud-springboot] [           main] o.s.b.f.s.DefaultListableBeanFactory     : Returning cached instance of singleton bean 'spring.jpa-org.springframework.boot.autoconfigure.orm.jpa.JpaProperties'
2024-07-21T15:50:03.602+02:00 TRACE 248560 --- [crud-springboot] [           main] o.s.b.f.s.DefaultListableBeanFactory     : Returning cached instance of singleton bean 'org.springframework.boot.autoconfigure.orm.jpa.HibernateJpaAutoConfiguration'
2024-07-21T15:50:03.602+02:00 TRACE 248560 --- [crud-springboot] [           main] o.s.b.f.s.DefaultListableBeanFactory     : Returning cached instance of singleton bean 'org.springframework.boot.autoconfigure.jackson.JacksonAutoConfiguration$Jackson2ObjectMapperBuilderCustomizerConfiguration'
2024-07-21T15:50:03.602+02:00 TRACE 248560 --- [crud-springboot] [           main] o.s.b.f.s.DefaultListableBeanFactory     : Returning cached instance of singleton bean 'standardJacksonObjectMapperBuilderCustomizer'
2024-07-21T15:50:03.602+02:00 TRACE 248560 --- [crud-springboot] [           main] o.s.b.f.s.DefaultListableBeanFactory     : Returning cached instance of singleton bean 'spring.jackson-org.springframework.boot.autoconfigure.jackson.JacksonProperties'
2024-07-21T15:50:03.602+02:00 TRACE 248560 --- [crud-springboot] [           main] o.s.b.f.s.DefaultListableBeanFactory     : Returning cached instance of singleton bean 'org.springframework.boot.autoconfigure.jackson.JacksonAutoConfiguration$JacksonObjectMapperBuilderConfiguration'
2024-07-21T15:50:03.602+02:00 TRACE 248560 --- [crud-springboot] [           main] o.s.b.f.s.DefaultListableBeanFactory     : Returning cached instance of singleton bean 'org.springframework.boot.autoconfigure.jackson.JacksonAutoConfiguration$ParameterNamesModuleConfiguration'
2024-07-21T15:50:03.602+02:00 TRACE 248560 --- [crud-springboot] [           main] o.s.b.f.s.DefaultListableBeanFactory     : Returning cached instance of singleton bean 'parameterNamesModule'
2024-07-21T15:50:03.602+02:00 TRACE 248560 --- [crud-springboot] [           main] o.s.b.f.s.DefaultListableBeanFactory     : Returning cached instance of singleton bean 'org.springframework.boot.autoconfigure.jackson.JacksonAutoConfiguration$JacksonObjectMapperConfiguration'
2024-07-21T15:50:03.602+02:00 TRACE 248560 --- [crud-springboot] [           main] o.s.b.f.s.DefaultListableBeanFactory     : Returning cached instance of singleton bean 'jacksonObjectMapper'
2024-07-21T15:50:03.602+02:00 TRACE 248560 --- [crud-springboot] [           main] o.s.b.f.s.DefaultListableBeanFactory     : Returning cached instance of singleton bean 'org.springframework.boot.autoconfigure.jackson.JacksonAutoConfiguration$JacksonMixinConfiguration'
2024-07-21T15:50:03.602+02:00 TRACE 248560 --- [crud-springboot] [           main] o.s.b.f.s.DefaultListableBeanFactory     : Returning cached instance of singleton bean 'jsonMixinModuleEntries'
2024-07-21T15:50:03.602+02:00 TRACE 248560 --- [crud-springboot] [           main] o.s.b.f.s.DefaultListableBeanFactory     : Returning cached instance of singleton bean 'jsonMixinModule'
2024-07-21T15:50:03.602+02:00 TRACE 248560 --- [crud-springboot] [           main] o.s.b.f.s.DefaultListableBeanFactory     : Returning cached instance of singleton bean 'org.springframework.boot.autoconfigure.jackson.JacksonAutoConfiguration'
2024-07-21T15:50:03.602+02:00 TRACE 248560 --- [crud-springboot] [           main] o.s.b.f.s.DefaultListableBeanFactory     : Returning cached instance of singleton bean 'jsonComponentModule'
2024-07-21T15:50:03.602+02:00 TRACE 248560 --- [crud-springboot] [           main] o.s.b.f.s.DefaultListableBeanFactory     : Returning cached instance of singleton bean 'org.springframework.boot.autoconfigure.context.ConfigurationPropertiesAutoConfiguration'
2024-07-21T15:50:03.602+02:00 TRACE 248560 --- [crud-springboot] [           main] o.s.b.f.s.DefaultListableBeanFactory     : Returning cached instance of singleton bean 'org.springframework.boot.autoconfigure.context.LifecycleAutoConfiguration'
2024-07-21T15:50:03.602+02:00 TRACE 248560 --- [crud-springboot] [           main] o.s.b.f.s.DefaultListableBeanFactory     : Returning cached instance of singleton bean 'lifecycleProcessor'
2024-07-21T15:50:03.602+02:00 TRACE 248560 --- [crud-springboot] [           main] o.s.b.f.s.DefaultListableBeanFactory     : Returning cached instance of singleton bean 'spring.lifecycle-org.springframework.boot.autoconfigure.context.LifecycleProperties'
2024-07-21T15:50:03.602+02:00 TRACE 248560 --- [crud-springboot] [           main] o.s.b.f.s.DefaultListableBeanFactory     : Returning cached instance of singleton bean 'org.springframework.boot.autoconfigure.dao.PersistenceExceptionTranslationAutoConfiguration'
2024-07-21T15:50:03.602+02:00 TRACE 248560 --- [crud-springboot] [           main] o.s.b.f.s.DefaultListableBeanFactory     : Returning cached instance of singleton bean 'persistenceExceptionTranslationPostProcessor'
2024-07-21T15:50:03.602+02:00 TRACE 248560 --- [crud-springboot] [           main] o.s.b.f.s.DefaultListableBeanFactory     : Returning cached instance of singleton bean 'org.springframework.boot.autoconfigure.data.jpa.JpaRepositoriesAutoConfiguration'
2024-07-21T15:50:03.602+02:00 TRACE 248560 --- [crud-springboot] [           main] o.s.b.f.s.DefaultListableBeanFactory     : Returning cached instance of singleton bean 'jpaSharedEM_entityManagerFactory'
2024-07-21T15:50:03.602+02:00 TRACE 248560 --- [crud-springboot] [           main] o.s.b.f.s.DefaultListableBeanFactory     : Returning cached instance of singleton bean 'emBeanDefinitionRegistrarPostProcessor'
2024-07-21T15:50:03.602+02:00 TRACE 248560 --- [crud-springboot] [           main] o.s.b.f.s.DefaultListableBeanFactory     : Returning cached instance of singleton bean 'jpaMappingContext'
2024-07-21T15:50:03.602+02:00 TRACE 248560 --- [crud-springboot] [           main] o.s.b.f.s.DefaultListableBeanFactory     : Returning cached instance of singleton bean 'jpaMappingContext'
2024-07-21T15:50:03.602+02:00 TRACE 248560 --- [crud-springboot] [           main] o.s.b.f.s.DefaultListableBeanFactory     : Returning cached instance of singleton bean 'org.springframework.data.jpa.util.JpaMetamodelCacheCleanup'
2024-07-21T15:50:03.602+02:00 TRACE 248560 --- [crud-springboot] [           main] o.s.b.f.s.DefaultListableBeanFactory     : Returning cached instance of singleton bean 'org.springframework.data.jpa.repository.support.JpaEvaluationContextExtension'
2024-07-21T15:50:03.602+02:00 TRACE 248560 --- [crud-springboot] [           main] o.s.b.f.s.DefaultListableBeanFactory     : Returning cached instance of singleton bean 'jpa.named-queries#0'
2024-07-21T15:50:03.602+02:00 TRACE 248560 --- [crud-springboot] [           main] o.s.b.f.s.DefaultListableBeanFactory     : Returning cached instance of singleton bean 'jpa.named-queries#0'
2024-07-21T15:50:03.602+02:00 TRACE 248560 --- [crud-springboot] [           main] o.s.b.f.s.DefaultListableBeanFactory     : Returning cached instance of singleton bean 'jpa.PersonRepository.fragments#0'
2024-07-21T15:50:03.602+02:00 TRACE 248560 --- [crud-springboot] [           main] o.s.b.f.s.DefaultListableBeanFactory     : Returning cached instance of singleton bean 'jpa.PersonRepository.fragments#0'
2024-07-21T15:50:03.602+02:00 TRACE 248560 --- [crud-springboot] [           main] o.s.b.f.s.DefaultListableBeanFactory     : Returning cached instance of singleton bean 'personRepository'
2024-07-21T15:50:03.602+02:00 TRACE 248560 --- [crud-springboot] [           main] o.s.b.f.s.DefaultListableBeanFactory     : Returning cached instance of singleton bean 'personRepository'
2024-07-21T15:50:03.603+02:00 TRACE 248560 --- [crud-springboot] [           main] o.s.b.f.s.DefaultListableBeanFactory     : Returning cached instance of singleton bean 'jpa.named-queries#1'
2024-07-21T15:50:03.603+02:00 TRACE 248560 --- [crud-springboot] [           main] o.s.b.f.s.DefaultListableBeanFactory     : Returning cached instance of singleton bean 'jpa.named-queries#1'
2024-07-21T15:50:03.603+02:00 TRACE 248560 --- [crud-springboot] [           main] o.s.b.f.s.DefaultListableBeanFactory     : Returning cached instance of singleton bean 'jpa.DishRepository.fragments#0'
2024-07-21T15:50:03.603+02:00 TRACE 248560 --- [crud-springboot] [           main] o.s.b.f.s.DefaultListableBeanFactory     : Returning cached instance of singleton bean 'jpa.DishRepository.fragments#0'
2024-07-21T15:50:03.603+02:00 TRACE 248560 --- [crud-springboot] [           main] o.s.b.f.s.DefaultListableBeanFactory     : Returning cached instance of singleton bean 'dishRepository'
2024-07-21T15:50:03.603+02:00 TRACE 248560 --- [crud-springboot] [           main] o.s.b.f.s.DefaultListableBeanFactory     : Returning cached instance of singleton bean 'dishRepository'
2024-07-21T15:50:03.603+02:00 TRACE 248560 --- [crud-springboot] [           main] o.s.b.f.s.DefaultListableBeanFactory     : Returning cached instance of singleton bean 'jpa.named-queries#2'
2024-07-21T15:50:03.603+02:00 TRACE 248560 --- [crud-springboot] [           main] o.s.b.f.s.DefaultListableBeanFactory     : Returning cached instance of singleton bean 'jpa.named-queries#2'
2024-07-21T15:50:03.603+02:00 TRACE 248560 --- [crud-springboot] [           main] o.s.b.f.s.DefaultListableBeanFactory     : Returning cached instance of singleton bean 'jpa.AllergenRepository.fragments#0'
2024-07-21T15:50:03.603+02:00 TRACE 248560 --- [crud-springboot] [           main] o.s.b.f.s.DefaultListableBeanFactory     : Returning cached instance of singleton bean 'jpa.AllergenRepository.fragments#0'
2024-07-21T15:50:03.603+02:00 TRACE 248560 --- [crud-springboot] [           main] o.s.b.f.s.DefaultListableBeanFactory     : Returning cached instance of singleton bean 'allergenRepository'
2024-07-21T15:50:03.603+02:00 TRACE 248560 --- [crud-springboot] [           main] o.s.b.f.s.DefaultListableBeanFactory     : Returning cached instance of singleton bean 'allergenRepository'
2024-07-21T15:50:03.603+02:00 TRACE 248560 --- [crud-springboot] [           main] o.s.b.f.s.DefaultListableBeanFactory     : Returning cached instance of singleton bean 'jpa.named-queries#3'
2024-07-21T15:50:03.603+02:00 TRACE 248560 --- [crud-springboot] [           main] o.s.b.f.s.DefaultListableBeanFactory     : Returning cached instance of singleton bean 'jpa.named-queries#3'
2024-07-21T15:50:03.603+02:00 TRACE 248560 --- [crud-springboot] [           main] o.s.b.f.s.DefaultListableBeanFactory     : Returning cached instance of singleton bean 'jpa.MenuRepository.fragments#0'
2024-07-21T15:50:03.603+02:00 TRACE 248560 --- [crud-springboot] [           main] o.s.b.f.s.DefaultListableBeanFactory     : Returning cached instance of singleton bean 'jpa.MenuRepository.fragments#0'
2024-07-21T15:50:03.603+02:00 TRACE 248560 --- [crud-springboot] [           main] o.s.b.f.s.DefaultListableBeanFactory     : Returning cached instance of singleton bean 'menuRepository'
2024-07-21T15:50:03.603+02:00 TRACE 248560 --- [crud-springboot] [           main] o.s.b.f.s.DefaultListableBeanFactory     : Returning cached instance of singleton bean 'menuRepository'
2024-07-21T15:50:03.603+02:00 TRACE 248560 --- [crud-springboot] [           main] o.s.b.f.s.DefaultListableBeanFactory     : Returning cached instance of singleton bean 'jpa.named-queries#4'
2024-07-21T15:50:03.603+02:00 TRACE 248560 --- [crud-springboot] [           main] o.s.b.f.s.DefaultListableBeanFactory     : Returning cached instance of singleton bean 'jpa.named-queries#4'
2024-07-21T15:50:03.603+02:00 TRACE 248560 --- [crud-springboot] [           main] o.s.b.f.s.DefaultListableBeanFactory     : Returning cached instance of singleton bean 'jpa.IngredientRepository.fragments#0'
2024-07-21T15:50:03.603+02:00 TRACE 248560 --- [crud-springboot] [           main] o.s.b.f.s.DefaultListableBeanFactory     : Returning cached instance of singleton bean 'jpa.IngredientRepository.fragments#0'
2024-07-21T15:50:03.603+02:00 TRACE 248560 --- [crud-springboot] [           main] o.s.b.f.s.DefaultListableBeanFactory     : Returning cached instance of singleton bean 'ingredientRepository'
2024-07-21T15:50:03.603+02:00 TRACE 248560 --- [crud-springboot] [           main] o.s.b.f.s.DefaultListableBeanFactory     : Returning cached instance of singleton bean 'ingredientRepository'
2024-07-21T15:50:03.604+02:00 TRACE 248560 --- [crud-springboot] [           main] o.s.b.f.s.DefaultListableBeanFactory     : Returning cached instance of singleton bean 'jpa.named-queries#5'
2024-07-21T15:50:03.604+02:00 TRACE 248560 --- [crud-springboot] [           main] o.s.b.f.s.DefaultListableBeanFactory     : Returning cached instance of singleton bean 'jpa.named-queries#5'
2024-07-21T15:50:03.604+02:00 TRACE 248560 --- [crud-springboot] [           main] o.s.b.f.s.DefaultListableBeanFactory     : Returning cached instance of singleton bean 'jpa.UserRepository.fragments#0'
2024-07-21T15:50:03.604+02:00 TRACE 248560 --- [crud-springboot] [           main] o.s.b.f.s.DefaultListableBeanFactory     : Returning cached instance of singleton bean 'jpa.UserRepository.fragments#0'
2024-07-21T15:50:03.604+02:00 TRACE 248560 --- [crud-springboot] [           main] o.s.b.f.s.DefaultListableBeanFactory     : Returning cached instance of singleton bean 'userRepository'
2024-07-21T15:50:03.604+02:00 TRACE 248560 --- [crud-springboot] [           main] o.s.b.f.s.DefaultListableBeanFactory     : Returning cached instance of singleton bean 'userRepository'
2024-07-21T15:50:03.604+02:00 TRACE 248560 --- [crud-springboot] [           main] o.s.b.f.s.DefaultListableBeanFactory     : Returning cached instance of singleton bean 'jpa.named-queries#6'
2024-07-21T15:50:03.604+02:00 TRACE 248560 --- [crud-springboot] [           main] o.s.b.f.s.DefaultListableBeanFactory     : Returning cached instance of singleton bean 'jpa.named-queries#6'
2024-07-21T15:50:03.604+02:00 TRACE 248560 --- [crud-springboot] [           main] o.s.b.f.s.DefaultListableBeanFactory     : Returning cached instance of singleton bean 'jpa.CardRepository.fragments#0'
2024-07-21T15:50:03.604+02:00 TRACE 248560 --- [crud-springboot] [           main] o.s.b.f.s.DefaultListableBeanFactory     : Returning cached instance of singleton bean 'jpa.CardRepository.fragments#0'
2024-07-21T15:50:03.604+02:00 TRACE 248560 --- [crud-springboot] [           main] o.s.b.f.s.DefaultListableBeanFactory     : Returning cached instance of singleton bean 'cardRepository'
2024-07-21T15:50:03.604+02:00 TRACE 248560 --- [crud-springboot] [           main] o.s.b.f.s.DefaultListableBeanFactory     : Returning cached instance of singleton bean 'cardRepository'
2024-07-21T15:50:03.604+02:00 TRACE 248560 --- [crud-springboot] [           main] o.s.b.f.s.DefaultListableBeanFactory     : Returning cached instance of singleton bean 'data-jpa.repository-aot-processor#0'
2024-07-21T15:50:03.604+02:00 TRACE 248560 --- [crud-springboot] [           main] o.s.b.f.s.DefaultListableBeanFactory     : Returning cached instance of singleton bean 'org.springframework.boot.autoconfigure.http.HttpMessageConvertersAutoConfiguration$StringHttpMessageConverterConfiguration'
2024-07-21T15:50:03.604+02:00 TRACE 248560 --- [crud-springboot] [           main] o.s.b.f.s.DefaultListableBeanFactory     : Returning cached instance of singleton bean 'stringHttpMessageConverter'
2024-07-21T15:50:03.604+02:00 TRACE 248560 --- [crud-springboot] [           main] o.s.b.f.s.DefaultListableBeanFactory     : Returning cached instance of singleton bean 'org.springframework.boot.autoconfigure.http.JacksonHttpMessageConvertersConfiguration$MappingJackson2HttpMessageConverterConfiguration'
2024-07-21T15:50:03.604+02:00 TRACE 248560 --- [crud-springboot] [           main] o.s.b.f.s.DefaultListableBeanFactory     : Returning cached instance of singleton bean 'mappingJackson2HttpMessageConverter'
2024-07-21T15:50:03.604+02:00 TRACE 248560 --- [crud-springboot] [           main] o.s.b.f.s.DefaultListableBeanFactory     : Returning cached instance of singleton bean 'org.springframework.boot.autoconfigure.http.JacksonHttpMessageConvertersConfiguration'
2024-07-21T15:50:03.604+02:00 TRACE 248560 --- [crud-springboot] [           main] o.s.b.f.s.DefaultListableBeanFactory     : Returning cached instance of singleton bean 'org.springframework.boot.autoconfigure.http.HttpMessageConvertersAutoConfiguration'
2024-07-21T15:50:03.604+02:00 TRACE 248560 --- [crud-springboot] [           main] o.s.b.f.s.DefaultListableBeanFactory     : Returning cached instance of singleton bean 'messageConverters'
2024-07-21T15:50:03.604+02:00 TRACE 248560 --- [crud-springboot] [           main] o.s.b.f.s.DefaultListableBeanFactory     : Returning cached instance of singleton bean 'org.springframework.data.web.config.ProjectingArgumentResolverRegistrar'
2024-07-21T15:50:03.604+02:00 TRACE 248560 --- [crud-springboot] [           main] o.s.b.f.s.DefaultListableBeanFactory     : Returning cached instance of singleton bean 'projectingArgumentResolverBeanPostProcessor'
2024-07-21T15:50:03.604+02:00 TRACE 248560 --- [crud-springboot] [           main] o.s.b.f.s.DefaultListableBeanFactory     : Returning cached instance of singleton bean 'org.springframework.data.web.config.SpringDataWebConfiguration'
2024-07-21T15:50:03.604+02:00 TRACE 248560 --- [crud-springboot] [           main] o.s.b.f.s.DefaultListableBeanFactory     : Returning cached instance of singleton bean 'pageableResolver'
2024-07-21T15:50:03.604+02:00 TRACE 248560 --- [crud-springboot] [           main] o.s.b.f.s.DefaultListableBeanFactory     : Returning cached instance of singleton bean 'sortResolver'
2024-07-21T15:50:03.604+02:00 TRACE 248560 --- [crud-springboot] [           main] o.s.b.f.s.DefaultListableBeanFactory     : Returning cached instance of singleton bean 'offsetResolver'
2024-07-21T15:50:03.604+02:00 TRACE 248560 --- [crud-springboot] [           main] o.s.b.f.s.DefaultListableBeanFactory     : Returning cached instance of singleton bean 'org.springframework.data.web.config.SpringDataJacksonConfiguration'
2024-07-21T15:50:03.604+02:00 TRACE 248560 --- [crud-springboot] [           main] o.s.b.f.s.DefaultListableBeanFactory     : Returning cached instance of singleton bean 'jacksonGeoModule'
2024-07-21T15:50:03.604+02:00 TRACE 248560 --- [crud-springboot] [           main] o.s.b.f.s.DefaultListableBeanFactory     : Returning cached instance of singleton bean 'pageModule'
2024-07-21T15:50:03.604+02:00 TRACE 248560 --- [crud-springboot] [           main] o.s.b.f.s.DefaultListableBeanFactory     : Returning cached instance of singleton bean 'org.springframework.boot.autoconfigure.data.web.SpringDataWebAutoConfiguration'
2024-07-21T15:50:03.604+02:00 TRACE 248560 --- [crud-springboot] [           main] o.s.b.f.s.DefaultListableBeanFactory     : Returning cached instance of singleton bean 'pageableCustomizer'
2024-07-21T15:50:03.605+02:00 TRACE 248560 --- [crud-springboot] [           main] o.s.b.f.s.DefaultListableBeanFactory     : Returning cached instance of singleton bean 'sortCustomizer'
2024-07-21T15:50:03.605+02:00 TRACE 248560 --- [crud-springboot] [           main] o.s.b.f.s.DefaultListableBeanFactory     : Returning cached instance of singleton bean 'spring.data.web-org.springframework.boot.autoconfigure.data.web.SpringDataWebProperties'
2024-07-21T15:50:03.605+02:00 TRACE 248560 --- [crud-springboot] [           main] o.s.b.f.s.DefaultListableBeanFactory     : Returning cached instance of singleton bean 'org.springframework.boot.autoconfigure.info.ProjectInfoAutoConfiguration'
2024-07-21T15:50:03.605+02:00 TRACE 248560 --- [crud-springboot] [           main] o.s.b.f.s.DefaultListableBeanFactory     : Returning cached instance of singleton bean 'spring.info-org.springframework.boot.autoconfigure.info.ProjectInfoProperties'
2024-07-21T15:50:03.605+02:00 TRACE 248560 --- [crud-springboot] [           main] o.s.b.f.s.DefaultListableBeanFactory     : Returning cached instance of singleton bean 'org.springframework.boot.autoconfigure.jdbc.JdbcTemplateConfiguration'
2024-07-21T15:50:03.605+02:00 TRACE 248560 --- [crud-springboot] [           main] o.s.b.f.s.DefaultListableBeanFactory     : Returning cached instance of singleton bean 'jdbcTemplate'
2024-07-21T15:50:03.605+02:00 TRACE 248560 --- [crud-springboot] [           main] o.s.b.f.s.DefaultListableBeanFactory     : Returning cached instance of singleton bean 'org.springframework.boot.autoconfigure.jdbc.NamedParameterJdbcTemplateConfiguration'
2024-07-21T15:50:03.605+02:00 TRACE 248560 --- [crud-springboot] [           main] o.s.b.f.s.DefaultListableBeanFactory     : Returning cached instance of singleton bean 'namedParameterJdbcTemplate'
2024-07-21T15:50:03.605+02:00 TRACE 248560 --- [crud-springboot] [           main] o.s.b.f.s.DefaultListableBeanFactory     : Returning cached instance of singleton bean 'org.springframework.boot.autoconfigure.jdbc.JdbcTemplateAutoConfiguration'
2024-07-21T15:50:03.605+02:00 TRACE 248560 --- [crud-springboot] [           main] o.s.b.f.s.DefaultListableBeanFactory     : Returning cached instance of singleton bean 'spring.jdbc-org.springframework.boot.autoconfigure.jdbc.JdbcProperties'
2024-07-21T15:50:03.605+02:00 TRACE 248560 --- [crud-springboot] [           main] o.s.b.f.s.DefaultListableBeanFactory     : Returning cached instance of singleton bean 'org.springframework.boot.sql.init.dependency.DatabaseInitializationDependencyConfigurer$DependsOnDatabaseInitializationPostProcessor'
2024-07-21T15:50:03.605+02:00 TRACE 248560 --- [crud-springboot] [           main] o.s.b.f.s.DefaultListableBeanFactory     : Returning cached instance of singleton bean 'org.springframework.boot.autoconfigure.jdbc.JdbcClientAutoConfiguration'
2024-07-21T15:50:03.605+02:00 TRACE 248560 --- [crud-springboot] [           main] o.s.b.f.s.DefaultListableBeanFactory     : Returning cached instance of singleton bean 'jdbcClient'
2024-07-21T15:50:03.605+02:00 TRACE 248560 --- [crud-springboot] [           main] o.s.b.f.s.DefaultListableBeanFactory     : Returning cached instance of singleton bean 'org.springframework.boot.autoconfigure.security.servlet.SpringBootWebSecurityConfiguration'
2024-07-21T15:50:03.605+02:00 TRACE 248560 --- [crud-springboot] [           main] o.s.b.f.s.DefaultListableBeanFactory     : Returning cached instance of singleton bean 'org.springframework.boot.autoconfigure.security.servlet.SecurityAutoConfiguration'
2024-07-21T15:50:03.605+02:00 TRACE 248560 --- [crud-springboot] [           main] o.s.b.f.s.DefaultListableBeanFactory     : Returning cached instance of singleton bean 'authenticationEventPublisher'
2024-07-21T15:50:03.605+02:00 TRACE 248560 --- [crud-springboot] [           main] o.s.b.f.s.DefaultListableBeanFactory     : Returning cached instance of singleton bean 'spring.security-org.springframework.boot.autoconfigure.security.SecurityProperties'
2024-07-21T15:50:03.605+02:00 TRACE 248560 --- [crud-springboot] [           main] o.s.b.f.s.DefaultListableBeanFactory     : Returning cached instance of singleton bean 'org.springframework.boot.autoconfigure.security.servlet.SecurityFilterAutoConfiguration'
2024-07-21T15:50:03.605+02:00 TRACE 248560 --- [crud-springboot] [           main] o.s.b.f.s.DefaultListableBeanFactory     : Returning cached instance of singleton bean 'securityFilterChainRegistration'
2024-07-21T15:50:03.605+02:00 TRACE 248560 --- [crud-springboot] [           main] o.s.b.f.s.DefaultListableBeanFactory     : Returning cached instance of singleton bean 'org.springframework.boot.autoconfigure.sql.init.DataSourceInitializationConfiguration'
2024-07-21T15:50:03.605+02:00 TRACE 248560 --- [crud-springboot] [           main] o.s.b.f.s.DefaultListableBeanFactory     : Returning cached instance of singleton bean 'dataSourceScriptDatabaseInitializer'
2024-07-21T15:50:03.605+02:00 TRACE 248560 --- [crud-springboot] [           main] o.s.b.f.s.DefaultListableBeanFactory     : Returning cached instance of singleton bean 'org.springframework.boot.autoconfigure.sql.init.SqlInitializationAutoConfiguration'
2024-07-21T15:50:03.605+02:00 TRACE 248560 --- [crud-springboot] [           main] o.s.b.f.s.DefaultListableBeanFactory     : Returning cached instance of singleton bean 'spring.sql.init-org.springframework.boot.autoconfigure.sql.init.SqlInitializationProperties'
2024-07-21T15:50:03.605+02:00 TRACE 248560 --- [crud-springboot] [           main] o.s.b.f.s.DefaultListableBeanFactory     : Returning cached instance of singleton bean 'org.springframework.boot.autoconfigure.task.TaskSchedulingConfigurations$ThreadPoolTaskSchedulerBuilderConfiguration'
2024-07-21T15:50:03.605+02:00 TRACE 248560 --- [crud-springboot] [           main] o.s.b.f.s.DefaultListableBeanFactory     : Returning cached instance of singleton bean 'threadPoolTaskSchedulerBuilder'
2024-07-21T15:50:03.605+02:00 TRACE 248560 --- [crud-springboot] [           main] o.s.b.f.s.DefaultListableBeanFactory     : Returning cached instance of singleton bean 'org.springframework.boot.autoconfigure.task.TaskSchedulingConfigurations$TaskSchedulerBuilderConfiguration'
2024-07-21T15:50:03.605+02:00 TRACE 248560 --- [crud-springboot] [           main] o.s.b.f.s.DefaultListableBeanFactory     : Returning cached instance of singleton bean 'taskSchedulerBuilder'
2024-07-21T15:50:03.605+02:00 TRACE 248560 --- [crud-springboot] [           main] o.s.b.f.s.DefaultListableBeanFactory     : Returning cached instance of singleton bean 'org.springframework.boot.autoconfigure.task.TaskSchedulingConfigurations$SimpleAsyncTaskSchedulerBuilderConfiguration'
2024-07-21T15:50:03.605+02:00 TRACE 248560 --- [crud-springboot] [           main] o.s.b.f.s.DefaultListableBeanFactory     : Returning cached instance of singleton bean 'simpleAsyncTaskSchedulerBuilder'
2024-07-21T15:50:03.605+02:00 TRACE 248560 --- [crud-springboot] [           main] o.s.b.f.s.DefaultListableBeanFactory     : Returning cached instance of singleton bean 'org.springframework.boot.autoconfigure.task.TaskSchedulingAutoConfiguration'
2024-07-21T15:50:03.605+02:00 TRACE 248560 --- [crud-springboot] [           main] o.s.b.f.s.DefaultListableBeanFactory     : Returning cached instance of singleton bean 'spring.task.scheduling-org.springframework.boot.autoconfigure.task.TaskSchedulingProperties'
2024-07-21T15:50:03.605+02:00 TRACE 248560 --- [crud-springboot] [           main] o.s.b.f.s.DefaultListableBeanFactory     : Returning cached instance of singleton bean 'org.springframework.boot.autoconfigure.thymeleaf.ThymeleafAutoConfiguration$ThymeleafWebMvcConfiguration$ThymeleafViewResolverConfiguration'
2024-07-21T15:50:03.605+02:00 TRACE 248560 --- [crud-springboot] [           main] o.s.b.f.s.DefaultListableBeanFactory     : Returning cached instance of singleton bean 'thymeleafViewResolver'
2024-07-21T15:50:03.605+02:00 TRACE 248560 --- [crud-springboot] [           main] o.s.b.f.s.DefaultListableBeanFactory     : Returning cached instance of singleton bean 'org.springframework.boot.autoconfigure.thymeleaf.ThymeleafAutoConfiguration$ThymeleafWebMvcConfiguration'
2024-07-21T15:50:03.605+02:00 TRACE 248560 --- [crud-springboot] [           main] o.s.b.f.s.DefaultListableBeanFactory     : Returning cached instance of singleton bean 'org.springframework.boot.autoconfigure.thymeleaf.ThymeleafAutoConfiguration$DefaultTemplateResolverConfiguration'
2024-07-21T15:50:03.606+02:00 TRACE 248560 --- [crud-springboot] [           main] o.s.b.f.s.DefaultListableBeanFactory     : Returning cached instance of singleton bean 'defaultTemplateResolver'
2024-07-21T15:50:03.606+02:00 TRACE 248560 --- [crud-springboot] [           main] o.s.b.f.s.DefaultListableBeanFactory     : Returning cached instance of singleton bean 'org.springframework.boot.autoconfigure.thymeleaf.TemplateEngineConfigurations$DefaultTemplateEngineConfiguration'
2024-07-21T15:50:03.606+02:00 TRACE 248560 --- [crud-springboot] [           main] o.s.b.f.s.DefaultListableBeanFactory     : Returning cached instance of singleton bean 'templateEngine'
2024-07-21T15:50:03.606+02:00 TRACE 248560 --- [crud-springboot] [           main] o.s.b.f.s.DefaultListableBeanFactory     : Returning cached instance of singleton bean 'org.springframework.boot.autoconfigure.thymeleaf.ThymeleafAutoConfiguration'
2024-07-21T15:50:03.606+02:00 TRACE 248560 --- [crud-springboot] [           main] o.s.b.f.s.DefaultListableBeanFactory     : Returning cached instance of singleton bean 'spring.thymeleaf-org.springframework.boot.autoconfigure.thymeleaf.ThymeleafProperties'
2024-07-21T15:50:03.606+02:00 TRACE 248560 --- [crud-springboot] [           main] o.s.b.f.s.DefaultListableBeanFactory     : Returning cached instance of singleton bean 'org.springframework.boot.autoconfigure.jdbc.DataSourceTransactionManagerAutoConfiguration$JdbcTransactionManagerConfiguration'
2024-07-21T15:50:03.606+02:00 TRACE 248560 --- [crud-springboot] [           main] o.s.b.f.s.DefaultListableBeanFactory     : Returning cached instance of singleton bean 'org.springframework.boot.autoconfigure.jdbc.DataSourceTransactionManagerAutoConfiguration'
2024-07-21T15:50:03.606+02:00 TRACE 248560 --- [crud-springboot] [           main] o.s.b.f.s.DefaultListableBeanFactory     : Returning cached instance of singleton bean 'org.springframework.transaction.annotation.ProxyTransactionManagementConfiguration'
2024-07-21T15:50:03.606+02:00 TRACE 248560 --- [crud-springboot] [           main] o.s.b.f.s.DefaultListableBeanFactory     : Returning cached instance of singleton bean 'org.springframework.transaction.config.internalTransactionAdvisor'
2024-07-21T15:50:03.606+02:00 TRACE 248560 --- [crud-springboot] [           main] o.s.b.f.s.DefaultListableBeanFactory     : Returning cached instance of singleton bean 'transactionAttributeSource'
2024-07-21T15:50:03.606+02:00 TRACE 248560 --- [crud-springboot] [           main] o.s.b.f.s.DefaultListableBeanFactory     : Returning cached instance of singleton bean 'transactionInterceptor'
2024-07-21T15:50:03.606+02:00 TRACE 248560 --- [crud-springboot] [           main] o.s.b.f.s.DefaultListableBeanFactory     : Returning cached instance of singleton bean 'org.springframework.transaction.config.internalTransactionalEventListenerFactory'
2024-07-21T15:50:03.606+02:00 TRACE 248560 --- [crud-springboot] [           main] o.s.b.f.s.DefaultListableBeanFactory     : Returning cached instance of singleton bean 'org.springframework.boot.autoconfigure.transaction.TransactionAutoConfiguration$EnableTransactionManagementConfiguration$CglibAutoProxyConfiguration'
2024-07-21T15:50:03.606+02:00 TRACE 248560 --- [crud-springboot] [           main] o.s.b.f.s.DefaultListableBeanFactory     : Returning cached instance of singleton bean 'org.springframework.boot.autoconfigure.transaction.TransactionAutoConfiguration$EnableTransactionManagementConfiguration'
2024-07-21T15:50:03.606+02:00 TRACE 248560 --- [crud-springboot] [           main] o.s.b.f.s.DefaultListableBeanFactory     : Returning cached instance of singleton bean 'org.springframework.boot.autoconfigure.transaction.TransactionAutoConfiguration$TransactionTemplateConfiguration'
2024-07-21T15:50:03.606+02:00 TRACE 248560 --- [crud-springboot] [           main] o.s.b.f.s.DefaultListableBeanFactory     : Returning cached instance of singleton bean 'transactionTemplate'
2024-07-21T15:50:03.606+02:00 TRACE 248560 --- [crud-springboot] [           main] o.s.b.f.s.DefaultListableBeanFactory     : Returning cached instance of singleton bean 'org.springframework.boot.autoconfigure.transaction.TransactionAutoConfiguration'
2024-07-21T15:50:03.606+02:00 TRACE 248560 --- [crud-springboot] [           main] o.s.b.f.s.DefaultListableBeanFactory     : Returning cached instance of singleton bean 'org.springframework.boot.autoconfigure.web.client.RestClientAutoConfiguration'
2024-07-21T15:50:03.606+02:00 TRACE 248560 --- [crud-springboot] [           main] o.s.b.f.s.DefaultListableBeanFactory     : Returning cached instance of singleton bean 'httpMessageConvertersRestClientCustomizer'
2024-07-21T15:50:03.606+02:00 TRACE 248560 --- [crud-springboot] [           main] o.s.b.f.s.DefaultListableBeanFactory     : Returning cached instance of singleton bean 'restClientSsl'
2024-07-21T15:50:03.606+02:00 TRACE 248560 --- [crud-springboot] [           main] o.s.b.f.s.DefaultListableBeanFactory     : Returning cached instance of singleton bean 'restClientBuilderConfigurer'
2024-07-21T15:50:03.606+02:00 TRACE 248560 --- [crud-springboot] [           main] o.s.b.f.s.DefaultListableBeanFactory     : Returning cached instance of singleton bean 'org.springframework.boot.autoconfigure.web.client.RestTemplateAutoConfiguration'
2024-07-21T15:50:03.606+02:00 TRACE 248560 --- [crud-springboot] [           main] o.s.b.f.s.DefaultListableBeanFactory     : Returning cached instance of singleton bean 'org.springframework.boot.autoconfigure.web.servlet.HttpEncodingAutoConfiguration'
2024-07-21T15:50:03.606+02:00 TRACE 248560 --- [crud-springboot] [           main] o.s.b.f.s.DefaultListableBeanFactory     : Returning cached instance of singleton bean 'characterEncodingFilter'
2024-07-21T15:50:03.606+02:00 TRACE 248560 --- [crud-springboot] [           main] o.s.b.f.s.DefaultListableBeanFactory     : Returning cached instance of singleton bean 'localeCharsetMappingsCustomizer'
2024-07-21T15:50:03.606+02:00 TRACE 248560 --- [crud-springboot] [           main] o.s.b.f.s.DefaultListableBeanFactory     : Returning cached instance of singleton bean 'org.springframework.boot.autoconfigure.web.servlet.MultipartAutoConfiguration'
2024-07-21T15:50:03.606+02:00 TRACE 248560 --- [crud-springboot] [           main] o.s.b.f.s.DefaultListableBeanFactory     : Returning cached instance of singleton bean 'multipartConfigElement'
2024-07-21T15:50:03.606+02:00 TRACE 248560 --- [crud-springboot] [           main] o.s.b.f.s.DefaultListableBeanFactory     : Returning cached instance of singleton bean 'multipartResolver'
2024-07-21T15:50:03.606+02:00 TRACE 248560 --- [crud-springboot] [           main] o.s.b.f.s.DefaultListableBeanFactory     : Returning cached instance of singleton bean 'spring.servlet.multipart-org.springframework.boot.autoconfigure.web.servlet.MultipartProperties'
2024-07-21T15:50:03.606+02:00 TRACE 248560 --- [crud-springboot] [           main] o.s.b.f.s.DefaultListableBeanFactory     : Returning cached instance of singleton bean 'mvcHandlerMappingIntrospectorRequestTransformer'
2024-07-21T15:50:03.606+02:00 TRACE 248560 --- [crud-springboot] [           main] o.s.b.f.s.DefaultListableBeanFactory     : Returning cached instance of singleton bean 'springSecurityFilterChain'
2024-07-21T15:50:03.606+02:00 TRACE 248560 --- [crud-springboot] [           main] o.s.b.f.s.DefaultListableBeanFactory     : Returning cached instance of singleton bean 'org.springframework.boot.test.mock.mockito.MockitoBeans'
2024-07-21T15:50:03.607+02:00 TRACE 248560 --- [crud-springboot] [           main] c.DefaultCacheAwareContextLoaderDelegate : Retrieved ApplicationContext [896852376] from cache with key [WebMergedContextConfiguration@2d4aadc testClass = com.cwa.crudspringboot.CrudSpringbootApplicationTests, locations = [], classes = [com.cwa.crudspringboot.CrudSpringbootApplication], contextInitializerClasses = [], activeProfiles = [], propertySourceDescriptors = [], propertySourceProperties = ["org.springframework.boot.test.context.SpringBootTestContextBootstrapper=true"], contextCustomizers = [org.springframework.boot.test.context.filter.ExcludeFilterContextCustomizer@3a7442c7, org.springframework.boot.test.json.DuplicateJsonObjectContextCustomizerFactory$DuplicateJsonObjectContextCustomizer@cb0755b, org.springframework.boot.test.mock.mockito.MockitoContextCustomizer@0, org.springframework.boot.test.web.client.TestRestTemplateContextCustomizer@18271936, org.springframework.boot.test.autoconfigure.actuate.observability.ObservabilityContextCustomizerFactory$DisableObservabilityContextCustomizer@1f, org.springframework.boot.test.autoconfigure.properties.PropertyMappingContextCustomizer@0, org.springframework.boot.test.autoconfigure.web.servlet.WebDriverContextCustomizer@24569dba, org.springframework.boot.test.context.SpringBootTestAnnotation@d144f97a], resourceBasePath = "src/main/webapp", contextLoader = org.springframework.boot.test.context.SpringBootContextLoader, parent = null]
2024-07-21T15:50:03.607+02:00 DEBUG 248560 --- [crud-springboot] [           main] org.springframework.test.context.cache   : Spring test ApplicationContext cache statistics: [DefaultContextCache@773ad729 size = 1, maxSize = 32, parentContextCount = 0, hitCount = 11, missCount = 1, failureCount = 0]
2024-07-21T15:50:03.610+02:00 TRACE 248560 --- [crud-springboot] [           main] c.DefaultCacheAwareContextLoaderDelegate : Retrieved ApplicationContext [896852376] from cache with key [WebMergedContextConfiguration@2d4aadc testClass = com.cwa.crudspringboot.CrudSpringbootApplicationTests, locations = [], classes = [com.cwa.crudspringboot.CrudSpringbootApplication], contextInitializerClasses = [], activeProfiles = [], propertySourceDescriptors = [], propertySourceProperties = ["org.springframework.boot.test.context.SpringBootTestContextBootstrapper=true"], contextCustomizers = [org.springframework.boot.test.context.filter.ExcludeFilterContextCustomizer@3a7442c7, org.springframework.boot.test.json.DuplicateJsonObjectContextCustomizerFactory$DuplicateJsonObjectContextCustomizer@cb0755b, org.springframework.boot.test.mock.mockito.MockitoContextCustomizer@0, org.springframework.boot.test.web.client.TestRestTemplateContextCustomizer@18271936, org.springframework.boot.test.autoconfigure.actuate.observability.ObservabilityContextCustomizerFactory$DisableObservabilityContextCustomizer@1f, org.springframework.boot.test.autoconfigure.properties.PropertyMappingContextCustomizer@0, org.springframework.boot.test.autoconfigure.web.servlet.WebDriverContextCustomizer@24569dba, org.springframework.boot.test.context.SpringBootTestAnnotation@d144f97a], resourceBasePath = "src/main/webapp", contextLoader = org.springframework.boot.test.context.SpringBootContextLoader, parent = null]
2024-07-21T15:50:03.610+02:00 DEBUG 248560 --- [crud-springboot] [           main] org.springframework.test.context.cache   : Spring test ApplicationContext cache statistics: [DefaultContextCache@773ad729 size = 1, maxSize = 32, parentContextCount = 0, hitCount = 12, missCount = 1, failureCount = 0]
2024-07-21T15:50:03.611+02:00 TRACE 248560 --- [crud-springboot] [           main] o.s.b.f.s.DefaultListableBeanFactory     : Returning cached instance of singleton bean 'delegatingApplicationListener'
2024-07-21T15:50:03.612+02:00 TRACE 248560 --- [crud-springboot] [           main] .c.s.DirtiesContextTestExecutionListener : After test method: context [DefaultTestContext@4d408746 testClass = com.cwa.crudspringboot.CrudSpringbootApplicationTests, testInstance = com.cwa.crudspringboot.CrudSpringbootApplicationTests@6ae55678, testMethod = contextLoads(), testException = null, mergedContextConfiguration = [WebMergedContextConfiguration@2d4aadc testClass = com.cwa.crudspringboot.CrudSpringbootApplicationTests, locations = [], classes = [com.cwa.crudspringboot.CrudSpringbootApplication], contextInitializerClasses = [], activeProfiles = [], propertySourceDescriptors = [], propertySourceProperties = ["org.springframework.boot.test.context.SpringBootTestContextBootstrapper=true"], contextCustomizers = [org.springframework.boot.test.context.filter.ExcludeFilterContextCustomizer@3a7442c7, org.springframework.boot.test.json.DuplicateJsonObjectContextCustomizerFactory$DuplicateJsonObjectContextCustomizer@cb0755b, org.springframework.boot.test.mock.mockito.MockitoContextCustomizer@0, org.springframework.boot.test.web.client.TestRestTemplateContextCustomizer@18271936, org.springframework.boot.test.autoconfigure.actuate.observability.ObservabilityContextCustomizerFactory$DisableObservabilityContextCustomizer@1f, org.springframework.boot.test.autoconfigure.properties.PropertyMappingContextCustomizer@0, org.springframework.boot.test.autoconfigure.web.servlet.WebDriverContextCustomizer@24569dba, org.springframework.boot.test.context.SpringBootTestAnnotation@d144f97a], resourceBasePath = "src/main/webapp", contextLoader = org.springframework.boot.test.context.SpringBootContextLoader, parent = null], attributes = {"org.springframework.test.context.web.ServletTestExecutionListener.activateListener" -> true, "org.springframework.test.context.web.ServletTestExecutionListener.populatedRequestContextHolder" -> true, "org.springframework.test.context.web.ServletTestExecutionListener.resetRequestContextHolder" -> true, "org.springframework.test.context.event.ApplicationEventsTestExecutionListener.recordApplicationEvents" -> false}], class annotated with @DirtiesContext [false] with mode [null], method annotated with @DirtiesContext [false] with mode [null]
2024-07-21T15:50:03.612+02:00 TRACE 248560 --- [crud-springboot] [           main] o.s.t.c.w.ServletTestExecutionListener   : Resetting RequestContextHolder for test context [DefaultTestContext@4d408746 testClass = com.cwa.crudspringboot.CrudSpringbootApplicationTests, testInstance = com.cwa.crudspringboot.CrudSpringbootApplicationTests@6ae55678, testMethod = contextLoads(), testException = null, mergedContextConfiguration = [WebMergedContextConfiguration@2d4aadc testClass = com.cwa.crudspringboot.CrudSpringbootApplicationTests, locations = [], classes = [com.cwa.crudspringboot.CrudSpringbootApplication], contextInitializerClasses = [], activeProfiles = [], propertySourceDescriptors = [], propertySourceProperties = ["org.springframework.boot.test.context.SpringBootTestContextBootstrapper=true"], contextCustomizers = [org.springframework.boot.test.context.filter.ExcludeFilterContextCustomizer@3a7442c7, org.springframework.boot.test.json.DuplicateJsonObjectContextCustomizerFactory$DuplicateJsonObjectContextCustomizer@cb0755b, org.springframework.boot.test.mock.mockito.MockitoContextCustomizer@0, org.springframework.boot.test.web.client.TestRestTemplateContextCustomizer@18271936, org.springframework.boot.test.autoconfigure.actuate.observability.ObservabilityContextCustomizerFactory$DisableObservabilityContextCustomizer@1f, org.springframework.boot.test.autoconfigure.properties.PropertyMappingContextCustomizer@0, org.springframework.boot.test.autoconfigure.web.servlet.WebDriverContextCustomizer@24569dba, org.springframework.boot.test.context.SpringBootTestAnnotation@d144f97a], resourceBasePath = "src/main/webapp", contextLoader = org.springframework.boot.test.context.SpringBootContextLoader, parent = null], attributes = {"org.springframework.test.context.web.ServletTestExecutionListener.activateListener" -> true, "org.springframework.test.context.web.ServletTestExecutionListener.populatedRequestContextHolder" -> true, "org.springframework.test.context.web.ServletTestExecutionListener.resetRequestContextHolder" -> true, "org.springframework.test.context.event.ApplicationEventsTestExecutionListener.recordApplicationEvents" -> false}]
]]></system-out>
  </testcase>
</testsuite>