<?xml version="1.0" encoding="UTF-8"?>
<testsuite xmlns:xsi="http://www.w3.org/2001/XMLSchema-instance" xsi:noNamespaceSchemaLocation="https://maven.apache.org/surefire/maven-surefire-plugin/xsd/surefire-test-report-3.0.xsd" version="3.0" name="com.cwa.crudspringboot.CrudSpringbootApplicationTests" time="8.814" tests="1" errors="0" skipped="0" failures="0">
  <properties>
    <property name="java.specification.version" value="17"/>
    <property name="sun.jnu.encoding" value="UTF-8"/>
    <property name="java.class.path" value="/home/damien/crud-springboot-jwt/target/test-classes:/home/damien/crud-springboot-jwt/target/classes:/home/damien/.m2/repository/org/springframework/boot/spring-boot-starter-data-jpa/3.2.7/spring-boot-starter-data-jpa-3.2.7.jar:/home/damien/.m2/repository/org/springframework/boot/spring-boot-starter-aop/3.2.7/spring-boot-starter-aop-3.2.7.jar:/home/damien/.m2/repository/org/aspectj/aspectjweaver/1.9.22/aspectjweaver-1.9.22.jar:/home/damien/.m2/repository/org/springframework/boot/spring-boot-starter-jdbc/3.2.7/spring-boot-starter-jdbc-3.2.7.jar:/home/damien/.m2/repository/com/zaxxer/HikariCP/5.0.1/HikariCP-5.0.1.jar:/home/damien/.m2/repository/org/springframework/spring-jdbc/6.1.10/spring-jdbc-6.1.10.jar:/home/damien/.m2/repository/org/hibernate/orm/hibernate-core/6.4.9.Final/hibernate-core-6.4.9.Final.jar:/home/damien/.m2/repository/jakarta/persistence/jakarta.persistence-api/3.1.0/jakarta.persistence-api-3.1.0.jar:/home/damien/.m2/repository/jakarta/transaction/jakarta.transaction-api/2.0.1/jakarta.transaction-api-2.0.1.jar:/home/damien/.m2/repository/org/jboss/logging/jboss-logging/3.5.3.Final/jboss-logging-3.5.3.Final.jar:/home/damien/.m2/repository/org/hibernate/common/hibernate-commons-annotations/6.0.6.Final/hibernate-commons-annotations-6.0.6.Final.jar:/home/damien/.m2/repository/io/smallrye/jandex/3.1.2/jandex-3.1.2.jar:/home/damien/.m2/repository/com/fasterxml/classmate/1.6.0/classmate-1.6.0.jar:/home/damien/.m2/repository/net/bytebuddy/byte-buddy/1.14.17/byte-buddy-1.14.17.jar:/home/damien/.m2/repository/org/glassfish/jaxb/jaxb-runtime/4.0.5/jaxb-runtime-4.0.5.jar:/home/damien/.m2/repository/org/glassfish/jaxb/jaxb-core/4.0.5/jaxb-core-4.0.5.jar:/home/damien/.m2/repository/org/eclipse/angus/angus-activation/2.0.2/angus-activation-2.0.2.jar:/home/damien/.m2/repository/org/glassfish/jaxb/txw2/4.0.5/txw2-4.0.5.jar:/home/damien/.m2/repository/com/sun/istack/istack-commons-runtime/4.1.2/istack-commons-runtime-4.1.2.jar:/home/damien/.m2/repository/jakarta/inject/jakarta.inject-api/2.0.1/jakarta.inject-api-2.0.1.jar:/home/damien/.m2/repository/org/antlr/antlr4-runtime/4.13.0/antlr4-runtime-4.13.0.jar:/home/damien/.m2/repository/org/springframework/data/spring-data-jpa/3.2.7/spring-data-jpa-3.2.7.jar:/home/damien/.m2/repository/org/springframework/data/spring-data-commons/3.2.7/spring-data-commons-3.2.7.jar:/home/damien/.m2/repository/org/springframework/spring-orm/6.1.10/spring-orm-6.1.10.jar:/home/damien/.m2/repository/org/springframework/spring-context/6.1.10/spring-context-6.1.10.jar:/home/damien/.m2/repository/org/springframework/spring-tx/6.1.10/spring-tx-6.1.10.jar:/home/damien/.m2/repository/org/springframework/spring-beans/6.1.10/spring-beans-6.1.10.jar:/home/damien/.m2/repository/jakarta/annotation/jakarta.annotation-api/2.1.1/jakarta.annotation-api-2.1.1.jar:/home/damien/.m2/repository/org/slf4j/slf4j-api/2.0.13/slf4j-api-2.0.13.jar:/home/damien/.m2/repository/org/springframework/spring-aspects/6.1.10/spring-aspects-6.1.10.jar:/home/damien/.m2/repository/org/springframework/boot/spring-boot-starter-web/3.2.7/spring-boot-starter-web-3.2.7.jar:/home/damien/.m2/repository/org/springframework/boot/spring-boot-starter/3.2.7/spring-boot-starter-3.2.7.jar:/home/damien/.m2/repository/org/springframework/boot/spring-boot-starter-logging/3.2.7/spring-boot-starter-logging-3.2.7.jar:/home/damien/.m2/repository/ch/qos/logback/logback-classic/1.4.14/logback-classic-1.4.14.jar:/home/damien/.m2/repository/ch/qos/logback/logback-core/1.4.14/logback-core-1.4.14.jar:/home/damien/.m2/repository/org/apache/logging/log4j/log4j-to-slf4j/2.21.1/log4j-to-slf4j-2.21.1.jar:/home/damien/.m2/repository/org/apache/logging/log4j/log4j-api/2.21.1/log4j-api-2.21.1.jar:/home/damien/.m2/repository/org/slf4j/jul-to-slf4j/2.0.13/jul-to-slf4j-2.0.13.jar:/home/damien/.m2/repository/org/yaml/snakeyaml/2.2/snakeyaml-2.2.jar:/home/damien/.m2/repository/org/springframework/boot/spring-boot-starter-json/3.2.7/spring-boot-starter-json-3.2.7.jar:/home/damien/.m2/repository/com/fasterxml/jackson/datatype/jackson-datatype-jdk8/2.15.4/jackson-datatype-jdk8-2.15.4.jar:/home/damien/.m2/repository/com/fasterxml/jackson/datatype/jackson-datatype-jsr310/2.15.4/jackson-datatype-jsr310-2.15.4.jar:/home/damien/.m2/repository/com/fasterxml/jackson/module/jackson-module-parameter-names/2.15.4/jackson-module-parameter-names-2.15.4.jar:/home/damien/.m2/repository/org/springframework/boot/spring-boot-starter-tomcat/3.2.7/spring-boot-starter-tomcat-3.2.7.jar:/home/damien/.m2/repository/org/apache/tomcat/embed/tomcat-embed-core/10.1.25/tomcat-embed-core-10.1.25.jar:/home/damien/.m2/repository/org/apache/tomcat/embed/tomcat-embed-el/10.1.25/tomcat-embed-el-10.1.25.jar:/home/damien/.m2/repository/org/apache/tomcat/embed/tomcat-embed-websocket/10.1.25/tomcat-embed-websocket-10.1.25.jar:/home/damien/.m2/repository/org/springframework/spring-web/6.1.10/spring-web-6.1.10.jar:/home/damien/.m2/repository/io/micrometer/micrometer-observation/1.12.7/micrometer-observation-1.12.7.jar:/home/damien/.m2/repository/io/micrometer/micrometer-commons/1.12.7/micrometer-commons-1.12.7.jar:/home/damien/.m2/repository/org/springframework/spring-webmvc/6.1.10/spring-webmvc-6.1.10.jar:/home/damien/.m2/repository/org/springframework/spring-expression/6.1.10/spring-expression-6.1.10.jar:/home/damien/.m2/repository/com/mysql/mysql-connector-j/8.3.0/mysql-connector-j-8.3.0.jar:/home/damien/.m2/repository/org/springframework/boot/spring-boot-starter-test/3.2.7/spring-boot-starter-test-3.2.7.jar:/home/damien/.m2/repository/org/springframework/boot/spring-boot-test/3.2.7/spring-boot-test-3.2.7.jar:/home/damien/.m2/repository/org/springframework/boot/spring-boot-test-autoconfigure/3.2.7/spring-boot-test-autoconfigure-3.2.7.jar:/home/damien/.m2/repository/com/jayway/jsonpath/json-path/2.9.0/json-path-2.9.0.jar:/home/damien/.m2/repository/jakarta/xml/bind/jakarta.xml.bind-api/4.0.2/jakarta.xml.bind-api-4.0.2.jar:/home/damien/.m2/repository/jakarta/activation/jakarta.activation-api/2.1.3/jakarta.activation-api-2.1.3.jar:/home/damien/.m2/repository/net/minidev/json-smart/2.5.1/json-smart-2.5.1.jar:/home/damien/.m2/repository/net/minidev/accessors-smart/2.5.1/accessors-smart-2.5.1.jar:/home/damien/.m2/repository/org/ow2/asm/asm/9.6/asm-9.6.jar:/home/damien/.m2/repository/org/assertj/assertj-core/3.24.2/assertj-core-3.24.2.jar:/home/damien/.m2/repository/org/awaitility/awaitility/4.2.1/awaitility-4.2.1.jar:/home/damien/.m2/repository/org/hamcrest/hamcrest/2.2/hamcrest-2.2.jar:/home/damien/.m2/repository/org/junit/jupiter/junit-jupiter/5.10.2/junit-jupiter-5.10.2.jar:/home/damien/.m2/repository/org/junit/jupiter/junit-jupiter-api/5.10.2/junit-jupiter-api-5.10.2.jar:/home/damien/.m2/repository/org/opentest4j/opentest4j/1.3.0/opentest4j-1.3.0.jar:/home/damien/.m2/repository/org/junit/platform/junit-platform-commons/1.10.2/junit-platform-commons-1.10.2.jar:/home/damien/.m2/repository/org/apiguardian/apiguardian-api/1.1.2/apiguardian-api-1.1.2.jar:/home/damien/.m2/repository/org/junit/jupiter/junit-jupiter-params/5.10.2/junit-jupiter-params-5.10.2.jar:/home/damien/.m2/repository/org/junit/jupiter/junit-jupiter-engine/5.10.2/junit-jupiter-engine-5.10.2.jar:/home/damien/.m2/repository/org/junit/platform/junit-platform-engine/1.10.2/junit-platform-engine-1.10.2.jar:/home/damien/.m2/repository/org/mockito/mockito-core/5.7.0/mockito-core-5.7.0.jar:/home/damien/.m2/repository/net/bytebuddy/byte-buddy-agent/1.14.17/byte-buddy-agent-1.14.17.jar:/home/damien/.m2/repository/org/objenesis/objenesis/3.3/objenesis-3.3.jar:/home/damien/.m2/repository/org/mockito/mockito-junit-jupiter/5.7.0/mockito-junit-jupiter-5.7.0.jar:/home/damien/.m2/repository/org/skyscreamer/jsonassert/1.5.1/jsonassert-1.5.1.jar:/home/damien/.m2/repository/com/vaadin/external/google/android-json/0.0.20131108.vaadin1/android-json-0.0.20131108.vaadin1.jar:/home/damien/.m2/repository/org/springframework/spring-core/6.1.10/spring-core-6.1.10.jar:/home/damien/.m2/repository/org/springframework/spring-jcl/6.1.10/spring-jcl-6.1.10.jar:/home/damien/.m2/repository/org/springframework/spring-test/6.1.10/spring-test-6.1.10.jar:/home/damien/.m2/repository/org/xmlunit/xmlunit-core/2.9.1/xmlunit-core-2.9.1.jar:/home/damien/.m2/repository/org/springframework/boot/spring-boot-devtools/3.2.7/spring-boot-devtools-3.2.7.jar:/home/damien/.m2/repository/org/springframework/boot/spring-boot/3.2.7/spring-boot-3.2.7.jar:/home/damien/.m2/repository/org/springframework/boot/spring-boot-autoconfigure/3.2.7/spring-boot-autoconfigure-3.2.7.jar:/home/damien/.m2/repository/org/springframework/boot/spring-boot-starter-security/3.2.7/spring-boot-starter-security-3.2.7.jar:/home/damien/.m2/repository/org/springframework/spring-aop/6.1.10/spring-aop-6.1.10.jar:/home/damien/.m2/repository/org/springframework/security/spring-security-config/6.2.5/spring-security-config-6.2.5.jar:/home/damien/.m2/repository/org/springframework/security/spring-security-web/6.2.5/spring-security-web-6.2.5.jar:/home/damien/.m2/repository/org/projectlombok/lombok/1.18.32/lombok-1.18.32.jar:/home/damien/.m2/repository/org/springframework/security/spring-security-test/6.2.5/spring-security-test-6.2.5.jar:/home/damien/.m2/repository/org/springframework/security/spring-security-core/6.2.5/spring-security-core-6.2.5.jar:/home/damien/.m2/repository/org/springframework/security/spring-security-crypto/6.2.5/spring-security-crypto-6.2.5.jar:/home/damien/.m2/repository/io/jsonwebtoken/jjwt-api/0.11.5/jjwt-api-0.11.5.jar:/home/damien/.m2/repository/io/jsonwebtoken/jjwt-impl/0.11.5/jjwt-impl-0.11.5.jar:/home/damien/.m2/repository/io/jsonwebtoken/jjwt-jackson/0.11.5/jjwt-jackson-0.11.5.jar:/home/damien/.m2/repository/com/fasterxml/jackson/core/jackson-databind/2.15.4/jackson-databind-2.15.4.jar:/home/damien/.m2/repository/com/fasterxml/jackson/core/jackson-annotations/2.15.4/jackson-annotations-2.15.4.jar:/home/damien/.m2/repository/com/fasterxml/jackson/core/jackson-core/2.15.4/jackson-core-2.15.4.jar:/home/damien/.m2/repository/org/springframework/boot/spring-boot-starter-thymeleaf/3.2.7/spring-boot-starter-thymeleaf-3.2.7.jar:/home/damien/.m2/repository/org/thymeleaf/thymeleaf-spring6/3.1.2.RELEASE/thymeleaf-spring6-3.1.2.RELEASE.jar:/home/damien/.m2/repository/org/thymeleaf/thymeleaf/3.1.2.RELEASE/thymeleaf-3.1.2.RELEASE.jar:/home/damien/.m2/repository/org/attoparser/attoparser/2.0.7.RELEASE/attoparser-2.0.7.RELEASE.jar:/home/damien/.m2/repository/org/unbescape/unbescape/1.1.6.RELEASE/unbescape-1.1.6.RELEASE.jar:"/>
    <property name="java.vm.vendor" value="Ubuntu"/>
    <property name="sun.arch.data.model" value="64"/>
    <property name="java.vendor.url" value="https://ubuntu.com/"/>
    <property name="user.timezone" value="Europe/Paris"/>
    <property name="org.jboss.logging.provider" value="slf4j"/>
    <property name="os.name" value="Linux"/>
    <property name="java.vm.specification.version" value="17"/>
    <property name="sun.java.launcher" value="SUN_STANDARD"/>
    <property name="sun.boot.library.path" value="/usr/lib/jvm/java-17-openjdk-amd64/lib"/>
    <property name="sun.java.command" value="/home/damien/crud-springboot-jwt/target/surefire/surefirebooter-20240720125050885_3.jar /home/damien/crud-springboot-jwt/target/surefire 2024-07-20T12-50-50_807-jvmRun1 surefire-20240720125050885_1tmp surefire_0-20240720125050885_2tmp"/>
    <property name="jdk.debug" value="release"/>
    <property name="surefire.test.class.path" value="/home/damien/crud-springboot-jwt/target/test-classes:/home/damien/crud-springboot-jwt/target/classes:/home/damien/.m2/repository/org/springframework/boot/spring-boot-starter-data-jpa/3.2.7/spring-boot-starter-data-jpa-3.2.7.jar:/home/damien/.m2/repository/org/springframework/boot/spring-boot-starter-aop/3.2.7/spring-boot-starter-aop-3.2.7.jar:/home/damien/.m2/repository/org/aspectj/aspectjweaver/1.9.22/aspectjweaver-1.9.22.jar:/home/damien/.m2/repository/org/springframework/boot/spring-boot-starter-jdbc/3.2.7/spring-boot-starter-jdbc-3.2.7.jar:/home/damien/.m2/repository/com/zaxxer/HikariCP/5.0.1/HikariCP-5.0.1.jar:/home/damien/.m2/repository/org/springframework/spring-jdbc/6.1.10/spring-jdbc-6.1.10.jar:/home/damien/.m2/repository/org/hibernate/orm/hibernate-core/6.4.9.Final/hibernate-core-6.4.9.Final.jar:/home/damien/.m2/repository/jakarta/persistence/jakarta.persistence-api/3.1.0/jakarta.persistence-api-3.1.0.jar:/home/damien/.m2/repository/jakarta/transaction/jakarta.transaction-api/2.0.1/jakarta.transaction-api-2.0.1.jar:/home/damien/.m2/repository/org/jboss/logging/jboss-logging/3.5.3.Final/jboss-logging-3.5.3.Final.jar:/home/damien/.m2/repository/org/hibernate/common/hibernate-commons-annotations/6.0.6.Final/hibernate-commons-annotations-6.0.6.Final.jar:/home/damien/.m2/repository/io/smallrye/jandex/3.1.2/jandex-3.1.2.jar:/home/damien/.m2/repository/com/fasterxml/classmate/1.6.0/classmate-1.6.0.jar:/home/damien/.m2/repository/net/bytebuddy/byte-buddy/1.14.17/byte-buddy-1.14.17.jar:/home/damien/.m2/repository/org/glassfish/jaxb/jaxb-runtime/4.0.5/jaxb-runtime-4.0.5.jar:/home/damien/.m2/repository/org/glassfish/jaxb/jaxb-core/4.0.5/jaxb-core-4.0.5.jar:/home/damien/.m2/repository/org/eclipse/angus/angus-activation/2.0.2/angus-activation-2.0.2.jar:/home/damien/.m2/repository/org/glassfish/jaxb/txw2/4.0.5/txw2-4.0.5.jar:/home/damien/.m2/repository/com/sun/istack/istack-commons-runtime/4.1.2/istack-commons-runtime-4.1.2.jar:/home/damien/.m2/repository/jakarta/inject/jakarta.inject-api/2.0.1/jakarta.inject-api-2.0.1.jar:/home/damien/.m2/repository/org/antlr/antlr4-runtime/4.13.0/antlr4-runtime-4.13.0.jar:/home/damien/.m2/repository/org/springframework/data/spring-data-jpa/3.2.7/spring-data-jpa-3.2.7.jar:/home/damien/.m2/repository/org/springframework/data/spring-data-commons/3.2.7/spring-data-commons-3.2.7.jar:/home/damien/.m2/repository/org/springframework/spring-orm/6.1.10/spring-orm-6.1.10.jar:/home/damien/.m2/repository/org/springframework/spring-context/6.1.10/spring-context-6.1.10.jar:/home/damien/.m2/repository/org/springframework/spring-tx/6.1.10/spring-tx-6.1.10.jar:/home/damien/.m2/repository/org/springframework/spring-beans/6.1.10/spring-beans-6.1.10.jar:/home/damien/.m2/repository/jakarta/annotation/jakarta.annotation-api/2.1.1/jakarta.annotation-api-2.1.1.jar:/home/damien/.m2/repository/org/slf4j/slf4j-api/2.0.13/slf4j-api-2.0.13.jar:/home/damien/.m2/repository/org/springframework/spring-aspects/6.1.10/spring-aspects-6.1.10.jar:/home/damien/.m2/repository/org/springframework/boot/spring-boot-starter-web/3.2.7/spring-boot-starter-web-3.2.7.jar:/home/damien/.m2/repository/org/springframework/boot/spring-boot-starter/3.2.7/spring-boot-starter-3.2.7.jar:/home/damien/.m2/repository/org/springframework/boot/spring-boot-starter-logging/3.2.7/spring-boot-starter-logging-3.2.7.jar:/home/damien/.m2/repository/ch/qos/logback/logback-classic/1.4.14/logback-classic-1.4.14.jar:/home/damien/.m2/repository/ch/qos/logback/logback-core/1.4.14/logback-core-1.4.14.jar:/home/damien/.m2/repository/org/apache/logging/log4j/log4j-to-slf4j/2.21.1/log4j-to-slf4j-2.21.1.jar:/home/damien/.m2/repository/org/apache/logging/log4j/log4j-api/2.21.1/log4j-api-2.21.1.jar:/home/damien/.m2/repository/org/slf4j/jul-to-slf4j/2.0.13/jul-to-slf4j-2.0.13.jar:/home/damien/.m2/repository/org/yaml/snakeyaml/2.2/snakeyaml-2.2.jar:/home/damien/.m2/repository/org/springframework/boot/spring-boot-starter-json/3.2.7/spring-boot-starter-json-3.2.7.jar:/home/damien/.m2/repository/com/fasterxml/jackson/datatype/jackson-datatype-jdk8/2.15.4/jackson-datatype-jdk8-2.15.4.jar:/home/damien/.m2/repository/com/fasterxml/jackson/datatype/jackson-datatype-jsr310/2.15.4/jackson-datatype-jsr310-2.15.4.jar:/home/damien/.m2/repository/com/fasterxml/jackson/module/jackson-module-parameter-names/2.15.4/jackson-module-parameter-names-2.15.4.jar:/home/damien/.m2/repository/org/springframework/boot/spring-boot-starter-tomcat/3.2.7/spring-boot-starter-tomcat-3.2.7.jar:/home/damien/.m2/repository/org/apache/tomcat/embed/tomcat-embed-core/10.1.25/tomcat-embed-core-10.1.25.jar:/home/damien/.m2/repository/org/apache/tomcat/embed/tomcat-embed-el/10.1.25/tomcat-embed-el-10.1.25.jar:/home/damien/.m2/repository/org/apache/tomcat/embed/tomcat-embed-websocket/10.1.25/tomcat-embed-websocket-10.1.25.jar:/home/damien/.m2/repository/org/springframework/spring-web/6.1.10/spring-web-6.1.10.jar:/home/damien/.m2/repository/io/micrometer/micrometer-observation/1.12.7/micrometer-observation-1.12.7.jar:/home/damien/.m2/repository/io/micrometer/micrometer-commons/1.12.7/micrometer-commons-1.12.7.jar:/home/damien/.m2/repository/org/springframework/spring-webmvc/6.1.10/spring-webmvc-6.1.10.jar:/home/damien/.m2/repository/org/springframework/spring-expression/6.1.10/spring-expression-6.1.10.jar:/home/damien/.m2/repository/com/mysql/mysql-connector-j/8.3.0/mysql-connector-j-8.3.0.jar:/home/damien/.m2/repository/org/springframework/boot/spring-boot-starter-test/3.2.7/spring-boot-starter-test-3.2.7.jar:/home/damien/.m2/repository/org/springframework/boot/spring-boot-test/3.2.7/spring-boot-test-3.2.7.jar:/home/damien/.m2/repository/org/springframework/boot/spring-boot-test-autoconfigure/3.2.7/spring-boot-test-autoconfigure-3.2.7.jar:/home/damien/.m2/repository/com/jayway/jsonpath/json-path/2.9.0/json-path-2.9.0.jar:/home/damien/.m2/repository/jakarta/xml/bind/jakarta.xml.bind-api/4.0.2/jakarta.xml.bind-api-4.0.2.jar:/home/damien/.m2/repository/jakarta/activation/jakarta.activation-api/2.1.3/jakarta.activation-api-2.1.3.jar:/home/damien/.m2/repository/net/minidev/json-smart/2.5.1/json-smart-2.5.1.jar:/home/damien/.m2/repository/net/minidev/accessors-smart/2.5.1/accessors-smart-2.5.1.jar:/home/damien/.m2/repository/org/ow2/asm/asm/9.6/asm-9.6.jar:/home/damien/.m2/repository/org/assertj/assertj-core/3.24.2/assertj-core-3.24.2.jar:/home/damien/.m2/repository/org/awaitility/awaitility/4.2.1/awaitility-4.2.1.jar:/home/damien/.m2/repository/org/hamcrest/hamcrest/2.2/hamcrest-2.2.jar:/home/damien/.m2/repository/org/junit/jupiter/junit-jupiter/5.10.2/junit-jupiter-5.10.2.jar:/home/damien/.m2/repository/org/junit/jupiter/junit-jupiter-api/5.10.2/junit-jupiter-api-5.10.2.jar:/home/damien/.m2/repository/org/opentest4j/opentest4j/1.3.0/opentest4j-1.3.0.jar:/home/damien/.m2/repository/org/junit/platform/junit-platform-commons/1.10.2/junit-platform-commons-1.10.2.jar:/home/damien/.m2/repository/org/apiguardian/apiguardian-api/1.1.2/apiguardian-api-1.1.2.jar:/home/damien/.m2/repository/org/junit/jupiter/junit-jupiter-params/5.10.2/junit-jupiter-params-5.10.2.jar:/home/damien/.m2/repository/org/junit/jupiter/junit-jupiter-engine/5.10.2/junit-jupiter-engine-5.10.2.jar:/home/damien/.m2/repository/org/junit/platform/junit-platform-engine/1.10.2/junit-platform-engine-1.10.2.jar:/home/damien/.m2/repository/org/mockito/mockito-core/5.7.0/mockito-core-5.7.0.jar:/home/damien/.m2/repository/net/bytebuddy/byte-buddy-agent/1.14.17/byte-buddy-agent-1.14.17.jar:/home/damien/.m2/repository/org/objenesis/objenesis/3.3/objenesis-3.3.jar:/home/damien/.m2/repository/org/mockito/mockito-junit-jupiter/5.7.0/mockito-junit-jupiter-5.7.0.jar:/home/damien/.m2/repository/org/skyscreamer/jsonassert/1.5.1/jsonassert-1.5.1.jar:/home/damien/.m2/repository/com/vaadin/external/google/android-json/0.0.20131108.vaadin1/android-json-0.0.20131108.vaadin1.jar:/home/damien/.m2/repository/org/springframework/spring-core/6.1.10/spring-core-6.1.10.jar:/home/damien/.m2/repository/org/springframework/spring-jcl/6.1.10/spring-jcl-6.1.10.jar:/home/damien/.m2/repository/org/springframework/spring-test/6.1.10/spring-test-6.1.10.jar:/home/damien/.m2/repository/org/xmlunit/xmlunit-core/2.9.1/xmlunit-core-2.9.1.jar:/home/damien/.m2/repository/org/springframework/boot/spring-boot-devtools/3.2.7/spring-boot-devtools-3.2.7.jar:/home/damien/.m2/repository/org/springframework/boot/spring-boot/3.2.7/spring-boot-3.2.7.jar:/home/damien/.m2/repository/org/springframework/boot/spring-boot-autoconfigure/3.2.7/spring-boot-autoconfigure-3.2.7.jar:/home/damien/.m2/repository/org/springframework/boot/spring-boot-starter-security/3.2.7/spring-boot-starter-security-3.2.7.jar:/home/damien/.m2/repository/org/springframework/spring-aop/6.1.10/spring-aop-6.1.10.jar:/home/damien/.m2/repository/org/springframework/security/spring-security-config/6.2.5/spring-security-config-6.2.5.jar:/home/damien/.m2/repository/org/springframework/security/spring-security-web/6.2.5/spring-security-web-6.2.5.jar:/home/damien/.m2/repository/org/projectlombok/lombok/1.18.32/lombok-1.18.32.jar:/home/damien/.m2/repository/org/springframework/security/spring-security-test/6.2.5/spring-security-test-6.2.5.jar:/home/damien/.m2/repository/org/springframework/security/spring-security-core/6.2.5/spring-security-core-6.2.5.jar:/home/damien/.m2/repository/org/springframework/security/spring-security-crypto/6.2.5/spring-security-crypto-6.2.5.jar:/home/damien/.m2/repository/io/jsonwebtoken/jjwt-api/0.11.5/jjwt-api-0.11.5.jar:/home/damien/.m2/repository/io/jsonwebtoken/jjwt-impl/0.11.5/jjwt-impl-0.11.5.jar:/home/damien/.m2/repository/io/jsonwebtoken/jjwt-jackson/0.11.5/jjwt-jackson-0.11.5.jar:/home/damien/.m2/repository/com/fasterxml/jackson/core/jackson-databind/2.15.4/jackson-databind-2.15.4.jar:/home/damien/.m2/repository/com/fasterxml/jackson/core/jackson-annotations/2.15.4/jackson-annotations-2.15.4.jar:/home/damien/.m2/repository/com/fasterxml/jackson/core/jackson-core/2.15.4/jackson-core-2.15.4.jar:/home/damien/.m2/repository/org/springframework/boot/spring-boot-starter-thymeleaf/3.2.7/spring-boot-starter-thymeleaf-3.2.7.jar:/home/damien/.m2/repository/org/thymeleaf/thymeleaf-spring6/3.1.2.RELEASE/thymeleaf-spring6-3.1.2.RELEASE.jar:/home/damien/.m2/repository/org/thymeleaf/thymeleaf/3.1.2.RELEASE/thymeleaf-3.1.2.RELEASE.jar:/home/damien/.m2/repository/org/attoparser/attoparser/2.0.7.RELEASE/attoparser-2.0.7.RELEASE.jar:/home/damien/.m2/repository/org/unbescape/unbescape/1.1.6.RELEASE/unbescape-1.1.6.RELEASE.jar:"/>
    <property name="sun.cpu.endian" value="little"/>
    <property name="user.home" value="/home/damien"/>
    <property name="user.language" value="en"/>
    <property name="java.specification.vendor" value="Oracle Corporation"/>
    <property name="java.version.date" value="2024-04-16"/>
    <property name="java.home" value="/usr/lib/jvm/java-17-openjdk-amd64"/>
    <property name="file.separator" value="/"/>
    <property name="basedir" value="/home/damien/crud-springboot-jwt"/>
    <property name="java.vm.compressedOopsMode" value="Zero based"/>
    <property name="line.separator" value="&#10;"/>
    <property name="java.specification.name" value="Java Platform API Specification"/>
    <property name="java.vm.specification.vendor" value="Oracle Corporation"/>
    <property name="FILE_LOG_CHARSET" value="UTF-8"/>
    <property name="java.awt.headless" value="true"/>
    <property name="surefire.real.class.path" value="/home/damien/crud-springboot-jwt/target/surefire/surefirebooter-20240720125050885_3.jar"/>
    <property name="sun.management.compiler" value="HotSpot 64-Bit Tiered Compilers"/>
    <property name="java.runtime.version" value="17.0.11+9-Ubuntu-122.04.1"/>
    <property name="user.name" value="damien"/>
    <property name="path.separator" value=":"/>
    <property name="os.version" value="5.15.153.1-microsoft-standard-WSL2"/>
    <property name="java.runtime.name" value="OpenJDK Runtime Environment"/>
    <property name="file.encoding" value="UTF-8"/>
    <property name="java.vm.name" value="OpenJDK 64-Bit Server VM"/>
    <property name="localRepository" value="/home/damien/.m2/repository"/>
    <property name="java.vendor.url.bug" value="https://bugs.launchpad.net/ubuntu/+source/openjdk-17"/>
    <property name="java.io.tmpdir" value="/tmp"/>
    <property name="com.zaxxer.hikari.pool_number" value="1"/>
    <property name="java.version" value="17.0.11"/>
    <property name="user.dir" value="/home/damien/crud-springboot-jwt"/>
    <property name="os.arch" value="amd64"/>
    <property name="java.vm.specification.name" value="Java Virtual Machine Specification"/>
    <property name="PID" value="238666"/>
    <property name="CONSOLE_LOG_CHARSET" value="UTF-8"/>
    <property name="native.encoding" value="UTF-8"/>
    <property name="java.library.path" value="/usr/java/packages/lib:/usr/lib/x86_64-linux-gnu/jni:/lib/x86_64-linux-gnu:/usr/lib/x86_64-linux-gnu:/usr/lib/jni:/lib:/usr/lib"/>
    <property name="java.vm.info" value="mixed mode, sharing"/>
    <property name="java.vendor" value="Ubuntu"/>
    <property name="java.vm.version" value="17.0.11+9-Ubuntu-122.04.1"/>
    <property name="sun.io.unicode.encoding" value="UnicodeLittle"/>
    <property name="java.class.version" value="61.0"/>
    <property name="LOGGED_APPLICATION_NAME" value="[crud-springboot] "/>
  </properties>
  <testcase name="contextLoads" classname="com.cwa.crudspringboot.CrudSpringbootApplicationTests" time="0.857">
    <system-out><![CDATA[12:50:51.638 [main] INFO org.springframework.test.context.support.AnnotationConfigContextLoaderUtils -- Could not detect default configuration classes for test class [com.cwa.crudspringboot.CrudSpringbootApplicationTests]: CrudSpringbootApplicationTests does not declare any static, non-private, non-final, nested classes annotated with @Configuration.
12:50:51.730 [main] INFO org.springframework.boot.test.context.SpringBootTestContextBootstrapper -- Found @SpringBootConfiguration com.cwa.crudspringboot.CrudSpringbootApplication for test class com.cwa.crudspringboot.CrudSpringbootApplicationTests
12:50:51.878 [main] INFO org.springframework.boot.devtools.restart.RestartApplicationListener -- Restart disabled due to context in which it is running
2024-07-20T12:50:52.093+02:00 TRACE 238666 --- [crud-springboot] [           main] o.s.c.io.support.SpringFactoriesLoader   : Loaded [org.springframework.boot.ApplicationContextFactory] names: [org.springframework.boot.web.reactive.context.ReactiveWebServerApplicationContextFactory, org.springframework.boot.web.servlet.context.ServletWebServerApplicationContextFactory]

  .   ____          _            __ _ _
 /\\ / ___'_ __ _ _(_)_ __  __ _ \ \ \ \
( ( )\___ | '_ | '_| | '_ \/ _` | \ \ \ \
 \\/  ___)| |_)| | | | | || (_| |  ) ) ) )
  '  |____| .__|_| |_|_| |_\__, | / / / /
 =========|_|==============|___/=/_/_/_/
 :: Spring Boot ::                (v3.2.7)

2024-07-20T12:50:52.123+02:00 TRACE 238666 --- [crud-springboot] [           main] o.s.b.f.s.DefaultListableBeanFactory     : Registering scope 'restart' with implementation [org.springframework.boot.devtools.restart.RestartScopeInitializer$RestartScope@77b7ffa4]
2024-07-20T12:50:52.129+02:00  INFO 238666 --- [crud-springboot] [           main] c.c.c.CrudSpringbootApplicationTests     : Starting CrudSpringbootApplicationTests using Java 17.0.11 with PID 238666 (started by damien in /home/damien/crud-springboot-jwt)
2024-07-20T12:50:52.130+02:00 DEBUG 238666 --- [crud-springboot] [           main] c.c.c.CrudSpringbootApplicationTests     : Running with Spring Boot v3.2.7, Spring v6.1.10
2024-07-20T12:50:52.131+02:00  INFO 238666 --- [crud-springboot] [           main] c.c.c.CrudSpringbootApplicationTests     : No active profile set, falling back to 1 default profile: "default"
2024-07-20T12:50:52.131+02:00 DEBUG 238666 --- [crud-springboot] [           main] o.s.boot.SpringApplication               : Loading source class com.cwa.crudspringboot.CrudSpringbootApplication
2024-07-20T12:50:52.143+02:00 TRACE 238666 --- [crud-springboot] [           main] o.s.c.a.ClassPathBeanDefinitionScanner   : JSR-250 'jakarta.annotation.ManagedBean' found and supported for component scanning
2024-07-20T12:50:52.144+02:00 TRACE 238666 --- [crud-springboot] [           main] o.s.c.a.ClassPathBeanDefinitionScanner   : JSR-330 'jakarta.inject.Named' annotation found and supported for component scanning
2024-07-20T12:50:52.154+02:00 TRACE 238666 --- [crud-springboot] [           main] uePropertySourceEnvironmentPostProcessor : RandomValuePropertySource add to Environment
2024-07-20T12:50:52.155+02:00 TRACE 238666 --- [crud-springboot] [           main] b.c.c.ConfigDataEnvironmentPostProcessor : Post-processing environment to add config data
2024-07-20T12:50:52.155+02:00 TRACE 238666 --- [crud-springboot] [           main] o.s.b.c.config.ConfigDataEnvironment     : Building config data environment contributors
2024-07-20T12:50:52.155+02:00 TRACE 238666 --- [crud-springboot] [           main] o.s.b.c.config.ConfigDataEnvironment     : Creating wrapped config data contributor for 'Inlined Test Properties'
2024-07-20T12:50:52.155+02:00 TRACE 238666 --- [crud-springboot] [           main] o.s.b.c.config.ConfigDataEnvironment     : Creating wrapped config data contributor for 'configurationProperties'
2024-07-20T12:50:52.155+02:00 TRACE 238666 --- [crud-springboot] [           main] o.s.b.c.config.ConfigDataEnvironment     : Creating wrapped config data contributor for 'servletConfigInitParams'
2024-07-20T12:50:52.155+02:00 TRACE 238666 --- [crud-springboot] [           main] o.s.b.c.config.ConfigDataEnvironment     : Creating wrapped config data contributor for 'servletContextInitParams'
2024-07-20T12:50:52.155+02:00 TRACE 238666 --- [crud-springboot] [           main] o.s.b.c.config.ConfigDataEnvironment     : Creating wrapped config data contributor for 'systemProperties'
2024-07-20T12:50:52.156+02:00 TRACE 238666 --- [crud-springboot] [           main] o.s.b.c.config.ConfigDataEnvironment     : Creating wrapped config data contributor for 'systemEnvironment'
2024-07-20T12:50:52.156+02:00 TRACE 238666 --- [crud-springboot] [           main] o.s.b.c.config.ConfigDataEnvironment     : Creating wrapped config data contributor for 'random'
2024-07-20T12:50:52.156+02:00 TRACE 238666 --- [crud-springboot] [           main] o.s.b.c.config.ConfigDataEnvironment     : Adding initial config data import from location 'optional:file:./;optional:file:./config/;optional:file:./config/*/'
2024-07-20T12:50:52.156+02:00 TRACE 238666 --- [crud-springboot] [           main] o.s.b.c.config.ConfigDataEnvironment     : Adding initial config data import from location 'optional:classpath:/;optional:classpath:/config/'
2024-07-20T12:50:52.156+02:00 TRACE 238666 --- [crud-springboot] [           main] o.s.b.c.config.ConfigDataEnvironment     : Processing initial config data environment contributors without activation context
2024-07-20T12:50:52.156+02:00 TRACE 238666 --- [crud-springboot] [           main] .b.c.c.ConfigDataEnvironmentContributors : Processing imports for phase BEFORE_PROFILE_ACTIVATION. no activation context
2024-07-20T12:50:52.156+02:00 TRACE 238666 --- [crud-springboot] [           main] .b.c.c.ConfigDataEnvironmentContributors : Processing imports [optional:file:./;optional:file:./config/;optional:file:./config/*/]
2024-07-20T12:50:52.157+02:00 TRACE 238666 --- [crud-springboot] [           main] b.c.c.StandardConfigDataLocationResolver : Skipping missing resource file:./application.yaml
2024-07-20T12:50:52.157+02:00 TRACE 238666 --- [crud-springboot] [           main] b.c.c.StandardConfigDataLocationResolver : Skipping missing resource file:./application.yml
2024-07-20T12:50:52.157+02:00 TRACE 238666 --- [crud-springboot] [           main] b.c.c.StandardConfigDataLocationResolver : Skipping missing resource file:./application.xml
2024-07-20T12:50:52.157+02:00 TRACE 238666 --- [crud-springboot] [           main] b.c.c.StandardConfigDataLocationResolver : Skipping missing resource file:./application.properties
2024-07-20T12:50:52.157+02:00 TRACE 238666 --- [crud-springboot] [           main] b.c.c.StandardConfigDataLocationResolver : Skipping missing resource file:./config/application.yaml
2024-07-20T12:50:52.158+02:00 TRACE 238666 --- [crud-springboot] [           main] b.c.c.StandardConfigDataLocationResolver : Skipping missing resource file:./config/application.yml
2024-07-20T12:50:52.158+02:00 TRACE 238666 --- [crud-springboot] [           main] b.c.c.StandardConfigDataLocationResolver : Skipping missing resource file:./config/application.xml
2024-07-20T12:50:52.158+02:00 TRACE 238666 --- [crud-springboot] [           main] b.c.c.StandardConfigDataLocationResolver : Skipping missing resource file:./config/application.properties
2024-07-20T12:50:52.158+02:00 TRACE 238666 --- [crud-springboot] [           main] o.s.b.context.config.ConfigDataImporter  : Considering resource file [.] from location optional:file:./;optional:file:./config/;optional:file:./config/*/
2024-07-20T12:50:52.158+02:00 TRACE 238666 --- [crud-springboot] [           main] o.s.b.context.config.ConfigDataLoaders   : Loading file [.] using loader org.springframework.boot.context.config.StandardConfigDataLoader
2024-07-20T12:50:52.158+02:00 TRACE 238666 --- [crud-springboot] [           main] o.s.b.context.config.ConfigDataImporter  : Loaded resource file [.] from location optional:file:./;optional:file:./config/;optional:file:./config/*/
2024-07-20T12:50:52.161+02:00 TRACE 238666 --- [crud-springboot] [           main] .b.c.c.ConfigDataEnvironmentContributors : Imported 1 resource [file [.]]
2024-07-20T12:50:52.161+02:00 TRACE 238666 --- [crud-springboot] [           main] .b.c.c.ConfigDataEnvironmentContributors : Processing imports [optional:classpath:/;optional:classpath:/config/]
2024-07-20T12:50:52.162+02:00 TRACE 238666 --- [crud-springboot] [           main] b.c.c.StandardConfigDataLocationResolver : Skipping missing resource classpath:/application.yaml
2024-07-20T12:50:52.162+02:00 TRACE 238666 --- [crud-springboot] [           main] b.c.c.StandardConfigDataLocationResolver : Skipping missing resource classpath:/application.yml
2024-07-20T12:50:52.162+02:00 TRACE 238666 --- [crud-springboot] [           main] b.c.c.StandardConfigDataLocationResolver : Skipping missing resource classpath:/application.xml
2024-07-20T12:50:52.162+02:00 TRACE 238666 --- [crud-springboot] [           main] b.c.c.StandardConfigDataLocationResolver : Skipping missing resource classpath:/config/application.yaml
2024-07-20T12:50:52.162+02:00 TRACE 238666 --- [crud-springboot] [           main] b.c.c.StandardConfigDataLocationResolver : Skipping missing resource classpath:/config/application.yml
2024-07-20T12:50:52.162+02:00 TRACE 238666 --- [crud-springboot] [           main] b.c.c.StandardConfigDataLocationResolver : Skipping missing resource classpath:/config/application.xml
2024-07-20T12:50:52.162+02:00 TRACE 238666 --- [crud-springboot] [           main] b.c.c.StandardConfigDataLocationResolver : Skipping missing resource classpath:/config/application.properties
2024-07-20T12:50:52.162+02:00 TRACE 238666 --- [crud-springboot] [           main] o.s.b.context.config.ConfigDataImporter  : Considering resource class path resource [application.properties] from location optional:classpath:/;optional:classpath:/config/
2024-07-20T12:50:52.163+02:00 TRACE 238666 --- [crud-springboot] [           main] o.s.b.context.config.ConfigDataLoaders   : Loading class path resource [application.properties] using loader org.springframework.boot.context.config.StandardConfigDataLoader
2024-07-20T12:50:52.163+02:00 TRACE 238666 --- [crud-springboot] [           main] o.s.b.context.config.ConfigDataImporter  : Loaded resource class path resource [application.properties] from location optional:classpath:/;optional:classpath:/config/
2024-07-20T12:50:52.163+02:00 TRACE 238666 --- [crud-springboot] [           main] .b.c.c.ConfigDataEnvironmentContributors : Imported 1 resource [class path resource [application.properties]]
2024-07-20T12:50:52.167+02:00 TRACE 238666 --- [crud-springboot] [           main] .b.c.c.ConfigDataEnvironmentContributors : Processed imports for of 2 contributors
2024-07-20T12:50:52.167+02:00 TRACE 238666 --- [crud-springboot] [           main] o.s.b.c.config.ConfigDataEnvironment     : Creating config data activation context from initial contributions
2024-07-20T12:50:52.167+02:00 TRACE 238666 --- [crud-springboot] [           main] o.s.b.c.config.ConfigDataEnvironment     : Processing config data environment contributors with initial activation context
2024-07-20T12:50:52.168+02:00 TRACE 238666 --- [crud-springboot] [           main] .b.c.c.ConfigDataEnvironmentContributors : Processing imports for phase BEFORE_PROFILE_ACTIVATION. [ConfigDataActivationContext@5fd9b663 cloudPlatform = [null], profiles = [null]]
2024-07-20T12:50:52.169+02:00 TRACE 238666 --- [crud-springboot] [           main] .b.c.c.ConfigDataEnvironmentContributors : Processed imports for of 0 contributors
2024-07-20T12:50:52.169+02:00 TRACE 238666 --- [crud-springboot] [           main] o.s.b.c.config.ConfigDataEnvironment     : Deducing profiles from current config data environment contributors
2024-07-20T12:50:52.169+02:00 TRACE 238666 --- [crud-springboot] [           main] o.s.b.c.config.ConfigDataEnvironment     : Processing config data environment contributors with profile activation context
2024-07-20T12:50:52.169+02:00 TRACE 238666 --- [crud-springboot] [           main] .b.c.c.ConfigDataEnvironmentContributors : Processing imports for phase AFTER_PROFILE_ACTIVATION. [ConfigDataActivationContext@214894fc cloudPlatform = [null], profiles = [Profiles@10567255 active = '[]', default = '[default]', accepted = '[default]']]
2024-07-20T12:50:52.170+02:00 TRACE 238666 --- [crud-springboot] [           main] .b.c.c.ConfigDataEnvironmentContributors : Processing imports [optional:file:./;optional:file:./config/;optional:file:./config/*/]
2024-07-20T12:50:52.170+02:00 TRACE 238666 --- [crud-springboot] [           main] b.c.c.StandardConfigDataLocationResolver : Skipping missing resource file:./application.yaml
2024-07-20T12:50:52.170+02:00 TRACE 238666 --- [crud-springboot] [           main] b.c.c.StandardConfigDataLocationResolver : Skipping missing resource file:./application.yml
2024-07-20T12:50:52.170+02:00 TRACE 238666 --- [crud-springboot] [           main] b.c.c.StandardConfigDataLocationResolver : Skipping missing resource file:./application.xml
2024-07-20T12:50:52.170+02:00 TRACE 238666 --- [crud-springboot] [           main] b.c.c.StandardConfigDataLocationResolver : Skipping missing resource file:./application.properties
2024-07-20T12:50:52.170+02:00 TRACE 238666 --- [crud-springboot] [           main] b.c.c.StandardConfigDataLocationResolver : Skipping missing resource file:./config/application.yaml
2024-07-20T12:50:52.170+02:00 TRACE 238666 --- [crud-springboot] [           main] b.c.c.StandardConfigDataLocationResolver : Skipping missing resource file:./config/application.yml
2024-07-20T12:50:52.170+02:00 TRACE 238666 --- [crud-springboot] [           main] b.c.c.StandardConfigDataLocationResolver : Skipping missing resource file:./config/application.xml
2024-07-20T12:50:52.171+02:00 TRACE 238666 --- [crud-springboot] [           main] b.c.c.StandardConfigDataLocationResolver : Skipping missing resource file:./config/application.properties
2024-07-20T12:50:52.171+02:00 TRACE 238666 --- [crud-springboot] [           main] b.c.c.StandardConfigDataLocationResolver : Skipping missing resource file:./application-default.yaml
2024-07-20T12:50:52.171+02:00 TRACE 238666 --- [crud-springboot] [           main] b.c.c.StandardConfigDataLocationResolver : Skipping missing resource file:./application-default.yml
2024-07-20T12:50:52.171+02:00 TRACE 238666 --- [crud-springboot] [           main] b.c.c.StandardConfigDataLocationResolver : Skipping missing resource file:./application-default.xml
2024-07-20T12:50:52.171+02:00 TRACE 238666 --- [crud-springboot] [           main] b.c.c.StandardConfigDataLocationResolver : Skipping missing resource file:./application-default.properties
2024-07-20T12:50:52.172+02:00 TRACE 238666 --- [crud-springboot] [           main] b.c.c.StandardConfigDataLocationResolver : Skipping missing resource file:./config/application-default.yaml
2024-07-20T12:50:52.172+02:00 TRACE 238666 --- [crud-springboot] [           main] b.c.c.StandardConfigDataLocationResolver : Skipping missing resource file:./config/application-default.yml
2024-07-20T12:50:52.172+02:00 TRACE 238666 --- [crud-springboot] [           main] b.c.c.StandardConfigDataLocationResolver : Skipping missing resource file:./config/application-default.xml
2024-07-20T12:50:52.172+02:00 TRACE 238666 --- [crud-springboot] [           main] b.c.c.StandardConfigDataLocationResolver : Skipping missing resource file:./config/application-default.properties
2024-07-20T12:50:52.172+02:00 TRACE 238666 --- [crud-springboot] [           main] o.s.b.context.config.ConfigDataImporter  : Considering resource file [.] from location optional:file:./;optional:file:./config/;optional:file:./config/*/
2024-07-20T12:50:52.172+02:00 TRACE 238666 --- [crud-springboot] [           main] o.s.b.context.config.ConfigDataImporter  : Already loaded resource file [.] ignoring location optional:file:./;optional:file:./config/;optional:file:./config/*/
2024-07-20T12:50:52.172+02:00 TRACE 238666 --- [crud-springboot] [           main] o.s.b.context.config.ConfigDataImporter  : Considering resource file [.] from location optional:file:./;optional:file:./config/;optional:file:./config/*/
2024-07-20T12:50:52.172+02:00 TRACE 238666 --- [crud-springboot] [           main] o.s.b.context.config.ConfigDataImporter  : Already loaded resource file [.] ignoring location optional:file:./;optional:file:./config/;optional:file:./config/*/
2024-07-20T12:50:52.173+02:00 TRACE 238666 --- [crud-springboot] [           main] .b.c.c.ConfigDataEnvironmentContributors : Nothing imported
2024-07-20T12:50:52.173+02:00 TRACE 238666 --- [crud-springboot] [           main] .b.c.c.ConfigDataEnvironmentContributors : Processing imports [optional:classpath:/;optional:classpath:/config/]
2024-07-20T12:50:52.173+02:00 TRACE 238666 --- [crud-springboot] [           main] b.c.c.StandardConfigDataLocationResolver : Skipping missing resource classpath:/application.yaml
2024-07-20T12:50:52.173+02:00 TRACE 238666 --- [crud-springboot] [           main] b.c.c.StandardConfigDataLocationResolver : Skipping missing resource classpath:/application.yml
2024-07-20T12:50:52.173+02:00 TRACE 238666 --- [crud-springboot] [           main] b.c.c.StandardConfigDataLocationResolver : Skipping missing resource classpath:/application.xml
2024-07-20T12:50:52.173+02:00 TRACE 238666 --- [crud-springboot] [           main] b.c.c.StandardConfigDataLocationResolver : Skipping missing resource classpath:/config/application.yaml
2024-07-20T12:50:52.173+02:00 TRACE 238666 --- [crud-springboot] [           main] b.c.c.StandardConfigDataLocationResolver : Skipping missing resource classpath:/config/application.yml
2024-07-20T12:50:52.173+02:00 TRACE 238666 --- [crud-springboot] [           main] b.c.c.StandardConfigDataLocationResolver : Skipping missing resource classpath:/config/application.xml
2024-07-20T12:50:52.173+02:00 TRACE 238666 --- [crud-springboot] [           main] b.c.c.StandardConfigDataLocationResolver : Skipping missing resource classpath:/config/application.properties
2024-07-20T12:50:52.173+02:00 TRACE 238666 --- [crud-springboot] [           main] b.c.c.StandardConfigDataLocationResolver : Skipping missing resource classpath:/application-default.yaml
2024-07-20T12:50:52.173+02:00 TRACE 238666 --- [crud-springboot] [           main] b.c.c.StandardConfigDataLocationResolver : Skipping missing resource classpath:/application-default.yml
2024-07-20T12:50:52.174+02:00 TRACE 238666 --- [crud-springboot] [           main] b.c.c.StandardConfigDataLocationResolver : Skipping missing resource classpath:/application-default.xml
2024-07-20T12:50:52.174+02:00 TRACE 238666 --- [crud-springboot] [           main] b.c.c.StandardConfigDataLocationResolver : Skipping missing resource classpath:/application-default.properties
2024-07-20T12:50:52.174+02:00 TRACE 238666 --- [crud-springboot] [           main] b.c.c.StandardConfigDataLocationResolver : Skipping missing resource classpath:/config/application-default.yaml
2024-07-20T12:50:52.174+02:00 TRACE 238666 --- [crud-springboot] [           main] b.c.c.StandardConfigDataLocationResolver : Skipping missing resource classpath:/config/application-default.yml
2024-07-20T12:50:52.174+02:00 TRACE 238666 --- [crud-springboot] [           main] b.c.c.StandardConfigDataLocationResolver : Skipping missing resource classpath:/config/application-default.xml
2024-07-20T12:50:52.174+02:00 TRACE 238666 --- [crud-springboot] [           main] b.c.c.StandardConfigDataLocationResolver : Skipping missing resource classpath:/config/application-default.properties
2024-07-20T12:50:52.174+02:00 TRACE 238666 --- [crud-springboot] [           main] o.s.b.context.config.ConfigDataImporter  : Considering resource class path resource [application.properties] from location optional:classpath:/;optional:classpath:/config/
2024-07-20T12:50:52.174+02:00 TRACE 238666 --- [crud-springboot] [           main] o.s.b.context.config.ConfigDataImporter  : Already loaded resource class path resource [application.properties] ignoring location optional:classpath:/;optional:classpath:/config/
2024-07-20T12:50:52.175+02:00 TRACE 238666 --- [crud-springboot] [           main] .b.c.c.ConfigDataEnvironmentContributors : Nothing imported
2024-07-20T12:50:52.175+02:00 TRACE 238666 --- [crud-springboot] [           main] .b.c.c.ConfigDataEnvironmentContributors : Processed imports for of 2 contributors
2024-07-20T12:50:52.175+02:00 TRACE 238666 --- [crud-springboot] [           main] o.s.b.c.config.ConfigDataEnvironment     : Applying config data environment contributions
2024-07-20T12:50:52.175+02:00 TRACE 238666 --- [crud-springboot] [           main] o.s.b.c.config.ConfigDataEnvironment     : Adding imported property source 'Config resource 'class path resource [application.properties]' via location 'optional:classpath:/''
2024-07-20T12:50:52.175+02:00 TRACE 238666 --- [crud-springboot] [           main] o.s.b.c.config.ConfigDataEnvironment     : Setting default profiles: [default]
2024-07-20T12:50:52.175+02:00 TRACE 238666 --- [crud-springboot] [           main] o.s.b.c.config.ConfigDataEnvironment     : Setting active profiles: []
2024-07-20T12:50:52.177+02:00 DEBUG 238666 --- [crud-springboot] [           main] o.s.w.c.s.GenericWebApplicationContext   : Refreshing org.springframework.web.context.support.GenericWebApplicationContext@5ef8df1e
2024-07-20T12:50:52.183+02:00 TRACE 238666 --- [crud-springboot] [           main] o.s.b.f.s.DefaultListableBeanFactory     : Registering scope 'request' with implementation [org.springframework.web.context.request.RequestScope@b273a59]
2024-07-20T12:50:52.183+02:00 TRACE 238666 --- [crud-springboot] [           main] o.s.b.f.s.DefaultListableBeanFactory     : Registering scope 'session' with implementation [org.springframework.web.context.request.SessionScope@1b70203f]
2024-07-20T12:50:52.183+02:00 TRACE 238666 --- [crud-springboot] [           main] o.s.b.f.s.DefaultListableBeanFactory     : Registering scope 'application' with implementation [org.springframework.web.context.support.ServletContextScope@62df0ff3]
2024-07-20T12:50:52.193+02:00 DEBUG 238666 --- [crud-springboot] [           main] o.s.b.f.s.DefaultListableBeanFactory     : Creating shared instance of singleton bean 'org.springframework.context.annotation.internalConfigurationAnnotationProcessor'
2024-07-20T12:50:52.194+02:00 TRACE 238666 --- [crud-springboot] [           main] o.s.b.f.s.DefaultListableBeanFactory     : Creating instance of bean 'org.springframework.context.annotation.internalConfigurationAnnotationProcessor'
2024-07-20T12:50:52.218+02:00 DEBUG 238666 --- [crud-springboot] [           main] o.s.b.f.s.DefaultListableBeanFactory     : Creating shared instance of singleton bean 'org.springframework.boot.autoconfigure.internalCachingMetadataReaderFactory'
2024-07-20T12:50:52.218+02:00 TRACE 238666 --- [crud-springboot] [           main] o.s.b.f.s.DefaultListableBeanFactory     : Creating instance of bean 'org.springframework.boot.autoconfigure.internalCachingMetadataReaderFactory'
2024-07-20T12:50:52.221+02:00 TRACE 238666 --- [crud-springboot] [           main] o.s.b.f.s.DefaultListableBeanFactory     : Finished creating instance of bean 'org.springframework.boot.autoconfigure.internalCachingMetadataReaderFactory'
2024-07-20T12:50:52.226+02:00 TRACE 238666 --- [crud-springboot] [           main] o.s.c.io.support.SpringFactoriesLoader   : Loaded [org.springframework.beans.BeanInfoFactory] names: [org.springframework.data.util.KotlinBeanInfoFactory]
2024-07-20T12:50:52.229+02:00 TRACE 238666 --- [crud-springboot] [           main] o.s.beans.CachedIntrospectionResults     : Getting BeanInfo for class [org.springframework.context.annotation.ConfigurationClassPostProcessor]
2024-07-20T12:50:52.235+02:00 TRACE 238666 --- [crud-springboot] [           main] o.s.beans.CachedIntrospectionResults     : Caching PropertyDescriptors for class [org.springframework.context.annotation.ConfigurationClassPostProcessor]
2024-07-20T12:50:52.236+02:00 TRACE 238666 --- [crud-springboot] [           main] o.s.beans.CachedIntrospectionResults     : Found bean property 'applicationStartup' of type [org.springframework.core.metrics.ApplicationStartup]
2024-07-20T12:50:52.237+02:00 TRACE 238666 --- [crud-springboot] [           main] o.s.beans.CachedIntrospectionResults     : Found bean property 'beanClassLoader' of type [java.lang.ClassLoader]
2024-07-20T12:50:52.238+02:00 TRACE 238666 --- [crud-springboot] [           main] o.s.beans.CachedIntrospectionResults     : Found bean property 'beanExcludedFromAotProcessing' of type [boolean]
2024-07-20T12:50:52.239+02:00 TRACE 238666 --- [crud-springboot] [           main] o.s.beans.CachedIntrospectionResults     : Found bean property 'beanNameGenerator' of type [org.springframework.beans.factory.support.BeanNameGenerator]
2024-07-20T12:50:52.241+02:00 TRACE 238666 --- [crud-springboot] [           main] o.s.beans.CachedIntrospectionResults     : Found bean property 'class' of type [java.lang.Class]
2024-07-20T12:50:52.242+02:00 TRACE 238666 --- [crud-springboot] [           main] o.s.beans.CachedIntrospectionResults     : Found bean property 'environment' of type [org.springframework.core.env.Environment]
2024-07-20T12:50:52.243+02:00 TRACE 238666 --- [crud-springboot] [           main] o.s.beans.CachedIntrospectionResults     : Found bean property 'metadataReaderFactory' of type [org.springframework.core.type.classreading.MetadataReaderFactory]
2024-07-20T12:50:52.244+02:00 TRACE 238666 --- [crud-springboot] [           main] o.s.beans.CachedIntrospectionResults     : Found bean property 'order' of type [int]
2024-07-20T12:50:52.246+02:00 TRACE 238666 --- [crud-springboot] [           main] o.s.beans.CachedIntrospectionResults     : Found bean property 'problemReporter' of type [org.springframework.beans.factory.parsing.ProblemReporter]
2024-07-20T12:50:52.248+02:00 TRACE 238666 --- [crud-springboot] [           main] o.s.beans.CachedIntrospectionResults     : Found bean property 'resourceLoader' of type [org.springframework.core.io.ResourceLoader]
2024-07-20T12:50:52.248+02:00 TRACE 238666 --- [crud-springboot] [           main] o.s.beans.CachedIntrospectionResults     : Found bean property 'sourceExtractor' of type [org.springframework.beans.factory.parsing.SourceExtractor]
2024-07-20T12:50:52.254+02:00 TRACE 238666 --- [crud-springboot] [           main] o.s.b.f.s.DefaultListableBeanFactory     : Finished creating instance of bean 'org.springframework.context.annotation.internalConfigurationAnnotationProcessor'
2024-07-20T12:50:52.276+02:00 TRACE 238666 --- [crud-springboot] [           main] o.s.c.a.ClassPathBeanDefinitionScanner   : JSR-250 'jakarta.annotation.ManagedBean' found and supported for component scanning
2024-07-20T12:50:52.277+02:00 TRACE 238666 --- [crud-springboot] [           main] o.s.c.a.ClassPathBeanDefinitionScanner   : JSR-330 'jakarta.inject.Named' annotation found and supported for component scanning
2024-07-20T12:50:52.280+02:00 TRACE 238666 --- [crud-springboot] [           main] .i.s.PathMatchingResourcePatternResolver : Resolved module-path location pattern [com/cwa/crudspringboot/**/*.class] to resources []
2024-07-20T12:50:52.282+02:00 TRACE 238666 --- [crud-springboot] [           main] .i.s.PathMatchingResourcePatternResolver : Resolved module-path location pattern [com/cwa/crudspringboot/] to resources []
2024-07-20T12:50:52.284+02:00 TRACE 238666 --- [crud-springboot] [           main] .i.s.PathMatchingResourcePatternResolver : Resolved class path location [com/cwa/crudspringboot/] to resources [file [/home/damien/crud-springboot-jwt/target/test-classes/com/cwa/crudspringboot], file [/home/damien/crud-springboot-jwt/target/classes/com/cwa/crudspringboot]]
2024-07-20T12:50:52.285+02:00 TRACE 238666 --- [crud-springboot] [           main] .i.s.PathMatchingResourcePatternResolver : Searching directory [/home/damien/crud-springboot-jwt/target/test-classes/com/cwa/crudspringboot] for files matching pattern [**/*.class]
2024-07-20T12:50:52.287+02:00 TRACE 238666 --- [crud-springboot] [           main] .i.s.PathMatchingResourcePatternResolver : Searching directory [/home/damien/crud-springboot-jwt/target/classes/com/cwa/crudspringboot] for files matching pattern [**/*.class]
2024-07-20T12:50:52.301+02:00 TRACE 238666 --- [crud-springboot] [           main] .i.s.PathMatchingResourcePatternResolver : Resolved location pattern [classpath*:com/cwa/crudspringboot/**/*.class] to resources [file [/home/damien/crud-springboot-jwt/target/test-classes/com/cwa/crudspringboot/CrudSpringbootApplicationTests.class], file [/home/damien/crud-springboot-jwt/target/classes/com/cwa/crudspringboot/CrudSpringbootApplication.class], file [/home/damien/crud-springboot-jwt/target/classes/com/cwa/crudspringboot/configuration/JwtUtils.class], file [/home/damien/crud-springboot-jwt/target/classes/com/cwa/crudspringboot/configuration/SecurityConfig.class], file [/home/damien/crud-springboot-jwt/target/classes/com/cwa/crudspringboot/controller/ApiResponse.class], file [/home/damien/crud-springboot-jwt/target/classes/com/cwa/crudspringboot/controller/AuthController.class], file [/home/damien/crud-springboot-jwt/target/classes/com/cwa/crudspringboot/controller/LoginRequest.class], file [/home/damien/crud-springboot-jwt/target/classes/com/cwa/crudspringboot/controller/PersonController.class], file [/home/damien/crud-springboot-jwt/target/classes/com/cwa/crudspringboot/controller/RegisterRequest.class], file [/home/damien/crud-springboot-jwt/target/classes/com/cwa/crudspringboot/controller/UserController.class], file [/home/damien/crud-springboot-jwt/target/classes/com/cwa/crudspringboot/controller/WebController.class], file [/home/damien/crud-springboot-jwt/target/classes/com/cwa/crudspringboot/entity/Allergen.class], file [/home/damien/crud-springboot-jwt/target/classes/com/cwa/crudspringboot/entity/Card.class], file [/home/damien/crud-springboot-jwt/target/classes/com/cwa/crudspringboot/entity/Dish.class], file [/home/damien/crud-springboot-jwt/target/classes/com/cwa/crudspringboot/entity/Ingredient.class], file [/home/damien/crud-springboot-jwt/target/classes/com/cwa/crudspringboot/entity/Menu.class], file [/home/damien/crud-springboot-jwt/target/classes/com/cwa/crudspringboot/entity/Person.class], file [/home/damien/crud-springboot-jwt/target/classes/com/cwa/crudspringboot/entity/User.class], file [/home/damien/crud-springboot-jwt/target/classes/com/cwa/crudspringboot/filter/JwtFilter.class], file [/home/damien/crud-springboot-jwt/target/classes/com/cwa/crudspringboot/repository/AllergenRepository.class], file [/home/damien/crud-springboot-jwt/target/classes/com/cwa/crudspringboot/repository/CardRepository.class], file [/home/damien/crud-springboot-jwt/target/classes/com/cwa/crudspringboot/repository/DishRepository.class], file [/home/damien/crud-springboot-jwt/target/classes/com/cwa/crudspringboot/repository/IngredientRepository.class], file [/home/damien/crud-springboot-jwt/target/classes/com/cwa/crudspringboot/repository/MenuRepository.class], file [/home/damien/crud-springboot-jwt/target/classes/com/cwa/crudspringboot/repository/PersonRepository.class], file [/home/damien/crud-springboot-jwt/target/classes/com/cwa/crudspringboot/repository/UserRepository.class], file [/home/damien/crud-springboot-jwt/target/classes/com/cwa/crudspringboot/service/CardService.class], file [/home/damien/crud-springboot-jwt/target/classes/com/cwa/crudspringboot/service/CustomUserDetailsService.class], file [/home/damien/crud-springboot-jwt/target/classes/com/cwa/crudspringboot/service/UserService.class]]
2024-07-20T12:50:52.301+02:00 TRACE 238666 --- [crud-springboot] [           main] o.s.c.a.ClassPathBeanDefinitionScanner   : Scanning file [/home/damien/crud-springboot-jwt/target/test-classes/com/cwa/crudspringboot/CrudSpringbootApplicationTests.class]
2024-07-20T12:50:52.302+02:00 TRACE 238666 --- [crud-springboot] [           main] o.s.b.f.s.DefaultListableBeanFactory     : Returning cached instance of singleton bean 'org.springframework.boot.test.context.filter.TestTypeExcludeFilter'
2024-07-20T12:50:52.303+02:00 TRACE 238666 --- [crud-springboot] [           main] o.s.c.a.ClassPathBeanDefinitionScanner   : Ignored because not matching any filter: file [/home/damien/crud-springboot-jwt/target/test-classes/com/cwa/crudspringboot/CrudSpringbootApplicationTests.class]
2024-07-20T12:50:52.305+02:00 TRACE 238666 --- [crud-springboot] [           main] o.s.c.a.ClassPathBeanDefinitionScanner   : Scanning file [/home/damien/crud-springboot-jwt/target/classes/com/cwa/crudspringboot/CrudSpringbootApplication.class]
2024-07-20T12:50:52.306+02:00 TRACE 238666 --- [crud-springboot] [           main] o.s.c.a.ClassPathBeanDefinitionScanner   : Ignored because not matching any filter: file [/home/damien/crud-springboot-jwt/target/classes/com/cwa/crudspringboot/CrudSpringbootApplication.class]
2024-07-20T12:50:52.306+02:00 TRACE 238666 --- [crud-springboot] [           main] o.s.c.a.ClassPathBeanDefinitionScanner   : Scanning file [/home/damien/crud-springboot-jwt/target/classes/com/cwa/crudspringboot/configuration/JwtUtils.class]
2024-07-20T12:50:52.308+02:00 DEBUG 238666 --- [crud-springboot] [           main] o.s.c.a.ClassPathBeanDefinitionScanner   : Identified candidate component class: file [/home/damien/crud-springboot-jwt/target/classes/com/cwa/crudspringboot/configuration/JwtUtils.class]
2024-07-20T12:50:52.309+02:00 TRACE 238666 --- [crud-springboot] [           main] o.s.c.a.ClassPathBeanDefinitionScanner   : Scanning file [/home/damien/crud-springboot-jwt/target/classes/com/cwa/crudspringboot/configuration/SecurityConfig.class]
2024-07-20T12:50:52.324+02:00 DEBUG 238666 --- [crud-springboot] [           main] o.s.c.a.ClassPathBeanDefinitionScanner   : Identified candidate component class: file [/home/damien/crud-springboot-jwt/target/classes/com/cwa/crudspringboot/configuration/SecurityConfig.class]
2024-07-20T12:50:52.324+02:00 TRACE 238666 --- [crud-springboot] [           main] o.s.c.a.ClassPathBeanDefinitionScanner   : Scanning file [/home/damien/crud-springboot-jwt/target/classes/com/cwa/crudspringboot/controller/ApiResponse.class]
2024-07-20T12:50:52.326+02:00 DEBUG 238666 --- [crud-springboot] [           main] o.s.c.a.ClassPathBeanDefinitionScanner   : Identified candidate component class: file [/home/damien/crud-springboot-jwt/target/classes/com/cwa/crudspringboot/controller/ApiResponse.class]
2024-07-20T12:50:52.326+02:00 TRACE 238666 --- [crud-springboot] [           main] o.s.c.a.ClassPathBeanDefinitionScanner   : Scanning file [/home/damien/crud-springboot-jwt/target/classes/com/cwa/crudspringboot/controller/AuthController.class]
2024-07-20T12:50:52.349+02:00 DEBUG 238666 --- [crud-springboot] [           main] o.s.c.a.ClassPathBeanDefinitionScanner   : Identified candidate component class: file [/home/damien/crud-springboot-jwt/target/classes/com/cwa/crudspringboot/controller/AuthController.class]
2024-07-20T12:50:52.350+02:00 TRACE 238666 --- [crud-springboot] [           main] o.s.c.a.ClassPathBeanDefinitionScanner   : Scanning file [/home/damien/crud-springboot-jwt/target/classes/com/cwa/crudspringboot/controller/LoginRequest.class]
2024-07-20T12:50:52.351+02:00 DEBUG 238666 --- [crud-springboot] [           main] o.s.c.a.ClassPathBeanDefinitionScanner   : Identified candidate component class: file [/home/damien/crud-springboot-jwt/target/classes/com/cwa/crudspringboot/controller/LoginRequest.class]
2024-07-20T12:50:52.352+02:00 TRACE 238666 --- [crud-springboot] [           main] o.s.c.a.ClassPathBeanDefinitionScanner   : Scanning file [/home/damien/crud-springboot-jwt/target/classes/com/cwa/crudspringboot/controller/PersonController.class]
2024-07-20T12:50:52.363+02:00 DEBUG 238666 --- [crud-springboot] [           main] o.s.c.a.ClassPathBeanDefinitionScanner   : Identified candidate component class: file [/home/damien/crud-springboot-jwt/target/classes/com/cwa/crudspringboot/controller/PersonController.class]
2024-07-20T12:50:52.364+02:00 TRACE 238666 --- [crud-springboot] [           main] o.s.c.a.ClassPathBeanDefinitionScanner   : Scanning file [/home/damien/crud-springboot-jwt/target/classes/com/cwa/crudspringboot/controller/RegisterRequest.class]
2024-07-20T12:50:52.365+02:00 DEBUG 238666 --- [crud-springboot] [           main] o.s.c.a.ClassPathBeanDefinitionScanner   : Identified candidate component class: file [/home/damien/crud-springboot-jwt/target/classes/com/cwa/crudspringboot/controller/RegisterRequest.class]
2024-07-20T12:50:52.365+02:00 TRACE 238666 --- [crud-springboot] [           main] o.s.c.a.ClassPathBeanDefinitionScanner   : Scanning file [/home/damien/crud-springboot-jwt/target/classes/com/cwa/crudspringboot/controller/UserController.class]
2024-07-20T12:50:52.366+02:00 TRACE 238666 --- [crud-springboot] [           main] o.s.c.a.ClassPathBeanDefinitionScanner   : Ignored because not matching any filter: file [/home/damien/crud-springboot-jwt/target/classes/com/cwa/crudspringboot/controller/UserController.class]
2024-07-20T12:50:52.366+02:00 TRACE 238666 --- [crud-springboot] [           main] o.s.c.a.ClassPathBeanDefinitionScanner   : Scanning file [/home/damien/crud-springboot-jwt/target/classes/com/cwa/crudspringboot/controller/WebController.class]
2024-07-20T12:50:52.368+02:00 DEBUG 238666 --- [crud-springboot] [           main] o.s.c.a.ClassPathBeanDefinitionScanner   : Identified candidate component class: file [/home/damien/crud-springboot-jwt/target/classes/com/cwa/crudspringboot/controller/WebController.class]
2024-07-20T12:50:52.368+02:00 TRACE 238666 --- [crud-springboot] [           main] o.s.c.a.ClassPathBeanDefinitionScanner   : Scanning file [/home/damien/crud-springboot-jwt/target/classes/com/cwa/crudspringboot/entity/Allergen.class]
2024-07-20T12:50:52.373+02:00 TRACE 238666 --- [crud-springboot] [           main] o.s.c.a.ClassPathBeanDefinitionScanner   : Ignored because not matching any filter: file [/home/damien/crud-springboot-jwt/target/classes/com/cwa/crudspringboot/entity/Allergen.class]
2024-07-20T12:50:52.373+02:00 TRACE 238666 --- [crud-springboot] [           main] o.s.c.a.ClassPathBeanDefinitionScanner   : Scanning file [/home/damien/crud-springboot-jwt/target/classes/com/cwa/crudspringboot/entity/Card.class]
2024-07-20T12:50:52.374+02:00 TRACE 238666 --- [crud-springboot] [           main] o.s.c.a.ClassPathBeanDefinitionScanner   : Ignored because not matching any filter: file [/home/damien/crud-springboot-jwt/target/classes/com/cwa/crudspringboot/entity/Card.class]
2024-07-20T12:50:52.374+02:00 TRACE 238666 --- [crud-springboot] [           main] o.s.c.a.ClassPathBeanDefinitionScanner   : Scanning file [/home/damien/crud-springboot-jwt/target/classes/com/cwa/crudspringboot/entity/Dish.class]
2024-07-20T12:50:52.375+02:00 TRACE 238666 --- [crud-springboot] [           main] o.s.c.a.ClassPathBeanDefinitionScanner   : Ignored because not matching any filter: file [/home/damien/crud-springboot-jwt/target/classes/com/cwa/crudspringboot/entity/Dish.class]
2024-07-20T12:50:52.375+02:00 TRACE 238666 --- [crud-springboot] [           main] o.s.c.a.ClassPathBeanDefinitionScanner   : Scanning file [/home/damien/crud-springboot-jwt/target/classes/com/cwa/crudspringboot/entity/Ingredient.class]
2024-07-20T12:50:52.377+02:00 TRACE 238666 --- [crud-springboot] [           main] o.s.c.a.ClassPathBeanDefinitionScanner   : Ignored because not matching any filter: file [/home/damien/crud-springboot-jwt/target/classes/com/cwa/crudspringboot/entity/Ingredient.class]
2024-07-20T12:50:52.377+02:00 TRACE 238666 --- [crud-springboot] [           main] o.s.c.a.ClassPathBeanDefinitionScanner   : Scanning file [/home/damien/crud-springboot-jwt/target/classes/com/cwa/crudspringboot/entity/Menu.class]
2024-07-20T12:50:52.378+02:00 TRACE 238666 --- [crud-springboot] [           main] o.s.c.a.ClassPathBeanDefinitionScanner   : Ignored because not matching any filter: file [/home/damien/crud-springboot-jwt/target/classes/com/cwa/crudspringboot/entity/Menu.class]
2024-07-20T12:50:52.379+02:00 TRACE 238666 --- [crud-springboot] [           main] o.s.c.a.ClassPathBeanDefinitionScanner   : Scanning file [/home/damien/crud-springboot-jwt/target/classes/com/cwa/crudspringboot/entity/Person.class]
2024-07-20T12:50:52.379+02:00 TRACE 238666 --- [crud-springboot] [           main] o.s.c.a.ClassPathBeanDefinitionScanner   : Ignored because not matching any filter: file [/home/damien/crud-springboot-jwt/target/classes/com/cwa/crudspringboot/entity/Person.class]
2024-07-20T12:50:52.379+02:00 TRACE 238666 --- [crud-springboot] [           main] o.s.c.a.ClassPathBeanDefinitionScanner   : Scanning file [/home/damien/crud-springboot-jwt/target/classes/com/cwa/crudspringboot/entity/User.class]
2024-07-20T12:50:52.380+02:00 TRACE 238666 --- [crud-springboot] [           main] o.s.c.a.ClassPathBeanDefinitionScanner   : Ignored because not matching any filter: file [/home/damien/crud-springboot-jwt/target/classes/com/cwa/crudspringboot/entity/User.class]
2024-07-20T12:50:52.380+02:00 TRACE 238666 --- [crud-springboot] [           main] o.s.c.a.ClassPathBeanDefinitionScanner   : Scanning file [/home/damien/crud-springboot-jwt/target/classes/com/cwa/crudspringboot/filter/JwtFilter.class]
2024-07-20T12:50:52.381+02:00 DEBUG 238666 --- [crud-springboot] [           main] o.s.c.a.ClassPathBeanDefinitionScanner   : Identified candidate component class: file [/home/damien/crud-springboot-jwt/target/classes/com/cwa/crudspringboot/filter/JwtFilter.class]
2024-07-20T12:50:52.381+02:00 TRACE 238666 --- [crud-springboot] [           main] o.s.c.a.ClassPathBeanDefinitionScanner   : Scanning file [/home/damien/crud-springboot-jwt/target/classes/com/cwa/crudspringboot/repository/AllergenRepository.class]
2024-07-20T12:50:52.382+02:00 TRACE 238666 --- [crud-springboot] [           main] o.s.c.a.ClassPathBeanDefinitionScanner   : Ignored because not matching any filter: file [/home/damien/crud-springboot-jwt/target/classes/com/cwa/crudspringboot/repository/AllergenRepository.class]
2024-07-20T12:50:52.383+02:00 TRACE 238666 --- [crud-springboot] [           main] o.s.c.a.ClassPathBeanDefinitionScanner   : Scanning file [/home/damien/crud-springboot-jwt/target/classes/com/cwa/crudspringboot/repository/CardRepository.class]
2024-07-20T12:50:52.383+02:00 TRACE 238666 --- [crud-springboot] [           main] o.s.c.a.ClassPathBeanDefinitionScanner   : Ignored because not matching any filter: file [/home/damien/crud-springboot-jwt/target/classes/com/cwa/crudspringboot/repository/CardRepository.class]
2024-07-20T12:50:52.383+02:00 TRACE 238666 --- [crud-springboot] [           main] o.s.c.a.ClassPathBeanDefinitionScanner   : Scanning file [/home/damien/crud-springboot-jwt/target/classes/com/cwa/crudspringboot/repository/DishRepository.class]
2024-07-20T12:50:52.384+02:00 TRACE 238666 --- [crud-springboot] [           main] o.s.c.a.ClassPathBeanDefinitionScanner   : Ignored because not matching any filter: file [/home/damien/crud-springboot-jwt/target/classes/com/cwa/crudspringboot/repository/DishRepository.class]
2024-07-20T12:50:52.385+02:00 TRACE 238666 --- [crud-springboot] [           main] o.s.c.a.ClassPathBeanDefinitionScanner   : Scanning file [/home/damien/crud-springboot-jwt/target/classes/com/cwa/crudspringboot/repository/IngredientRepository.class]
2024-07-20T12:50:52.386+02:00 TRACE 238666 --- [crud-springboot] [           main] o.s.c.a.ClassPathBeanDefinitionScanner   : Ignored because not matching any filter: file [/home/damien/crud-springboot-jwt/target/classes/com/cwa/crudspringboot/repository/IngredientRepository.class]
2024-07-20T12:50:52.387+02:00 TRACE 238666 --- [crud-springboot] [           main] o.s.c.a.ClassPathBeanDefinitionScanner   : Scanning file [/home/damien/crud-springboot-jwt/target/classes/com/cwa/crudspringboot/repository/MenuRepository.class]
2024-07-20T12:50:52.387+02:00 TRACE 238666 --- [crud-springboot] [           main] o.s.c.a.ClassPathBeanDefinitionScanner   : Ignored because not matching any filter: file [/home/damien/crud-springboot-jwt/target/classes/com/cwa/crudspringboot/repository/MenuRepository.class]
2024-07-20T12:50:52.388+02:00 TRACE 238666 --- [crud-springboot] [           main] o.s.c.a.ClassPathBeanDefinitionScanner   : Scanning file [/home/damien/crud-springboot-jwt/target/classes/com/cwa/crudspringboot/repository/PersonRepository.class]
2024-07-20T12:50:52.388+02:00 TRACE 238666 --- [crud-springboot] [           main] o.s.c.a.ClassPathBeanDefinitionScanner   : Ignored because not matching any filter: file [/home/damien/crud-springboot-jwt/target/classes/com/cwa/crudspringboot/repository/PersonRepository.class]
2024-07-20T12:50:52.388+02:00 TRACE 238666 --- [crud-springboot] [           main] o.s.c.a.ClassPathBeanDefinitionScanner   : Scanning file [/home/damien/crud-springboot-jwt/target/classes/com/cwa/crudspringboot/repository/UserRepository.class]
2024-07-20T12:50:52.389+02:00 TRACE 238666 --- [crud-springboot] [           main] o.s.c.a.ClassPathBeanDefinitionScanner   : Ignored because not matching any filter: file [/home/damien/crud-springboot-jwt/target/classes/com/cwa/crudspringboot/repository/UserRepository.class]
2024-07-20T12:50:52.389+02:00 TRACE 238666 --- [crud-springboot] [           main] o.s.c.a.ClassPathBeanDefinitionScanner   : Scanning file [/home/damien/crud-springboot-jwt/target/classes/com/cwa/crudspringboot/service/CardService.class]
2024-07-20T12:50:52.391+02:00 DEBUG 238666 --- [crud-springboot] [           main] o.s.c.a.ClassPathBeanDefinitionScanner   : Identified candidate component class: file [/home/damien/crud-springboot-jwt/target/classes/com/cwa/crudspringboot/service/CardService.class]
2024-07-20T12:50:52.392+02:00 TRACE 238666 --- [crud-springboot] [           main] o.s.c.a.ClassPathBeanDefinitionScanner   : Scanning file [/home/damien/crud-springboot-jwt/target/classes/com/cwa/crudspringboot/service/CustomUserDetailsService.class]
2024-07-20T12:50:52.393+02:00 DEBUG 238666 --- [crud-springboot] [           main] o.s.c.a.ClassPathBeanDefinitionScanner   : Identified candidate component class: file [/home/damien/crud-springboot-jwt/target/classes/com/cwa/crudspringboot/service/CustomUserDetailsService.class]
2024-07-20T12:50:52.393+02:00 TRACE 238666 --- [crud-springboot] [           main] o.s.c.a.ClassPathBeanDefinitionScanner   : Scanning file [/home/damien/crud-springboot-jwt/target/classes/com/cwa/crudspringboot/service/UserService.class]
2024-07-20T12:50:52.394+02:00 TRACE 238666 --- [crud-springboot] [           main] o.s.c.a.ClassPathBeanDefinitionScanner   : Ignored because not matching any filter: file [/home/damien/crud-springboot-jwt/target/classes/com/cwa/crudspringboot/service/UserService.class]
2024-07-20T12:50:52.489+02:00 TRACE 238666 --- [crud-springboot] [           main] o.s.c.io.support.SpringFactoriesLoader   : Loaded [org.springframework.boot.autoconfigure.AutoConfigurationImportFilter] names: [org.springframework.boot.autoconfigure.condition.OnBeanCondition, org.springframework.boot.autoconfigure.condition.OnClassCondition, org.springframework.boot.autoconfigure.condition.OnWebApplicationCondition]
2024-07-20T12:50:52.534+02:00 TRACE 238666 --- [crud-springboot] [           main] o.s.b.f.s.DefaultListableBeanFactory     : Returning cached instance of singleton bean 'autoConfigurationReport'
2024-07-20T12:50:52.593+02:00 TRACE 238666 --- [crud-springboot] [           main] o.s.b.a.condition.OnClassCondition       : Condition OnClassCondition on org.springframework.boot.devtools.autoconfigure.DevToolsR2dbcAutoConfiguration did not match due to @ConditionalOnClass did not find required class 'io.r2dbc.spi.ConnectionFactory'
2024-07-20T12:50:52.594+02:00 TRACE 238666 --- [crud-springboot] [           main] o.s.b.a.condition.OnClassCondition       : Condition OnClassCondition on org.springframework.boot.autoconfigure.amqp.RabbitAutoConfiguration did not match due to @ConditionalOnClass did not find required class 'com.rabbitmq.client.Channel'
2024-07-20T12:50:52.595+02:00 TRACE 238666 --- [crud-springboot] [           main] o.s.b.a.condition.OnClassCondition       : Condition OnClassCondition on org.springframework.boot.autoconfigure.batch.BatchAutoConfiguration did not match due to @ConditionalOnClass did not find required class 'org.springframework.batch.core.launch.JobLauncher'
2024-07-20T12:50:52.595+02:00 TRACE 238666 --- [crud-springboot] [           main] o.s.b.a.condition.OnClassCondition       : Condition OnClassCondition on org.springframework.boot.autoconfigure.cassandra.CassandraAutoConfiguration did not match due to @ConditionalOnClass did not find required class 'com.datastax.oss.driver.api.core.CqlSession'
2024-07-20T12:50:52.595+02:00 TRACE 238666 --- [crud-springboot] [           main] o.s.b.a.condition.OnClassCondition       : Condition OnClassCondition on org.springframework.boot.autoconfigure.couchbase.CouchbaseAutoConfiguration did not match due to @ConditionalOnClass did not find required class 'com.couchbase.client.java.Cluster'
2024-07-20T12:50:52.595+02:00 TRACE 238666 --- [crud-springboot] [           main] o.s.b.a.condition.OnClassCondition       : Condition OnClassCondition on org.springframework.boot.autoconfigure.data.cassandra.CassandraDataAutoConfiguration did not match due to @ConditionalOnClass did not find required class 'com.datastax.oss.driver.api.core.CqlSession'
2024-07-20T12:50:52.595+02:00 TRACE 238666 --- [crud-springboot] [           main] o.s.b.a.condition.OnClassCondition       : Condition OnClassCondition on org.springframework.boot.autoconfigure.data.cassandra.CassandraReactiveDataAutoConfiguration did not match due to @ConditionalOnClass did not find required class 'com.datastax.oss.driver.api.core.CqlSession'
2024-07-20T12:50:52.595+02:00 TRACE 238666 --- [crud-springboot] [           main] o.s.b.a.condition.OnClassCondition       : Condition OnClassCondition on org.springframework.boot.autoconfigure.data.cassandra.CassandraReactiveRepositoriesAutoConfiguration did not match due to @ConditionalOnClass did not find required class 'org.springframework.data.cassandra.ReactiveSession'
2024-07-20T12:50:52.595+02:00 TRACE 238666 --- [crud-springboot] [           main] o.s.b.a.condition.OnClassCondition       : Condition OnClassCondition on org.springframework.boot.autoconfigure.data.cassandra.CassandraRepositoriesAutoConfiguration did not match due to @ConditionalOnClass did not find required class 'com.datastax.oss.driver.api.core.CqlSession'
2024-07-20T12:50:52.595+02:00 TRACE 238666 --- [crud-springboot] [           main] o.s.b.a.condition.OnClassCondition       : Condition OnClassCondition on org.springframework.boot.autoconfigure.data.couchbase.CouchbaseDataAutoConfiguration did not match due to @ConditionalOnClass did not find required class 'com.couchbase.client.java.Bucket'
2024-07-20T12:50:52.595+02:00 TRACE 238666 --- [crud-springboot] [           main] o.s.b.a.condition.OnClassCondition       : Condition OnClassCondition on org.springframework.boot.autoconfigure.data.couchbase.CouchbaseReactiveDataAutoConfiguration did not match due to @ConditionalOnClass did not find required class 'com.couchbase.client.java.Cluster'
2024-07-20T12:50:52.595+02:00 TRACE 238666 --- [crud-springboot] [           main] o.s.b.a.condition.OnClassCondition       : Condition OnClassCondition on org.springframework.boot.autoconfigure.data.couchbase.CouchbaseReactiveRepositoriesAutoConfiguration did not match due to @ConditionalOnClass did not find required class 'com.couchbase.client.java.Cluster'
2024-07-20T12:50:52.596+02:00 TRACE 238666 --- [crud-springboot] [           main] o.s.b.a.condition.OnClassCondition       : Condition OnClassCondition on org.springframework.boot.autoconfigure.data.couchbase.CouchbaseRepositoriesAutoConfiguration did not match due to @ConditionalOnClass did not find required class 'com.couchbase.client.java.Bucket'
2024-07-20T12:50:52.596+02:00 TRACE 238666 --- [crud-springboot] [           main] o.s.b.a.condition.OnClassCondition       : Condition OnClassCondition on org.springframework.boot.autoconfigure.data.elasticsearch.ElasticsearchDataAutoConfiguration did not match due to @ConditionalOnClass did not find required class 'org.springframework.data.elasticsearch.client.elc.ElasticsearchTemplate'
2024-07-20T12:50:52.596+02:00 TRACE 238666 --- [crud-springboot] [           main] o.s.b.a.condition.OnClassCondition       : Condition OnClassCondition on org.springframework.boot.autoconfigure.data.elasticsearch.ElasticsearchRepositoriesAutoConfiguration did not match due to @ConditionalOnClass did not find required class 'org.springframework.data.elasticsearch.repository.ElasticsearchRepository'
2024-07-20T12:50:52.596+02:00 TRACE 238666 --- [crud-springboot] [           main] o.s.b.a.condition.OnClassCondition       : Condition OnClassCondition on org.springframework.boot.autoconfigure.data.elasticsearch.ReactiveElasticsearchRepositoriesAutoConfiguration did not match due to @ConditionalOnClass did not find required class 'org.springframework.data.elasticsearch.client.elc.ReactiveElasticsearchClient'
2024-07-20T12:50:52.596+02:00 TRACE 238666 --- [crud-springboot] [           main] o.s.b.a.condition.OnClassCondition       : Condition OnClassCondition on org.springframework.boot.autoconfigure.data.jdbc.JdbcRepositoriesAutoConfiguration did not match due to @ConditionalOnClass did not find required class 'org.springframework.data.jdbc.repository.config.AbstractJdbcConfiguration'
2024-07-20T12:50:52.596+02:00 TRACE 238666 --- [crud-springboot] [           main] o.s.b.a.condition.OnClassCondition       : Condition OnClassCondition on org.springframework.boot.autoconfigure.data.ldap.LdapRepositoriesAutoConfiguration did not match due to @ConditionalOnClass did not find required class 'org.springframework.data.ldap.repository.LdapRepository'
2024-07-20T12:50:52.596+02:00 TRACE 238666 --- [crud-springboot] [           main] o.s.b.a.condition.OnClassCondition       : Condition OnClassCondition on org.springframework.boot.autoconfigure.data.mongo.MongoDataAutoConfiguration did not match due to @ConditionalOnClass did not find required class 'com.mongodb.client.MongoClient'
2024-07-20T12:50:52.596+02:00 TRACE 238666 --- [crud-springboot] [           main] o.s.b.a.condition.OnClassCondition       : Condition OnClassCondition on org.springframework.boot.autoconfigure.data.mongo.MongoReactiveDataAutoConfiguration did not match due to @ConditionalOnClass did not find required class 'com.mongodb.reactivestreams.client.MongoClient'
2024-07-20T12:50:52.596+02:00 TRACE 238666 --- [crud-springboot] [           main] o.s.b.a.condition.OnClassCondition       : Condition OnClassCondition on org.springframework.boot.autoconfigure.data.mongo.MongoReactiveRepositoriesAutoConfiguration did not match due to @ConditionalOnClass did not find required class 'com.mongodb.reactivestreams.client.MongoClient'
2024-07-20T12:50:52.596+02:00 TRACE 238666 --- [crud-springboot] [           main] o.s.b.a.condition.OnClassCondition       : Condition OnClassCondition on org.springframework.boot.autoconfigure.data.mongo.MongoRepositoriesAutoConfiguration did not match due to @ConditionalOnClass did not find required class 'com.mongodb.client.MongoClient'
2024-07-20T12:50:52.596+02:00 TRACE 238666 --- [crud-springboot] [           main] o.s.b.a.condition.OnClassCondition       : Condition OnClassCondition on org.springframework.boot.autoconfigure.data.neo4j.Neo4jDataAutoConfiguration did not match due to @ConditionalOnClass did not find required class 'org.neo4j.driver.Driver'
2024-07-20T12:50:52.596+02:00 TRACE 238666 --- [crud-springboot] [           main] o.s.b.a.condition.OnClassCondition       : Condition OnClassCondition on org.springframework.boot.autoconfigure.data.neo4j.Neo4jReactiveDataAutoConfiguration did not match due to @ConditionalOnClass did not find required class 'org.neo4j.driver.Driver'
2024-07-20T12:50:52.597+02:00 TRACE 238666 --- [crud-springboot] [           main] o.s.b.a.condition.OnClassCondition       : Condition OnClassCondition on org.springframework.boot.autoconfigure.data.neo4j.Neo4jReactiveRepositoriesAutoConfiguration did not match due to @ConditionalOnClass did not find required class 'org.neo4j.driver.Driver'
2024-07-20T12:50:52.597+02:00 TRACE 238666 --- [crud-springboot] [           main] o.s.b.a.condition.OnClassCondition       : Condition OnClassCondition on org.springframework.boot.autoconfigure.data.neo4j.Neo4jRepositoriesAutoConfiguration did not match due to @ConditionalOnClass did not find required class 'org.neo4j.driver.Driver'
2024-07-20T12:50:52.597+02:00 TRACE 238666 --- [crud-springboot] [           main] o.s.b.a.condition.OnClassCondition       : Condition OnClassCondition on org.springframework.boot.autoconfigure.data.r2dbc.R2dbcDataAutoConfiguration did not match due to @ConditionalOnClass did not find required class 'org.springframework.data.r2dbc.core.R2dbcEntityTemplate'
2024-07-20T12:50:52.597+02:00 TRACE 238666 --- [crud-springboot] [           main] o.s.b.a.condition.OnClassCondition       : Condition OnClassCondition on org.springframework.boot.autoconfigure.data.r2dbc.R2dbcRepositoriesAutoConfiguration did not match due to @ConditionalOnClass did not find required class 'io.r2dbc.spi.ConnectionFactory'
2024-07-20T12:50:52.597+02:00 TRACE 238666 --- [crud-springboot] [           main] o.s.b.a.condition.OnClassCondition       : Condition OnClassCondition on org.springframework.boot.autoconfigure.data.redis.RedisAutoConfiguration did not match due to @ConditionalOnClass did not find required class 'org.springframework.data.redis.core.RedisOperations'
2024-07-20T12:50:52.597+02:00 TRACE 238666 --- [crud-springboot] [           main] o.s.b.a.condition.OnClassCondition       : Condition OnClassCondition on org.springframework.boot.autoconfigure.data.redis.RedisReactiveAutoConfiguration did not match due to @ConditionalOnClass did not find required class 'reactor.core.publisher.Flux'
2024-07-20T12:50:52.597+02:00 TRACE 238666 --- [crud-springboot] [           main] o.s.b.a.condition.OnClassCondition       : Condition OnClassCondition on org.springframework.boot.autoconfigure.data.redis.RedisRepositoriesAutoConfiguration did not match due to @ConditionalOnClass did not find required class 'org.springframework.data.redis.repository.configuration.EnableRedisRepositories'
2024-07-20T12:50:52.597+02:00 TRACE 238666 --- [crud-springboot] [           main] o.s.b.a.condition.OnClassCondition       : Condition OnClassCondition on org.springframework.boot.autoconfigure.data.rest.RepositoryRestMvcAutoConfiguration did not match due to @ConditionalOnClass did not find required class 'org.springframework.data.rest.webmvc.config.RepositoryRestMvcConfiguration'
2024-07-20T12:50:52.597+02:00 TRACE 238666 --- [crud-springboot] [           main] o.s.b.a.condition.OnClassCondition       : Condition OnClassCondition on org.springframework.boot.autoconfigure.elasticsearch.ElasticsearchClientAutoConfiguration did not match due to @ConditionalOnClass did not find required class 'co.elastic.clients.elasticsearch.ElasticsearchClient'
2024-07-20T12:50:52.597+02:00 TRACE 238666 --- [crud-springboot] [           main] o.s.b.a.condition.OnClassCondition       : Condition OnClassCondition on org.springframework.boot.autoconfigure.elasticsearch.ElasticsearchRestClientAutoConfiguration did not match due to @ConditionalOnClass did not find required class 'org.elasticsearch.client.RestClientBuilder'
2024-07-20T12:50:52.597+02:00 TRACE 238666 --- [crud-springboot] [           main] o.s.b.a.condition.OnClassCondition       : Condition OnClassCondition on org.springframework.boot.autoconfigure.elasticsearch.ReactiveElasticsearchClientAutoConfiguration did not match due to @ConditionalOnClass did not find required class 'co.elastic.clients.transport.ElasticsearchTransport'
2024-07-20T12:50:52.597+02:00 TRACE 238666 --- [crud-springboot] [           main] o.s.b.a.condition.OnClassCondition       : Condition OnClassCondition on org.springframework.boot.autoconfigure.flyway.FlywayAutoConfiguration did not match due to @ConditionalOnClass did not find required class 'org.flywaydb.core.Flyway'
2024-07-20T12:50:52.598+02:00 TRACE 238666 --- [crud-springboot] [           main] o.s.b.a.condition.OnClassCondition       : Condition OnClassCondition on org.springframework.boot.autoconfigure.freemarker.FreeMarkerAutoConfiguration did not match due to @ConditionalOnClass did not find required class 'freemarker.template.Configuration'
2024-07-20T12:50:52.598+02:00 TRACE 238666 --- [crud-springboot] [           main] o.s.b.a.condition.OnClassCondition       : Condition OnClassCondition on org.springframework.boot.autoconfigure.graphql.GraphQlAutoConfiguration did not match due to @ConditionalOnClass did not find required class 'graphql.GraphQL'
2024-07-20T12:50:52.598+02:00 TRACE 238666 --- [crud-springboot] [           main] o.s.b.a.condition.OnClassCondition       : Condition OnClassCondition on org.springframework.boot.autoconfigure.graphql.data.GraphQlReactiveQueryByExampleAutoConfiguration did not match due to @ConditionalOnClass did not find required class 'graphql.GraphQL'
2024-07-20T12:50:52.598+02:00 TRACE 238666 --- [crud-springboot] [           main] o.s.b.a.condition.OnClassCondition       : Condition OnClassCondition on org.springframework.boot.autoconfigure.graphql.data.GraphQlReactiveQuerydslAutoConfiguration did not match due to @ConditionalOnClass did not find required class 'com.querydsl.core.Query'
2024-07-20T12:50:52.598+02:00 TRACE 238666 --- [crud-springboot] [           main] o.s.b.a.condition.OnClassCondition       : Condition OnClassCondition on org.springframework.boot.autoconfigure.graphql.data.GraphQlQueryByExampleAutoConfiguration did not match due to @ConditionalOnClass did not find required class 'graphql.GraphQL'
2024-07-20T12:50:52.598+02:00 TRACE 238666 --- [crud-springboot] [           main] o.s.b.a.condition.OnClassCondition       : Condition OnClassCondition on org.springframework.boot.autoconfigure.graphql.data.GraphQlQuerydslAutoConfiguration did not match due to @ConditionalOnClass did not find required class 'com.querydsl.core.Query'
2024-07-20T12:50:52.598+02:00 TRACE 238666 --- [crud-springboot] [           main] o.s.b.a.condition.OnClassCondition       : Condition OnClassCondition on org.springframework.boot.autoconfigure.graphql.reactive.GraphQlWebFluxAutoConfiguration did not match due to @ConditionalOnClass did not find required class 'graphql.GraphQL'
2024-07-20T12:50:52.598+02:00 TRACE 238666 --- [crud-springboot] [           main] o.s.b.a.condition.OnClassCondition       : Condition OnClassCondition on org.springframework.boot.autoconfigure.graphql.rsocket.GraphQlRSocketAutoConfiguration did not match due to @ConditionalOnClass did not find required class 'graphql.GraphQL'
2024-07-20T12:50:52.598+02:00 TRACE 238666 --- [crud-springboot] [           main] o.s.b.a.condition.OnClassCondition       : Condition OnClassCondition on org.springframework.boot.autoconfigure.graphql.rsocket.RSocketGraphQlClientAutoConfiguration did not match due to @ConditionalOnClass did not find required class 'graphql.GraphQL'
2024-07-20T12:50:52.598+02:00 TRACE 238666 --- [crud-springboot] [           main] o.s.b.a.condition.OnClassCondition       : Condition OnClassCondition on org.springframework.boot.autoconfigure.graphql.security.GraphQlWebFluxSecurityAutoConfiguration did not match due to @ConditionalOnClass did not find required class 'graphql.GraphQL'
2024-07-20T12:50:52.598+02:00 TRACE 238666 --- [crud-springboot] [           main] o.s.b.a.condition.OnClassCondition       : Condition OnClassCondition on org.springframework.boot.autoconfigure.graphql.security.GraphQlWebMvcSecurityAutoConfiguration did not match due to @ConditionalOnClass did not find required class 'graphql.GraphQL'
2024-07-20T12:50:52.598+02:00 TRACE 238666 --- [crud-springboot] [           main] o.s.b.a.condition.OnClassCondition       : Condition OnClassCondition on org.springframework.boot.autoconfigure.graphql.servlet.GraphQlWebMvcAutoConfiguration did not match due to @ConditionalOnClass did not find required class 'graphql.GraphQL'
2024-07-20T12:50:52.598+02:00 TRACE 238666 --- [crud-springboot] [           main] o.s.b.a.condition.OnClassCondition       : Condition OnClassCondition on org.springframework.boot.autoconfigure.groovy.template.GroovyTemplateAutoConfiguration did not match due to @ConditionalOnClass did not find required class 'groovy.text.markup.MarkupTemplateEngine'
2024-07-20T12:50:52.599+02:00 TRACE 238666 --- [crud-springboot] [           main] o.s.b.a.condition.OnClassCondition       : Condition OnClassCondition on org.springframework.boot.autoconfigure.gson.GsonAutoConfiguration did not match due to @ConditionalOnClass did not find required class 'com.google.gson.Gson'
2024-07-20T12:50:52.599+02:00 TRACE 238666 --- [crud-springboot] [           main] o.s.b.a.condition.OnClassCondition       : Condition OnClassCondition on org.springframework.boot.autoconfigure.h2.H2ConsoleAutoConfiguration did not match due to @ConditionalOnClass did not find required class 'org.h2.server.web.JakartaWebServlet'
2024-07-20T12:50:52.599+02:00 TRACE 238666 --- [crud-springboot] [           main] o.s.b.a.condition.OnClassCondition       : Condition OnClassCondition on org.springframework.boot.autoconfigure.hateoas.HypermediaAutoConfiguration did not match due to @ConditionalOnClass did not find required class 'org.springframework.hateoas.EntityModel'
2024-07-20T12:50:52.599+02:00 TRACE 238666 --- [crud-springboot] [           main] o.s.b.a.condition.OnClassCondition       : Condition OnClassCondition on org.springframework.boot.autoconfigure.hazelcast.HazelcastAutoConfiguration did not match due to @ConditionalOnClass did not find required class 'com.hazelcast.core.HazelcastInstance'
2024-07-20T12:50:52.599+02:00 TRACE 238666 --- [crud-springboot] [           main] o.s.b.a.condition.OnClassCondition       : Condition OnClassCondition on org.springframework.boot.autoconfigure.hazelcast.HazelcastJpaDependencyAutoConfiguration did not match due to @ConditionalOnClass did not find required class 'com.hazelcast.core.HazelcastInstance'
2024-07-20T12:50:52.600+02:00 TRACE 238666 --- [crud-springboot] [           main] o.s.b.a.condition.OnClassCondition       : Condition OnClassCondition on org.springframework.boot.autoconfigure.http.codec.CodecsAutoConfiguration did not match due to @ConditionalOnClass did not find required class 'org.springframework.web.reactive.function.client.WebClient'
2024-07-20T12:50:52.600+02:00 TRACE 238666 --- [crud-springboot] [           main] o.s.b.a.condition.OnClassCondition       : Condition OnClassCondition on org.springframework.boot.autoconfigure.influx.InfluxDbAutoConfiguration did not match due to @ConditionalOnClass did not find required class 'org.influxdb.InfluxDB'
2024-07-20T12:50:52.600+02:00 TRACE 238666 --- [crud-springboot] [           main] o.s.b.a.condition.OnClassCondition       : Condition OnClassCondition on org.springframework.boot.autoconfigure.integration.IntegrationAutoConfiguration did not match due to @ConditionalOnClass did not find required class 'org.springframework.integration.config.EnableIntegration'
2024-07-20T12:50:52.600+02:00 TRACE 238666 --- [crud-springboot] [           main] o.s.b.a.condition.OnClassCondition       : Condition OnClassCondition on org.springframework.boot.autoconfigure.jersey.JerseyAutoConfiguration did not match due to @ConditionalOnClass did not find required class 'org.glassfish.jersey.server.spring.SpringComponentProvider'
2024-07-20T12:50:52.600+02:00 TRACE 238666 --- [crud-springboot] [           main] o.s.b.a.condition.OnClassCondition       : Condition OnClassCondition on org.springframework.boot.autoconfigure.jms.JmsAutoConfiguration did not match due to @ConditionalOnClass did not find required class 'jakarta.jms.Message'
2024-07-20T12:50:52.600+02:00 TRACE 238666 --- [crud-springboot] [           main] o.s.b.a.condition.OnClassCondition       : Condition OnClassCondition on org.springframework.boot.autoconfigure.jms.JndiConnectionFactoryAutoConfiguration did not match due to @ConditionalOnClass did not find required class 'org.springframework.jms.core.JmsTemplate'
2024-07-20T12:50:52.601+02:00 TRACE 238666 --- [crud-springboot] [           main] o.s.b.a.condition.OnClassCondition       : Condition OnClassCondition on org.springframework.boot.autoconfigure.jms.activemq.ActiveMQAutoConfiguration did not match due to @ConditionalOnClass did not find required class 'jakarta.jms.ConnectionFactory'
2024-07-20T12:50:52.601+02:00 TRACE 238666 --- [crud-springboot] [           main] o.s.b.a.condition.OnClassCondition       : Condition OnClassCondition on org.springframework.boot.autoconfigure.jms.artemis.ArtemisAutoConfiguration did not match due to @ConditionalOnClass did not find required class 'jakarta.jms.ConnectionFactory'
2024-07-20T12:50:52.601+02:00 TRACE 238666 --- [crud-springboot] [           main] o.s.b.a.condition.OnClassCondition       : Condition OnClassCondition on org.springframework.boot.autoconfigure.jooq.JooqAutoConfiguration did not match due to @ConditionalOnClass did not find required class 'org.jooq.DSLContext'
2024-07-20T12:50:52.601+02:00 TRACE 238666 --- [crud-springboot] [           main] o.s.b.a.condition.OnClassCondition       : Condition OnClassCondition on org.springframework.boot.autoconfigure.jsonb.JsonbAutoConfiguration did not match due to @ConditionalOnClass did not find required class 'jakarta.json.bind.Jsonb'
2024-07-20T12:50:52.601+02:00 TRACE 238666 --- [crud-springboot] [           main] o.s.b.a.condition.OnClassCondition       : Condition OnClassCondition on org.springframework.boot.autoconfigure.kafka.KafkaAutoConfiguration did not match due to @ConditionalOnClass did not find required class 'org.springframework.kafka.core.KafkaTemplate'
2024-07-20T12:50:52.601+02:00 TRACE 238666 --- [crud-springboot] [           main] o.s.b.a.condition.OnClassCondition       : Condition OnClassCondition on org.springframework.boot.autoconfigure.ldap.embedded.EmbeddedLdapAutoConfiguration did not match due to @ConditionalOnClass did not find required class 'com.unboundid.ldap.listener.InMemoryDirectoryServer'
2024-07-20T12:50:52.601+02:00 TRACE 238666 --- [crud-springboot] [           main] o.s.b.a.condition.OnClassCondition       : Condition OnClassCondition on org.springframework.boot.autoconfigure.ldap.LdapAutoConfiguration did not match due to @ConditionalOnClass did not find required class 'org.springframework.ldap.core.ContextSource'
2024-07-20T12:50:52.601+02:00 TRACE 238666 --- [crud-springboot] [           main] o.s.b.a.condition.OnClassCondition       : Condition OnClassCondition on org.springframework.boot.autoconfigure.liquibase.LiquibaseAutoConfiguration did not match due to @ConditionalOnClass did not find required class 'liquibase.change.DatabaseChange'
2024-07-20T12:50:52.601+02:00 TRACE 238666 --- [crud-springboot] [           main] o.s.b.a.condition.OnClassCondition       : Condition OnClassCondition on org.springframework.boot.autoconfigure.mail.MailSenderAutoConfiguration did not match due to @ConditionalOnClass did not find required class 'jakarta.mail.internet.MimeMessage'
2024-07-20T12:50:52.602+02:00 TRACE 238666 --- [crud-springboot] [           main] o.s.b.a.condition.OnClassCondition       : Condition OnClassCondition on org.springframework.boot.autoconfigure.mongo.MongoAutoConfiguration did not match due to @ConditionalOnClass did not find required class 'com.mongodb.client.MongoClient'
2024-07-20T12:50:52.602+02:00 TRACE 238666 --- [crud-springboot] [           main] o.s.b.a.condition.OnClassCondition       : Condition OnClassCondition on org.springframework.boot.autoconfigure.mongo.MongoReactiveAutoConfiguration did not match due to @ConditionalOnClass did not find required class 'com.mongodb.reactivestreams.client.MongoClient'
2024-07-20T12:50:52.602+02:00 TRACE 238666 --- [crud-springboot] [           main] o.s.b.a.condition.OnClassCondition       : Condition OnClassCondition on org.springframework.boot.autoconfigure.mustache.MustacheAutoConfiguration did not match due to @ConditionalOnClass did not find required class 'com.samskivert.mustache.Mustache'
2024-07-20T12:50:52.602+02:00 TRACE 238666 --- [crud-springboot] [           main] o.s.b.a.condition.OnClassCondition       : Condition OnClassCondition on org.springframework.boot.autoconfigure.neo4j.Neo4jAutoConfiguration did not match due to @ConditionalOnClass did not find required class 'org.neo4j.driver.Driver'
2024-07-20T12:50:52.602+02:00 TRACE 238666 --- [crud-springboot] [           main] o.s.b.a.condition.OnClassCondition       : Condition OnClassCondition on org.springframework.boot.autoconfigure.netty.NettyAutoConfiguration did not match due to @ConditionalOnClass did not find required class 'io.netty.util.NettyRuntime'
2024-07-20T12:50:52.602+02:00 TRACE 238666 --- [crud-springboot] [           main] o.s.b.a.condition.OnClassCondition       : Condition OnClassCondition on org.springframework.boot.autoconfigure.pulsar.PulsarAutoConfiguration did not match due to @ConditionalOnClass did not find required class 'org.apache.pulsar.client.api.PulsarClient'
2024-07-20T12:50:52.602+02:00 TRACE 238666 --- [crud-springboot] [           main] o.s.b.a.condition.OnClassCondition       : Condition OnClassCondition on org.springframework.boot.autoconfigure.pulsar.PulsarReactiveAutoConfiguration did not match due to @ConditionalOnClass did not find required class 'org.apache.pulsar.client.api.PulsarClient'
2024-07-20T12:50:52.602+02:00 TRACE 238666 --- [crud-springboot] [           main] o.s.b.a.condition.OnClassCondition       : Condition OnClassCondition on org.springframework.boot.autoconfigure.quartz.QuartzAutoConfiguration did not match due to @ConditionalOnClass did not find required class 'org.quartz.Scheduler'
2024-07-20T12:50:52.603+02:00 TRACE 238666 --- [crud-springboot] [           main] o.s.b.a.condition.OnClassCondition       : Condition OnClassCondition on org.springframework.boot.autoconfigure.r2dbc.R2dbcAutoConfiguration did not match due to @ConditionalOnClass did not find required class 'io.r2dbc.spi.ConnectionFactory'
2024-07-20T12:50:52.603+02:00 TRACE 238666 --- [crud-springboot] [           main] o.s.b.a.condition.OnClassCondition       : Condition OnClassCondition on org.springframework.boot.autoconfigure.r2dbc.R2dbcTransactionManagerAutoConfiguration did not match due to @ConditionalOnClass did not find required class 'org.springframework.r2dbc.connection.R2dbcTransactionManager'
2024-07-20T12:50:52.603+02:00 TRACE 238666 --- [crud-springboot] [           main] o.s.b.a.condition.OnClassCondition       : Condition OnClassCondition on org.springframework.boot.autoconfigure.reactor.ReactorAutoConfiguration did not match due to @ConditionalOnClass did not find required class 'reactor.core.publisher.Hooks'
2024-07-20T12:50:52.603+02:00 TRACE 238666 --- [crud-springboot] [           main] o.s.b.a.condition.OnClassCondition       : Condition OnClassCondition on org.springframework.boot.autoconfigure.rsocket.RSocketMessagingAutoConfiguration did not match due to @ConditionalOnClass did not find required class 'io.rsocket.RSocket'
2024-07-20T12:50:52.603+02:00 TRACE 238666 --- [crud-springboot] [           main] o.s.b.a.condition.OnClassCondition       : Condition OnClassCondition on org.springframework.boot.autoconfigure.rsocket.RSocketRequesterAutoConfiguration did not match due to @ConditionalOnClass did not find required class 'io.rsocket.RSocket'
2024-07-20T12:50:52.603+02:00 TRACE 238666 --- [crud-springboot] [           main] o.s.b.a.condition.OnClassCondition       : Condition OnClassCondition on org.springframework.boot.autoconfigure.rsocket.RSocketServerAutoConfiguration did not match due to @ConditionalOnClass did not find required class 'io.rsocket.core.RSocketServer'
2024-07-20T12:50:52.603+02:00 TRACE 238666 --- [crud-springboot] [           main] o.s.b.a.condition.OnClassCondition       : Condition OnClassCondition on org.springframework.boot.autoconfigure.rsocket.RSocketStrategiesAutoConfiguration did not match due to @ConditionalOnClass did not find required class 'io.netty.buffer.PooledByteBufAllocator'
2024-07-20T12:50:52.603+02:00 TRACE 238666 --- [crud-springboot] [           main] o.s.b.a.condition.OnClassCondition       : Condition OnClassCondition on org.springframework.boot.autoconfigure.security.reactive.ReactiveSecurityAutoConfiguration did not match due to @ConditionalOnClass did not find required class 'reactor.core.publisher.Flux'
2024-07-20T12:50:52.603+02:00 TRACE 238666 --- [crud-springboot] [           main] o.s.b.a.condition.OnClassCondition       : Condition OnClassCondition on org.springframework.boot.autoconfigure.security.rsocket.RSocketSecurityAutoConfiguration did not match due to @ConditionalOnClass did not find required class 'org.springframework.security.rsocket.core.SecuritySocketAcceptorInterceptor'
2024-07-20T12:50:52.604+02:00 TRACE 238666 --- [crud-springboot] [           main] o.s.b.a.condition.OnClassCondition       : Condition OnClassCondition on org.springframework.boot.autoconfigure.security.saml2.Saml2RelyingPartyAutoConfiguration did not match due to @ConditionalOnClass did not find required class 'org.springframework.security.saml2.provider.service.registration.RelyingPartyRegistrationRepository'
2024-07-20T12:50:52.604+02:00 TRACE 238666 --- [crud-springboot] [           main] o.s.b.a.condition.OnClassCondition       : Condition OnClassCondition on org.springframework.boot.autoconfigure.sendgrid.SendGridAutoConfiguration did not match due to @ConditionalOnClass did not find required class 'com.sendgrid.SendGrid'
2024-07-20T12:50:52.604+02:00 TRACE 238666 --- [crud-springboot] [           main] o.s.b.a.condition.OnClassCondition       : Condition OnClassCondition on org.springframework.boot.autoconfigure.session.SessionAutoConfiguration did not match due to @ConditionalOnClass did not find required class 'org.springframework.session.Session'
2024-07-20T12:50:52.604+02:00 TRACE 238666 --- [crud-springboot] [           main] o.s.b.a.condition.OnClassCondition       : Condition OnClassCondition on org.springframework.boot.autoconfigure.security.oauth2.client.servlet.OAuth2ClientAutoConfiguration did not match due to @ConditionalOnClass did not find required class 'org.springframework.security.oauth2.client.registration.ClientRegistration'
2024-07-20T12:50:52.604+02:00 TRACE 238666 --- [crud-springboot] [           main] o.s.b.a.condition.OnClassCondition       : Condition OnClassCondition on org.springframework.boot.autoconfigure.security.oauth2.client.reactive.ReactiveOAuth2ClientAutoConfiguration did not match due to @ConditionalOnClass did not find required class 'reactor.core.publisher.Flux'
2024-07-20T12:50:52.604+02:00 TRACE 238666 --- [crud-springboot] [           main] o.s.b.a.condition.OnClassCondition       : Condition OnClassCondition on org.springframework.boot.autoconfigure.security.oauth2.resource.servlet.OAuth2ResourceServerAutoConfiguration did not match due to @ConditionalOnClass did not find required class 'org.springframework.security.oauth2.server.resource.authentication.BearerTokenAuthenticationToken'
2024-07-20T12:50:52.604+02:00 TRACE 238666 --- [crud-springboot] [           main] o.s.b.a.condition.OnClassCondition       : Condition OnClassCondition on org.springframework.boot.autoconfigure.security.oauth2.server.servlet.OAuth2AuthorizationServerAutoConfiguration did not match due to @ConditionalOnClass did not find required class 'org.springframework.security.oauth2.server.authorization.OAuth2Authorization'
2024-07-20T12:50:52.604+02:00 TRACE 238666 --- [crud-springboot] [           main] o.s.b.a.condition.OnClassCondition       : Condition OnClassCondition on org.springframework.boot.autoconfigure.security.oauth2.server.servlet.OAuth2AuthorizationServerJwtAutoConfiguration did not match due to @ConditionalOnClass did not find required class 'org.springframework.security.oauth2.server.authorization.OAuth2Authorization'
2024-07-20T12:50:52.604+02:00 TRACE 238666 --- [crud-springboot] [           main] o.s.b.a.condition.OnClassCondition       : Condition OnClassCondition on org.springframework.boot.autoconfigure.validation.ValidationAutoConfiguration did not match due to @ConditionalOnClass did not find required class 'jakarta.validation.executable.ExecutableValidator'
2024-07-20T12:50:52.605+02:00 TRACE 238666 --- [crud-springboot] [           main] o.s.b.a.condition.OnClassCondition       : Condition OnClassCondition on org.springframework.boot.autoconfigure.web.reactive.HttpHandlerAutoConfiguration did not match due to @ConditionalOnClass did not find required class 'org.springframework.web.reactive.DispatcherHandler'
2024-07-20T12:50:52.605+02:00 TRACE 238666 --- [crud-springboot] [           main] o.s.b.a.condition.OnClassCondition       : Condition OnClassCondition on org.springframework.boot.autoconfigure.web.reactive.ReactiveMultipartAutoConfiguration did not match due to @ConditionalOnClass did not find required class 'org.springframework.web.reactive.config.WebFluxConfigurer'
2024-07-20T12:50:52.605+02:00 TRACE 238666 --- [crud-springboot] [           main] o.s.b.a.condition.OnClassCondition       : Condition OnClassCondition on org.springframework.boot.autoconfigure.web.reactive.WebFluxAutoConfiguration did not match due to @ConditionalOnClass did not find required class 'org.springframework.web.reactive.config.WebFluxConfigurer'
2024-07-20T12:50:52.605+02:00 TRACE 238666 --- [crud-springboot] [           main] o.s.b.a.condition.OnClassCondition       : Condition OnClassCondition on org.springframework.boot.autoconfigure.web.reactive.WebSessionIdResolverAutoConfiguration did not match due to @ConditionalOnClass did not find required class 'reactor.core.publisher.Mono'
2024-07-20T12:50:52.605+02:00 TRACE 238666 --- [crud-springboot] [           main] o.s.b.a.condition.OnClassCondition       : Condition OnClassCondition on org.springframework.boot.autoconfigure.web.reactive.error.ErrorWebFluxAutoConfiguration did not match due to @ConditionalOnClass did not find required class 'org.springframework.web.reactive.config.WebFluxConfigurer'
2024-07-20T12:50:52.605+02:00 TRACE 238666 --- [crud-springboot] [           main] o.s.b.a.condition.OnClassCondition       : Condition OnClassCondition on org.springframework.boot.autoconfigure.web.reactive.function.client.ClientHttpConnectorAutoConfiguration did not match due to @ConditionalOnClass did not find required class 'org.springframework.web.reactive.function.client.WebClient'
2024-07-20T12:50:52.605+02:00 TRACE 238666 --- [crud-springboot] [           main] o.s.b.a.condition.OnClassCondition       : Condition OnClassCondition on org.springframework.boot.autoconfigure.web.reactive.function.client.WebClientAutoConfiguration did not match due to @ConditionalOnClass did not find required class 'org.springframework.web.reactive.function.client.WebClient'
2024-07-20T12:50:52.605+02:00 TRACE 238666 --- [crud-springboot] [           main] o.s.b.a.condition.OnClassCondition       : Condition OnClassCondition on org.springframework.boot.autoconfigure.websocket.servlet.WebSocketMessagingAutoConfiguration did not match due to @ConditionalOnClass did not find required class 'org.springframework.web.socket.config.annotation.WebSocketMessageBrokerConfigurer'
2024-07-20T12:50:52.605+02:00 TRACE 238666 --- [crud-springboot] [           main] o.s.b.a.condition.OnClassCondition       : Condition OnClassCondition on org.springframework.boot.autoconfigure.webservices.WebServicesAutoConfiguration did not match due to @ConditionalOnClass did not find required class 'org.springframework.ws.transport.http.MessageDispatcherServlet'
2024-07-20T12:50:52.605+02:00 TRACE 238666 --- [crud-springboot] [           main] o.s.b.a.condition.OnClassCondition       : Condition OnClassCondition on org.springframework.boot.autoconfigure.webservices.client.WebServiceTemplateAutoConfiguration did not match due to @ConditionalOnClass did not find required class 'org.springframework.oxm.Marshaller'
2024-07-20T12:50:52.606+02:00 TRACE 238666 --- [crud-springboot] [           main] o.s.b.f.s.DefaultListableBeanFactory     : Returning cached instance of singleton bean 'autoConfigurationReport'
2024-07-20T12:50:52.607+02:00 TRACE 238666 --- [crud-springboot] [           main] o.s.b.a.c.OnWebApplicationCondition      : Condition OnWebApplicationCondition on org.springframework.boot.autoconfigure.security.oauth2.resource.reactive.ReactiveOAuth2ResourceServerAutoConfiguration did not match due to @ConditionalOnWebApplication did not find reactive web application classes
2024-07-20T12:50:52.607+02:00 TRACE 238666 --- [crud-springboot] [           main] o.s.b.a.c.OnWebApplicationCondition      : Condition OnWebApplicationCondition on org.springframework.boot.autoconfigure.web.reactive.ReactiveWebServerFactoryAutoConfiguration did not match due to @ConditionalOnWebApplication did not find reactive web application classes
2024-07-20T12:50:52.607+02:00 TRACE 238666 --- [crud-springboot] [           main] o.s.b.a.c.OnWebApplicationCondition      : Condition OnWebApplicationCondition on org.springframework.boot.autoconfigure.websocket.reactive.WebSocketReactiveAutoConfiguration did not match due to @ConditionalOnWebApplication did not find reactive web application classes
2024-07-20T12:50:52.608+02:00 TRACE 238666 --- [crud-springboot] [           main] o.s.b.f.s.DefaultListableBeanFactory     : Returning cached instance of singleton bean 'autoConfigurationReport'
2024-07-20T12:50:52.611+02:00 TRACE 238666 --- [crud-springboot] [           main] o.s.b.a.condition.OnBeanCondition        : Condition OnBeanCondition on org.springframework.boot.autoconfigure.mail.MailSenderValidatorAutoConfiguration did not match due to @ConditionalOnSingleCandidate did not find required type 'org.springframework.mail.javamail.JavaMailSenderImpl'
2024-07-20T12:50:52.614+02:00 TRACE 238666 --- [crud-springboot] [           main] o.s.b.a.AutoConfigurationImportSelector  : Filtered 109 auto configuration class in 77 ms
2024-07-20T12:50:52.615+02:00 TRACE 238666 --- [crud-springboot] [           main] o.s.c.io.support.SpringFactoriesLoader   : Loaded [org.springframework.boot.autoconfigure.AutoConfigurationImportListener] names: [org.springframework.boot.autoconfigure.condition.ConditionEvaluationReportAutoConfigurationImportListener]
2024-07-20T12:50:52.615+02:00 TRACE 238666 --- [crud-springboot] [           main] o.s.b.f.s.DefaultListableBeanFactory     : Returning cached instance of singleton bean 'autoConfigurationReport'
2024-07-20T12:50:52.620+02:00 TRACE 238666 --- [crud-springboot] [           main] o.s.b.f.s.DefaultListableBeanFactory     : Returning cached instance of singleton bean 'org.springframework.boot.autoconfigure.internalCachingMetadataReaderFactory'
2024-07-20T12:50:52.627+02:00 TRACE 238666 --- [crud-springboot] [           main] o.s.b.f.s.DefaultListableBeanFactory     : Returning cached instance of singleton bean 'autoConfigurationReport'
2024-07-20T12:50:52.628+02:00 TRACE 238666 --- [crud-springboot] [           main] o.s.b.f.s.DefaultListableBeanFactory     : Returning cached instance of singleton bean 'autoConfigurationReport'
2024-07-20T12:50:52.628+02:00 TRACE 238666 --- [crud-springboot] [           main] o.s.b.f.s.DefaultListableBeanFactory     : Returning cached instance of singleton bean 'autoConfigurationReport'
2024-07-20T12:50:52.628+02:00 TRACE 238666 --- [crud-springboot] [           main] o.s.b.f.s.DefaultListableBeanFactory     : Returning cached instance of singleton bean 'autoConfigurationReport'
2024-07-20T12:50:52.628+02:00 TRACE 238666 --- [crud-springboot] [           main] o.s.b.f.s.DefaultListableBeanFactory     : Returning cached instance of singleton bean 'autoConfigurationReport'
2024-07-20T12:50:52.628+02:00 TRACE 238666 --- [crud-springboot] [           main] o.s.b.f.s.DefaultListableBeanFactory     : Returning cached instance of singleton bean 'autoConfigurationReport'
2024-07-20T12:50:52.642+02:00 TRACE 238666 --- [crud-springboot] [           main] .i.s.PathMatchingResourcePatternResolver : Resolved module-path location pattern [messages.properties] to resources []
2024-07-20T12:50:52.642+02:00 TRACE 238666 --- [crud-springboot] [           main] .i.s.PathMatchingResourcePatternResolver : Resolved class path location [messages.properties] to resources []
2024-07-20T12:50:52.642+02:00 TRACE 238666 --- [crud-springboot] [           main] utoConfiguration$ResourceBundleCondition : Condition MessageSourceAutoConfiguration.ResourceBundleCondition on org.springframework.boot.autoconfigure.context.MessageSourceAutoConfiguration did not match due to ResourceBundle did not find bundle with basename messages
2024-07-20T12:50:52.643+02:00 TRACE 238666 --- [crud-springboot] [           main] o.s.b.f.s.DefaultListableBeanFactory     : Returning cached instance of singleton bean 'autoConfigurationReport'
2024-07-20T12:50:52.643+02:00 TRACE 238666 --- [crud-springboot] [           main] o.s.b.f.s.DefaultListableBeanFactory     : Returning cached instance of singleton bean 'autoConfigurationReport'
2024-07-20T12:50:52.643+02:00 TRACE 238666 --- [crud-springboot] [           main] o.s.b.f.s.DefaultListableBeanFactory     : Returning cached instance of singleton bean 'autoConfigurationReport'
2024-07-20T12:50:52.643+02:00 TRACE 238666 --- [crud-springboot] [           main] o.s.b.f.s.DefaultListableBeanFactory     : Returning cached instance of singleton bean 'autoConfigurationReport'
2024-07-20T12:50:52.643+02:00 TRACE 238666 --- [crud-springboot] [           main] o.s.b.f.s.DefaultListableBeanFactory     : Returning cached instance of singleton bean 'autoConfigurationReport'
2024-07-20T12:50:52.643+02:00 TRACE 238666 --- [crud-springboot] [           main] o.s.b.f.s.DefaultListableBeanFactory     : Returning cached instance of singleton bean 'autoConfigurationReport'
2024-07-20T12:50:52.643+02:00 TRACE 238666 --- [crud-springboot] [           main] o.s.b.f.s.DefaultListableBeanFactory     : Returning cached instance of singleton bean 'autoConfigurationReport'
2024-07-20T12:50:52.644+02:00 TRACE 238666 --- [crud-springboot] [           main] o.s.b.f.s.DefaultListableBeanFactory     : Returning cached instance of singleton bean 'autoConfigurationReport'
2024-07-20T12:50:52.644+02:00 TRACE 238666 --- [crud-springboot] [           main] o.s.b.f.s.DefaultListableBeanFactory     : Returning cached instance of singleton bean 'autoConfigurationReport'
2024-07-20T12:50:52.644+02:00 TRACE 238666 --- [crud-springboot] [           main] o.s.b.f.s.DefaultListableBeanFactory     : Returning cached instance of singleton bean 'autoConfigurationReport'
2024-07-20T12:50:52.646+02:00 TRACE 238666 --- [crud-springboot] [           main] o.s.b.f.s.DefaultListableBeanFactory     : Returning cached instance of singleton bean 'autoConfigurationReport'
2024-07-20T12:50:52.646+02:00 TRACE 238666 --- [crud-springboot] [           main] o.s.b.f.s.DefaultListableBeanFactory     : Returning cached instance of singleton bean 'autoConfigurationReport'
2024-07-20T12:50:52.646+02:00 TRACE 238666 --- [crud-springboot] [           main] o.s.b.f.s.DefaultListableBeanFactory     : Returning cached instance of singleton bean 'autoConfigurationReport'
2024-07-20T12:50:52.646+02:00 TRACE 238666 --- [crud-springboot] [           main] o.s.b.f.s.DefaultListableBeanFactory     : Returning cached instance of singleton bean 'autoConfigurationReport'
2024-07-20T12:50:52.646+02:00 TRACE 238666 --- [crud-springboot] [           main] o.s.b.f.s.DefaultListableBeanFactory     : Returning cached instance of singleton bean 'autoConfigurationReport'
2024-07-20T12:50:52.646+02:00 TRACE 238666 --- [crud-springboot] [           main] o.s.b.f.s.DefaultListableBeanFactory     : Returning cached instance of singleton bean 'autoConfigurationReport'
2024-07-20T12:50:52.647+02:00 TRACE 238666 --- [crud-springboot] [           main] o.s.b.f.s.DefaultListableBeanFactory     : Returning cached instance of singleton bean 'autoConfigurationReport'
2024-07-20T12:50:52.647+02:00 TRACE 238666 --- [crud-springboot] [           main] o.s.b.f.s.DefaultListableBeanFactory     : Returning cached instance of singleton bean 'autoConfigurationReport'
2024-07-20T12:50:52.647+02:00 TRACE 238666 --- [crud-springboot] [           main] o.s.b.f.s.DefaultListableBeanFactory     : Returning cached instance of singleton bean 'autoConfigurationReport'
2024-07-20T12:50:52.649+02:00 TRACE 238666 --- [crud-springboot] [           main] o.s.b.f.s.DefaultListableBeanFactory     : Returning cached instance of singleton bean 'autoConfigurationReport'
2024-07-20T12:50:52.649+02:00 TRACE 238666 --- [crud-springboot] [           main] o.s.b.f.s.DefaultListableBeanFactory     : Returning cached instance of singleton bean 'autoConfigurationReport'
2024-07-20T12:50:52.649+02:00 TRACE 238666 --- [crud-springboot] [           main] o.s.b.f.s.DefaultListableBeanFactory     : Returning cached instance of singleton bean 'autoConfigurationReport'
2024-07-20T12:50:52.649+02:00 TRACE 238666 --- [crud-springboot] [           main] o.s.b.f.s.DefaultListableBeanFactory     : Returning cached instance of singleton bean 'autoConfigurationReport'
2024-07-20T12:50:52.650+02:00 TRACE 238666 --- [crud-springboot] [           main] o.s.b.f.s.DefaultListableBeanFactory     : Returning cached instance of singleton bean 'autoConfigurationReport'
2024-07-20T12:50:52.650+02:00 TRACE 238666 --- [crud-springboot] [           main] o.s.b.f.s.DefaultListableBeanFactory     : Returning cached instance of singleton bean 'autoConfigurationReport'
2024-07-20T12:50:52.652+02:00 TRACE 238666 --- [crud-springboot] [           main] o.s.b.a.condition.OnClassCondition       : Condition OnClassCondition on org.springframework.boot.autoconfigure.websocket.servlet.WebSocketServletAutoConfiguration matched due to @ConditionalOnClass found required classes 'jakarta.servlet.Servlet', 'jakarta.websocket.server.ServerContainer'
2024-07-20T12:50:52.652+02:00 TRACE 238666 --- [crud-springboot] [           main] o.s.b.f.s.DefaultListableBeanFactory     : Returning cached instance of singleton bean 'autoConfigurationReport'
2024-07-20T12:50:52.652+02:00 TRACE 238666 --- [crud-springboot] [           main] o.s.b.a.c.OnWebApplicationCondition      : Condition OnWebApplicationCondition on org.springframework.boot.autoconfigure.websocket.servlet.WebSocketServletAutoConfiguration matched due to found 'session' scope
2024-07-20T12:50:52.653+02:00 TRACE 238666 --- [crud-springboot] [           main] o.s.b.f.s.DefaultListableBeanFactory     : Returning cached instance of singleton bean 'autoConfigurationReport'
2024-07-20T12:50:52.653+02:00 TRACE 238666 --- [crud-springboot] [           main] o.s.b.f.s.DefaultListableBeanFactory     : Returning cached instance of singleton bean 'autoConfigurationReport'
2024-07-20T12:50:52.653+02:00 TRACE 238666 --- [crud-springboot] [           main] o.s.b.f.s.DefaultListableBeanFactory     : Returning cached instance of singleton bean 'autoConfigurationReport'
2024-07-20T12:50:52.653+02:00 TRACE 238666 --- [crud-springboot] [           main] o.s.b.f.s.DefaultListableBeanFactory     : Returning cached instance of singleton bean 'autoConfigurationReport'
2024-07-20T12:50:52.656+02:00 TRACE 238666 --- [crud-springboot] [           main] o.s.b.a.condition.OnClassCondition       : Condition OnClassCondition on org.springframework.boot.autoconfigure.websocket.servlet.WebSocketServletAutoConfiguration$UndertowWebSocketConfiguration did not match due to @ConditionalOnClass did not find required class 'io.undertow.websockets.jsr.Bootstrap'
2024-07-20T12:50:52.656+02:00 TRACE 238666 --- [crud-springboot] [           main] o.s.b.f.s.DefaultListableBeanFactory     : Returning cached instance of singleton bean 'autoConfigurationReport'
2024-07-20T12:50:52.657+02:00 TRACE 238666 --- [crud-springboot] [           main] o.s.b.a.condition.OnClassCondition       : Condition OnClassCondition on org.springframework.boot.autoconfigure.websocket.servlet.WebSocketServletAutoConfiguration$JettyWebSocketConfiguration did not match due to @ConditionalOnClass did not find required class 'org.eclipse.jetty.ee10.websocket.jakarta.server.config.JakartaWebSocketServletContainerInitializer'
2024-07-20T12:50:52.657+02:00 TRACE 238666 --- [crud-springboot] [           main] o.s.b.f.s.DefaultListableBeanFactory     : Returning cached instance of singleton bean 'autoConfigurationReport'
2024-07-20T12:50:52.658+02:00 TRACE 238666 --- [crud-springboot] [           main] o.s.b.a.condition.OnClassCondition       : Condition OnClassCondition on org.springframework.boot.autoconfigure.websocket.servlet.WebSocketServletAutoConfiguration$TomcatWebSocketConfiguration matched due to @ConditionalOnClass found required classes 'org.apache.catalina.startup.Tomcat', 'org.apache.tomcat.websocket.server.WsSci'
2024-07-20T12:50:52.658+02:00 TRACE 238666 --- [crud-springboot] [           main] o.s.b.f.s.DefaultListableBeanFactory     : Returning cached instance of singleton bean 'autoConfigurationReport'
2024-07-20T12:50:52.659+02:00 TRACE 238666 --- [crud-springboot] [           main] o.s.b.f.s.DefaultListableBeanFactory     : Returning cached instance of singleton bean 'autoConfigurationReport'
2024-07-20T12:50:52.659+02:00 TRACE 238666 --- [crud-springboot] [           main] o.s.b.f.s.DefaultListableBeanFactory     : Returning cached instance of singleton bean 'autoConfigurationReport'
2024-07-20T12:50:52.659+02:00 TRACE 238666 --- [crud-springboot] [           main] o.s.b.f.s.DefaultListableBeanFactory     : Returning cached instance of singleton bean 'autoConfigurationReport'
2024-07-20T12:50:52.661+02:00 TRACE 238666 --- [crud-springboot] [           main] o.s.b.f.s.DefaultListableBeanFactory     : Returning cached instance of singleton bean 'autoConfigurationReport'
2024-07-20T12:50:52.661+02:00 TRACE 238666 --- [crud-springboot] [           main] o.s.b.f.s.DefaultListableBeanFactory     : Returning cached instance of singleton bean 'autoConfigurationReport'
2024-07-20T12:50:52.661+02:00 TRACE 238666 --- [crud-springboot] [           main] o.s.b.f.s.DefaultListableBeanFactory     : Returning cached instance of singleton bean 'autoConfigurationReport'
2024-07-20T12:50:52.661+02:00 TRACE 238666 --- [crud-springboot] [           main] o.s.b.f.s.DefaultListableBeanFactory     : Returning cached instance of singleton bean 'autoConfigurationReport'
2024-07-20T12:50:52.661+02:00 TRACE 238666 --- [crud-springboot] [           main] o.s.b.f.s.DefaultListableBeanFactory     : Returning cached instance of singleton bean 'autoConfigurationReport'
2024-07-20T12:50:52.661+02:00 TRACE 238666 --- [crud-springboot] [           main] o.s.b.f.s.DefaultListableBeanFactory     : Returning cached instance of singleton bean 'autoConfigurationReport'
2024-07-20T12:50:52.662+02:00 TRACE 238666 --- [crud-springboot] [           main] o.s.b.a.condition.OnClassCondition       : Condition OnClassCondition on org.springframework.boot.autoconfigure.web.servlet.ServletWebServerFactoryAutoConfiguration matched due to @ConditionalOnClass found required class 'jakarta.servlet.ServletRequest'
2024-07-20T12:50:52.662+02:00 TRACE 238666 --- [crud-springboot] [           main] o.s.b.f.s.DefaultListableBeanFactory     : Returning cached instance of singleton bean 'autoConfigurationReport'
2024-07-20T12:50:52.662+02:00 TRACE 238666 --- [crud-springboot] [           main] o.s.b.a.c.OnWebApplicationCondition      : Condition OnWebApplicationCondition on org.springframework.boot.autoconfigure.web.servlet.ServletWebServerFactoryAutoConfiguration matched due to found 'session' scope
2024-07-20T12:50:52.663+02:00 TRACE 238666 --- [crud-springboot] [           main] o.s.b.f.s.DefaultListableBeanFactory     : Returning cached instance of singleton bean 'autoConfigurationReport'
2024-07-20T12:50:52.663+02:00 TRACE 238666 --- [crud-springboot] [           main] o.s.b.f.s.DefaultListableBeanFactory     : Returning cached instance of singleton bean 'autoConfigurationReport'
2024-07-20T12:50:52.663+02:00 TRACE 238666 --- [crud-springboot] [           main] o.s.b.f.s.DefaultListableBeanFactory     : Returning cached instance of singleton bean 'autoConfigurationReport'
2024-07-20T12:50:52.663+02:00 TRACE 238666 --- [crud-springboot] [           main] o.s.b.f.s.DefaultListableBeanFactory     : Returning cached instance of singleton bean 'autoConfigurationReport'
2024-07-20T12:50:52.677+02:00 TRACE 238666 --- [crud-springboot] [           main] o.s.b.a.condition.OnPropertyCondition    : Condition OnPropertyCondition on org.springframework.boot.autoconfigure.web.servlet.ServletWebServerFactoryAutoConfiguration$ForwardedHeaderFilterConfiguration did not match due to @ConditionalOnProperty (server.forward-headers-strategy=framework) did not find property 'server.forward-headers-strategy'
2024-07-20T12:50:52.677+02:00 TRACE 238666 --- [crud-springboot] [           main] o.s.b.f.s.DefaultListableBeanFactory     : Returning cached instance of singleton bean 'autoConfigurationReport'
2024-07-20T12:50:52.685+02:00 TRACE 238666 --- [crud-springboot] [           main] o.s.b.a.condition.OnClassCondition       : Condition OnClassCondition on org.springframework.boot.autoconfigure.web.servlet.ServletWebServerFactoryConfiguration$EmbeddedTomcat matched due to @ConditionalOnClass found required classes 'jakarta.servlet.Servlet', 'org.apache.catalina.startup.Tomcat', 'org.apache.coyote.UpgradeProtocol'
2024-07-20T12:50:52.686+02:00 TRACE 238666 --- [crud-springboot] [           main] o.s.b.f.s.DefaultListableBeanFactory     : Returning cached instance of singleton bean 'autoConfigurationReport'
2024-07-20T12:50:52.686+02:00 TRACE 238666 --- [crud-springboot] [           main] o.s.b.f.s.DefaultListableBeanFactory     : Returning cached instance of singleton bean 'autoConfigurationReport'
2024-07-20T12:50:52.686+02:00 TRACE 238666 --- [crud-springboot] [           main] o.s.b.f.s.DefaultListableBeanFactory     : Returning cached instance of singleton bean 'autoConfigurationReport'
2024-07-20T12:50:52.687+02:00 TRACE 238666 --- [crud-springboot] [           main] o.s.b.f.s.DefaultListableBeanFactory     : Returning cached instance of singleton bean 'autoConfigurationReport'
2024-07-20T12:50:52.689+02:00 TRACE 238666 --- [crud-springboot] [           main] o.s.b.a.condition.OnClassCondition       : Condition OnClassCondition on org.springframework.boot.autoconfigure.web.servlet.ServletWebServerFactoryConfiguration$EmbeddedJetty did not match due to @ConditionalOnClass did not find required classes 'org.eclipse.jetty.server.Server', 'org.eclipse.jetty.util.Loader', 'org.eclipse.jetty.ee10.webapp.WebAppContext'
2024-07-20T12:50:52.690+02:00 TRACE 238666 --- [crud-springboot] [           main] o.s.b.f.s.DefaultListableBeanFactory     : Returning cached instance of singleton bean 'autoConfigurationReport'
2024-07-20T12:50:52.691+02:00 TRACE 238666 --- [crud-springboot] [           main] o.s.b.a.condition.OnClassCondition       : Condition OnClassCondition on org.springframework.boot.autoconfigure.web.servlet.ServletWebServerFactoryConfiguration$EmbeddedUndertow did not match due to @ConditionalOnClass did not find required classes 'io.undertow.Undertow', 'org.xnio.SslClientAuthMode'
2024-07-20T12:50:52.691+02:00 TRACE 238666 --- [crud-springboot] [           main] o.s.b.f.s.DefaultListableBeanFactory     : Returning cached instance of singleton bean 'autoConfigurationReport'
2024-07-20T12:50:52.691+02:00 TRACE 238666 --- [crud-springboot] [           main] o.s.b.f.s.DefaultListableBeanFactory     : Returning cached instance of singleton bean 'autoConfigurationReport'
2024-07-20T12:50:52.691+02:00 TRACE 238666 --- [crud-springboot] [           main] o.s.b.f.s.DefaultListableBeanFactory     : Returning cached instance of singleton bean 'autoConfigurationReport'
2024-07-20T12:50:52.692+02:00 TRACE 238666 --- [crud-springboot] [           main] o.s.b.f.s.DefaultListableBeanFactory     : Returning cached instance of singleton bean 'autoConfigurationReport'
2024-07-20T12:50:52.692+02:00 TRACE 238666 --- [crud-springboot] [           main] o.s.b.f.s.DefaultListableBeanFactory     : Returning cached instance of singleton bean 'autoConfigurationReport'
2024-07-20T12:50:52.692+02:00 TRACE 238666 --- [crud-springboot] [           main] o.s.b.f.s.DefaultListableBeanFactory     : Returning cached instance of singleton bean 'autoConfigurationReport'
2024-07-20T12:50:52.692+02:00 TRACE 238666 --- [crud-springboot] [           main] o.s.b.f.s.DefaultListableBeanFactory     : Returning cached instance of singleton bean 'autoConfigurationReport'
2024-07-20T12:50:52.694+02:00 TRACE 238666 --- [crud-springboot] [           main] o.s.b.a.condition.OnClassCondition       : Condition OnClassCondition on org.springframework.boot.autoconfigure.web.servlet.DispatcherServletAutoConfiguration matched due to @ConditionalOnClass found required class 'org.springframework.web.servlet.DispatcherServlet'
2024-07-20T12:50:52.694+02:00 TRACE 238666 --- [crud-springboot] [           main] o.s.b.f.s.DefaultListableBeanFactory     : Returning cached instance of singleton bean 'autoConfigurationReport'
2024-07-20T12:50:52.695+02:00 TRACE 238666 --- [crud-springboot] [           main] o.s.b.a.c.OnWebApplicationCondition      : Condition OnWebApplicationCondition on org.springframework.boot.autoconfigure.web.servlet.DispatcherServletAutoConfiguration matched due to found 'session' scope
2024-07-20T12:50:52.696+02:00 TRACE 238666 --- [crud-springboot] [           main] o.s.b.f.s.DefaultListableBeanFactory     : Returning cached instance of singleton bean 'autoConfigurationReport'
2024-07-20T12:50:52.696+02:00 TRACE 238666 --- [crud-springboot] [           main] o.s.b.f.s.DefaultListableBeanFactory     : Returning cached instance of singleton bean 'autoConfigurationReport'
2024-07-20T12:50:52.696+02:00 TRACE 238666 --- [crud-springboot] [           main] o.s.b.f.s.DefaultListableBeanFactory     : Returning cached instance of singleton bean 'autoConfigurationReport'
2024-07-20T12:50:52.696+02:00 TRACE 238666 --- [crud-springboot] [           main] o.s.b.f.s.DefaultListableBeanFactory     : Returning cached instance of singleton bean 'autoConfigurationReport'
2024-07-20T12:50:52.703+02:00 TRACE 238666 --- [crud-springboot] [           main] o.s.b.a.condition.OnClassCondition       : Condition OnClassCondition on org.springframework.boot.autoconfigure.web.servlet.DispatcherServletAutoConfiguration$DispatcherServletRegistrationConfiguration matched due to @ConditionalOnClass found required class 'jakarta.servlet.ServletRegistration'
2024-07-20T12:50:52.703+02:00 TRACE 238666 --- [crud-springboot] [           main] o.s.b.f.s.DefaultListableBeanFactory     : Returning cached instance of singleton bean 'autoConfigurationReport'
2024-07-20T12:50:52.710+02:00 TRACE 238666 --- [crud-springboot] [           main] n$DispatcherServletRegistrationCondition : Condition DispatcherServletAutoConfiguration.DispatcherServletRegistrationCondition on org.springframework.boot.autoconfigure.web.servlet.DispatcherServletAutoConfiguration$DispatcherServletRegistrationConfiguration matched due to DispatcherServlet Registration did not find servlet registration bean
2024-07-20T12:50:52.710+02:00 TRACE 238666 --- [crud-springboot] [           main] o.s.b.f.s.DefaultListableBeanFactory     : Returning cached instance of singleton bean 'autoConfigurationReport'
2024-07-20T12:50:52.710+02:00 TRACE 238666 --- [crud-springboot] [           main] o.s.b.f.s.DefaultListableBeanFactory     : Returning cached instance of singleton bean 'autoConfigurationReport'
2024-07-20T12:50:52.710+02:00 TRACE 238666 --- [crud-springboot] [           main] o.s.b.f.s.DefaultListableBeanFactory     : Returning cached instance of singleton bean 'autoConfigurationReport'
2024-07-20T12:50:52.710+02:00 TRACE 238666 --- [crud-springboot] [           main] o.s.b.f.s.DefaultListableBeanFactory     : Returning cached instance of singleton bean 'autoConfigurationReport'
2024-07-20T12:50:52.712+02:00 TRACE 238666 --- [crud-springboot] [           main] o.s.b.a.condition.OnClassCondition       : Condition OnClassCondition on org.springframework.boot.autoconfigure.web.servlet.DispatcherServletAutoConfiguration$DispatcherServletConfiguration matched due to @ConditionalOnClass found required class 'jakarta.servlet.ServletRegistration'
2024-07-20T12:50:52.712+02:00 TRACE 238666 --- [crud-springboot] [           main] o.s.b.f.s.DefaultListableBeanFactory     : Returning cached instance of singleton bean 'autoConfigurationReport'
2024-07-20T12:50:52.713+02:00 TRACE 238666 --- [crud-springboot] [           main] ration$DefaultDispatcherServletCondition : Condition DispatcherServletAutoConfiguration.DefaultDispatcherServletCondition on org.springframework.boot.autoconfigure.web.servlet.DispatcherServletAutoConfiguration$DispatcherServletConfiguration matched due to Default DispatcherServlet did not find dispatcher servlet beans
2024-07-20T12:50:52.713+02:00 TRACE 238666 --- [crud-springboot] [           main] o.s.b.f.s.DefaultListableBeanFactory     : Returning cached instance of singleton bean 'autoConfigurationReport'
2024-07-20T12:50:52.713+02:00 TRACE 238666 --- [crud-springboot] [           main] o.s.b.f.s.DefaultListableBeanFactory     : Returning cached instance of singleton bean 'autoConfigurationReport'
2024-07-20T12:50:52.714+02:00 TRACE 238666 --- [crud-springboot] [           main] o.s.b.f.s.DefaultListableBeanFactory     : Returning cached instance of singleton bean 'autoConfigurationReport'
2024-07-20T12:50:52.714+02:00 TRACE 238666 --- [crud-springboot] [           main] o.s.b.f.s.DefaultListableBeanFactory     : Returning cached instance of singleton bean 'autoConfigurationReport'
2024-07-20T12:50:52.716+02:00 TRACE 238666 --- [crud-springboot] [           main] o.s.b.a.condition.OnClassCondition       : Condition OnClassCondition on org.springframework.boot.autoconfigure.web.servlet.DispatcherServletAutoConfiguration$DispatcherServletConfiguration matched due to @ConditionalOnClass found required class 'jakarta.servlet.ServletRegistration'
2024-07-20T12:50:52.716+02:00 TRACE 238666 --- [crud-springboot] [           main] o.s.b.f.s.DefaultListableBeanFactory     : Returning cached instance of singleton bean 'autoConfigurationReport'
2024-07-20T12:50:52.717+02:00 TRACE 238666 --- [crud-springboot] [           main] ration$DefaultDispatcherServletCondition : Condition DispatcherServletAutoConfiguration.DefaultDispatcherServletCondition on org.springframework.boot.autoconfigure.web.servlet.DispatcherServletAutoConfiguration$DispatcherServletConfiguration matched due to Default DispatcherServlet did not find dispatcher servlet beans
2024-07-20T12:50:52.717+02:00 TRACE 238666 --- [crud-springboot] [           main] o.s.b.f.s.DefaultListableBeanFactory     : Returning cached instance of singleton bean 'autoConfigurationReport'
2024-07-20T12:50:52.719+02:00 TRACE 238666 --- [crud-springboot] [           main] o.s.b.f.s.DefaultListableBeanFactory     : Returning cached instance of singleton bean 'autoConfigurationReport'
2024-07-20T12:50:52.719+02:00 TRACE 238666 --- [crud-springboot] [           main] o.s.b.f.s.DefaultListableBeanFactory     : Returning cached instance of singleton bean 'autoConfigurationReport'
2024-07-20T12:50:52.719+02:00 TRACE 238666 --- [crud-springboot] [           main] o.s.b.f.s.DefaultListableBeanFactory     : Returning cached instance of singleton bean 'autoConfigurationReport'
2024-07-20T12:50:52.720+02:00 TRACE 238666 --- [crud-springboot] [           main] o.s.b.f.s.DefaultListableBeanFactory     : Returning cached instance of singleton bean 'autoConfigurationReport'
2024-07-20T12:50:52.720+02:00 TRACE 238666 --- [crud-springboot] [           main] o.s.b.f.s.DefaultListableBeanFactory     : Returning cached instance of singleton bean 'autoConfigurationReport'
2024-07-20T12:50:52.720+02:00 TRACE 238666 --- [crud-springboot] [           main] o.s.b.f.s.DefaultListableBeanFactory     : Returning cached instance of singleton bean 'autoConfigurationReport'
2024-07-20T12:50:52.725+02:00 TRACE 238666 --- [crud-springboot] [           main] o.s.b.a.condition.OnClassCondition       : Condition OnClassCondition on org.springframework.boot.autoconfigure.task.TaskExecutionAutoConfiguration matched due to @ConditionalOnClass found required class 'org.springframework.scheduling.concurrent.ThreadPoolTaskExecutor'
2024-07-20T12:50:52.725+02:00 TRACE 238666 --- [crud-springboot] [           main] o.s.b.f.s.DefaultListableBeanFactory     : Returning cached instance of singleton bean 'autoConfigurationReport'
2024-07-20T12:50:52.726+02:00 TRACE 238666 --- [crud-springboot] [           main] o.s.b.f.s.DefaultListableBeanFactory     : Returning cached instance of singleton bean 'autoConfigurationReport'
2024-07-20T12:50:52.726+02:00 TRACE 238666 --- [crud-springboot] [           main] o.s.b.f.s.DefaultListableBeanFactory     : Returning cached instance of singleton bean 'autoConfigurationReport'
2024-07-20T12:50:52.726+02:00 TRACE 238666 --- [crud-springboot] [           main] o.s.b.f.s.DefaultListableBeanFactory     : Returning cached instance of singleton bean 'autoConfigurationReport'
2024-07-20T12:50:52.732+02:00 TRACE 238666 --- [crud-springboot] [           main] o.s.b.f.s.DefaultListableBeanFactory     : Returning cached instance of singleton bean 'autoConfigurationReport'
2024-07-20T12:50:52.733+02:00 TRACE 238666 --- [crud-springboot] [           main] o.s.b.f.s.DefaultListableBeanFactory     : Returning cached instance of singleton bean 'autoConfigurationReport'
2024-07-20T12:50:52.733+02:00 TRACE 238666 --- [crud-springboot] [           main] o.s.b.f.s.DefaultListableBeanFactory     : Returning cached instance of singleton bean 'autoConfigurationReport'
2024-07-20T12:50:52.733+02:00 TRACE 238666 --- [crud-springboot] [           main] o.s.b.f.s.DefaultListableBeanFactory     : Returning cached instance of singleton bean 'autoConfigurationReport'
2024-07-20T12:50:52.733+02:00 TRACE 238666 --- [crud-springboot] [           main] o.s.b.f.s.DefaultListableBeanFactory     : Returning cached instance of singleton bean 'autoConfigurationReport'
2024-07-20T12:50:52.733+02:00 TRACE 238666 --- [crud-springboot] [           main] o.s.b.f.s.DefaultListableBeanFactory     : Returning cached instance of singleton bean 'autoConfigurationReport'
2024-07-20T12:50:52.734+02:00 TRACE 238666 --- [crud-springboot] [           main] o.s.b.f.s.DefaultListableBeanFactory     : Returning cached instance of singleton bean 'autoConfigurationReport'
2024-07-20T12:50:52.735+02:00 TRACE 238666 --- [crud-springboot] [           main] o.s.b.f.s.DefaultListableBeanFactory     : Returning cached instance of singleton bean 'autoConfigurationReport'
2024-07-20T12:50:52.735+02:00 TRACE 238666 --- [crud-springboot] [           main] o.s.b.f.s.DefaultListableBeanFactory     : Returning cached instance of singleton bean 'autoConfigurationReport'
2024-07-20T12:50:52.736+02:00 TRACE 238666 --- [crud-springboot] [           main] o.s.b.f.s.DefaultListableBeanFactory     : Returning cached instance of singleton bean 'autoConfigurationReport'
2024-07-20T12:50:52.737+02:00 TRACE 238666 --- [crud-springboot] [           main] o.s.b.f.s.DefaultListableBeanFactory     : Returning cached instance of singleton bean 'autoConfigurationReport'
2024-07-20T12:50:52.737+02:00 TRACE 238666 --- [crud-springboot] [           main] o.s.b.f.s.DefaultListableBeanFactory     : Returning cached instance of singleton bean 'autoConfigurationReport'
2024-07-20T12:50:52.738+02:00 TRACE 238666 --- [crud-springboot] [           main] o.s.b.f.s.DefaultListableBeanFactory     : Returning cached instance of singleton bean 'autoConfigurationReport'
2024-07-20T12:50:52.738+02:00 TRACE 238666 --- [crud-springboot] [           main] o.s.b.f.s.DefaultListableBeanFactory     : Returning cached instance of singleton bean 'autoConfigurationReport'
2024-07-20T12:50:52.738+02:00 TRACE 238666 --- [crud-springboot] [           main] o.s.b.f.s.DefaultListableBeanFactory     : Returning cached instance of singleton bean 'autoConfigurationReport'
2024-07-20T12:50:52.738+02:00 TRACE 238666 --- [crud-springboot] [           main] o.s.b.f.s.DefaultListableBeanFactory     : Returning cached instance of singleton bean 'autoConfigurationReport'
2024-07-20T12:50:52.738+02:00 TRACE 238666 --- [crud-springboot] [           main] o.s.b.f.s.DefaultListableBeanFactory     : Returning cached instance of singleton bean 'autoConfigurationReport'
2024-07-20T12:50:52.738+02:00 TRACE 238666 --- [crud-springboot] [           main] o.s.b.f.s.DefaultListableBeanFactory     : Returning cached instance of singleton bean 'autoConfigurationReport'
2024-07-20T12:50:52.742+02:00 TRACE 238666 --- [crud-springboot] [           main] o.s.b.a.condition.OnClassCondition       : Condition OnClassCondition on org.springframework.boot.autoconfigure.web.servlet.error.ErrorMvcAutoConfiguration matched due to @ConditionalOnClass found required classes 'jakarta.servlet.Servlet', 'org.springframework.web.servlet.DispatcherServlet'
2024-07-20T12:50:52.743+02:00 TRACE 238666 --- [crud-springboot] [           main] o.s.b.f.s.DefaultListableBeanFactory     : Returning cached instance of singleton bean 'autoConfigurationReport'
2024-07-20T12:50:52.743+02:00 TRACE 238666 --- [crud-springboot] [           main] o.s.b.a.c.OnWebApplicationCondition      : Condition OnWebApplicationCondition on org.springframework.boot.autoconfigure.web.servlet.error.ErrorMvcAutoConfiguration matched due to found 'session' scope
2024-07-20T12:50:52.744+02:00 TRACE 238666 --- [crud-springboot] [           main] o.s.b.f.s.DefaultListableBeanFactory     : Returning cached instance of singleton bean 'autoConfigurationReport'
2024-07-20T12:50:52.744+02:00 TRACE 238666 --- [crud-springboot] [           main] o.s.b.f.s.DefaultListableBeanFactory     : Returning cached instance of singleton bean 'autoConfigurationReport'
2024-07-20T12:50:52.744+02:00 TRACE 238666 --- [crud-springboot] [           main] o.s.b.f.s.DefaultListableBeanFactory     : Returning cached instance of singleton bean 'autoConfigurationReport'
2024-07-20T12:50:52.744+02:00 TRACE 238666 --- [crud-springboot] [           main] o.s.b.f.s.DefaultListableBeanFactory     : Returning cached instance of singleton bean 'autoConfigurationReport'
2024-07-20T12:50:52.751+02:00 TRACE 238666 --- [crud-springboot] [           main] o.s.b.a.condition.OnPropertyCondition    : Condition OnPropertyCondition on org.springframework.boot.autoconfigure.web.servlet.error.ErrorMvcAutoConfiguration$WhitelabelErrorViewConfiguration matched due to @ConditionalOnProperty (server.error.whitelabel.enabled) matched
2024-07-20T12:50:52.751+02:00 TRACE 238666 --- [crud-springboot] [           main] o.s.b.f.s.DefaultListableBeanFactory     : Returning cached instance of singleton bean 'autoConfigurationReport'
2024-07-20T12:50:52.754+02:00 TRACE 238666 --- [crud-springboot] [           main] o.s.c.io.support.SpringFactoriesLoader   : Loaded [org.springframework.boot.autoconfigure.template.TemplateAvailabilityProvider] names: [org.springframework.boot.autoconfigure.freemarker.FreeMarkerTemplateAvailabilityProvider, org.springframework.boot.autoconfigure.mustache.MustacheTemplateAvailabilityProvider, org.springframework.boot.autoconfigure.groovy.template.GroovyTemplateAvailabilityProvider, org.springframework.boot.autoconfigure.thymeleaf.ThymeleafTemplateAvailabilityProvider, org.springframework.boot.autoconfigure.web.servlet.JspTemplateAvailabilityProvider]
2024-07-20T12:50:52.764+02:00 TRACE 238666 --- [crud-springboot] [           main] figuration$ErrorTemplateMissingCondition : Condition ErrorMvcAutoConfiguration.ErrorTemplateMissingCondition on org.springframework.boot.autoconfigure.web.servlet.error.ErrorMvcAutoConfiguration$WhitelabelErrorViewConfiguration matched due to ErrorTemplate Missing did not find error template view
2024-07-20T12:50:52.764+02:00 TRACE 238666 --- [crud-springboot] [           main] o.s.b.f.s.DefaultListableBeanFactory     : Returning cached instance of singleton bean 'autoConfigurationReport'
2024-07-20T12:50:52.765+02:00 TRACE 238666 --- [crud-springboot] [           main] o.s.b.f.s.DefaultListableBeanFactory     : Returning cached instance of singleton bean 'autoConfigurationReport'
2024-07-20T12:50:52.765+02:00 TRACE 238666 --- [crud-springboot] [           main] o.s.b.f.s.DefaultListableBeanFactory     : Returning cached instance of singleton bean 'autoConfigurationReport'
2024-07-20T12:50:52.765+02:00 TRACE 238666 --- [crud-springboot] [           main] o.s.b.f.s.DefaultListableBeanFactory     : Returning cached instance of singleton bean 'autoConfigurationReport'
2024-07-20T12:50:52.766+02:00 TRACE 238666 --- [crud-springboot] [           main] o.s.b.f.s.DefaultListableBeanFactory     : Returning cached instance of singleton bean 'autoConfigurationReport'
2024-07-20T12:50:52.766+02:00 TRACE 238666 --- [crud-springboot] [           main] o.s.b.f.s.DefaultListableBeanFactory     : Returning cached instance of singleton bean 'autoConfigurationReport'
2024-07-20T12:50:52.766+02:00 TRACE 238666 --- [crud-springboot] [           main] o.s.b.f.s.DefaultListableBeanFactory     : Returning cached instance of singleton bean 'autoConfigurationReport'
2024-07-20T12:50:52.768+02:00 TRACE 238666 --- [crud-springboot] [           main] o.s.b.f.s.DefaultListableBeanFactory     : Returning cached instance of singleton bean 'autoConfigurationReport'
2024-07-20T12:50:52.768+02:00 TRACE 238666 --- [crud-springboot] [           main] o.s.b.f.s.DefaultListableBeanFactory     : Returning cached instance of singleton bean 'autoConfigurationReport'
2024-07-20T12:50:52.768+02:00 TRACE 238666 --- [crud-springboot] [           main] o.s.b.f.s.DefaultListableBeanFactory     : Returning cached instance of singleton bean 'autoConfigurationReport'
2024-07-20T12:50:52.768+02:00 TRACE 238666 --- [crud-springboot] [           main] o.s.b.f.s.DefaultListableBeanFactory     : Returning cached instance of singleton bean 'autoConfigurationReport'
2024-07-20T12:50:52.768+02:00 TRACE 238666 --- [crud-springboot] [           main] o.s.b.f.s.DefaultListableBeanFactory     : Returning cached instance of singleton bean 'autoConfigurationReport'
2024-07-20T12:50:52.768+02:00 TRACE 238666 --- [crud-springboot] [           main] o.s.b.f.s.DefaultListableBeanFactory     : Returning cached instance of singleton bean 'autoConfigurationReport'
2024-07-20T12:50:52.773+02:00 TRACE 238666 --- [crud-springboot] [           main] o.s.b.a.condition.OnClassCondition       : Condition OnClassCondition on org.springframework.boot.autoconfigure.web.servlet.WebMvcAutoConfiguration matched due to @ConditionalOnClass found required classes 'jakarta.servlet.Servlet', 'org.springframework.web.servlet.DispatcherServlet', 'org.springframework.web.servlet.config.annotation.WebMvcConfigurer'
2024-07-20T12:50:52.774+02:00 TRACE 238666 --- [crud-springboot] [           main] o.s.b.f.s.DefaultListableBeanFactory     : Returning cached instance of singleton bean 'autoConfigurationReport'
2024-07-20T12:50:52.775+02:00 TRACE 238666 --- [crud-springboot] [           main] o.s.b.a.c.OnWebApplicationCondition      : Condition OnWebApplicationCondition on org.springframework.boot.autoconfigure.web.servlet.WebMvcAutoConfiguration matched due to found 'session' scope
2024-07-20T12:50:52.775+02:00 TRACE 238666 --- [crud-springboot] [           main] o.s.b.f.s.DefaultListableBeanFactory     : Returning cached instance of singleton bean 'autoConfigurationReport'
2024-07-20T12:50:52.775+02:00 TRACE 238666 --- [crud-springboot] [           main] o.s.b.f.s.DefaultListableBeanFactory     : Returning cached instance of singleton bean 'autoConfigurationReport'
2024-07-20T12:50:52.776+02:00 TRACE 238666 --- [crud-springboot] [           main] o.s.b.f.s.DefaultListableBeanFactory     : Returning cached instance of singleton bean 'autoConfigurationReport'
2024-07-20T12:50:52.776+02:00 TRACE 238666 --- [crud-springboot] [           main] o.s.b.f.s.DefaultListableBeanFactory     : Returning cached instance of singleton bean 'autoConfigurationReport'
2024-07-20T12:50:52.789+02:00 TRACE 238666 --- [crud-springboot] [           main] o.s.b.f.s.DefaultListableBeanFactory     : Returning cached instance of singleton bean 'autoConfigurationReport'
2024-07-20T12:50:52.789+02:00 TRACE 238666 --- [crud-springboot] [           main] o.s.b.f.s.DefaultListableBeanFactory     : Returning cached instance of singleton bean 'autoConfigurationReport'
2024-07-20T12:50:52.789+02:00 TRACE 238666 --- [crud-springboot] [           main] o.s.b.f.s.DefaultListableBeanFactory     : Returning cached instance of singleton bean 'autoConfigurationReport'
2024-07-20T12:50:52.793+02:00 TRACE 238666 --- [crud-springboot] [           main] o.s.b.f.s.DefaultListableBeanFactory     : Returning cached instance of singleton bean 'autoConfigurationReport'
2024-07-20T12:50:52.794+02:00 TRACE 238666 --- [crud-springboot] [           main] o.s.b.f.s.DefaultListableBeanFactory     : Returning cached instance of singleton bean 'autoConfigurationReport'
2024-07-20T12:50:52.794+02:00 TRACE 238666 --- [crud-springboot] [           main] o.s.b.f.s.DefaultListableBeanFactory     : Returning cached instance of singleton bean 'autoConfigurationReport'
2024-07-20T12:50:52.802+02:00 TRACE 238666 --- [crud-springboot] [           main] o.s.b.a.condition.OnPropertyCondition    : Condition OnPropertyCondition on org.springframework.boot.autoconfigure.web.servlet.WebMvcAutoConfiguration$ProblemDetailsErrorHandlingConfiguration did not match due to @ConditionalOnProperty (spring.mvc.problemdetails.enabled=true) did not find property 'enabled'
2024-07-20T12:50:52.802+02:00 TRACE 238666 --- [crud-springboot] [           main] o.s.b.f.s.DefaultListableBeanFactory     : Returning cached instance of singleton bean 'autoConfigurationReport'
2024-07-20T12:50:52.805+02:00 TRACE 238666 --- [crud-springboot] [           main] .s.b.a.w.OnEnabledResourceChainCondition : Condition OnEnabledResourceChainCondition on org.springframework.boot.autoconfigure.web.servlet.WebMvcAutoConfiguration$ResourceChainCustomizerConfiguration did not match due to @ConditionalOnEnabledResourceChain did not find class org.webjars.WebJarAssetLocator
2024-07-20T12:50:52.806+02:00 TRACE 238666 --- [crud-springboot] [           main] o.s.b.f.s.DefaultListableBeanFactory     : Returning cached instance of singleton bean 'autoConfigurationReport'
2024-07-20T12:50:52.808+02:00 TRACE 238666 --- [crud-springboot] [           main] o.s.b.f.s.DefaultListableBeanFactory     : Returning cached instance of singleton bean 'autoConfigurationReport'
2024-07-20T12:50:52.808+02:00 TRACE 238666 --- [crud-springboot] [           main] o.s.b.f.s.DefaultListableBeanFactory     : Returning cached instance of singleton bean 'autoConfigurationReport'
2024-07-20T12:50:52.809+02:00 TRACE 238666 --- [crud-springboot] [           main] o.s.b.f.s.DefaultListableBeanFactory     : Returning cached instance of singleton bean 'autoConfigurationReport'
2024-07-20T12:50:52.809+02:00 TRACE 238666 --- [crud-springboot] [           main] o.s.b.f.s.DefaultListableBeanFactory     : Returning cached instance of singleton bean 'autoConfigurationReport'
2024-07-20T12:50:52.810+02:00 TRACE 238666 --- [crud-springboot] [           main] o.s.b.f.s.DefaultListableBeanFactory     : Returning cached instance of singleton bean 'autoConfigurationReport'
2024-07-20T12:50:52.810+02:00 TRACE 238666 --- [crud-springboot] [           main] o.s.b.f.s.DefaultListableBeanFactory     : Returning cached instance of singleton bean 'autoConfigurationReport'
2024-07-20T12:50:52.813+02:00 TRACE 238666 --- [crud-springboot] [           main] o.s.b.a.condition.OnClassCondition       : Condition OnClassCondition on org.springframework.boot.autoconfigure.jmx.JmxAutoConfiguration matched due to @ConditionalOnClass found required class 'org.springframework.jmx.export.MBeanExporter'
2024-07-20T12:50:52.813+02:00 TRACE 238666 --- [crud-springboot] [           main] o.s.b.f.s.DefaultListableBeanFactory     : Returning cached instance of singleton bean 'autoConfigurationReport'
2024-07-20T12:50:52.814+02:00 TRACE 238666 --- [crud-springboot] [           main] o.s.b.a.condition.OnPropertyCondition    : Condition OnPropertyCondition on org.springframework.boot.autoconfigure.jmx.JmxAutoConfiguration did not match due to @ConditionalOnProperty (spring.jmx.enabled=true) found different value in property 'enabled'
2024-07-20T12:50:52.814+02:00 TRACE 238666 --- [crud-springboot] [           main] o.s.b.f.s.DefaultListableBeanFactory     : Returning cached instance of singleton bean 'autoConfigurationReport'
2024-07-20T12:50:52.814+02:00 TRACE 238666 --- [crud-springboot] [           main] o.s.b.f.s.DefaultListableBeanFactory     : Returning cached instance of singleton bean 'autoConfigurationReport'
2024-07-20T12:50:52.814+02:00 TRACE 238666 --- [crud-springboot] [           main] o.s.b.f.s.DefaultListableBeanFactory     : Returning cached instance of singleton bean 'autoConfigurationReport'
2024-07-20T12:50:52.815+02:00 TRACE 238666 --- [crud-springboot] [           main] o.s.b.f.s.DefaultListableBeanFactory     : Returning cached instance of singleton bean 'autoConfigurationReport'
2024-07-20T12:50:52.815+02:00 TRACE 238666 --- [crud-springboot] [           main] o.s.b.f.s.DefaultListableBeanFactory     : Returning cached instance of singleton bean 'autoConfigurationReport'
2024-07-20T12:50:52.815+02:00 TRACE 238666 --- [crud-springboot] [           main] o.s.b.f.s.DefaultListableBeanFactory     : Returning cached instance of singleton bean 'autoConfigurationReport'
2024-07-20T12:50:52.816+02:00 TRACE 238666 --- [crud-springboot] [           main] o.s.b.f.s.DefaultListableBeanFactory     : Returning cached instance of singleton bean 'autoConfigurationReport'
2024-07-20T12:50:52.821+02:00 TRACE 238666 --- [crud-springboot] [           main] o.s.b.a.condition.OnPropertyCondition    : Condition OnPropertyCondition on org.springframework.boot.autoconfigure.admin.SpringApplicationAdminJmxAutoConfiguration did not match due to @ConditionalOnProperty (spring.application.admin.enabled=true) did not find property 'enabled'
2024-07-20T12:50:52.821+02:00 TRACE 238666 --- [crud-springboot] [           main] o.s.b.f.s.DefaultListableBeanFactory     : Returning cached instance of singleton bean 'autoConfigurationReport'
2024-07-20T12:50:52.821+02:00 TRACE 238666 --- [crud-springboot] [           main] o.s.b.f.s.DefaultListableBeanFactory     : Returning cached instance of singleton bean 'autoConfigurationReport'
2024-07-20T12:50:52.821+02:00 TRACE 238666 --- [crud-springboot] [           main] o.s.b.f.s.DefaultListableBeanFactory     : Returning cached instance of singleton bean 'autoConfigurationReport'
2024-07-20T12:50:52.821+02:00 TRACE 238666 --- [crud-springboot] [           main] o.s.b.f.s.DefaultListableBeanFactory     : Returning cached instance of singleton bean 'autoConfigurationReport'
2024-07-20T12:50:52.822+02:00 TRACE 238666 --- [crud-springboot] [           main] o.s.b.f.s.DefaultListableBeanFactory     : Returning cached instance of singleton bean 'autoConfigurationReport'
2024-07-20T12:50:52.822+02:00 TRACE 238666 --- [crud-springboot] [           main] o.s.b.f.s.DefaultListableBeanFactory     : Returning cached instance of singleton bean 'autoConfigurationReport'
2024-07-20T12:50:52.822+02:00 TRACE 238666 --- [crud-springboot] [           main] o.s.b.f.s.DefaultListableBeanFactory     : Returning cached instance of singleton bean 'autoConfigurationReport'
2024-07-20T12:50:52.823+02:00 TRACE 238666 --- [crud-springboot] [           main] o.s.b.a.condition.OnPropertyCondition    : Condition OnPropertyCondition on org.springframework.boot.autoconfigure.aop.AopAutoConfiguration matched due to @ConditionalOnProperty (spring.aop.auto=true) matched
2024-07-20T12:50:52.823+02:00 TRACE 238666 --- [crud-springboot] [           main] o.s.b.f.s.DefaultListableBeanFactory     : Returning cached instance of singleton bean 'autoConfigurationReport'
2024-07-20T12:50:52.824+02:00 TRACE 238666 --- [crud-springboot] [           main] o.s.b.f.s.DefaultListableBeanFactory     : Returning cached instance of singleton bean 'autoConfigurationReport'
2024-07-20T12:50:52.824+02:00 TRACE 238666 --- [crud-springboot] [           main] o.s.b.f.s.DefaultListableBeanFactory     : Returning cached instance of singleton bean 'autoConfigurationReport'
2024-07-20T12:50:52.824+02:00 TRACE 238666 --- [crud-springboot] [           main] o.s.b.f.s.DefaultListableBeanFactory     : Returning cached instance of singleton bean 'autoConfigurationReport'
2024-07-20T12:50:52.829+02:00 TRACE 238666 --- [crud-springboot] [           main] o.s.b.a.condition.OnClassCondition       : Condition OnClassCondition on org.springframework.boot.autoconfigure.aop.AopAutoConfiguration$ClassProxyingConfiguration did not match due to @ConditionalOnMissingClass found unwanted class 'org.aspectj.weaver.Advice'
2024-07-20T12:50:52.829+02:00 TRACE 238666 --- [crud-springboot] [           main] o.s.b.f.s.DefaultListableBeanFactory     : Returning cached instance of singleton bean 'autoConfigurationReport'
2024-07-20T12:50:52.830+02:00 TRACE 238666 --- [crud-springboot] [           main] o.s.b.a.condition.OnClassCondition       : Condition OnClassCondition on org.springframework.boot.autoconfigure.aop.AopAutoConfiguration$AspectJAutoProxyingConfiguration matched due to @ConditionalOnClass found required class 'org.aspectj.weaver.Advice'
2024-07-20T12:50:52.830+02:00 TRACE 238666 --- [crud-springboot] [           main] o.s.b.f.s.DefaultListableBeanFactory     : Returning cached instance of singleton bean 'autoConfigurationReport'
2024-07-20T12:50:52.830+02:00 TRACE 238666 --- [crud-springboot] [           main] o.s.b.f.s.DefaultListableBeanFactory     : Returning cached instance of singleton bean 'autoConfigurationReport'
2024-07-20T12:50:52.831+02:00 TRACE 238666 --- [crud-springboot] [           main] o.s.b.f.s.DefaultListableBeanFactory     : Returning cached instance of singleton bean 'autoConfigurationReport'
2024-07-20T12:50:52.831+02:00 TRACE 238666 --- [crud-springboot] [           main] o.s.b.f.s.DefaultListableBeanFactory     : Returning cached instance of singleton bean 'autoConfigurationReport'
2024-07-20T12:50:52.834+02:00 TRACE 238666 --- [crud-springboot] [           main] o.s.b.a.condition.OnPropertyCondition    : Condition OnPropertyCondition on org.springframework.boot.autoconfigure.aop.AopAutoConfiguration$AspectJAutoProxyingConfiguration$CglibAutoProxyConfiguration matched due to @ConditionalOnProperty (spring.aop.proxy-target-class=true) matched
2024-07-20T12:50:52.835+02:00 TRACE 238666 --- [crud-springboot] [           main] o.s.b.f.s.DefaultListableBeanFactory     : Returning cached instance of singleton bean 'autoConfigurationReport'
2024-07-20T12:50:52.835+02:00 TRACE 238666 --- [crud-springboot] [           main] o.s.b.f.s.DefaultListableBeanFactory     : Returning cached instance of singleton bean 'autoConfigurationReport'
2024-07-20T12:50:52.835+02:00 TRACE 238666 --- [crud-springboot] [           main] o.s.b.f.s.DefaultListableBeanFactory     : Returning cached instance of singleton bean 'autoConfigurationReport'
2024-07-20T12:50:52.835+02:00 TRACE 238666 --- [crud-springboot] [           main] o.s.b.f.s.DefaultListableBeanFactory     : Returning cached instance of singleton bean 'autoConfigurationReport'
2024-07-20T12:50:52.841+02:00 TRACE 238666 --- [crud-springboot] [           main] o.s.b.a.condition.OnPropertyCondition    : Condition OnPropertyCondition on org.springframework.boot.autoconfigure.aop.AopAutoConfiguration$AspectJAutoProxyingConfiguration$JdkDynamicAutoProxyConfiguration did not match due to @ConditionalOnProperty (spring.aop.proxy-target-class=false) did not find property 'proxy-target-class'
2024-07-20T12:50:52.841+02:00 TRACE 238666 --- [crud-springboot] [           main] o.s.b.f.s.DefaultListableBeanFactory     : Returning cached instance of singleton bean 'autoConfigurationReport'
2024-07-20T12:50:52.843+02:00 TRACE 238666 --- [crud-springboot] [           main] o.s.b.f.s.DefaultListableBeanFactory     : Returning cached instance of singleton bean 'autoConfigurationReport'
2024-07-20T12:50:52.843+02:00 TRACE 238666 --- [crud-springboot] [           main] o.s.b.f.s.DefaultListableBeanFactory     : Returning cached instance of singleton bean 'autoConfigurationReport'
2024-07-20T12:50:52.843+02:00 TRACE 238666 --- [crud-springboot] [           main] o.s.b.f.s.DefaultListableBeanFactory     : Returning cached instance of singleton bean 'autoConfigurationReport'
2024-07-20T12:50:52.843+02:00 TRACE 238666 --- [crud-springboot] [           main] o.s.b.f.s.DefaultListableBeanFactory     : Returning cached instance of singleton bean 'autoConfigurationReport'
2024-07-20T12:50:52.844+02:00 TRACE 238666 --- [crud-springboot] [           main] o.s.b.f.s.DefaultListableBeanFactory     : Returning cached instance of singleton bean 'autoConfigurationReport'
2024-07-20T12:50:52.844+02:00 TRACE 238666 --- [crud-springboot] [           main] o.s.b.f.s.DefaultListableBeanFactory     : Returning cached instance of singleton bean 'autoConfigurationReport'
2024-07-20T12:50:52.845+02:00 TRACE 238666 --- [crud-springboot] [           main] o.s.b.f.s.DefaultListableBeanFactory     : Returning cached instance of singleton bean 'autoConfigurationReport'
2024-07-20T12:50:52.845+02:00 TRACE 238666 --- [crud-springboot] [           main] o.s.b.f.s.DefaultListableBeanFactory     : Returning cached instance of singleton bean 'autoConfigurationReport'
2024-07-20T12:50:52.845+02:00 TRACE 238666 --- [crud-springboot] [           main] o.s.b.f.s.DefaultListableBeanFactory     : Returning cached instance of singleton bean 'autoConfigurationReport'
2024-07-20T12:50:52.846+02:00 TRACE 238666 --- [crud-springboot] [           main] o.s.b.f.s.DefaultListableBeanFactory     : Returning cached instance of singleton bean 'autoConfigurationReport'
2024-07-20T12:50:52.846+02:00 TRACE 238666 --- [crud-springboot] [           main] o.s.b.f.s.DefaultListableBeanFactory     : Returning cached instance of singleton bean 'autoConfigurationReport'
2024-07-20T12:50:52.847+02:00 TRACE 238666 --- [crud-springboot] [           main] o.s.b.f.s.DefaultListableBeanFactory     : Returning cached instance of singleton bean 'autoConfigurationReport'
2024-07-20T12:50:52.847+02:00 TRACE 238666 --- [crud-springboot] [           main] o.s.b.f.s.DefaultListableBeanFactory     : Returning cached instance of singleton bean 'autoConfigurationReport'
2024-07-20T12:50:52.847+02:00 TRACE 238666 --- [crud-springboot] [           main] o.s.b.f.s.DefaultListableBeanFactory     : Returning cached instance of singleton bean 'autoConfigurationReport'
2024-07-20T12:50:52.847+02:00 TRACE 238666 --- [crud-springboot] [           main] o.s.b.f.s.DefaultListableBeanFactory     : Returning cached instance of singleton bean 'autoConfigurationReport'
2024-07-20T12:50:52.849+02:00 TRACE 238666 --- [crud-springboot] [           main] o.s.b.a.condition.OnClassCondition       : Condition OnClassCondition on org.springframework.boot.autoconfigure.jdbc.JndiDataSourceAutoConfiguration matched due to @ConditionalOnClass found required classes 'javax.sql.DataSource', 'org.springframework.jdbc.datasource.embedded.EmbeddedDatabaseType'
2024-07-20T12:50:52.849+02:00 TRACE 238666 --- [crud-springboot] [           main] o.s.b.f.s.DefaultListableBeanFactory     : Returning cached instance of singleton bean 'autoConfigurationReport'
2024-07-20T12:50:52.850+02:00 TRACE 238666 --- [crud-springboot] [           main] o.s.b.a.condition.OnPropertyCondition    : Condition OnPropertyCondition on org.springframework.boot.autoconfigure.jdbc.JndiDataSourceAutoConfiguration did not match due to @ConditionalOnProperty (spring.datasource.jndi-name) did not find property 'jndi-name'
2024-07-20T12:50:52.850+02:00 TRACE 238666 --- [crud-springboot] [           main] o.s.b.f.s.DefaultListableBeanFactory     : Returning cached instance of singleton bean 'autoConfigurationReport'
2024-07-20T12:50:52.850+02:00 TRACE 238666 --- [crud-springboot] [           main] o.s.b.f.s.DefaultListableBeanFactory     : Returning cached instance of singleton bean 'autoConfigurationReport'
2024-07-20T12:50:52.850+02:00 TRACE 238666 --- [crud-springboot] [           main] o.s.b.f.s.DefaultListableBeanFactory     : Returning cached instance of singleton bean 'autoConfigurationReport'
2024-07-20T12:50:52.850+02:00 TRACE 238666 --- [crud-springboot] [           main] o.s.b.f.s.DefaultListableBeanFactory     : Returning cached instance of singleton bean 'autoConfigurationReport'
2024-07-20T12:50:52.851+02:00 TRACE 238666 --- [crud-springboot] [           main] o.s.b.f.s.DefaultListableBeanFactory     : Returning cached instance of singleton bean 'autoConfigurationReport'
2024-07-20T12:50:52.851+02:00 TRACE 238666 --- [crud-springboot] [           main] o.s.b.f.s.DefaultListableBeanFactory     : Returning cached instance of singleton bean 'autoConfigurationReport'
2024-07-20T12:50:52.851+02:00 TRACE 238666 --- [crud-springboot] [           main] o.s.b.f.s.DefaultListableBeanFactory     : Returning cached instance of singleton bean 'autoConfigurationReport'
2024-07-20T12:50:52.854+02:00 TRACE 238666 --- [crud-springboot] [           main] o.s.b.a.condition.OnClassCondition       : Condition OnClassCondition on org.springframework.boot.autoconfigure.transaction.jta.JtaAutoConfiguration matched due to @ConditionalOnClass found required class 'jakarta.transaction.Transaction'
2024-07-20T12:50:52.854+02:00 TRACE 238666 --- [crud-springboot] [           main] o.s.b.f.s.DefaultListableBeanFactory     : Returning cached instance of singleton bean 'autoConfigurationReport'
2024-07-20T12:50:52.855+02:00 TRACE 238666 --- [crud-springboot] [           main] o.s.b.a.condition.OnPropertyCondition    : Condition OnPropertyCondition on org.springframework.boot.autoconfigure.transaction.jta.JtaAutoConfiguration matched due to @ConditionalOnProperty (spring.jta.enabled) matched
2024-07-20T12:50:52.855+02:00 TRACE 238666 --- [crud-springboot] [           main] o.s.b.f.s.DefaultListableBeanFactory     : Returning cached instance of singleton bean 'autoConfigurationReport'
2024-07-20T12:50:52.855+02:00 TRACE 238666 --- [crud-springboot] [           main] o.s.b.f.s.DefaultListableBeanFactory     : Returning cached instance of singleton bean 'autoConfigurationReport'
2024-07-20T12:50:52.855+02:00 TRACE 238666 --- [crud-springboot] [           main] o.s.b.f.s.DefaultListableBeanFactory     : Returning cached instance of singleton bean 'autoConfigurationReport'
2024-07-20T12:50:52.855+02:00 TRACE 238666 --- [crud-springboot] [           main] o.s.b.f.s.DefaultListableBeanFactory     : Returning cached instance of singleton bean 'autoConfigurationReport'
2024-07-20T12:50:52.863+02:00 TRACE 238666 --- [crud-springboot] [           main] o.s.b.a.condition.OnClassCondition       : Condition OnClassCondition on org.springframework.boot.autoconfigure.transaction.jta.JndiJtaConfiguration matched due to @ConditionalOnClass found required class 'org.springframework.transaction.jta.JtaTransactionManager'
2024-07-20T12:50:52.864+02:00 TRACE 238666 --- [crud-springboot] [           main] o.s.b.f.s.DefaultListableBeanFactory     : Returning cached instance of singleton bean 'autoConfigurationReport'
2024-07-20T12:50:52.864+02:00 TRACE 238666 --- [crud-springboot] [           main] o.s.b.a.condition.OnJndiCondition        : Condition OnJndiCondition on org.springframework.boot.autoconfigure.transaction.jta.JndiJtaConfiguration did not match due to @ConditionalOnJndi JNDI environment is not available
2024-07-20T12:50:52.865+02:00 TRACE 238666 --- [crud-springboot] [           main] o.s.b.f.s.DefaultListableBeanFactory     : Returning cached instance of singleton bean 'autoConfigurationReport'
2024-07-20T12:50:52.865+02:00 TRACE 238666 --- [crud-springboot] [           main] o.s.b.f.s.DefaultListableBeanFactory     : Returning cached instance of singleton bean 'autoConfigurationReport'
2024-07-20T12:50:52.865+02:00 TRACE 238666 --- [crud-springboot] [           main] o.s.b.f.s.DefaultListableBeanFactory     : Returning cached instance of singleton bean 'autoConfigurationReport'
2024-07-20T12:50:52.865+02:00 TRACE 238666 --- [crud-springboot] [           main] o.s.b.f.s.DefaultListableBeanFactory     : Returning cached instance of singleton bean 'autoConfigurationReport'
2024-07-20T12:50:52.865+02:00 TRACE 238666 --- [crud-springboot] [           main] o.s.b.f.s.DefaultListableBeanFactory     : Returning cached instance of singleton bean 'autoConfigurationReport'
2024-07-20T12:50:52.865+02:00 TRACE 238666 --- [crud-springboot] [           main] o.s.b.f.s.DefaultListableBeanFactory     : Returning cached instance of singleton bean 'autoConfigurationReport'
2024-07-20T12:50:52.865+02:00 TRACE 238666 --- [crud-springboot] [           main] o.s.b.f.s.DefaultListableBeanFactory     : Returning cached instance of singleton bean 'autoConfigurationReport'
2024-07-20T12:50:52.867+02:00 TRACE 238666 --- [crud-springboot] [           main] o.s.b.a.condition.OnClassCondition       : Condition OnClassCondition on org.springframework.boot.autoconfigure.jdbc.XADataSourceAutoConfiguration matched due to @ConditionalOnClass found required classes 'javax.sql.DataSource', 'jakarta.transaction.TransactionManager', 'org.springframework.jdbc.datasource.embedded.EmbeddedDatabaseType'
2024-07-20T12:50:52.868+02:00 TRACE 238666 --- [crud-springboot] [           main] o.s.b.f.s.DefaultListableBeanFactory     : Returning cached instance of singleton bean 'autoConfigurationReport'
2024-07-20T12:50:52.868+02:00 TRACE 238666 --- [crud-springboot] [           main] o.s.b.f.s.DefaultListableBeanFactory     : Returning cached instance of singleton bean 'autoConfigurationReport'
2024-07-20T12:50:52.868+02:00 TRACE 238666 --- [crud-springboot] [           main] o.s.b.f.s.DefaultListableBeanFactory     : Returning cached instance of singleton bean 'autoConfigurationReport'
2024-07-20T12:50:52.868+02:00 TRACE 238666 --- [crud-springboot] [           main] o.s.b.f.s.DefaultListableBeanFactory     : Returning cached instance of singleton bean 'autoConfigurationReport'
2024-07-20T12:50:52.870+02:00 TRACE 238666 --- [crud-springboot] [           main] o.s.b.f.s.DefaultListableBeanFactory     : Returning cached instance of singleton bean 'autoConfigurationReport'
2024-07-20T12:50:52.871+02:00 TRACE 238666 --- [crud-springboot] [           main] o.s.b.f.s.DefaultListableBeanFactory     : Returning cached instance of singleton bean 'autoConfigurationReport'
2024-07-20T12:50:52.871+02:00 TRACE 238666 --- [crud-springboot] [           main] o.s.b.f.s.DefaultListableBeanFactory     : Returning cached instance of singleton bean 'autoConfigurationReport'
2024-07-20T12:50:52.871+02:00 TRACE 238666 --- [crud-springboot] [           main] o.s.b.f.s.DefaultListableBeanFactory     : Returning cached instance of singleton bean 'autoConfigurationReport'
2024-07-20T12:50:52.871+02:00 TRACE 238666 --- [crud-springboot] [           main] o.s.b.f.s.DefaultListableBeanFactory     : Returning cached instance of singleton bean 'autoConfigurationReport'
2024-07-20T12:50:52.871+02:00 TRACE 238666 --- [crud-springboot] [           main] o.s.b.f.s.DefaultListableBeanFactory     : Returning cached instance of singleton bean 'autoConfigurationReport'
2024-07-20T12:50:52.873+02:00 TRACE 238666 --- [crud-springboot] [           main] o.s.b.a.condition.OnClassCondition       : Condition OnClassCondition on org.springframework.boot.autoconfigure.jdbc.DataSourceAutoConfiguration matched due to @ConditionalOnClass found required classes 'javax.sql.DataSource', 'org.springframework.jdbc.datasource.embedded.EmbeddedDatabaseType'
2024-07-20T12:50:52.874+02:00 TRACE 238666 --- [crud-springboot] [           main] o.s.b.f.s.DefaultListableBeanFactory     : Returning cached instance of singleton bean 'autoConfigurationReport'
2024-07-20T12:50:52.874+02:00 TRACE 238666 --- [crud-springboot] [           main] o.s.b.f.s.DefaultListableBeanFactory     : Returning cached instance of singleton bean 'autoConfigurationReport'
2024-07-20T12:50:52.874+02:00 TRACE 238666 --- [crud-springboot] [           main] o.s.b.f.s.DefaultListableBeanFactory     : Returning cached instance of singleton bean 'autoConfigurationReport'
2024-07-20T12:50:52.874+02:00 TRACE 238666 --- [crud-springboot] [           main] o.s.b.f.s.DefaultListableBeanFactory     : Returning cached instance of singleton bean 'autoConfigurationReport'
2024-07-20T12:50:52.913+02:00 TRACE 238666 --- [crud-springboot] [           main] oConfiguration$PooledDataSourceCondition : Condition DataSourceAutoConfiguration.PooledDataSourceCondition on org.springframework.boot.autoconfigure.jdbc.DataSourceAutoConfiguration$PooledDataSourceConfiguration matched due to AnyNestedCondition 1 matched 1 did not; NestedCondition on DataSourceAutoConfiguration.PooledDataSourceCondition.PooledDataSourceAvailable PooledDataSource found supported DataSource; NestedCondition on DataSourceAutoConfiguration.PooledDataSourceCondition.ExplicitType @ConditionalOnProperty (spring.datasource.type) did not find property 'type'
2024-07-20T12:50:52.913+02:00 TRACE 238666 --- [crud-springboot] [           main] o.s.b.f.s.DefaultListableBeanFactory     : Returning cached instance of singleton bean 'autoConfigurationReport'
2024-07-20T12:50:52.913+02:00 TRACE 238666 --- [crud-springboot] [           main] o.s.b.f.s.DefaultListableBeanFactory     : Returning cached instance of singleton bean 'autoConfigurationReport'
2024-07-20T12:50:52.913+02:00 TRACE 238666 --- [crud-springboot] [           main] o.s.b.f.s.DefaultListableBeanFactory     : Returning cached instance of singleton bean 'autoConfigurationReport'
2024-07-20T12:50:52.913+02:00 TRACE 238666 --- [crud-springboot] [           main] o.s.b.f.s.DefaultListableBeanFactory     : Returning cached instance of singleton bean 'autoConfigurationReport'
2024-07-20T12:50:52.919+02:00 TRACE 238666 --- [crud-springboot] [           main] o.s.b.a.condition.OnClassCondition       : Condition OnClassCondition on org.springframework.boot.autoconfigure.jdbc.DataSourceConfiguration$Hikari matched due to @ConditionalOnClass found required class 'com.zaxxer.hikari.HikariDataSource'
2024-07-20T12:50:52.919+02:00 TRACE 238666 --- [crud-springboot] [           main] o.s.b.f.s.DefaultListableBeanFactory     : Returning cached instance of singleton bean 'autoConfigurationReport'
2024-07-20T12:50:52.920+02:00 TRACE 238666 --- [crud-springboot] [           main] o.s.b.a.condition.OnPropertyCondition    : Condition OnPropertyCondition on org.springframework.boot.autoconfigure.jdbc.DataSourceConfiguration$Hikari matched due to @ConditionalOnProperty (spring.datasource.type=com.zaxxer.hikari.HikariDataSource) matched
2024-07-20T12:50:52.920+02:00 TRACE 238666 --- [crud-springboot] [           main] o.s.b.f.s.DefaultListableBeanFactory     : Returning cached instance of singleton bean 'autoConfigurationReport'
2024-07-20T12:50:52.921+02:00 TRACE 238666 --- [crud-springboot] [           main] o.s.b.f.s.DefaultListableBeanFactory     : Returning cached instance of singleton bean 'autoConfigurationReport'
2024-07-20T12:50:52.921+02:00 TRACE 238666 --- [crud-springboot] [           main] o.s.b.f.s.DefaultListableBeanFactory     : Returning cached instance of singleton bean 'autoConfigurationReport'
2024-07-20T12:50:52.921+02:00 TRACE 238666 --- [crud-springboot] [           main] o.s.b.f.s.DefaultListableBeanFactory     : Returning cached instance of singleton bean 'autoConfigurationReport'
2024-07-20T12:50:52.922+02:00 TRACE 238666 --- [crud-springboot] [           main] o.s.b.a.condition.OnClassCondition       : Condition OnClassCondition on org.springframework.boot.autoconfigure.jdbc.DataSourceConfiguration$Tomcat did not match due to @ConditionalOnClass did not find required class 'org.apache.tomcat.jdbc.pool.DataSource'
2024-07-20T12:50:52.922+02:00 TRACE 238666 --- [crud-springboot] [           main] o.s.b.f.s.DefaultListableBeanFactory     : Returning cached instance of singleton bean 'autoConfigurationReport'
2024-07-20T12:50:52.923+02:00 TRACE 238666 --- [crud-springboot] [           main] o.s.b.a.condition.OnClassCondition       : Condition OnClassCondition on org.springframework.boot.autoconfigure.jdbc.DataSourceConfiguration$Dbcp2 did not match due to @ConditionalOnClass did not find required class 'org.apache.commons.dbcp2.BasicDataSource'
2024-07-20T12:50:52.923+02:00 TRACE 238666 --- [crud-springboot] [           main] o.s.b.f.s.DefaultListableBeanFactory     : Returning cached instance of singleton bean 'autoConfigurationReport'
2024-07-20T12:50:52.925+02:00 TRACE 238666 --- [crud-springboot] [           main] o.s.b.a.condition.OnClassCondition       : Condition OnClassCondition on org.springframework.boot.autoconfigure.jdbc.DataSourceConfiguration$OracleUcp did not match due to @ConditionalOnClass did not find required classes 'oracle.ucp.jdbc.PoolDataSourceImpl', 'oracle.jdbc.OracleConnection'
2024-07-20T12:50:52.925+02:00 TRACE 238666 --- [crud-springboot] [           main] o.s.b.f.s.DefaultListableBeanFactory     : Returning cached instance of singleton bean 'autoConfigurationReport'
2024-07-20T12:50:52.926+02:00 TRACE 238666 --- [crud-springboot] [           main] o.s.b.a.condition.OnPropertyCondition    : Condition OnPropertyCondition on org.springframework.boot.autoconfigure.jdbc.DataSourceConfiguration$Generic did not match due to @ConditionalOnProperty (spring.datasource.type) did not find property 'spring.datasource.type'
2024-07-20T12:50:52.926+02:00 TRACE 238666 --- [crud-springboot] [           main] o.s.b.f.s.DefaultListableBeanFactory     : Returning cached instance of singleton bean 'autoConfigurationReport'
2024-07-20T12:50:52.927+02:00 TRACE 238666 --- [crud-springboot] [           main] o.s.b.a.condition.OnPropertyCondition    : Condition OnPropertyCondition on org.springframework.boot.autoconfigure.jdbc.DataSourceJmxConfiguration did not match due to @ConditionalOnProperty (spring.jmx.enabled=true) found different value in property 'enabled'
2024-07-20T12:50:52.927+02:00 TRACE 238666 --- [crud-springboot] [           main] o.s.b.f.s.DefaultListableBeanFactory     : Returning cached instance of singleton bean 'autoConfigurationReport'
2024-07-20T12:50:52.929+02:00 TRACE 238666 --- [crud-springboot] [           main] oConfiguration$EmbeddedDatabaseCondition : Condition DataSourceAutoConfiguration.EmbeddedDatabaseCondition on org.springframework.boot.autoconfigure.jdbc.DataSourceAutoConfiguration$EmbeddedDatabaseConfiguration did not match due to EmbeddedDataSource spring.datasource.url is set
2024-07-20T12:50:52.929+02:00 TRACE 238666 --- [crud-springboot] [           main] o.s.b.f.s.DefaultListableBeanFactory     : Returning cached instance of singleton bean 'autoConfigurationReport'
2024-07-20T12:50:52.932+02:00 TRACE 238666 --- [crud-springboot] [           main] o.s.b.f.s.DefaultListableBeanFactory     : Returning cached instance of singleton bean 'autoConfigurationReport'
2024-07-20T12:50:52.933+02:00 TRACE 238666 --- [crud-springboot] [           main] o.s.b.f.s.DefaultListableBeanFactory     : Returning cached instance of singleton bean 'autoConfigurationReport'
2024-07-20T12:50:52.933+02:00 TRACE 238666 --- [crud-springboot] [           main] o.s.b.f.s.DefaultListableBeanFactory     : Returning cached instance of singleton bean 'autoConfigurationReport'
2024-07-20T12:50:52.937+02:00 TRACE 238666 --- [crud-springboot] [           main] o.s.b.a.condition.OnClassCondition       : Condition OnClassCondition on org.springframework.boot.autoconfigure.jdbc.metadata.DataSourcePoolMetadataProvidersConfiguration$OracleUcpPoolDataSourceMetadataProviderConfiguration did not match due to @ConditionalOnClass did not find required classes 'oracle.ucp.jdbc.PoolDataSource', 'oracle.jdbc.OracleConnection'
2024-07-20T12:50:52.937+02:00 TRACE 238666 --- [crud-springboot] [           main] o.s.b.f.s.DefaultListableBeanFactory     : Returning cached instance of singleton bean 'autoConfigurationReport'
2024-07-20T12:50:52.938+02:00 TRACE 238666 --- [crud-springboot] [           main] o.s.b.a.condition.OnClassCondition       : Condition OnClassCondition on org.springframework.boot.autoconfigure.jdbc.metadata.DataSourcePoolMetadataProvidersConfiguration$CommonsDbcp2PoolDataSourceMetadataProviderConfiguration did not match due to @ConditionalOnClass did not find required class 'org.apache.commons.dbcp2.BasicDataSource'
2024-07-20T12:50:52.938+02:00 TRACE 238666 --- [crud-springboot] [           main] o.s.b.f.s.DefaultListableBeanFactory     : Returning cached instance of singleton bean 'autoConfigurationReport'
2024-07-20T12:50:52.939+02:00 TRACE 238666 --- [crud-springboot] [           main] o.s.b.a.condition.OnClassCondition       : Condition OnClassCondition on org.springframework.boot.autoconfigure.jdbc.metadata.DataSourcePoolMetadataProvidersConfiguration$HikariPoolDataSourceMetadataProviderConfiguration matched due to @ConditionalOnClass found required class 'com.zaxxer.hikari.HikariDataSource'
2024-07-20T12:50:52.939+02:00 TRACE 238666 --- [crud-springboot] [           main] o.s.b.f.s.DefaultListableBeanFactory     : Returning cached instance of singleton bean 'autoConfigurationReport'
2024-07-20T12:50:52.939+02:00 TRACE 238666 --- [crud-springboot] [           main] o.s.b.f.s.DefaultListableBeanFactory     : Returning cached instance of singleton bean 'autoConfigurationReport'
2024-07-20T12:50:52.939+02:00 TRACE 238666 --- [crud-springboot] [           main] o.s.b.f.s.DefaultListableBeanFactory     : Returning cached instance of singleton bean 'autoConfigurationReport'
2024-07-20T12:50:52.939+02:00 TRACE 238666 --- [crud-springboot] [           main] o.s.b.f.s.DefaultListableBeanFactory     : Returning cached instance of singleton bean 'autoConfigurationReport'
2024-07-20T12:50:52.940+02:00 TRACE 238666 --- [crud-springboot] [           main] o.s.b.a.condition.OnClassCondition       : Condition OnClassCondition on org.springframework.boot.autoconfigure.jdbc.metadata.DataSourcePoolMetadataProvidersConfiguration$TomcatDataSourcePoolMetadataProviderConfiguration did not match due to @ConditionalOnClass did not find required class 'org.apache.tomcat.jdbc.pool.DataSource'
2024-07-20T12:50:52.940+02:00 TRACE 238666 --- [crud-springboot] [           main] o.s.b.f.s.DefaultListableBeanFactory     : Returning cached instance of singleton bean 'autoConfigurationReport'
2024-07-20T12:50:52.941+02:00 TRACE 238666 --- [crud-springboot] [           main] o.s.b.a.condition.OnClassCondition       : Condition OnClassCondition on org.springframework.boot.autoconfigure.jdbc.DataSourceCheckpointRestoreConfiguration did not match due to @ConditionalOnClass did not find required class 'org.crac.Resource'
2024-07-20T12:50:52.941+02:00 TRACE 238666 --- [crud-springboot] [           main] o.s.b.f.s.DefaultListableBeanFactory     : Returning cached instance of singleton bean 'autoConfigurationReport'
2024-07-20T12:50:52.941+02:00 TRACE 238666 --- [crud-springboot] [           main] o.s.b.f.s.DefaultListableBeanFactory     : Returning cached instance of singleton bean 'autoConfigurationReport'
2024-07-20T12:50:52.941+02:00 TRACE 238666 --- [crud-springboot] [           main] o.s.b.f.s.DefaultListableBeanFactory     : Returning cached instance of singleton bean 'autoConfigurationReport'
2024-07-20T12:50:52.941+02:00 TRACE 238666 --- [crud-springboot] [           main] o.s.b.f.s.DefaultListableBeanFactory     : Returning cached instance of singleton bean 'autoConfigurationReport'
2024-07-20T12:50:52.941+02:00 TRACE 238666 --- [crud-springboot] [           main] o.s.b.f.s.DefaultListableBeanFactory     : Returning cached instance of singleton bean 'autoConfigurationReport'
2024-07-20T12:50:52.942+02:00 TRACE 238666 --- [crud-springboot] [           main] o.s.b.f.s.DefaultListableBeanFactory     : Returning cached instance of singleton bean 'autoConfigurationReport'
2024-07-20T12:50:52.942+02:00 TRACE 238666 --- [crud-springboot] [           main] o.s.b.f.s.DefaultListableBeanFactory     : Returning cached instance of singleton bean 'autoConfigurationReport'
2024-07-20T12:50:52.943+02:00 TRACE 238666 --- [crud-springboot] [           main] o.s.b.a.condition.OnClassCondition       : Condition OnClassCondition on org.springframework.boot.autoconfigure.transaction.TransactionManagerCustomizationAutoConfiguration matched due to @ConditionalOnClass found required class 'org.springframework.transaction.PlatformTransactionManager'
2024-07-20T12:50:52.943+02:00 TRACE 238666 --- [crud-springboot] [           main] o.s.b.f.s.DefaultListableBeanFactory     : Returning cached instance of singleton bean 'autoConfigurationReport'
2024-07-20T12:50:52.943+02:00 TRACE 238666 --- [crud-springboot] [           main] o.s.b.f.s.DefaultListableBeanFactory     : Returning cached instance of singleton bean 'autoConfigurationReport'
2024-07-20T12:50:52.943+02:00 TRACE 238666 --- [crud-springboot] [           main] o.s.b.f.s.DefaultListableBeanFactory     : Returning cached instance of singleton bean 'autoConfigurationReport'
2024-07-20T12:50:52.943+02:00 TRACE 238666 --- [crud-springboot] [           main] o.s.b.f.s.DefaultListableBeanFactory     : Returning cached instance of singleton bean 'autoConfigurationReport'
2024-07-20T12:50:52.944+02:00 TRACE 238666 --- [crud-springboot] [           main] o.s.b.f.s.DefaultListableBeanFactory     : Returning cached instance of singleton bean 'autoConfigurationReport'
2024-07-20T12:50:52.944+02:00 TRACE 238666 --- [crud-springboot] [           main] o.s.b.f.s.DefaultListableBeanFactory     : Returning cached instance of singleton bean 'autoConfigurationReport'
2024-07-20T12:50:52.944+02:00 TRACE 238666 --- [crud-springboot] [           main] o.s.b.f.s.DefaultListableBeanFactory     : Returning cached instance of singleton bean 'autoConfigurationReport'
2024-07-20T12:50:52.944+02:00 TRACE 238666 --- [crud-springboot] [           main] o.s.b.f.s.DefaultListableBeanFactory     : Returning cached instance of singleton bean 'autoConfigurationReport'
2024-07-20T12:50:52.944+02:00 TRACE 238666 --- [crud-springboot] [           main] o.s.b.f.s.DefaultListableBeanFactory     : Returning cached instance of singleton bean 'autoConfigurationReport'
2024-07-20T12:50:52.944+02:00 TRACE 238666 --- [crud-springboot] [           main] o.s.b.f.s.DefaultListableBeanFactory     : Returning cached instance of singleton bean 'autoConfigurationReport'
2024-07-20T12:50:52.945+02:00 TRACE 238666 --- [crud-springboot] [           main] o.s.b.a.condition.OnClassCondition       : Condition OnClassCondition on org.springframework.boot.autoconfigure.orm.jpa.HibernateJpaAutoConfiguration matched due to @ConditionalOnClass found required classes 'org.springframework.orm.jpa.LocalContainerEntityManagerFactoryBean', 'jakarta.persistence.EntityManager', 'org.hibernate.engine.spi.SessionImplementor'
2024-07-20T12:50:52.945+02:00 TRACE 238666 --- [crud-springboot] [           main] o.s.b.f.s.DefaultListableBeanFactory     : Returning cached instance of singleton bean 'autoConfigurationReport'
2024-07-20T12:50:52.945+02:00 TRACE 238666 --- [crud-springboot] [           main] o.s.b.f.s.DefaultListableBeanFactory     : Returning cached instance of singleton bean 'autoConfigurationReport'
2024-07-20T12:50:52.945+02:00 TRACE 238666 --- [crud-springboot] [           main] o.s.b.f.s.DefaultListableBeanFactory     : Returning cached instance of singleton bean 'autoConfigurationReport'
2024-07-20T12:50:52.946+02:00 TRACE 238666 --- [crud-springboot] [           main] o.s.b.f.s.DefaultListableBeanFactory     : Returning cached instance of singleton bean 'autoConfigurationReport'
2024-07-20T12:50:52.948+02:00 TRACE 238666 --- [crud-springboot] [           main] o.s.b.f.s.DefaultListableBeanFactory     : Returning cached instance of singleton bean 'autoConfigurationReport'
2024-07-20T12:50:52.948+02:00 TRACE 238666 --- [crud-springboot] [           main] o.s.b.f.s.DefaultListableBeanFactory     : Returning cached instance of singleton bean 'autoConfigurationReport'
2024-07-20T12:50:52.948+02:00 TRACE 238666 --- [crud-springboot] [           main] o.s.b.f.s.DefaultListableBeanFactory     : Returning cached instance of singleton bean 'autoConfigurationReport'
2024-07-20T12:50:52.954+02:00 TRACE 238666 --- [crud-springboot] [           main] o.s.b.a.condition.OnClassCondition       : Condition OnClassCondition on org.springframework.boot.autoconfigure.orm.jpa.JpaBaseConfiguration$JpaWebConfiguration matched due to @ConditionalOnClass found required class 'org.springframework.web.servlet.config.annotation.WebMvcConfigurer'
2024-07-20T12:50:52.954+02:00 TRACE 238666 --- [crud-springboot] [           main] o.s.b.f.s.DefaultListableBeanFactory     : Returning cached instance of singleton bean 'autoConfigurationReport'
2024-07-20T12:50:52.954+02:00 TRACE 238666 --- [crud-springboot] [           main] o.s.b.a.c.OnWebApplicationCondition      : Condition OnWebApplicationCondition on org.springframework.boot.autoconfigure.orm.jpa.JpaBaseConfiguration$JpaWebConfiguration matched due to found 'session' scope
2024-07-20T12:50:52.954+02:00 TRACE 238666 --- [crud-springboot] [           main] o.s.b.f.s.DefaultListableBeanFactory     : Returning cached instance of singleton bean 'autoConfigurationReport'
2024-07-20T12:50:52.955+02:00 TRACE 238666 --- [crud-springboot] [           main] o.s.b.a.condition.OnPropertyCondition    : Condition OnPropertyCondition on org.springframework.boot.autoconfigure.orm.jpa.JpaBaseConfiguration$JpaWebConfiguration matched due to @ConditionalOnProperty (spring.jpa.open-in-view=true) matched
2024-07-20T12:50:52.955+02:00 TRACE 238666 --- [crud-springboot] [           main] o.s.b.f.s.DefaultListableBeanFactory     : Returning cached instance of singleton bean 'autoConfigurationReport'
2024-07-20T12:50:52.955+02:00 TRACE 238666 --- [crud-springboot] [           main] o.s.b.f.s.DefaultListableBeanFactory     : Returning cached instance of singleton bean 'autoConfigurationReport'
2024-07-20T12:50:52.955+02:00 TRACE 238666 --- [crud-springboot] [           main] o.s.b.f.s.DefaultListableBeanFactory     : Returning cached instance of singleton bean 'autoConfigurationReport'
2024-07-20T12:50:52.955+02:00 TRACE 238666 --- [crud-springboot] [           main] o.s.b.f.s.DefaultListableBeanFactory     : Returning cached instance of singleton bean 'autoConfigurationReport'
2024-07-20T12:50:52.957+02:00 TRACE 238666 --- [crud-springboot] [           main] o.s.b.f.s.DefaultListableBeanFactory     : Returning cached instance of singleton bean 'autoConfigurationReport'
2024-07-20T12:50:52.957+02:00 TRACE 238666 --- [crud-springboot] [           main] o.s.b.f.s.DefaultListableBeanFactory     : Returning cached instance of singleton bean 'autoConfigurationReport'
2024-07-20T12:50:52.957+02:00 TRACE 238666 --- [crud-springboot] [           main] o.s.b.f.s.DefaultListableBeanFactory     : Returning cached instance of singleton bean 'autoConfigurationReport'
2024-07-20T12:50:52.958+02:00 TRACE 238666 --- [crud-springboot] [           main] o.s.b.f.s.DefaultListableBeanFactory     : Returning cached instance of singleton bean 'autoConfigurationReport'
2024-07-20T12:50:52.958+02:00 TRACE 238666 --- [crud-springboot] [           main] o.s.b.f.s.DefaultListableBeanFactory     : Returning cached instance of singleton bean 'autoConfigurationReport'
2024-07-20T12:50:52.958+02:00 TRACE 238666 --- [crud-springboot] [           main] o.s.b.f.s.DefaultListableBeanFactory     : Returning cached instance of singleton bean 'autoConfigurationReport'
2024-07-20T12:50:52.958+02:00 TRACE 238666 --- [crud-springboot] [           main] o.s.b.f.s.DefaultListableBeanFactory     : Returning cached instance of singleton bean 'autoConfigurationReport'
2024-07-20T12:50:52.958+02:00 TRACE 238666 --- [crud-springboot] [           main] o.s.b.f.s.DefaultListableBeanFactory     : Returning cached instance of singleton bean 'autoConfigurationReport'
2024-07-20T12:50:52.958+02:00 TRACE 238666 --- [crud-springboot] [           main] o.s.b.f.s.DefaultListableBeanFactory     : Returning cached instance of singleton bean 'autoConfigurationReport'
2024-07-20T12:50:52.959+02:00 TRACE 238666 --- [crud-springboot] [           main] o.s.b.a.condition.OnClassCondition       : Condition OnClassCondition on org.springframework.boot.autoconfigure.jackson.JacksonAutoConfiguration matched due to @ConditionalOnClass found required class 'com.fasterxml.jackson.databind.ObjectMapper'
2024-07-20T12:50:52.959+02:00 TRACE 238666 --- [crud-springboot] [           main] o.s.b.f.s.DefaultListableBeanFactory     : Returning cached instance of singleton bean 'autoConfigurationReport'
2024-07-20T12:50:52.959+02:00 TRACE 238666 --- [crud-springboot] [           main] o.s.b.f.s.DefaultListableBeanFactory     : Returning cached instance of singleton bean 'autoConfigurationReport'
2024-07-20T12:50:52.960+02:00 TRACE 238666 --- [crud-springboot] [           main] o.s.b.f.s.DefaultListableBeanFactory     : Returning cached instance of singleton bean 'autoConfigurationReport'
2024-07-20T12:50:52.960+02:00 TRACE 238666 --- [crud-springboot] [           main] o.s.b.f.s.DefaultListableBeanFactory     : Returning cached instance of singleton bean 'autoConfigurationReport'
2024-07-20T12:50:52.963+02:00 TRACE 238666 --- [crud-springboot] [           main] o.s.b.a.condition.OnClassCondition       : Condition OnClassCondition on org.springframework.boot.autoconfigure.jackson.JacksonAutoConfiguration$Jackson2ObjectMapperBuilderCustomizerConfiguration matched due to @ConditionalOnClass found required class 'org.springframework.http.converter.json.Jackson2ObjectMapperBuilder'
2024-07-20T12:50:52.963+02:00 TRACE 238666 --- [crud-springboot] [           main] o.s.b.f.s.DefaultListableBeanFactory     : Returning cached instance of singleton bean 'autoConfigurationReport'
2024-07-20T12:50:52.963+02:00 TRACE 238666 --- [crud-springboot] [           main] o.s.b.f.s.DefaultListableBeanFactory     : Returning cached instance of singleton bean 'autoConfigurationReport'
2024-07-20T12:50:52.964+02:00 TRACE 238666 --- [crud-springboot] [           main] o.s.b.f.s.DefaultListableBeanFactory     : Returning cached instance of singleton bean 'autoConfigurationReport'
2024-07-20T12:50:52.964+02:00 TRACE 238666 --- [crud-springboot] [           main] o.s.b.f.s.DefaultListableBeanFactory     : Returning cached instance of singleton bean 'autoConfigurationReport'
2024-07-20T12:50:52.966+02:00 TRACE 238666 --- [crud-springboot] [           main] o.s.b.a.condition.OnClassCondition       : Condition OnClassCondition on org.springframework.boot.autoconfigure.jackson.JacksonAutoConfiguration$JacksonObjectMapperBuilderConfiguration matched due to @ConditionalOnClass found required class 'org.springframework.http.converter.json.Jackson2ObjectMapperBuilder'
2024-07-20T12:50:52.966+02:00 TRACE 238666 --- [crud-springboot] [           main] o.s.b.f.s.DefaultListableBeanFactory     : Returning cached instance of singleton bean 'autoConfigurationReport'
2024-07-20T12:50:52.967+02:00 TRACE 238666 --- [crud-springboot] [           main] o.s.b.f.s.DefaultListableBeanFactory     : Returning cached instance of singleton bean 'autoConfigurationReport'
2024-07-20T12:50:52.967+02:00 TRACE 238666 --- [crud-springboot] [           main] o.s.b.f.s.DefaultListableBeanFactory     : Returning cached instance of singleton bean 'autoConfigurationReport'
2024-07-20T12:50:52.967+02:00 TRACE 238666 --- [crud-springboot] [           main] o.s.b.f.s.DefaultListableBeanFactory     : Returning cached instance of singleton bean 'autoConfigurationReport'
2024-07-20T12:50:52.970+02:00 TRACE 238666 --- [crud-springboot] [           main] o.s.b.a.condition.OnClassCondition       : Condition OnClassCondition on org.springframework.boot.autoconfigure.jackson.JacksonAutoConfiguration$ParameterNamesModuleConfiguration matched due to @ConditionalOnClass found required class 'com.fasterxml.jackson.module.paramnames.ParameterNamesModule'
2024-07-20T12:50:52.970+02:00 TRACE 238666 --- [crud-springboot] [           main] o.s.b.f.s.DefaultListableBeanFactory     : Returning cached instance of singleton bean 'autoConfigurationReport'
2024-07-20T12:50:52.971+02:00 TRACE 238666 --- [crud-springboot] [           main] o.s.b.f.s.DefaultListableBeanFactory     : Returning cached instance of singleton bean 'autoConfigurationReport'
2024-07-20T12:50:52.971+02:00 TRACE 238666 --- [crud-springboot] [           main] o.s.b.f.s.DefaultListableBeanFactory     : Returning cached instance of singleton bean 'autoConfigurationReport'
2024-07-20T12:50:52.971+02:00 TRACE 238666 --- [crud-springboot] [           main] o.s.b.f.s.DefaultListableBeanFactory     : Returning cached instance of singleton bean 'autoConfigurationReport'
2024-07-20T12:50:52.972+02:00 TRACE 238666 --- [crud-springboot] [           main] o.s.b.a.condition.OnClassCondition       : Condition OnClassCondition on org.springframework.boot.autoconfigure.jackson.JacksonAutoConfiguration$JacksonObjectMapperConfiguration matched due to @ConditionalOnClass found required class 'org.springframework.http.converter.json.Jackson2ObjectMapperBuilder'
2024-07-20T12:50:52.972+02:00 TRACE 238666 --- [crud-springboot] [           main] o.s.b.f.s.DefaultListableBeanFactory     : Returning cached instance of singleton bean 'autoConfigurationReport'
2024-07-20T12:50:52.972+02:00 TRACE 238666 --- [crud-springboot] [           main] o.s.b.f.s.DefaultListableBeanFactory     : Returning cached instance of singleton bean 'autoConfigurationReport'
2024-07-20T12:50:52.972+02:00 TRACE 238666 --- [crud-springboot] [           main] o.s.b.f.s.DefaultListableBeanFactory     : Returning cached instance of singleton bean 'autoConfigurationReport'
2024-07-20T12:50:52.972+02:00 TRACE 238666 --- [crud-springboot] [           main] o.s.b.f.s.DefaultListableBeanFactory     : Returning cached instance of singleton bean 'autoConfigurationReport'
2024-07-20T12:50:52.972+02:00 TRACE 238666 --- [crud-springboot] [           main] o.s.b.f.s.DefaultListableBeanFactory     : Returning cached instance of singleton bean 'autoConfigurationReport'
2024-07-20T12:50:52.972+02:00 TRACE 238666 --- [crud-springboot] [           main] o.s.b.f.s.DefaultListableBeanFactory     : Returning cached instance of singleton bean 'autoConfigurationReport'
2024-07-20T12:50:52.973+02:00 TRACE 238666 --- [crud-springboot] [           main] o.s.b.f.s.DefaultListableBeanFactory     : Returning cached instance of singleton bean 'autoConfigurationReport'
2024-07-20T12:50:52.974+02:00 TRACE 238666 --- [crud-springboot] [           main] o.s.b.f.s.DefaultListableBeanFactory     : Returning cached instance of singleton bean 'autoConfigurationReport'
2024-07-20T12:50:52.974+02:00 TRACE 238666 --- [crud-springboot] [           main] o.s.b.f.s.DefaultListableBeanFactory     : Returning cached instance of singleton bean 'autoConfigurationReport'
2024-07-20T12:50:52.974+02:00 TRACE 238666 --- [crud-springboot] [           main] o.s.b.f.s.DefaultListableBeanFactory     : Returning cached instance of singleton bean 'autoConfigurationReport'
2024-07-20T12:50:52.974+02:00 TRACE 238666 --- [crud-springboot] [           main] o.s.b.f.s.DefaultListableBeanFactory     : Returning cached instance of singleton bean 'autoConfigurationReport'
2024-07-20T12:50:52.974+02:00 TRACE 238666 --- [crud-springboot] [           main] o.s.b.f.s.DefaultListableBeanFactory     : Returning cached instance of singleton bean 'autoConfigurationReport'
2024-07-20T12:50:52.975+02:00 TRACE 238666 --- [crud-springboot] [           main] o.s.b.f.s.DefaultListableBeanFactory     : Returning cached instance of singleton bean 'autoConfigurationReport'
2024-07-20T12:50:52.977+02:00 TRACE 238666 --- [crud-springboot] [           main] o.s.b.a.condition.OnClassCondition       : Condition OnClassCondition on org.springframework.boot.autoconfigure.cache.CacheAutoConfiguration matched due to @ConditionalOnClass found required class 'org.springframework.cache.CacheManager'
2024-07-20T12:50:52.977+02:00 TRACE 238666 --- [crud-springboot] [           main] o.s.b.f.s.DefaultListableBeanFactory     : Returning cached instance of singleton bean 'autoConfigurationReport'
2024-07-20T12:50:52.977+02:00 TRACE 238666 --- [crud-springboot] [           main] o.s.b.f.s.DefaultListableBeanFactory     : Returning cached instance of singleton bean 'autoConfigurationReport'
2024-07-20T12:50:52.977+02:00 TRACE 238666 --- [crud-springboot] [           main] o.s.b.f.s.DefaultListableBeanFactory     : Returning cached instance of singleton bean 'autoConfigurationReport'
2024-07-20T12:50:52.977+02:00 TRACE 238666 --- [crud-springboot] [           main] o.s.b.f.s.DefaultListableBeanFactory     : Returning cached instance of singleton bean 'autoConfigurationReport'
2024-07-20T12:50:52.984+02:00 TRACE 238666 --- [crud-springboot] [           main] o.s.b.f.s.DefaultListableBeanFactory     : Returning cached instance of singleton bean 'autoConfigurationReport'
2024-07-20T12:50:52.985+02:00 TRACE 238666 --- [crud-springboot] [           main] o.s.b.f.s.DefaultListableBeanFactory     : Returning cached instance of singleton bean 'autoConfigurationReport'
2024-07-20T12:50:52.986+02:00 TRACE 238666 --- [crud-springboot] [           main] o.s.b.f.s.DefaultListableBeanFactory     : Returning cached instance of singleton bean 'autoConfigurationReport'
2024-07-20T12:50:52.988+02:00 TRACE 238666 --- [crud-springboot] [           main] o.s.b.f.s.DefaultListableBeanFactory     : Returning cached instance of singleton bean 'autoConfigurationReport'
2024-07-20T12:50:52.988+02:00 TRACE 238666 --- [crud-springboot] [           main] o.s.b.a.condition.OnClassCondition       : Condition OnClassCondition on org.springframework.boot.autoconfigure.cache.JCacheCacheConfiguration did not match due to @ConditionalOnClass did not find required class 'javax.cache.Caching'
2024-07-20T12:50:52.988+02:00 TRACE 238666 --- [crud-springboot] [           main] o.s.b.f.s.DefaultListableBeanFactory     : Returning cached instance of singleton bean 'autoConfigurationReport'
2024-07-20T12:50:52.989+02:00 TRACE 238666 --- [crud-springboot] [           main] o.s.b.f.s.DefaultListableBeanFactory     : Returning cached instance of singleton bean 'autoConfigurationReport'
2024-07-20T12:50:52.989+02:00 TRACE 238666 --- [crud-springboot] [           main] o.s.b.a.AutoConfigurationImportSelector  : Filtered 1 auto configuration class in 1 ms
2024-07-20T12:50:52.989+02:00 TRACE 238666 --- [crud-springboot] [           main] o.s.b.f.s.DefaultListableBeanFactory     : Returning cached instance of singleton bean 'autoConfigurationReport'
2024-07-20T12:50:52.989+02:00 TRACE 238666 --- [crud-springboot] [           main] o.s.b.a.condition.OnClassCondition       : Condition OnClassCondition on org.springframework.boot.autoconfigure.cache.HazelcastCacheConfiguration did not match due to @ConditionalOnClass did not find required class 'com.hazelcast.core.HazelcastInstance'
2024-07-20T12:50:52.989+02:00 TRACE 238666 --- [crud-springboot] [           main] o.s.b.f.s.DefaultListableBeanFactory     : Returning cached instance of singleton bean 'autoConfigurationReport'
2024-07-20T12:50:52.990+02:00 TRACE 238666 --- [crud-springboot] [           main] o.s.b.f.s.DefaultListableBeanFactory     : Returning cached instance of singleton bean 'autoConfigurationReport'
2024-07-20T12:50:52.990+02:00 TRACE 238666 --- [crud-springboot] [           main] o.s.b.a.AutoConfigurationImportSelector  : Filtered 1 auto configuration class in 0 ms
2024-07-20T12:50:52.990+02:00 TRACE 238666 --- [crud-springboot] [           main] o.s.b.f.s.DefaultListableBeanFactory     : Returning cached instance of singleton bean 'autoConfigurationReport'
2024-07-20T12:50:52.990+02:00 TRACE 238666 --- [crud-springboot] [           main] o.s.b.a.condition.OnClassCondition       : Condition OnClassCondition on org.springframework.boot.autoconfigure.cache.CouchbaseCacheConfiguration did not match due to @ConditionalOnClass did not find required class 'com.couchbase.client.java.Cluster'
2024-07-20T12:50:52.990+02:00 TRACE 238666 --- [crud-springboot] [           main] o.s.b.f.s.DefaultListableBeanFactory     : Returning cached instance of singleton bean 'autoConfigurationReport'
2024-07-20T12:50:52.990+02:00 TRACE 238666 --- [crud-springboot] [           main] o.s.b.f.s.DefaultListableBeanFactory     : Returning cached instance of singleton bean 'autoConfigurationReport'
2024-07-20T12:50:52.990+02:00 TRACE 238666 --- [crud-springboot] [           main] o.s.b.a.AutoConfigurationImportSelector  : Filtered 1 auto configuration class in 0 ms
2024-07-20T12:50:52.990+02:00 TRACE 238666 --- [crud-springboot] [           main] o.s.b.f.s.DefaultListableBeanFactory     : Returning cached instance of singleton bean 'autoConfigurationReport'
2024-07-20T12:50:52.991+02:00 TRACE 238666 --- [crud-springboot] [           main] o.s.b.a.condition.OnClassCondition       : Condition OnClassCondition on org.springframework.boot.autoconfigure.cache.InfinispanCacheConfiguration did not match due to @ConditionalOnClass did not find required class 'org.infinispan.spring.embedded.provider.SpringEmbeddedCacheManager'
2024-07-20T12:50:52.991+02:00 TRACE 238666 --- [crud-springboot] [           main] o.s.b.f.s.DefaultListableBeanFactory     : Returning cached instance of singleton bean 'autoConfigurationReport'
2024-07-20T12:50:52.991+02:00 TRACE 238666 --- [crud-springboot] [           main] o.s.b.f.s.DefaultListableBeanFactory     : Returning cached instance of singleton bean 'autoConfigurationReport'
2024-07-20T12:50:52.991+02:00 TRACE 238666 --- [crud-springboot] [           main] o.s.b.a.AutoConfigurationImportSelector  : Filtered 1 auto configuration class in 0 ms
2024-07-20T12:50:52.991+02:00 TRACE 238666 --- [crud-springboot] [           main] o.s.b.f.s.DefaultListableBeanFactory     : Returning cached instance of singleton bean 'autoConfigurationReport'
2024-07-20T12:50:52.991+02:00 TRACE 238666 --- [crud-springboot] [           main] o.s.b.a.condition.OnClassCondition       : Condition OnClassCondition on org.springframework.boot.autoconfigure.cache.RedisCacheConfiguration did not match due to @ConditionalOnClass did not find required class 'org.springframework.data.redis.connection.RedisConnectionFactory'
2024-07-20T12:50:52.991+02:00 TRACE 238666 --- [crud-springboot] [           main] o.s.b.f.s.DefaultListableBeanFactory     : Returning cached instance of singleton bean 'autoConfigurationReport'
2024-07-20T12:50:52.992+02:00 TRACE 238666 --- [crud-springboot] [           main] o.s.b.f.s.DefaultListableBeanFactory     : Returning cached instance of singleton bean 'autoConfigurationReport'
2024-07-20T12:50:52.992+02:00 TRACE 238666 --- [crud-springboot] [           main] o.s.b.a.AutoConfigurationImportSelector  : Filtered 1 auto configuration class in 0 ms
2024-07-20T12:50:52.992+02:00 TRACE 238666 --- [crud-springboot] [           main] o.s.b.f.s.DefaultListableBeanFactory     : Returning cached instance of singleton bean 'autoConfigurationReport'
2024-07-20T12:50:52.992+02:00 TRACE 238666 --- [crud-springboot] [           main] o.s.b.a.condition.OnClassCondition       : Condition OnClassCondition on org.springframework.boot.autoconfigure.cache.Cache2kCacheConfiguration did not match due to @ConditionalOnClass did not find required class 'org.cache2k.Cache2kBuilder'
2024-07-20T12:50:52.992+02:00 TRACE 238666 --- [crud-springboot] [           main] o.s.b.f.s.DefaultListableBeanFactory     : Returning cached instance of singleton bean 'autoConfigurationReport'
2024-07-20T12:50:52.992+02:00 TRACE 238666 --- [crud-springboot] [           main] o.s.b.f.s.DefaultListableBeanFactory     : Returning cached instance of singleton bean 'autoConfigurationReport'
2024-07-20T12:50:52.992+02:00 TRACE 238666 --- [crud-springboot] [           main] o.s.b.a.AutoConfigurationImportSelector  : Filtered 1 auto configuration class in 0 ms
2024-07-20T12:50:52.992+02:00 TRACE 238666 --- [crud-springboot] [           main] o.s.b.f.s.DefaultListableBeanFactory     : Returning cached instance of singleton bean 'autoConfigurationReport'
2024-07-20T12:50:52.993+02:00 TRACE 238666 --- [crud-springboot] [           main] o.s.b.a.condition.OnClassCondition       : Condition OnClassCondition on org.springframework.boot.autoconfigure.cache.CaffeineCacheConfiguration did not match due to @ConditionalOnClass did not find required class 'com.github.benmanes.caffeine.cache.Caffeine'
2024-07-20T12:50:52.993+02:00 TRACE 238666 --- [crud-springboot] [           main] o.s.b.f.s.DefaultListableBeanFactory     : Returning cached instance of singleton bean 'autoConfigurationReport'
2024-07-20T12:50:52.993+02:00 TRACE 238666 --- [crud-springboot] [           main] o.s.b.f.s.DefaultListableBeanFactory     : Returning cached instance of singleton bean 'autoConfigurationReport'
2024-07-20T12:50:52.993+02:00 TRACE 238666 --- [crud-springboot] [           main] o.s.b.a.AutoConfigurationImportSelector  : Filtered 1 auto configuration class in 0 ms
2024-07-20T12:50:52.993+02:00 TRACE 238666 --- [crud-springboot] [           main] o.s.b.f.s.DefaultListableBeanFactory     : Returning cached instance of singleton bean 'autoConfigurationReport'
2024-07-20T12:50:52.993+02:00 TRACE 238666 --- [crud-springboot] [           main] o.s.b.f.s.DefaultListableBeanFactory     : Returning cached instance of singleton bean 'autoConfigurationReport'
2024-07-20T12:50:52.993+02:00 TRACE 238666 --- [crud-springboot] [           main] o.s.b.f.s.DefaultListableBeanFactory     : Returning cached instance of singleton bean 'autoConfigurationReport'
2024-07-20T12:50:52.994+02:00 TRACE 238666 --- [crud-springboot] [           main] o.s.b.f.s.DefaultListableBeanFactory     : Returning cached instance of singleton bean 'autoConfigurationReport'
2024-07-20T12:50:52.994+02:00 TRACE 238666 --- [crud-springboot] [           main] o.s.b.f.s.DefaultListableBeanFactory     : Returning cached instance of singleton bean 'autoConfigurationReport'
2024-07-20T12:50:52.994+02:00 TRACE 238666 --- [crud-springboot] [           main] o.s.b.f.s.DefaultListableBeanFactory     : Returning cached instance of singleton bean 'autoConfigurationReport'
2024-07-20T12:50:52.996+02:00 TRACE 238666 --- [crud-springboot] [           main] o.s.b.a.cache.CacheCondition             : Condition CacheCondition on org.springframework.boot.autoconfigure.cache.GenericCacheConfiguration matched due to Cache org.springframework.boot.autoconfigure.cache.GenericCacheConfiguration automatic cache type
2024-07-20T12:50:52.996+02:00 TRACE 238666 --- [crud-springboot] [           main] o.s.b.f.s.DefaultListableBeanFactory     : Returning cached instance of singleton bean 'autoConfigurationReport'
2024-07-20T12:50:52.997+02:00 TRACE 238666 --- [crud-springboot] [           main] o.s.b.f.s.DefaultListableBeanFactory     : Returning cached instance of singleton bean 'autoConfigurationReport'
2024-07-20T12:50:52.997+02:00 TRACE 238666 --- [crud-springboot] [           main] o.s.b.f.s.DefaultListableBeanFactory     : Returning cached instance of singleton bean 'autoConfigurationReport'
2024-07-20T12:50:52.997+02:00 TRACE 238666 --- [crud-springboot] [           main] o.s.b.f.s.DefaultListableBeanFactory     : Returning cached instance of singleton bean 'autoConfigurationReport'
2024-07-20T12:50:52.997+02:00 TRACE 238666 --- [crud-springboot] [           main] o.s.b.f.s.DefaultListableBeanFactory     : Returning cached instance of singleton bean 'autoConfigurationReport'
2024-07-20T12:50:52.997+02:00 TRACE 238666 --- [crud-springboot] [           main] o.s.b.f.s.DefaultListableBeanFactory     : Returning cached instance of singleton bean 'autoConfigurationReport'
2024-07-20T12:50:52.997+02:00 TRACE 238666 --- [crud-springboot] [           main] o.s.b.f.s.DefaultListableBeanFactory     : Returning cached instance of singleton bean 'autoConfigurationReport'
2024-07-20T12:50:52.999+02:00 TRACE 238666 --- [crud-springboot] [           main] o.s.b.a.cache.CacheCondition             : Condition CacheCondition on org.springframework.boot.autoconfigure.cache.SimpleCacheConfiguration matched due to Cache org.springframework.boot.autoconfigure.cache.SimpleCacheConfiguration automatic cache type
2024-07-20T12:50:52.999+02:00 TRACE 238666 --- [crud-springboot] [           main] o.s.b.f.s.DefaultListableBeanFactory     : Returning cached instance of singleton bean 'autoConfigurationReport'
2024-07-20T12:50:52.999+02:00 TRACE 238666 --- [crud-springboot] [           main] o.s.b.f.s.DefaultListableBeanFactory     : Returning cached instance of singleton bean 'autoConfigurationReport'
2024-07-20T12:50:52.999+02:00 TRACE 238666 --- [crud-springboot] [           main] o.s.b.f.s.DefaultListableBeanFactory     : Returning cached instance of singleton bean 'autoConfigurationReport'
2024-07-20T12:50:52.999+02:00 TRACE 238666 --- [crud-springboot] [           main] o.s.b.f.s.DefaultListableBeanFactory     : Returning cached instance of singleton bean 'autoConfigurationReport'
2024-07-20T12:50:53.000+02:00 TRACE 238666 --- [crud-springboot] [           main] o.s.b.a.cache.CacheCondition             : Condition CacheCondition on org.springframework.boot.autoconfigure.cache.NoOpCacheConfiguration matched due to Cache org.springframework.boot.autoconfigure.cache.NoOpCacheConfiguration automatic cache type
2024-07-20T12:50:53.001+02:00 TRACE 238666 --- [crud-springboot] [           main] o.s.b.f.s.DefaultListableBeanFactory     : Returning cached instance of singleton bean 'autoConfigurationReport'
2024-07-20T12:50:53.001+02:00 TRACE 238666 --- [crud-springboot] [           main] o.s.b.f.s.DefaultListableBeanFactory     : Returning cached instance of singleton bean 'autoConfigurationReport'
2024-07-20T12:50:53.001+02:00 TRACE 238666 --- [crud-springboot] [           main] o.s.b.f.s.DefaultListableBeanFactory     : Returning cached instance of singleton bean 'autoConfigurationReport'
2024-07-20T12:50:53.001+02:00 TRACE 238666 --- [crud-springboot] [           main] o.s.b.f.s.DefaultListableBeanFactory     : Returning cached instance of singleton bean 'autoConfigurationReport'
2024-07-20T12:50:53.006+02:00 TRACE 238666 --- [crud-springboot] [           main] o.s.b.a.condition.OnClassCondition       : Condition OnClassCondition on org.springframework.boot.autoconfigure.cache.CacheAutoConfiguration$CacheManagerEntityManagerFactoryDependsOnPostProcessor matched due to @ConditionalOnClass found required class 'org.springframework.orm.jpa.LocalContainerEntityManagerFactoryBean'
2024-07-20T12:50:53.006+02:00 TRACE 238666 --- [crud-springboot] [           main] o.s.b.f.s.DefaultListableBeanFactory     : Returning cached instance of singleton bean 'autoConfigurationReport'
2024-07-20T12:50:53.006+02:00 TRACE 238666 --- [crud-springboot] [           main] o.s.b.f.s.DefaultListableBeanFactory     : Returning cached instance of singleton bean 'autoConfigurationReport'
2024-07-20T12:50:53.006+02:00 TRACE 238666 --- [crud-springboot] [           main] o.s.b.f.s.DefaultListableBeanFactory     : Returning cached instance of singleton bean 'autoConfigurationReport'
2024-07-20T12:50:53.006+02:00 TRACE 238666 --- [crud-springboot] [           main] o.s.b.f.s.DefaultListableBeanFactory     : Returning cached instance of singleton bean 'autoConfigurationReport'
2024-07-20T12:50:53.007+02:00 TRACE 238666 --- [crud-springboot] [           main] o.s.b.f.s.DefaultListableBeanFactory     : Returning cached instance of singleton bean 'autoConfigurationReport'
2024-07-20T12:50:53.007+02:00 TRACE 238666 --- [crud-springboot] [           main] o.s.b.f.s.DefaultListableBeanFactory     : Returning cached instance of singleton bean 'autoConfigurationReport'
2024-07-20T12:50:53.007+02:00 TRACE 238666 --- [crud-springboot] [           main] o.s.b.f.s.DefaultListableBeanFactory     : Returning cached instance of singleton bean 'autoConfigurationReport'
2024-07-20T12:50:53.007+02:00 TRACE 238666 --- [crud-springboot] [           main] o.s.b.f.s.DefaultListableBeanFactory     : Returning cached instance of singleton bean 'autoConfigurationReport'
2024-07-20T12:50:53.007+02:00 TRACE 238666 --- [crud-springboot] [           main] o.s.b.f.s.DefaultListableBeanFactory     : Returning cached instance of singleton bean 'autoConfigurationReport'
2024-07-20T12:50:53.007+02:00 TRACE 238666 --- [crud-springboot] [           main] o.s.b.f.s.DefaultListableBeanFactory     : Returning cached instance of singleton bean 'autoConfigurationReport'
2024-07-20T12:50:53.009+02:00 TRACE 238666 --- [crud-springboot] [           main] o.s.b.f.s.DefaultListableBeanFactory     : Returning cached instance of singleton bean 'autoConfigurationReport'
2024-07-20T12:50:53.009+02:00 TRACE 238666 --- [crud-springboot] [           main] o.s.b.f.s.DefaultListableBeanFactory     : Returning cached instance of singleton bean 'autoConfigurationReport'
2024-07-20T12:50:53.009+02:00 TRACE 238666 --- [crud-springboot] [           main] o.s.b.f.s.DefaultListableBeanFactory     : Returning cached instance of singleton bean 'autoConfigurationReport'
2024-07-20T12:50:53.010+02:00 TRACE 238666 --- [crud-springboot] [           main] o.s.b.f.s.DefaultListableBeanFactory     : Returning cached instance of singleton bean 'autoConfigurationReport'
2024-07-20T12:50:53.010+02:00 TRACE 238666 --- [crud-springboot] [           main] o.s.b.f.s.DefaultListableBeanFactory     : Returning cached instance of singleton bean 'autoConfigurationReport'
2024-07-20T12:50:53.010+02:00 TRACE 238666 --- [crud-springboot] [           main] o.s.b.f.s.DefaultListableBeanFactory     : Returning cached instance of singleton bean 'autoConfigurationReport'
2024-07-20T12:50:53.010+02:00 TRACE 238666 --- [crud-springboot] [           main] o.s.b.f.s.DefaultListableBeanFactory     : Returning cached instance of singleton bean 'autoConfigurationReport'
2024-07-20T12:50:53.010+02:00 TRACE 238666 --- [crud-springboot] [           main] o.s.b.f.s.DefaultListableBeanFactory     : Returning cached instance of singleton bean 'autoConfigurationReport'
2024-07-20T12:50:53.010+02:00 TRACE 238666 --- [crud-springboot] [           main] o.s.b.f.s.DefaultListableBeanFactory     : Returning cached instance of singleton bean 'autoConfigurationReport'
2024-07-20T12:50:53.011+02:00 TRACE 238666 --- [crud-springboot] [           main] o.s.b.f.s.DefaultListableBeanFactory     : Returning cached instance of singleton bean 'autoConfigurationReport'
2024-07-20T12:50:53.011+02:00 TRACE 238666 --- [crud-springboot] [           main] o.s.b.f.s.DefaultListableBeanFactory     : Returning cached instance of singleton bean 'autoConfigurationReport'
2024-07-20T12:50:53.011+02:00 TRACE 238666 --- [crud-springboot] [           main] o.s.b.f.s.DefaultListableBeanFactory     : Returning cached instance of singleton bean 'autoConfigurationReport'
2024-07-20T12:50:53.012+02:00 TRACE 238666 --- [crud-springboot] [           main] o.s.b.f.s.DefaultListableBeanFactory     : Returning cached instance of singleton bean 'autoConfigurationReport'
2024-07-20T12:50:53.012+02:00 TRACE 238666 --- [crud-springboot] [           main] o.s.b.f.s.DefaultListableBeanFactory     : Returning cached instance of singleton bean 'autoConfigurationReport'
2024-07-20T12:50:53.012+02:00 TRACE 238666 --- [crud-springboot] [           main] o.s.b.f.s.DefaultListableBeanFactory     : Returning cached instance of singleton bean 'autoConfigurationReport'
2024-07-20T12:50:53.012+02:00 TRACE 238666 --- [crud-springboot] [           main] o.s.b.f.s.DefaultListableBeanFactory     : Returning cached instance of singleton bean 'autoConfigurationReport'
2024-07-20T12:50:53.012+02:00 TRACE 238666 --- [crud-springboot] [           main] o.s.b.f.s.DefaultListableBeanFactory     : Returning cached instance of singleton bean 'autoConfigurationReport'
2024-07-20T12:50:53.012+02:00 TRACE 238666 --- [crud-springboot] [           main] o.s.b.f.s.DefaultListableBeanFactory     : Returning cached instance of singleton bean 'autoConfigurationReport'
2024-07-20T12:50:53.013+02:00 TRACE 238666 --- [crud-springboot] [           main] o.s.b.a.condition.OnClassCondition       : Condition OnClassCondition on org.springframework.boot.autoconfigure.dao.PersistenceExceptionTranslationAutoConfiguration matched due to @ConditionalOnClass found required class 'org.springframework.dao.annotation.PersistenceExceptionTranslationPostProcessor'
2024-07-20T12:50:53.013+02:00 TRACE 238666 --- [crud-springboot] [           main] o.s.b.f.s.DefaultListableBeanFactory     : Returning cached instance of singleton bean 'autoConfigurationReport'
2024-07-20T12:50:53.013+02:00 TRACE 238666 --- [crud-springboot] [           main] o.s.b.f.s.DefaultListableBeanFactory     : Returning cached instance of singleton bean 'autoConfigurationReport'
2024-07-20T12:50:53.013+02:00 TRACE 238666 --- [crud-springboot] [           main] o.s.b.f.s.DefaultListableBeanFactory     : Returning cached instance of singleton bean 'autoConfigurationReport'
2024-07-20T12:50:53.013+02:00 TRACE 238666 --- [crud-springboot] [           main] o.s.b.f.s.DefaultListableBeanFactory     : Returning cached instance of singleton bean 'autoConfigurationReport'
2024-07-20T12:50:53.013+02:00 TRACE 238666 --- [crud-springboot] [           main] o.s.b.f.s.DefaultListableBeanFactory     : Returning cached instance of singleton bean 'autoConfigurationReport'
2024-07-20T12:50:53.014+02:00 TRACE 238666 --- [crud-springboot] [           main] o.s.b.f.s.DefaultListableBeanFactory     : Returning cached instance of singleton bean 'autoConfigurationReport'
2024-07-20T12:50:53.014+02:00 TRACE 238666 --- [crud-springboot] [           main] o.s.b.f.s.DefaultListableBeanFactory     : Returning cached instance of singleton bean 'autoConfigurationReport'
2024-07-20T12:50:53.014+02:00 TRACE 238666 --- [crud-springboot] [           main] o.s.b.f.s.DefaultListableBeanFactory     : Returning cached instance of singleton bean 'autoConfigurationReport'
2024-07-20T12:50:53.014+02:00 TRACE 238666 --- [crud-springboot] [           main] o.s.b.f.s.DefaultListableBeanFactory     : Returning cached instance of singleton bean 'autoConfigurationReport'
2024-07-20T12:50:53.014+02:00 TRACE 238666 --- [crud-springboot] [           main] o.s.b.f.s.DefaultListableBeanFactory     : Returning cached instance of singleton bean 'autoConfigurationReport'
2024-07-20T12:50:53.015+02:00 TRACE 238666 --- [crud-springboot] [           main] o.s.b.a.condition.OnClassCondition       : Condition OnClassCondition on org.springframework.boot.autoconfigure.data.jpa.JpaRepositoriesAutoConfiguration matched due to @ConditionalOnClass found required class 'org.springframework.data.jpa.repository.JpaRepository'
2024-07-20T12:50:53.015+02:00 TRACE 238666 --- [crud-springboot] [           main] o.s.b.f.s.DefaultListableBeanFactory     : Returning cached instance of singleton bean 'autoConfigurationReport'
2024-07-20T12:50:53.015+02:00 TRACE 238666 --- [crud-springboot] [           main] o.s.b.a.condition.OnPropertyCondition    : Condition OnPropertyCondition on org.springframework.boot.autoconfigure.data.jpa.JpaRepositoriesAutoConfiguration matched due to @ConditionalOnProperty (spring.data.jpa.repositories.enabled=true) matched
2024-07-20T12:50:53.015+02:00 TRACE 238666 --- [crud-springboot] [           main] o.s.b.f.s.DefaultListableBeanFactory     : Returning cached instance of singleton bean 'autoConfigurationReport'
2024-07-20T12:50:53.015+02:00 TRACE 238666 --- [crud-springboot] [           main] o.s.b.f.s.DefaultListableBeanFactory     : Returning cached instance of singleton bean 'autoConfigurationReport'
2024-07-20T12:50:53.016+02:00 TRACE 238666 --- [crud-springboot] [           main] o.s.b.f.s.DefaultListableBeanFactory     : Returning cached instance of singleton bean 'autoConfigurationReport'
2024-07-20T12:50:53.016+02:00 TRACE 238666 --- [crud-springboot] [           main] o.s.b.f.s.DefaultListableBeanFactory     : Returning cached instance of singleton bean 'autoConfigurationReport'
2024-07-20T12:50:53.019+02:00 TRACE 238666 --- [crud-springboot] [           main] o.s.b.f.s.DefaultListableBeanFactory     : Returning cached instance of singleton bean 'autoConfigurationReport'
2024-07-20T12:50:53.019+02:00 TRACE 238666 --- [crud-springboot] [           main] o.s.b.f.s.DefaultListableBeanFactory     : Returning cached instance of singleton bean 'autoConfigurationReport'
2024-07-20T12:50:53.019+02:00 TRACE 238666 --- [crud-springboot] [           main] o.s.b.f.s.DefaultListableBeanFactory     : Returning cached instance of singleton bean 'autoConfigurationReport'
2024-07-20T12:50:53.026+02:00 TRACE 238666 --- [crud-springboot] [           main] o.s.b.f.s.DefaultListableBeanFactory     : Returning cached instance of singleton bean 'autoConfigurationReport'
2024-07-20T12:50:53.026+02:00 TRACE 238666 --- [crud-springboot] [           main] o.s.b.f.s.DefaultListableBeanFactory     : Returning cached instance of singleton bean 'autoConfigurationReport'
2024-07-20T12:50:53.026+02:00 TRACE 238666 --- [crud-springboot] [           main] o.s.b.f.s.DefaultListableBeanFactory     : Returning cached instance of singleton bean 'autoConfigurationReport'
2024-07-20T12:50:53.026+02:00 TRACE 238666 --- [crud-springboot] [           main] o.s.b.f.s.DefaultListableBeanFactory     : Returning cached instance of singleton bean 'autoConfigurationReport'
2024-07-20T12:50:53.026+02:00 TRACE 238666 --- [crud-springboot] [           main] o.s.b.f.s.DefaultListableBeanFactory     : Returning cached instance of singleton bean 'autoConfigurationReport'
2024-07-20T12:50:53.026+02:00 TRACE 238666 --- [crud-springboot] [           main] o.s.b.f.s.DefaultListableBeanFactory     : Returning cached instance of singleton bean 'autoConfigurationReport'
2024-07-20T12:50:53.029+02:00 TRACE 238666 --- [crud-springboot] [           main] o.s.b.a.condition.OnClassCondition       : Condition OnClassCondition on org.springframework.boot.autoconfigure.http.HttpMessageConvertersAutoConfiguration matched due to @ConditionalOnClass found required class 'org.springframework.http.converter.HttpMessageConverter'
2024-07-20T12:50:53.029+02:00 TRACE 238666 --- [crud-springboot] [           main] o.s.b.f.s.DefaultListableBeanFactory     : Returning cached instance of singleton bean 'autoConfigurationReport'
2024-07-20T12:50:53.030+02:00 TRACE 238666 --- [crud-springboot] [           main] ation$NotReactiveWebApplicationCondition : Condition HttpMessageConvertersAutoConfiguration.NotReactiveWebApplicationCondition on org.springframework.boot.autoconfigure.http.HttpMessageConvertersAutoConfiguration matched due to NoneNestedConditions 0 matched 1 did not; NestedCondition on HttpMessageConvertersAutoConfiguration.NotReactiveWebApplicationCondition.ReactiveWebApplication did not find reactive web application classes
2024-07-20T12:50:53.031+02:00 TRACE 238666 --- [crud-springboot] [           main] o.s.b.f.s.DefaultListableBeanFactory     : Returning cached instance of singleton bean 'autoConfigurationReport'
2024-07-20T12:50:53.031+02:00 TRACE 238666 --- [crud-springboot] [           main] o.s.b.f.s.DefaultListableBeanFactory     : Returning cached instance of singleton bean 'autoConfigurationReport'
2024-07-20T12:50:53.031+02:00 TRACE 238666 --- [crud-springboot] [           main] o.s.b.f.s.DefaultListableBeanFactory     : Returning cached instance of singleton bean 'autoConfigurationReport'
2024-07-20T12:50:53.031+02:00 TRACE 238666 --- [crud-springboot] [           main] o.s.b.f.s.DefaultListableBeanFactory     : Returning cached instance of singleton bean 'autoConfigurationReport'
2024-07-20T12:50:53.032+02:00 TRACE 238666 --- [crud-springboot] [           main] o.s.b.a.condition.OnClassCondition       : Condition OnClassCondition on org.springframework.boot.autoconfigure.http.HttpMessageConvertersAutoConfiguration$StringHttpMessageConverterConfiguration matched due to @ConditionalOnClass found required class 'org.springframework.http.converter.StringHttpMessageConverter'
2024-07-20T12:50:53.033+02:00 TRACE 238666 --- [crud-springboot] [           main] o.s.b.f.s.DefaultListableBeanFactory     : Returning cached instance of singleton bean 'autoConfigurationReport'
2024-07-20T12:50:53.033+02:00 TRACE 238666 --- [crud-springboot] [           main] o.s.b.f.s.DefaultListableBeanFactory     : Returning cached instance of singleton bean 'autoConfigurationReport'
2024-07-20T12:50:53.033+02:00 TRACE 238666 --- [crud-springboot] [           main] o.s.b.f.s.DefaultListableBeanFactory     : Returning cached instance of singleton bean 'autoConfigurationReport'
2024-07-20T12:50:53.033+02:00 TRACE 238666 --- [crud-springboot] [           main] o.s.b.f.s.DefaultListableBeanFactory     : Returning cached instance of singleton bean 'autoConfigurationReport'
2024-07-20T12:50:53.036+02:00 TRACE 238666 --- [crud-springboot] [           main] o.s.b.f.s.DefaultListableBeanFactory     : Returning cached instance of singleton bean 'autoConfigurationReport'
2024-07-20T12:50:53.036+02:00 TRACE 238666 --- [crud-springboot] [           main] o.s.b.f.s.DefaultListableBeanFactory     : Returning cached instance of singleton bean 'autoConfigurationReport'
2024-07-20T12:50:53.036+02:00 TRACE 238666 --- [crud-springboot] [           main] o.s.b.f.s.DefaultListableBeanFactory     : Returning cached instance of singleton bean 'autoConfigurationReport'
2024-07-20T12:50:53.039+02:00 TRACE 238666 --- [crud-springboot] [           main] o.s.b.a.condition.OnClassCondition       : Condition OnClassCondition on org.springframework.boot.autoconfigure.http.JacksonHttpMessageConvertersConfiguration$MappingJackson2XmlHttpMessageConverterConfiguration did not match due to @ConditionalOnClass did not find required class 'com.fasterxml.jackson.dataformat.xml.XmlMapper'
2024-07-20T12:50:53.039+02:00 TRACE 238666 --- [crud-springboot] [           main] o.s.b.f.s.DefaultListableBeanFactory     : Returning cached instance of singleton bean 'autoConfigurationReport'
2024-07-20T12:50:53.039+02:00 TRACE 238666 --- [crud-springboot] [           main] o.s.b.a.condition.OnClassCondition       : Condition OnClassCondition on org.springframework.boot.autoconfigure.http.JacksonHttpMessageConvertersConfiguration$MappingJackson2HttpMessageConverterConfiguration matched due to @ConditionalOnClass found required class 'com.fasterxml.jackson.databind.ObjectMapper'
2024-07-20T12:50:53.039+02:00 TRACE 238666 --- [crud-springboot] [           main] o.s.b.f.s.DefaultListableBeanFactory     : Returning cached instance of singleton bean 'autoConfigurationReport'
2024-07-20T12:50:53.040+02:00 TRACE 238666 --- [crud-springboot] [           main] o.s.b.a.condition.OnPropertyCondition    : Condition OnPropertyCondition on org.springframework.boot.autoconfigure.http.JacksonHttpMessageConvertersConfiguration$MappingJackson2HttpMessageConverterConfiguration matched due to @ConditionalOnProperty (spring.mvc.converters.preferred-json-mapper=jackson) matched
2024-07-20T12:50:53.040+02:00 TRACE 238666 --- [crud-springboot] [           main] o.s.b.f.s.DefaultListableBeanFactory     : Returning cached instance of singleton bean 'autoConfigurationReport'
2024-07-20T12:50:53.040+02:00 TRACE 238666 --- [crud-springboot] [           main] o.s.b.f.s.DefaultListableBeanFactory     : Returning cached instance of singleton bean 'autoConfigurationReport'
2024-07-20T12:50:53.040+02:00 TRACE 238666 --- [crud-springboot] [           main] o.s.b.f.s.DefaultListableBeanFactory     : Returning cached instance of singleton bean 'autoConfigurationReport'
2024-07-20T12:50:53.040+02:00 TRACE 238666 --- [crud-springboot] [           main] o.s.b.f.s.DefaultListableBeanFactory     : Returning cached instance of singleton bean 'autoConfigurationReport'
2024-07-20T12:50:53.041+02:00 TRACE 238666 --- [crud-springboot] [           main] o.s.b.a.condition.OnClassCondition       : Condition OnClassCondition on org.springframework.boot.autoconfigure.http.GsonHttpMessageConvertersConfiguration did not match due to @ConditionalOnClass did not find required class 'com.google.gson.Gson'
2024-07-20T12:50:53.042+02:00 TRACE 238666 --- [crud-springboot] [           main] o.s.b.f.s.DefaultListableBeanFactory     : Returning cached instance of singleton bean 'autoConfigurationReport'
2024-07-20T12:50:53.042+02:00 TRACE 238666 --- [crud-springboot] [           main] o.s.b.a.condition.OnClassCondition       : Condition OnClassCondition on org.springframework.boot.autoconfigure.http.JsonbHttpMessageConvertersConfiguration did not match due to @ConditionalOnClass did not find required class 'jakarta.json.bind.Jsonb'
2024-07-20T12:50:53.043+02:00 TRACE 238666 --- [crud-springboot] [           main] o.s.b.f.s.DefaultListableBeanFactory     : Returning cached instance of singleton bean 'autoConfigurationReport'
2024-07-20T12:50:53.043+02:00 TRACE 238666 --- [crud-springboot] [           main] o.s.b.f.s.DefaultListableBeanFactory     : Returning cached instance of singleton bean 'autoConfigurationReport'
2024-07-20T12:50:53.043+02:00 TRACE 238666 --- [crud-springboot] [           main] o.s.b.f.s.DefaultListableBeanFactory     : Returning cached instance of singleton bean 'autoConfigurationReport'
2024-07-20T12:50:53.043+02:00 TRACE 238666 --- [crud-springboot] [           main] o.s.b.f.s.DefaultListableBeanFactory     : Returning cached instance of singleton bean 'autoConfigurationReport'
2024-07-20T12:50:53.044+02:00 TRACE 238666 --- [crud-springboot] [           main] o.s.b.f.s.DefaultListableBeanFactory     : Returning cached instance of singleton bean 'autoConfigurationReport'
2024-07-20T12:50:53.044+02:00 TRACE 238666 --- [crud-springboot] [           main] o.s.b.f.s.DefaultListableBeanFactory     : Returning cached instance of singleton bean 'autoConfigurationReport'
2024-07-20T12:50:53.044+02:00 TRACE 238666 --- [crud-springboot] [           main] o.s.b.f.s.DefaultListableBeanFactory     : Returning cached instance of singleton bean 'autoConfigurationReport'
2024-07-20T12:50:53.047+02:00 TRACE 238666 --- [crud-springboot] [           main] o.s.b.a.condition.OnClassCondition       : Condition OnClassCondition on org.springframework.boot.autoconfigure.data.web.SpringDataWebAutoConfiguration matched due to @ConditionalOnClass found required classes 'org.springframework.data.web.PageableHandlerMethodArgumentResolver', 'org.springframework.web.servlet.config.annotation.WebMvcConfigurer'
2024-07-20T12:50:53.047+02:00 TRACE 238666 --- [crud-springboot] [           main] o.s.b.f.s.DefaultListableBeanFactory     : Returning cached instance of singleton bean 'autoConfigurationReport'
2024-07-20T12:50:53.047+02:00 TRACE 238666 --- [crud-springboot] [           main] o.s.b.a.c.OnWebApplicationCondition      : Condition OnWebApplicationCondition on org.springframework.boot.autoconfigure.data.web.SpringDataWebAutoConfiguration matched due to found 'session' scope
2024-07-20T12:50:53.047+02:00 TRACE 238666 --- [crud-springboot] [           main] o.s.b.f.s.DefaultListableBeanFactory     : Returning cached instance of singleton bean 'autoConfigurationReport'
2024-07-20T12:50:53.048+02:00 TRACE 238666 --- [crud-springboot] [           main] o.s.b.f.s.DefaultListableBeanFactory     : Returning cached instance of singleton bean 'autoConfigurationReport'
2024-07-20T12:50:53.048+02:00 TRACE 238666 --- [crud-springboot] [           main] o.s.b.f.s.DefaultListableBeanFactory     : Returning cached instance of singleton bean 'autoConfigurationReport'
2024-07-20T12:50:53.048+02:00 TRACE 238666 --- [crud-springboot] [           main] o.s.b.f.s.DefaultListableBeanFactory     : Returning cached instance of singleton bean 'autoConfigurationReport'
2024-07-20T12:50:53.056+02:00 TRACE 238666 --- [crud-springboot] [           main] o.s.b.f.s.DefaultListableBeanFactory     : Returning cached instance of singleton bean 'autoConfigurationReport'
2024-07-20T12:50:53.057+02:00 TRACE 238666 --- [crud-springboot] [           main] o.s.b.f.s.DefaultListableBeanFactory     : Returning cached instance of singleton bean 'autoConfigurationReport'
2024-07-20T12:50:53.057+02:00 TRACE 238666 --- [crud-springboot] [           main] o.s.b.f.s.DefaultListableBeanFactory     : Returning cached instance of singleton bean 'autoConfigurationReport'
2024-07-20T12:50:53.057+02:00 TRACE 238666 --- [crud-springboot] [           main] o.s.b.f.s.DefaultListableBeanFactory     : Returning cached instance of singleton bean 'autoConfigurationReport'
2024-07-20T12:50:53.057+02:00 TRACE 238666 --- [crud-springboot] [           main] o.s.b.f.s.DefaultListableBeanFactory     : Returning cached instance of singleton bean 'autoConfigurationReport'
2024-07-20T12:50:53.057+02:00 TRACE 238666 --- [crud-springboot] [           main] o.s.b.f.s.DefaultListableBeanFactory     : Returning cached instance of singleton bean 'autoConfigurationReport'
2024-07-20T12:50:53.058+02:00 TRACE 238666 --- [crud-springboot] [           main] o.s.b.f.s.DefaultListableBeanFactory     : Returning cached instance of singleton bean 'autoConfigurationReport'
2024-07-20T12:50:53.058+02:00 TRACE 238666 --- [crud-springboot] [           main] o.s.b.f.s.DefaultListableBeanFactory     : Returning cached instance of singleton bean 'autoConfigurationReport'
2024-07-20T12:50:53.058+02:00 TRACE 238666 --- [crud-springboot] [           main] o.s.b.f.s.DefaultListableBeanFactory     : Returning cached instance of singleton bean 'autoConfigurationReport'
2024-07-20T12:50:53.059+02:00 TRACE 238666 --- [crud-springboot] [           main] o.s.b.f.s.DefaultListableBeanFactory     : Returning cached instance of singleton bean 'autoConfigurationReport'
2024-07-20T12:50:53.059+02:00 TRACE 238666 --- [crud-springboot] [           main] o.s.b.f.s.DefaultListableBeanFactory     : Returning cached instance of singleton bean 'autoConfigurationReport'
2024-07-20T12:50:53.059+02:00 TRACE 238666 --- [crud-springboot] [           main] o.s.b.f.s.DefaultListableBeanFactory     : Returning cached instance of singleton bean 'autoConfigurationReport'
2024-07-20T12:50:53.060+02:00 TRACE 238666 --- [crud-springboot] [           main] o.s.b.f.s.DefaultListableBeanFactory     : Returning cached instance of singleton bean 'autoConfigurationReport'
2024-07-20T12:50:53.060+02:00 TRACE 238666 --- [crud-springboot] [           main] o.s.b.f.s.DefaultListableBeanFactory     : Returning cached instance of singleton bean 'autoConfigurationReport'
2024-07-20T12:50:53.060+02:00 TRACE 238666 --- [crud-springboot] [           main] o.s.b.f.s.DefaultListableBeanFactory     : Returning cached instance of singleton bean 'autoConfigurationReport'
2024-07-20T12:50:53.061+02:00 TRACE 238666 --- [crud-springboot] [           main] o.s.b.f.s.DefaultListableBeanFactory     : Returning cached instance of singleton bean 'autoConfigurationReport'
2024-07-20T12:50:53.061+02:00 TRACE 238666 --- [crud-springboot] [           main] o.s.b.f.s.DefaultListableBeanFactory     : Returning cached instance of singleton bean 'autoConfigurationReport'
2024-07-20T12:50:53.061+02:00 TRACE 238666 --- [crud-springboot] [           main] o.s.b.f.s.DefaultListableBeanFactory     : Returning cached instance of singleton bean 'autoConfigurationReport'
2024-07-20T12:50:53.062+02:00 TRACE 238666 --- [crud-springboot] [           main] o.s.b.f.s.DefaultListableBeanFactory     : Returning cached instance of singleton bean 'autoConfigurationReport'
2024-07-20T12:50:53.062+02:00 TRACE 238666 --- [crud-springboot] [           main] o.s.b.f.s.DefaultListableBeanFactory     : Returning cached instance of singleton bean 'autoConfigurationReport'
2024-07-20T12:50:53.062+02:00 TRACE 238666 --- [crud-springboot] [           main] o.s.b.f.s.DefaultListableBeanFactory     : Returning cached instance of singleton bean 'autoConfigurationReport'
2024-07-20T12:50:53.062+02:00 TRACE 238666 --- [crud-springboot] [           main] o.s.b.f.s.DefaultListableBeanFactory     : Returning cached instance of singleton bean 'autoConfigurationReport'
2024-07-20T12:50:53.062+02:00 TRACE 238666 --- [crud-springboot] [           main] o.s.b.f.s.DefaultListableBeanFactory     : Returning cached instance of singleton bean 'autoConfigurationReport'
2024-07-20T12:50:53.062+02:00 TRACE 238666 --- [crud-springboot] [           main] o.s.b.f.s.DefaultListableBeanFactory     : Returning cached instance of singleton bean 'autoConfigurationReport'
2024-07-20T12:50:53.065+02:00 TRACE 238666 --- [crud-springboot] [           main] o.s.b.f.s.DefaultListableBeanFactory     : Returning cached instance of singleton bean 'autoConfigurationReport'
2024-07-20T12:50:53.065+02:00 TRACE 238666 --- [crud-springboot] [           main] o.s.b.f.s.DefaultListableBeanFactory     : Returning cached instance of singleton bean 'autoConfigurationReport'
2024-07-20T12:50:53.065+02:00 TRACE 238666 --- [crud-springboot] [           main] o.s.b.f.s.DefaultListableBeanFactory     : Returning cached instance of singleton bean 'autoConfigurationReport'
2024-07-20T12:50:53.067+02:00 TRACE 238666 --- [crud-springboot] [           main] o.s.b.f.s.DefaultListableBeanFactory     : Returning cached instance of singleton bean 'autoConfigurationReport'
2024-07-20T12:50:53.068+02:00 TRACE 238666 --- [crud-springboot] [           main] o.s.b.f.s.DefaultListableBeanFactory     : Returning cached instance of singleton bean 'autoConfigurationReport'
2024-07-20T12:50:53.068+02:00 TRACE 238666 --- [crud-springboot] [           main] o.s.b.f.s.DefaultListableBeanFactory     : Returning cached instance of singleton bean 'autoConfigurationReport'
2024-07-20T12:50:53.068+02:00 TRACE 238666 --- [crud-springboot] [           main] o.s.b.f.s.DefaultListableBeanFactory     : Returning cached instance of singleton bean 'autoConfigurationReport'
2024-07-20T12:50:53.068+02:00 TRACE 238666 --- [crud-springboot] [           main] o.s.b.f.s.DefaultListableBeanFactory     : Returning cached instance of singleton bean 'autoConfigurationReport'
2024-07-20T12:50:53.068+02:00 TRACE 238666 --- [crud-springboot] [           main] o.s.b.f.s.DefaultListableBeanFactory     : Returning cached instance of singleton bean 'autoConfigurationReport'
2024-07-20T12:50:53.070+02:00 TRACE 238666 --- [crud-springboot] [           main] o.s.b.a.condition.OnClassCondition       : Condition OnClassCondition on org.springframework.boot.autoconfigure.jdbc.JdbcTemplateAutoConfiguration matched due to @ConditionalOnClass found required classes 'javax.sql.DataSource', 'org.springframework.jdbc.core.JdbcTemplate'
2024-07-20T12:50:53.070+02:00 TRACE 238666 --- [crud-springboot] [           main] o.s.b.f.s.DefaultListableBeanFactory     : Returning cached instance of singleton bean 'autoConfigurationReport'
2024-07-20T12:50:53.070+02:00 TRACE 238666 --- [crud-springboot] [           main] o.s.b.f.s.DefaultListableBeanFactory     : Returning cached instance of singleton bean 'autoConfigurationReport'
2024-07-20T12:50:53.070+02:00 TRACE 238666 --- [crud-springboot] [           main] o.s.b.f.s.DefaultListableBeanFactory     : Returning cached instance of singleton bean 'autoConfigurationReport'
2024-07-20T12:50:53.071+02:00 TRACE 238666 --- [crud-springboot] [           main] o.s.b.f.s.DefaultListableBeanFactory     : Returning cached instance of singleton bean 'autoConfigurationReport'
2024-07-20T12:50:53.073+02:00 TRACE 238666 --- [crud-springboot] [           main] o.s.b.f.s.DefaultListableBeanFactory     : Returning cached instance of singleton bean 'autoConfigurationReport'
2024-07-20T12:50:53.073+02:00 TRACE 238666 --- [crud-springboot] [           main] o.s.b.f.s.DefaultListableBeanFactory     : Returning cached instance of singleton bean 'autoConfigurationReport'
2024-07-20T12:50:53.073+02:00 TRACE 238666 --- [crud-springboot] [           main] o.s.b.f.s.DefaultListableBeanFactory     : Returning cached instance of singleton bean 'autoConfigurationReport'
2024-07-20T12:50:53.074+02:00 TRACE 238666 --- [crud-springboot] [           main] o.s.b.f.s.DefaultListableBeanFactory     : Returning cached instance of singleton bean 'autoConfigurationReport'
2024-07-20T12:50:53.074+02:00 TRACE 238666 --- [crud-springboot] [           main] o.s.b.f.s.DefaultListableBeanFactory     : Returning cached instance of singleton bean 'autoConfigurationReport'
2024-07-20T12:50:53.074+02:00 TRACE 238666 --- [crud-springboot] [           main] o.s.b.f.s.DefaultListableBeanFactory     : Returning cached instance of singleton bean 'autoConfigurationReport'
2024-07-20T12:50:53.074+02:00 TRACE 238666 --- [crud-springboot] [           main] o.s.b.f.s.DefaultListableBeanFactory     : Returning cached instance of singleton bean 'autoConfigurationReport'
2024-07-20T12:50:53.074+02:00 TRACE 238666 --- [crud-springboot] [           main] o.s.b.f.s.DefaultListableBeanFactory     : Returning cached instance of singleton bean 'autoConfigurationReport'
2024-07-20T12:50:53.074+02:00 TRACE 238666 --- [crud-springboot] [           main] o.s.b.f.s.DefaultListableBeanFactory     : Returning cached instance of singleton bean 'autoConfigurationReport'
2024-07-20T12:50:53.074+02:00 TRACE 238666 --- [crud-springboot] [           main] o.s.b.f.s.DefaultListableBeanFactory     : Returning cached instance of singleton bean 'autoConfigurationReport'
2024-07-20T12:50:53.074+02:00 TRACE 238666 --- [crud-springboot] [           main] o.s.b.f.s.DefaultListableBeanFactory     : Returning cached instance of singleton bean 'autoConfigurationReport'
2024-07-20T12:50:53.074+02:00 TRACE 238666 --- [crud-springboot] [           main] o.s.b.f.s.DefaultListableBeanFactory     : Returning cached instance of singleton bean 'autoConfigurationReport'
2024-07-20T12:50:53.075+02:00 TRACE 238666 --- [crud-springboot] [           main] o.s.b.f.s.DefaultListableBeanFactory     : Returning cached instance of singleton bean 'autoConfigurationReport'
2024-07-20T12:50:53.075+02:00 TRACE 238666 --- [crud-springboot] [           main] o.s.b.f.s.DefaultListableBeanFactory     : Returning cached instance of singleton bean 'autoConfigurationReport'
2024-07-20T12:50:53.075+02:00 TRACE 238666 --- [crud-springboot] [           main] o.s.b.f.s.DefaultListableBeanFactory     : Returning cached instance of singleton bean 'autoConfigurationReport'
2024-07-20T12:50:53.076+02:00 TRACE 238666 --- [crud-springboot] [           main] o.s.b.f.s.DefaultListableBeanFactory     : Returning cached instance of singleton bean 'autoConfigurationReport'
2024-07-20T12:50:53.076+02:00 TRACE 238666 --- [crud-springboot] [           main] o.s.b.f.s.DefaultListableBeanFactory     : Returning cached instance of singleton bean 'autoConfigurationReport'
2024-07-20T12:50:53.076+02:00 TRACE 238666 --- [crud-springboot] [           main] o.s.b.f.s.DefaultListableBeanFactory     : Returning cached instance of singleton bean 'autoConfigurationReport'
2024-07-20T12:50:53.076+02:00 TRACE 238666 --- [crud-springboot] [           main] o.s.b.f.s.DefaultListableBeanFactory     : Returning cached instance of singleton bean 'autoConfigurationReport'
2024-07-20T12:50:53.076+02:00 TRACE 238666 --- [crud-springboot] [           main] o.s.b.f.s.DefaultListableBeanFactory     : Returning cached instance of singleton bean 'autoConfigurationReport'
2024-07-20T12:50:53.076+02:00 TRACE 238666 --- [crud-springboot] [           main] o.s.b.f.s.DefaultListableBeanFactory     : Returning cached instance of singleton bean 'autoConfigurationReport'
2024-07-20T12:50:53.078+02:00 TRACE 238666 --- [crud-springboot] [           main] o.s.b.a.condition.OnClassCondition       : Condition OnClassCondition on org.springframework.boot.autoconfigure.security.reactive.ReactiveUserDetailsServiceAutoConfiguration matched due to @ConditionalOnClass found required class 'org.springframework.security.authentication.ReactiveAuthenticationManager'
2024-07-20T12:50:53.078+02:00 TRACE 238666 --- [crud-springboot] [           main] o.s.b.f.s.DefaultListableBeanFactory     : Returning cached instance of singleton bean 'autoConfigurationReport'
2024-07-20T12:50:53.082+02:00 TRACE 238666 --- [crud-springboot] [           main] ingAlternativeOrUserPropertiesConfigured : Condition ReactiveUserDetailsServiceAutoConfiguration.MissingAlternativeOrUserPropertiesConfigured on org.springframework.boot.autoconfigure.security.reactive.ReactiveUserDetailsServiceAutoConfiguration matched due to AnyNestedCondition 1 matched 2 did not; NestedCondition on ReactiveUserDetailsServiceAutoConfiguration.MissingAlternativeOrUserPropertiesConfigured.PasswordConfigured @ConditionalOnProperty (spring.security.user.password) did not find property 'password'; NestedCondition on ReactiveUserDetailsServiceAutoConfiguration.MissingAlternativeOrUserPropertiesConfigured.NameConfigured @ConditionalOnProperty (spring.security.user.name) did not find property 'name'; NestedCondition on ReactiveUserDetailsServiceAutoConfiguration.MissingAlternativeOrUserPropertiesConfigured.MissingAlternative @ConditionalOnMissingClass did not find unwanted classes 'org.springframework.security.oauth2.client.registration.ClientRegistrationRepository', 'org.springframework.security.oauth2.server.resource.introspection.ReactiveOpaqueTokenIntrospector'
2024-07-20T12:50:53.082+02:00 TRACE 238666 --- [crud-springboot] [           main] o.s.b.f.s.DefaultListableBeanFactory     : Returning cached instance of singleton bean 'autoConfigurationReport'
2024-07-20T12:50:53.082+02:00 TRACE 238666 --- [crud-springboot] [           main] o.s.b.f.s.DefaultListableBeanFactory     : Returning cached instance of singleton bean 'autoConfigurationReport'
2024-07-20T12:50:53.082+02:00 TRACE 238666 --- [crud-springboot] [           main] o.s.b.f.s.DefaultListableBeanFactory     : Returning cached instance of singleton bean 'autoConfigurationReport'
2024-07-20T12:50:53.082+02:00 TRACE 238666 --- [crud-springboot] [           main] o.s.b.f.s.DefaultListableBeanFactory     : Returning cached instance of singleton bean 'autoConfigurationReport'
2024-07-20T12:50:53.084+02:00 TRACE 238666 --- [crud-springboot] [           main] o.s.b.f.s.DefaultListableBeanFactory     : Returning cached instance of singleton bean 'autoConfigurationReport'
2024-07-20T12:50:53.084+02:00 TRACE 238666 --- [crud-springboot] [           main] o.s.b.f.s.DefaultListableBeanFactory     : Returning cached instance of singleton bean 'autoConfigurationReport'
2024-07-20T12:50:53.085+02:00 TRACE 238666 --- [crud-springboot] [           main] o.s.b.f.s.DefaultListableBeanFactory     : Returning cached instance of singleton bean 'autoConfigurationReport'
2024-07-20T12:50:53.085+02:00 TRACE 238666 --- [crud-springboot] [           main] o.s.b.f.s.DefaultListableBeanFactory     : Returning cached instance of singleton bean 'autoConfigurationReport'
2024-07-20T12:50:53.085+02:00 TRACE 238666 --- [crud-springboot] [           main] o.s.b.f.s.DefaultListableBeanFactory     : Returning cached instance of singleton bean 'autoConfigurationReport'
2024-07-20T12:50:53.085+02:00 TRACE 238666 --- [crud-springboot] [           main] o.s.b.f.s.DefaultListableBeanFactory     : Returning cached instance of singleton bean 'autoConfigurationReport'
2024-07-20T12:50:53.087+02:00 TRACE 238666 --- [crud-springboot] [           main] o.s.b.a.condition.OnClassCondition       : Condition OnClassCondition on org.springframework.boot.autoconfigure.security.servlet.SecurityAutoConfiguration matched due to @ConditionalOnClass found required class 'org.springframework.security.authentication.DefaultAuthenticationEventPublisher'
2024-07-20T12:50:53.087+02:00 TRACE 238666 --- [crud-springboot] [           main] o.s.b.f.s.DefaultListableBeanFactory     : Returning cached instance of singleton bean 'autoConfigurationReport'
2024-07-20T12:50:53.087+02:00 TRACE 238666 --- [crud-springboot] [           main] o.s.b.f.s.DefaultListableBeanFactory     : Returning cached instance of singleton bean 'autoConfigurationReport'
2024-07-20T12:50:53.087+02:00 TRACE 238666 --- [crud-springboot] [           main] o.s.b.f.s.DefaultListableBeanFactory     : Returning cached instance of singleton bean 'autoConfigurationReport'
2024-07-20T12:50:53.087+02:00 TRACE 238666 --- [crud-springboot] [           main] o.s.b.f.s.DefaultListableBeanFactory     : Returning cached instance of singleton bean 'autoConfigurationReport'
2024-07-20T12:50:53.089+02:00 TRACE 238666 --- [crud-springboot] [           main] o.s.b.a.c.OnWebApplicationCondition      : Condition OnWebApplicationCondition on org.springframework.boot.autoconfigure.security.servlet.SpringBootWebSecurityConfiguration matched due to found 'session' scope
2024-07-20T12:50:53.089+02:00 TRACE 238666 --- [crud-springboot] [           main] o.s.b.f.s.DefaultListableBeanFactory     : Returning cached instance of singleton bean 'autoConfigurationReport'
2024-07-20T12:50:53.089+02:00 TRACE 238666 --- [crud-springboot] [           main] o.s.b.f.s.DefaultListableBeanFactory     : Returning cached instance of singleton bean 'autoConfigurationReport'
2024-07-20T12:50:53.089+02:00 TRACE 238666 --- [crud-springboot] [           main] o.s.b.f.s.DefaultListableBeanFactory     : Returning cached instance of singleton bean 'autoConfigurationReport'
2024-07-20T12:50:53.089+02:00 TRACE 238666 --- [crud-springboot] [           main] o.s.b.f.s.DefaultListableBeanFactory     : Returning cached instance of singleton bean 'autoConfigurationReport'
2024-07-20T12:50:53.091+02:00 TRACE 238666 --- [crud-springboot] [           main] o.s.b.a.condition.OnClassCondition       : Condition OnClassCondition on org.springframework.boot.autoconfigure.security.servlet.SpringBootWebSecurityConfiguration$WebSecurityEnablerConfiguration matched due to @ConditionalOnClass found required class 'org.springframework.security.config.annotation.web.configuration.EnableWebSecurity'
2024-07-20T12:50:53.091+02:00 TRACE 238666 --- [crud-springboot] [           main] o.s.b.f.s.DefaultListableBeanFactory     : Returning cached instance of singleton bean 'autoConfigurationReport'
2024-07-20T12:50:53.091+02:00 TRACE 238666 --- [crud-springboot] [           main] o.s.b.f.s.DefaultListableBeanFactory     : Returning cached instance of singleton bean 'autoConfigurationReport'
2024-07-20T12:50:53.091+02:00 TRACE 238666 --- [crud-springboot] [           main] o.s.b.f.s.DefaultListableBeanFactory     : Returning cached instance of singleton bean 'autoConfigurationReport'
2024-07-20T12:50:53.091+02:00 TRACE 238666 --- [crud-springboot] [           main] o.s.b.f.s.DefaultListableBeanFactory     : Returning cached instance of singleton bean 'autoConfigurationReport'
2024-07-20T12:50:53.092+02:00 TRACE 238666 --- [crud-springboot] [           main] o.s.b.f.s.DefaultListableBeanFactory     : Returning cached instance of singleton bean 'autoConfigurationReport'
2024-07-20T12:50:53.092+02:00 TRACE 238666 --- [crud-springboot] [           main] o.s.b.f.s.DefaultListableBeanFactory     : Returning cached instance of singleton bean 'autoConfigurationReport'
2024-07-20T12:50:53.092+02:00 TRACE 238666 --- [crud-springboot] [           main] o.s.b.f.s.DefaultListableBeanFactory     : Returning cached instance of singleton bean 'autoConfigurationReport'
2024-07-20T12:50:53.093+02:00 TRACE 238666 --- [crud-springboot] [           main] o.s.b.f.s.DefaultListableBeanFactory     : Returning cached instance of singleton bean 'autoConfigurationReport'
2024-07-20T12:50:53.093+02:00 TRACE 238666 --- [crud-springboot] [           main] o.s.b.f.s.DefaultListableBeanFactory     : Returning cached instance of singleton bean 'autoConfigurationReport'
2024-07-20T12:50:53.093+02:00 TRACE 238666 --- [crud-springboot] [           main] o.s.b.f.s.DefaultListableBeanFactory     : Returning cached instance of singleton bean 'autoConfigurationReport'
2024-07-20T12:50:53.095+02:00 TRACE 238666 --- [crud-springboot] [           main] o.s.b.a.condition.OnClassCondition       : Condition OnClassCondition on org.springframework.boot.autoconfigure.security.SecurityDataConfiguration did not match due to @ConditionalOnClass did not find required class 'org.springframework.security.data.repository.query.SecurityEvaluationContextExtension'
2024-07-20T12:50:53.095+02:00 TRACE 238666 --- [crud-springboot] [           main] o.s.b.f.s.DefaultListableBeanFactory     : Returning cached instance of singleton bean 'autoConfigurationReport'
2024-07-20T12:50:53.095+02:00 TRACE 238666 --- [crud-springboot] [           main] o.s.b.f.s.DefaultListableBeanFactory     : Returning cached instance of singleton bean 'autoConfigurationReport'
2024-07-20T12:50:53.095+02:00 TRACE 238666 --- [crud-springboot] [           main] o.s.b.f.s.DefaultListableBeanFactory     : Returning cached instance of singleton bean 'autoConfigurationReport'
2024-07-20T12:50:53.095+02:00 TRACE 238666 --- [crud-springboot] [           main] o.s.b.f.s.DefaultListableBeanFactory     : Returning cached instance of singleton bean 'autoConfigurationReport'
2024-07-20T12:50:53.095+02:00 TRACE 238666 --- [crud-springboot] [           main] o.s.b.f.s.DefaultListableBeanFactory     : Returning cached instance of singleton bean 'autoConfigurationReport'
2024-07-20T12:50:53.095+02:00 TRACE 238666 --- [crud-springboot] [           main] o.s.b.f.s.DefaultListableBeanFactory     : Returning cached instance of singleton bean 'autoConfigurationReport'
2024-07-20T12:50:53.095+02:00 TRACE 238666 --- [crud-springboot] [           main] o.s.b.f.s.DefaultListableBeanFactory     : Returning cached instance of singleton bean 'autoConfigurationReport'
2024-07-20T12:50:53.096+02:00 TRACE 238666 --- [crud-springboot] [           main] o.s.b.a.condition.OnClassCondition       : Condition OnClassCondition on org.springframework.boot.autoconfigure.security.servlet.SecurityFilterAutoConfiguration matched due to @ConditionalOnClass found required classes 'org.springframework.security.web.context.AbstractSecurityWebApplicationInitializer', 'org.springframework.security.config.http.SessionCreationPolicy'
2024-07-20T12:50:53.096+02:00 TRACE 238666 --- [crud-springboot] [           main] o.s.b.f.s.DefaultListableBeanFactory     : Returning cached instance of singleton bean 'autoConfigurationReport'
2024-07-20T12:50:53.096+02:00 TRACE 238666 --- [crud-springboot] [           main] o.s.b.a.c.OnWebApplicationCondition      : Condition OnWebApplicationCondition on org.springframework.boot.autoconfigure.security.servlet.SecurityFilterAutoConfiguration matched due to found 'session' scope
2024-07-20T12:50:53.096+02:00 TRACE 238666 --- [crud-springboot] [           main] o.s.b.f.s.DefaultListableBeanFactory     : Returning cached instance of singleton bean 'autoConfigurationReport'
2024-07-20T12:50:53.096+02:00 TRACE 238666 --- [crud-springboot] [           main] o.s.b.f.s.DefaultListableBeanFactory     : Returning cached instance of singleton bean 'autoConfigurationReport'
2024-07-20T12:50:53.096+02:00 TRACE 238666 --- [crud-springboot] [           main] o.s.b.f.s.DefaultListableBeanFactory     : Returning cached instance of singleton bean 'autoConfigurationReport'
2024-07-20T12:50:53.096+02:00 TRACE 238666 --- [crud-springboot] [           main] o.s.b.f.s.DefaultListableBeanFactory     : Returning cached instance of singleton bean 'autoConfigurationReport'
2024-07-20T12:50:53.097+02:00 TRACE 238666 --- [crud-springboot] [           main] o.s.b.f.s.DefaultListableBeanFactory     : Returning cached instance of singleton bean 'autoConfigurationReport'
2024-07-20T12:50:53.097+02:00 TRACE 238666 --- [crud-springboot] [           main] o.s.b.f.s.DefaultListableBeanFactory     : Returning cached instance of singleton bean 'autoConfigurationReport'
2024-07-20T12:50:53.097+02:00 TRACE 238666 --- [crud-springboot] [           main] o.s.b.f.s.DefaultListableBeanFactory     : Returning cached instance of singleton bean 'autoConfigurationReport'
2024-07-20T12:50:53.097+02:00 TRACE 238666 --- [crud-springboot] [           main] o.s.b.f.s.DefaultListableBeanFactory     : Returning cached instance of singleton bean 'autoConfigurationReport'
2024-07-20T12:50:53.097+02:00 TRACE 238666 --- [crud-springboot] [           main] o.s.b.f.s.DefaultListableBeanFactory     : Returning cached instance of singleton bean 'autoConfigurationReport'
2024-07-20T12:50:53.097+02:00 TRACE 238666 --- [crud-springboot] [           main] o.s.b.f.s.DefaultListableBeanFactory     : Returning cached instance of singleton bean 'autoConfigurationReport'
2024-07-20T12:50:53.099+02:00 TRACE 238666 --- [crud-springboot] [           main] o.s.b.a.condition.OnClassCondition       : Condition OnClassCondition on org.springframework.boot.autoconfigure.security.servlet.UserDetailsServiceAutoConfiguration matched due to @ConditionalOnClass found required class 'org.springframework.security.authentication.AuthenticationManager'
2024-07-20T12:50:53.099+02:00 TRACE 238666 --- [crud-springboot] [           main] o.s.b.f.s.DefaultListableBeanFactory     : Returning cached instance of singleton bean 'autoConfigurationReport'
2024-07-20T12:50:53.105+02:00 TRACE 238666 --- [crud-springboot] [           main] ingAlternativeOrUserPropertiesConfigured : Condition UserDetailsServiceAutoConfiguration.MissingAlternativeOrUserPropertiesConfigured on org.springframework.boot.autoconfigure.security.servlet.UserDetailsServiceAutoConfiguration matched due to AnyNestedCondition 1 matched 2 did not; NestedCondition on UserDetailsServiceAutoConfiguration.MissingAlternativeOrUserPropertiesConfigured.PasswordConfigured @ConditionalOnProperty (spring.security.user.password) did not find property 'password'; NestedCondition on UserDetailsServiceAutoConfiguration.MissingAlternativeOrUserPropertiesConfigured.NameConfigured @ConditionalOnProperty (spring.security.user.name) did not find property 'name'; NestedCondition on UserDetailsServiceAutoConfiguration.MissingAlternativeOrUserPropertiesConfigured.MissingAlternative @ConditionalOnMissingClass did not find unwanted classes 'org.springframework.security.oauth2.client.registration.ClientRegistrationRepository', 'org.springframework.security.oauth2.server.resource.introspection.OpaqueTokenIntrospector', 'org.springframework.security.saml2.provider.service.registration.RelyingPartyRegistrationRepository'
2024-07-20T12:50:53.105+02:00 TRACE 238666 --- [crud-springboot] [           main] o.s.b.f.s.DefaultListableBeanFactory     : Returning cached instance of singleton bean 'autoConfigurationReport'
2024-07-20T12:50:53.105+02:00 TRACE 238666 --- [crud-springboot] [           main] o.s.b.f.s.DefaultListableBeanFactory     : Returning cached instance of singleton bean 'autoConfigurationReport'
2024-07-20T12:50:53.105+02:00 TRACE 238666 --- [crud-springboot] [           main] o.s.b.f.s.DefaultListableBeanFactory     : Returning cached instance of singleton bean 'autoConfigurationReport'
2024-07-20T12:50:53.105+02:00 TRACE 238666 --- [crud-springboot] [           main] o.s.b.f.s.DefaultListableBeanFactory     : Returning cached instance of singleton bean 'autoConfigurationReport'
2024-07-20T12:50:53.106+02:00 TRACE 238666 --- [crud-springboot] [           main] o.s.b.f.s.DefaultListableBeanFactory     : Returning cached instance of singleton bean 'autoConfigurationReport'
2024-07-20T12:50:53.106+02:00 TRACE 238666 --- [crud-springboot] [           main] o.s.b.f.s.DefaultListableBeanFactory     : Returning cached instance of singleton bean 'autoConfigurationReport'
2024-07-20T12:50:53.106+02:00 TRACE 238666 --- [crud-springboot] [           main] o.s.b.f.s.DefaultListableBeanFactory     : Returning cached instance of singleton bean 'autoConfigurationReport'
2024-07-20T12:50:53.106+02:00 TRACE 238666 --- [crud-springboot] [           main] o.s.b.f.s.DefaultListableBeanFactory     : Returning cached instance of singleton bean 'autoConfigurationReport'
2024-07-20T12:50:53.106+02:00 TRACE 238666 --- [crud-springboot] [           main] o.s.b.f.s.DefaultListableBeanFactory     : Returning cached instance of singleton bean 'autoConfigurationReport'
2024-07-20T12:50:53.106+02:00 TRACE 238666 --- [crud-springboot] [           main] o.s.b.f.s.DefaultListableBeanFactory     : Returning cached instance of singleton bean 'autoConfigurationReport'
2024-07-20T12:50:53.109+02:00 TRACE 238666 --- [crud-springboot] [           main] o.s.b.a.condition.OnPropertyCondition    : Condition OnPropertyCondition on org.springframework.boot.autoconfigure.sql.init.SqlInitializationAutoConfiguration matched due to @ConditionalOnProperty (spring.sql.init.enabled) matched
2024-07-20T12:50:53.109+02:00 TRACE 238666 --- [crud-springboot] [           main] o.s.b.f.s.DefaultListableBeanFactory     : Returning cached instance of singleton bean 'autoConfigurationReport'
2024-07-20T12:50:53.111+02:00 TRACE 238666 --- [crud-springboot] [           main] iguration$SqlInitializationModeCondition : Condition SqlInitializationAutoConfiguration.SqlInitializationModeCondition on org.springframework.boot.autoconfigure.sql.init.SqlInitializationAutoConfiguration matched due to NoneNestedConditions 0 matched 1 did not; NestedCondition on SqlInitializationAutoConfiguration.SqlInitializationModeCondition.ModeIsNever @ConditionalOnProperty (spring.sql.init.mode=never) did not find property 'mode'
2024-07-20T12:50:53.111+02:00 TRACE 238666 --- [crud-springboot] [           main] o.s.b.f.s.DefaultListableBeanFactory     : Returning cached instance of singleton bean 'autoConfigurationReport'
2024-07-20T12:50:53.111+02:00 TRACE 238666 --- [crud-springboot] [           main] o.s.b.f.s.DefaultListableBeanFactory     : Returning cached instance of singleton bean 'autoConfigurationReport'
2024-07-20T12:50:53.111+02:00 TRACE 238666 --- [crud-springboot] [           main] o.s.b.f.s.DefaultListableBeanFactory     : Returning cached instance of singleton bean 'autoConfigurationReport'
2024-07-20T12:50:53.111+02:00 TRACE 238666 --- [crud-springboot] [           main] o.s.b.f.s.DefaultListableBeanFactory     : Returning cached instance of singleton bean 'autoConfigurationReport'
2024-07-20T12:50:53.113+02:00 TRACE 238666 --- [crud-springboot] [           main] o.s.b.a.condition.OnClassCondition       : Condition OnClassCondition on org.springframework.boot.autoconfigure.sql.init.R2dbcInitializationConfiguration did not match due to @ConditionalOnClass did not find required classes 'io.r2dbc.spi.ConnectionFactory', 'org.springframework.r2dbc.connection.init.DatabasePopulator'
2024-07-20T12:50:53.113+02:00 TRACE 238666 --- [crud-springboot] [           main] o.s.b.f.s.DefaultListableBeanFactory     : Returning cached instance of singleton bean 'autoConfigurationReport'
2024-07-20T12:50:53.114+02:00 TRACE 238666 --- [crud-springboot] [           main] o.s.b.a.condition.OnClassCondition       : Condition OnClassCondition on org.springframework.boot.autoconfigure.sql.init.DataSourceInitializationConfiguration matched due to @ConditionalOnClass found required class 'org.springframework.jdbc.datasource.init.DatabasePopulator'
2024-07-20T12:50:53.114+02:00 TRACE 238666 --- [crud-springboot] [           main] o.s.b.f.s.DefaultListableBeanFactory     : Returning cached instance of singleton bean 'autoConfigurationReport'
2024-07-20T12:50:53.114+02:00 TRACE 238666 --- [crud-springboot] [           main] o.s.b.f.s.DefaultListableBeanFactory     : Returning cached instance of singleton bean 'autoConfigurationReport'
2024-07-20T12:50:53.114+02:00 TRACE 238666 --- [crud-springboot] [           main] o.s.b.f.s.DefaultListableBeanFactory     : Returning cached instance of singleton bean 'autoConfigurationReport'
2024-07-20T12:50:53.114+02:00 TRACE 238666 --- [crud-springboot] [           main] o.s.b.f.s.DefaultListableBeanFactory     : Returning cached instance of singleton bean 'autoConfigurationReport'
2024-07-20T12:50:53.115+02:00 TRACE 238666 --- [crud-springboot] [           main] o.s.b.f.s.DefaultListableBeanFactory     : Returning cached instance of singleton bean 'autoConfigurationReport'
2024-07-20T12:50:53.115+02:00 TRACE 238666 --- [crud-springboot] [           main] o.s.b.f.s.DefaultListableBeanFactory     : Returning cached instance of singleton bean 'autoConfigurationReport'
2024-07-20T12:50:53.115+02:00 TRACE 238666 --- [crud-springboot] [           main] o.s.b.f.s.DefaultListableBeanFactory     : Returning cached instance of singleton bean 'autoConfigurationReport'
2024-07-20T12:50:53.115+02:00 TRACE 238666 --- [crud-springboot] [           main] o.s.b.f.s.DefaultListableBeanFactory     : Returning cached instance of singleton bean 'autoConfigurationReport'
2024-07-20T12:50:53.115+02:00 TRACE 238666 --- [crud-springboot] [           main] o.s.b.f.s.DefaultListableBeanFactory     : Returning cached instance of singleton bean 'autoConfigurationReport'
2024-07-20T12:50:53.115+02:00 TRACE 238666 --- [crud-springboot] [           main] o.s.b.f.s.DefaultListableBeanFactory     : Returning cached instance of singleton bean 'autoConfigurationReport'
2024-07-20T12:50:53.116+02:00 TRACE 238666 --- [crud-springboot] [           main] o.s.b.a.condition.OnClassCondition       : Condition OnClassCondition on org.springframework.boot.autoconfigure.task.TaskSchedulingAutoConfiguration matched due to @ConditionalOnClass found required class 'org.springframework.scheduling.concurrent.ThreadPoolTaskScheduler'
2024-07-20T12:50:53.116+02:00 TRACE 238666 --- [crud-springboot] [           main] o.s.b.f.s.DefaultListableBeanFactory     : Returning cached instance of singleton bean 'autoConfigurationReport'
2024-07-20T12:50:53.116+02:00 TRACE 238666 --- [crud-springboot] [           main] o.s.b.f.s.DefaultListableBeanFactory     : Returning cached instance of singleton bean 'autoConfigurationReport'
2024-07-20T12:50:53.116+02:00 TRACE 238666 --- [crud-springboot] [           main] o.s.b.f.s.DefaultListableBeanFactory     : Returning cached instance of singleton bean 'autoConfigurationReport'
2024-07-20T12:50:53.116+02:00 TRACE 238666 --- [crud-springboot] [           main] o.s.b.f.s.DefaultListableBeanFactory     : Returning cached instance of singleton bean 'autoConfigurationReport'
2024-07-20T12:50:53.119+02:00 TRACE 238666 --- [crud-springboot] [           main] o.s.b.f.s.DefaultListableBeanFactory     : Returning cached instance of singleton bean 'autoConfigurationReport'
2024-07-20T12:50:53.119+02:00 TRACE 238666 --- [crud-springboot] [           main] o.s.b.f.s.DefaultListableBeanFactory     : Returning cached instance of singleton bean 'autoConfigurationReport'
2024-07-20T12:50:53.119+02:00 TRACE 238666 --- [crud-springboot] [           main] o.s.b.f.s.DefaultListableBeanFactory     : Returning cached instance of singleton bean 'autoConfigurationReport'
2024-07-20T12:50:53.120+02:00 TRACE 238666 --- [crud-springboot] [           main] o.s.b.f.s.DefaultListableBeanFactory     : Returning cached instance of singleton bean 'autoConfigurationReport'
2024-07-20T12:50:53.120+02:00 TRACE 238666 --- [crud-springboot] [           main] o.s.b.f.s.DefaultListableBeanFactory     : Returning cached instance of singleton bean 'autoConfigurationReport'
2024-07-20T12:50:53.121+02:00 TRACE 238666 --- [crud-springboot] [           main] o.s.b.f.s.DefaultListableBeanFactory     : Returning cached instance of singleton bean 'autoConfigurationReport'
2024-07-20T12:50:53.121+02:00 TRACE 238666 --- [crud-springboot] [           main] o.s.b.f.s.DefaultListableBeanFactory     : Returning cached instance of singleton bean 'autoConfigurationReport'
2024-07-20T12:50:53.121+02:00 TRACE 238666 --- [crud-springboot] [           main] o.s.b.f.s.DefaultListableBeanFactory     : Returning cached instance of singleton bean 'autoConfigurationReport'
2024-07-20T12:50:53.121+02:00 TRACE 238666 --- [crud-springboot] [           main] o.s.b.f.s.DefaultListableBeanFactory     : Returning cached instance of singleton bean 'autoConfigurationReport'
2024-07-20T12:50:53.122+02:00 TRACE 238666 --- [crud-springboot] [           main] o.s.b.f.s.DefaultListableBeanFactory     : Returning cached instance of singleton bean 'autoConfigurationReport'
2024-07-20T12:50:53.122+02:00 TRACE 238666 --- [crud-springboot] [           main] o.s.b.f.s.DefaultListableBeanFactory     : Returning cached instance of singleton bean 'autoConfigurationReport'
2024-07-20T12:50:53.122+02:00 TRACE 238666 --- [crud-springboot] [           main] o.s.b.f.s.DefaultListableBeanFactory     : Returning cached instance of singleton bean 'autoConfigurationReport'
2024-07-20T12:50:53.122+02:00 TRACE 238666 --- [crud-springboot] [           main] o.s.b.f.s.DefaultListableBeanFactory     : Returning cached instance of singleton bean 'autoConfigurationReport'
2024-07-20T12:50:53.122+02:00 TRACE 238666 --- [crud-springboot] [           main] o.s.b.f.s.DefaultListableBeanFactory     : Returning cached instance of singleton bean 'autoConfigurationReport'
2024-07-20T12:50:53.122+02:00 TRACE 238666 --- [crud-springboot] [           main] o.s.b.f.s.DefaultListableBeanFactory     : Returning cached instance of singleton bean 'autoConfigurationReport'
2024-07-20T12:50:53.122+02:00 TRACE 238666 --- [crud-springboot] [           main] o.s.b.f.s.DefaultListableBeanFactory     : Returning cached instance of singleton bean 'autoConfigurationReport'
2024-07-20T12:50:53.122+02:00 TRACE 238666 --- [crud-springboot] [           main] o.s.b.f.s.DefaultListableBeanFactory     : Returning cached instance of singleton bean 'autoConfigurationReport'
2024-07-20T12:50:53.122+02:00 TRACE 238666 --- [crud-springboot] [           main] o.s.b.f.s.DefaultListableBeanFactory     : Returning cached instance of singleton bean 'autoConfigurationReport'
2024-07-20T12:50:53.124+02:00 TRACE 238666 --- [crud-springboot] [           main] o.s.b.a.condition.OnClassCondition       : Condition OnClassCondition on org.springframework.boot.autoconfigure.thymeleaf.ThymeleafAutoConfiguration matched due to @ConditionalOnClass found required classes 'org.thymeleaf.templatemode.TemplateMode', 'org.thymeleaf.spring6.SpringTemplateEngine'
2024-07-20T12:50:53.124+02:00 TRACE 238666 --- [crud-springboot] [           main] o.s.b.f.s.DefaultListableBeanFactory     : Returning cached instance of singleton bean 'autoConfigurationReport'
2024-07-20T12:50:53.124+02:00 TRACE 238666 --- [crud-springboot] [           main] o.s.b.f.s.DefaultListableBeanFactory     : Returning cached instance of singleton bean 'autoConfigurationReport'
2024-07-20T12:50:53.124+02:00 TRACE 238666 --- [crud-springboot] [           main] o.s.b.f.s.DefaultListableBeanFactory     : Returning cached instance of singleton bean 'autoConfigurationReport'
2024-07-20T12:50:53.124+02:00 TRACE 238666 --- [crud-springboot] [           main] o.s.b.f.s.DefaultListableBeanFactory     : Returning cached instance of singleton bean 'autoConfigurationReport'
2024-07-20T12:50:53.130+02:00 TRACE 238666 --- [crud-springboot] [           main] o.s.b.a.condition.OnClassCondition       : Condition OnClassCondition on org.springframework.boot.autoconfigure.thymeleaf.ThymeleafAutoConfiguration$ThymeleafSecurityDialectConfiguration did not match due to @ConditionalOnClass did not find required class 'org.thymeleaf.extras.springsecurity6.dialect.SpringSecurityDialect'
2024-07-20T12:50:53.131+02:00 TRACE 238666 --- [crud-springboot] [           main] o.s.b.f.s.DefaultListableBeanFactory     : Returning cached instance of singleton bean 'autoConfigurationReport'
2024-07-20T12:50:53.131+02:00 TRACE 238666 --- [crud-springboot] [           main] o.s.b.a.condition.OnClassCondition       : Condition OnClassCondition on org.springframework.boot.autoconfigure.thymeleaf.ThymeleafAutoConfiguration$DataAttributeDialectConfiguration did not match due to @ConditionalOnClass did not find required class 'com.github.mxab.thymeleaf.extras.dataattribute.dialect.DataAttributeDialect'
2024-07-20T12:50:53.131+02:00 TRACE 238666 --- [crud-springboot] [           main] o.s.b.f.s.DefaultListableBeanFactory     : Returning cached instance of singleton bean 'autoConfigurationReport'
2024-07-20T12:50:53.132+02:00 TRACE 238666 --- [crud-springboot] [           main] o.s.b.a.condition.OnClassCondition       : Condition OnClassCondition on org.springframework.boot.autoconfigure.thymeleaf.ThymeleafAutoConfiguration$ThymeleafWebLayoutConfiguration did not match due to @ConditionalOnClass did not find required class 'nz.net.ultraq.thymeleaf.layoutdialect.LayoutDialect'
2024-07-20T12:50:53.132+02:00 TRACE 238666 --- [crud-springboot] [           main] o.s.b.f.s.DefaultListableBeanFactory     : Returning cached instance of singleton bean 'autoConfigurationReport'
2024-07-20T12:50:53.132+02:00 TRACE 238666 --- [crud-springboot] [           main] o.s.b.a.c.OnWebApplicationCondition      : Condition OnWebApplicationCondition on org.springframework.boot.autoconfigure.thymeleaf.ThymeleafAutoConfiguration$ThymeleafWebFluxConfiguration did not match due to did not find reactive web application classes
2024-07-20T12:50:53.132+02:00 TRACE 238666 --- [crud-springboot] [           main] o.s.b.f.s.DefaultListableBeanFactory     : Returning cached instance of singleton bean 'autoConfigurationReport'
2024-07-20T12:50:53.133+02:00 TRACE 238666 --- [crud-springboot] [           main] o.s.b.a.c.OnWebApplicationCondition      : Condition OnWebApplicationCondition on org.springframework.boot.autoconfigure.thymeleaf.ThymeleafAutoConfiguration$ThymeleafWebMvcConfiguration matched due to found 'session' scope
2024-07-20T12:50:53.133+02:00 TRACE 238666 --- [crud-springboot] [           main] o.s.b.f.s.DefaultListableBeanFactory     : Returning cached instance of singleton bean 'autoConfigurationReport'
2024-07-20T12:50:53.133+02:00 TRACE 238666 --- [crud-springboot] [           main] o.s.b.a.condition.OnPropertyCondition    : Condition OnPropertyCondition on org.springframework.boot.autoconfigure.thymeleaf.ThymeleafAutoConfiguration$ThymeleafWebMvcConfiguration matched due to @ConditionalOnProperty (spring.thymeleaf.enabled) matched
2024-07-20T12:50:53.133+02:00 TRACE 238666 --- [crud-springboot] [           main] o.s.b.f.s.DefaultListableBeanFactory     : Returning cached instance of singleton bean 'autoConfigurationReport'
2024-07-20T12:50:53.133+02:00 TRACE 238666 --- [crud-springboot] [           main] o.s.b.f.s.DefaultListableBeanFactory     : Returning cached instance of singleton bean 'autoConfigurationReport'
2024-07-20T12:50:53.133+02:00 TRACE 238666 --- [crud-springboot] [           main] o.s.b.f.s.DefaultListableBeanFactory     : Returning cached instance of singleton bean 'autoConfigurationReport'
2024-07-20T12:50:53.133+02:00 TRACE 238666 --- [crud-springboot] [           main] o.s.b.f.s.DefaultListableBeanFactory     : Returning cached instance of singleton bean 'autoConfigurationReport'
2024-07-20T12:50:53.134+02:00 TRACE 238666 --- [crud-springboot] [           main] o.s.b.f.s.DefaultListableBeanFactory     : Returning cached instance of singleton bean 'autoConfigurationReport'
2024-07-20T12:50:53.134+02:00 TRACE 238666 --- [crud-springboot] [           main] o.s.b.f.s.DefaultListableBeanFactory     : Returning cached instance of singleton bean 'autoConfigurationReport'
2024-07-20T12:50:53.134+02:00 TRACE 238666 --- [crud-springboot] [           main] o.s.b.f.s.DefaultListableBeanFactory     : Returning cached instance of singleton bean 'autoConfigurationReport'
2024-07-20T12:50:53.135+02:00 TRACE 238666 --- [crud-springboot] [           main] o.s.b.f.s.DefaultListableBeanFactory     : Returning cached instance of singleton bean 'autoConfigurationReport'
2024-07-20T12:50:53.135+02:00 TRACE 238666 --- [crud-springboot] [           main] o.s.b.f.s.DefaultListableBeanFactory     : Returning cached instance of singleton bean 'autoConfigurationReport'
2024-07-20T12:50:53.135+02:00 TRACE 238666 --- [crud-springboot] [           main] o.s.b.f.s.DefaultListableBeanFactory     : Returning cached instance of singleton bean 'autoConfigurationReport'
2024-07-20T12:50:53.138+02:00 TRACE 238666 --- [crud-springboot] [           main] o.s.b.a.c.OnWebApplicationCondition      : Condition OnWebApplicationCondition on org.springframework.boot.autoconfigure.thymeleaf.TemplateEngineConfigurations$ReactiveTemplateEngineConfiguration did not match due to did not find reactive web application classes
2024-07-20T12:50:53.138+02:00 TRACE 238666 --- [crud-springboot] [           main] o.s.b.f.s.DefaultListableBeanFactory     : Returning cached instance of singleton bean 'autoConfigurationReport'
2024-07-20T12:50:53.138+02:00 TRACE 238666 --- [crud-springboot] [           main] o.s.b.f.s.DefaultListableBeanFactory     : Returning cached instance of singleton bean 'autoConfigurationReport'
2024-07-20T12:50:53.138+02:00 TRACE 238666 --- [crud-springboot] [           main] o.s.b.f.s.DefaultListableBeanFactory     : Returning cached instance of singleton bean 'autoConfigurationReport'
2024-07-20T12:50:53.138+02:00 TRACE 238666 --- [crud-springboot] [           main] o.s.b.f.s.DefaultListableBeanFactory     : Returning cached instance of singleton bean 'autoConfigurationReport'
2024-07-20T12:50:53.138+02:00 TRACE 238666 --- [crud-springboot] [           main] o.s.b.f.s.DefaultListableBeanFactory     : Returning cached instance of singleton bean 'autoConfigurationReport'
2024-07-20T12:50:53.138+02:00 TRACE 238666 --- [crud-springboot] [           main] o.s.b.f.s.DefaultListableBeanFactory     : Returning cached instance of singleton bean 'autoConfigurationReport'
2024-07-20T12:50:53.138+02:00 TRACE 238666 --- [crud-springboot] [           main] o.s.b.f.s.DefaultListableBeanFactory     : Returning cached instance of singleton bean 'autoConfigurationReport'
2024-07-20T12:50:53.138+02:00 TRACE 238666 --- [crud-springboot] [           main] o.s.b.f.s.DefaultListableBeanFactory     : Returning cached instance of singleton bean 'autoConfigurationReport'
2024-07-20T12:50:53.138+02:00 TRACE 238666 --- [crud-springboot] [           main] o.s.b.f.s.DefaultListableBeanFactory     : Returning cached instance of singleton bean 'autoConfigurationReport'
2024-07-20T12:50:53.138+02:00 TRACE 238666 --- [crud-springboot] [           main] o.s.b.f.s.DefaultListableBeanFactory     : Returning cached instance of singleton bean 'autoConfigurationReport'
2024-07-20T12:50:53.139+02:00 TRACE 238666 --- [crud-springboot] [           main] o.s.b.a.condition.OnClassCondition       : Condition OnClassCondition on org.springframework.boot.autoconfigure.jdbc.DataSourceTransactionManagerAutoConfiguration matched due to @ConditionalOnClass found required classes 'javax.sql.DataSource', 'org.springframework.jdbc.core.JdbcTemplate', 'org.springframework.transaction.TransactionManager'
2024-07-20T12:50:53.139+02:00 TRACE 238666 --- [crud-springboot] [           main] o.s.b.f.s.DefaultListableBeanFactory     : Returning cached instance of singleton bean 'autoConfigurationReport'
2024-07-20T12:50:53.139+02:00 TRACE 238666 --- [crud-springboot] [           main] o.s.b.f.s.DefaultListableBeanFactory     : Returning cached instance of singleton bean 'autoConfigurationReport'
2024-07-20T12:50:53.140+02:00 TRACE 238666 --- [crud-springboot] [           main] o.s.b.f.s.DefaultListableBeanFactory     : Returning cached instance of singleton bean 'autoConfigurationReport'
2024-07-20T12:50:53.140+02:00 TRACE 238666 --- [crud-springboot] [           main] o.s.b.f.s.DefaultListableBeanFactory     : Returning cached instance of singleton bean 'autoConfigurationReport'
2024-07-20T12:50:53.140+02:00 TRACE 238666 --- [crud-springboot] [           main] o.s.b.f.s.DefaultListableBeanFactory     : Returning cached instance of singleton bean 'autoConfigurationReport'
2024-07-20T12:50:53.140+02:00 TRACE 238666 --- [crud-springboot] [           main] o.s.b.f.s.DefaultListableBeanFactory     : Returning cached instance of singleton bean 'autoConfigurationReport'
2024-07-20T12:50:53.140+02:00 TRACE 238666 --- [crud-springboot] [           main] o.s.b.f.s.DefaultListableBeanFactory     : Returning cached instance of singleton bean 'autoConfigurationReport'
2024-07-20T12:50:53.141+02:00 TRACE 238666 --- [crud-springboot] [           main] o.s.b.f.s.DefaultListableBeanFactory     : Returning cached instance of singleton bean 'autoConfigurationReport'
2024-07-20T12:50:53.141+02:00 TRACE 238666 --- [crud-springboot] [           main] o.s.b.f.s.DefaultListableBeanFactory     : Returning cached instance of singleton bean 'autoConfigurationReport'
2024-07-20T12:50:53.141+02:00 TRACE 238666 --- [crud-springboot] [           main] o.s.b.f.s.DefaultListableBeanFactory     : Returning cached instance of singleton bean 'autoConfigurationReport'
2024-07-20T12:50:53.141+02:00 TRACE 238666 --- [crud-springboot] [           main] o.s.b.f.s.DefaultListableBeanFactory     : Returning cached instance of singleton bean 'autoConfigurationReport'
2024-07-20T12:50:53.141+02:00 TRACE 238666 --- [crud-springboot] [           main] o.s.b.f.s.DefaultListableBeanFactory     : Returning cached instance of singleton bean 'autoConfigurationReport'
2024-07-20T12:50:53.141+02:00 TRACE 238666 --- [crud-springboot] [           main] o.s.b.f.s.DefaultListableBeanFactory     : Returning cached instance of singleton bean 'autoConfigurationReport'
2024-07-20T12:50:53.142+02:00 TRACE 238666 --- [crud-springboot] [           main] o.s.b.a.condition.OnClassCondition       : Condition OnClassCondition on org.springframework.boot.autoconfigure.transaction.TransactionAutoConfiguration matched due to @ConditionalOnClass found required class 'org.springframework.transaction.PlatformTransactionManager'
2024-07-20T12:50:53.142+02:00 TRACE 238666 --- [crud-springboot] [           main] o.s.b.f.s.DefaultListableBeanFactory     : Returning cached instance of singleton bean 'autoConfigurationReport'
2024-07-20T12:50:53.143+02:00 TRACE 238666 --- [crud-springboot] [           main] o.s.b.f.s.DefaultListableBeanFactory     : Returning cached instance of singleton bean 'autoConfigurationReport'
2024-07-20T12:50:53.143+02:00 TRACE 238666 --- [crud-springboot] [           main] o.s.b.f.s.DefaultListableBeanFactory     : Returning cached instance of singleton bean 'autoConfigurationReport'
2024-07-20T12:50:53.143+02:00 TRACE 238666 --- [crud-springboot] [           main] o.s.b.f.s.DefaultListableBeanFactory     : Returning cached instance of singleton bean 'autoConfigurationReport'
2024-07-20T12:50:53.145+02:00 TRACE 238666 --- [crud-springboot] [           main] o.s.b.f.s.DefaultListableBeanFactory     : Returning cached instance of singleton bean 'autoConfigurationReport'
2024-07-20T12:50:53.145+02:00 TRACE 238666 --- [crud-springboot] [           main] o.s.b.f.s.DefaultListableBeanFactory     : Returning cached instance of singleton bean 'autoConfigurationReport'
2024-07-20T12:50:53.145+02:00 TRACE 238666 --- [crud-springboot] [           main] o.s.b.f.s.DefaultListableBeanFactory     : Returning cached instance of singleton bean 'autoConfigurationReport'
2024-07-20T12:50:53.148+02:00 TRACE 238666 --- [crud-springboot] [           main] o.s.b.f.s.DefaultListableBeanFactory     : Returning cached instance of singleton bean 'autoConfigurationReport'
2024-07-20T12:50:53.148+02:00 TRACE 238666 --- [crud-springboot] [           main] o.s.b.f.s.DefaultListableBeanFactory     : Returning cached instance of singleton bean 'autoConfigurationReport'
2024-07-20T12:50:53.148+02:00 TRACE 238666 --- [crud-springboot] [           main] o.s.b.f.s.DefaultListableBeanFactory     : Returning cached instance of singleton bean 'autoConfigurationReport'
2024-07-20T12:50:53.151+02:00 TRACE 238666 --- [crud-springboot] [           main] o.s.b.a.condition.OnPropertyCondition    : Condition OnPropertyCondition on org.springframework.boot.autoconfigure.transaction.TransactionAutoConfiguration$EnableTransactionManagementConfiguration$CglibAutoProxyConfiguration matched due to @ConditionalOnProperty (spring.aop.proxy-target-class=true) matched
2024-07-20T12:50:53.151+02:00 TRACE 238666 --- [crud-springboot] [           main] o.s.b.f.s.DefaultListableBeanFactory     : Returning cached instance of singleton bean 'autoConfigurationReport'
2024-07-20T12:50:53.151+02:00 TRACE 238666 --- [crud-springboot] [           main] o.s.b.f.s.DefaultListableBeanFactory     : Returning cached instance of singleton bean 'autoConfigurationReport'
2024-07-20T12:50:53.151+02:00 TRACE 238666 --- [crud-springboot] [           main] o.s.b.f.s.DefaultListableBeanFactory     : Returning cached instance of singleton bean 'autoConfigurationReport'
2024-07-20T12:50:53.151+02:00 TRACE 238666 --- [crud-springboot] [           main] o.s.b.f.s.DefaultListableBeanFactory     : Returning cached instance of singleton bean 'autoConfigurationReport'
2024-07-20T12:50:53.155+02:00 TRACE 238666 --- [crud-springboot] [           main] o.s.b.f.s.DefaultListableBeanFactory     : Returning cached instance of singleton bean 'autoConfigurationReport'
2024-07-20T12:50:53.155+02:00 TRACE 238666 --- [crud-springboot] [           main] o.s.b.f.s.DefaultListableBeanFactory     : Returning cached instance of singleton bean 'autoConfigurationReport'
2024-07-20T12:50:53.155+02:00 TRACE 238666 --- [crud-springboot] [           main] o.s.b.f.s.DefaultListableBeanFactory     : Returning cached instance of singleton bean 'autoConfigurationReport'
2024-07-20T12:50:53.156+02:00 TRACE 238666 --- [crud-springboot] [           main] o.s.b.f.s.DefaultListableBeanFactory     : Returning cached instance of singleton bean 'autoConfigurationReport'
2024-07-20T12:50:53.156+02:00 TRACE 238666 --- [crud-springboot] [           main] o.s.b.f.s.DefaultListableBeanFactory     : Returning cached instance of singleton bean 'autoConfigurationReport'
2024-07-20T12:50:53.156+02:00 TRACE 238666 --- [crud-springboot] [           main] o.s.b.f.s.DefaultListableBeanFactory     : Returning cached instance of singleton bean 'autoConfigurationReport'
2024-07-20T12:50:53.157+02:00 TRACE 238666 --- [crud-springboot] [           main] o.s.b.f.s.DefaultListableBeanFactory     : Returning cached instance of singleton bean 'autoConfigurationReport'
2024-07-20T12:50:53.157+02:00 TRACE 238666 --- [crud-springboot] [           main] o.s.b.f.s.DefaultListableBeanFactory     : Returning cached instance of singleton bean 'autoConfigurationReport'
2024-07-20T12:50:53.157+02:00 TRACE 238666 --- [crud-springboot] [           main] o.s.b.f.s.DefaultListableBeanFactory     : Returning cached instance of singleton bean 'autoConfigurationReport'
2024-07-20T12:50:53.158+02:00 TRACE 238666 --- [crud-springboot] [           main] o.s.b.a.condition.OnPropertyCondition    : Condition OnPropertyCondition on org.springframework.boot.autoconfigure.transaction.TransactionAutoConfiguration$EnableTransactionManagementConfiguration$JdkDynamicAutoProxyConfiguration did not match due to @ConditionalOnProperty (spring.aop.proxy-target-class=false) did not find property 'proxy-target-class'
2024-07-20T12:50:53.158+02:00 TRACE 238666 --- [crud-springboot] [           main] o.s.b.f.s.DefaultListableBeanFactory     : Returning cached instance of singleton bean 'autoConfigurationReport'
2024-07-20T12:50:53.159+02:00 TRACE 238666 --- [crud-springboot] [           main] o.s.b.f.s.DefaultListableBeanFactory     : Returning cached instance of singleton bean 'autoConfigurationReport'
2024-07-20T12:50:53.159+02:00 TRACE 238666 --- [crud-springboot] [           main] o.s.b.f.s.DefaultListableBeanFactory     : Returning cached instance of singleton bean 'autoConfigurationReport'
2024-07-20T12:50:53.159+02:00 TRACE 238666 --- [crud-springboot] [           main] o.s.b.f.s.DefaultListableBeanFactory     : Returning cached instance of singleton bean 'autoConfigurationReport'
2024-07-20T12:50:53.159+02:00 TRACE 238666 --- [crud-springboot] [           main] o.s.b.f.s.DefaultListableBeanFactory     : Returning cached instance of singleton bean 'autoConfigurationReport'
2024-07-20T12:50:53.159+02:00 TRACE 238666 --- [crud-springboot] [           main] o.s.b.f.s.DefaultListableBeanFactory     : Returning cached instance of singleton bean 'autoConfigurationReport'
2024-07-20T12:50:53.159+02:00 TRACE 238666 --- [crud-springboot] [           main] o.s.b.f.s.DefaultListableBeanFactory     : Returning cached instance of singleton bean 'autoConfigurationReport'
2024-07-20T12:50:53.159+02:00 TRACE 238666 --- [crud-springboot] [           main] o.s.b.f.s.DefaultListableBeanFactory     : Returning cached instance of singleton bean 'autoConfigurationReport'
2024-07-20T12:50:53.160+02:00 TRACE 238666 --- [crud-springboot] [           main] o.s.b.f.s.DefaultListableBeanFactory     : Returning cached instance of singleton bean 'autoConfigurationReport'
2024-07-20T12:50:53.160+02:00 TRACE 238666 --- [crud-springboot] [           main] o.s.b.f.s.DefaultListableBeanFactory     : Returning cached instance of singleton bean 'autoConfigurationReport'
2024-07-20T12:50:53.161+02:00 TRACE 238666 --- [crud-springboot] [           main] o.s.b.a.condition.OnClassCondition       : Condition OnClassCondition on org.springframework.boot.autoconfigure.web.client.RestClientAutoConfiguration matched due to @ConditionalOnClass found required class 'org.springframework.web.client.RestClient'
2024-07-20T12:50:53.161+02:00 TRACE 238666 --- [crud-springboot] [           main] o.s.b.f.s.DefaultListableBeanFactory     : Returning cached instance of singleton bean 'autoConfigurationReport'
2024-07-20T12:50:53.162+02:00 TRACE 238666 --- [crud-springboot] [           main] a.w.c.NotReactiveWebApplicationCondition : Condition NotReactiveWebApplicationCondition on org.springframework.boot.autoconfigure.web.client.RestClientAutoConfiguration matched due to NoneNestedConditions 0 matched 1 did not; NestedCondition on NotReactiveWebApplicationCondition.ReactiveWebApplication did not find reactive web application classes
2024-07-20T12:50:53.162+02:00 TRACE 238666 --- [crud-springboot] [           main] o.s.b.f.s.DefaultListableBeanFactory     : Returning cached instance of singleton bean 'autoConfigurationReport'
2024-07-20T12:50:53.162+02:00 TRACE 238666 --- [crud-springboot] [           main] o.s.b.f.s.DefaultListableBeanFactory     : Returning cached instance of singleton bean 'autoConfigurationReport'
2024-07-20T12:50:53.162+02:00 TRACE 238666 --- [crud-springboot] [           main] o.s.b.f.s.DefaultListableBeanFactory     : Returning cached instance of singleton bean 'autoConfigurationReport'
2024-07-20T12:50:53.162+02:00 TRACE 238666 --- [crud-springboot] [           main] o.s.b.f.s.DefaultListableBeanFactory     : Returning cached instance of singleton bean 'autoConfigurationReport'
2024-07-20T12:50:53.163+02:00 TRACE 238666 --- [crud-springboot] [           main] o.s.b.f.s.DefaultListableBeanFactory     : Returning cached instance of singleton bean 'autoConfigurationReport'
2024-07-20T12:50:53.163+02:00 TRACE 238666 --- [crud-springboot] [           main] o.s.b.f.s.DefaultListableBeanFactory     : Returning cached instance of singleton bean 'autoConfigurationReport'
2024-07-20T12:50:53.163+02:00 TRACE 238666 --- [crud-springboot] [           main] o.s.b.f.s.DefaultListableBeanFactory     : Returning cached instance of singleton bean 'autoConfigurationReport'
2024-07-20T12:50:53.163+02:00 TRACE 238666 --- [crud-springboot] [           main] o.s.b.f.s.DefaultListableBeanFactory     : Returning cached instance of singleton bean 'autoConfigurationReport'
2024-07-20T12:50:53.163+02:00 TRACE 238666 --- [crud-springboot] [           main] o.s.b.f.s.DefaultListableBeanFactory     : Returning cached instance of singleton bean 'autoConfigurationReport'
2024-07-20T12:50:53.164+02:00 TRACE 238666 --- [crud-springboot] [           main] o.s.b.f.s.DefaultListableBeanFactory     : Returning cached instance of singleton bean 'autoConfigurationReport'
2024-07-20T12:50:53.165+02:00 TRACE 238666 --- [crud-springboot] [           main] o.s.b.a.condition.OnClassCondition       : Condition OnClassCondition on org.springframework.boot.autoconfigure.web.client.RestTemplateAutoConfiguration matched due to @ConditionalOnClass found required class 'org.springframework.web.client.RestTemplate'
2024-07-20T12:50:53.165+02:00 TRACE 238666 --- [crud-springboot] [           main] o.s.b.f.s.DefaultListableBeanFactory     : Returning cached instance of singleton bean 'autoConfigurationReport'
2024-07-20T12:50:53.167+02:00 TRACE 238666 --- [crud-springboot] [           main] a.w.c.NotReactiveWebApplicationCondition : Condition NotReactiveWebApplicationCondition on org.springframework.boot.autoconfigure.web.client.RestTemplateAutoConfiguration matched due to NoneNestedConditions 0 matched 1 did not; NestedCondition on NotReactiveWebApplicationCondition.ReactiveWebApplication did not find reactive web application classes
2024-07-20T12:50:53.167+02:00 TRACE 238666 --- [crud-springboot] [           main] o.s.b.f.s.DefaultListableBeanFactory     : Returning cached instance of singleton bean 'autoConfigurationReport'
2024-07-20T12:50:53.167+02:00 TRACE 238666 --- [crud-springboot] [           main] o.s.b.f.s.DefaultListableBeanFactory     : Returning cached instance of singleton bean 'autoConfigurationReport'
2024-07-20T12:50:53.167+02:00 TRACE 238666 --- [crud-springboot] [           main] o.s.b.f.s.DefaultListableBeanFactory     : Returning cached instance of singleton bean 'autoConfigurationReport'
2024-07-20T12:50:53.167+02:00 TRACE 238666 --- [crud-springboot] [           main] o.s.b.f.s.DefaultListableBeanFactory     : Returning cached instance of singleton bean 'autoConfigurationReport'
2024-07-20T12:50:53.168+02:00 TRACE 238666 --- [crud-springboot] [           main] o.s.b.f.s.DefaultListableBeanFactory     : Returning cached instance of singleton bean 'autoConfigurationReport'
2024-07-20T12:50:53.168+02:00 TRACE 238666 --- [crud-springboot] [           main] o.s.b.f.s.DefaultListableBeanFactory     : Returning cached instance of singleton bean 'autoConfigurationReport'
2024-07-20T12:50:53.168+02:00 TRACE 238666 --- [crud-springboot] [           main] o.s.b.f.s.DefaultListableBeanFactory     : Returning cached instance of singleton bean 'autoConfigurationReport'
2024-07-20T12:50:53.168+02:00 TRACE 238666 --- [crud-springboot] [           main] o.s.b.f.s.DefaultListableBeanFactory     : Returning cached instance of singleton bean 'autoConfigurationReport'
2024-07-20T12:50:53.168+02:00 TRACE 238666 --- [crud-springboot] [           main] o.s.b.f.s.DefaultListableBeanFactory     : Returning cached instance of singleton bean 'autoConfigurationReport'
2024-07-20T12:50:53.168+02:00 TRACE 238666 --- [crud-springboot] [           main] o.s.b.f.s.DefaultListableBeanFactory     : Returning cached instance of singleton bean 'autoConfigurationReport'
2024-07-20T12:50:53.170+02:00 TRACE 238666 --- [crud-springboot] [           main] o.s.b.a.c.OnWebApplicationCondition      : Condition OnWebApplicationCondition on org.springframework.boot.autoconfigure.web.embedded.EmbeddedWebServerFactoryCustomizerAutoConfiguration matched due to @ConditionalOnWebApplication (required) found 'session' scope
2024-07-20T12:50:53.170+02:00 TRACE 238666 --- [crud-springboot] [           main] o.s.b.f.s.DefaultListableBeanFactory     : Returning cached instance of singleton bean 'autoConfigurationReport'
2024-07-20T12:50:53.171+02:00 TRACE 238666 --- [crud-springboot] [           main] o.s.b.a.c.OnWarDeploymentCondition       : Condition OnWarDeploymentCondition on org.springframework.boot.autoconfigure.web.embedded.EmbeddedWebServerFactoryCustomizerAutoConfiguration did not match due to Application is deployed as a WAR file.
2024-07-20T12:50:53.171+02:00 TRACE 238666 --- [crud-springboot] [           main] o.s.b.f.s.DefaultListableBeanFactory     : Returning cached instance of singleton bean 'autoConfigurationReport'
2024-07-20T12:50:53.171+02:00 TRACE 238666 --- [crud-springboot] [           main] o.s.b.f.s.DefaultListableBeanFactory     : Returning cached instance of singleton bean 'autoConfigurationReport'
2024-07-20T12:50:53.171+02:00 TRACE 238666 --- [crud-springboot] [           main] o.s.b.f.s.DefaultListableBeanFactory     : Returning cached instance of singleton bean 'autoConfigurationReport'
2024-07-20T12:50:53.171+02:00 TRACE 238666 --- [crud-springboot] [           main] o.s.b.f.s.DefaultListableBeanFactory     : Returning cached instance of singleton bean 'autoConfigurationReport'
2024-07-20T12:50:53.172+02:00 TRACE 238666 --- [crud-springboot] [           main] o.s.b.f.s.DefaultListableBeanFactory     : Returning cached instance of singleton bean 'autoConfigurationReport'
2024-07-20T12:50:53.172+02:00 TRACE 238666 --- [crud-springboot] [           main] o.s.b.f.s.DefaultListableBeanFactory     : Returning cached instance of singleton bean 'autoConfigurationReport'
2024-07-20T12:50:53.172+02:00 TRACE 238666 --- [crud-springboot] [           main] o.s.b.f.s.DefaultListableBeanFactory     : Returning cached instance of singleton bean 'autoConfigurationReport'
2024-07-20T12:50:53.173+02:00 TRACE 238666 --- [crud-springboot] [           main] o.s.b.a.condition.OnClassCondition       : Condition OnClassCondition on org.springframework.boot.autoconfigure.web.servlet.HttpEncodingAutoConfiguration matched due to @ConditionalOnClass found required class 'org.springframework.web.filter.CharacterEncodingFilter'
2024-07-20T12:50:53.173+02:00 TRACE 238666 --- [crud-springboot] [           main] o.s.b.f.s.DefaultListableBeanFactory     : Returning cached instance of singleton bean 'autoConfigurationReport'
2024-07-20T12:50:53.173+02:00 TRACE 238666 --- [crud-springboot] [           main] o.s.b.a.c.OnWebApplicationCondition      : Condition OnWebApplicationCondition on org.springframework.boot.autoconfigure.web.servlet.HttpEncodingAutoConfiguration matched due to found 'session' scope
2024-07-20T12:50:53.173+02:00 TRACE 238666 --- [crud-springboot] [           main] o.s.b.f.s.DefaultListableBeanFactory     : Returning cached instance of singleton bean 'autoConfigurationReport'
2024-07-20T12:50:53.173+02:00 TRACE 238666 --- [crud-springboot] [           main] o.s.b.a.condition.OnPropertyCondition    : Condition OnPropertyCondition on org.springframework.boot.autoconfigure.web.servlet.HttpEncodingAutoConfiguration matched due to @ConditionalOnProperty (server.servlet.encoding.enabled) matched
2024-07-20T12:50:53.173+02:00 TRACE 238666 --- [crud-springboot] [           main] o.s.b.f.s.DefaultListableBeanFactory     : Returning cached instance of singleton bean 'autoConfigurationReport'
2024-07-20T12:50:53.173+02:00 TRACE 238666 --- [crud-springboot] [           main] o.s.b.f.s.DefaultListableBeanFactory     : Returning cached instance of singleton bean 'autoConfigurationReport'
2024-07-20T12:50:53.173+02:00 TRACE 238666 --- [crud-springboot] [           main] o.s.b.f.s.DefaultListableBeanFactory     : Returning cached instance of singleton bean 'autoConfigurationReport'
2024-07-20T12:50:53.173+02:00 TRACE 238666 --- [crud-springboot] [           main] o.s.b.f.s.DefaultListableBeanFactory     : Returning cached instance of singleton bean 'autoConfigurationReport'
2024-07-20T12:50:53.174+02:00 TRACE 238666 --- [crud-springboot] [           main] o.s.b.f.s.DefaultListableBeanFactory     : Returning cached instance of singleton bean 'autoConfigurationReport'
2024-07-20T12:50:53.174+02:00 TRACE 238666 --- [crud-springboot] [           main] o.s.b.f.s.DefaultListableBeanFactory     : Returning cached instance of singleton bean 'autoConfigurationReport'
2024-07-20T12:50:53.174+02:00 TRACE 238666 --- [crud-springboot] [           main] o.s.b.f.s.DefaultListableBeanFactory     : Returning cached instance of singleton bean 'autoConfigurationReport'
2024-07-20T12:50:53.174+02:00 TRACE 238666 --- [crud-springboot] [           main] o.s.b.f.s.DefaultListableBeanFactory     : Returning cached instance of singleton bean 'autoConfigurationReport'
2024-07-20T12:50:53.174+02:00 TRACE 238666 --- [crud-springboot] [           main] o.s.b.f.s.DefaultListableBeanFactory     : Returning cached instance of singleton bean 'autoConfigurationReport'
2024-07-20T12:50:53.174+02:00 TRACE 238666 --- [crud-springboot] [           main] o.s.b.f.s.DefaultListableBeanFactory     : Returning cached instance of singleton bean 'autoConfigurationReport'
2024-07-20T12:50:53.175+02:00 TRACE 238666 --- [crud-springboot] [           main] o.s.b.a.condition.OnClassCondition       : Condition OnClassCondition on org.springframework.boot.autoconfigure.web.servlet.MultipartAutoConfiguration matched due to @ConditionalOnClass found required classes 'jakarta.servlet.Servlet', 'org.springframework.web.multipart.support.StandardServletMultipartResolver', 'jakarta.servlet.MultipartConfigElement'
2024-07-20T12:50:53.175+02:00 TRACE 238666 --- [crud-springboot] [           main] o.s.b.f.s.DefaultListableBeanFactory     : Returning cached instance of singleton bean 'autoConfigurationReport'
2024-07-20T12:50:53.175+02:00 TRACE 238666 --- [crud-springboot] [           main] o.s.b.a.c.OnWebApplicationCondition      : Condition OnWebApplicationCondition on org.springframework.boot.autoconfigure.web.servlet.MultipartAutoConfiguration matched due to found 'session' scope
2024-07-20T12:50:53.176+02:00 TRACE 238666 --- [crud-springboot] [           main] o.s.b.f.s.DefaultListableBeanFactory     : Returning cached instance of singleton bean 'autoConfigurationReport'
2024-07-20T12:50:53.176+02:00 TRACE 238666 --- [crud-springboot] [           main] o.s.b.a.condition.OnPropertyCondition    : Condition OnPropertyCondition on org.springframework.boot.autoconfigure.web.servlet.MultipartAutoConfiguration matched due to @ConditionalOnProperty (spring.servlet.multipart.enabled) matched
2024-07-20T12:50:53.176+02:00 TRACE 238666 --- [crud-springboot] [           main] o.s.b.f.s.DefaultListableBeanFactory     : Returning cached instance of singleton bean 'autoConfigurationReport'
2024-07-20T12:50:53.176+02:00 TRACE 238666 --- [crud-springboot] [           main] o.s.b.f.s.DefaultListableBeanFactory     : Returning cached instance of singleton bean 'autoConfigurationReport'
2024-07-20T12:50:53.176+02:00 TRACE 238666 --- [crud-springboot] [           main] o.s.b.f.s.DefaultListableBeanFactory     : Returning cached instance of singleton bean 'autoConfigurationReport'
2024-07-20T12:50:53.176+02:00 TRACE 238666 --- [crud-springboot] [           main] o.s.b.f.s.DefaultListableBeanFactory     : Returning cached instance of singleton bean 'autoConfigurationReport'
2024-07-20T12:50:53.177+02:00 TRACE 238666 --- [crud-springboot] [           main] o.s.b.f.s.DefaultListableBeanFactory     : Returning cached instance of singleton bean 'autoConfigurationReport'
2024-07-20T12:50:53.177+02:00 TRACE 238666 --- [crud-springboot] [           main] o.s.b.f.s.DefaultListableBeanFactory     : Returning cached instance of singleton bean 'autoConfigurationReport'
2024-07-20T12:50:53.177+02:00 TRACE 238666 --- [crud-springboot] [           main] o.s.b.f.s.DefaultListableBeanFactory     : Returning cached instance of singleton bean 'autoConfigurationReport'
2024-07-20T12:50:53.177+02:00 TRACE 238666 --- [crud-springboot] [           main] o.s.b.f.s.DefaultListableBeanFactory     : Returning cached instance of singleton bean 'autoConfigurationReport'
2024-07-20T12:50:53.178+02:00 TRACE 238666 --- [crud-springboot] [           main] o.s.b.f.s.DefaultListableBeanFactory     : Returning cached instance of singleton bean 'autoConfigurationReport'
2024-07-20T12:50:53.178+02:00 TRACE 238666 --- [crud-springboot] [           main] o.s.b.f.s.DefaultListableBeanFactory     : Returning cached instance of singleton bean 'autoConfigurationReport'
2024-07-20T12:50:53.180+02:00 TRACE 238666 --- [crud-springboot] [           main] o.s.b.a.condition.OnClassCondition       : Condition OnClassCondition on org.springframework.boot.devtools.autoconfigure.DevToolsDataSourceAutoConfiguration matched due to @ConditionalOnClass found required class 'javax.sql.DataSource'
2024-07-20T12:50:53.181+02:00 TRACE 238666 --- [crud-springboot] [           main] o.s.b.f.s.DefaultListableBeanFactory     : Returning cached instance of singleton bean 'autoConfigurationReport'
2024-07-20T12:50:53.181+02:00 TRACE 238666 --- [crud-springboot] [           main] o.s.b.d.a.OnEnabledDevToolsCondition     : Condition OnEnabledDevToolsCondition on org.springframework.boot.devtools.autoconfigure.DevToolsDataSourceAutoConfiguration did not match due to Devtools devtools is disabled for current context.
2024-07-20T12:50:53.181+02:00 TRACE 238666 --- [crud-springboot] [           main] o.s.b.f.s.DefaultListableBeanFactory     : Returning cached instance of singleton bean 'autoConfigurationReport'
2024-07-20T12:50:53.181+02:00 TRACE 238666 --- [crud-springboot] [           main] o.s.b.f.s.DefaultListableBeanFactory     : Returning cached instance of singleton bean 'autoConfigurationReport'
2024-07-20T12:50:53.181+02:00 TRACE 238666 --- [crud-springboot] [           main] o.s.b.f.s.DefaultListableBeanFactory     : Returning cached instance of singleton bean 'autoConfigurationReport'
2024-07-20T12:50:53.181+02:00 TRACE 238666 --- [crud-springboot] [           main] o.s.b.f.s.DefaultListableBeanFactory     : Returning cached instance of singleton bean 'autoConfigurationReport'
2024-07-20T12:50:53.181+02:00 TRACE 238666 --- [crud-springboot] [           main] o.s.b.f.s.DefaultListableBeanFactory     : Returning cached instance of singleton bean 'autoConfigurationReport'
2024-07-20T12:50:53.181+02:00 TRACE 238666 --- [crud-springboot] [           main] o.s.b.f.s.DefaultListableBeanFactory     : Returning cached instance of singleton bean 'autoConfigurationReport'
2024-07-20T12:50:53.181+02:00 TRACE 238666 --- [crud-springboot] [           main] o.s.b.f.s.DefaultListableBeanFactory     : Returning cached instance of singleton bean 'autoConfigurationReport'
2024-07-20T12:50:53.183+02:00 TRACE 238666 --- [crud-springboot] [           main] .s.b.d.r.OnInitializedRestarterCondition : Condition OnInitializedRestarterCondition on org.springframework.boot.devtools.autoconfigure.LocalDevToolsAutoConfiguration did not match due to Initialized Restarter Condition initialized without URLs
2024-07-20T12:50:53.183+02:00 TRACE 238666 --- [crud-springboot] [           main] o.s.b.f.s.DefaultListableBeanFactory     : Returning cached instance of singleton bean 'autoConfigurationReport'
2024-07-20T12:50:53.183+02:00 TRACE 238666 --- [crud-springboot] [           main] o.s.b.f.s.DefaultListableBeanFactory     : Returning cached instance of singleton bean 'autoConfigurationReport'
2024-07-20T12:50:53.183+02:00 TRACE 238666 --- [crud-springboot] [           main] o.s.b.f.s.DefaultListableBeanFactory     : Returning cached instance of singleton bean 'autoConfigurationReport'
2024-07-20T12:50:53.183+02:00 TRACE 238666 --- [crud-springboot] [           main] o.s.b.f.s.DefaultListableBeanFactory     : Returning cached instance of singleton bean 'autoConfigurationReport'
2024-07-20T12:50:53.183+02:00 TRACE 238666 --- [crud-springboot] [           main] o.s.b.f.s.DefaultListableBeanFactory     : Returning cached instance of singleton bean 'autoConfigurationReport'
2024-07-20T12:50:53.183+02:00 TRACE 238666 --- [crud-springboot] [           main] o.s.b.f.s.DefaultListableBeanFactory     : Returning cached instance of singleton bean 'autoConfigurationReport'
2024-07-20T12:50:53.183+02:00 TRACE 238666 --- [crud-springboot] [           main] o.s.b.f.s.DefaultListableBeanFactory     : Returning cached instance of singleton bean 'autoConfigurationReport'
2024-07-20T12:50:53.184+02:00 TRACE 238666 --- [crud-springboot] [           main] o.s.b.a.condition.OnClassCondition       : Condition OnClassCondition on org.springframework.boot.devtools.autoconfigure.RemoteDevToolsAutoConfiguration matched due to @ConditionalOnClass found required classes 'jakarta.servlet.Filter', 'org.springframework.http.server.ServerHttpRequest'
2024-07-20T12:50:53.185+02:00 TRACE 238666 --- [crud-springboot] [           main] o.s.b.f.s.DefaultListableBeanFactory     : Returning cached instance of singleton bean 'autoConfigurationReport'
2024-07-20T12:50:53.185+02:00 TRACE 238666 --- [crud-springboot] [           main] o.s.b.a.condition.OnPropertyCondition    : Condition OnPropertyCondition on org.springframework.boot.devtools.autoconfigure.RemoteDevToolsAutoConfiguration did not match due to @ConditionalOnProperty (spring.devtools.remote.secret) did not find property 'secret'
2024-07-20T12:50:53.185+02:00 TRACE 238666 --- [crud-springboot] [           main] o.s.b.f.s.DefaultListableBeanFactory     : Returning cached instance of singleton bean 'autoConfigurationReport'
2024-07-20T12:50:53.191+02:00 TRACE 238666 --- [crud-springboot] [           main] a.ConfigurationClassBeanDefinitionReader : Registered bean definition for imported class 'org.springframework.security.config.annotation.configuration.ObjectPostProcessorConfiguration'
2024-07-20T12:50:53.194+02:00 TRACE 238666 --- [crud-springboot] [           main] a.ConfigurationClassBeanDefinitionReader : Registering bean definition for @Bean method org.springframework.security.config.annotation.configuration.ObjectPostProcessorConfiguration.objectPostProcessor()
2024-07-20T12:50:53.195+02:00 TRACE 238666 --- [crud-springboot] [           main] a.ConfigurationClassBeanDefinitionReader : Registered bean definition for imported class 'org.springframework.security.config.annotation.authentication.configuration.AuthenticationConfiguration'
2024-07-20T12:50:53.195+02:00 TRACE 238666 --- [crud-springboot] [           main] a.ConfigurationClassBeanDefinitionReader : Registering bean definition for @Bean method org.springframework.security.config.annotation.authentication.configuration.AuthenticationConfiguration.authenticationManagerBuilder()
2024-07-20T12:50:53.195+02:00 TRACE 238666 --- [crud-springboot] [           main] a.ConfigurationClassBeanDefinitionReader : Registering bean definition for @Bean method org.springframework.security.config.annotation.authentication.configuration.AuthenticationConfiguration.enableGlobalAuthenticationAutowiredConfigurer()
2024-07-20T12:50:53.195+02:00 TRACE 238666 --- [crud-springboot] [           main] a.ConfigurationClassBeanDefinitionReader : Registering bean definition for @Bean method org.springframework.security.config.annotation.authentication.configuration.AuthenticationConfiguration.initializeUserDetailsBeanManagerConfigurer()
2024-07-20T12:50:53.196+02:00 TRACE 238666 --- [crud-springboot] [           main] a.ConfigurationClassBeanDefinitionReader : Registering bean definition for @Bean method org.springframework.security.config.annotation.authentication.configuration.AuthenticationConfiguration.initializeAuthenticationProviderBeanManagerConfigurer()
2024-07-20T12:50:53.196+02:00 TRACE 238666 --- [crud-springboot] [           main] a.ConfigurationClassBeanDefinitionReader : Registered bean definition for imported class 'org.springframework.security.config.annotation.web.configuration.WebSecurityConfiguration'
2024-07-20T12:50:53.196+02:00 TRACE 238666 --- [crud-springboot] [           main] a.ConfigurationClassBeanDefinitionReader : Registering bean definition for @Bean method org.springframework.security.config.annotation.web.configuration.WebSecurityConfiguration.delegatingApplicationListener()
2024-07-20T12:50:53.196+02:00 TRACE 238666 --- [crud-springboot] [           main] a.ConfigurationClassBeanDefinitionReader : Registering bean definition for @Bean method org.springframework.security.config.annotation.web.configuration.WebSecurityConfiguration.webSecurityExpressionHandler()
2024-07-20T12:50:53.196+02:00 TRACE 238666 --- [crud-springboot] [           main] a.ConfigurationClassBeanDefinitionReader : Registering bean definition for @Bean method org.springframework.security.config.annotation.web.configuration.WebSecurityConfiguration.springSecurityFilterChain()
2024-07-20T12:50:53.196+02:00 TRACE 238666 --- [crud-springboot] [           main] a.ConfigurationClassBeanDefinitionReader : Registering bean definition for @Bean method org.springframework.security.config.annotation.web.configuration.WebSecurityConfiguration.privilegeEvaluator()
2024-07-20T12:50:53.196+02:00 TRACE 238666 --- [crud-springboot] [           main] a.ConfigurationClassBeanDefinitionReader : Registering bean definition for @Bean method org.springframework.security.config.annotation.web.configuration.WebSecurityConfiguration.conversionServicePostProcessor()
2024-07-20T12:50:53.197+02:00 TRACE 238666 --- [crud-springboot] [           main] a.ConfigurationClassBeanDefinitionReader : Registered bean definition for imported class 'org.springframework.security.config.annotation.web.configuration.WebMvcSecurityConfiguration'
2024-07-20T12:50:53.197+02:00 TRACE 238666 --- [crud-springboot] [           main] a.ConfigurationClassBeanDefinitionReader : Registering bean definition for @Bean method org.springframework.security.config.annotation.web.configuration.WebMvcSecurityConfiguration.requestDataValueProcessor()
2024-07-20T12:50:53.197+02:00 TRACE 238666 --- [crud-springboot] [           main] a.ConfigurationClassBeanDefinitionReader : Registering bean definition for @Bean method org.springframework.security.config.annotation.web.configuration.WebMvcSecurityConfiguration.springSecurityHandlerMappingIntrospectorBeanDefinitionRegistryPostProcessor()
2024-07-20T12:50:53.197+02:00 TRACE 238666 --- [crud-springboot] [           main] a.ConfigurationClassBeanDefinitionReader : Registered bean definition for imported class 'org.springframework.security.config.annotation.web.configuration.HttpSecurityConfiguration'
2024-07-20T12:50:53.197+02:00 TRACE 238666 --- [crud-springboot] [           main] a.ConfigurationClassBeanDefinitionReader : Registering bean definition for @Bean method org.springframework.security.config.annotation.web.configuration.HttpSecurityConfiguration.org.springframework.security.config.annotation.web.configuration.HttpSecurityConfiguration.httpSecurity()
2024-07-20T12:50:53.197+02:00 TRACE 238666 --- [crud-springboot] [           main] a.ConfigurationClassBeanDefinitionReader : Registering bean definition for @Bean method com.cwa.crudspringboot.configuration.SecurityConfig.passwordEncoder()
2024-07-20T12:50:53.197+02:00 TRACE 238666 --- [crud-springboot] [           main] a.ConfigurationClassBeanDefinitionReader : Registering bean definition for @Bean method com.cwa.crudspringboot.configuration.SecurityConfig.authenticationManager()
2024-07-20T12:50:53.198+02:00 TRACE 238666 --- [crud-springboot] [           main] a.ConfigurationClassBeanDefinitionReader : Registering bean definition for @Bean method com.cwa.crudspringboot.configuration.SecurityConfig.securityFilterChain()
2024-07-20T12:50:53.200+02:00 TRACE 238666 --- [crud-springboot] [           main] a.ConfigurationClassBeanDefinitionReader : Registered bean definition for imported class 'org.springframework.boot.autoconfigure.context.PropertyPlaceholderAutoConfiguration'
2024-07-20T12:50:53.243+02:00 TRACE 238666 --- [crud-springboot] [           main] o.s.b.a.condition.OnBeanCondition        : Condition OnBeanCondition on org.springframework.boot.autoconfigure.context.PropertyPlaceholderAutoConfiguration#propertySourcesPlaceholderConfigurer matched due to @ConditionalOnMissingBean (types: org.springframework.context.support.PropertySourcesPlaceholderConfigurer; SearchStrategy: current) did not find any beans
2024-07-20T12:50:53.243+02:00 TRACE 238666 --- [crud-springboot] [           main] o.s.b.f.s.DefaultListableBeanFactory     : Returning cached instance of singleton bean 'autoConfigurationReport'
2024-07-20T12:50:53.243+02:00 TRACE 238666 --- [crud-springboot] [           main] a.ConfigurationClassBeanDefinitionReader : Registering bean definition for @Bean method org.springframework.boot.autoconfigure.context.PropertyPlaceholderAutoConfiguration.propertySourcesPlaceholderConfigurer()
2024-07-20T12:50:53.244+02:00 TRACE 238666 --- [crud-springboot] [           main] a.ConfigurationClassBeanDefinitionReader : Registered bean definition for imported class 'org.springframework.boot.autoconfigure.ssl.SslAutoConfiguration'
2024-07-20T12:50:53.244+02:00 TRACE 238666 --- [crud-springboot] [           main] a.ConfigurationClassBeanDefinitionReader : Registering bean definition for @Bean method org.springframework.boot.autoconfigure.ssl.SslAutoConfiguration.fileWatcher()
2024-07-20T12:50:53.244+02:00 TRACE 238666 --- [crud-springboot] [           main] a.ConfigurationClassBeanDefinitionReader : Registering bean definition for @Bean method org.springframework.boot.autoconfigure.ssl.SslAutoConfiguration.sslPropertiesSslBundleRegistrar()
2024-07-20T12:50:53.249+02:00 TRACE 238666 --- [crud-springboot] [           main] o.s.b.a.condition.OnBeanCondition        : Condition OnBeanCondition on org.springframework.boot.autoconfigure.ssl.SslAutoConfiguration#sslBundleRegistry matched due to @ConditionalOnMissingBean (types: org.springframework.boot.ssl.SslBundleRegistry,org.springframework.boot.ssl.SslBundles; SearchStrategy: all) did not find any beans
2024-07-20T12:50:53.249+02:00 TRACE 238666 --- [crud-springboot] [           main] o.s.b.f.s.DefaultListableBeanFactory     : Returning cached instance of singleton bean 'autoConfigurationReport'
2024-07-20T12:50:53.249+02:00 TRACE 238666 --- [crud-springboot] [           main] a.ConfigurationClassBeanDefinitionReader : Registering bean definition for @Bean method org.springframework.boot.autoconfigure.ssl.SslAutoConfiguration.sslBundleRegistry()
2024-07-20T12:50:53.261+02:00 TRACE 238666 --- [crud-springboot] [           main] o.s.b.a.condition.OnClassCondition       : Condition OnClassCondition on org.springframework.boot.autoconfigure.websocket.servlet.WebSocketServletAutoConfiguration matched due to @ConditionalOnClass found required classes 'jakarta.servlet.Servlet', 'jakarta.websocket.server.ServerContainer'
2024-07-20T12:50:53.261+02:00 TRACE 238666 --- [crud-springboot] [           main] o.s.b.f.s.DefaultListableBeanFactory     : Returning cached instance of singleton bean 'autoConfigurationReport'
2024-07-20T12:50:53.261+02:00 TRACE 238666 --- [crud-springboot] [           main] o.s.b.a.c.OnWebApplicationCondition      : Condition OnWebApplicationCondition on org.springframework.boot.autoconfigure.websocket.servlet.WebSocketServletAutoConfiguration matched due to found 'session' scope
2024-07-20T12:50:53.261+02:00 TRACE 238666 --- [crud-springboot] [           main] o.s.b.f.s.DefaultListableBeanFactory     : Returning cached instance of singleton bean 'autoConfigurationReport'
2024-07-20T12:50:53.261+02:00 TRACE 238666 --- [crud-springboot] [           main] o.s.b.a.condition.OnClassCondition       : Condition OnClassCondition on org.springframework.boot.autoconfigure.websocket.servlet.WebSocketServletAutoConfiguration$TomcatWebSocketConfiguration matched due to @ConditionalOnClass found required classes 'org.apache.catalina.startup.Tomcat', 'org.apache.tomcat.websocket.server.WsSci'
2024-07-20T12:50:53.261+02:00 TRACE 238666 --- [crud-springboot] [           main] o.s.b.f.s.DefaultListableBeanFactory     : Returning cached instance of singleton bean 'autoConfigurationReport'
2024-07-20T12:50:53.261+02:00 TRACE 238666 --- [crud-springboot] [           main] a.ConfigurationClassBeanDefinitionReader : Registered bean definition for imported class 'org.springframework.boot.autoconfigure.websocket.servlet.WebSocketServletAutoConfiguration$TomcatWebSocketConfiguration'
2024-07-20T12:50:53.262+02:00 TRACE 238666 --- [crud-springboot] [           main] o.s.b.a.condition.OnBeanCondition        : Condition OnBeanCondition on org.springframework.boot.autoconfigure.websocket.servlet.WebSocketServletAutoConfiguration$TomcatWebSocketConfiguration#websocketServletWebServerCustomizer matched due to @ConditionalOnMissingBean (names: websocketServletWebServerCustomizer; SearchStrategy: all) did not find any beans
2024-07-20T12:50:53.262+02:00 TRACE 238666 --- [crud-springboot] [           main] o.s.b.f.s.DefaultListableBeanFactory     : Returning cached instance of singleton bean 'autoConfigurationReport'
2024-07-20T12:50:53.262+02:00 TRACE 238666 --- [crud-springboot] [           main] a.ConfigurationClassBeanDefinitionReader : Registering bean definition for @Bean method org.springframework.boot.autoconfigure.websocket.servlet.WebSocketServletAutoConfiguration$TomcatWebSocketConfiguration.websocketServletWebServerCustomizer()
2024-07-20T12:50:53.263+02:00 TRACE 238666 --- [crud-springboot] [           main] a.ConfigurationClassBeanDefinitionReader : Registered bean definition for imported class 'org.springframework.boot.autoconfigure.websocket.servlet.WebSocketServletAutoConfiguration'
2024-07-20T12:50:53.263+02:00 TRACE 238666 --- [crud-springboot] [           main] o.s.b.a.condition.OnClassCondition       : Condition OnClassCondition on org.springframework.boot.autoconfigure.web.servlet.ServletWebServerFactoryAutoConfiguration matched due to @ConditionalOnClass found required class 'jakarta.servlet.ServletRequest'
2024-07-20T12:50:53.263+02:00 TRACE 238666 --- [crud-springboot] [           main] o.s.b.f.s.DefaultListableBeanFactory     : Returning cached instance of singleton bean 'autoConfigurationReport'
2024-07-20T12:50:53.263+02:00 TRACE 238666 --- [crud-springboot] [           main] o.s.b.a.c.OnWebApplicationCondition      : Condition OnWebApplicationCondition on org.springframework.boot.autoconfigure.web.servlet.ServletWebServerFactoryAutoConfiguration matched due to found 'session' scope
2024-07-20T12:50:53.263+02:00 TRACE 238666 --- [crud-springboot] [           main] o.s.b.f.s.DefaultListableBeanFactory     : Returning cached instance of singleton bean 'autoConfigurationReport'
2024-07-20T12:50:53.264+02:00 TRACE 238666 --- [crud-springboot] [           main] o.s.b.a.condition.OnClassCondition       : Condition OnClassCondition on org.springframework.boot.autoconfigure.web.servlet.ServletWebServerFactoryConfiguration$EmbeddedTomcat matched due to @ConditionalOnClass found required classes 'jakarta.servlet.Servlet', 'org.apache.catalina.startup.Tomcat', 'org.apache.coyote.UpgradeProtocol'
2024-07-20T12:50:53.264+02:00 TRACE 238666 --- [crud-springboot] [           main] o.s.b.f.s.DefaultListableBeanFactory     : Returning cached instance of singleton bean 'autoConfigurationReport'
2024-07-20T12:50:53.268+02:00 TRACE 238666 --- [crud-springboot] [           main] o.s.b.a.condition.OnBeanCondition        : Condition OnBeanCondition on org.springframework.boot.autoconfigure.web.servlet.ServletWebServerFactoryConfiguration$EmbeddedTomcat matched due to @ConditionalOnMissingBean (types: org.springframework.boot.web.servlet.server.ServletWebServerFactory; SearchStrategy: current) did not find any beans
2024-07-20T12:50:53.268+02:00 TRACE 238666 --- [crud-springboot] [           main] o.s.b.f.s.DefaultListableBeanFactory     : Returning cached instance of singleton bean 'autoConfigurationReport'
2024-07-20T12:50:53.269+02:00 TRACE 238666 --- [crud-springboot] [           main] a.ConfigurationClassBeanDefinitionReader : Registered bean definition for imported class 'org.springframework.boot.autoconfigure.web.servlet.ServletWebServerFactoryConfiguration$EmbeddedTomcat'
2024-07-20T12:50:53.270+02:00 TRACE 238666 --- [crud-springboot] [           main] a.ConfigurationClassBeanDefinitionReader : Registering bean definition for @Bean method org.springframework.boot.autoconfigure.web.servlet.ServletWebServerFactoryConfiguration$EmbeddedTomcat.tomcatServletWebServerFactory()
2024-07-20T12:50:53.272+02:00 TRACE 238666 --- [crud-springboot] [           main] a.ConfigurationClassBeanDefinitionReader : Registered bean definition for imported class 'org.springframework.boot.autoconfigure.web.servlet.ServletWebServerFactoryAutoConfiguration'
2024-07-20T12:50:53.272+02:00 TRACE 238666 --- [crud-springboot] [           main] a.ConfigurationClassBeanDefinitionReader : Registering bean definition for @Bean method org.springframework.boot.autoconfigure.web.servlet.ServletWebServerFactoryAutoConfiguration.servletWebServerFactoryCustomizer()
2024-07-20T12:50:53.273+02:00 TRACE 238666 --- [crud-springboot] [           main] o.s.b.a.condition.OnClassCondition       : Condition OnClassCondition on org.springframework.boot.autoconfigure.web.servlet.ServletWebServerFactoryAutoConfiguration#tomcatServletWebServerFactoryCustomizer matched due to @ConditionalOnClass found required class 'org.apache.catalina.startup.Tomcat'
2024-07-20T12:50:53.273+02:00 TRACE 238666 --- [crud-springboot] [           main] o.s.b.f.s.DefaultListableBeanFactory     : Returning cached instance of singleton bean 'autoConfigurationReport'
2024-07-20T12:50:53.273+02:00 TRACE 238666 --- [crud-springboot] [           main] a.ConfigurationClassBeanDefinitionReader : Registering bean definition for @Bean method org.springframework.boot.autoconfigure.web.servlet.ServletWebServerFactoryAutoConfiguration.tomcatServletWebServerFactoryCustomizer()
2024-07-20T12:50:53.286+02:00 TRACE 238666 --- [crud-springboot] [           main] o.s.b.a.condition.OnClassCondition       : Condition OnClassCondition on org.springframework.boot.autoconfigure.web.servlet.DispatcherServletAutoConfiguration matched due to @ConditionalOnClass found required class 'org.springframework.web.servlet.DispatcherServlet'
2024-07-20T12:50:53.286+02:00 TRACE 238666 --- [crud-springboot] [           main] o.s.b.f.s.DefaultListableBeanFactory     : Returning cached instance of singleton bean 'autoConfigurationReport'
2024-07-20T12:50:53.286+02:00 TRACE 238666 --- [crud-springboot] [           main] o.s.b.a.c.OnWebApplicationCondition      : Condition OnWebApplicationCondition on org.springframework.boot.autoconfigure.web.servlet.DispatcherServletAutoConfiguration matched due to found 'session' scope
2024-07-20T12:50:53.286+02:00 TRACE 238666 --- [crud-springboot] [           main] o.s.b.f.s.DefaultListableBeanFactory     : Returning cached instance of singleton bean 'autoConfigurationReport'
2024-07-20T12:50:53.287+02:00 TRACE 238666 --- [crud-springboot] [           main] o.s.b.a.condition.OnClassCondition       : Condition OnClassCondition on org.springframework.boot.autoconfigure.web.servlet.DispatcherServletAutoConfiguration$DispatcherServletRegistrationConfiguration matched due to @ConditionalOnClass found required class 'jakarta.servlet.ServletRegistration'
2024-07-20T12:50:53.287+02:00 TRACE 238666 --- [crud-springboot] [           main] o.s.b.f.s.DefaultListableBeanFactory     : Returning cached instance of singleton bean 'autoConfigurationReport'
2024-07-20T12:50:53.287+02:00 TRACE 238666 --- [crud-springboot] [           main] n$DispatcherServletRegistrationCondition : Condition DispatcherServletAutoConfiguration.DispatcherServletRegistrationCondition on org.springframework.boot.autoconfigure.web.servlet.DispatcherServletAutoConfiguration$DispatcherServletRegistrationConfiguration matched due to DispatcherServlet Registration did not find servlet registration bean
2024-07-20T12:50:53.287+02:00 TRACE 238666 --- [crud-springboot] [           main] o.s.b.f.s.DefaultListableBeanFactory     : Returning cached instance of singleton bean 'autoConfigurationReport'
2024-07-20T12:50:53.288+02:00 TRACE 238666 --- [crud-springboot] [           main] o.s.b.a.condition.OnClassCondition       : Condition OnClassCondition on org.springframework.boot.autoconfigure.web.servlet.DispatcherServletAutoConfiguration$DispatcherServletConfiguration matched due to @ConditionalOnClass found required class 'jakarta.servlet.ServletRegistration'
2024-07-20T12:50:53.288+02:00 TRACE 238666 --- [crud-springboot] [           main] o.s.b.f.s.DefaultListableBeanFactory     : Returning cached instance of singleton bean 'autoConfigurationReport'
2024-07-20T12:50:53.288+02:00 TRACE 238666 --- [crud-springboot] [           main] ration$DefaultDispatcherServletCondition : Condition DispatcherServletAutoConfiguration.DefaultDispatcherServletCondition on org.springframework.boot.autoconfigure.web.servlet.DispatcherServletAutoConfiguration$DispatcherServletConfiguration matched due to Default DispatcherServlet did not find dispatcher servlet beans
2024-07-20T12:50:53.288+02:00 TRACE 238666 --- [crud-springboot] [           main] o.s.b.f.s.DefaultListableBeanFactory     : Returning cached instance of singleton bean 'autoConfigurationReport'
2024-07-20T12:50:53.289+02:00 TRACE 238666 --- [crud-springboot] [           main] a.ConfigurationClassBeanDefinitionReader : Registered bean definition for imported class 'org.springframework.boot.autoconfigure.web.servlet.DispatcherServletAutoConfiguration$DispatcherServletConfiguration'
2024-07-20T12:50:53.290+02:00 TRACE 238666 --- [crud-springboot] [           main] a.ConfigurationClassBeanDefinitionReader : Registering bean definition for @Bean method org.springframework.boot.autoconfigure.web.servlet.DispatcherServletAutoConfiguration$DispatcherServletConfiguration.dispatcherServlet()
2024-07-20T12:50:53.292+02:00 TRACE 238666 --- [crud-springboot] [           main] o.s.b.a.condition.OnBeanCondition        : Condition OnBeanCondition on org.springframework.boot.autoconfigure.web.servlet.DispatcherServletAutoConfiguration$DispatcherServletConfiguration#multipartResolver did not match due to @ConditionalOnBean (types: org.springframework.web.multipart.MultipartResolver; SearchStrategy: all) did not find any beans of type org.springframework.web.multipart.MultipartResolver
2024-07-20T12:50:53.292+02:00 TRACE 238666 --- [crud-springboot] [           main] o.s.b.f.s.DefaultListableBeanFactory     : Returning cached instance of singleton bean 'autoConfigurationReport'
2024-07-20T12:50:53.295+02:00 TRACE 238666 --- [crud-springboot] [           main] a.ConfigurationClassBeanDefinitionReader : Registered bean definition for imported class 'org.springframework.boot.autoconfigure.web.servlet.DispatcherServletAutoConfiguration$DispatcherServletRegistrationConfiguration'
2024-07-20T12:50:53.297+02:00 TRACE 238666 --- [crud-springboot] [           main] o.s.b.a.condition.OnBeanCondition        : Condition OnBeanCondition on org.springframework.boot.autoconfigure.web.servlet.DispatcherServletAutoConfiguration$DispatcherServletRegistrationConfiguration#dispatcherServletRegistration matched due to @ConditionalOnBean (names: dispatcherServlet types: org.springframework.web.servlet.DispatcherServlet; SearchStrategy: all) found bean 'dispatcherServlet'
2024-07-20T12:50:53.297+02:00 TRACE 238666 --- [crud-springboot] [           main] o.s.b.f.s.DefaultListableBeanFactory     : Returning cached instance of singleton bean 'autoConfigurationReport'
2024-07-20T12:50:53.298+02:00 TRACE 238666 --- [crud-springboot] [           main] a.ConfigurationClassBeanDefinitionReader : Registering bean definition for @Bean method org.springframework.boot.autoconfigure.web.servlet.DispatcherServletAutoConfiguration$DispatcherServletRegistrationConfiguration.dispatcherServletRegistration()
2024-07-20T12:50:53.299+02:00 TRACE 238666 --- [crud-springboot] [           main] a.ConfigurationClassBeanDefinitionReader : Registered bean definition for imported class 'org.springframework.boot.autoconfigure.web.servlet.DispatcherServletAutoConfiguration'
2024-07-20T12:50:53.299+02:00 TRACE 238666 --- [crud-springboot] [           main] o.s.b.a.condition.OnClassCondition       : Condition OnClassCondition on org.springframework.boot.autoconfigure.task.TaskExecutionAutoConfiguration matched due to @ConditionalOnClass found required class 'org.springframework.scheduling.concurrent.ThreadPoolTaskExecutor'
2024-07-20T12:50:53.299+02:00 TRACE 238666 --- [crud-springboot] [           main] o.s.b.f.s.DefaultListableBeanFactory     : Returning cached instance of singleton bean 'autoConfigurationReport'
2024-07-20T12:50:53.299+02:00 TRACE 238666 --- [crud-springboot] [           main] a.ConfigurationClassBeanDefinitionReader : Registered bean definition for imported class 'org.springframework.boot.autoconfigure.task.TaskExecutorConfigurations$ThreadPoolTaskExecutorBuilderConfiguration'
2024-07-20T12:50:53.306+02:00 TRACE 238666 --- [crud-springboot] [           main] o.s.b.a.condition.OnBeanCondition        : Condition OnBeanCondition on org.springframework.boot.autoconfigure.task.TaskExecutorConfigurations$ThreadPoolTaskExecutorBuilderConfiguration#threadPoolTaskExecutorBuilder matched due to @ConditionalOnMissingBean (types: org.springframework.boot.task.TaskExecutorBuilder,org.springframework.boot.task.ThreadPoolTaskExecutorBuilder; SearchStrategy: all) did not find any beans
2024-07-20T12:50:53.306+02:00 TRACE 238666 --- [crud-springboot] [           main] o.s.b.f.s.DefaultListableBeanFactory     : Returning cached instance of singleton bean 'autoConfigurationReport'
2024-07-20T12:50:53.306+02:00 TRACE 238666 --- [crud-springboot] [           main] a.ConfigurationClassBeanDefinitionReader : Registering bean definition for @Bean method org.springframework.boot.autoconfigure.task.TaskExecutorConfigurations$ThreadPoolTaskExecutorBuilderConfiguration.threadPoolTaskExecutorBuilder()
2024-07-20T12:50:53.307+02:00 TRACE 238666 --- [crud-springboot] [           main] a.ConfigurationClassBeanDefinitionReader : Registered bean definition for imported class 'org.springframework.boot.autoconfigure.task.TaskExecutorConfigurations$TaskExecutorBuilderConfiguration'
2024-07-20T12:50:53.310+02:00 TRACE 238666 --- [crud-springboot] [           main] o.s.b.a.condition.OnBeanCondition        : Condition OnBeanCondition on org.springframework.boot.autoconfigure.task.TaskExecutorConfigurations$TaskExecutorBuilderConfiguration#taskExecutorBuilder matched due to @ConditionalOnMissingBean (types: org.springframework.boot.task.TaskExecutorBuilder; SearchStrategy: all) did not find any beans
2024-07-20T12:50:53.310+02:00 TRACE 238666 --- [crud-springboot] [           main] o.s.b.f.s.DefaultListableBeanFactory     : Returning cached instance of singleton bean 'autoConfigurationReport'
2024-07-20T12:50:53.311+02:00 TRACE 238666 --- [crud-springboot] [           main] a.ConfigurationClassBeanDefinitionReader : Registering bean definition for @Bean method org.springframework.boot.autoconfigure.task.TaskExecutorConfigurations$TaskExecutorBuilderConfiguration.taskExecutorBuilder()
2024-07-20T12:50:53.311+02:00 TRACE 238666 --- [crud-springboot] [           main] a.ConfigurationClassBeanDefinitionReader : Registered bean definition for imported class 'org.springframework.boot.autoconfigure.task.TaskExecutorConfigurations$SimpleAsyncTaskExecutorBuilderConfiguration'
2024-07-20T12:50:53.314+02:00 TRACE 238666 --- [crud-springboot] [           main] o.s.b.a.condition.OnBeanCondition        : Condition OnBeanCondition on org.springframework.boot.autoconfigure.task.TaskExecutorConfigurations$SimpleAsyncTaskExecutorBuilderConfiguration#simpleAsyncTaskExecutorBuilder matched due to @ConditionalOnMissingBean (types: org.springframework.boot.task.SimpleAsyncTaskExecutorBuilder; SearchStrategy: all) did not find any beans
2024-07-20T12:50:53.314+02:00 TRACE 238666 --- [crud-springboot] [           main] o.s.b.f.s.DefaultListableBeanFactory     : Returning cached instance of singleton bean 'autoConfigurationReport'
2024-07-20T12:50:53.315+02:00 TRACE 238666 --- [crud-springboot] [           main] o.s.b.a.condition.OnThreadingCondition   : Condition OnThreadingCondition on org.springframework.boot.autoconfigure.task.TaskExecutorConfigurations$SimpleAsyncTaskExecutorBuilderConfiguration#simpleAsyncTaskExecutorBuilder matched due to @ConditionalOnThreading found PLATFORM
2024-07-20T12:50:53.315+02:00 TRACE 238666 --- [crud-springboot] [           main] o.s.b.f.s.DefaultListableBeanFactory     : Returning cached instance of singleton bean 'autoConfigurationReport'
2024-07-20T12:50:53.315+02:00 TRACE 238666 --- [crud-springboot] [           main] a.ConfigurationClassBeanDefinitionReader : Registering bean definition for @Bean method org.springframework.boot.autoconfigure.task.TaskExecutorConfigurations$SimpleAsyncTaskExecutorBuilderConfiguration.simpleAsyncTaskExecutorBuilder()
2024-07-20T12:50:53.321+02:00 TRACE 238666 --- [crud-springboot] [           main] o.s.b.a.condition.OnBeanCondition        : Condition OnBeanCondition on org.springframework.boot.autoconfigure.task.TaskExecutorConfigurations$SimpleAsyncTaskExecutorBuilderConfiguration#simpleAsyncTaskExecutorBuilderVirtualThreads did not match due to @ConditionalOnMissingBean (types: org.springframework.boot.task.SimpleAsyncTaskExecutorBuilder; SearchStrategy: all) found beans of type 'org.springframework.boot.task.SimpleAsyncTaskExecutorBuilder' simpleAsyncTaskExecutorBuilder
2024-07-20T12:50:53.321+02:00 TRACE 238666 --- [crud-springboot] [           main] o.s.b.f.s.DefaultListableBeanFactory     : Returning cached instance of singleton bean 'autoConfigurationReport'
2024-07-20T12:50:53.322+02:00 TRACE 238666 --- [crud-springboot] [           main] o.s.b.a.condition.OnBeanCondition        : Condition OnBeanCondition on org.springframework.boot.autoconfigure.task.TaskExecutorConfigurations$TaskExecutorConfiguration matched due to @ConditionalOnMissingBean (types: java.util.concurrent.Executor; SearchStrategy: all) did not find any beans
2024-07-20T12:50:53.322+02:00 TRACE 238666 --- [crud-springboot] [           main] o.s.b.f.s.DefaultListableBeanFactory     : Returning cached instance of singleton bean 'autoConfigurationReport'
2024-07-20T12:50:53.322+02:00 TRACE 238666 --- [crud-springboot] [           main] a.ConfigurationClassBeanDefinitionReader : Registered bean definition for imported class 'org.springframework.boot.autoconfigure.task.TaskExecutorConfigurations$TaskExecutorConfiguration'
2024-07-20T12:50:53.323+02:00 TRACE 238666 --- [crud-springboot] [           main] o.s.b.a.condition.OnThreadingCondition   : Condition OnThreadingCondition on org.springframework.boot.autoconfigure.task.TaskExecutorConfigurations$TaskExecutorConfiguration#applicationTaskExecutorVirtualThreads did not match due to @ConditionalOnThreading did not find VIRTUAL
2024-07-20T12:50:53.323+02:00 TRACE 238666 --- [crud-springboot] [           main] o.s.b.f.s.DefaultListableBeanFactory     : Returning cached instance of singleton bean 'autoConfigurationReport'
2024-07-20T12:50:53.323+02:00 TRACE 238666 --- [crud-springboot] [           main] o.s.b.a.condition.OnThreadingCondition   : Condition OnThreadingCondition on org.springframework.boot.autoconfigure.task.TaskExecutorConfigurations$TaskExecutorConfiguration#applicationTaskExecutor matched due to @ConditionalOnThreading found PLATFORM
2024-07-20T12:50:53.323+02:00 TRACE 238666 --- [crud-springboot] [           main] o.s.b.f.s.DefaultListableBeanFactory     : Returning cached instance of singleton bean 'autoConfigurationReport'
2024-07-20T12:50:53.324+02:00 TRACE 238666 --- [crud-springboot] [           main] o.s.b.f.s.DefaultListableBeanFactory     : Alias definition 'taskExecutor' registered for name 'applicationTaskExecutor'
2024-07-20T12:50:53.324+02:00 TRACE 238666 --- [crud-springboot] [           main] a.ConfigurationClassBeanDefinitionReader : Registering bean definition for @Bean method org.springframework.boot.autoconfigure.task.TaskExecutorConfigurations$TaskExecutorConfiguration.applicationTaskExecutor()
2024-07-20T12:50:53.325+02:00 TRACE 238666 --- [crud-springboot] [           main] a.ConfigurationClassBeanDefinitionReader : Registered bean definition for imported class 'org.springframework.boot.autoconfigure.task.TaskExecutionAutoConfiguration'
2024-07-20T12:50:53.326+02:00 TRACE 238666 --- [crud-springboot] [           main] o.s.b.a.condition.OnClassCondition       : Condition OnClassCondition on org.springframework.boot.autoconfigure.web.servlet.error.ErrorMvcAutoConfiguration matched due to @ConditionalOnClass found required classes 'jakarta.servlet.Servlet', 'org.springframework.web.servlet.DispatcherServlet'
2024-07-20T12:50:53.326+02:00 TRACE 238666 --- [crud-springboot] [           main] o.s.b.f.s.DefaultListableBeanFactory     : Returning cached instance of singleton bean 'autoConfigurationReport'
2024-07-20T12:50:53.326+02:00 TRACE 238666 --- [crud-springboot] [           main] o.s.b.a.c.OnWebApplicationCondition      : Condition OnWebApplicationCondition on org.springframework.boot.autoconfigure.web.servlet.error.ErrorMvcAutoConfiguration matched due to found 'session' scope
2024-07-20T12:50:53.326+02:00 TRACE 238666 --- [crud-springboot] [           main] o.s.b.f.s.DefaultListableBeanFactory     : Returning cached instance of singleton bean 'autoConfigurationReport'
2024-07-20T12:50:53.327+02:00 TRACE 238666 --- [crud-springboot] [           main] o.s.b.a.condition.OnPropertyCondition    : Condition OnPropertyCondition on org.springframework.boot.autoconfigure.web.servlet.error.ErrorMvcAutoConfiguration$WhitelabelErrorViewConfiguration matched due to @ConditionalOnProperty (server.error.whitelabel.enabled) matched
2024-07-20T12:50:53.327+02:00 TRACE 238666 --- [crud-springboot] [           main] o.s.b.f.s.DefaultListableBeanFactory     : Returning cached instance of singleton bean 'autoConfigurationReport'
2024-07-20T12:50:53.327+02:00 TRACE 238666 --- [crud-springboot] [           main] o.s.c.io.support.SpringFactoriesLoader   : Loaded [org.springframework.boot.autoconfigure.template.TemplateAvailabilityProvider] names: [org.springframework.boot.autoconfigure.freemarker.FreeMarkerTemplateAvailabilityProvider, org.springframework.boot.autoconfigure.mustache.MustacheTemplateAvailabilityProvider, org.springframework.boot.autoconfigure.groovy.template.GroovyTemplateAvailabilityProvider, org.springframework.boot.autoconfigure.thymeleaf.ThymeleafTemplateAvailabilityProvider, org.springframework.boot.autoconfigure.web.servlet.JspTemplateAvailabilityProvider]
2024-07-20T12:50:53.328+02:00 TRACE 238666 --- [crud-springboot] [           main] figuration$ErrorTemplateMissingCondition : Condition ErrorMvcAutoConfiguration.ErrorTemplateMissingCondition on org.springframework.boot.autoconfigure.web.servlet.error.ErrorMvcAutoConfiguration$WhitelabelErrorViewConfiguration matched due to ErrorTemplate Missing did not find error template view
2024-07-20T12:50:53.329+02:00 TRACE 238666 --- [crud-springboot] [           main] o.s.b.f.s.DefaultListableBeanFactory     : Returning cached instance of singleton bean 'autoConfigurationReport'
2024-07-20T12:50:53.329+02:00 TRACE 238666 --- [crud-springboot] [           main] a.ConfigurationClassBeanDefinitionReader : Registered bean definition for imported class 'org.springframework.boot.autoconfigure.web.servlet.error.ErrorMvcAutoConfiguration$WhitelabelErrorViewConfiguration'
2024-07-20T12:50:53.329+02:00 TRACE 238666 --- [crud-springboot] [           main] o.s.b.a.condition.OnBeanCondition        : Condition OnBeanCondition on org.springframework.boot.autoconfigure.web.servlet.error.ErrorMvcAutoConfiguration$WhitelabelErrorViewConfiguration#defaultErrorView matched due to @ConditionalOnMissingBean (names: error; SearchStrategy: all) did not find any beans
2024-07-20T12:50:53.330+02:00 TRACE 238666 --- [crud-springboot] [           main] o.s.b.f.s.DefaultListableBeanFactory     : Returning cached instance of singleton bean 'autoConfigurationReport'
2024-07-20T12:50:53.330+02:00 TRACE 238666 --- [crud-springboot] [           main] a.ConfigurationClassBeanDefinitionReader : Registering bean definition for @Bean method org.springframework.boot.autoconfigure.web.servlet.error.ErrorMvcAutoConfiguration$WhitelabelErrorViewConfiguration.error()
2024-07-20T12:50:53.339+02:00 TRACE 238666 --- [crud-springboot] [           main] o.s.b.a.condition.OnBeanCondition        : Condition OnBeanCondition on org.springframework.boot.autoconfigure.web.servlet.error.ErrorMvcAutoConfiguration$WhitelabelErrorViewConfiguration#beanNameViewResolver matched due to @ConditionalOnMissingBean (types: org.springframework.web.servlet.view.BeanNameViewResolver; SearchStrategy: all) did not find any beans
2024-07-20T12:50:53.340+02:00 TRACE 238666 --- [crud-springboot] [           main] o.s.b.f.s.DefaultListableBeanFactory     : Returning cached instance of singleton bean 'autoConfigurationReport'
2024-07-20T12:50:53.340+02:00 TRACE 238666 --- [crud-springboot] [           main] a.ConfigurationClassBeanDefinitionReader : Registering bean definition for @Bean method org.springframework.boot.autoconfigure.web.servlet.error.ErrorMvcAutoConfiguration$WhitelabelErrorViewConfiguration.beanNameViewResolver()
2024-07-20T12:50:53.341+02:00 TRACE 238666 --- [crud-springboot] [           main] a.ConfigurationClassBeanDefinitionReader : Registered bean definition for imported class 'org.springframework.boot.autoconfigure.web.servlet.error.ErrorMvcAutoConfiguration$DefaultErrorViewResolverConfiguration'
2024-07-20T12:50:53.344+02:00 TRACE 238666 --- [crud-springboot] [           main] o.s.b.a.condition.OnBeanCondition        : Condition OnBeanCondition on org.springframework.boot.autoconfigure.web.servlet.error.ErrorMvcAutoConfiguration$DefaultErrorViewResolverConfiguration#conventionErrorViewResolver matched due to @ConditionalOnBean (types: org.springframework.web.servlet.DispatcherServlet; SearchStrategy: all) found bean 'dispatcherServlet'; @ConditionalOnMissingBean (types: org.springframework.boot.autoconfigure.web.servlet.error.ErrorViewResolver; SearchStrategy: all) did not find any beans
2024-07-20T12:50:53.344+02:00 TRACE 238666 --- [crud-springboot] [           main] o.s.b.f.s.DefaultListableBeanFactory     : Returning cached instance of singleton bean 'autoConfigurationReport'
2024-07-20T12:50:53.345+02:00 TRACE 238666 --- [crud-springboot] [           main] o.s.b.a.condition.OnBeanCondition        : Condition OnBeanCondition on org.springframework.boot.autoconfigure.web.servlet.error.ErrorMvcAutoConfiguration$DefaultErrorViewResolverConfiguration#conventionErrorViewResolver matched due to @ConditionalOnBean (types: org.springframework.web.servlet.DispatcherServlet; SearchStrategy: all) found bean 'dispatcherServlet'; @ConditionalOnMissingBean (types: org.springframework.boot.autoconfigure.web.servlet.error.ErrorViewResolver; SearchStrategy: all) did not find any beans
2024-07-20T12:50:53.345+02:00 TRACE 238666 --- [crud-springboot] [           main] o.s.b.f.s.DefaultListableBeanFactory     : Returning cached instance of singleton bean 'autoConfigurationReport'
2024-07-20T12:50:53.345+02:00 TRACE 238666 --- [crud-springboot] [           main] a.ConfigurationClassBeanDefinitionReader : Registering bean definition for @Bean method org.springframework.boot.autoconfigure.web.servlet.error.ErrorMvcAutoConfiguration$DefaultErrorViewResolverConfiguration.conventionErrorViewResolver()
2024-07-20T12:50:53.347+02:00 TRACE 238666 --- [crud-springboot] [           main] a.ConfigurationClassBeanDefinitionReader : Registered bean definition for imported class 'org.springframework.boot.autoconfigure.web.servlet.error.ErrorMvcAutoConfiguration'
2024-07-20T12:50:53.351+02:00 TRACE 238666 --- [crud-springboot] [           main] o.s.b.a.condition.OnBeanCondition        : Condition OnBeanCondition on org.springframework.boot.autoconfigure.web.servlet.error.ErrorMvcAutoConfiguration#errorAttributes matched due to @ConditionalOnMissingBean (types: org.springframework.boot.web.servlet.error.ErrorAttributes; SearchStrategy: current) did not find any beans
2024-07-20T12:50:53.352+02:00 TRACE 238666 --- [crud-springboot] [           main] o.s.b.f.s.DefaultListableBeanFactory     : Returning cached instance of singleton bean 'autoConfigurationReport'
2024-07-20T12:50:53.355+02:00 TRACE 238666 --- [crud-springboot] [           main] a.ConfigurationClassBeanDefinitionReader : Registering bean definition for @Bean method org.springframework.boot.autoconfigure.web.servlet.error.ErrorMvcAutoConfiguration.errorAttributes()
2024-07-20T12:50:53.360+02:00 TRACE 238666 --- [crud-springboot] [           main] o.s.b.a.condition.OnBeanCondition        : Condition OnBeanCondition on org.springframework.boot.autoconfigure.web.servlet.error.ErrorMvcAutoConfiguration#basicErrorController matched due to @ConditionalOnMissingBean (types: org.springframework.boot.web.servlet.error.ErrorController; SearchStrategy: current) did not find any beans
2024-07-20T12:50:53.361+02:00 TRACE 238666 --- [crud-springboot] [           main] o.s.b.f.s.DefaultListableBeanFactory     : Returning cached instance of singleton bean 'autoConfigurationReport'
2024-07-20T12:50:53.361+02:00 TRACE 238666 --- [crud-springboot] [           main] a.ConfigurationClassBeanDefinitionReader : Registering bean definition for @Bean method org.springframework.boot.autoconfigure.web.servlet.error.ErrorMvcAutoConfiguration.basicErrorController()
2024-07-20T12:50:53.361+02:00 TRACE 238666 --- [crud-springboot] [           main] a.ConfigurationClassBeanDefinitionReader : Registering bean definition for @Bean method org.springframework.boot.autoconfigure.web.servlet.error.ErrorMvcAutoConfiguration.errorPageCustomizer()
2024-07-20T12:50:53.362+02:00 TRACE 238666 --- [crud-springboot] [           main] a.ConfigurationClassBeanDefinitionReader : Registering bean definition for @Bean method org.springframework.boot.autoconfigure.web.servlet.error.ErrorMvcAutoConfiguration.preserveErrorControllerTargetClassPostProcessor()
2024-07-20T12:50:53.363+02:00 TRACE 238666 --- [crud-springboot] [           main] o.s.b.a.condition.OnClassCondition       : Condition OnClassCondition on org.springframework.boot.autoconfigure.web.servlet.WebMvcAutoConfiguration matched due to @ConditionalOnClass found required classes 'jakarta.servlet.Servlet', 'org.springframework.web.servlet.DispatcherServlet', 'org.springframework.web.servlet.config.annotation.WebMvcConfigurer'
2024-07-20T12:50:53.363+02:00 TRACE 238666 --- [crud-springboot] [           main] o.s.b.f.s.DefaultListableBeanFactory     : Returning cached instance of singleton bean 'autoConfigurationReport'
2024-07-20T12:50:53.363+02:00 TRACE 238666 --- [crud-springboot] [           main] o.s.b.a.c.OnWebApplicationCondition      : Condition OnWebApplicationCondition on org.springframework.boot.autoconfigure.web.servlet.WebMvcAutoConfiguration matched due to found 'session' scope
2024-07-20T12:50:53.363+02:00 TRACE 238666 --- [crud-springboot] [           main] o.s.b.f.s.DefaultListableBeanFactory     : Returning cached instance of singleton bean 'autoConfigurationReport'
2024-07-20T12:50:53.369+02:00 TRACE 238666 --- [crud-springboot] [           main] o.s.b.a.condition.OnBeanCondition        : Condition OnBeanCondition on org.springframework.boot.autoconfigure.web.servlet.WebMvcAutoConfiguration matched due to @ConditionalOnMissingBean (types: org.springframework.web.servlet.config.annotation.WebMvcConfigurationSupport; SearchStrategy: all) did not find any beans
2024-07-20T12:50:53.369+02:00 TRACE 238666 --- [crud-springboot] [           main] o.s.b.f.s.DefaultListableBeanFactory     : Returning cached instance of singleton bean 'autoConfigurationReport'
2024-07-20T12:50:53.370+02:00 TRACE 238666 --- [crud-springboot] [           main] a.ConfigurationClassBeanDefinitionReader : Registered bean definition for imported class 'org.springframework.boot.autoconfigure.web.servlet.WebMvcAutoConfiguration$EnableWebMvcConfiguration'
2024-07-20T12:50:53.371+02:00 TRACE 238666 --- [crud-springboot] [           main] a.ConfigurationClassBeanDefinitionReader : Registering bean definition for @Bean method org.springframework.boot.autoconfigure.web.servlet.WebMvcAutoConfiguration$EnableWebMvcConfiguration.welcomePageHandlerMapping()
2024-07-20T12:50:53.371+02:00 TRACE 238666 --- [crud-springboot] [           main] a.ConfigurationClassBeanDefinitionReader : Registering bean definition for @Bean method org.springframework.boot.autoconfigure.web.servlet.WebMvcAutoConfiguration$EnableWebMvcConfiguration.welcomePageNotAcceptableHandlerMapping()
2024-07-20T12:50:53.372+02:00 TRACE 238666 --- [crud-springboot] [           main] o.s.b.a.condition.OnBeanCondition        : Condition OnBeanCondition on org.springframework.boot.autoconfigure.web.servlet.WebMvcAutoConfiguration$EnableWebMvcConfiguration#localeResolver matched due to @ConditionalOnMissingBean (names: localeResolver; SearchStrategy: all) did not find any beans
2024-07-20T12:50:53.372+02:00 TRACE 238666 --- [crud-springboot] [           main] o.s.b.f.s.DefaultListableBeanFactory     : Returning cached instance of singleton bean 'autoConfigurationReport'
2024-07-20T12:50:53.372+02:00 TRACE 238666 --- [crud-springboot] [           main] a.ConfigurationClassBeanDefinitionReader : Registering bean definition for @Bean method org.springframework.boot.autoconfigure.web.servlet.WebMvcAutoConfiguration$EnableWebMvcConfiguration.localeResolver()
2024-07-20T12:50:53.372+02:00 TRACE 238666 --- [crud-springboot] [           main] o.s.b.a.condition.OnBeanCondition        : Condition OnBeanCondition on org.springframework.boot.autoconfigure.web.servlet.WebMvcAutoConfiguration$EnableWebMvcConfiguration#themeResolver matched due to @ConditionalOnMissingBean (names: themeResolver; SearchStrategy: all) did not find any beans
2024-07-20T12:50:53.372+02:00 TRACE 238666 --- [crud-springboot] [           main] o.s.b.f.s.DefaultListableBeanFactory     : Returning cached instance of singleton bean 'autoConfigurationReport'
2024-07-20T12:50:53.373+02:00 TRACE 238666 --- [crud-springboot] [           main] a.ConfigurationClassBeanDefinitionReader : Registering bean definition for @Bean method org.springframework.boot.autoconfigure.web.servlet.WebMvcAutoConfiguration$EnableWebMvcConfiguration.themeResolver()
2024-07-20T12:50:53.373+02:00 TRACE 238666 --- [crud-springboot] [           main] o.s.b.a.condition.OnBeanCondition        : Condition OnBeanCondition on org.springframework.boot.autoconfigure.web.servlet.WebMvcAutoConfiguration$EnableWebMvcConfiguration#flashMapManager matched due to @ConditionalOnMissingBean (names: flashMapManager; SearchStrategy: all) did not find any beans
2024-07-20T12:50:53.373+02:00 TRACE 238666 --- [crud-springboot] [           main] o.s.b.f.s.DefaultListableBeanFactory     : Returning cached instance of singleton bean 'autoConfigurationReport'
2024-07-20T12:50:53.373+02:00 TRACE 238666 --- [crud-springboot] [           main] a.ConfigurationClassBeanDefinitionReader : Registering bean definition for @Bean method org.springframework.boot.autoconfigure.web.servlet.WebMvcAutoConfiguration$EnableWebMvcConfiguration.flashMapManager()
2024-07-20T12:50:53.374+02:00 TRACE 238666 --- [crud-springboot] [           main] a.ConfigurationClassBeanDefinitionReader : Registering bean definition for @Bean method org.springframework.boot.autoconfigure.web.servlet.WebMvcAutoConfiguration$EnableWebMvcConfiguration.mvcConversionService()
2024-07-20T12:50:53.374+02:00 TRACE 238666 --- [crud-springboot] [           main] a.ConfigurationClassBeanDefinitionReader : Registering bean definition for @Bean method org.springframework.boot.autoconfigure.web.servlet.WebMvcAutoConfiguration$EnableWebMvcConfiguration.mvcValidator()
2024-07-20T12:50:53.374+02:00 TRACE 238666 --- [crud-springboot] [           main] a.ConfigurationClassBeanDefinitionReader : Registering bean definition for @Bean method org.springframework.boot.autoconfigure.web.servlet.WebMvcAutoConfiguration$EnableWebMvcConfiguration.mvcContentNegotiationManager()
2024-07-20T12:50:53.374+02:00 TRACE 238666 --- [crud-springboot] [           main] a.ConfigurationClassBeanDefinitionReader : Registering bean definition for @Bean method org.springframework.boot.autoconfigure.web.servlet.WebMvcAutoConfiguration$EnableWebMvcConfiguration.requestMappingHandlerMapping()
2024-07-20T12:50:53.374+02:00 TRACE 238666 --- [crud-springboot] [           main] a.ConfigurationClassBeanDefinitionReader : Registering bean definition for @Bean method org.springframework.boot.autoconfigure.web.servlet.WebMvcAutoConfiguration$EnableWebMvcConfiguration.mvcPatternParser()
2024-07-20T12:50:53.375+02:00 TRACE 238666 --- [crud-springboot] [           main] a.ConfigurationClassBeanDefinitionReader : Registering bean definition for @Bean method org.springframework.boot.autoconfigure.web.servlet.WebMvcAutoConfiguration$EnableWebMvcConfiguration.mvcUrlPathHelper()
2024-07-20T12:50:53.375+02:00 TRACE 238666 --- [crud-springboot] [           main] a.ConfigurationClassBeanDefinitionReader : Registering bean definition for @Bean method org.springframework.boot.autoconfigure.web.servlet.WebMvcAutoConfiguration$EnableWebMvcConfiguration.mvcPathMatcher()
2024-07-20T12:50:53.375+02:00 TRACE 238666 --- [crud-springboot] [           main] a.ConfigurationClassBeanDefinitionReader : Registering bean definition for @Bean method org.springframework.boot.autoconfigure.web.servlet.WebMvcAutoConfiguration$EnableWebMvcConfiguration.viewControllerHandlerMapping()
2024-07-20T12:50:53.375+02:00 TRACE 238666 --- [crud-springboot] [           main] a.ConfigurationClassBeanDefinitionReader : Registering bean definition for @Bean method org.springframework.boot.autoconfigure.web.servlet.WebMvcAutoConfiguration$EnableWebMvcConfiguration.beanNameHandlerMapping()
2024-07-20T12:50:53.375+02:00 TRACE 238666 --- [crud-springboot] [           main] a.ConfigurationClassBeanDefinitionReader : Registering bean definition for @Bean method org.springframework.boot.autoconfigure.web.servlet.WebMvcAutoConfiguration$EnableWebMvcConfiguration.routerFunctionMapping()
2024-07-20T12:50:53.376+02:00 TRACE 238666 --- [crud-springboot] [           main] a.ConfigurationClassBeanDefinitionReader : Registering bean definition for @Bean method org.springframework.boot.autoconfigure.web.servlet.WebMvcAutoConfiguration$EnableWebMvcConfiguration.resourceHandlerMapping()
2024-07-20T12:50:53.376+02:00 TRACE 238666 --- [crud-springboot] [           main] a.ConfigurationClassBeanDefinitionReader : Registering bean definition for @Bean method org.springframework.boot.autoconfigure.web.servlet.WebMvcAutoConfiguration$EnableWebMvcConfiguration.mvcResourceUrlProvider()
2024-07-20T12:50:53.376+02:00 TRACE 238666 --- [crud-springboot] [           main] a.ConfigurationClassBeanDefinitionReader : Registering bean definition for @Bean method org.springframework.boot.autoconfigure.web.servlet.WebMvcAutoConfiguration$EnableWebMvcConfiguration.defaultServletHandlerMapping()
2024-07-20T12:50:53.376+02:00 TRACE 238666 --- [crud-springboot] [           main] a.ConfigurationClassBeanDefinitionReader : Registering bean definition for @Bean method org.springframework.boot.autoconfigure.web.servlet.WebMvcAutoConfiguration$EnableWebMvcConfiguration.requestMappingHandlerAdapter()
2024-07-20T12:50:53.376+02:00 TRACE 238666 --- [crud-springboot] [           main] a.ConfigurationClassBeanDefinitionReader : Registering bean definition for @Bean method org.springframework.boot.autoconfigure.web.servlet.WebMvcAutoConfiguration$EnableWebMvcConfiguration.handlerFunctionAdapter()
2024-07-20T12:50:53.376+02:00 TRACE 238666 --- [crud-springboot] [           main] a.ConfigurationClassBeanDefinitionReader : Registering bean definition for @Bean method org.springframework.boot.autoconfigure.web.servlet.WebMvcAutoConfiguration$EnableWebMvcConfiguration.mvcUriComponentsContributor()
2024-07-20T12:50:53.376+02:00 TRACE 238666 --- [crud-springboot] [           main] a.ConfigurationClassBeanDefinitionReader : Registering bean definition for @Bean method org.springframework.boot.autoconfigure.web.servlet.WebMvcAutoConfiguration$EnableWebMvcConfiguration.httpRequestHandlerAdapter()
2024-07-20T12:50:53.377+02:00 TRACE 238666 --- [crud-springboot] [           main] a.ConfigurationClassBeanDefinitionReader : Registering bean definition for @Bean method org.springframework.boot.autoconfigure.web.servlet.WebMvcAutoConfiguration$EnableWebMvcConfiguration.simpleControllerHandlerAdapter()
2024-07-20T12:50:53.377+02:00 TRACE 238666 --- [crud-springboot] [           main] a.ConfigurationClassBeanDefinitionReader : Registering bean definition for @Bean method org.springframework.boot.autoconfigure.web.servlet.WebMvcAutoConfiguration$EnableWebMvcConfiguration.handlerExceptionResolver()
2024-07-20T12:50:53.377+02:00 TRACE 238666 --- [crud-springboot] [           main] a.ConfigurationClassBeanDefinitionReader : Registering bean definition for @Bean method org.springframework.boot.autoconfigure.web.servlet.WebMvcAutoConfiguration$EnableWebMvcConfiguration.mvcViewResolver()
2024-07-20T12:50:53.377+02:00 TRACE 238666 --- [crud-springboot] [           main] a.ConfigurationClassBeanDefinitionReader : Registering bean definition for @Bean method org.springframework.boot.autoconfigure.web.servlet.WebMvcAutoConfiguration$EnableWebMvcConfiguration.mvcHandlerMappingIntrospector()
2024-07-20T12:50:53.378+02:00 TRACE 238666 --- [crud-springboot] [           main] a.ConfigurationClassBeanDefinitionReader : Registering bean definition for @Bean method org.springframework.boot.autoconfigure.web.servlet.WebMvcAutoConfiguration$EnableWebMvcConfiguration.viewNameTranslator()
2024-07-20T12:50:53.380+02:00 TRACE 238666 --- [crud-springboot] [           main] a.ConfigurationClassBeanDefinitionReader : Registered bean definition for imported class 'org.springframework.boot.autoconfigure.web.servlet.WebMvcAutoConfiguration$WebMvcAutoConfigurationAdapter'
2024-07-20T12:50:53.422+02:00 TRACE 238666 --- [crud-springboot] [           main] o.s.b.a.condition.OnBeanCondition        : Condition OnBeanCondition on org.springframework.boot.autoconfigure.web.servlet.WebMvcAutoConfiguration$WebMvcAutoConfigurationAdapter#defaultViewResolver matched due to @ConditionalOnMissingBean (types: org.springframework.web.servlet.view.InternalResourceViewResolver; SearchStrategy: all) did not find any beans
2024-07-20T12:50:53.422+02:00 TRACE 238666 --- [crud-springboot] [           main] o.s.b.f.s.DefaultListableBeanFactory     : Returning cached instance of singleton bean 'autoConfigurationReport'
2024-07-20T12:50:53.423+02:00 TRACE 238666 --- [crud-springboot] [           main] a.ConfigurationClassBeanDefinitionReader : Registering bean definition for @Bean method org.springframework.boot.autoconfigure.web.servlet.WebMvcAutoConfiguration$WebMvcAutoConfigurationAdapter.defaultViewResolver()
2024-07-20T12:50:53.430+02:00 TRACE 238666 --- [crud-springboot] [           main] o.s.b.a.condition.OnBeanCondition        : Condition OnBeanCondition on org.springframework.boot.autoconfigure.web.servlet.WebMvcAutoConfiguration$WebMvcAutoConfigurationAdapter#beanNameViewResolver did not match due to @ConditionalOnMissingBean (types: org.springframework.web.servlet.view.BeanNameViewResolver; SearchStrategy: all) found beans of type 'org.springframework.web.servlet.view.BeanNameViewResolver' beanNameViewResolver
2024-07-20T12:50:53.430+02:00 TRACE 238666 --- [crud-springboot] [           main] o.s.b.f.s.DefaultListableBeanFactory     : Returning cached instance of singleton bean 'autoConfigurationReport'
2024-07-20T12:50:53.432+02:00 TRACE 238666 --- [crud-springboot] [           main] o.s.b.a.condition.OnBeanCondition        : Condition OnBeanCondition on org.springframework.boot.autoconfigure.web.servlet.WebMvcAutoConfiguration$WebMvcAutoConfigurationAdapter#viewResolver matched due to @ConditionalOnBean (types: org.springframework.web.servlet.ViewResolver; SearchStrategy: all) found beans 'defaultViewResolver', 'beanNameViewResolver', 'mvcViewResolver'; @ConditionalOnMissingBean (names: viewResolver types: org.springframework.web.servlet.view.ContentNegotiatingViewResolver; SearchStrategy: all) did not find any beans
2024-07-20T12:50:53.432+02:00 TRACE 238666 --- [crud-springboot] [           main] o.s.b.f.s.DefaultListableBeanFactory     : Returning cached instance of singleton bean 'autoConfigurationReport'
2024-07-20T12:50:53.434+02:00 TRACE 238666 --- [crud-springboot] [           main] o.s.b.a.condition.OnBeanCondition        : Condition OnBeanCondition on org.springframework.boot.autoconfigure.web.servlet.WebMvcAutoConfiguration$WebMvcAutoConfigurationAdapter#viewResolver matched due to @ConditionalOnBean (types: org.springframework.web.servlet.ViewResolver; SearchStrategy: all) found beans 'defaultViewResolver', 'beanNameViewResolver', 'mvcViewResolver'; @ConditionalOnMissingBean (names: viewResolver types: org.springframework.web.servlet.view.ContentNegotiatingViewResolver; SearchStrategy: all) did not find any beans
2024-07-20T12:50:53.434+02:00 TRACE 238666 --- [crud-springboot] [           main] o.s.b.f.s.DefaultListableBeanFactory     : Returning cached instance of singleton bean 'autoConfigurationReport'
2024-07-20T12:50:53.434+02:00 TRACE 238666 --- [crud-springboot] [           main] a.ConfigurationClassBeanDefinitionReader : Registering bean definition for @Bean method org.springframework.boot.autoconfigure.web.servlet.WebMvcAutoConfiguration$WebMvcAutoConfigurationAdapter.viewResolver()
2024-07-20T12:50:53.442+02:00 TRACE 238666 --- [crud-springboot] [           main] o.s.b.a.condition.OnBeanCondition        : Condition OnBeanCondition on org.springframework.boot.autoconfigure.web.servlet.WebMvcAutoConfiguration$WebMvcAutoConfigurationAdapter#requestContextFilter matched due to @ConditionalOnMissingBean (types: org.springframework.web.context.request.RequestContextListener,org.springframework.web.filter.RequestContextFilter; SearchStrategy: all) did not find any beans
2024-07-20T12:50:53.442+02:00 TRACE 238666 --- [crud-springboot] [           main] o.s.b.f.s.DefaultListableBeanFactory     : Returning cached instance of singleton bean 'autoConfigurationReport'
2024-07-20T12:50:53.445+02:00 TRACE 238666 --- [crud-springboot] [           main] o.s.b.a.condition.OnBeanCondition        : Condition OnBeanCondition on org.springframework.boot.autoconfigure.web.servlet.WebMvcAutoConfiguration$WebMvcAutoConfigurationAdapter#requestContextFilter matched due to @ConditionalOnMissingBean (types: org.springframework.web.context.request.RequestContextListener,org.springframework.web.filter.RequestContextFilter; SearchStrategy: all) did not find any beans
2024-07-20T12:50:53.445+02:00 TRACE 238666 --- [crud-springboot] [           main] o.s.b.f.s.DefaultListableBeanFactory     : Returning cached instance of singleton bean 'autoConfigurationReport'
2024-07-20T12:50:53.445+02:00 TRACE 238666 --- [crud-springboot] [           main] a.ConfigurationClassBeanDefinitionReader : Registering bean definition for @Bean method org.springframework.boot.autoconfigure.web.servlet.WebMvcAutoConfiguration$WebMvcAutoConfigurationAdapter.requestContextFilter()
2024-07-20T12:50:53.447+02:00 TRACE 238666 --- [crud-springboot] [           main] a.ConfigurationClassBeanDefinitionReader : Registered bean definition for imported class 'org.springframework.boot.autoconfigure.web.servlet.WebMvcAutoConfiguration'
2024-07-20T12:50:53.448+02:00 TRACE 238666 --- [crud-springboot] [           main] o.s.b.a.condition.OnPropertyCondition    : Condition OnPropertyCondition on org.springframework.boot.autoconfigure.web.servlet.WebMvcAutoConfiguration#hiddenHttpMethodFilter did not match due to @ConditionalOnProperty (spring.mvc.hiddenmethod.filter.enabled) did not find property 'enabled'
2024-07-20T12:50:53.448+02:00 TRACE 238666 --- [crud-springboot] [           main] o.s.b.f.s.DefaultListableBeanFactory     : Returning cached instance of singleton bean 'autoConfigurationReport'
2024-07-20T12:50:53.449+02:00 TRACE 238666 --- [crud-springboot] [           main] o.s.b.a.condition.OnPropertyCondition    : Condition OnPropertyCondition on org.springframework.boot.autoconfigure.web.servlet.WebMvcAutoConfiguration#formContentFilter matched due to @ConditionalOnProperty (spring.mvc.formcontent.filter.enabled) matched
2024-07-20T12:50:53.449+02:00 TRACE 238666 --- [crud-springboot] [           main] o.s.b.f.s.DefaultListableBeanFactory     : Returning cached instance of singleton bean 'autoConfigurationReport'
2024-07-20T12:50:53.453+02:00 TRACE 238666 --- [crud-springboot] [           main] o.s.b.a.condition.OnBeanCondition        : Condition OnBeanCondition on org.springframework.boot.autoconfigure.web.servlet.WebMvcAutoConfiguration#formContentFilter matched due to @ConditionalOnMissingBean (types: org.springframework.web.filter.FormContentFilter; SearchStrategy: all) did not find any beans
2024-07-20T12:50:53.454+02:00 TRACE 238666 --- [crud-springboot] [           main] o.s.b.f.s.DefaultListableBeanFactory     : Returning cached instance of singleton bean 'autoConfigurationReport'
2024-07-20T12:50:53.454+02:00 TRACE 238666 --- [crud-springboot] [           main] a.ConfigurationClassBeanDefinitionReader : Registering bean definition for @Bean method org.springframework.boot.autoconfigure.web.servlet.WebMvcAutoConfiguration.formContentFilter()
2024-07-20T12:50:53.455+02:00 TRACE 238666 --- [crud-springboot] [           main] o.s.b.a.condition.OnPropertyCondition    : Condition OnPropertyCondition on org.springframework.boot.autoconfigure.aop.AopAutoConfiguration matched due to @ConditionalOnProperty (spring.aop.auto=true) matched
2024-07-20T12:50:53.455+02:00 TRACE 238666 --- [crud-springboot] [           main] o.s.b.f.s.DefaultListableBeanFactory     : Returning cached instance of singleton bean 'autoConfigurationReport'
2024-07-20T12:50:53.455+02:00 TRACE 238666 --- [crud-springboot] [           main] o.s.b.a.condition.OnClassCondition       : Condition OnClassCondition on org.springframework.boot.autoconfigure.aop.AopAutoConfiguration$AspectJAutoProxyingConfiguration matched due to @ConditionalOnClass found required class 'org.aspectj.weaver.Advice'
2024-07-20T12:50:53.455+02:00 TRACE 238666 --- [crud-springboot] [           main] o.s.b.f.s.DefaultListableBeanFactory     : Returning cached instance of singleton bean 'autoConfigurationReport'
2024-07-20T12:50:53.456+02:00 TRACE 238666 --- [crud-springboot] [           main] o.s.b.a.condition.OnPropertyCondition    : Condition OnPropertyCondition on org.springframework.boot.autoconfigure.aop.AopAutoConfiguration$AspectJAutoProxyingConfiguration$CglibAutoProxyConfiguration matched due to @ConditionalOnProperty (spring.aop.proxy-target-class=true) matched
2024-07-20T12:50:53.456+02:00 TRACE 238666 --- [crud-springboot] [           main] o.s.b.f.s.DefaultListableBeanFactory     : Returning cached instance of singleton bean 'autoConfigurationReport'
2024-07-20T12:50:53.456+02:00 TRACE 238666 --- [crud-springboot] [           main] a.ConfigurationClassBeanDefinitionReader : Registered bean definition for imported class 'org.springframework.boot.autoconfigure.aop.AopAutoConfiguration$AspectJAutoProxyingConfiguration$CglibAutoProxyConfiguration'
2024-07-20T12:50:53.460+02:00 TRACE 238666 --- [crud-springboot] [           main] a.ConfigurationClassBeanDefinitionReader : Registered bean definition for imported class 'org.springframework.boot.autoconfigure.aop.AopAutoConfiguration$AspectJAutoProxyingConfiguration'
2024-07-20T12:50:53.460+02:00 TRACE 238666 --- [crud-springboot] [           main] a.ConfigurationClassBeanDefinitionReader : Registered bean definition for imported class 'org.springframework.boot.autoconfigure.aop.AopAutoConfiguration'
2024-07-20T12:50:53.461+02:00 TRACE 238666 --- [crud-springboot] [           main] a.ConfigurationClassBeanDefinitionReader : Registered bean definition for imported class 'org.springframework.boot.autoconfigure.availability.ApplicationAvailabilityAutoConfiguration'
2024-07-20T12:50:53.473+02:00 TRACE 238666 --- [crud-springboot] [           main] o.s.b.a.condition.OnBeanCondition        : Condition OnBeanCondition on org.springframework.boot.autoconfigure.availability.ApplicationAvailabilityAutoConfiguration#applicationAvailability matched due to @ConditionalOnMissingBean (types: org.springframework.boot.availability.ApplicationAvailability; SearchStrategy: all) did not find any beans
2024-07-20T12:50:53.473+02:00 TRACE 238666 --- [crud-springboot] [           main] o.s.b.f.s.DefaultListableBeanFactory     : Returning cached instance of singleton bean 'autoConfigurationReport'
2024-07-20T12:50:53.473+02:00 TRACE 238666 --- [crud-springboot] [           main] a.ConfigurationClassBeanDefinitionReader : Registering bean definition for @Bean method org.springframework.boot.autoconfigure.availability.ApplicationAvailabilityAutoConfiguration.applicationAvailability()
2024-07-20T12:50:53.474+02:00 TRACE 238666 --- [crud-springboot] [           main] o.s.b.a.condition.OnClassCondition       : Condition OnClassCondition on org.springframework.boot.autoconfigure.transaction.jta.JtaAutoConfiguration matched due to @ConditionalOnClass found required class 'jakarta.transaction.Transaction'
2024-07-20T12:50:53.474+02:00 TRACE 238666 --- [crud-springboot] [           main] o.s.b.f.s.DefaultListableBeanFactory     : Returning cached instance of singleton bean 'autoConfigurationReport'
2024-07-20T12:50:53.474+02:00 TRACE 238666 --- [crud-springboot] [           main] o.s.b.a.condition.OnPropertyCondition    : Condition OnPropertyCondition on org.springframework.boot.autoconfigure.transaction.jta.JtaAutoConfiguration matched due to @ConditionalOnProperty (spring.jta.enabled) matched
2024-07-20T12:50:53.474+02:00 TRACE 238666 --- [crud-springboot] [           main] o.s.b.f.s.DefaultListableBeanFactory     : Returning cached instance of singleton bean 'autoConfigurationReport'
2024-07-20T12:50:53.477+02:00 TRACE 238666 --- [crud-springboot] [           main] a.ConfigurationClassBeanDefinitionReader : Registered bean definition for imported class 'org.springframework.boot.autoconfigure.transaction.jta.JtaAutoConfiguration'
2024-07-20T12:50:53.478+02:00 TRACE 238666 --- [crud-springboot] [           main] o.s.b.a.condition.OnClassCondition       : Condition OnClassCondition on org.springframework.boot.autoconfigure.jdbc.XADataSourceAutoConfiguration matched due to @ConditionalOnClass found required classes 'javax.sql.DataSource', 'jakarta.transaction.TransactionManager', 'org.springframework.jdbc.datasource.embedded.EmbeddedDatabaseType'
2024-07-20T12:50:53.478+02:00 TRACE 238666 --- [crud-springboot] [           main] o.s.b.f.s.DefaultListableBeanFactory     : Returning cached instance of singleton bean 'autoConfigurationReport'
2024-07-20T12:50:53.480+02:00 TRACE 238666 --- [crud-springboot] [           main] o.s.b.a.condition.OnBeanCondition        : Condition OnBeanCondition on org.springframework.boot.autoconfigure.jdbc.XADataSourceAutoConfiguration did not match due to @ConditionalOnBean (types: org.springframework.boot.jdbc.XADataSourceWrapper; SearchStrategy: all) did not find any beans of type org.springframework.boot.jdbc.XADataSourceWrapper
2024-07-20T12:50:53.480+02:00 TRACE 238666 --- [crud-springboot] [           main] o.s.b.f.s.DefaultListableBeanFactory     : Returning cached instance of singleton bean 'autoConfigurationReport'
2024-07-20T12:50:53.480+02:00 TRACE 238666 --- [crud-springboot] [           main] o.s.b.a.condition.OnClassCondition       : Condition OnClassCondition on org.springframework.boot.autoconfigure.jdbc.DataSourceAutoConfiguration matched due to @ConditionalOnClass found required classes 'javax.sql.DataSource', 'org.springframework.jdbc.datasource.embedded.EmbeddedDatabaseType'
2024-07-20T12:50:53.480+02:00 TRACE 238666 --- [crud-springboot] [           main] o.s.b.f.s.DefaultListableBeanFactory     : Returning cached instance of singleton bean 'autoConfigurationReport'
2024-07-20T12:50:53.481+02:00 TRACE 238666 --- [crud-springboot] [           main] o.s.b.a.condition.OnBeanCondition        : Condition OnBeanCondition on org.springframework.boot.autoconfigure.jdbc.DataSourceAutoConfiguration matched due to @ConditionalOnMissingBean (types: io.r2dbc.spi.ConnectionFactory; SearchStrategy: all) did not find any beans
2024-07-20T12:50:53.481+02:00 TRACE 238666 --- [crud-springboot] [           main] o.s.b.f.s.DefaultListableBeanFactory     : Returning cached instance of singleton bean 'autoConfigurationReport'
2024-07-20T12:50:53.483+02:00 TRACE 238666 --- [crud-springboot] [           main] o.s.b.a.condition.OnBeanCondition        : Condition OnBeanCondition on org.springframework.boot.autoconfigure.jdbc.DataSourceAutoConfiguration$PooledDataSourceConfiguration matched due to @ConditionalOnMissingBean (types: javax.sql.DataSource,javax.sql.XADataSource; SearchStrategy: all) did not find any beans
2024-07-20T12:50:53.483+02:00 TRACE 238666 --- [crud-springboot] [           main] o.s.b.f.s.DefaultListableBeanFactory     : Returning cached instance of singleton bean 'autoConfigurationReport'
2024-07-20T12:50:53.483+02:00 TRACE 238666 --- [crud-springboot] [           main] o.s.b.a.condition.OnClassCondition       : Condition OnClassCondition on org.springframework.boot.autoconfigure.jdbc.DataSourceConfiguration$Hikari matched due to @ConditionalOnClass found required class 'com.zaxxer.hikari.HikariDataSource'
2024-07-20T12:50:53.483+02:00 TRACE 238666 --- [crud-springboot] [           main] o.s.b.f.s.DefaultListableBeanFactory     : Returning cached instance of singleton bean 'autoConfigurationReport'
2024-07-20T12:50:53.483+02:00 TRACE 238666 --- [crud-springboot] [           main] o.s.b.a.condition.OnPropertyCondition    : Condition OnPropertyCondition on org.springframework.boot.autoconfigure.jdbc.DataSourceConfiguration$Hikari matched due to @ConditionalOnProperty (spring.datasource.type=com.zaxxer.hikari.HikariDataSource) matched
2024-07-20T12:50:53.483+02:00 TRACE 238666 --- [crud-springboot] [           main] o.s.b.f.s.DefaultListableBeanFactory     : Returning cached instance of singleton bean 'autoConfigurationReport'
2024-07-20T12:50:53.485+02:00 TRACE 238666 --- [crud-springboot] [           main] o.s.b.a.condition.OnBeanCondition        : Condition OnBeanCondition on org.springframework.boot.autoconfigure.jdbc.DataSourceConfiguration$Hikari matched due to @ConditionalOnMissingBean (types: javax.sql.DataSource; SearchStrategy: all) did not find any beans
2024-07-20T12:50:53.486+02:00 TRACE 238666 --- [crud-springboot] [           main] o.s.b.f.s.DefaultListableBeanFactory     : Returning cached instance of singleton bean 'autoConfigurationReport'
2024-07-20T12:50:53.486+02:00 TRACE 238666 --- [crud-springboot] [           main] a.ConfigurationClassBeanDefinitionReader : Registered bean definition for imported class 'org.springframework.boot.autoconfigure.jdbc.DataSourceConfiguration$Hikari'
2024-07-20T12:50:53.487+02:00 TRACE 238666 --- [crud-springboot] [           main] a.ConfigurationClassBeanDefinitionReader : Registering bean definition for @Bean method org.springframework.boot.autoconfigure.jdbc.DataSourceConfiguration$Hikari.jdbcConnectionDetailsHikariBeanPostProcessor()
2024-07-20T12:50:53.487+02:00 TRACE 238666 --- [crud-springboot] [           main] a.ConfigurationClassBeanDefinitionReader : Registering bean definition for @Bean method org.springframework.boot.autoconfigure.jdbc.DataSourceConfiguration$Hikari.dataSource()
2024-07-20T12:50:53.491+02:00 TRACE 238666 --- [crud-springboot] [           main] a.ConfigurationClassBeanDefinitionReader : Registered bean definition for imported class 'org.springframework.boot.autoconfigure.jdbc.DataSourceAutoConfiguration$PooledDataSourceConfiguration'
2024-07-20T12:50:53.496+02:00 TRACE 238666 --- [crud-springboot] [           main] o.s.b.a.condition.OnBeanCondition        : Condition OnBeanCondition on org.springframework.boot.autoconfigure.jdbc.DataSourceAutoConfiguration$PooledDataSourceConfiguration#jdbcConnectionDetails matched due to @ConditionalOnMissingBean (types: org.springframework.boot.autoconfigure.jdbc.JdbcConnectionDetails; SearchStrategy: all) did not find any beans
2024-07-20T12:50:53.496+02:00 TRACE 238666 --- [crud-springboot] [           main] o.s.b.f.s.DefaultListableBeanFactory     : Returning cached instance of singleton bean 'autoConfigurationReport'
2024-07-20T12:50:53.496+02:00 TRACE 238666 --- [crud-springboot] [           main] a.ConfigurationClassBeanDefinitionReader : Registering bean definition for @Bean method org.springframework.boot.autoconfigure.jdbc.DataSourceAutoConfiguration$PooledDataSourceConfiguration.jdbcConnectionDetails()
2024-07-20T12:50:53.497+02:00 TRACE 238666 --- [crud-springboot] [           main] o.s.b.a.condition.OnClassCondition       : Condition OnClassCondition on org.springframework.boot.autoconfigure.jdbc.metadata.DataSourcePoolMetadataProvidersConfiguration$HikariPoolDataSourceMetadataProviderConfiguration matched due to @ConditionalOnClass found required class 'com.zaxxer.hikari.HikariDataSource'
2024-07-20T12:50:53.497+02:00 TRACE 238666 --- [crud-springboot] [           main] o.s.b.f.s.DefaultListableBeanFactory     : Returning cached instance of singleton bean 'autoConfigurationReport'
2024-07-20T12:50:53.497+02:00 TRACE 238666 --- [crud-springboot] [           main] a.ConfigurationClassBeanDefinitionReader : Registered bean definition for imported class 'org.springframework.boot.autoconfigure.jdbc.metadata.DataSourcePoolMetadataProvidersConfiguration$HikariPoolDataSourceMetadataProviderConfiguration'
2024-07-20T12:50:53.497+02:00 TRACE 238666 --- [crud-springboot] [           main] a.ConfigurationClassBeanDefinitionReader : Registering bean definition for @Bean method org.springframework.boot.autoconfigure.jdbc.metadata.DataSourcePoolMetadataProvidersConfiguration$HikariPoolDataSourceMetadataProviderConfiguration.hikariPoolDataSourceMetadataProvider()
2024-07-20T12:50:53.497+02:00 TRACE 238666 --- [crud-springboot] [           main] a.ConfigurationClassBeanDefinitionReader : Registered bean definition for imported class 'org.springframework.boot.autoconfigure.jdbc.metadata.DataSourcePoolMetadataProvidersConfiguration'
2024-07-20T12:50:53.499+02:00 TRACE 238666 --- [crud-springboot] [           main] a.ConfigurationClassBeanDefinitionReader : Registered bean definition for imported class 'org.springframework.boot.autoconfigure.jdbc.DataSourceAutoConfiguration'
2024-07-20T12:50:53.503+02:00 TRACE 238666 --- [crud-springboot] [           main] o.s.b.a.condition.OnClassCondition       : Condition OnClassCondition on org.springframework.boot.autoconfigure.transaction.TransactionManagerCustomizationAutoConfiguration matched due to @ConditionalOnClass found required class 'org.springframework.transaction.PlatformTransactionManager'
2024-07-20T12:50:53.503+02:00 TRACE 238666 --- [crud-springboot] [           main] o.s.b.f.s.DefaultListableBeanFactory     : Returning cached instance of singleton bean 'autoConfigurationReport'
2024-07-20T12:50:53.504+02:00 TRACE 238666 --- [crud-springboot] [           main] a.ConfigurationClassBeanDefinitionReader : Registered bean definition for imported class 'org.springframework.boot.autoconfigure.transaction.TransactionManagerCustomizationAutoConfiguration'
2024-07-20T12:50:53.508+02:00 TRACE 238666 --- [crud-springboot] [           main] o.s.b.a.condition.OnBeanCondition        : Condition OnBeanCondition on org.springframework.boot.autoconfigure.transaction.TransactionManagerCustomizationAutoConfiguration#platformTransactionManagerCustomizers matched due to @ConditionalOnMissingBean (types: org.springframework.boot.autoconfigure.transaction.TransactionManagerCustomizers; SearchStrategy: all) did not find any beans
2024-07-20T12:50:53.508+02:00 TRACE 238666 --- [crud-springboot] [           main] o.s.b.f.s.DefaultListableBeanFactory     : Returning cached instance of singleton bean 'autoConfigurationReport'
2024-07-20T12:50:53.508+02:00 TRACE 238666 --- [crud-springboot] [           main] a.ConfigurationClassBeanDefinitionReader : Registering bean definition for @Bean method org.springframework.boot.autoconfigure.transaction.TransactionManagerCustomizationAutoConfiguration.platformTransactionManagerCustomizers()
2024-07-20T12:50:53.508+02:00 TRACE 238666 --- [crud-springboot] [           main] a.ConfigurationClassBeanDefinitionReader : Registering bean definition for @Bean method org.springframework.boot.autoconfigure.transaction.TransactionManagerCustomizationAutoConfiguration.transactionExecutionListeners()
2024-07-20T12:50:53.509+02:00 TRACE 238666 --- [crud-springboot] [           main] o.s.b.a.condition.OnClassCondition       : Condition OnClassCondition on org.springframework.boot.autoconfigure.orm.jpa.HibernateJpaAutoConfiguration matched due to @ConditionalOnClass found required classes 'org.springframework.orm.jpa.LocalContainerEntityManagerFactoryBean', 'jakarta.persistence.EntityManager', 'org.hibernate.engine.spi.SessionImplementor'
2024-07-20T12:50:53.509+02:00 TRACE 238666 --- [crud-springboot] [           main] o.s.b.f.s.DefaultListableBeanFactory     : Returning cached instance of singleton bean 'autoConfigurationReport'
2024-07-20T12:50:53.512+02:00 TRACE 238666 --- [crud-springboot] [           main] o.s.b.a.condition.OnBeanCondition        : Condition OnBeanCondition on org.springframework.boot.autoconfigure.orm.jpa.HibernateJpaConfiguration matched due to @ConditionalOnSingleCandidate (types: javax.sql.DataSource; SearchStrategy: all) found a single bean 'dataSource'
2024-07-20T12:50:53.512+02:00 TRACE 238666 --- [crud-springboot] [           main] o.s.b.f.s.DefaultListableBeanFactory     : Returning cached instance of singleton bean 'autoConfigurationReport'
2024-07-20T12:50:53.512+02:00 TRACE 238666 --- [crud-springboot] [           main] o.s.b.a.condition.OnClassCondition       : Condition OnClassCondition on org.springframework.boot.autoconfigure.orm.jpa.JpaBaseConfiguration$JpaWebConfiguration matched due to @ConditionalOnClass found required class 'org.springframework.web.servlet.config.annotation.WebMvcConfigurer'
2024-07-20T12:50:53.512+02:00 TRACE 238666 --- [crud-springboot] [           main] o.s.b.f.s.DefaultListableBeanFactory     : Returning cached instance of singleton bean 'autoConfigurationReport'
2024-07-20T12:50:53.513+02:00 TRACE 238666 --- [crud-springboot] [           main] o.s.b.a.c.OnWebApplicationCondition      : Condition OnWebApplicationCondition on org.springframework.boot.autoconfigure.orm.jpa.JpaBaseConfiguration$JpaWebConfiguration matched due to found 'session' scope
2024-07-20T12:50:53.513+02:00 TRACE 238666 --- [crud-springboot] [           main] o.s.b.f.s.DefaultListableBeanFactory     : Returning cached instance of singleton bean 'autoConfigurationReport'
2024-07-20T12:50:53.513+02:00 TRACE 238666 --- [crud-springboot] [           main] o.s.b.a.condition.OnPropertyCondition    : Condition OnPropertyCondition on org.springframework.boot.autoconfigure.orm.jpa.JpaBaseConfiguration$JpaWebConfiguration matched due to @ConditionalOnProperty (spring.jpa.open-in-view=true) matched
2024-07-20T12:50:53.513+02:00 TRACE 238666 --- [crud-springboot] [           main] o.s.b.f.s.DefaultListableBeanFactory     : Returning cached instance of singleton bean 'autoConfigurationReport'
2024-07-20T12:50:53.517+02:00 TRACE 238666 --- [crud-springboot] [           main] o.s.b.a.condition.OnBeanCondition        : Condition OnBeanCondition on org.springframework.boot.autoconfigure.orm.jpa.JpaBaseConfiguration$JpaWebConfiguration matched due to @ConditionalOnMissingBean (types: org.springframework.orm.jpa.support.OpenEntityManagerInViewInterceptor,org.springframework.orm.jpa.support.OpenEntityManagerInViewFilter; SearchStrategy: all) did not find any beans
2024-07-20T12:50:53.517+02:00 TRACE 238666 --- [crud-springboot] [           main] o.s.b.f.s.DefaultListableBeanFactory     : Returning cached instance of singleton bean 'autoConfigurationReport'
2024-07-20T12:50:53.521+02:00 TRACE 238666 --- [crud-springboot] [           main] o.s.b.a.condition.OnBeanCondition        : Condition OnBeanCondition on org.springframework.boot.autoconfigure.orm.jpa.JpaBaseConfiguration$JpaWebConfiguration matched due to @ConditionalOnMissingBean (types: org.springframework.orm.jpa.support.OpenEntityManagerInViewInterceptor,org.springframework.orm.jpa.support.OpenEntityManagerInViewFilter; SearchStrategy: all) did not find any beans
2024-07-20T12:50:53.522+02:00 TRACE 238666 --- [crud-springboot] [           main] o.s.b.f.s.DefaultListableBeanFactory     : Returning cached instance of singleton bean 'autoConfigurationReport'
2024-07-20T12:50:53.523+02:00 TRACE 238666 --- [crud-springboot] [           main] a.ConfigurationClassBeanDefinitionReader : Registered bean definition for imported class 'org.springframework.boot.autoconfigure.orm.jpa.JpaBaseConfiguration$JpaWebConfiguration'
2024-07-20T12:50:53.523+02:00 TRACE 238666 --- [crud-springboot] [           main] a.ConfigurationClassBeanDefinitionReader : Registering bean definition for @Bean method org.springframework.boot.autoconfigure.orm.jpa.JpaBaseConfiguration$JpaWebConfiguration.openEntityManagerInViewInterceptor()
2024-07-20T12:50:53.523+02:00 TRACE 238666 --- [crud-springboot] [           main] a.ConfigurationClassBeanDefinitionReader : Registering bean definition for @Bean method org.springframework.boot.autoconfigure.orm.jpa.JpaBaseConfiguration$JpaWebConfiguration.openEntityManagerInViewInterceptorConfigurer()
2024-07-20T12:50:53.526+02:00 TRACE 238666 --- [crud-springboot] [           main] o.s.b.a.condition.OnBeanCondition        : Condition OnBeanCondition on org.springframework.boot.autoconfigure.orm.jpa.JpaBaseConfiguration$PersistenceManagedTypesConfiguration matched due to @ConditionalOnMissingBean (types: org.springframework.orm.jpa.LocalContainerEntityManagerFactoryBean,jakarta.persistence.EntityManagerFactory; SearchStrategy: all) did not find any beans
2024-07-20T12:50:53.526+02:00 TRACE 238666 --- [crud-springboot] [           main] o.s.b.f.s.DefaultListableBeanFactory     : Returning cached instance of singleton bean 'autoConfigurationReport'
2024-07-20T12:50:53.527+02:00 TRACE 238666 --- [crud-springboot] [           main] a.ConfigurationClassBeanDefinitionReader : Registered bean definition for imported class 'org.springframework.boot.autoconfigure.orm.jpa.JpaBaseConfiguration$PersistenceManagedTypesConfiguration'
2024-07-20T12:50:53.530+02:00 TRACE 238666 --- [crud-springboot] [           main] o.s.b.a.condition.OnBeanCondition        : Condition OnBeanCondition on org.springframework.boot.autoconfigure.orm.jpa.JpaBaseConfiguration$PersistenceManagedTypesConfiguration#persistenceManagedTypes matched due to @ConditionalOnMissingBean (types: org.springframework.orm.jpa.persistenceunit.PersistenceManagedTypes; SearchStrategy: all) did not find any beans
2024-07-20T12:50:53.530+02:00 TRACE 238666 --- [crud-springboot] [           main] o.s.b.f.s.DefaultListableBeanFactory     : Returning cached instance of singleton bean 'autoConfigurationReport'
2024-07-20T12:50:53.530+02:00 TRACE 238666 --- [crud-springboot] [           main] a.ConfigurationClassBeanDefinitionReader : Registering bean definition for @Bean method org.springframework.boot.autoconfigure.orm.jpa.JpaBaseConfiguration$PersistenceManagedTypesConfiguration.persistenceManagedTypes()
2024-07-20T12:50:53.532+02:00 TRACE 238666 --- [crud-springboot] [           main] a.ConfigurationClassBeanDefinitionReader : Registered bean definition for imported class 'org.springframework.boot.autoconfigure.orm.jpa.HibernateJpaConfiguration'
2024-07-20T12:50:53.536+02:00 TRACE 238666 --- [crud-springboot] [           main] o.s.b.a.condition.OnBeanCondition        : Condition OnBeanCondition on org.springframework.boot.autoconfigure.orm.jpa.JpaBaseConfiguration#transactionManager matched due to @ConditionalOnMissingBean (types: org.springframework.transaction.TransactionManager; SearchStrategy: all) did not find any beans
2024-07-20T12:50:53.536+02:00 TRACE 238666 --- [crud-springboot] [           main] o.s.b.f.s.DefaultListableBeanFactory     : Returning cached instance of singleton bean 'autoConfigurationReport'
2024-07-20T12:50:53.536+02:00 TRACE 238666 --- [crud-springboot] [           main] a.ConfigurationClassBeanDefinitionReader : Registering bean definition for @Bean method org.springframework.boot.autoconfigure.orm.jpa.HibernateJpaConfiguration.transactionManager()
2024-07-20T12:50:53.542+02:00 TRACE 238666 --- [crud-springboot] [           main] o.s.b.a.condition.OnBeanCondition        : Condition OnBeanCondition on org.springframework.boot.autoconfigure.orm.jpa.JpaBaseConfiguration#jpaVendorAdapter matched due to @ConditionalOnMissingBean (types: org.springframework.orm.jpa.JpaVendorAdapter; SearchStrategy: all) did not find any beans
2024-07-20T12:50:53.542+02:00 TRACE 238666 --- [crud-springboot] [           main] o.s.b.f.s.DefaultListableBeanFactory     : Returning cached instance of singleton bean 'autoConfigurationReport'
2024-07-20T12:50:53.542+02:00 TRACE 238666 --- [crud-springboot] [           main] a.ConfigurationClassBeanDefinitionReader : Registering bean definition for @Bean method org.springframework.boot.autoconfigure.orm.jpa.HibernateJpaConfiguration.jpaVendorAdapter()
2024-07-20T12:50:53.543+02:00 TRACE 238666 --- [crud-springboot] [           main] o.s.b.a.condition.OnBeanCondition        : Condition OnBeanCondition on org.springframework.boot.autoconfigure.orm.jpa.JpaBaseConfiguration#entityManagerFactoryBuilder matched due to @ConditionalOnMissingBean (types: org.springframework.boot.orm.jpa.EntityManagerFactoryBuilder; SearchStrategy: all) did not find any beans
2024-07-20T12:50:53.544+02:00 TRACE 238666 --- [crud-springboot] [           main] o.s.b.f.s.DefaultListableBeanFactory     : Returning cached instance of singleton bean 'autoConfigurationReport'
2024-07-20T12:50:53.544+02:00 TRACE 238666 --- [crud-springboot] [           main] a.ConfigurationClassBeanDefinitionReader : Registering bean definition for @Bean method org.springframework.boot.autoconfigure.orm.jpa.HibernateJpaConfiguration.entityManagerFactoryBuilder()
2024-07-20T12:50:53.545+02:00 TRACE 238666 --- [crud-springboot] [           main] o.s.b.a.condition.OnBeanCondition        : Condition OnBeanCondition on org.springframework.boot.autoconfigure.orm.jpa.JpaBaseConfiguration#entityManagerFactory matched due to @ConditionalOnMissingBean (types: org.springframework.orm.jpa.LocalContainerEntityManagerFactoryBean,jakarta.persistence.EntityManagerFactory; SearchStrategy: all) did not find any beans
2024-07-20T12:50:53.545+02:00 TRACE 238666 --- [crud-springboot] [           main] o.s.b.f.s.DefaultListableBeanFactory     : Returning cached instance of singleton bean 'autoConfigurationReport'
2024-07-20T12:50:53.546+02:00 TRACE 238666 --- [crud-springboot] [           main] a.ConfigurationClassBeanDefinitionReader : Registering bean definition for @Bean method org.springframework.boot.autoconfigure.orm.jpa.HibernateJpaConfiguration.entityManagerFactory()
2024-07-20T12:50:53.548+02:00 TRACE 238666 --- [crud-springboot] [           main] a.ConfigurationClassBeanDefinitionReader : Registered bean definition for imported class 'org.springframework.boot.autoconfigure.orm.jpa.HibernateJpaAutoConfiguration'
2024-07-20T12:50:53.549+02:00 TRACE 238666 --- [crud-springboot] [           main] o.s.b.a.condition.OnClassCondition       : Condition OnClassCondition on org.springframework.boot.autoconfigure.jackson.JacksonAutoConfiguration matched due to @ConditionalOnClass found required class 'com.fasterxml.jackson.databind.ObjectMapper'
2024-07-20T12:50:53.549+02:00 TRACE 238666 --- [crud-springboot] [           main] o.s.b.f.s.DefaultListableBeanFactory     : Returning cached instance of singleton bean 'autoConfigurationReport'
2024-07-20T12:50:53.549+02:00 TRACE 238666 --- [crud-springboot] [           main] o.s.b.a.condition.OnClassCondition       : Condition OnClassCondition on org.springframework.boot.autoconfigure.jackson.JacksonAutoConfiguration$Jackson2ObjectMapperBuilderCustomizerConfiguration matched due to @ConditionalOnClass found required class 'org.springframework.http.converter.json.Jackson2ObjectMapperBuilder'
2024-07-20T12:50:53.549+02:00 TRACE 238666 --- [crud-springboot] [           main] o.s.b.f.s.DefaultListableBeanFactory     : Returning cached instance of singleton bean 'autoConfigurationReport'
2024-07-20T12:50:53.550+02:00 TRACE 238666 --- [crud-springboot] [           main] a.ConfigurationClassBeanDefinitionReader : Registered bean definition for imported class 'org.springframework.boot.autoconfigure.jackson.JacksonAutoConfiguration$Jackson2ObjectMapperBuilderCustomizerConfiguration'
2024-07-20T12:50:53.550+02:00 TRACE 238666 --- [crud-springboot] [           main] a.ConfigurationClassBeanDefinitionReader : Registering bean definition for @Bean method org.springframework.boot.autoconfigure.jackson.JacksonAutoConfiguration$Jackson2ObjectMapperBuilderCustomizerConfiguration.standardJacksonObjectMapperBuilderCustomizer()
2024-07-20T12:50:53.552+02:00 TRACE 238666 --- [crud-springboot] [           main] o.s.b.a.condition.OnClassCondition       : Condition OnClassCondition on org.springframework.boot.autoconfigure.jackson.JacksonAutoConfiguration$JacksonObjectMapperBuilderConfiguration matched due to @ConditionalOnClass found required class 'org.springframework.http.converter.json.Jackson2ObjectMapperBuilder'
2024-07-20T12:50:53.552+02:00 TRACE 238666 --- [crud-springboot] [           main] o.s.b.f.s.DefaultListableBeanFactory     : Returning cached instance of singleton bean 'autoConfigurationReport'
2024-07-20T12:50:53.552+02:00 TRACE 238666 --- [crud-springboot] [           main] a.ConfigurationClassBeanDefinitionReader : Registered bean definition for imported class 'org.springframework.boot.autoconfigure.jackson.JacksonAutoConfiguration$JacksonObjectMapperBuilderConfiguration'
2024-07-20T12:50:53.557+02:00 TRACE 238666 --- [crud-springboot] [           main] o.s.b.a.condition.OnBeanCondition        : Condition OnBeanCondition on org.springframework.boot.autoconfigure.jackson.JacksonAutoConfiguration$JacksonObjectMapperBuilderConfiguration#jacksonObjectMapperBuilder matched due to @ConditionalOnMissingBean (types: org.springframework.http.converter.json.Jackson2ObjectMapperBuilder; SearchStrategy: all) did not find any beans
2024-07-20T12:50:53.557+02:00 TRACE 238666 --- [crud-springboot] [           main] o.s.b.f.s.DefaultListableBeanFactory     : Returning cached instance of singleton bean 'autoConfigurationReport'
2024-07-20T12:50:53.557+02:00 TRACE 238666 --- [crud-springboot] [           main] a.ConfigurationClassBeanDefinitionReader : Registering bean definition for @Bean method org.springframework.boot.autoconfigure.jackson.JacksonAutoConfiguration$JacksonObjectMapperBuilderConfiguration.jacksonObjectMapperBuilder()
2024-07-20T12:50:53.557+02:00 TRACE 238666 --- [crud-springboot] [           main] o.s.b.a.condition.OnClassCondition       : Condition OnClassCondition on org.springframework.boot.autoconfigure.jackson.JacksonAutoConfiguration$ParameterNamesModuleConfiguration matched due to @ConditionalOnClass found required class 'com.fasterxml.jackson.module.paramnames.ParameterNamesModule'
2024-07-20T12:50:53.557+02:00 TRACE 238666 --- [crud-springboot] [           main] o.s.b.f.s.DefaultListableBeanFactory     : Returning cached instance of singleton bean 'autoConfigurationReport'
2024-07-20T12:50:53.557+02:00 TRACE 238666 --- [crud-springboot] [           main] a.ConfigurationClassBeanDefinitionReader : Registered bean definition for imported class 'org.springframework.boot.autoconfigure.jackson.JacksonAutoConfiguration$ParameterNamesModuleConfiguration'
2024-07-20T12:50:53.560+02:00 TRACE 238666 --- [crud-springboot] [           main] o.s.b.a.condition.OnBeanCondition        : Condition OnBeanCondition on org.springframework.boot.autoconfigure.jackson.JacksonAutoConfiguration$ParameterNamesModuleConfiguration#parameterNamesModule matched due to @ConditionalOnMissingBean (types: com.fasterxml.jackson.module.paramnames.ParameterNamesModule; SearchStrategy: all) did not find any beans
2024-07-20T12:50:53.560+02:00 TRACE 238666 --- [crud-springboot] [           main] o.s.b.f.s.DefaultListableBeanFactory     : Returning cached instance of singleton bean 'autoConfigurationReport'
2024-07-20T12:50:53.560+02:00 TRACE 238666 --- [crud-springboot] [           main] a.ConfigurationClassBeanDefinitionReader : Registering bean definition for @Bean method org.springframework.boot.autoconfigure.jackson.JacksonAutoConfiguration$ParameterNamesModuleConfiguration.parameterNamesModule()
2024-07-20T12:50:53.561+02:00 TRACE 238666 --- [crud-springboot] [           main] o.s.b.a.condition.OnClassCondition       : Condition OnClassCondition on org.springframework.boot.autoconfigure.jackson.JacksonAutoConfiguration$JacksonObjectMapperConfiguration matched due to @ConditionalOnClass found required class 'org.springframework.http.converter.json.Jackson2ObjectMapperBuilder'
2024-07-20T12:50:53.561+02:00 TRACE 238666 --- [crud-springboot] [           main] o.s.b.f.s.DefaultListableBeanFactory     : Returning cached instance of singleton bean 'autoConfigurationReport'
2024-07-20T12:50:53.561+02:00 TRACE 238666 --- [crud-springboot] [           main] a.ConfigurationClassBeanDefinitionReader : Registered bean definition for imported class 'org.springframework.boot.autoconfigure.jackson.JacksonAutoConfiguration$JacksonObjectMapperConfiguration'
2024-07-20T12:50:53.563+02:00 TRACE 238666 --- [crud-springboot] [           main] o.s.b.a.condition.OnBeanCondition        : Condition OnBeanCondition on org.springframework.boot.autoconfigure.jackson.JacksonAutoConfiguration$JacksonObjectMapperConfiguration#jacksonObjectMapper matched due to @ConditionalOnMissingBean (types: com.fasterxml.jackson.databind.ObjectMapper; SearchStrategy: all) did not find any beans
2024-07-20T12:50:53.563+02:00 TRACE 238666 --- [crud-springboot] [           main] o.s.b.f.s.DefaultListableBeanFactory     : Returning cached instance of singleton bean 'autoConfigurationReport'
2024-07-20T12:50:53.564+02:00 TRACE 238666 --- [crud-springboot] [           main] a.ConfigurationClassBeanDefinitionReader : Registering bean definition for @Bean method org.springframework.boot.autoconfigure.jackson.JacksonAutoConfiguration$JacksonObjectMapperConfiguration.jacksonObjectMapper()
2024-07-20T12:50:53.564+02:00 TRACE 238666 --- [crud-springboot] [           main] a.ConfigurationClassBeanDefinitionReader : Registered bean definition for imported class 'org.springframework.boot.autoconfigure.jackson.JacksonAutoConfiguration$JacksonMixinConfiguration'
2024-07-20T12:50:53.564+02:00 TRACE 238666 --- [crud-springboot] [           main] a.ConfigurationClassBeanDefinitionReader : Registering bean definition for @Bean method org.springframework.boot.autoconfigure.jackson.JacksonAutoConfiguration$JacksonMixinConfiguration.jsonMixinModuleEntries()
2024-07-20T12:50:53.565+02:00 TRACE 238666 --- [crud-springboot] [           main] a.ConfigurationClassBeanDefinitionReader : Registering bean definition for @Bean method org.springframework.boot.autoconfigure.jackson.JacksonAutoConfiguration$JacksonMixinConfiguration.jsonMixinModule()
2024-07-20T12:50:53.565+02:00 TRACE 238666 --- [crud-springboot] [           main] a.ConfigurationClassBeanDefinitionReader : Registered bean definition for imported class 'org.springframework.boot.autoconfigure.jackson.JacksonAutoConfiguration'
2024-07-20T12:50:53.565+02:00 TRACE 238666 --- [crud-springboot] [           main] a.ConfigurationClassBeanDefinitionReader : Registering bean definition for @Bean method org.springframework.boot.autoconfigure.jackson.JacksonAutoConfiguration.jsonComponentModule()
2024-07-20T12:50:53.565+02:00 TRACE 238666 --- [crud-springboot] [           main] o.s.b.a.condition.OnClassCondition       : Condition OnClassCondition on org.springframework.boot.autoconfigure.cache.CacheAutoConfiguration matched due to @ConditionalOnClass found required class 'org.springframework.cache.CacheManager'
2024-07-20T12:50:53.566+02:00 TRACE 238666 --- [crud-springboot] [           main] o.s.b.f.s.DefaultListableBeanFactory     : Returning cached instance of singleton bean 'autoConfigurationReport'
2024-07-20T12:50:53.571+02:00 TRACE 238666 --- [crud-springboot] [           main] o.s.b.a.condition.OnBeanCondition        : Condition OnBeanCondition on org.springframework.boot.autoconfigure.cache.CacheAutoConfiguration did not match due to @ConditionalOnBean (types: org.springframework.cache.interceptor.CacheAspectSupport; SearchStrategy: all) did not find any beans of type org.springframework.cache.interceptor.CacheAspectSupport
2024-07-20T12:50:53.572+02:00 TRACE 238666 --- [crud-springboot] [           main] o.s.b.f.s.DefaultListableBeanFactory     : Returning cached instance of singleton bean 'autoConfigurationReport'
2024-07-20T12:50:53.572+02:00 TRACE 238666 --- [crud-springboot] [           main] a.ConfigurationClassBeanDefinitionReader : Registered bean definition for imported class 'org.springframework.boot.autoconfigure.context.ConfigurationPropertiesAutoConfiguration'
2024-07-20T12:50:53.573+02:00 TRACE 238666 --- [crud-springboot] [           main] a.ConfigurationClassBeanDefinitionReader : Registered bean definition for imported class 'org.springframework.boot.autoconfigure.context.LifecycleAutoConfiguration'
2024-07-20T12:50:53.574+02:00 TRACE 238666 --- [crud-springboot] [           main] o.s.b.a.condition.OnBeanCondition        : Condition OnBeanCondition on org.springframework.boot.autoconfigure.context.LifecycleAutoConfiguration#defaultLifecycleProcessor matched due to @ConditionalOnMissingBean (names: lifecycleProcessor; SearchStrategy: current) did not find any beans
2024-07-20T12:50:53.574+02:00 TRACE 238666 --- [crud-springboot] [           main] o.s.b.f.s.DefaultListableBeanFactory     : Returning cached instance of singleton bean 'autoConfigurationReport'
2024-07-20T12:50:53.574+02:00 TRACE 238666 --- [crud-springboot] [           main] a.ConfigurationClassBeanDefinitionReader : Registering bean definition for @Bean method org.springframework.boot.autoconfigure.context.LifecycleAutoConfiguration.lifecycleProcessor()
2024-07-20T12:50:53.575+02:00 TRACE 238666 --- [crud-springboot] [           main] o.s.b.a.condition.OnClassCondition       : Condition OnClassCondition on org.springframework.boot.autoconfigure.dao.PersistenceExceptionTranslationAutoConfiguration matched due to @ConditionalOnClass found required class 'org.springframework.dao.annotation.PersistenceExceptionTranslationPostProcessor'
2024-07-20T12:50:53.576+02:00 TRACE 238666 --- [crud-springboot] [           main] o.s.b.f.s.DefaultListableBeanFactory     : Returning cached instance of singleton bean 'autoConfigurationReport'
2024-07-20T12:50:53.576+02:00 TRACE 238666 --- [crud-springboot] [           main] a.ConfigurationClassBeanDefinitionReader : Registered bean definition for imported class 'org.springframework.boot.autoconfigure.dao.PersistenceExceptionTranslationAutoConfiguration'
2024-07-20T12:50:53.577+02:00 TRACE 238666 --- [crud-springboot] [           main] o.s.b.a.condition.OnPropertyCondition    : Condition OnPropertyCondition on org.springframework.boot.autoconfigure.dao.PersistenceExceptionTranslationAutoConfiguration#persistenceExceptionTranslationPostProcessor matched due to @ConditionalOnProperty (spring.dao.exceptiontranslation.enabled) matched
2024-07-20T12:50:53.577+02:00 TRACE 238666 --- [crud-springboot] [           main] o.s.b.f.s.DefaultListableBeanFactory     : Returning cached instance of singleton bean 'autoConfigurationReport'
2024-07-20T12:50:53.581+02:00 TRACE 238666 --- [crud-springboot] [           main] o.s.b.a.condition.OnBeanCondition        : Condition OnBeanCondition on org.springframework.boot.autoconfigure.dao.PersistenceExceptionTranslationAutoConfiguration#persistenceExceptionTranslationPostProcessor matched due to @ConditionalOnMissingBean (types: org.springframework.dao.annotation.PersistenceExceptionTranslationPostProcessor; SearchStrategy: all) did not find any beans
2024-07-20T12:50:53.581+02:00 TRACE 238666 --- [crud-springboot] [           main] o.s.b.f.s.DefaultListableBeanFactory     : Returning cached instance of singleton bean 'autoConfigurationReport'
2024-07-20T12:50:53.582+02:00 TRACE 238666 --- [crud-springboot] [           main] a.ConfigurationClassBeanDefinitionReader : Registering bean definition for @Bean method org.springframework.boot.autoconfigure.dao.PersistenceExceptionTranslationAutoConfiguration.persistenceExceptionTranslationPostProcessor()
2024-07-20T12:50:53.582+02:00 TRACE 238666 --- [crud-springboot] [           main] o.s.b.a.condition.OnClassCondition       : Condition OnClassCondition on org.springframework.boot.autoconfigure.data.jpa.JpaRepositoriesAutoConfiguration matched due to @ConditionalOnClass found required class 'org.springframework.data.jpa.repository.JpaRepository'
2024-07-20T12:50:53.582+02:00 TRACE 238666 --- [crud-springboot] [           main] o.s.b.f.s.DefaultListableBeanFactory     : Returning cached instance of singleton bean 'autoConfigurationReport'
2024-07-20T12:50:53.582+02:00 TRACE 238666 --- [crud-springboot] [           main] o.s.b.a.condition.OnPropertyCondition    : Condition OnPropertyCondition on org.springframework.boot.autoconfigure.data.jpa.JpaRepositoriesAutoConfiguration matched due to @ConditionalOnProperty (spring.data.jpa.repositories.enabled=true) matched
2024-07-20T12:50:53.582+02:00 TRACE 238666 --- [crud-springboot] [           main] o.s.b.f.s.DefaultListableBeanFactory     : Returning cached instance of singleton bean 'autoConfigurationReport'
2024-07-20T12:50:53.590+02:00 TRACE 238666 --- [crud-springboot] [           main] o.s.b.a.condition.OnBeanCondition        : Condition OnBeanCondition on org.springframework.boot.autoconfigure.data.jpa.JpaRepositoriesAutoConfiguration matched due to @ConditionalOnBean (types: javax.sql.DataSource; SearchStrategy: all) found bean 'dataSource'; @ConditionalOnMissingBean (types: org.springframework.data.jpa.repository.support.JpaRepositoryFactoryBean,org.springframework.data.jpa.repository.config.JpaRepositoryConfigExtension; SearchStrategy: all) did not find any beans
2024-07-20T12:50:53.590+02:00 TRACE 238666 --- [crud-springboot] [           main] o.s.b.f.s.DefaultListableBeanFactory     : Returning cached instance of singleton bean 'autoConfigurationReport'
2024-07-20T12:50:53.591+02:00 TRACE 238666 --- [crud-springboot] [           main] o.s.b.a.condition.OnBeanCondition        : Condition OnBeanCondition on org.springframework.boot.autoconfigure.data.jpa.JpaRepositoriesAutoConfiguration matched due to @ConditionalOnBean (types: javax.sql.DataSource; SearchStrategy: all) found bean 'dataSource'; @ConditionalOnMissingBean (types: org.springframework.data.jpa.repository.support.JpaRepositoryFactoryBean,org.springframework.data.jpa.repository.config.JpaRepositoryConfigExtension; SearchStrategy: all) did not find any beans
2024-07-20T12:50:53.591+02:00 TRACE 238666 --- [crud-springboot] [           main] o.s.b.f.s.DefaultListableBeanFactory     : Returning cached instance of singleton bean 'autoConfigurationReport'
2024-07-20T12:50:53.592+02:00 TRACE 238666 --- [crud-springboot] [           main] a.ConfigurationClassBeanDefinitionReader : Registered bean definition for imported class 'org.springframework.boot.autoconfigure.data.jpa.JpaRepositoriesAutoConfiguration'
2024-07-20T12:50:53.595+02:00 TRACE 238666 --- [crud-springboot] [           main] Configuration$BootstrapExecutorCondition : Condition JpaRepositoriesAutoConfiguration.BootstrapExecutorCondition on org.springframework.boot.autoconfigure.data.jpa.JpaRepositoriesAutoConfiguration#entityManagerFactoryBootstrapExecutorCustomizer did not match due to AnyNestedCondition 0 matched 2 did not; NestedCondition on JpaRepositoriesAutoConfiguration.BootstrapExecutorCondition.LazyBootstrapMode @ConditionalOnProperty (spring.data.jpa.repositories.bootstrap-mode=lazy) did not find property 'bootstrap-mode'; NestedCondition on JpaRepositoriesAutoConfiguration.BootstrapExecutorCondition.DeferredBootstrapMode @ConditionalOnProperty (spring.data.jpa.repositories.bootstrap-mode=deferred) did not find property 'bootstrap-mode'
2024-07-20T12:50:53.595+02:00 TRACE 238666 --- [crud-springboot] [           main] o.s.b.f.s.DefaultListableBeanFactory     : Returning cached instance of singleton bean 'autoConfigurationReport'
2024-07-20T12:50:53.611+02:00  INFO 238666 --- [crud-springboot] [           main] .s.d.r.c.RepositoryConfigurationDelegate : Bootstrapping Spring Data JPA repositories in DEFAULT mode.
2024-07-20T12:50:53.623+02:00 DEBUG 238666 --- [crud-springboot] [           main] o.s.b.f.s.DefaultListableBeanFactory     : Creating shared instance of singleton bean 'org.springframework.boot.autoconfigure.AutoConfigurationPackages'
2024-07-20T12:50:53.624+02:00 TRACE 238666 --- [crud-springboot] [           main] o.s.b.f.s.DefaultListableBeanFactory     : Creating instance of bean 'org.springframework.boot.autoconfigure.AutoConfigurationPackages'
2024-07-20T12:50:53.639+02:00 TRACE 238666 --- [crud-springboot] [           main] o.s.b.f.s.DefaultListableBeanFactory     : Finished creating instance of bean 'org.springframework.boot.autoconfigure.AutoConfigurationPackages'
2024-07-20T12:50:53.640+02:00 DEBUG 238666 --- [crud-springboot] [           main] o.s.b.a.AutoConfigurationPackages        : @EnableAutoConfiguration was declared on a class in the package 'com.cwa.crudspringboot'. Automatic @Repository and @Entity scanning is enabled.
2024-07-20T12:50:53.641+02:00 DEBUG 238666 --- [crud-springboot] [           main] .s.d.r.c.RepositoryConfigurationDelegate : Scanning for JPA repositories in packages com.cwa.crudspringboot.
2024-07-20T12:50:53.650+02:00 TRACE 238666 --- [crud-springboot] [           main] o.s.b.f.s.DefaultListableBeanFactory     : Returning cached instance of singleton bean 'org.springframework.boot.autoconfigure.AutoConfigurationPackages'
2024-07-20T12:50:53.650+02:00 TRACE 238666 --- [crud-springboot] [           main] .i.s.PathMatchingResourcePatternResolver : Resolved module-path location pattern [com/cwa/crudspringboot/**/*.class] to resources []
2024-07-20T12:50:53.651+02:00 TRACE 238666 --- [crud-springboot] [           main] .i.s.PathMatchingResourcePatternResolver : Resolved module-path location pattern [com/cwa/crudspringboot/] to resources []
2024-07-20T12:50:53.652+02:00 TRACE 238666 --- [crud-springboot] [           main] .i.s.PathMatchingResourcePatternResolver : Resolved class path location [com/cwa/crudspringboot/] to resources [file [/home/damien/crud-springboot-jwt/target/test-classes/com/cwa/crudspringboot], file [/home/damien/crud-springboot-jwt/target/classes/com/cwa/crudspringboot]]
2024-07-20T12:50:53.652+02:00 TRACE 238666 --- [crud-springboot] [           main] .i.s.PathMatchingResourcePatternResolver : Searching directory [/home/damien/crud-springboot-jwt/target/test-classes/com/cwa/crudspringboot] for files matching pattern [**/*.class]
2024-07-20T12:50:53.654+02:00 TRACE 238666 --- [crud-springboot] [           main] .i.s.PathMatchingResourcePatternResolver : Searching directory [/home/damien/crud-springboot-jwt/target/classes/com/cwa/crudspringboot] for files matching pattern [**/*.class]
2024-07-20T12:50:53.660+02:00 TRACE 238666 --- [crud-springboot] [           main] .i.s.PathMatchingResourcePatternResolver : Resolved location pattern [classpath*:com/cwa/crudspringboot/**/*.class] to resources [file [/home/damien/crud-springboot-jwt/target/test-classes/com/cwa/crudspringboot/CrudSpringbootApplicationTests.class], file [/home/damien/crud-springboot-jwt/target/classes/com/cwa/crudspringboot/CrudSpringbootApplication.class], file [/home/damien/crud-springboot-jwt/target/classes/com/cwa/crudspringboot/configuration/JwtUtils.class], file [/home/damien/crud-springboot-jwt/target/classes/com/cwa/crudspringboot/configuration/SecurityConfig.class], file [/home/damien/crud-springboot-jwt/target/classes/com/cwa/crudspringboot/controller/ApiResponse.class], file [/home/damien/crud-springboot-jwt/target/classes/com/cwa/crudspringboot/controller/AuthController.class], file [/home/damien/crud-springboot-jwt/target/classes/com/cwa/crudspringboot/controller/LoginRequest.class], file [/home/damien/crud-springboot-jwt/target/classes/com/cwa/crudspringboot/controller/PersonController.class], file [/home/damien/crud-springboot-jwt/target/classes/com/cwa/crudspringboot/controller/RegisterRequest.class], file [/home/damien/crud-springboot-jwt/target/classes/com/cwa/crudspringboot/controller/UserController.class], file [/home/damien/crud-springboot-jwt/target/classes/com/cwa/crudspringboot/controller/WebController.class], file [/home/damien/crud-springboot-jwt/target/classes/com/cwa/crudspringboot/entity/Allergen.class], file [/home/damien/crud-springboot-jwt/target/classes/com/cwa/crudspringboot/entity/Card.class], file [/home/damien/crud-springboot-jwt/target/classes/com/cwa/crudspringboot/entity/Dish.class], file [/home/damien/crud-springboot-jwt/target/classes/com/cwa/crudspringboot/entity/Ingredient.class], file [/home/damien/crud-springboot-jwt/target/classes/com/cwa/crudspringboot/entity/Menu.class], file [/home/damien/crud-springboot-jwt/target/classes/com/cwa/crudspringboot/entity/Person.class], file [/home/damien/crud-springboot-jwt/target/classes/com/cwa/crudspringboot/entity/User.class], file [/home/damien/crud-springboot-jwt/target/classes/com/cwa/crudspringboot/filter/JwtFilter.class], file [/home/damien/crud-springboot-jwt/target/classes/com/cwa/crudspringboot/repository/AllergenRepository.class], file [/home/damien/crud-springboot-jwt/target/classes/com/cwa/crudspringboot/repository/CardRepository.class], file [/home/damien/crud-springboot-jwt/target/classes/com/cwa/crudspringboot/repository/DishRepository.class], file [/home/damien/crud-springboot-jwt/target/classes/com/cwa/crudspringboot/repository/IngredientRepository.class], file [/home/damien/crud-springboot-jwt/target/classes/com/cwa/crudspringboot/repository/MenuRepository.class], file [/home/damien/crud-springboot-jwt/target/classes/com/cwa/crudspringboot/repository/PersonRepository.class], file [/home/damien/crud-springboot-jwt/target/classes/com/cwa/crudspringboot/repository/UserRepository.class], file [/home/damien/crud-springboot-jwt/target/classes/com/cwa/crudspringboot/service/CardService.class], file [/home/damien/crud-springboot-jwt/target/classes/com/cwa/crudspringboot/service/CustomUserDetailsService.class], file [/home/damien/crud-springboot-jwt/target/classes/com/cwa/crudspringboot/service/UserService.class]]
2024-07-20T12:50:53.660+02:00 TRACE 238666 --- [crud-springboot] [           main] o.s.d.r.c.RepositoryComponentProvider    : Scanning file [/home/damien/crud-springboot-jwt/target/test-classes/com/cwa/crudspringboot/CrudSpringbootApplicationTests.class]
2024-07-20T12:50:53.660+02:00 TRACE 238666 --- [crud-springboot] [           main] o.s.d.r.c.RepositoryComponentProvider    : Ignored because not matching any filter: file [/home/damien/crud-springboot-jwt/target/test-classes/com/cwa/crudspringboot/CrudSpringbootApplicationTests.class]
2024-07-20T12:50:53.660+02:00 TRACE 238666 --- [crud-springboot] [           main] o.s.d.r.c.RepositoryComponentProvider    : Scanning file [/home/damien/crud-springboot-jwt/target/classes/com/cwa/crudspringboot/CrudSpringbootApplication.class]
2024-07-20T12:50:53.660+02:00 TRACE 238666 --- [crud-springboot] [           main] o.s.d.r.c.RepositoryComponentProvider    : Ignored because not matching any filter: file [/home/damien/crud-springboot-jwt/target/classes/com/cwa/crudspringboot/CrudSpringbootApplication.class]
2024-07-20T12:50:53.660+02:00 TRACE 238666 --- [crud-springboot] [           main] o.s.d.r.c.RepositoryComponentProvider    : Scanning file [/home/damien/crud-springboot-jwt/target/classes/com/cwa/crudspringboot/configuration/JwtUtils.class]
2024-07-20T12:50:53.661+02:00 TRACE 238666 --- [crud-springboot] [           main] o.s.d.r.c.RepositoryComponentProvider    : Ignored because not matching any filter: file [/home/damien/crud-springboot-jwt/target/classes/com/cwa/crudspringboot/configuration/JwtUtils.class]
2024-07-20T12:50:53.661+02:00 TRACE 238666 --- [crud-springboot] [           main] o.s.d.r.c.RepositoryComponentProvider    : Scanning file [/home/damien/crud-springboot-jwt/target/classes/com/cwa/crudspringboot/configuration/SecurityConfig.class]
2024-07-20T12:50:53.661+02:00 TRACE 238666 --- [crud-springboot] [           main] o.s.d.r.c.RepositoryComponentProvider    : Ignored because not matching any filter: file [/home/damien/crud-springboot-jwt/target/classes/com/cwa/crudspringboot/configuration/SecurityConfig.class]
2024-07-20T12:50:53.661+02:00 TRACE 238666 --- [crud-springboot] [           main] o.s.d.r.c.RepositoryComponentProvider    : Scanning file [/home/damien/crud-springboot-jwt/target/classes/com/cwa/crudspringboot/controller/ApiResponse.class]
2024-07-20T12:50:53.661+02:00 TRACE 238666 --- [crud-springboot] [           main] o.s.d.r.c.RepositoryComponentProvider    : Ignored because not matching any filter: file [/home/damien/crud-springboot-jwt/target/classes/com/cwa/crudspringboot/controller/ApiResponse.class]
2024-07-20T12:50:53.661+02:00 TRACE 238666 --- [crud-springboot] [           main] o.s.d.r.c.RepositoryComponentProvider    : Scanning file [/home/damien/crud-springboot-jwt/target/classes/com/cwa/crudspringboot/controller/AuthController.class]
2024-07-20T12:50:53.661+02:00 TRACE 238666 --- [crud-springboot] [           main] o.s.d.r.c.RepositoryComponentProvider    : Ignored because not matching any filter: file [/home/damien/crud-springboot-jwt/target/classes/com/cwa/crudspringboot/controller/AuthController.class]
2024-07-20T12:50:53.661+02:00 TRACE 238666 --- [crud-springboot] [           main] o.s.d.r.c.RepositoryComponentProvider    : Scanning file [/home/damien/crud-springboot-jwt/target/classes/com/cwa/crudspringboot/controller/LoginRequest.class]
2024-07-20T12:50:53.661+02:00 TRACE 238666 --- [crud-springboot] [           main] o.s.d.r.c.RepositoryComponentProvider    : Ignored because not matching any filter: file [/home/damien/crud-springboot-jwt/target/classes/com/cwa/crudspringboot/controller/LoginRequest.class]
2024-07-20T12:50:53.661+02:00 TRACE 238666 --- [crud-springboot] [           main] o.s.d.r.c.RepositoryComponentProvider    : Scanning file [/home/damien/crud-springboot-jwt/target/classes/com/cwa/crudspringboot/controller/PersonController.class]
2024-07-20T12:50:53.661+02:00 TRACE 238666 --- [crud-springboot] [           main] o.s.d.r.c.RepositoryComponentProvider    : Ignored because not matching any filter: file [/home/damien/crud-springboot-jwt/target/classes/com/cwa/crudspringboot/controller/PersonController.class]
2024-07-20T12:50:53.661+02:00 TRACE 238666 --- [crud-springboot] [           main] o.s.d.r.c.RepositoryComponentProvider    : Scanning file [/home/damien/crud-springboot-jwt/target/classes/com/cwa/crudspringboot/controller/RegisterRequest.class]
2024-07-20T12:50:53.661+02:00 TRACE 238666 --- [crud-springboot] [           main] o.s.d.r.c.RepositoryComponentProvider    : Ignored because not matching any filter: file [/home/damien/crud-springboot-jwt/target/classes/com/cwa/crudspringboot/controller/RegisterRequest.class]
2024-07-20T12:50:53.661+02:00 TRACE 238666 --- [crud-springboot] [           main] o.s.d.r.c.RepositoryComponentProvider    : Scanning file [/home/damien/crud-springboot-jwt/target/classes/com/cwa/crudspringboot/controller/UserController.class]
2024-07-20T12:50:53.661+02:00 TRACE 238666 --- [crud-springboot] [           main] o.s.d.r.c.RepositoryComponentProvider    : Ignored because not matching any filter: file [/home/damien/crud-springboot-jwt/target/classes/com/cwa/crudspringboot/controller/UserController.class]
2024-07-20T12:50:53.661+02:00 TRACE 238666 --- [crud-springboot] [           main] o.s.d.r.c.RepositoryComponentProvider    : Scanning file [/home/damien/crud-springboot-jwt/target/classes/com/cwa/crudspringboot/controller/WebController.class]
2024-07-20T12:50:53.661+02:00 TRACE 238666 --- [crud-springboot] [           main] o.s.d.r.c.RepositoryComponentProvider    : Ignored because not matching any filter: file [/home/damien/crud-springboot-jwt/target/classes/com/cwa/crudspringboot/controller/WebController.class]
2024-07-20T12:50:53.661+02:00 TRACE 238666 --- [crud-springboot] [           main] o.s.d.r.c.RepositoryComponentProvider    : Scanning file [/home/damien/crud-springboot-jwt/target/classes/com/cwa/crudspringboot/entity/Allergen.class]
2024-07-20T12:50:53.661+02:00 TRACE 238666 --- [crud-springboot] [           main] o.s.d.r.c.RepositoryComponentProvider    : Ignored because not matching any filter: file [/home/damien/crud-springboot-jwt/target/classes/com/cwa/crudspringboot/entity/Allergen.class]
2024-07-20T12:50:53.661+02:00 TRACE 238666 --- [crud-springboot] [           main] o.s.d.r.c.RepositoryComponentProvider    : Scanning file [/home/damien/crud-springboot-jwt/target/classes/com/cwa/crudspringboot/entity/Card.class]
2024-07-20T12:50:53.661+02:00 TRACE 238666 --- [crud-springboot] [           main] o.s.d.r.c.RepositoryComponentProvider    : Ignored because not matching any filter: file [/home/damien/crud-springboot-jwt/target/classes/com/cwa/crudspringboot/entity/Card.class]
2024-07-20T12:50:53.661+02:00 TRACE 238666 --- [crud-springboot] [           main] o.s.d.r.c.RepositoryComponentProvider    : Scanning file [/home/damien/crud-springboot-jwt/target/classes/com/cwa/crudspringboot/entity/Dish.class]
2024-07-20T12:50:53.661+02:00 TRACE 238666 --- [crud-springboot] [           main] o.s.d.r.c.RepositoryComponentProvider    : Ignored because not matching any filter: file [/home/damien/crud-springboot-jwt/target/classes/com/cwa/crudspringboot/entity/Dish.class]
2024-07-20T12:50:53.661+02:00 TRACE 238666 --- [crud-springboot] [           main] o.s.d.r.c.RepositoryComponentProvider    : Scanning file [/home/damien/crud-springboot-jwt/target/classes/com/cwa/crudspringboot/entity/Ingredient.class]
2024-07-20T12:50:53.661+02:00 TRACE 238666 --- [crud-springboot] [           main] o.s.d.r.c.RepositoryComponentProvider    : Ignored because not matching any filter: file [/home/damien/crud-springboot-jwt/target/classes/com/cwa/crudspringboot/entity/Ingredient.class]
2024-07-20T12:50:53.661+02:00 TRACE 238666 --- [crud-springboot] [           main] o.s.d.r.c.RepositoryComponentProvider    : Scanning file [/home/damien/crud-springboot-jwt/target/classes/com/cwa/crudspringboot/entity/Menu.class]
2024-07-20T12:50:53.661+02:00 TRACE 238666 --- [crud-springboot] [           main] o.s.d.r.c.RepositoryComponentProvider    : Ignored because not matching any filter: file [/home/damien/crud-springboot-jwt/target/classes/com/cwa/crudspringboot/entity/Menu.class]
2024-07-20T12:50:53.662+02:00 TRACE 238666 --- [crud-springboot] [           main] o.s.d.r.c.RepositoryComponentProvider    : Scanning file [/home/damien/crud-springboot-jwt/target/classes/com/cwa/crudspringboot/entity/Person.class]
2024-07-20T12:50:53.662+02:00 TRACE 238666 --- [crud-springboot] [           main] o.s.d.r.c.RepositoryComponentProvider    : Ignored because not matching any filter: file [/home/damien/crud-springboot-jwt/target/classes/com/cwa/crudspringboot/entity/Person.class]
2024-07-20T12:50:53.662+02:00 TRACE 238666 --- [crud-springboot] [           main] o.s.d.r.c.RepositoryComponentProvider    : Scanning file [/home/damien/crud-springboot-jwt/target/classes/com/cwa/crudspringboot/entity/User.class]
2024-07-20T12:50:53.662+02:00 TRACE 238666 --- [crud-springboot] [           main] o.s.d.r.c.RepositoryComponentProvider    : Ignored because not matching any filter: file [/home/damien/crud-springboot-jwt/target/classes/com/cwa/crudspringboot/entity/User.class]
2024-07-20T12:50:53.662+02:00 TRACE 238666 --- [crud-springboot] [           main] o.s.d.r.c.RepositoryComponentProvider    : Scanning file [/home/damien/crud-springboot-jwt/target/classes/com/cwa/crudspringboot/filter/JwtFilter.class]
2024-07-20T12:50:53.664+02:00 TRACE 238666 --- [crud-springboot] [           main] o.s.d.r.c.RepositoryComponentProvider    : Ignored because not matching any filter: file [/home/damien/crud-springboot-jwt/target/classes/com/cwa/crudspringboot/filter/JwtFilter.class]
2024-07-20T12:50:53.664+02:00 TRACE 238666 --- [crud-springboot] [           main] o.s.d.r.c.RepositoryComponentProvider    : Scanning file [/home/damien/crud-springboot-jwt/target/classes/com/cwa/crudspringboot/repository/AllergenRepository.class]
2024-07-20T12:50:53.666+02:00 DEBUG 238666 --- [crud-springboot] [           main] o.s.d.r.c.RepositoryComponentProvider    : Identified candidate component class: file [/home/damien/crud-springboot-jwt/target/classes/com/cwa/crudspringboot/repository/AllergenRepository.class]
2024-07-20T12:50:53.666+02:00 TRACE 238666 --- [crud-springboot] [           main] o.s.d.r.c.RepositoryComponentProvider    : Scanning file [/home/damien/crud-springboot-jwt/target/classes/com/cwa/crudspringboot/repository/CardRepository.class]
2024-07-20T12:50:53.666+02:00 DEBUG 238666 --- [crud-springboot] [           main] o.s.d.r.c.RepositoryComponentProvider    : Identified candidate component class: file [/home/damien/crud-springboot-jwt/target/classes/com/cwa/crudspringboot/repository/CardRepository.class]
2024-07-20T12:50:53.666+02:00 TRACE 238666 --- [crud-springboot] [           main] o.s.d.r.c.RepositoryComponentProvider    : Scanning file [/home/damien/crud-springboot-jwt/target/classes/com/cwa/crudspringboot/repository/DishRepository.class]
2024-07-20T12:50:53.666+02:00 DEBUG 238666 --- [crud-springboot] [           main] o.s.d.r.c.RepositoryComponentProvider    : Identified candidate component class: file [/home/damien/crud-springboot-jwt/target/classes/com/cwa/crudspringboot/repository/DishRepository.class]
2024-07-20T12:50:53.666+02:00 TRACE 238666 --- [crud-springboot] [           main] o.s.d.r.c.RepositoryComponentProvider    : Scanning file [/home/damien/crud-springboot-jwt/target/classes/com/cwa/crudspringboot/repository/IngredientRepository.class]
2024-07-20T12:50:53.666+02:00 DEBUG 238666 --- [crud-springboot] [           main] o.s.d.r.c.RepositoryComponentProvider    : Identified candidate component class: file [/home/damien/crud-springboot-jwt/target/classes/com/cwa/crudspringboot/repository/IngredientRepository.class]
2024-07-20T12:50:53.666+02:00 TRACE 238666 --- [crud-springboot] [           main] o.s.d.r.c.RepositoryComponentProvider    : Scanning file [/home/damien/crud-springboot-jwt/target/classes/com/cwa/crudspringboot/repository/MenuRepository.class]
2024-07-20T12:50:53.667+02:00 DEBUG 238666 --- [crud-springboot] [           main] o.s.d.r.c.RepositoryComponentProvider    : Identified candidate component class: file [/home/damien/crud-springboot-jwt/target/classes/com/cwa/crudspringboot/repository/MenuRepository.class]
2024-07-20T12:50:53.667+02:00 TRACE 238666 --- [crud-springboot] [           main] o.s.d.r.c.RepositoryComponentProvider    : Scanning file [/home/damien/crud-springboot-jwt/target/classes/com/cwa/crudspringboot/repository/PersonRepository.class]
2024-07-20T12:50:53.667+02:00 DEBUG 238666 --- [crud-springboot] [           main] o.s.d.r.c.RepositoryComponentProvider    : Identified candidate component class: file [/home/damien/crud-springboot-jwt/target/classes/com/cwa/crudspringboot/repository/PersonRepository.class]
2024-07-20T12:50:53.667+02:00 TRACE 238666 --- [crud-springboot] [           main] o.s.d.r.c.RepositoryComponentProvider    : Scanning file [/home/damien/crud-springboot-jwt/target/classes/com/cwa/crudspringboot/repository/UserRepository.class]
2024-07-20T12:50:53.667+02:00 DEBUG 238666 --- [crud-springboot] [           main] o.s.d.r.c.RepositoryComponentProvider    : Identified candidate component class: file [/home/damien/crud-springboot-jwt/target/classes/com/cwa/crudspringboot/repository/UserRepository.class]
2024-07-20T12:50:53.667+02:00 TRACE 238666 --- [crud-springboot] [           main] o.s.d.r.c.RepositoryComponentProvider    : Scanning file [/home/damien/crud-springboot-jwt/target/classes/com/cwa/crudspringboot/service/CardService.class]
2024-07-20T12:50:53.667+02:00 TRACE 238666 --- [crud-springboot] [           main] o.s.d.r.c.RepositoryComponentProvider    : Ignored because not matching any filter: file [/home/damien/crud-springboot-jwt/target/classes/com/cwa/crudspringboot/service/CardService.class]
2024-07-20T12:50:53.667+02:00 TRACE 238666 --- [crud-springboot] [           main] o.s.d.r.c.RepositoryComponentProvider    : Scanning file [/home/damien/crud-springboot-jwt/target/classes/com/cwa/crudspringboot/service/CustomUserDetailsService.class]
2024-07-20T12:50:53.668+02:00 TRACE 238666 --- [crud-springboot] [           main] o.s.d.r.c.RepositoryComponentProvider    : Ignored because not matching any filter: file [/home/damien/crud-springboot-jwt/target/classes/com/cwa/crudspringboot/service/CustomUserDetailsService.class]
2024-07-20T12:50:53.668+02:00 TRACE 238666 --- [crud-springboot] [           main] o.s.d.r.c.RepositoryComponentProvider    : Scanning file [/home/damien/crud-springboot-jwt/target/classes/com/cwa/crudspringboot/service/UserService.class]
2024-07-20T12:50:53.668+02:00 TRACE 238666 --- [crud-springboot] [           main] o.s.d.r.c.RepositoryComponentProvider    : Ignored because not matching any filter: file [/home/damien/crud-springboot-jwt/target/classes/com/cwa/crudspringboot/service/UserService.class]
2024-07-20T12:50:53.722+02:00 TRACE 238666 --- [crud-springboot] [           main] o.s.b.f.s.DefaultListableBeanFactory     : Returning cached instance of singleton bean 'org.springframework.boot.autoconfigure.AutoConfigurationPackages'
2024-07-20T12:50:53.723+02:00 TRACE 238666 --- [crud-springboot] [           main] .i.s.PathMatchingResourcePatternResolver : Resolved module-path location pattern [com/cwa/crudspringboot/**/*Impl.class] to resources []
2024-07-20T12:50:53.723+02:00 TRACE 238666 --- [crud-springboot] [           main] .i.s.PathMatchingResourcePatternResolver : Resolved module-path location pattern [com/cwa/crudspringboot/] to resources []
2024-07-20T12:50:53.723+02:00 TRACE 238666 --- [crud-springboot] [           main] .i.s.PathMatchingResourcePatternResolver : Resolved class path location [com/cwa/crudspringboot/] to resources [file [/home/damien/crud-springboot-jwt/target/test-classes/com/cwa/crudspringboot], file [/home/damien/crud-springboot-jwt/target/classes/com/cwa/crudspringboot]]
2024-07-20T12:50:53.724+02:00 TRACE 238666 --- [crud-springboot] [           main] .i.s.PathMatchingResourcePatternResolver : Searching directory [/home/damien/crud-springboot-jwt/target/test-classes/com/cwa/crudspringboot] for files matching pattern [**/*Impl.class]
2024-07-20T12:50:53.725+02:00 TRACE 238666 --- [crud-springboot] [           main] .i.s.PathMatchingResourcePatternResolver : Searching directory [/home/damien/crud-springboot-jwt/target/classes/com/cwa/crudspringboot] for files matching pattern [**/*Impl.class]
2024-07-20T12:50:53.729+02:00 TRACE 238666 --- [crud-springboot] [           main] .i.s.PathMatchingResourcePatternResolver : Resolved location pattern [classpath*:com/cwa/crudspringboot/**/*Impl.class] to resources []
2024-07-20T12:50:53.742+02:00 TRACE 238666 --- [crud-springboot] [           main] .s.d.r.c.RepositoryConfigurationDelegate : Spring Data JPA - Registering repository: personRepository - Interface: com.cwa.crudspringboot.repository.PersonRepository - Factory: org.springframework.data.jpa.repository.support.JpaRepositoryFactoryBean
2024-07-20T12:50:53.746+02:00 TRACE 238666 --- [crud-springboot] [           main] .s.d.r.c.RepositoryConfigurationDelegate : Spring Data JPA - Registering repository: userRepository - Interface: com.cwa.crudspringboot.repository.UserRepository - Factory: org.springframework.data.jpa.repository.support.JpaRepositoryFactoryBean
2024-07-20T12:50:53.747+02:00 TRACE 238666 --- [crud-springboot] [           main] .s.d.r.c.RepositoryConfigurationDelegate : Spring Data JPA - Registering repository: menuRepository - Interface: com.cwa.crudspringboot.repository.MenuRepository - Factory: org.springframework.data.jpa.repository.support.JpaRepositoryFactoryBean
2024-07-20T12:50:53.749+02:00 TRACE 238666 --- [crud-springboot] [           main] .s.d.r.c.RepositoryConfigurationDelegate : Spring Data JPA - Registering repository: allergenRepository - Interface: com.cwa.crudspringboot.repository.AllergenRepository - Factory: org.springframework.data.jpa.repository.support.JpaRepositoryFactoryBean
2024-07-20T12:50:53.753+02:00 TRACE 238666 --- [crud-springboot] [           main] .s.d.r.c.RepositoryConfigurationDelegate : Spring Data JPA - Registering repository: ingredientRepository - Interface: com.cwa.crudspringboot.repository.IngredientRepository - Factory: org.springframework.data.jpa.repository.support.JpaRepositoryFactoryBean
2024-07-20T12:50:53.755+02:00 TRACE 238666 --- [crud-springboot] [           main] .s.d.r.c.RepositoryConfigurationDelegate : Spring Data JPA - Registering repository: cardRepository - Interface: com.cwa.crudspringboot.repository.CardRepository - Factory: org.springframework.data.jpa.repository.support.JpaRepositoryFactoryBean
2024-07-20T12:50:53.757+02:00 TRACE 238666 --- [crud-springboot] [           main] .s.d.r.c.RepositoryConfigurationDelegate : Spring Data JPA - Registering repository: dishRepository - Interface: com.cwa.crudspringboot.repository.DishRepository - Factory: org.springframework.data.jpa.repository.support.JpaRepositoryFactoryBean
2024-07-20T12:50:53.758+02:00  INFO 238666 --- [crud-springboot] [           main] .s.d.r.c.RepositoryConfigurationDelegate : Finished Spring Data repository scanning in 114 ms. Found 7 JPA repository interfaces.
2024-07-20T12:50:53.760+02:00 TRACE 238666 --- [crud-springboot] [           main] o.s.b.a.condition.OnClassCondition       : Condition OnClassCondition on org.springframework.boot.autoconfigure.http.HttpMessageConvertersAutoConfiguration matched due to @ConditionalOnClass found required class 'org.springframework.http.converter.HttpMessageConverter'
2024-07-20T12:50:53.760+02:00 TRACE 238666 --- [crud-springboot] [           main] o.s.b.f.s.DefaultListableBeanFactory     : Returning cached instance of singleton bean 'autoConfigurationReport'
2024-07-20T12:50:53.760+02:00 TRACE 238666 --- [crud-springboot] [           main] o.s.b.a.condition.OnClassCondition       : Condition OnClassCondition on org.springframework.boot.autoconfigure.http.HttpMessageConvertersAutoConfiguration$StringHttpMessageConverterConfiguration matched due to @ConditionalOnClass found required class 'org.springframework.http.converter.StringHttpMessageConverter'
2024-07-20T12:50:53.760+02:00 TRACE 238666 --- [crud-springboot] [           main] o.s.b.f.s.DefaultListableBeanFactory     : Returning cached instance of singleton bean 'autoConfigurationReport'
2024-07-20T12:50:53.760+02:00 TRACE 238666 --- [crud-springboot] [           main] a.ConfigurationClassBeanDefinitionReader : Registered bean definition for imported class 'org.springframework.boot.autoconfigure.http.HttpMessageConvertersAutoConfiguration$StringHttpMessageConverterConfiguration'
2024-07-20T12:50:53.768+02:00 TRACE 238666 --- [crud-springboot] [           main] o.s.b.a.condition.OnBeanCondition        : Condition OnBeanCondition on org.springframework.boot.autoconfigure.http.HttpMessageConvertersAutoConfiguration$StringHttpMessageConverterConfiguration#stringHttpMessageConverter matched due to @ConditionalOnMissingBean (types: org.springframework.http.converter.StringHttpMessageConverter; SearchStrategy: all) did not find any beans
2024-07-20T12:50:53.768+02:00 TRACE 238666 --- [crud-springboot] [           main] o.s.b.f.s.DefaultListableBeanFactory     : Returning cached instance of singleton bean 'autoConfigurationReport'
2024-07-20T12:50:53.768+02:00 TRACE 238666 --- [crud-springboot] [           main] a.ConfigurationClassBeanDefinitionReader : Registering bean definition for @Bean method org.springframework.boot.autoconfigure.http.HttpMessageConvertersAutoConfiguration$StringHttpMessageConverterConfiguration.stringHttpMessageConverter()
2024-07-20T12:50:53.769+02:00 TRACE 238666 --- [crud-springboot] [           main] o.s.b.a.condition.OnClassCondition       : Condition OnClassCondition on org.springframework.boot.autoconfigure.http.JacksonHttpMessageConvertersConfiguration$MappingJackson2HttpMessageConverterConfiguration matched due to @ConditionalOnClass found required class 'com.fasterxml.jackson.databind.ObjectMapper'
2024-07-20T12:50:53.769+02:00 TRACE 238666 --- [crud-springboot] [           main] o.s.b.f.s.DefaultListableBeanFactory     : Returning cached instance of singleton bean 'autoConfigurationReport'
2024-07-20T12:50:53.770+02:00 TRACE 238666 --- [crud-springboot] [           main] o.s.b.a.condition.OnPropertyCondition    : Condition OnPropertyCondition on org.springframework.boot.autoconfigure.http.JacksonHttpMessageConvertersConfiguration$MappingJackson2HttpMessageConverterConfiguration matched due to @ConditionalOnProperty (spring.mvc.converters.preferred-json-mapper=jackson) matched
2024-07-20T12:50:53.770+02:00 TRACE 238666 --- [crud-springboot] [           main] o.s.b.f.s.DefaultListableBeanFactory     : Returning cached instance of singleton bean 'autoConfigurationReport'
2024-07-20T12:50:53.773+02:00 TRACE 238666 --- [crud-springboot] [           main] o.s.b.a.condition.OnBeanCondition        : Condition OnBeanCondition on org.springframework.boot.autoconfigure.http.JacksonHttpMessageConvertersConfiguration$MappingJackson2HttpMessageConverterConfiguration matched due to @ConditionalOnBean (types: com.fasterxml.jackson.databind.ObjectMapper; SearchStrategy: all) found bean 'jacksonObjectMapper'
2024-07-20T12:50:53.773+02:00 TRACE 238666 --- [crud-springboot] [           main] o.s.b.f.s.DefaultListableBeanFactory     : Returning cached instance of singleton bean 'autoConfigurationReport'
2024-07-20T12:50:53.773+02:00 TRACE 238666 --- [crud-springboot] [           main] a.ConfigurationClassBeanDefinitionReader : Registered bean definition for imported class 'org.springframework.boot.autoconfigure.http.JacksonHttpMessageConvertersConfiguration$MappingJackson2HttpMessageConverterConfiguration'
2024-07-20T12:50:53.776+02:00 TRACE 238666 --- [crud-springboot] [           main] o.s.b.a.condition.OnBeanCondition        : Condition OnBeanCondition on org.springframework.boot.autoconfigure.http.JacksonHttpMessageConvertersConfiguration$MappingJackson2HttpMessageConverterConfiguration#mappingJackson2HttpMessageConverter matched due to @ConditionalOnMissingBean (types: org.springframework.http.converter.json.MappingJackson2HttpMessageConverter ignored: org.springframework.hateoas.server.mvc.TypeConstrainedMappingJackson2HttpMessageConverter,org.springframework.data.rest.webmvc.alps.AlpsJsonHttpMessageConverter; SearchStrategy: all) did not find any beans
2024-07-20T12:50:53.776+02:00 TRACE 238666 --- [crud-springboot] [           main] o.s.b.f.s.DefaultListableBeanFactory     : Returning cached instance of singleton bean 'autoConfigurationReport'
2024-07-20T12:50:53.776+02:00 TRACE 238666 --- [crud-springboot] [           main] a.ConfigurationClassBeanDefinitionReader : Registering bean definition for @Bean method org.springframework.boot.autoconfigure.http.JacksonHttpMessageConvertersConfiguration$MappingJackson2HttpMessageConverterConfiguration.mappingJackson2HttpMessageConverter()
2024-07-20T12:50:53.776+02:00 TRACE 238666 --- [crud-springboot] [           main] a.ConfigurationClassBeanDefinitionReader : Registered bean definition for imported class 'org.springframework.boot.autoconfigure.http.JacksonHttpMessageConvertersConfiguration'
2024-07-20T12:50:53.778+02:00 TRACE 238666 --- [crud-springboot] [           main] a.ConfigurationClassBeanDefinitionReader : Registered bean definition for imported class 'org.springframework.boot.autoconfigure.http.HttpMessageConvertersAutoConfiguration'
2024-07-20T12:50:53.780+02:00 TRACE 238666 --- [crud-springboot] [           main] o.s.b.a.condition.OnBeanCondition        : Condition OnBeanCondition on org.springframework.boot.autoconfigure.http.HttpMessageConvertersAutoConfiguration#messageConverters matched due to @ConditionalOnMissingBean (types: org.springframework.boot.autoconfigure.http.HttpMessageConverters; SearchStrategy: all) did not find any beans
2024-07-20T12:50:53.780+02:00 TRACE 238666 --- [crud-springboot] [           main] o.s.b.f.s.DefaultListableBeanFactory     : Returning cached instance of singleton bean 'autoConfigurationReport'
2024-07-20T12:50:53.780+02:00 TRACE 238666 --- [crud-springboot] [           main] a.ConfigurationClassBeanDefinitionReader : Registering bean definition for @Bean method org.springframework.boot.autoconfigure.http.HttpMessageConvertersAutoConfiguration.messageConverters()
2024-07-20T12:50:53.781+02:00 TRACE 238666 --- [crud-springboot] [           main] o.s.b.a.condition.OnClassCondition       : Condition OnClassCondition on org.springframework.boot.autoconfigure.data.web.SpringDataWebAutoConfiguration matched due to @ConditionalOnClass found required classes 'org.springframework.data.web.PageableHandlerMethodArgumentResolver', 'org.springframework.web.servlet.config.annotation.WebMvcConfigurer'
2024-07-20T12:50:53.781+02:00 TRACE 238666 --- [crud-springboot] [           main] o.s.b.f.s.DefaultListableBeanFactory     : Returning cached instance of singleton bean 'autoConfigurationReport'
2024-07-20T12:50:53.781+02:00 TRACE 238666 --- [crud-springboot] [           main] o.s.b.a.c.OnWebApplicationCondition      : Condition OnWebApplicationCondition on org.springframework.boot.autoconfigure.data.web.SpringDataWebAutoConfiguration matched due to found 'session' scope
2024-07-20T12:50:53.781+02:00 TRACE 238666 --- [crud-springboot] [           main] o.s.b.f.s.DefaultListableBeanFactory     : Returning cached instance of singleton bean 'autoConfigurationReport'
2024-07-20T12:50:53.782+02:00 TRACE 238666 --- [crud-springboot] [           main] o.s.b.a.condition.OnBeanCondition        : Condition OnBeanCondition on org.springframework.boot.autoconfigure.data.web.SpringDataWebAutoConfiguration matched due to @ConditionalOnMissingBean (types: org.springframework.data.web.PageableHandlerMethodArgumentResolver; SearchStrategy: all) did not find any beans
2024-07-20T12:50:53.782+02:00 TRACE 238666 --- [crud-springboot] [           main] o.s.b.f.s.DefaultListableBeanFactory     : Returning cached instance of singleton bean 'autoConfigurationReport'
2024-07-20T12:50:53.782+02:00 TRACE 238666 --- [crud-springboot] [           main] a.ConfigurationClassBeanDefinitionReader : Registered bean definition for imported class 'org.springframework.data.web.config.ProjectingArgumentResolverRegistrar'
2024-07-20T12:50:53.783+02:00 TRACE 238666 --- [crud-springboot] [           main] a.ConfigurationClassBeanDefinitionReader : Registering bean definition for @Bean method org.springframework.data.web.config.ProjectingArgumentResolverRegistrar.projectingArgumentResolverBeanPostProcessor()
2024-07-20T12:50:53.783+02:00 TRACE 238666 --- [crud-springboot] [           main] a.ConfigurationClassBeanDefinitionReader : Registered bean definition for imported class 'org.springframework.data.web.config.SpringDataWebConfiguration'
2024-07-20T12:50:53.783+02:00 TRACE 238666 --- [crud-springboot] [           main] a.ConfigurationClassBeanDefinitionReader : Registering bean definition for @Bean method org.springframework.data.web.config.SpringDataWebConfiguration.pageableResolver()
2024-07-20T12:50:53.783+02:00 TRACE 238666 --- [crud-springboot] [           main] a.ConfigurationClassBeanDefinitionReader : Registering bean definition for @Bean method org.springframework.data.web.config.SpringDataWebConfiguration.sortResolver()
2024-07-20T12:50:53.783+02:00 TRACE 238666 --- [crud-springboot] [           main] a.ConfigurationClassBeanDefinitionReader : Registering bean definition for @Bean method org.springframework.data.web.config.SpringDataWebConfiguration.offsetResolver()
2024-07-20T12:50:53.783+02:00 TRACE 238666 --- [crud-springboot] [           main] a.ConfigurationClassBeanDefinitionReader : Registered bean definition for imported class 'org.springframework.data.web.config.SpringDataJacksonConfiguration'
2024-07-20T12:50:53.783+02:00 TRACE 238666 --- [crud-springboot] [           main] a.ConfigurationClassBeanDefinitionReader : Registering bean definition for @Bean method org.springframework.data.web.config.SpringDataJacksonConfiguration.jacksonGeoModule()
2024-07-20T12:50:53.783+02:00 TRACE 238666 --- [crud-springboot] [           main] a.ConfigurationClassBeanDefinitionReader : Registering bean definition for @Bean method org.springframework.data.web.config.SpringDataJacksonConfiguration.pageModule()
2024-07-20T12:50:53.785+02:00 TRACE 238666 --- [crud-springboot] [           main] a.ConfigurationClassBeanDefinitionReader : Registered bean definition for imported class 'org.springframework.boot.autoconfigure.data.web.SpringDataWebAutoConfiguration'
2024-07-20T12:50:53.791+02:00 TRACE 238666 --- [crud-springboot] [           main] o.s.b.a.condition.OnBeanCondition        : Condition OnBeanCondition on org.springframework.boot.autoconfigure.data.web.SpringDataWebAutoConfiguration#pageableCustomizer matched due to @ConditionalOnMissingBean (types: org.springframework.data.web.config.PageableHandlerMethodArgumentResolverCustomizer; SearchStrategy: all) did not find any beans
2024-07-20T12:50:53.791+02:00 TRACE 238666 --- [crud-springboot] [           main] o.s.b.f.s.DefaultListableBeanFactory     : Returning cached instance of singleton bean 'autoConfigurationReport'
2024-07-20T12:50:53.791+02:00 TRACE 238666 --- [crud-springboot] [           main] a.ConfigurationClassBeanDefinitionReader : Registering bean definition for @Bean method org.springframework.boot.autoconfigure.data.web.SpringDataWebAutoConfiguration.pageableCustomizer()
2024-07-20T12:50:53.792+02:00 TRACE 238666 --- [crud-springboot] [           main] o.s.b.a.condition.OnBeanCondition        : Condition OnBeanCondition on org.springframework.boot.autoconfigure.data.web.SpringDataWebAutoConfiguration#sortCustomizer matched due to @ConditionalOnMissingBean (types: org.springframework.data.web.config.SortHandlerMethodArgumentResolverCustomizer; SearchStrategy: all) did not find any beans
2024-07-20T12:50:53.792+02:00 TRACE 238666 --- [crud-springboot] [           main] o.s.b.f.s.DefaultListableBeanFactory     : Returning cached instance of singleton bean 'autoConfigurationReport'
2024-07-20T12:50:53.793+02:00 TRACE 238666 --- [crud-springboot] [           main] a.ConfigurationClassBeanDefinitionReader : Registering bean definition for @Bean method org.springframework.boot.autoconfigure.data.web.SpringDataWebAutoConfiguration.sortCustomizer()
2024-07-20T12:50:53.794+02:00 TRACE 238666 --- [crud-springboot] [           main] a.ConfigurationClassBeanDefinitionReader : Registered bean definition for imported class 'org.springframework.boot.autoconfigure.info.ProjectInfoAutoConfiguration'
2024-07-20T12:50:53.795+02:00 TRACE 238666 --- [crud-springboot] [           main] figuration$GitResourceAvailableCondition : Condition ProjectInfoAutoConfiguration.GitResourceAvailableCondition on org.springframework.boot.autoconfigure.info.ProjectInfoAutoConfiguration#gitProperties did not match due to GitResource did not find git info at classpath:git.properties
2024-07-20T12:50:53.796+02:00 TRACE 238666 --- [crud-springboot] [           main] o.s.b.f.s.DefaultListableBeanFactory     : Returning cached instance of singleton bean 'autoConfigurationReport'
2024-07-20T12:50:53.797+02:00 TRACE 238666 --- [crud-springboot] [           main] ySourcesPropertyResolver$DefaultResolver : Searching for key 'spring.info.build.location:classpath:META-INF/build-info.properties' in PropertySource 'configurationProperties'
2024-07-20T12:50:53.797+02:00 TRACE 238666 --- [crud-springboot] [           main] ySourcesPropertyResolver$DefaultResolver : Searching for key 'spring.info.build.location:classpath:META-INF/build-info.properties' in PropertySource 'test'
2024-07-20T12:50:53.797+02:00 TRACE 238666 --- [crud-springboot] [           main] ySourcesPropertyResolver$DefaultResolver : Searching for key 'spring.info.build.location:classpath:META-INF/build-info.properties' in PropertySource 'Inlined Test Properties'
2024-07-20T12:50:53.797+02:00 TRACE 238666 --- [crud-springboot] [           main] ySourcesPropertyResolver$DefaultResolver : Searching for key 'spring.info.build.location:classpath:META-INF/build-info.properties' in PropertySource 'servletConfigInitParams'
2024-07-20T12:50:53.797+02:00 TRACE 238666 --- [crud-springboot] [           main] ySourcesPropertyResolver$DefaultResolver : Searching for key 'spring.info.build.location:classpath:META-INF/build-info.properties' in PropertySource 'servletContextInitParams'
2024-07-20T12:50:53.797+02:00 TRACE 238666 --- [crud-springboot] [           main] ySourcesPropertyResolver$DefaultResolver : Searching for key 'spring.info.build.location:classpath:META-INF/build-info.properties' in PropertySource 'systemProperties'
2024-07-20T12:50:53.797+02:00 TRACE 238666 --- [crud-springboot] [           main] ySourcesPropertyResolver$DefaultResolver : Searching for key 'spring.info.build.location:classpath:META-INF/build-info.properties' in PropertySource 'systemEnvironment'
2024-07-20T12:50:53.797+02:00 TRACE 238666 --- [crud-springboot] [           main] ySourcesPropertyResolver$DefaultResolver : Searching for key 'spring.info.build.location:classpath:META-INF/build-info.properties' in PropertySource 'random'
2024-07-20T12:50:53.797+02:00 TRACE 238666 --- [crud-springboot] [           main] ySourcesPropertyResolver$DefaultResolver : Searching for key 'spring.info.build.location:classpath:META-INF/build-info.properties' in PropertySource 'Config resource 'class path resource [application.properties]' via location 'optional:classpath:/''
2024-07-20T12:50:53.797+02:00 TRACE 238666 --- [crud-springboot] [           main] ySourcesPropertyResolver$DefaultResolver : Could not find key 'spring.info.build.location:classpath:META-INF/build-info.properties' in any property source
2024-07-20T12:50:53.798+02:00 TRACE 238666 --- [crud-springboot] [           main] o.s.util.PropertyPlaceholderHelper       : Resolved placeholder 'spring.info.build.location:classpath:META-INF/build-info.properties'
2024-07-20T12:50:53.798+02:00 TRACE 238666 --- [crud-springboot] [           main] o.s.b.a.condition.OnResourceCondition    : Condition OnResourceCondition on org.springframework.boot.autoconfigure.info.ProjectInfoAutoConfiguration#buildProperties did not match due to @ConditionalOnResource did not find resource '${spring.info.build.location:classpath:META-INF/build-info.properties}'
2024-07-20T12:50:53.798+02:00 TRACE 238666 --- [crud-springboot] [           main] o.s.b.f.s.DefaultListableBeanFactory     : Returning cached instance of singleton bean 'autoConfigurationReport'
2024-07-20T12:50:53.799+02:00 TRACE 238666 --- [crud-springboot] [           main] o.s.b.a.condition.OnClassCondition       : Condition OnClassCondition on org.springframework.boot.autoconfigure.jdbc.JdbcTemplateAutoConfiguration matched due to @ConditionalOnClass found required classes 'javax.sql.DataSource', 'org.springframework.jdbc.core.JdbcTemplate'
2024-07-20T12:50:53.799+02:00 TRACE 238666 --- [crud-springboot] [           main] o.s.b.f.s.DefaultListableBeanFactory     : Returning cached instance of singleton bean 'autoConfigurationReport'
2024-07-20T12:50:53.802+02:00 TRACE 238666 --- [crud-springboot] [           main] o.s.b.a.condition.OnBeanCondition        : Condition OnBeanCondition on org.springframework.boot.autoconfigure.jdbc.JdbcTemplateAutoConfiguration matched due to @ConditionalOnSingleCandidate (types: javax.sql.DataSource; SearchStrategy: all) found a single bean 'dataSource'
2024-07-20T12:50:53.802+02:00 TRACE 238666 --- [crud-springboot] [           main] o.s.b.f.s.DefaultListableBeanFactory     : Returning cached instance of singleton bean 'autoConfigurationReport'
2024-07-20T12:50:53.803+02:00 TRACE 238666 --- [crud-springboot] [           main] o.s.b.a.condition.OnBeanCondition        : Condition OnBeanCondition on org.springframework.boot.autoconfigure.jdbc.JdbcTemplateConfiguration matched due to @ConditionalOnMissingBean (types: org.springframework.jdbc.core.JdbcOperations; SearchStrategy: all) did not find any beans
2024-07-20T12:50:53.804+02:00 TRACE 238666 --- [crud-springboot] [           main] o.s.b.f.s.DefaultListableBeanFactory     : Returning cached instance of singleton bean 'autoConfigurationReport'
2024-07-20T12:50:53.804+02:00 TRACE 238666 --- [crud-springboot] [           main] a.ConfigurationClassBeanDefinitionReader : Registered bean definition for imported class 'org.springframework.boot.autoconfigure.jdbc.JdbcTemplateConfiguration'
2024-07-20T12:50:53.804+02:00 TRACE 238666 --- [crud-springboot] [           main] a.ConfigurationClassBeanDefinitionReader : Registering bean definition for @Bean method org.springframework.boot.autoconfigure.jdbc.JdbcTemplateConfiguration.jdbcTemplate()
2024-07-20T12:50:53.808+02:00 TRACE 238666 --- [crud-springboot] [           main] o.s.b.a.condition.OnBeanCondition        : Condition OnBeanCondition on org.springframework.boot.autoconfigure.jdbc.NamedParameterJdbcTemplateConfiguration matched due to @ConditionalOnSingleCandidate (types: org.springframework.jdbc.core.JdbcTemplate; SearchStrategy: all) found a single bean 'jdbcTemplate'; @ConditionalOnMissingBean (types: org.springframework.jdbc.core.namedparam.NamedParameterJdbcOperations; SearchStrategy: all) did not find any beans
2024-07-20T12:50:53.809+02:00 TRACE 238666 --- [crud-springboot] [           main] o.s.b.f.s.DefaultListableBeanFactory     : Returning cached instance of singleton bean 'autoConfigurationReport'
2024-07-20T12:50:53.811+02:00 TRACE 238666 --- [crud-springboot] [           main] o.s.b.a.condition.OnBeanCondition        : Condition OnBeanCondition on org.springframework.boot.autoconfigure.jdbc.NamedParameterJdbcTemplateConfiguration matched due to @ConditionalOnSingleCandidate (types: org.springframework.jdbc.core.JdbcTemplate; SearchStrategy: all) found a single bean 'jdbcTemplate'; @ConditionalOnMissingBean (types: org.springframework.jdbc.core.namedparam.NamedParameterJdbcOperations; SearchStrategy: all) did not find any beans
2024-07-20T12:50:53.811+02:00 TRACE 238666 --- [crud-springboot] [           main] o.s.b.f.s.DefaultListableBeanFactory     : Returning cached instance of singleton bean 'autoConfigurationReport'
2024-07-20T12:50:53.811+02:00 TRACE 238666 --- [crud-springboot] [           main] a.ConfigurationClassBeanDefinitionReader : Registered bean definition for imported class 'org.springframework.boot.autoconfigure.jdbc.NamedParameterJdbcTemplateConfiguration'
2024-07-20T12:50:53.811+02:00 TRACE 238666 --- [crud-springboot] [           main] a.ConfigurationClassBeanDefinitionReader : Registering bean definition for @Bean method org.springframework.boot.autoconfigure.jdbc.NamedParameterJdbcTemplateConfiguration.namedParameterJdbcTemplate()
2024-07-20T12:50:53.812+02:00 TRACE 238666 --- [crud-springboot] [           main] a.ConfigurationClassBeanDefinitionReader : Registered bean definition for imported class 'org.springframework.boot.autoconfigure.jdbc.JdbcTemplateAutoConfiguration'
2024-07-20T12:50:53.818+02:00 TRACE 238666 --- [crud-springboot] [           main] o.s.b.a.condition.OnBeanCondition        : Condition OnBeanCondition on org.springframework.boot.autoconfigure.jdbc.JdbcClientAutoConfiguration matched due to @ConditionalOnSingleCandidate (types: org.springframework.jdbc.core.namedparam.NamedParameterJdbcTemplate; SearchStrategy: all) found a single bean 'namedParameterJdbcTemplate'; @ConditionalOnMissingBean (types: org.springframework.jdbc.core.simple.JdbcClient; SearchStrategy: all) did not find any beans
2024-07-20T12:50:53.818+02:00 TRACE 238666 --- [crud-springboot] [           main] o.s.b.f.s.DefaultListableBeanFactory     : Returning cached instance of singleton bean 'autoConfigurationReport'
2024-07-20T12:50:53.820+02:00 TRACE 238666 --- [crud-springboot] [           main] o.s.b.a.condition.OnBeanCondition        : Condition OnBeanCondition on org.springframework.boot.autoconfigure.jdbc.JdbcClientAutoConfiguration matched due to @ConditionalOnSingleCandidate (types: org.springframework.jdbc.core.namedparam.NamedParameterJdbcTemplate; SearchStrategy: all) found a single bean 'namedParameterJdbcTemplate'; @ConditionalOnMissingBean (types: org.springframework.jdbc.core.simple.JdbcClient; SearchStrategy: all) did not find any beans
2024-07-20T12:50:53.821+02:00 TRACE 238666 --- [crud-springboot] [           main] o.s.b.f.s.DefaultListableBeanFactory     : Returning cached instance of singleton bean 'autoConfigurationReport'
2024-07-20T12:50:53.821+02:00 TRACE 238666 --- [crud-springboot] [           main] a.ConfigurationClassBeanDefinitionReader : Registered bean definition for imported class 'org.springframework.boot.autoconfigure.jdbc.JdbcClientAutoConfiguration'
2024-07-20T12:50:53.821+02:00 TRACE 238666 --- [crud-springboot] [           main] a.ConfigurationClassBeanDefinitionReader : Registering bean definition for @Bean method org.springframework.boot.autoconfigure.jdbc.JdbcClientAutoConfiguration.jdbcClient()
2024-07-20T12:50:53.822+02:00 TRACE 238666 --- [crud-springboot] [           main] o.s.b.a.condition.OnClassCondition       : Condition OnClassCondition on org.springframework.boot.autoconfigure.security.reactive.ReactiveUserDetailsServiceAutoConfiguration matched due to @ConditionalOnClass found required class 'org.springframework.security.authentication.ReactiveAuthenticationManager'
2024-07-20T12:50:53.822+02:00 TRACE 238666 --- [crud-springboot] [           main] o.s.b.f.s.DefaultListableBeanFactory     : Returning cached instance of singleton bean 'autoConfigurationReport'
2024-07-20T12:50:53.824+02:00 TRACE 238666 --- [crud-springboot] [           main] n$RSocketEnabledOrReactiveWebApplication : Condition ReactiveUserDetailsServiceAutoConfiguration.RSocketEnabledOrReactiveWebApplication on org.springframework.boot.autoconfigure.security.reactive.ReactiveUserDetailsServiceAutoConfiguration did not match due to AnyNestedCondition 0 matched 2 did not; NestedCondition on ReactiveUserDetailsServiceAutoConfiguration.RSocketEnabledOrReactiveWebApplication.ReactiveWebApplicationCondition did not find reactive web application classes; NestedCondition on ReactiveUserDetailsServiceAutoConfiguration.RSocketEnabledOrReactiveWebApplication.RSocketSecurityEnabledCondition @ConditionalOnBean (types: org.springframework.messaging.rsocket.annotation.support.RSocketMessageHandler; SearchStrategy: all) did not find any beans of type org.springframework.messaging.rsocket.annotation.support.RSocketMessageHandler
2024-07-20T12:50:53.824+02:00 TRACE 238666 --- [crud-springboot] [           main] o.s.b.f.s.DefaultListableBeanFactory     : Returning cached instance of singleton bean 'autoConfigurationReport'
2024-07-20T12:50:53.825+02:00 TRACE 238666 --- [crud-springboot] [           main] o.s.b.a.condition.OnClassCondition       : Condition OnClassCondition on org.springframework.boot.autoconfigure.security.servlet.SecurityAutoConfiguration matched due to @ConditionalOnClass found required class 'org.springframework.security.authentication.DefaultAuthenticationEventPublisher'
2024-07-20T12:50:53.825+02:00 TRACE 238666 --- [crud-springboot] [           main] o.s.b.f.s.DefaultListableBeanFactory     : Returning cached instance of singleton bean 'autoConfigurationReport'
2024-07-20T12:50:53.825+02:00 TRACE 238666 --- [crud-springboot] [           main] o.s.b.a.c.OnWebApplicationCondition      : Condition OnWebApplicationCondition on org.springframework.boot.autoconfigure.security.servlet.SpringBootWebSecurityConfiguration matched due to found 'session' scope
2024-07-20T12:50:53.825+02:00 TRACE 238666 --- [crud-springboot] [           main] o.s.b.f.s.DefaultListableBeanFactory     : Returning cached instance of singleton bean 'autoConfigurationReport'
2024-07-20T12:50:53.826+02:00 TRACE 238666 --- [crud-springboot] [           main] o.s.b.a.condition.OnClassCondition       : Condition OnClassCondition on org.springframework.boot.autoconfigure.security.servlet.SpringBootWebSecurityConfiguration$WebSecurityEnablerConfiguration matched due to @ConditionalOnClass found required class 'org.springframework.security.config.annotation.web.configuration.EnableWebSecurity'
2024-07-20T12:50:53.826+02:00 TRACE 238666 --- [crud-springboot] [           main] o.s.b.f.s.DefaultListableBeanFactory     : Returning cached instance of singleton bean 'autoConfigurationReport'
2024-07-20T12:50:53.826+02:00 TRACE 238666 --- [crud-springboot] [           main] o.s.b.a.condition.OnBeanCondition        : Condition OnBeanCondition on org.springframework.boot.autoconfigure.security.servlet.SpringBootWebSecurityConfiguration$WebSecurityEnablerConfiguration did not match due to @ConditionalOnMissingBean (names: springSecurityFilterChain; SearchStrategy: all) found beans named springSecurityFilterChain
2024-07-20T12:50:53.826+02:00 TRACE 238666 --- [crud-springboot] [           main] o.s.b.f.s.DefaultListableBeanFactory     : Returning cached instance of singleton bean 'autoConfigurationReport'
2024-07-20T12:50:53.830+02:00 TRACE 238666 --- [crud-springboot] [           main] o.s.b.a.s.DefaultWebSecurityCondition    : Condition DefaultWebSecurityCondition on org.springframework.boot.autoconfigure.security.servlet.SpringBootWebSecurityConfiguration$SecurityFilterChainConfiguration did not match due to AllNestedConditions 1 matched 1 did not; NestedCondition on DefaultWebSecurityCondition.Beans @ConditionalOnMissingBean (types: org.springframework.security.web.SecurityFilterChain; SearchStrategy: all) found beans of type 'org.springframework.security.web.SecurityFilterChain' securityFilterChain; NestedCondition on DefaultWebSecurityCondition.Classes @ConditionalOnClass found required classes 'org.springframework.security.web.SecurityFilterChain', 'org.springframework.security.config.annotation.web.builders.HttpSecurity'
2024-07-20T12:50:53.830+02:00 TRACE 238666 --- [crud-springboot] [           main] o.s.b.f.s.DefaultListableBeanFactory     : Returning cached instance of singleton bean 'autoConfigurationReport'
2024-07-20T12:50:53.831+02:00 TRACE 238666 --- [crud-springboot] [           main] a.ConfigurationClassBeanDefinitionReader : Registered bean definition for imported class 'org.springframework.boot.autoconfigure.security.servlet.SpringBootWebSecurityConfiguration'
2024-07-20T12:50:53.832+02:00 TRACE 238666 --- [crud-springboot] [           main] a.ConfigurationClassBeanDefinitionReader : Registered bean definition for imported class 'org.springframework.boot.autoconfigure.security.servlet.SecurityAutoConfiguration'
2024-07-20T12:50:53.834+02:00 TRACE 238666 --- [crud-springboot] [           main] o.s.b.a.condition.OnBeanCondition        : Condition OnBeanCondition on org.springframework.boot.autoconfigure.security.servlet.SecurityAutoConfiguration#authenticationEventPublisher matched due to @ConditionalOnMissingBean (types: org.springframework.security.authentication.AuthenticationEventPublisher; SearchStrategy: all) did not find any beans
2024-07-20T12:50:53.834+02:00 TRACE 238666 --- [crud-springboot] [           main] o.s.b.f.s.DefaultListableBeanFactory     : Returning cached instance of singleton bean 'autoConfigurationReport'
2024-07-20T12:50:53.834+02:00 TRACE 238666 --- [crud-springboot] [           main] a.ConfigurationClassBeanDefinitionReader : Registering bean definition for @Bean method org.springframework.boot.autoconfigure.security.servlet.SecurityAutoConfiguration.authenticationEventPublisher()
2024-07-20T12:50:53.837+02:00 TRACE 238666 --- [crud-springboot] [           main] o.s.b.a.condition.OnClassCondition       : Condition OnClassCondition on org.springframework.boot.autoconfigure.security.servlet.SecurityFilterAutoConfiguration matched due to @ConditionalOnClass found required classes 'org.springframework.security.web.context.AbstractSecurityWebApplicationInitializer', 'org.springframework.security.config.http.SessionCreationPolicy'
2024-07-20T12:50:53.837+02:00 TRACE 238666 --- [crud-springboot] [           main] o.s.b.f.s.DefaultListableBeanFactory     : Returning cached instance of singleton bean 'autoConfigurationReport'
2024-07-20T12:50:53.837+02:00 TRACE 238666 --- [crud-springboot] [           main] o.s.b.a.c.OnWebApplicationCondition      : Condition OnWebApplicationCondition on org.springframework.boot.autoconfigure.security.servlet.SecurityFilterAutoConfiguration matched due to found 'session' scope
2024-07-20T12:50:53.837+02:00 TRACE 238666 --- [crud-springboot] [           main] o.s.b.f.s.DefaultListableBeanFactory     : Returning cached instance of singleton bean 'autoConfigurationReport'
2024-07-20T12:50:53.837+02:00 TRACE 238666 --- [crud-springboot] [           main] a.ConfigurationClassBeanDefinitionReader : Registered bean definition for imported class 'org.springframework.boot.autoconfigure.security.servlet.SecurityFilterAutoConfiguration'
2024-07-20T12:50:53.838+02:00 TRACE 238666 --- [crud-springboot] [           main] o.s.b.a.condition.OnBeanCondition        : Condition OnBeanCondition on org.springframework.boot.autoconfigure.security.servlet.SecurityFilterAutoConfiguration#securityFilterChainRegistration matched due to @ConditionalOnBean (names: springSecurityFilterChain; SearchStrategy: all) found bean 'springSecurityFilterChain'
2024-07-20T12:50:53.838+02:00 TRACE 238666 --- [crud-springboot] [           main] o.s.b.f.s.DefaultListableBeanFactory     : Returning cached instance of singleton bean 'autoConfigurationReport'
2024-07-20T12:50:53.838+02:00 TRACE 238666 --- [crud-springboot] [           main] a.ConfigurationClassBeanDefinitionReader : Registering bean definition for @Bean method org.springframework.boot.autoconfigure.security.servlet.SecurityFilterAutoConfiguration.securityFilterChainRegistration()
2024-07-20T12:50:53.839+02:00 TRACE 238666 --- [crud-springboot] [           main] o.s.b.a.condition.OnClassCondition       : Condition OnClassCondition on org.springframework.boot.autoconfigure.security.servlet.UserDetailsServiceAutoConfiguration matched due to @ConditionalOnClass found required class 'org.springframework.security.authentication.AuthenticationManager'
2024-07-20T12:50:53.839+02:00 TRACE 238666 --- [crud-springboot] [           main] o.s.b.f.s.DefaultListableBeanFactory     : Returning cached instance of singleton bean 'autoConfigurationReport'
2024-07-20T12:50:53.847+02:00 TRACE 238666 --- [crud-springboot] [           main] o.s.b.a.condition.OnBeanCondition        : Condition OnBeanCondition on org.springframework.boot.autoconfigure.security.servlet.UserDetailsServiceAutoConfiguration did not match due to @ConditionalOnMissingBean (types: org.springframework.security.authentication.AuthenticationManager,org.springframework.security.authentication.AuthenticationProvider,org.springframework.security.core.userdetails.UserDetailsService,org.springframework.security.authentication.AuthenticationManagerResolver,org.springframework.security.oauth2.jwt.JwtDecoder; SearchStrategy: all) found beans of type 'org.springframework.security.authentication.AuthenticationManager' authenticationManager and found beans of type 'org.springframework.security.core.userdetails.UserDetailsService' customUserDetailsService
2024-07-20T12:50:53.847+02:00 TRACE 238666 --- [crud-springboot] [           main] o.s.b.f.s.DefaultListableBeanFactory     : Returning cached instance of singleton bean 'autoConfigurationReport'
2024-07-20T12:50:53.848+02:00 TRACE 238666 --- [crud-springboot] [           main] o.s.b.a.condition.OnPropertyCondition    : Condition OnPropertyCondition on org.springframework.boot.autoconfigure.sql.init.SqlInitializationAutoConfiguration matched due to @ConditionalOnProperty (spring.sql.init.enabled) matched
2024-07-20T12:50:53.848+02:00 TRACE 238666 --- [crud-springboot] [           main] o.s.b.f.s.DefaultListableBeanFactory     : Returning cached instance of singleton bean 'autoConfigurationReport'
2024-07-20T12:50:53.849+02:00 TRACE 238666 --- [crud-springboot] [           main] o.s.b.a.condition.OnClassCondition       : Condition OnClassCondition on org.springframework.boot.autoconfigure.sql.init.DataSourceInitializationConfiguration matched due to @ConditionalOnClass found required class 'org.springframework.jdbc.datasource.init.DatabasePopulator'
2024-07-20T12:50:53.849+02:00 TRACE 238666 --- [crud-springboot] [           main] o.s.b.f.s.DefaultListableBeanFactory     : Returning cached instance of singleton bean 'autoConfigurationReport'
2024-07-20T12:50:53.853+02:00 TRACE 238666 --- [crud-springboot] [           main] o.s.b.a.condition.OnBeanCondition        : Condition OnBeanCondition on org.springframework.boot.autoconfigure.sql.init.DataSourceInitializationConfiguration matched due to @ConditionalOnSingleCandidate (types: javax.sql.DataSource; SearchStrategy: all) found a single bean 'dataSource'; @ConditionalOnMissingBean (types: org.springframework.boot.autoconfigure.sql.init.SqlDataSourceScriptDatabaseInitializer,org.springframework.boot.autoconfigure.sql.init.SqlR2dbcScriptDatabaseInitializer; SearchStrategy: all) did not find any beans
2024-07-20T12:50:53.854+02:00 TRACE 238666 --- [crud-springboot] [           main] o.s.b.f.s.DefaultListableBeanFactory     : Returning cached instance of singleton bean 'autoConfigurationReport'
2024-07-20T12:50:53.855+02:00 TRACE 238666 --- [crud-springboot] [           main] o.s.b.a.condition.OnBeanCondition        : Condition OnBeanCondition on org.springframework.boot.autoconfigure.sql.init.DataSourceInitializationConfiguration matched due to @ConditionalOnSingleCandidate (types: javax.sql.DataSource; SearchStrategy: all) found a single bean 'dataSource'; @ConditionalOnMissingBean (types: org.springframework.boot.autoconfigure.sql.init.SqlDataSourceScriptDatabaseInitializer,org.springframework.boot.autoconfigure.sql.init.SqlR2dbcScriptDatabaseInitializer; SearchStrategy: all) did not find any beans
2024-07-20T12:50:53.856+02:00 TRACE 238666 --- [crud-springboot] [           main] o.s.b.f.s.DefaultListableBeanFactory     : Returning cached instance of singleton bean 'autoConfigurationReport'
2024-07-20T12:50:53.856+02:00 TRACE 238666 --- [crud-springboot] [           main] a.ConfigurationClassBeanDefinitionReader : Registered bean definition for imported class 'org.springframework.boot.autoconfigure.sql.init.DataSourceInitializationConfiguration'
2024-07-20T12:50:53.856+02:00 TRACE 238666 --- [crud-springboot] [           main] a.ConfigurationClassBeanDefinitionReader : Registering bean definition for @Bean method org.springframework.boot.autoconfigure.sql.init.DataSourceInitializationConfiguration.dataSourceScriptDatabaseInitializer()
2024-07-20T12:50:53.858+02:00 TRACE 238666 --- [crud-springboot] [           main] a.ConfigurationClassBeanDefinitionReader : Registered bean definition for imported class 'org.springframework.boot.autoconfigure.sql.init.SqlInitializationAutoConfiguration'
2024-07-20T12:50:53.859+02:00 TRACE 238666 --- [crud-springboot] [           main] o.s.b.a.condition.OnClassCondition       : Condition OnClassCondition on org.springframework.boot.autoconfigure.task.TaskSchedulingAutoConfiguration matched due to @ConditionalOnClass found required class 'org.springframework.scheduling.concurrent.ThreadPoolTaskScheduler'
2024-07-20T12:50:53.859+02:00 TRACE 238666 --- [crud-springboot] [           main] o.s.b.f.s.DefaultListableBeanFactory     : Returning cached instance of singleton bean 'autoConfigurationReport'
2024-07-20T12:50:53.859+02:00 TRACE 238666 --- [crud-springboot] [           main] a.ConfigurationClassBeanDefinitionReader : Registered bean definition for imported class 'org.springframework.boot.autoconfigure.task.TaskSchedulingConfigurations$ThreadPoolTaskSchedulerBuilderConfiguration'
2024-07-20T12:50:53.863+02:00 TRACE 238666 --- [crud-springboot] [           main] o.s.b.a.condition.OnBeanCondition        : Condition OnBeanCondition on org.springframework.boot.autoconfigure.task.TaskSchedulingConfigurations$ThreadPoolTaskSchedulerBuilderConfiguration#threadPoolTaskSchedulerBuilder matched due to @ConditionalOnMissingBean (types: org.springframework.boot.task.TaskSchedulerBuilder,org.springframework.boot.task.ThreadPoolTaskSchedulerBuilder; SearchStrategy: all) did not find any beans
2024-07-20T12:50:53.863+02:00 TRACE 238666 --- [crud-springboot] [           main] o.s.b.f.s.DefaultListableBeanFactory     : Returning cached instance of singleton bean 'autoConfigurationReport'
2024-07-20T12:50:53.863+02:00 TRACE 238666 --- [crud-springboot] [           main] a.ConfigurationClassBeanDefinitionReader : Registering bean definition for @Bean method org.springframework.boot.autoconfigure.task.TaskSchedulingConfigurations$ThreadPoolTaskSchedulerBuilderConfiguration.threadPoolTaskSchedulerBuilder()
2024-07-20T12:50:53.864+02:00 TRACE 238666 --- [crud-springboot] [           main] a.ConfigurationClassBeanDefinitionReader : Registered bean definition for imported class 'org.springframework.boot.autoconfigure.task.TaskSchedulingConfigurations$TaskSchedulerBuilderConfiguration'
2024-07-20T12:50:53.868+02:00 TRACE 238666 --- [crud-springboot] [           main] o.s.b.a.condition.OnBeanCondition        : Condition OnBeanCondition on org.springframework.boot.autoconfigure.task.TaskSchedulingConfigurations$TaskSchedulerBuilderConfiguration#taskSchedulerBuilder matched due to @ConditionalOnMissingBean (types: org.springframework.boot.task.TaskSchedulerBuilder; SearchStrategy: all) did not find any beans
2024-07-20T12:50:53.868+02:00 TRACE 238666 --- [crud-springboot] [           main] o.s.b.f.s.DefaultListableBeanFactory     : Returning cached instance of singleton bean 'autoConfigurationReport'
2024-07-20T12:50:53.868+02:00 TRACE 238666 --- [crud-springboot] [           main] a.ConfigurationClassBeanDefinitionReader : Registering bean definition for @Bean method org.springframework.boot.autoconfigure.task.TaskSchedulingConfigurations$TaskSchedulerBuilderConfiguration.taskSchedulerBuilder()
2024-07-20T12:50:53.869+02:00 TRACE 238666 --- [crud-springboot] [           main] a.ConfigurationClassBeanDefinitionReader : Registered bean definition for imported class 'org.springframework.boot.autoconfigure.task.TaskSchedulingConfigurations$SimpleAsyncTaskSchedulerBuilderConfiguration'
2024-07-20T12:50:53.872+02:00 TRACE 238666 --- [crud-springboot] [           main] o.s.b.a.condition.OnBeanCondition        : Condition OnBeanCondition on org.springframework.boot.autoconfigure.task.TaskSchedulingConfigurations$SimpleAsyncTaskSchedulerBuilderConfiguration#simpleAsyncTaskSchedulerBuilder matched due to @ConditionalOnMissingBean (types: org.springframework.boot.task.SimpleAsyncTaskSchedulerBuilder; SearchStrategy: all) did not find any beans
2024-07-20T12:50:53.872+02:00 TRACE 238666 --- [crud-springboot] [           main] o.s.b.f.s.DefaultListableBeanFactory     : Returning cached instance of singleton bean 'autoConfigurationReport'
2024-07-20T12:50:53.872+02:00 TRACE 238666 --- [crud-springboot] [           main] o.s.b.a.condition.OnThreadingCondition   : Condition OnThreadingCondition on org.springframework.boot.autoconfigure.task.TaskSchedulingConfigurations$SimpleAsyncTaskSchedulerBuilderConfiguration#simpleAsyncTaskSchedulerBuilder matched due to @ConditionalOnThreading found PLATFORM
2024-07-20T12:50:53.872+02:00 TRACE 238666 --- [crud-springboot] [           main] o.s.b.f.s.DefaultListableBeanFactory     : Returning cached instance of singleton bean 'autoConfigurationReport'
2024-07-20T12:50:53.873+02:00 TRACE 238666 --- [crud-springboot] [           main] a.ConfigurationClassBeanDefinitionReader : Registering bean definition for @Bean method org.springframework.boot.autoconfigure.task.TaskSchedulingConfigurations$SimpleAsyncTaskSchedulerBuilderConfiguration.simpleAsyncTaskSchedulerBuilder()
2024-07-20T12:50:53.874+02:00 TRACE 238666 --- [crud-springboot] [           main] o.s.b.a.condition.OnBeanCondition        : Condition OnBeanCondition on org.springframework.boot.autoconfigure.task.TaskSchedulingConfigurations$SimpleAsyncTaskSchedulerBuilderConfiguration#simpleAsyncTaskSchedulerBuilderVirtualThreads did not match due to @ConditionalOnMissingBean (types: org.springframework.boot.task.SimpleAsyncTaskSchedulerBuilder; SearchStrategy: all) found beans of type 'org.springframework.boot.task.SimpleAsyncTaskSchedulerBuilder' simpleAsyncTaskSchedulerBuilder
2024-07-20T12:50:53.874+02:00 TRACE 238666 --- [crud-springboot] [           main] o.s.b.f.s.DefaultListableBeanFactory     : Returning cached instance of singleton bean 'autoConfigurationReport'
2024-07-20T12:50:53.875+02:00 TRACE 238666 --- [crud-springboot] [           main] o.s.b.a.condition.OnBeanCondition        : Condition OnBeanCondition on org.springframework.boot.autoconfigure.task.TaskSchedulingConfigurations$TaskSchedulerConfiguration did not match due to @ConditionalOnBean (names: org.springframework.context.annotation.internalScheduledAnnotationProcessor; SearchStrategy: all) did not find any beans named org.springframework.context.annotation.internalScheduledAnnotationProcessor
2024-07-20T12:50:53.875+02:00 TRACE 238666 --- [crud-springboot] [           main] o.s.b.f.s.DefaultListableBeanFactory     : Returning cached instance of singleton bean 'autoConfigurationReport'
2024-07-20T12:50:53.877+02:00 TRACE 238666 --- [crud-springboot] [           main] a.ConfigurationClassBeanDefinitionReader : Registered bean definition for imported class 'org.springframework.boot.autoconfigure.task.TaskSchedulingAutoConfiguration'
2024-07-20T12:50:53.877+02:00 TRACE 238666 --- [crud-springboot] [           main] o.s.b.a.condition.OnBeanCondition        : Condition OnBeanCondition on org.springframework.boot.autoconfigure.task.TaskSchedulingAutoConfiguration#scheduledBeanLazyInitializationExcludeFilter did not match due to @ConditionalOnBean (names: org.springframework.context.annotation.internalScheduledAnnotationProcessor; SearchStrategy: all) did not find any beans named org.springframework.context.annotation.internalScheduledAnnotationProcessor
2024-07-20T12:50:53.877+02:00 TRACE 238666 --- [crud-springboot] [           main] o.s.b.f.s.DefaultListableBeanFactory     : Returning cached instance of singleton bean 'autoConfigurationReport'
2024-07-20T12:50:53.879+02:00 TRACE 238666 --- [crud-springboot] [           main] o.s.b.a.condition.OnClassCondition       : Condition OnClassCondition on org.springframework.boot.autoconfigure.thymeleaf.ThymeleafAutoConfiguration matched due to @ConditionalOnClass found required classes 'org.thymeleaf.templatemode.TemplateMode', 'org.thymeleaf.spring6.SpringTemplateEngine'
2024-07-20T12:50:53.879+02:00 TRACE 238666 --- [crud-springboot] [           main] o.s.b.f.s.DefaultListableBeanFactory     : Returning cached instance of singleton bean 'autoConfigurationReport'
2024-07-20T12:50:53.879+02:00 TRACE 238666 --- [crud-springboot] [           main] o.s.b.a.c.OnWebApplicationCondition      : Condition OnWebApplicationCondition on org.springframework.boot.autoconfigure.thymeleaf.ThymeleafAutoConfiguration$ThymeleafWebMvcConfiguration matched due to found 'session' scope
2024-07-20T12:50:53.879+02:00 TRACE 238666 --- [crud-springboot] [           main] o.s.b.f.s.DefaultListableBeanFactory     : Returning cached instance of singleton bean 'autoConfigurationReport'
2024-07-20T12:50:53.880+02:00 TRACE 238666 --- [crud-springboot] [           main] o.s.b.a.condition.OnPropertyCondition    : Condition OnPropertyCondition on org.springframework.boot.autoconfigure.thymeleaf.ThymeleafAutoConfiguration$ThymeleafWebMvcConfiguration matched due to @ConditionalOnProperty (spring.thymeleaf.enabled) matched
2024-07-20T12:50:53.880+02:00 TRACE 238666 --- [crud-springboot] [           main] o.s.b.f.s.DefaultListableBeanFactory     : Returning cached instance of singleton bean 'autoConfigurationReport'
2024-07-20T12:50:53.880+02:00 TRACE 238666 --- [crud-springboot] [           main] a.ConfigurationClassBeanDefinitionReader : Registered bean definition for imported class 'org.springframework.boot.autoconfigure.thymeleaf.ThymeleafAutoConfiguration$ThymeleafWebMvcConfiguration$ThymeleafViewResolverConfiguration'
2024-07-20T12:50:53.880+02:00 TRACE 238666 --- [crud-springboot] [           main] o.s.b.a.condition.OnBeanCondition        : Condition OnBeanCondition on org.springframework.boot.autoconfigure.thymeleaf.ThymeleafAutoConfiguration$ThymeleafWebMvcConfiguration$ThymeleafViewResolverConfiguration#thymeleafViewResolver matched due to @ConditionalOnMissingBean (names: thymeleafViewResolver; SearchStrategy: all) did not find any beans
2024-07-20T12:50:53.881+02:00 TRACE 238666 --- [crud-springboot] [           main] o.s.b.f.s.DefaultListableBeanFactory     : Returning cached instance of singleton bean 'autoConfigurationReport'
2024-07-20T12:50:53.881+02:00 TRACE 238666 --- [crud-springboot] [           main] a.ConfigurationClassBeanDefinitionReader : Registering bean definition for @Bean method org.springframework.boot.autoconfigure.thymeleaf.ThymeleafAutoConfiguration$ThymeleafWebMvcConfiguration$ThymeleafViewResolverConfiguration.thymeleafViewResolver()
2024-07-20T12:50:53.881+02:00 TRACE 238666 --- [crud-springboot] [           main] a.ConfigurationClassBeanDefinitionReader : Registered bean definition for imported class 'org.springframework.boot.autoconfigure.thymeleaf.ThymeleafAutoConfiguration$ThymeleafWebMvcConfiguration'
2024-07-20T12:50:53.882+02:00 TRACE 238666 --- [crud-springboot] [           main] .s.b.a.w.OnEnabledResourceChainCondition : Condition OnEnabledResourceChainCondition on org.springframework.boot.autoconfigure.thymeleaf.ThymeleafAutoConfiguration$ThymeleafWebMvcConfiguration#resourceUrlEncodingFilter did not match due to @ConditionalOnEnabledResourceChain did not find class org.webjars.WebJarAssetLocator
2024-07-20T12:50:53.883+02:00 TRACE 238666 --- [crud-springboot] [           main] o.s.b.f.s.DefaultListableBeanFactory     : Returning cached instance of singleton bean 'autoConfigurationReport'
2024-07-20T12:50:53.883+02:00 TRACE 238666 --- [crud-springboot] [           main] o.s.b.a.condition.OnBeanCondition        : Condition OnBeanCondition on org.springframework.boot.autoconfigure.thymeleaf.ThymeleafAutoConfiguration$DefaultTemplateResolverConfiguration matched due to @ConditionalOnMissingBean (names: defaultTemplateResolver; SearchStrategy: all) did not find any beans
2024-07-20T12:50:53.883+02:00 TRACE 238666 --- [crud-springboot] [           main] o.s.b.f.s.DefaultListableBeanFactory     : Returning cached instance of singleton bean 'autoConfigurationReport'
2024-07-20T12:50:53.883+02:00 TRACE 238666 --- [crud-springboot] [           main] a.ConfigurationClassBeanDefinitionReader : Registered bean definition for imported class 'org.springframework.boot.autoconfigure.thymeleaf.ThymeleafAutoConfiguration$DefaultTemplateResolverConfiguration'
2024-07-20T12:50:53.883+02:00 TRACE 238666 --- [crud-springboot] [           main] a.ConfigurationClassBeanDefinitionReader : Registering bean definition for @Bean method org.springframework.boot.autoconfigure.thymeleaf.ThymeleafAutoConfiguration$DefaultTemplateResolverConfiguration.defaultTemplateResolver()
2024-07-20T12:50:53.884+02:00 TRACE 238666 --- [crud-springboot] [           main] a.ConfigurationClassBeanDefinitionReader : Registered bean definition for imported class 'org.springframework.boot.autoconfigure.thymeleaf.TemplateEngineConfigurations$DefaultTemplateEngineConfiguration'
2024-07-20T12:50:53.894+02:00 TRACE 238666 --- [crud-springboot] [           main] o.s.b.a.condition.OnBeanCondition        : Condition OnBeanCondition on org.springframework.boot.autoconfigure.thymeleaf.TemplateEngineConfigurations$DefaultTemplateEngineConfiguration#templateEngine matched due to @ConditionalOnMissingBean (types: org.thymeleaf.spring6.ISpringTemplateEngine; SearchStrategy: all) did not find any beans
2024-07-20T12:50:53.894+02:00 TRACE 238666 --- [crud-springboot] [           main] o.s.b.f.s.DefaultListableBeanFactory     : Returning cached instance of singleton bean 'autoConfigurationReport'
2024-07-20T12:50:53.894+02:00 TRACE 238666 --- [crud-springboot] [           main] a.ConfigurationClassBeanDefinitionReader : Registering bean definition for @Bean method org.springframework.boot.autoconfigure.thymeleaf.TemplateEngineConfigurations$DefaultTemplateEngineConfiguration.templateEngine()
2024-07-20T12:50:53.896+02:00 TRACE 238666 --- [crud-springboot] [           main] a.ConfigurationClassBeanDefinitionReader : Registered bean definition for imported class 'org.springframework.boot.autoconfigure.thymeleaf.ThymeleafAutoConfiguration'
2024-07-20T12:50:53.898+02:00 TRACE 238666 --- [crud-springboot] [           main] o.s.b.a.condition.OnClassCondition       : Condition OnClassCondition on org.springframework.boot.autoconfigure.jdbc.DataSourceTransactionManagerAutoConfiguration matched due to @ConditionalOnClass found required classes 'javax.sql.DataSource', 'org.springframework.jdbc.core.JdbcTemplate', 'org.springframework.transaction.TransactionManager'
2024-07-20T12:50:53.898+02:00 TRACE 238666 --- [crud-springboot] [           main] o.s.b.f.s.DefaultListableBeanFactory     : Returning cached instance of singleton bean 'autoConfigurationReport'
2024-07-20T12:50:53.900+02:00 TRACE 238666 --- [crud-springboot] [           main] o.s.b.a.condition.OnBeanCondition        : Condition OnBeanCondition on org.springframework.boot.autoconfigure.jdbc.DataSourceTransactionManagerAutoConfiguration$JdbcTransactionManagerConfiguration matched due to @ConditionalOnSingleCandidate (types: javax.sql.DataSource; SearchStrategy: all) found a single bean 'dataSource'
2024-07-20T12:50:53.900+02:00 TRACE 238666 --- [crud-springboot] [           main] o.s.b.f.s.DefaultListableBeanFactory     : Returning cached instance of singleton bean 'autoConfigurationReport'
2024-07-20T12:50:53.901+02:00 TRACE 238666 --- [crud-springboot] [           main] a.ConfigurationClassBeanDefinitionReader : Registered bean definition for imported class 'org.springframework.boot.autoconfigure.jdbc.DataSourceTransactionManagerAutoConfiguration$JdbcTransactionManagerConfiguration'
2024-07-20T12:50:53.904+02:00 TRACE 238666 --- [crud-springboot] [           main] o.s.b.a.condition.OnBeanCondition        : Condition OnBeanCondition on org.springframework.boot.autoconfigure.jdbc.DataSourceTransactionManagerAutoConfiguration$JdbcTransactionManagerConfiguration#transactionManager did not match due to @ConditionalOnMissingBean (types: org.springframework.transaction.TransactionManager; SearchStrategy: all) found beans of type 'org.springframework.transaction.TransactionManager' transactionManager
2024-07-20T12:50:53.904+02:00 TRACE 238666 --- [crud-springboot] [           main] o.s.b.f.s.DefaultListableBeanFactory     : Returning cached instance of singleton bean 'autoConfigurationReport'
2024-07-20T12:50:53.904+02:00 TRACE 238666 --- [crud-springboot] [           main] a.ConfigurationClassBeanDefinitionReader : Registered bean definition for imported class 'org.springframework.boot.autoconfigure.jdbc.DataSourceTransactionManagerAutoConfiguration'
2024-07-20T12:50:53.905+02:00 TRACE 238666 --- [crud-springboot] [           main] o.s.b.a.condition.OnClassCondition       : Condition OnClassCondition on org.springframework.boot.autoconfigure.transaction.TransactionAutoConfiguration matched due to @ConditionalOnClass found required class 'org.springframework.transaction.PlatformTransactionManager'
2024-07-20T12:50:53.905+02:00 TRACE 238666 --- [crud-springboot] [           main] o.s.b.f.s.DefaultListableBeanFactory     : Returning cached instance of singleton bean 'autoConfigurationReport'
2024-07-20T12:50:53.906+02:00 TRACE 238666 --- [crud-springboot] [           main] o.s.b.a.condition.OnBeanCondition        : Condition OnBeanCondition on org.springframework.boot.autoconfigure.transaction.TransactionAutoConfiguration$AspectJTransactionManagementConfiguration did not match due to @ConditionalOnBean (types: org.springframework.transaction.aspectj.AbstractTransactionAspect; SearchStrategy: all) did not find any beans of type org.springframework.transaction.aspectj.AbstractTransactionAspect
2024-07-20T12:50:53.906+02:00 TRACE 238666 --- [crud-springboot] [           main] o.s.b.f.s.DefaultListableBeanFactory     : Returning cached instance of singleton bean 'autoConfigurationReport'
2024-07-20T12:50:53.908+02:00 TRACE 238666 --- [crud-springboot] [           main] o.s.b.a.condition.OnBeanCondition        : Condition OnBeanCondition on org.springframework.boot.autoconfigure.transaction.TransactionAutoConfiguration$EnableTransactionManagementConfiguration matched due to @ConditionalOnBean (types: org.springframework.transaction.TransactionManager; SearchStrategy: all) found bean 'transactionManager'; @ConditionalOnMissingBean (types: org.springframework.transaction.annotation.AbstractTransactionManagementConfiguration; SearchStrategy: all) did not find any beans
2024-07-20T12:50:53.908+02:00 TRACE 238666 --- [crud-springboot] [           main] o.s.b.f.s.DefaultListableBeanFactory     : Returning cached instance of singleton bean 'autoConfigurationReport'
2024-07-20T12:50:53.909+02:00 TRACE 238666 --- [crud-springboot] [           main] o.s.b.a.condition.OnBeanCondition        : Condition OnBeanCondition on org.springframework.boot.autoconfigure.transaction.TransactionAutoConfiguration$EnableTransactionManagementConfiguration matched due to @ConditionalOnBean (types: org.springframework.transaction.TransactionManager; SearchStrategy: all) found bean 'transactionManager'; @ConditionalOnMissingBean (types: org.springframework.transaction.annotation.AbstractTransactionManagementConfiguration; SearchStrategy: all) did not find any beans
2024-07-20T12:50:53.909+02:00 TRACE 238666 --- [crud-springboot] [           main] o.s.b.f.s.DefaultListableBeanFactory     : Returning cached instance of singleton bean 'autoConfigurationReport'
2024-07-20T12:50:53.910+02:00 TRACE 238666 --- [crud-springboot] [           main] o.s.b.a.condition.OnPropertyCondition    : Condition OnPropertyCondition on org.springframework.boot.autoconfigure.transaction.TransactionAutoConfiguration$EnableTransactionManagementConfiguration$CglibAutoProxyConfiguration matched due to @ConditionalOnProperty (spring.aop.proxy-target-class=true) matched
2024-07-20T12:50:53.910+02:00 TRACE 238666 --- [crud-springboot] [           main] o.s.b.f.s.DefaultListableBeanFactory     : Returning cached instance of singleton bean 'autoConfigurationReport'
2024-07-20T12:50:53.910+02:00 TRACE 238666 --- [crud-springboot] [           main] a.ConfigurationClassBeanDefinitionReader : Registered bean definition for imported class 'org.springframework.transaction.annotation.ProxyTransactionManagementConfiguration'
2024-07-20T12:50:53.910+02:00 TRACE 238666 --- [crud-springboot] [           main] a.ConfigurationClassBeanDefinitionReader : Registering bean definition for @Bean method org.springframework.transaction.annotation.ProxyTransactionManagementConfiguration.org.springframework.transaction.config.internalTransactionAdvisor()
2024-07-20T12:50:53.911+02:00 TRACE 238666 --- [crud-springboot] [           main] a.ConfigurationClassBeanDefinitionReader : Registering bean definition for @Bean method org.springframework.transaction.annotation.ProxyTransactionManagementConfiguration.transactionAttributeSource()
2024-07-20T12:50:53.911+02:00 TRACE 238666 --- [crud-springboot] [           main] a.ConfigurationClassBeanDefinitionReader : Registering bean definition for @Bean method org.springframework.transaction.annotation.ProxyTransactionManagementConfiguration.transactionInterceptor()
2024-07-20T12:50:53.911+02:00 TRACE 238666 --- [crud-springboot] [           main] a.ConfigurationClassBeanDefinitionReader : Registering bean definition for @Bean method org.springframework.transaction.annotation.ProxyTransactionManagementConfiguration.org.springframework.transaction.config.internalTransactionalEventListenerFactory()
2024-07-20T12:50:53.911+02:00 TRACE 238666 --- [crud-springboot] [           main] a.ConfigurationClassBeanDefinitionReader : Registered bean definition for imported class 'org.springframework.boot.autoconfigure.transaction.TransactionAutoConfiguration$EnableTransactionManagementConfiguration$CglibAutoProxyConfiguration'
2024-07-20T12:50:53.912+02:00 TRACE 238666 --- [crud-springboot] [           main] a.ConfigurationClassBeanDefinitionReader : Registered bean definition for imported class 'org.springframework.boot.autoconfigure.transaction.TransactionAutoConfiguration$EnableTransactionManagementConfiguration'
2024-07-20T12:50:53.922+02:00 TRACE 238666 --- [crud-springboot] [           main] o.s.b.a.condition.OnBeanCondition        : Condition OnBeanCondition on org.springframework.boot.autoconfigure.transaction.TransactionAutoConfiguration$TransactionTemplateConfiguration matched due to @ConditionalOnSingleCandidate (types: org.springframework.transaction.PlatformTransactionManager; SearchStrategy: all) found a single bean 'transactionManager'
2024-07-20T12:50:53.922+02:00 TRACE 238666 --- [crud-springboot] [           main] o.s.b.f.s.DefaultListableBeanFactory     : Returning cached instance of singleton bean 'autoConfigurationReport'
2024-07-20T12:50:53.922+02:00 TRACE 238666 --- [crud-springboot] [           main] a.ConfigurationClassBeanDefinitionReader : Registered bean definition for imported class 'org.springframework.boot.autoconfigure.transaction.TransactionAutoConfiguration$TransactionTemplateConfiguration'
2024-07-20T12:50:53.925+02:00 TRACE 238666 --- [crud-springboot] [           main] o.s.b.a.condition.OnBeanCondition        : Condition OnBeanCondition on org.springframework.boot.autoconfigure.transaction.TransactionAutoConfiguration$TransactionTemplateConfiguration#transactionTemplate matched due to @ConditionalOnMissingBean (types: org.springframework.transaction.support.TransactionOperations; SearchStrategy: all) did not find any beans
2024-07-20T12:50:53.925+02:00 TRACE 238666 --- [crud-springboot] [           main] o.s.b.f.s.DefaultListableBeanFactory     : Returning cached instance of singleton bean 'autoConfigurationReport'
2024-07-20T12:50:53.926+02:00 TRACE 238666 --- [crud-springboot] [           main] a.ConfigurationClassBeanDefinitionReader : Registering bean definition for @Bean method org.springframework.boot.autoconfigure.transaction.TransactionAutoConfiguration$TransactionTemplateConfiguration.transactionTemplate()
2024-07-20T12:50:53.926+02:00 TRACE 238666 --- [crud-springboot] [           main] a.ConfigurationClassBeanDefinitionReader : Registered bean definition for imported class 'org.springframework.boot.autoconfigure.transaction.TransactionAutoConfiguration'
2024-07-20T12:50:53.930+02:00 TRACE 238666 --- [crud-springboot] [           main] o.s.b.a.condition.OnBeanCondition        : Condition OnBeanCondition on org.springframework.boot.autoconfigure.transaction.TransactionAutoConfiguration#transactionalOperator did not match due to @ConditionalOnSingleCandidate (types: org.springframework.transaction.ReactiveTransactionManager; SearchStrategy: all) did not find any beans
2024-07-20T12:50:53.930+02:00 TRACE 238666 --- [crud-springboot] [           main] o.s.b.f.s.DefaultListableBeanFactory     : Returning cached instance of singleton bean 'autoConfigurationReport'
2024-07-20T12:50:53.930+02:00 TRACE 238666 --- [crud-springboot] [           main] o.s.b.a.condition.OnClassCondition       : Condition OnClassCondition on org.springframework.boot.autoconfigure.web.client.RestClientAutoConfiguration matched due to @ConditionalOnClass found required class 'org.springframework.web.client.RestClient'
2024-07-20T12:50:53.930+02:00 TRACE 238666 --- [crud-springboot] [           main] o.s.b.f.s.DefaultListableBeanFactory     : Returning cached instance of singleton bean 'autoConfigurationReport'
2024-07-20T12:50:53.931+02:00 TRACE 238666 --- [crud-springboot] [           main] a.ConfigurationClassBeanDefinitionReader : Registered bean definition for imported class 'org.springframework.boot.autoconfigure.web.client.RestClientAutoConfiguration'
2024-07-20T12:50:53.936+02:00 TRACE 238666 --- [crud-springboot] [           main] o.s.b.a.condition.OnBeanCondition        : Condition OnBeanCondition on org.springframework.boot.autoconfigure.web.client.RestClientAutoConfiguration#httpMessageConvertersRestClientCustomizer matched due to @ConditionalOnMissingBean (types: org.springframework.boot.autoconfigure.web.client.HttpMessageConvertersRestClientCustomizer; SearchStrategy: all) did not find any beans
2024-07-20T12:50:53.936+02:00 TRACE 238666 --- [crud-springboot] [           main] o.s.b.f.s.DefaultListableBeanFactory     : Returning cached instance of singleton bean 'autoConfigurationReport'
2024-07-20T12:50:53.937+02:00 TRACE 238666 --- [crud-springboot] [           main] a.ConfigurationClassBeanDefinitionReader : Registering bean definition for @Bean method org.springframework.boot.autoconfigure.web.client.RestClientAutoConfiguration.httpMessageConvertersRestClientCustomizer()
2024-07-20T12:50:53.945+02:00 TRACE 238666 --- [crud-springboot] [           main] o.s.b.a.condition.OnBeanCondition        : Condition OnBeanCondition on org.springframework.boot.autoconfigure.web.client.RestClientAutoConfiguration#restClientSsl matched due to @ConditionalOnBean (types: org.springframework.boot.ssl.SslBundles; SearchStrategy: all) found bean 'sslBundleRegistry'; @ConditionalOnMissingBean (types: org.springframework.boot.autoconfigure.web.client.RestClientSsl; SearchStrategy: all) did not find any beans
2024-07-20T12:50:53.945+02:00 TRACE 238666 --- [crud-springboot] [           main] o.s.b.f.s.DefaultListableBeanFactory     : Returning cached instance of singleton bean 'autoConfigurationReport'
2024-07-20T12:50:53.947+02:00 TRACE 238666 --- [crud-springboot] [           main] o.s.b.a.condition.OnBeanCondition        : Condition OnBeanCondition on org.springframework.boot.autoconfigure.web.client.RestClientAutoConfiguration#restClientSsl matched due to @ConditionalOnBean (types: org.springframework.boot.ssl.SslBundles; SearchStrategy: all) found bean 'sslBundleRegistry'; @ConditionalOnMissingBean (types: org.springframework.boot.autoconfigure.web.client.RestClientSsl; SearchStrategy: all) did not find any beans
2024-07-20T12:50:53.947+02:00 TRACE 238666 --- [crud-springboot] [           main] o.s.b.f.s.DefaultListableBeanFactory     : Returning cached instance of singleton bean 'autoConfigurationReport'
2024-07-20T12:50:53.947+02:00 TRACE 238666 --- [crud-springboot] [           main] a.ConfigurationClassBeanDefinitionReader : Registering bean definition for @Bean method org.springframework.boot.autoconfigure.web.client.RestClientAutoConfiguration.restClientSsl()
2024-07-20T12:50:53.948+02:00 TRACE 238666 --- [crud-springboot] [           main] o.s.b.a.condition.OnBeanCondition        : Condition OnBeanCondition on org.springframework.boot.autoconfigure.web.client.RestClientAutoConfiguration#restClientBuilderConfigurer matched due to @ConditionalOnMissingBean (types: org.springframework.boot.autoconfigure.web.client.RestClientBuilderConfigurer; SearchStrategy: all) did not find any beans
2024-07-20T12:50:53.948+02:00 TRACE 238666 --- [crud-springboot] [           main] o.s.b.f.s.DefaultListableBeanFactory     : Returning cached instance of singleton bean 'autoConfigurationReport'
2024-07-20T12:50:53.949+02:00 TRACE 238666 --- [crud-springboot] [           main] a.ConfigurationClassBeanDefinitionReader : Registering bean definition for @Bean method org.springframework.boot.autoconfigure.web.client.RestClientAutoConfiguration.restClientBuilderConfigurer()
2024-07-20T12:50:53.950+02:00 TRACE 238666 --- [crud-springboot] [           main] o.s.b.a.condition.OnBeanCondition        : Condition OnBeanCondition on org.springframework.boot.autoconfigure.web.client.RestClientAutoConfiguration#restClientBuilder matched due to @ConditionalOnMissingBean (types: org.springframework.web.client.RestClient$Builder; SearchStrategy: all) did not find any beans
2024-07-20T12:50:53.950+02:00 TRACE 238666 --- [crud-springboot] [           main] o.s.b.f.s.DefaultListableBeanFactory     : Returning cached instance of singleton bean 'autoConfigurationReport'
2024-07-20T12:50:53.950+02:00 TRACE 238666 --- [crud-springboot] [           main] a.ConfigurationClassBeanDefinitionReader : Registering bean definition for @Bean method org.springframework.boot.autoconfigure.web.client.RestClientAutoConfiguration.restClientBuilder()
2024-07-20T12:50:53.951+02:00 TRACE 238666 --- [crud-springboot] [           main] o.s.b.a.condition.OnClassCondition       : Condition OnClassCondition on org.springframework.boot.autoconfigure.web.client.RestTemplateAutoConfiguration matched due to @ConditionalOnClass found required class 'org.springframework.web.client.RestTemplate'
2024-07-20T12:50:53.951+02:00 TRACE 238666 --- [crud-springboot] [           main] o.s.b.f.s.DefaultListableBeanFactory     : Returning cached instance of singleton bean 'autoConfigurationReport'
2024-07-20T12:50:53.953+02:00 TRACE 238666 --- [crud-springboot] [           main] a.ConfigurationClassBeanDefinitionReader : Registered bean definition for imported class 'org.springframework.boot.autoconfigure.web.client.RestTemplateAutoConfiguration'
2024-07-20T12:50:53.954+02:00 TRACE 238666 --- [crud-springboot] [           main] a.ConfigurationClassBeanDefinitionReader : Registering bean definition for @Bean method org.springframework.boot.autoconfigure.web.client.RestTemplateAutoConfiguration.restTemplateBuilderConfigurer()
2024-07-20T12:50:53.961+02:00 TRACE 238666 --- [crud-springboot] [           main] o.s.b.a.condition.OnBeanCondition        : Condition OnBeanCondition on org.springframework.boot.autoconfigure.web.client.RestTemplateAutoConfiguration#restTemplateBuilder matched due to @ConditionalOnMissingBean (types: org.springframework.boot.web.client.RestTemplateBuilder; SearchStrategy: all) did not find any beans
2024-07-20T12:50:53.961+02:00 TRACE 238666 --- [crud-springboot] [           main] o.s.b.f.s.DefaultListableBeanFactory     : Returning cached instance of singleton bean 'autoConfigurationReport'
2024-07-20T12:50:53.962+02:00 TRACE 238666 --- [crud-springboot] [           main] a.ConfigurationClassBeanDefinitionReader : Registering bean definition for @Bean method org.springframework.boot.autoconfigure.web.client.RestTemplateAutoConfiguration.restTemplateBuilder()
2024-07-20T12:50:53.962+02:00 TRACE 238666 --- [crud-springboot] [           main] o.s.b.a.condition.OnClassCondition       : Condition OnClassCondition on org.springframework.boot.autoconfigure.web.servlet.HttpEncodingAutoConfiguration matched due to @ConditionalOnClass found required class 'org.springframework.web.filter.CharacterEncodingFilter'
2024-07-20T12:50:53.962+02:00 TRACE 238666 --- [crud-springboot] [           main] o.s.b.f.s.DefaultListableBeanFactory     : Returning cached instance of singleton bean 'autoConfigurationReport'
2024-07-20T12:50:53.962+02:00 TRACE 238666 --- [crud-springboot] [           main] o.s.b.a.c.OnWebApplicationCondition      : Condition OnWebApplicationCondition on org.springframework.boot.autoconfigure.web.servlet.HttpEncodingAutoConfiguration matched due to found 'session' scope
2024-07-20T12:50:53.962+02:00 TRACE 238666 --- [crud-springboot] [           main] o.s.b.f.s.DefaultListableBeanFactory     : Returning cached instance of singleton bean 'autoConfigurationReport'
2024-07-20T12:50:53.963+02:00 TRACE 238666 --- [crud-springboot] [           main] o.s.b.a.condition.OnPropertyCondition    : Condition OnPropertyCondition on org.springframework.boot.autoconfigure.web.servlet.HttpEncodingAutoConfiguration matched due to @ConditionalOnProperty (server.servlet.encoding.enabled) matched
2024-07-20T12:50:53.963+02:00 TRACE 238666 --- [crud-springboot] [           main] o.s.b.f.s.DefaultListableBeanFactory     : Returning cached instance of singleton bean 'autoConfigurationReport'
2024-07-20T12:50:53.963+02:00 TRACE 238666 --- [crud-springboot] [           main] a.ConfigurationClassBeanDefinitionReader : Registered bean definition for imported class 'org.springframework.boot.autoconfigure.web.servlet.HttpEncodingAutoConfiguration'
2024-07-20T12:50:53.965+02:00 TRACE 238666 --- [crud-springboot] [           main] o.s.b.a.condition.OnBeanCondition        : Condition OnBeanCondition on org.springframework.boot.autoconfigure.web.servlet.HttpEncodingAutoConfiguration#characterEncodingFilter matched due to @ConditionalOnMissingBean (types: org.springframework.web.filter.CharacterEncodingFilter; SearchStrategy: all) did not find any beans
2024-07-20T12:50:53.965+02:00 TRACE 238666 --- [crud-springboot] [           main] o.s.b.f.s.DefaultListableBeanFactory     : Returning cached instance of singleton bean 'autoConfigurationReport'
2024-07-20T12:50:53.965+02:00 TRACE 238666 --- [crud-springboot] [           main] a.ConfigurationClassBeanDefinitionReader : Registering bean definition for @Bean method org.springframework.boot.autoconfigure.web.servlet.HttpEncodingAutoConfiguration.characterEncodingFilter()
2024-07-20T12:50:53.966+02:00 TRACE 238666 --- [crud-springboot] [           main] a.ConfigurationClassBeanDefinitionReader : Registering bean definition for @Bean method org.springframework.boot.autoconfigure.web.servlet.HttpEncodingAutoConfiguration.localeCharsetMappingsCustomizer()
2024-07-20T12:50:53.966+02:00 TRACE 238666 --- [crud-springboot] [           main] o.s.b.a.condition.OnClassCondition       : Condition OnClassCondition on org.springframework.boot.autoconfigure.web.servlet.MultipartAutoConfiguration matched due to @ConditionalOnClass found required classes 'jakarta.servlet.Servlet', 'org.springframework.web.multipart.support.StandardServletMultipartResolver', 'jakarta.servlet.MultipartConfigElement'
2024-07-20T12:50:53.966+02:00 TRACE 238666 --- [crud-springboot] [           main] o.s.b.f.s.DefaultListableBeanFactory     : Returning cached instance of singleton bean 'autoConfigurationReport'
2024-07-20T12:50:53.966+02:00 TRACE 238666 --- [crud-springboot] [           main] o.s.b.a.c.OnWebApplicationCondition      : Condition OnWebApplicationCondition on org.springframework.boot.autoconfigure.web.servlet.MultipartAutoConfiguration matched due to found 'session' scope
2024-07-20T12:50:53.966+02:00 TRACE 238666 --- [crud-springboot] [           main] o.s.b.f.s.DefaultListableBeanFactory     : Returning cached instance of singleton bean 'autoConfigurationReport'
2024-07-20T12:50:53.967+02:00 TRACE 238666 --- [crud-springboot] [           main] o.s.b.a.condition.OnPropertyCondition    : Condition OnPropertyCondition on org.springframework.boot.autoconfigure.web.servlet.MultipartAutoConfiguration matched due to @ConditionalOnProperty (spring.servlet.multipart.enabled) matched
2024-07-20T12:50:53.967+02:00 TRACE 238666 --- [crud-springboot] [           main] o.s.b.f.s.DefaultListableBeanFactory     : Returning cached instance of singleton bean 'autoConfigurationReport'
2024-07-20T12:50:53.968+02:00 TRACE 238666 --- [crud-springboot] [           main] a.ConfigurationClassBeanDefinitionReader : Registered bean definition for imported class 'org.springframework.boot.autoconfigure.web.servlet.MultipartAutoConfiguration'
2024-07-20T12:50:53.975+02:00 TRACE 238666 --- [crud-springboot] [           main] o.s.b.a.condition.OnBeanCondition        : Condition OnBeanCondition on org.springframework.boot.autoconfigure.web.servlet.MultipartAutoConfiguration#multipartConfigElement matched due to @ConditionalOnMissingBean (types: jakarta.servlet.MultipartConfigElement; SearchStrategy: all) did not find any beans
2024-07-20T12:50:53.976+02:00 TRACE 238666 --- [crud-springboot] [           main] o.s.b.f.s.DefaultListableBeanFactory     : Returning cached instance of singleton bean 'autoConfigurationReport'
2024-07-20T12:50:53.976+02:00 TRACE 238666 --- [crud-springboot] [           main] a.ConfigurationClassBeanDefinitionReader : Registering bean definition for @Bean method org.springframework.boot.autoconfigure.web.servlet.MultipartAutoConfiguration.multipartConfigElement()
2024-07-20T12:50:53.978+02:00 TRACE 238666 --- [crud-springboot] [           main] o.s.b.a.condition.OnBeanCondition        : Condition OnBeanCondition on org.springframework.boot.autoconfigure.web.servlet.MultipartAutoConfiguration#multipartResolver matched due to @ConditionalOnMissingBean (types: org.springframework.web.multipart.MultipartResolver; SearchStrategy: all) did not find any beans
2024-07-20T12:50:53.978+02:00 TRACE 238666 --- [crud-springboot] [           main] o.s.b.f.s.DefaultListableBeanFactory     : Returning cached instance of singleton bean 'autoConfigurationReport'
2024-07-20T12:50:53.978+02:00 TRACE 238666 --- [crud-springboot] [           main] a.ConfigurationClassBeanDefinitionReader : Registering bean definition for @Bean method org.springframework.boot.autoconfigure.web.servlet.MultipartAutoConfiguration.multipartResolver()
2024-07-20T12:50:54.002+02:00 DEBUG 238666 --- [crud-springboot] [           main] o.s.b.f.s.DefaultListableBeanFactory     : Creating shared instance of singleton bean 'springSecurityHandlerMappingIntrospectorBeanDefinitionRegistryPostProcessor'
2024-07-20T12:50:54.002+02:00 TRACE 238666 --- [crud-springboot] [           main] o.s.b.f.s.DefaultListableBeanFactory     : Creating instance of bean 'springSecurityHandlerMappingIntrospectorBeanDefinitionRegistryPostProcessor'
2024-07-20T12:50:54.003+02:00 TRACE 238666 --- [crud-springboot] [           main] o.s.b.f.s.DefaultListableBeanFactory     : Finished creating instance of bean 'springSecurityHandlerMappingIntrospectorBeanDefinitionRegistryPostProcessor'
2024-07-20T12:50:54.156+02:00 TRACE 238666 --- [crud-springboot] [           main] o.s.c.a.ConfigurationClassEnhancer       : Successfully enhanced com.cwa.crudspringboot.CrudSpringbootApplication; enhanced class name is: com.cwa.crudspringboot.CrudSpringbootApplication$$SpringCGLIB$$0
2024-07-20T12:50:54.156+02:00 TRACE 238666 --- [crud-springboot] [           main] o.s.c.a.ConfigurationClassPostProcessor  : Replacing bean definition 'crudSpringbootApplication' existing class 'com.cwa.crudspringboot.CrudSpringbootApplication' with enhanced class 'com.cwa.crudspringboot.CrudSpringbootApplication$$SpringCGLIB$$0'
2024-07-20T12:50:54.192+02:00 TRACE 238666 --- [crud-springboot] [           main] o.s.c.a.ConfigurationClassEnhancer       : Successfully enhanced com.cwa.crudspringboot.configuration.SecurityConfig; enhanced class name is: com.cwa.crudspringboot.configuration.SecurityConfig$$SpringCGLIB$$0
2024-07-20T12:50:54.193+02:00 TRACE 238666 --- [crud-springboot] [           main] o.s.c.a.ConfigurationClassPostProcessor  : Replacing bean definition 'securityConfig' existing class 'com.cwa.crudspringboot.configuration.SecurityConfig' with enhanced class 'com.cwa.crudspringboot.configuration.SecurityConfig$$SpringCGLIB$$0'
2024-07-20T12:50:54.195+02:00 DEBUG 238666 --- [crud-springboot] [           main] o.s.b.f.s.DefaultListableBeanFactory     : Creating shared instance of singleton bean 'propertySourcesPlaceholderConfigurer'
2024-07-20T12:50:54.195+02:00 TRACE 238666 --- [crud-springboot] [           main] o.s.b.f.s.DefaultListableBeanFactory     : Creating instance of bean 'propertySourcesPlaceholderConfigurer'
2024-07-20T12:50:54.197+02:00 TRACE 238666 --- [crud-springboot] [           main] o.s.b.f.s.DefaultListableBeanFactory     : Finished creating instance of bean 'propertySourcesPlaceholderConfigurer'
2024-07-20T12:50:54.204+02:00 DEBUG 238666 --- [crud-springboot] [           main] o.s.b.f.s.DefaultListableBeanFactory     : Creating shared instance of singleton bean 'org.springframework.boot.test.mock.mockito.MockitoPostProcessor'
2024-07-20T12:50:54.204+02:00 TRACE 238666 --- [crud-springboot] [           main] o.s.b.f.s.DefaultListableBeanFactory     : Creating instance of bean 'org.springframework.boot.test.mock.mockito.MockitoPostProcessor'
2024-07-20T12:50:54.208+02:00 TRACE 238666 --- [crud-springboot] [           main] o.s.b.f.s.DefaultListableBeanFactory     : Finished creating instance of bean 'org.springframework.boot.test.mock.mockito.MockitoPostProcessor'
2024-07-20T12:50:54.208+02:00 DEBUG 238666 --- [crud-springboot] [           main] o.s.b.f.s.DefaultListableBeanFactory     : Creating shared instance of singleton bean 'emBeanDefinitionRegistrarPostProcessor'
2024-07-20T12:50:54.208+02:00 TRACE 238666 --- [crud-springboot] [           main] o.s.b.f.s.DefaultListableBeanFactory     : Creating instance of bean 'emBeanDefinitionRegistrarPostProcessor'
2024-07-20T12:50:54.208+02:00 TRACE 238666 --- [crud-springboot] [           main] o.s.b.f.s.DefaultListableBeanFactory     : Finished creating instance of bean 'emBeanDefinitionRegistrarPostProcessor'
2024-07-20T12:50:54.209+02:00 DEBUG 238666 --- [crud-springboot] [           main] o.s.b.f.s.DefaultListableBeanFactory     : Creating shared instance of singleton bean 'org.springframework.boot.sql.init.dependency.DatabaseInitializationDependencyConfigurer$DependsOnDatabaseInitializationPostProcessor'
2024-07-20T12:50:54.209+02:00 TRACE 238666 --- [crud-springboot] [           main] o.s.b.f.s.DefaultListableBeanFactory     : Creating instance of bean 'org.springframework.boot.sql.init.dependency.DatabaseInitializationDependencyConfigurer$DependsOnDatabaseInitializationPostProcessor'
2024-07-20T12:50:54.209+02:00 TRACE 238666 --- [crud-springboot] [           main] o.s.b.f.s.DefaultListableBeanFactory     : Finished creating instance of bean 'org.springframework.boot.sql.init.dependency.DatabaseInitializationDependencyConfigurer$DependsOnDatabaseInitializationPostProcessor'
2024-07-20T12:50:54.214+02:00 TRACE 238666 --- [crud-springboot] [           main] o.s.c.io.support.SpringFactoriesLoader   : Loaded [org.springframework.boot.sql.init.dependency.DatabaseInitializerDetector] names: [org.springframework.boot.flyway.FlywayDatabaseInitializerDetector, org.springframework.boot.jdbc.init.DataSourceScriptDatabaseInitializerDetector, org.springframework.boot.liquibase.LiquibaseDatabaseInitializerDetector, org.springframework.boot.orm.jpa.JpaDatabaseInitializerDetector, org.springframework.boot.r2dbc.init.R2dbcScriptDatabaseInitializerDetector, org.springframework.boot.autoconfigure.flyway.FlywayMigrationInitializerDatabaseInitializerDetector]
2024-07-20T12:50:54.227+02:00 TRACE 238666 --- [crud-springboot] [           main] o.s.c.io.support.SpringFactoriesLoader   : Loaded [org.springframework.boot.sql.init.dependency.DependsOnDatabaseInitializationDetector] names: [org.springframework.boot.sql.init.dependency.AnnotationDependsOnDatabaseInitializationDetector, org.springframework.boot.jdbc.SpringJdbcDependsOnDatabaseInitializationDetector, org.springframework.boot.jooq.JooqDependsOnDatabaseInitializationDetector, org.springframework.boot.orm.jpa.JpaDependsOnDatabaseInitializationDetector, org.springframework.boot.autoconfigure.batch.JobRepositoryDependsOnDatabaseInitializationDetector, org.springframework.boot.autoconfigure.quartz.SchedulerDependsOnDatabaseInitializationDetector, org.springframework.boot.autoconfigure.session.JdbcIndexedSessionRepositoryDependsOnDatabaseInitializationDetector]
2024-07-20T12:50:54.325+02:00 DEBUG 238666 --- [crud-springboot] [           main] o.s.b.f.s.DefaultListableBeanFactory     : Creating shared instance of singleton bean 'org.springframework.context.event.internalEventListenerProcessor'
2024-07-20T12:50:54.325+02:00 TRACE 238666 --- [crud-springboot] [           main] o.s.b.f.s.DefaultListableBeanFactory     : Creating instance of bean 'org.springframework.context.event.internalEventListenerProcessor'
2024-07-20T12:50:54.327+02:00 TRACE 238666 --- [crud-springboot] [           main] o.s.b.f.s.DefaultListableBeanFactory     : Finished creating instance of bean 'org.springframework.context.event.internalEventListenerProcessor'
2024-07-20T12:50:54.327+02:00 DEBUG 238666 --- [crud-springboot] [           main] o.s.b.f.s.DefaultListableBeanFactory     : Creating shared instance of singleton bean 'conversionServicePostProcessor'
2024-07-20T12:50:54.327+02:00 TRACE 238666 --- [crud-springboot] [           main] o.s.b.f.s.DefaultListableBeanFactory     : Creating instance of bean 'conversionServicePostProcessor'
2024-07-20T12:50:54.350+02:00 TRACE 238666 --- [crud-springboot] [           main] o.s.b.f.s.DefaultListableBeanFactory     : Finished creating instance of bean 'conversionServicePostProcessor'
2024-07-20T12:50:54.350+02:00 DEBUG 238666 --- [crud-springboot] [           main] o.s.b.f.s.DefaultListableBeanFactory     : Creating shared instance of singleton bean 'preserveErrorControllerTargetClassPostProcessor'
2024-07-20T12:50:54.350+02:00 TRACE 238666 --- [crud-springboot] [           main] o.s.b.f.s.DefaultListableBeanFactory     : Creating instance of bean 'preserveErrorControllerTargetClassPostProcessor'
2024-07-20T12:50:54.351+02:00 TRACE 238666 --- [crud-springboot] [           main] o.s.b.f.s.DefaultListableBeanFactory     : Finished creating instance of bean 'preserveErrorControllerTargetClassPostProcessor'
2024-07-20T12:50:54.353+02:00 DEBUG 238666 --- [crud-springboot] [           main] o.s.b.f.s.DefaultListableBeanFactory     : Creating shared instance of singleton bean 'org.springframework.context.event.internalEventListenerFactory'
2024-07-20T12:50:54.353+02:00 TRACE 238666 --- [crud-springboot] [           main] o.s.b.f.s.DefaultListableBeanFactory     : Creating instance of bean 'org.springframework.context.event.internalEventListenerFactory'
2024-07-20T12:50:54.354+02:00 TRACE 238666 --- [crud-springboot] [           main] o.s.b.f.s.DefaultListableBeanFactory     : Finished creating instance of bean 'org.springframework.context.event.internalEventListenerFactory'
2024-07-20T12:50:54.354+02:00 DEBUG 238666 --- [crud-springboot] [           main] o.s.b.f.s.DefaultListableBeanFactory     : Creating shared instance of singleton bean 'org.springframework.transaction.config.internalTransactionalEventListenerFactory'
2024-07-20T12:50:54.354+02:00 TRACE 238666 --- [crud-springboot] [           main] o.s.b.f.s.DefaultListableBeanFactory     : Creating instance of bean 'org.springframework.transaction.config.internalTransactionalEventListenerFactory'
2024-07-20T12:50:54.356+02:00 TRACE 238666 --- [crud-springboot] [           main] o.s.b.f.s.DefaultListableBeanFactory     : Finished creating instance of bean 'org.springframework.transaction.config.internalTransactionalEventListenerFactory'
2024-07-20T12:50:54.362+02:00 DEBUG 238666 --- [crud-springboot] [           main] o.s.b.f.s.DefaultListableBeanFactory     : Creating shared instance of singleton bean 'org.springframework.boot.test.mock.mockito.MockitoPostProcessor$SpyPostProcessor'
2024-07-20T12:50:54.362+02:00 TRACE 238666 --- [crud-springboot] [           main] o.s.b.f.s.DefaultListableBeanFactory     : Creating instance of bean 'org.springframework.boot.test.mock.mockito.MockitoPostProcessor$SpyPostProcessor'
2024-07-20T12:50:54.362+02:00 TRACE 238666 --- [crud-springboot] [           main] o.s.b.f.s.DefaultListableBeanFactory     : Returning cached instance of singleton bean 'org.springframework.boot.test.mock.mockito.MockitoPostProcessor'
2024-07-20T12:50:54.364+02:00 TRACE 238666 --- [crud-springboot] [           main] o.s.b.f.s.DefaultListableBeanFactory     : Finished creating instance of bean 'org.springframework.boot.test.mock.mockito.MockitoPostProcessor$SpyPostProcessor'
2024-07-20T12:50:54.364+02:00 DEBUG 238666 --- [crud-springboot] [           main] o.s.b.f.s.DefaultListableBeanFactory     : Creating shared instance of singleton bean 'org.springframework.context.annotation.internalAutowiredAnnotationProcessor'
2024-07-20T12:50:54.364+02:00 TRACE 238666 --- [crud-springboot] [           main] o.s.b.f.s.DefaultListableBeanFactory     : Creating instance of bean 'org.springframework.context.annotation.internalAutowiredAnnotationProcessor'
2024-07-20T12:50:54.366+02:00 TRACE 238666 --- [crud-springboot] [           main] f.a.AutowiredAnnotationBeanPostProcessor : 'jakarta.inject.Inject' annotation found and supported for autowiring
2024-07-20T12:50:54.367+02:00 TRACE 238666 --- [crud-springboot] [           main] o.s.b.f.s.DefaultListableBeanFactory     : Finished creating instance of bean 'org.springframework.context.annotation.internalAutowiredAnnotationProcessor'
2024-07-20T12:50:54.367+02:00 DEBUG 238666 --- [crud-springboot] [           main] o.s.b.f.s.DefaultListableBeanFactory     : Creating shared instance of singleton bean 'org.springframework.context.annotation.internalCommonAnnotationProcessor'
2024-07-20T12:50:54.367+02:00 TRACE 238666 --- [crud-springboot] [           main] o.s.b.f.s.DefaultListableBeanFactory     : Creating instance of bean 'org.springframework.context.annotation.internalCommonAnnotationProcessor'
2024-07-20T12:50:54.373+02:00 TRACE 238666 --- [crud-springboot] [           main] o.s.b.f.s.DefaultListableBeanFactory     : Finished creating instance of bean 'org.springframework.context.annotation.internalCommonAnnotationProcessor'
2024-07-20T12:50:54.373+02:00 DEBUG 238666 --- [crud-springboot] [           main] o.s.b.f.s.DefaultListableBeanFactory     : Creating shared instance of singleton bean 'org.springframework.context.annotation.internalPersistenceAnnotationProcessor'
2024-07-20T12:50:54.373+02:00 TRACE 238666 --- [crud-springboot] [           main] o.s.b.f.s.DefaultListableBeanFactory     : Creating instance of bean 'org.springframework.context.annotation.internalPersistenceAnnotationProcessor'
2024-07-20T12:50:54.374+02:00 TRACE 238666 --- [crud-springboot] [           main] o.s.b.f.s.DefaultListableBeanFactory     : Finished creating instance of bean 'org.springframework.context.annotation.internalPersistenceAnnotationProcessor'
2024-07-20T12:50:54.374+02:00 DEBUG 238666 --- [crud-springboot] [           main] o.s.b.f.s.DefaultListableBeanFactory     : Creating shared instance of singleton bean 'org.springframework.boot.context.properties.ConfigurationPropertiesBindingPostProcessor'
2024-07-20T12:50:54.374+02:00 TRACE 238666 --- [crud-springboot] [           main] o.s.b.f.s.DefaultListableBeanFactory     : Creating instance of bean 'org.springframework.boot.context.properties.ConfigurationPropertiesBindingPostProcessor'
2024-07-20T12:50:54.374+02:00 TRACE 238666 --- [crud-springboot] [           main] o.s.b.f.s.DefaultListableBeanFactory     : Invoking afterPropertiesSet() on bean with name 'org.springframework.boot.context.properties.ConfigurationPropertiesBindingPostProcessor'
2024-07-20T12:50:54.374+02:00 DEBUG 238666 --- [crud-springboot] [           main] o.s.b.f.s.DefaultListableBeanFactory     : Creating shared instance of singleton bean 'org.springframework.boot.context.internalConfigurationPropertiesBinder'
2024-07-20T12:50:54.375+02:00 TRACE 238666 --- [crud-springboot] [           main] o.s.b.f.s.DefaultListableBeanFactory     : Creating instance of bean 'org.springframework.boot.context.internalConfigurationPropertiesBinder'
2024-07-20T12:50:54.377+02:00 TRACE 238666 --- [crud-springboot] [           main] o.s.b.f.s.DefaultListableBeanFactory     : Returning cached instance of singleton bean 'propertySourcesPlaceholderConfigurer'
2024-07-20T12:50:54.378+02:00 TRACE 238666 --- [crud-springboot] [           main] o.s.b.f.s.DefaultListableBeanFactory     : Finished creating instance of bean 'org.springframework.boot.context.internalConfigurationPropertiesBinder'
2024-07-20T12:50:54.379+02:00 TRACE 238666 --- [crud-springboot] [           main] o.s.b.f.s.DefaultListableBeanFactory     : Finished creating instance of bean 'org.springframework.boot.context.properties.ConfigurationPropertiesBindingPostProcessor'
2024-07-20T12:50:54.379+02:00 DEBUG 238666 --- [crud-springboot] [           main] o.s.b.f.s.DefaultListableBeanFactory     : Creating shared instance of singleton bean 'jdbcConnectionDetailsHikariBeanPostProcessor'
2024-07-20T12:50:54.379+02:00 TRACE 238666 --- [crud-springboot] [           main] o.s.b.f.s.DefaultListableBeanFactory     : Creating instance of bean 'jdbcConnectionDetailsHikariBeanPostProcessor'
2024-07-20T12:50:54.382+02:00 TRACE 238666 --- [crud-springboot] [           main] o.s.b.f.s.DefaultListableBeanFactory     : Finished creating instance of bean 'jdbcConnectionDetailsHikariBeanPostProcessor'
2024-07-20T12:50:54.383+02:00 TRACE 238666 --- [crud-springboot] [           main] o.s.b.f.s.DefaultListableBeanFactory     : Returning cached instance of singleton bean 'org.springframework.boot.test.mock.mockito.MockitoPostProcessor'
2024-07-20T12:50:54.383+02:00 DEBUG 238666 --- [crud-springboot] [           main] o.s.b.f.s.DefaultListableBeanFactory     : Creating shared instance of singleton bean 'org.springframework.aop.config.internalAutoProxyCreator'
2024-07-20T12:50:54.383+02:00 TRACE 238666 --- [crud-springboot] [           main] o.s.b.f.s.DefaultListableBeanFactory     : Creating instance of bean 'org.springframework.aop.config.internalAutoProxyCreator'
2024-07-20T12:50:54.401+02:00 TRACE 238666 --- [crud-springboot] [           main] o.s.beans.CachedIntrospectionResults     : Getting BeanInfo for class [org.springframework.aop.aspectj.annotation.AnnotationAwareAspectJAutoProxyCreator]
2024-07-20T12:50:54.413+02:00 TRACE 238666 --- [crud-springboot] [           main] o.s.beans.CachedIntrospectionResults     : Caching PropertyDescriptors for class [org.springframework.aop.aspectj.annotation.AnnotationAwareAspectJAutoProxyCreator]
2024-07-20T12:50:54.413+02:00 TRACE 238666 --- [crud-springboot] [           main] o.s.beans.CachedIntrospectionResults     : Found bean property 'advisorAdapterRegistry' of type [org.springframework.aop.framework.adapter.AdvisorAdapterRegistry]
2024-07-20T12:50:54.413+02:00 TRACE 238666 --- [crud-springboot] [           main] o.s.beans.CachedIntrospectionResults     : Found bean property 'applyCommonInterceptorsFirst' of type [boolean]
2024-07-20T12:50:54.413+02:00 TRACE 238666 --- [crud-springboot] [           main] o.s.beans.CachedIntrospectionResults     : Found bean property 'aspectJAdvisorFactory' of type [org.springframework.aop.aspectj.annotation.AspectJAdvisorFactory]
2024-07-20T12:50:54.413+02:00 TRACE 238666 --- [crud-springboot] [           main] o.s.beans.CachedIntrospectionResults     : Found bean property 'beanClassLoader' of type [java.lang.ClassLoader]
2024-07-20T12:50:54.414+02:00 TRACE 238666 --- [crud-springboot] [           main] o.s.beans.CachedIntrospectionResults     : Found bean property 'beanFactory' of type [org.springframework.beans.factory.BeanFactory]
2024-07-20T12:50:54.414+02:00 TRACE 238666 --- [crud-springboot] [           main] o.s.beans.CachedIntrospectionResults     : Found bean property 'class' of type [java.lang.Class]
2024-07-20T12:50:54.414+02:00 TRACE 238666 --- [crud-springboot] [           main] o.s.beans.CachedIntrospectionResults     : Found bean property 'customTargetSourceCreators' of type [[Lorg.springframework.aop.framework.autoproxy.TargetSourceCreator;]
2024-07-20T12:50:54.414+02:00 TRACE 238666 --- [crud-springboot] [           main] o.s.beans.CachedIntrospectionResults     : Found bean property 'exposeProxy' of type [boolean]
2024-07-20T12:50:54.414+02:00 TRACE 238666 --- [crud-springboot] [           main] o.s.beans.CachedIntrospectionResults     : Found bean property 'frozen' of type [boolean]
2024-07-20T12:50:54.414+02:00 TRACE 238666 --- [crud-springboot] [           main] o.s.beans.CachedIntrospectionResults     : Found bean property 'includePatterns' of type [java.util.List]
2024-07-20T12:50:54.414+02:00 TRACE 238666 --- [crud-springboot] [           main] o.s.beans.CachedIntrospectionResults     : Found bean property 'interceptorNames' of type [[Ljava.lang.String;]
2024-07-20T12:50:54.414+02:00 TRACE 238666 --- [crud-springboot] [           main] o.s.beans.CachedIntrospectionResults     : Found bean property 'opaque' of type [boolean]
2024-07-20T12:50:54.414+02:00 TRACE 238666 --- [crud-springboot] [           main] o.s.beans.CachedIntrospectionResults     : Found bean property 'optimize' of type [boolean]
2024-07-20T12:50:54.415+02:00 TRACE 238666 --- [crud-springboot] [           main] o.s.beans.CachedIntrospectionResults     : Found bean property 'order' of type [int]
2024-07-20T12:50:54.415+02:00 TRACE 238666 --- [crud-springboot] [           main] o.s.beans.CachedIntrospectionResults     : Found bean property 'proxyClassLoader' of type [java.lang.ClassLoader]
2024-07-20T12:50:54.415+02:00 TRACE 238666 --- [crud-springboot] [           main] o.s.beans.CachedIntrospectionResults     : Found bean property 'proxyTargetClass' of type [boolean]
2024-07-20T12:50:54.430+02:00 TRACE 238666 --- [crud-springboot] [           main] o.s.b.f.s.DefaultListableBeanFactory     : Finished creating instance of bean 'org.springframework.aop.config.internalAutoProxyCreator'
2024-07-20T12:50:54.430+02:00 DEBUG 238666 --- [crud-springboot] [           main] o.s.b.f.s.DefaultListableBeanFactory     : Creating shared instance of singleton bean 'persistenceExceptionTranslationPostProcessor'
2024-07-20T12:50:54.430+02:00 TRACE 238666 --- [crud-springboot] [           main] o.s.b.f.s.DefaultListableBeanFactory     : Creating instance of bean 'persistenceExceptionTranslationPostProcessor'
2024-07-20T12:50:54.445+02:00 TRACE 238666 --- [crud-springboot] [           main] o.s.beans.TypeConverterDelegate          : Converting String to [class java.lang.Class] using property editor [org.springframework.beans.propertyeditors.ClassEditor@5cbd94b2]
2024-07-20T12:50:54.453+02:00 TRACE 238666 --- [crud-springboot] [           main] o.s.beans.TypeConverterDelegate          : Converting String to [class java.lang.Class] using property editor [org.springframework.beans.propertyeditors.ClassEditor@3e8b3b79]
2024-07-20T12:50:54.455+02:00 TRACE 238666 --- [crud-springboot] [           main] o.s.beans.TypeConverterDelegate          : Converting String to [class java.lang.Class] using property editor [org.springframework.beans.propertyeditors.ClassEditor@939ff41]
2024-07-20T12:50:54.456+02:00 TRACE 238666 --- [crud-springboot] [           main] o.s.beans.TypeConverterDelegate          : Converting String to [class java.lang.Class] using property editor [org.springframework.beans.propertyeditors.ClassEditor@777d0bc3]
2024-07-20T12:50:54.457+02:00 TRACE 238666 --- [crud-springboot] [           main] o.s.beans.TypeConverterDelegate          : Converting String to [class java.lang.Class] using property editor [org.springframework.beans.propertyeditors.ClassEditor@56476c16]
2024-07-20T12:50:54.458+02:00 TRACE 238666 --- [crud-springboot] [           main] o.s.beans.TypeConverterDelegate          : Converting String to [class java.lang.Class] using property editor [org.springframework.beans.propertyeditors.ClassEditor@3ba348ca]
2024-07-20T12:50:54.459+02:00 TRACE 238666 --- [crud-springboot] [           main] o.s.beans.TypeConverterDelegate          : Converting String to [class java.lang.Class] using property editor [org.springframework.beans.propertyeditors.ClassEditor@2dbfcf7]
2024-07-20T12:50:54.461+02:00 TRACE 238666 --- [crud-springboot] [           main] o.s.b.f.s.DefaultListableBeanFactory     : Returning cached instance of singleton bean 'environment'
2024-07-20T12:50:54.461+02:00 DEBUG 238666 --- [crud-springboot] [           main] o.s.b.f.s.DefaultListableBeanFactory     : Autowiring by type from bean name 'persistenceExceptionTranslationPostProcessor' via factory method to bean named 'environment'
2024-07-20T12:50:54.467+02:00 TRACE 238666 --- [crud-springboot] [           main] o.s.b.f.s.DefaultListableBeanFactory     : Finished creating instance of bean 'persistenceExceptionTranslationPostProcessor'
2024-07-20T12:50:54.468+02:00 DEBUG 238666 --- [crud-springboot] [           main] o.s.b.f.s.DefaultListableBeanFactory     : Creating shared instance of singleton bean 'webServerFactoryCustomizerBeanPostProcessor'
2024-07-20T12:50:54.468+02:00 TRACE 238666 --- [crud-springboot] [           main] o.s.b.f.s.DefaultListableBeanFactory     : Creating instance of bean 'webServerFactoryCustomizerBeanPostProcessor'
2024-07-20T12:50:54.471+02:00 TRACE 238666 --- [crud-springboot] [           main] o.s.b.f.s.DefaultListableBeanFactory     : Finished creating instance of bean 'webServerFactoryCustomizerBeanPostProcessor'
2024-07-20T12:50:54.471+02:00 DEBUG 238666 --- [crud-springboot] [           main] o.s.b.f.s.DefaultListableBeanFactory     : Creating shared instance of singleton bean 'errorPageRegistrarBeanPostProcessor'
2024-07-20T12:50:54.471+02:00 TRACE 238666 --- [crud-springboot] [           main] o.s.b.f.s.DefaultListableBeanFactory     : Creating instance of bean 'errorPageRegistrarBeanPostProcessor'
2024-07-20T12:50:54.472+02:00 TRACE 238666 --- [crud-springboot] [           main] o.s.b.f.s.DefaultListableBeanFactory     : Finished creating instance of bean 'errorPageRegistrarBeanPostProcessor'
2024-07-20T12:50:54.472+02:00 DEBUG 238666 --- [crud-springboot] [           main] o.s.b.f.s.DefaultListableBeanFactory     : Creating shared instance of singleton bean 'projectingArgumentResolverBeanPostProcessor'
2024-07-20T12:50:54.472+02:00 TRACE 238666 --- [crud-springboot] [           main] o.s.b.f.s.DefaultListableBeanFactory     : Creating instance of bean 'projectingArgumentResolverBeanPostProcessor'
2024-07-20T12:50:54.474+02:00 DEBUG 238666 --- [crud-springboot] [           main] o.s.b.f.s.DefaultListableBeanFactory     : Creating shared instance of singleton bean 'org.springframework.transaction.config.internalTransactionAdvisor'
2024-07-20T12:50:54.474+02:00 TRACE 238666 --- [crud-springboot] [           main] o.s.b.f.s.DefaultListableBeanFactory     : Creating instance of bean 'org.springframework.transaction.config.internalTransactionAdvisor'
2024-07-20T12:50:54.475+02:00 TRACE 238666 --- [crud-springboot] [           main] a.AnnotationAwareAspectJAutoProxyCreator : Did not attempt to auto-proxy infrastructure class [org.springframework.transaction.interceptor.BeanFactoryTransactionAttributeSourceAdvisor]
2024-07-20T12:50:54.475+02:00 DEBUG 238666 --- [crud-springboot] [           main] o.s.b.f.s.DefaultListableBeanFactory     : Creating shared instance of singleton bean 'org.springframework.transaction.annotation.ProxyTransactionManagementConfiguration'
2024-07-20T12:50:54.475+02:00 TRACE 238666 --- [crud-springboot] [           main] o.s.b.f.s.DefaultListableBeanFactory     : Creating instance of bean 'org.springframework.transaction.annotation.ProxyTransactionManagementConfiguration'
2024-07-20T12:50:54.476+02:00 TRACE 238666 --- [crud-springboot] [           main] .a.f.a.BeanFactoryAdvisorRetrievalHelper : Skipping currently created advisor 'org.springframework.transaction.config.internalTransactionAdvisor'
2024-07-20T12:50:54.490+02:00 TRACE 238666 --- [crud-springboot] [           main] o.s.beans.CachedIntrospectionResults     : Getting BeanInfo for class [org.springframework.transaction.annotation.ProxyTransactionManagementConfiguration]
2024-07-20T12:50:54.491+02:00 TRACE 238666 --- [crud-springboot] [           main] o.s.beans.CachedIntrospectionResults     : Caching PropertyDescriptors for class [org.springframework.transaction.annotation.ProxyTransactionManagementConfiguration]
2024-07-20T12:50:54.491+02:00 TRACE 238666 --- [crud-springboot] [           main] o.s.beans.CachedIntrospectionResults     : Found bean property 'class' of type [java.lang.Class]
2024-07-20T12:50:54.491+02:00 TRACE 238666 --- [crud-springboot] [           main] o.s.beans.CachedIntrospectionResults     : Found bean property 'importMetadata' of type [org.springframework.core.type.AnnotationMetadata]
2024-07-20T12:50:54.497+02:00 TRACE 238666 --- [crud-springboot] [           main] o.s.b.f.s.DefaultListableBeanFactory     : Returning cached instance of singleton bean 'org.springframework.context.annotation.ConfigurationClassPostProcessor.importRegistry'
2024-07-20T12:50:54.497+02:00 TRACE 238666 --- [crud-springboot] [           main] .a.f.a.BeanFactoryAdvisorRetrievalHelper : Skipping currently created advisor 'org.springframework.transaction.config.internalTransactionAdvisor'
2024-07-20T12:50:54.498+02:00 TRACE 238666 --- [crud-springboot] [           main] .a.f.a.BeanFactoryAdvisorRetrievalHelper : Skipping currently created advisor 'org.springframework.transaction.config.internalTransactionAdvisor'
2024-07-20T12:50:54.499+02:00 TRACE 238666 --- [crud-springboot] [           main] o.s.b.f.s.DefaultListableBeanFactory     : Finished creating instance of bean 'org.springframework.transaction.annotation.ProxyTransactionManagementConfiguration'
2024-07-20T12:50:54.500+02:00 DEBUG 238666 --- [crud-springboot] [           main] o.s.b.f.s.DefaultListableBeanFactory     : Creating shared instance of singleton bean 'transactionAttributeSource'
2024-07-20T12:50:54.500+02:00 TRACE 238666 --- [crud-springboot] [           main] o.s.b.f.s.DefaultListableBeanFactory     : Creating instance of bean 'transactionAttributeSource'
2024-07-20T12:50:54.500+02:00 TRACE 238666 --- [crud-springboot] [           main] .a.f.a.BeanFactoryAdvisorRetrievalHelper : Skipping currently created advisor 'org.springframework.transaction.config.internalTransactionAdvisor'
2024-07-20T12:50:54.501+02:00 TRACE 238666 --- [crud-springboot] [           main] o.s.b.f.s.DefaultListableBeanFactory     : Returning cached instance of singleton bean 'org.springframework.transaction.annotation.ProxyTransactionManagementConfiguration'
2024-07-20T12:50:54.505+02:00 TRACE 238666 --- [crud-springboot] [           main] .a.f.a.BeanFactoryAdvisorRetrievalHelper : Skipping currently created advisor 'org.springframework.transaction.config.internalTransactionAdvisor'
2024-07-20T12:50:54.506+02:00 TRACE 238666 --- [crud-springboot] [           main] .a.f.a.BeanFactoryAdvisorRetrievalHelper : Skipping currently created advisor 'org.springframework.transaction.config.internalTransactionAdvisor'
2024-07-20T12:50:54.506+02:00 TRACE 238666 --- [crud-springboot] [           main] o.s.b.f.s.DefaultListableBeanFactory     : Finished creating instance of bean 'transactionAttributeSource'
2024-07-20T12:50:54.508+02:00 DEBUG 238666 --- [crud-springboot] [           main] o.s.b.f.s.DefaultListableBeanFactory     : Creating shared instance of singleton bean 'transactionInterceptor'
2024-07-20T12:50:54.508+02:00 TRACE 238666 --- [crud-springboot] [           main] o.s.b.f.s.DefaultListableBeanFactory     : Creating instance of bean 'transactionInterceptor'
2024-07-20T12:50:54.508+02:00 TRACE 238666 --- [crud-springboot] [           main] a.AnnotationAwareAspectJAutoProxyCreator : Did not attempt to auto-proxy infrastructure class [org.springframework.transaction.interceptor.TransactionInterceptor]
2024-07-20T12:50:54.508+02:00 TRACE 238666 --- [crud-springboot] [           main] o.s.b.f.s.DefaultListableBeanFactory     : Returning cached instance of singleton bean 'org.springframework.transaction.annotation.ProxyTransactionManagementConfiguration'
2024-07-20T12:50:54.510+02:00 TRACE 238666 --- [crud-springboot] [           main] o.s.b.f.s.DefaultListableBeanFactory     : Returning cached instance of singleton bean 'transactionAttributeSource'
2024-07-20T12:50:54.510+02:00 DEBUG 238666 --- [crud-springboot] [           main] o.s.b.f.s.DefaultListableBeanFactory     : Autowiring by type from bean name 'transactionInterceptor' via factory method to bean named 'transactionAttributeSource'
2024-07-20T12:50:54.516+02:00 TRACE 238666 --- [crud-springboot] [           main] o.s.b.f.s.DefaultListableBeanFactory     : Invoking afterPropertiesSet() on bean with name 'transactionInterceptor'
2024-07-20T12:50:54.516+02:00 TRACE 238666 --- [crud-springboot] [           main] o.s.b.f.s.DefaultListableBeanFactory     : Finished creating instance of bean 'transactionInterceptor'
2024-07-20T12:50:54.517+02:00 DEBUG 238666 --- [crud-springboot] [           main] o.s.b.f.s.DefaultListableBeanFactory     : Autowiring by type from bean name 'org.springframework.transaction.config.internalTransactionAdvisor' via factory method to bean named 'transactionAttributeSource'
2024-07-20T12:50:54.517+02:00 DEBUG 238666 --- [crud-springboot] [           main] o.s.b.f.s.DefaultListableBeanFactory     : Autowiring by type from bean name 'org.springframework.transaction.config.internalTransactionAdvisor' via factory method to bean named 'transactionInterceptor'
2024-07-20T12:50:54.519+02:00 TRACE 238666 --- [crud-springboot] [           main] o.s.b.f.s.DefaultListableBeanFactory     : Finished creating instance of bean 'org.springframework.transaction.config.internalTransactionAdvisor'
2024-07-20T12:50:54.546+02:00 TRACE 238666 --- [crud-springboot] [           main] o.s.b.f.s.DefaultListableBeanFactory     : Returning cached instance of singleton bean 'org.springframework.transaction.config.internalTransactionAdvisor'
2024-07-20T12:50:54.546+02:00 TRACE 238666 --- [crud-springboot] [           main] o.s.b.f.s.DefaultListableBeanFactory     : Returning cached instance of singleton bean 'org.springframework.transaction.config.internalTransactionAdvisor'
2024-07-20T12:50:54.550+02:00 TRACE 238666 --- [crud-springboot] [           main] o.s.b.f.s.DefaultListableBeanFactory     : Finished creating instance of bean 'projectingArgumentResolverBeanPostProcessor'
2024-07-20T12:50:54.550+02:00 TRACE 238666 --- [crud-springboot] [           main] o.s.b.f.s.DefaultListableBeanFactory     : Returning cached instance of singleton bean 'org.springframework.boot.test.autoconfigure.properties.PropertyMappingContextCustomizer$PropertyMappingCheckBeanPostProcessor'
2024-07-20T12:50:54.554+02:00 DEBUG 238666 --- [crud-springboot] [           main] o.s.u.c.s.UiApplicationContextUtils      : Unable to locate ThemeSource with name 'themeSource': using default [org.springframework.ui.context.support.ResourceBundleThemeSource@a09303]
2024-07-20T12:50:54.556+02:00 DEBUG 238666 --- [crud-springboot] [           main] o.s.b.f.s.DefaultListableBeanFactory     : Creating shared instance of singleton bean 'dataSourceScriptDatabaseInitializer'
2024-07-20T12:50:54.556+02:00 TRACE 238666 --- [crud-springboot] [           main] o.s.b.f.s.DefaultListableBeanFactory     : Creating instance of bean 'dataSourceScriptDatabaseInitializer'
2024-07-20T12:50:54.557+02:00 TRACE 238666 --- [crud-springboot] [           main] o.s.b.f.s.DefaultListableBeanFactory     : Returning cached instance of singleton bean 'org.springframework.transaction.config.internalTransactionAdvisor'
2024-07-20T12:50:54.557+02:00 DEBUG 238666 --- [crud-springboot] [           main] o.s.b.f.s.DefaultListableBeanFactory     : Creating shared instance of singleton bean 'org.springframework.boot.autoconfigure.sql.init.DataSourceInitializationConfiguration'
2024-07-20T12:50:54.557+02:00 TRACE 238666 --- [crud-springboot] [           main] o.s.b.f.s.DefaultListableBeanFactory     : Creating instance of bean 'org.springframework.boot.autoconfigure.sql.init.DataSourceInitializationConfiguration'
2024-07-20T12:50:54.557+02:00 TRACE 238666 --- [crud-springboot] [           main] o.s.b.f.s.DefaultListableBeanFactory     : Returning cached instance of singleton bean 'org.springframework.transaction.config.internalTransactionAdvisor'
2024-07-20T12:50:54.559+02:00 TRACE 238666 --- [crud-springboot] [           main] o.s.b.f.s.DefaultListableBeanFactory     : Returning cached instance of singleton bean 'org.springframework.transaction.config.internalTransactionAdvisor'
2024-07-20T12:50:54.559+02:00 TRACE 238666 --- [crud-springboot] [           main] o.s.b.f.s.DefaultListableBeanFactory     : Returning cached instance of singleton bean 'org.springframework.transaction.config.internalTransactionAdvisor'
2024-07-20T12:50:54.559+02:00 TRACE 238666 --- [crud-springboot] [           main] o.s.b.f.s.DefaultListableBeanFactory     : Finished creating instance of bean 'org.springframework.boot.autoconfigure.sql.init.DataSourceInitializationConfiguration'
2024-07-20T12:50:54.560+02:00 DEBUG 238666 --- [crud-springboot] [           main] o.s.b.f.s.DefaultListableBeanFactory     : Creating shared instance of singleton bean 'dataSource'
2024-07-20T12:50:54.561+02:00 TRACE 238666 --- [crud-springboot] [           main] o.s.b.f.s.DefaultListableBeanFactory     : Creating instance of bean 'dataSource'
2024-07-20T12:50:54.561+02:00 TRACE 238666 --- [crud-springboot] [           main] o.s.b.f.s.DefaultListableBeanFactory     : Returning cached instance of singleton bean 'org.springframework.transaction.config.internalTransactionAdvisor'
2024-07-20T12:50:54.561+02:00 DEBUG 238666 --- [crud-springboot] [           main] o.s.b.f.s.DefaultListableBeanFactory     : Creating shared instance of singleton bean 'org.springframework.boot.autoconfigure.jdbc.DataSourceConfiguration$Hikari'
2024-07-20T12:50:54.561+02:00 TRACE 238666 --- [crud-springboot] [           main] o.s.b.f.s.DefaultListableBeanFactory     : Creating instance of bean 'org.springframework.boot.autoconfigure.jdbc.DataSourceConfiguration$Hikari'
2024-07-20T12:50:54.561+02:00 TRACE 238666 --- [crud-springboot] [           main] o.s.b.f.s.DefaultListableBeanFactory     : Returning cached instance of singleton bean 'org.springframework.transaction.config.internalTransactionAdvisor'
2024-07-20T12:50:54.562+02:00 TRACE 238666 --- [crud-springboot] [           main] o.s.b.f.s.DefaultListableBeanFactory     : Returning cached instance of singleton bean 'org.springframework.transaction.config.internalTransactionAdvisor'
2024-07-20T12:50:54.563+02:00 TRACE 238666 --- [crud-springboot] [           main] o.s.b.f.s.DefaultListableBeanFactory     : Returning cached instance of singleton bean 'org.springframework.transaction.config.internalTransactionAdvisor'
2024-07-20T12:50:54.564+02:00 TRACE 238666 --- [crud-springboot] [           main] o.s.b.f.s.DefaultListableBeanFactory     : Finished creating instance of bean 'org.springframework.boot.autoconfigure.jdbc.DataSourceConfiguration$Hikari'
2024-07-20T12:50:54.566+02:00 DEBUG 238666 --- [crud-springboot] [           main] o.s.b.f.s.DefaultListableBeanFactory     : Creating shared instance of singleton bean 'spring.datasource-org.springframework.boot.autoconfigure.jdbc.DataSourceProperties'
2024-07-20T12:50:54.566+02:00 TRACE 238666 --- [crud-springboot] [           main] o.s.b.f.s.DefaultListableBeanFactory     : Creating instance of bean 'spring.datasource-org.springframework.boot.autoconfigure.jdbc.DataSourceProperties'
2024-07-20T12:50:54.566+02:00 TRACE 238666 --- [crud-springboot] [           main] o.s.b.f.s.DefaultListableBeanFactory     : Returning cached instance of singleton bean 'org.springframework.transaction.config.internalTransactionAdvisor'
2024-07-20T12:50:54.569+02:00 DEBUG 238666 --- [crud-springboot] [           main] o.s.b.f.s.DefaultListableBeanFactory     : Creating shared instance of singleton bean 'org.springframework.boot.context.properties.BoundConfigurationProperties'
2024-07-20T12:50:54.569+02:00 TRACE 238666 --- [crud-springboot] [           main] o.s.b.f.s.DefaultListableBeanFactory     : Creating instance of bean 'org.springframework.boot.context.properties.BoundConfigurationProperties'
2024-07-20T12:50:54.569+02:00 TRACE 238666 --- [crud-springboot] [           main] o.s.b.f.s.DefaultListableBeanFactory     : Returning cached instance of singleton bean 'org.springframework.transaction.config.internalTransactionAdvisor'
2024-07-20T12:50:54.570+02:00 TRACE 238666 --- [crud-springboot] [           main] o.s.b.f.s.DefaultListableBeanFactory     : Returning cached instance of singleton bean 'org.springframework.transaction.config.internalTransactionAdvisor'
2024-07-20T12:50:54.571+02:00 TRACE 238666 --- [crud-springboot] [           main] o.s.b.f.s.DefaultListableBeanFactory     : Returning cached instance of singleton bean 'org.springframework.transaction.config.internalTransactionAdvisor'
2024-07-20T12:50:54.571+02:00 TRACE 238666 --- [crud-springboot] [           main] o.s.b.f.s.DefaultListableBeanFactory     : Finished creating instance of bean 'org.springframework.boot.context.properties.BoundConfigurationProperties'
2024-07-20T12:50:54.609+02:00 TRACE 238666 --- [crud-springboot] [           main] o.s.b.f.s.DefaultListableBeanFactory     : Invoking afterPropertiesSet() on bean with name 'spring.datasource-org.springframework.boot.autoconfigure.jdbc.DataSourceProperties'
2024-07-20T12:50:54.615+02:00 TRACE 238666 --- [crud-springboot] [           main] o.s.b.f.s.DefaultListableBeanFactory     : Returning cached instance of singleton bean 'org.springframework.transaction.config.internalTransactionAdvisor'
2024-07-20T12:50:54.616+02:00 TRACE 238666 --- [crud-springboot] [           main] o.s.b.f.s.DefaultListableBeanFactory     : Returning cached instance of singleton bean 'org.springframework.transaction.config.internalTransactionAdvisor'
2024-07-20T12:50:54.618+02:00 TRACE 238666 --- [crud-springboot] [           main] o.s.b.f.s.DefaultListableBeanFactory     : Finished creating instance of bean 'spring.datasource-org.springframework.boot.autoconfigure.jdbc.DataSourceProperties'
2024-07-20T12:50:54.619+02:00 DEBUG 238666 --- [crud-springboot] [           main] o.s.b.f.s.DefaultListableBeanFactory     : Creating shared instance of singleton bean 'jdbcConnectionDetails'
2024-07-20T12:50:54.619+02:00 TRACE 238666 --- [crud-springboot] [           main] o.s.b.f.s.DefaultListableBeanFactory     : Creating instance of bean 'jdbcConnectionDetails'
2024-07-20T12:50:54.619+02:00 TRACE 238666 --- [crud-springboot] [           main] o.s.b.f.s.DefaultListableBeanFactory     : Returning cached instance of singleton bean 'org.springframework.transaction.config.internalTransactionAdvisor'
2024-07-20T12:50:54.620+02:00 DEBUG 238666 --- [crud-springboot] [           main] o.s.b.f.s.DefaultListableBeanFactory     : Creating shared instance of singleton bean 'org.springframework.boot.autoconfigure.jdbc.DataSourceAutoConfiguration$PooledDataSourceConfiguration'
2024-07-20T12:50:54.620+02:00 TRACE 238666 --- [crud-springboot] [           main] o.s.b.f.s.DefaultListableBeanFactory     : Creating instance of bean 'org.springframework.boot.autoconfigure.jdbc.DataSourceAutoConfiguration$PooledDataSourceConfiguration'
2024-07-20T12:50:54.620+02:00 TRACE 238666 --- [crud-springboot] [           main] o.s.b.f.s.DefaultListableBeanFactory     : Returning cached instance of singleton bean 'org.springframework.transaction.config.internalTransactionAdvisor'
2024-07-20T12:50:54.620+02:00 TRACE 238666 --- [crud-springboot] [           main] o.s.b.f.s.DefaultListableBeanFactory     : Returning cached instance of singleton bean 'org.springframework.transaction.config.internalTransactionAdvisor'
2024-07-20T12:50:54.621+02:00 TRACE 238666 --- [crud-springboot] [           main] o.s.b.f.s.DefaultListableBeanFactory     : Returning cached instance of singleton bean 'org.springframework.transaction.config.internalTransactionAdvisor'
2024-07-20T12:50:54.621+02:00 TRACE 238666 --- [crud-springboot] [           main] o.s.b.f.s.DefaultListableBeanFactory     : Finished creating instance of bean 'org.springframework.boot.autoconfigure.jdbc.DataSourceAutoConfiguration$PooledDataSourceConfiguration'
2024-07-20T12:50:54.622+02:00 TRACE 238666 --- [crud-springboot] [           main] o.s.b.f.s.DefaultListableBeanFactory     : Returning cached instance of singleton bean 'spring.datasource-org.springframework.boot.autoconfigure.jdbc.DataSourceProperties'
2024-07-20T12:50:54.622+02:00 DEBUG 238666 --- [crud-springboot] [           main] o.s.b.f.s.DefaultListableBeanFactory     : Autowiring by type from bean name 'jdbcConnectionDetails' via factory method to bean named 'spring.datasource-org.springframework.boot.autoconfigure.jdbc.DataSourceProperties'
2024-07-20T12:50:54.623+02:00 TRACE 238666 --- [crud-springboot] [           main] o.s.b.f.s.DefaultListableBeanFactory     : Returning cached instance of singleton bean 'org.springframework.transaction.config.internalTransactionAdvisor'
2024-07-20T12:50:54.623+02:00 TRACE 238666 --- [crud-springboot] [           main] o.s.b.f.s.DefaultListableBeanFactory     : Returning cached instance of singleton bean 'org.springframework.transaction.config.internalTransactionAdvisor'
2024-07-20T12:50:54.624+02:00 TRACE 238666 --- [crud-springboot] [           main] o.s.b.f.s.DefaultListableBeanFactory     : Finished creating instance of bean 'jdbcConnectionDetails'
2024-07-20T12:50:54.624+02:00 DEBUG 238666 --- [crud-springboot] [           main] o.s.b.f.s.DefaultListableBeanFactory     : Autowiring by type from bean name 'dataSource' via factory method to bean named 'spring.datasource-org.springframework.boot.autoconfigure.jdbc.DataSourceProperties'
2024-07-20T12:50:54.624+02:00 DEBUG 238666 --- [crud-springboot] [           main] o.s.b.f.s.DefaultListableBeanFactory     : Autowiring by type from bean name 'dataSource' via factory method to bean named 'jdbcConnectionDetails'
2024-07-20T12:50:54.630+02:00 DEBUG 238666 --- [crud-springboot] [           main] com.zaxxer.hikari.HikariConfig           : Driver class com.mysql.cj.jdbc.Driver found in Thread context class loader jdk.internal.loader.ClassLoaders$AppClassLoader@2cdf8d8a
2024-07-20T12:50:54.647+02:00 TRACE 238666 --- [crud-springboot] [           main] o.s.b.f.s.DefaultListableBeanFactory     : Returning cached instance of singleton bean 'org.springframework.boot.context.properties.BoundConfigurationProperties'
2024-07-20T12:50:54.677+02:00 TRACE 238666 --- [crud-springboot] [           main] o.s.b.f.s.DefaultListableBeanFactory     : Returning cached instance of singleton bean 'jdbcConnectionDetails'
2024-07-20T12:50:54.678+02:00 TRACE 238666 --- [crud-springboot] [           main] o.s.b.f.s.DefaultListableBeanFactory     : Returning cached instance of singleton bean 'org.springframework.transaction.config.internalTransactionAdvisor'
2024-07-20T12:50:54.678+02:00 TRACE 238666 --- [crud-springboot] [           main] o.s.b.f.s.DefaultListableBeanFactory     : Returning cached instance of singleton bean 'org.springframework.transaction.config.internalTransactionAdvisor'
2024-07-20T12:50:54.706+02:00 TRACE 238666 --- [crud-springboot] [           main] o.s.b.f.s.DefaultListableBeanFactory     : Finished creating instance of bean 'dataSource'
2024-07-20T12:50:54.707+02:00 DEBUG 238666 --- [crud-springboot] [           main] o.s.b.f.s.DefaultListableBeanFactory     : Creating shared instance of singleton bean 'spring.sql.init-org.springframework.boot.autoconfigure.sql.init.SqlInitializationProperties'
2024-07-20T12:50:54.707+02:00 TRACE 238666 --- [crud-springboot] [           main] o.s.b.f.s.DefaultListableBeanFactory     : Creating instance of bean 'spring.sql.init-org.springframework.boot.autoconfigure.sql.init.SqlInitializationProperties'
2024-07-20T12:50:54.707+02:00 TRACE 238666 --- [crud-springboot] [           main] o.s.b.f.s.DefaultListableBeanFactory     : Returning cached instance of singleton bean 'org.springframework.transaction.config.internalTransactionAdvisor'
2024-07-20T12:50:54.708+02:00 TRACE 238666 --- [crud-springboot] [           main] o.s.b.f.s.DefaultListableBeanFactory     : Returning cached instance of singleton bean 'org.springframework.boot.context.properties.BoundConfigurationProperties'
2024-07-20T12:50:54.717+02:00 TRACE 238666 --- [crud-springboot] [           main] o.s.b.f.s.DefaultListableBeanFactory     : Returning cached instance of singleton bean 'org.springframework.transaction.config.internalTransactionAdvisor'
2024-07-20T12:50:54.717+02:00 TRACE 238666 --- [crud-springboot] [           main] o.s.b.f.s.DefaultListableBeanFactory     : Returning cached instance of singleton bean 'org.springframework.transaction.config.internalTransactionAdvisor'
2024-07-20T12:50:54.718+02:00 TRACE 238666 --- [crud-springboot] [           main] o.s.b.f.s.DefaultListableBeanFactory     : Finished creating instance of bean 'spring.sql.init-org.springframework.boot.autoconfigure.sql.init.SqlInitializationProperties'
2024-07-20T12:50:54.718+02:00 DEBUG 238666 --- [crud-springboot] [           main] o.s.b.f.s.DefaultListableBeanFactory     : Autowiring by type from bean name 'dataSourceScriptDatabaseInitializer' via factory method to bean named 'dataSource'
2024-07-20T12:50:54.718+02:00 DEBUG 238666 --- [crud-springboot] [           main] o.s.b.f.s.DefaultListableBeanFactory     : Autowiring by type from bean name 'dataSourceScriptDatabaseInitializer' via factory method to bean named 'spring.sql.init-org.springframework.boot.autoconfigure.sql.init.SqlInitializationProperties'
2024-07-20T12:50:54.725+02:00 TRACE 238666 --- [crud-springboot] [           main] o.s.b.f.s.DefaultListableBeanFactory     : Invoking afterPropertiesSet() on bean with name 'dataSourceScriptDatabaseInitializer'
2024-07-20T12:50:54.725+02:00 TRACE 238666 --- [crud-springboot] [           main] .i.s.PathMatchingResourcePatternResolver : Resolved module-path location pattern [schema-all.sql] to resources []
2024-07-20T12:50:54.726+02:00 TRACE 238666 --- [crud-springboot] [           main] .i.s.PathMatchingResourcePatternResolver : Resolved class path location [schema-all.sql] to resources []
2024-07-20T12:50:54.727+02:00 TRACE 238666 --- [crud-springboot] [           main] .i.s.PathMatchingResourcePatternResolver : Resolved module-path location pattern [schema.sql] to resources []
2024-07-20T12:50:54.727+02:00 TRACE 238666 --- [crud-springboot] [           main] .i.s.PathMatchingResourcePatternResolver : Resolved class path location [schema.sql] to resources []
2024-07-20T12:50:54.728+02:00 TRACE 238666 --- [crud-springboot] [           main] .i.s.PathMatchingResourcePatternResolver : Resolved module-path location pattern [data-all.sql] to resources []
2024-07-20T12:50:54.728+02:00 TRACE 238666 --- [crud-springboot] [           main] .i.s.PathMatchingResourcePatternResolver : Resolved class path location [data-all.sql] to resources []
2024-07-20T12:50:54.729+02:00 TRACE 238666 --- [crud-springboot] [           main] .i.s.PathMatchingResourcePatternResolver : Resolved module-path location pattern [data.sql] to resources []
2024-07-20T12:50:54.729+02:00 TRACE 238666 --- [crud-springboot] [           main] .i.s.PathMatchingResourcePatternResolver : Resolved class path location [data.sql] to resources []
2024-07-20T12:50:54.729+02:00 TRACE 238666 --- [crud-springboot] [           main] o.s.b.f.s.DefaultListableBeanFactory     : Returning cached instance of singleton bean 'org.springframework.transaction.config.internalTransactionAdvisor'
2024-07-20T12:50:54.729+02:00 TRACE 238666 --- [crud-springboot] [           main] o.s.b.f.s.DefaultListableBeanFactory     : Returning cached instance of singleton bean 'org.springframework.transaction.config.internalTransactionAdvisor'
2024-07-20T12:50:54.731+02:00 TRACE 238666 --- [crud-springboot] [           main] o.s.b.f.s.DefaultListableBeanFactory     : Finished creating instance of bean 'dataSourceScriptDatabaseInitializer'
2024-07-20T12:50:54.731+02:00 DEBUG 238666 --- [crud-springboot] [           main] o.s.b.f.s.DefaultListableBeanFactory     : Creating shared instance of singleton bean 'entityManagerFactory'
2024-07-20T12:50:54.731+02:00 TRACE 238666 --- [crud-springboot] [           main] o.s.b.f.s.DefaultListableBeanFactory     : Creating instance of bean 'entityManagerFactory'
2024-07-20T12:50:54.731+02:00 TRACE 238666 --- [crud-springboot] [           main] o.s.b.f.s.DefaultListableBeanFactory     : Returning cached instance of singleton bean 'org.springframework.transaction.config.internalTransactionAdvisor'
2024-07-20T12:50:54.731+02:00 DEBUG 238666 --- [crud-springboot] [           main] o.s.b.f.s.DefaultListableBeanFactory     : Creating shared instance of singleton bean 'org.springframework.boot.autoconfigure.orm.jpa.HibernateJpaConfiguration'
2024-07-20T12:50:54.732+02:00 TRACE 238666 --- [crud-springboot] [           main] o.s.b.f.s.DefaultListableBeanFactory     : Creating instance of bean 'org.springframework.boot.autoconfigure.orm.jpa.HibernateJpaConfiguration'
2024-07-20T12:50:54.732+02:00 TRACE 238666 --- [crud-springboot] [           main] o.s.b.f.s.DefaultListableBeanFactory     : Returning cached instance of singleton bean 'org.springframework.transaction.config.internalTransactionAdvisor'
2024-07-20T12:50:54.735+02:00 TRACE 238666 --- [crud-springboot] [           main] o.s.b.f.s.DefaultListableBeanFactory     : Returning cached instance of singleton bean 'dataSource'
2024-07-20T12:50:54.736+02:00 DEBUG 238666 --- [crud-springboot] [           main] o.s.b.f.s.DefaultListableBeanFactory     : Creating shared instance of singleton bean 'spring.jpa-org.springframework.boot.autoconfigure.orm.jpa.JpaProperties'
2024-07-20T12:50:54.737+02:00 TRACE 238666 --- [crud-springboot] [           main] o.s.b.f.s.DefaultListableBeanFactory     : Creating instance of bean 'spring.jpa-org.springframework.boot.autoconfigure.orm.jpa.JpaProperties'
2024-07-20T12:50:54.737+02:00 TRACE 238666 --- [crud-springboot] [           main] o.s.b.f.s.DefaultListableBeanFactory     : Returning cached instance of singleton bean 'org.springframework.transaction.config.internalTransactionAdvisor'
2024-07-20T12:50:54.737+02:00 TRACE 238666 --- [crud-springboot] [           main] o.s.b.f.s.DefaultListableBeanFactory     : Returning cached instance of singleton bean 'org.springframework.boot.context.properties.BoundConfigurationProperties'
2024-07-20T12:50:54.744+02:00 TRACE 238666 --- [crud-springboot] [           main] o.s.b.f.s.DefaultListableBeanFactory     : Returning cached instance of singleton bean 'org.springframework.transaction.config.internalTransactionAdvisor'
2024-07-20T12:50:54.744+02:00 TRACE 238666 --- [crud-springboot] [           main] o.s.b.f.s.DefaultListableBeanFactory     : Returning cached instance of singleton bean 'org.springframework.transaction.config.internalTransactionAdvisor'
2024-07-20T12:50:54.745+02:00 TRACE 238666 --- [crud-springboot] [           main] o.s.b.f.s.DefaultListableBeanFactory     : Finished creating instance of bean 'spring.jpa-org.springframework.boot.autoconfigure.orm.jpa.JpaProperties'
2024-07-20T12:50:54.747+02:00 DEBUG 238666 --- [crud-springboot] [           main] o.s.b.f.s.DefaultListableBeanFactory     : Creating shared instance of singleton bean 'spring.jpa.hibernate-org.springframework.boot.autoconfigure.orm.jpa.HibernateProperties'
2024-07-20T12:50:54.747+02:00 TRACE 238666 --- [crud-springboot] [           main] o.s.b.f.s.DefaultListableBeanFactory     : Creating instance of bean 'spring.jpa.hibernate-org.springframework.boot.autoconfigure.orm.jpa.HibernateProperties'
2024-07-20T12:50:54.747+02:00 TRACE 238666 --- [crud-springboot] [           main] o.s.b.f.s.DefaultListableBeanFactory     : Returning cached instance of singleton bean 'org.springframework.transaction.config.internalTransactionAdvisor'
2024-07-20T12:50:54.748+02:00 TRACE 238666 --- [crud-springboot] [           main] o.s.b.f.s.DefaultListableBeanFactory     : Returning cached instance of singleton bean 'org.springframework.boot.context.properties.BoundConfigurationProperties'
2024-07-20T12:50:54.750+02:00 TRACE 238666 --- [crud-springboot] [           main] o.s.b.f.s.DefaultListableBeanFactory     : Returning cached instance of singleton bean 'org.springframework.transaction.config.internalTransactionAdvisor'
2024-07-20T12:50:54.750+02:00 TRACE 238666 --- [crud-springboot] [           main] o.s.b.f.s.DefaultListableBeanFactory     : Returning cached instance of singleton bean 'org.springframework.transaction.config.internalTransactionAdvisor'
2024-07-20T12:50:54.750+02:00 TRACE 238666 --- [crud-springboot] [           main] o.s.b.f.s.DefaultListableBeanFactory     : Finished creating instance of bean 'spring.jpa.hibernate-org.springframework.boot.autoconfigure.orm.jpa.HibernateProperties'
2024-07-20T12:50:54.751+02:00 DEBUG 238666 --- [crud-springboot] [           main] o.s.b.f.s.DefaultListableBeanFactory     : Autowiring by type from bean name 'org.springframework.boot.autoconfigure.orm.jpa.HibernateJpaConfiguration' via constructor to bean named 'dataSource'
2024-07-20T12:50:54.751+02:00 DEBUG 238666 --- [crud-springboot] [           main] o.s.b.f.s.DefaultListableBeanFactory     : Autowiring by type from bean name 'org.springframework.boot.autoconfigure.orm.jpa.HibernateJpaConfiguration' via constructor to bean named 'spring.jpa-org.springframework.boot.autoconfigure.orm.jpa.JpaProperties'
2024-07-20T12:50:54.751+02:00 DEBUG 238666 --- [crud-springboot] [           main] o.s.b.f.s.DefaultListableBeanFactory     : Autowiring by type from bean name 'org.springframework.boot.autoconfigure.orm.jpa.HibernateJpaConfiguration' via constructor to bean named 'org.springframework.beans.factory.support.DefaultListableBeanFactory@6f330eb9'
2024-07-20T12:50:54.751+02:00 DEBUG 238666 --- [crud-springboot] [           main] o.s.b.f.s.DefaultListableBeanFactory     : Autowiring by type from bean name 'org.springframework.boot.autoconfigure.orm.jpa.HibernateJpaConfiguration' via constructor to bean named 'spring.jpa.hibernate-org.springframework.boot.autoconfigure.orm.jpa.HibernateProperties'
2024-07-20T12:50:54.755+02:00 DEBUG 238666 --- [crud-springboot] [           main] o.s.b.f.s.DefaultListableBeanFactory     : Creating shared instance of singleton bean 'hikariPoolDataSourceMetadataProvider'
2024-07-20T12:50:54.755+02:00 TRACE 238666 --- [crud-springboot] [           main] o.s.b.f.s.DefaultListableBeanFactory     : Creating instance of bean 'hikariPoolDataSourceMetadataProvider'
2024-07-20T12:50:54.756+02:00 TRACE 238666 --- [crud-springboot] [           main] o.s.b.f.s.DefaultListableBeanFactory     : Returning cached instance of singleton bean 'org.springframework.transaction.config.internalTransactionAdvisor'
2024-07-20T12:50:54.756+02:00 DEBUG 238666 --- [crud-springboot] [           main] o.s.b.f.s.DefaultListableBeanFactory     : Creating shared instance of singleton bean 'org.springframework.boot.autoconfigure.jdbc.metadata.DataSourcePoolMetadataProvidersConfiguration$HikariPoolDataSourceMetadataProviderConfiguration'
2024-07-20T12:50:54.756+02:00 TRACE 238666 --- [crud-springboot] [           main] o.s.b.f.s.DefaultListableBeanFactory     : Creating instance of bean 'org.springframework.boot.autoconfigure.jdbc.metadata.DataSourcePoolMetadataProvidersConfiguration$HikariPoolDataSourceMetadataProviderConfiguration'
2024-07-20T12:50:54.756+02:00 TRACE 238666 --- [crud-springboot] [           main] o.s.b.f.s.DefaultListableBeanFactory     : Returning cached instance of singleton bean 'org.springframework.transaction.config.internalTransactionAdvisor'
2024-07-20T12:50:54.758+02:00 TRACE 238666 --- [crud-springboot] [           main] o.s.b.f.s.DefaultListableBeanFactory     : Returning cached instance of singleton bean 'org.springframework.transaction.config.internalTransactionAdvisor'
2024-07-20T12:50:54.759+02:00 TRACE 238666 --- [crud-springboot] [           main] o.s.b.f.s.DefaultListableBeanFactory     : Returning cached instance of singleton bean 'org.springframework.transaction.config.internalTransactionAdvisor'
2024-07-20T12:50:54.759+02:00 TRACE 238666 --- [crud-springboot] [           main] o.s.b.f.s.DefaultListableBeanFactory     : Finished creating instance of bean 'org.springframework.boot.autoconfigure.jdbc.metadata.DataSourcePoolMetadataProvidersConfiguration$HikariPoolDataSourceMetadataProviderConfiguration'
2024-07-20T12:50:54.762+02:00 TRACE 238666 --- [crud-springboot] [           main] o.s.b.f.s.DefaultListableBeanFactory     : Returning cached instance of singleton bean 'org.springframework.transaction.config.internalTransactionAdvisor'
2024-07-20T12:50:54.762+02:00 TRACE 238666 --- [crud-springboot] [           main] o.s.b.f.s.DefaultListableBeanFactory     : Returning cached instance of singleton bean 'org.springframework.transaction.config.internalTransactionAdvisor'
2024-07-20T12:50:54.763+02:00 TRACE 238666 --- [crud-springboot] [           main] o.s.b.f.s.DefaultListableBeanFactory     : Finished creating instance of bean 'hikariPoolDataSourceMetadataProvider'
2024-07-20T12:50:54.770+02:00 TRACE 238666 --- [crud-springboot] [           main] o.s.b.f.s.DefaultListableBeanFactory     : Returning cached instance of singleton bean 'org.springframework.transaction.config.internalTransactionAdvisor'
2024-07-20T12:50:54.770+02:00 TRACE 238666 --- [crud-springboot] [           main] o.s.b.f.s.DefaultListableBeanFactory     : Returning cached instance of singleton bean 'org.springframework.transaction.config.internalTransactionAdvisor'
2024-07-20T12:50:54.773+02:00 TRACE 238666 --- [crud-springboot] [           main] o.s.b.f.s.DefaultListableBeanFactory     : Finished creating instance of bean 'org.springframework.boot.autoconfigure.orm.jpa.HibernateJpaConfiguration'
2024-07-20T12:50:54.774+02:00 DEBUG 238666 --- [crud-springboot] [           main] o.s.b.f.s.DefaultListableBeanFactory     : Creating shared instance of singleton bean 'entityManagerFactoryBuilder'
2024-07-20T12:50:54.774+02:00 TRACE 238666 --- [crud-springboot] [           main] o.s.b.f.s.DefaultListableBeanFactory     : Creating instance of bean 'entityManagerFactoryBuilder'
2024-07-20T12:50:54.774+02:00 TRACE 238666 --- [crud-springboot] [           main] o.s.b.f.s.DefaultListableBeanFactory     : Returning cached instance of singleton bean 'org.springframework.transaction.config.internalTransactionAdvisor'
2024-07-20T12:50:54.774+02:00 TRACE 238666 --- [crud-springboot] [           main] o.s.b.f.s.DefaultListableBeanFactory     : Returning cached instance of singleton bean 'org.springframework.boot.autoconfigure.orm.jpa.HibernateJpaConfiguration'
2024-07-20T12:50:54.775+02:00 DEBUG 238666 --- [crud-springboot] [           main] o.s.b.f.s.DefaultListableBeanFactory     : Creating shared instance of singleton bean 'jpaVendorAdapter'
2024-07-20T12:50:54.776+02:00 TRACE 238666 --- [crud-springboot] [           main] o.s.b.f.s.DefaultListableBeanFactory     : Creating instance of bean 'jpaVendorAdapter'
2024-07-20T12:50:54.776+02:00 TRACE 238666 --- [crud-springboot] [           main] o.s.b.f.s.DefaultListableBeanFactory     : Returning cached instance of singleton bean 'org.springframework.transaction.config.internalTransactionAdvisor'
2024-07-20T12:50:54.777+02:00 TRACE 238666 --- [crud-springboot] [           main] o.s.b.f.s.DefaultListableBeanFactory     : Returning cached instance of singleton bean 'org.springframework.boot.autoconfigure.orm.jpa.HibernateJpaConfiguration'
2024-07-20T12:50:54.802+02:00 DEBUG 238666 --- [crud-springboot] [           main] org.jboss.logging                        : Logging Provider: org.jboss.logging.Slf4jLoggerProvider found via system property
2024-07-20T12:50:54.806+02:00 TRACE 238666 --- [crud-springboot] [           main] o.s.b.f.s.DefaultListableBeanFactory     : Returning cached instance of singleton bean 'org.springframework.transaction.config.internalTransactionAdvisor'
2024-07-20T12:50:54.806+02:00 TRACE 238666 --- [crud-springboot] [           main] o.s.b.f.s.DefaultListableBeanFactory     : Returning cached instance of singleton bean 'org.springframework.transaction.config.internalTransactionAdvisor'
2024-07-20T12:50:54.808+02:00 TRACE 238666 --- [crud-springboot] [           main] o.s.b.f.s.DefaultListableBeanFactory     : Finished creating instance of bean 'jpaVendorAdapter'
2024-07-20T12:50:54.808+02:00 DEBUG 238666 --- [crud-springboot] [           main] o.s.b.f.s.DefaultListableBeanFactory     : Autowiring by type from bean name 'entityManagerFactoryBuilder' via factory method to bean named 'jpaVendorAdapter'
2024-07-20T12:50:54.814+02:00 TRACE 238666 --- [crud-springboot] [           main] o.s.b.f.s.DefaultListableBeanFactory     : Returning cached instance of singleton bean 'org.springframework.transaction.config.internalTransactionAdvisor'
2024-07-20T12:50:54.814+02:00 TRACE 238666 --- [crud-springboot] [           main] o.s.b.f.s.DefaultListableBeanFactory     : Returning cached instance of singleton bean 'org.springframework.transaction.config.internalTransactionAdvisor'
2024-07-20T12:50:54.815+02:00 TRACE 238666 --- [crud-springboot] [           main] o.s.b.f.s.DefaultListableBeanFactory     : Finished creating instance of bean 'entityManagerFactoryBuilder'
2024-07-20T12:50:54.818+02:00 DEBUG 238666 --- [crud-springboot] [           main] o.s.b.f.s.DefaultListableBeanFactory     : Creating shared instance of singleton bean 'persistenceManagedTypes'
2024-07-20T12:50:54.818+02:00 TRACE 238666 --- [crud-springboot] [           main] o.s.b.f.s.DefaultListableBeanFactory     : Creating instance of bean 'persistenceManagedTypes'
2024-07-20T12:50:54.819+02:00 TRACE 238666 --- [crud-springboot] [           main] o.s.b.f.s.DefaultListableBeanFactory     : Returning cached instance of singleton bean 'org.springframework.transaction.config.internalTransactionAdvisor'
2024-07-20T12:50:54.822+02:00 DEBUG 238666 --- [crud-springboot] [           main] o.s.b.f.s.DefaultListableBeanFactory     : Autowiring by type from bean name 'persistenceManagedTypes' via factory method to bean named 'org.springframework.beans.factory.support.DefaultListableBeanFactory@6f330eb9'
2024-07-20T12:50:54.822+02:00 DEBUG 238666 --- [crud-springboot] [           main] o.s.b.f.s.DefaultListableBeanFactory     : Autowiring by type from bean name 'persistenceManagedTypes' via factory method to bean named 'org.springframework.web.context.support.GenericWebApplicationContext@5ef8df1e'
2024-07-20T12:50:54.824+02:00 TRACE 238666 --- [crud-springboot] [           main] o.s.b.f.s.DefaultListableBeanFactory     : No bean named 'org.springframework.boot.autoconfigure.domain.EntityScanPackages' found in org.springframework.beans.factory.support.DefaultListableBeanFactory@6f330eb9: defining beans [org.springframework.boot.test.mock.mockito.MockitoPostProcessor$SpyPostProcessor,org.springframework.boot.test.mock.mockito.MockitoPostProcessor,org.springframework.context.annotation.internalConfigurationAnnotationProcessor,org.springframework.context.annotation.internalAutowiredAnnotationProcessor,org.springframework.context.annotation.internalCommonAnnotationProcessor,org.springframework.context.annotation.internalPersistenceAnnotationProcessor,org.springframework.context.event.internalEventListenerProcessor,org.springframework.context.event.internalEventListenerFactory,crudSpringbootApplication,org.springframework.boot.autoconfigure.internalCachingMetadataReaderFactory,jwtUtils,securityConfig,apiResponse,authController,loginRequest,personController,registerRequest,webController,jwtFilter,cardService,customUserDetailsService,org.springframework.security.config.annotation.configuration.ObjectPostProcessorConfiguration,objectPostProcessor,org.springframework.security.config.annotation.authentication.configuration.AuthenticationConfiguration,authenticationManagerBuilder,enableGlobalAuthenticationAutowiredConfigurer,initializeUserDetailsBeanManagerConfigurer,initializeAuthenticationProviderBeanManagerConfigurer,org.springframework.security.config.annotation.web.configuration.WebSecurityConfiguration,delegatingApplicationListener,webSecurityExpressionHandler,privilegeEvaluator,conversionServicePostProcessor,org.springframework.security.config.annotation.web.configuration.WebMvcSecurityConfiguration,requestDataValueProcessor,springSecurityHandlerMappingIntrospectorBeanDefinitionRegistryPostProcessor,org.springframework.security.config.annotation.web.configuration.HttpSecurityConfiguration,org.springframework.security.config.annotation.web.configuration.HttpSecurityConfiguration.httpSecurity,passwordEncoder,authenticationManager,securityFilterChain,org.springframework.boot.autoconfigure.AutoConfigurationPackages,org.springframework.boot.autoconfigure.context.PropertyPlaceholderAutoConfiguration,propertySourcesPlaceholderConfigurer,org.springframework.boot.autoconfigure.ssl.SslAutoConfiguration,fileWatcher,sslPropertiesSslBundleRegistrar,sslBundleRegistry,org.springframework.boot.context.properties.ConfigurationPropertiesBindingPostProcessor,org.springframework.boot.context.internalConfigurationPropertiesBinder,org.springframework.boot.context.properties.BoundConfigurationProperties,org.springframework.boot.context.properties.EnableConfigurationPropertiesRegistrar.methodValidationExcludeFilter,spring.ssl-org.springframework.boot.autoconfigure.ssl.SslProperties,org.springframework.boot.autoconfigure.websocket.servlet.WebSocketServletAutoConfiguration$TomcatWebSocketConfiguration,websocketServletWebServerCustomizer,org.springframework.boot.autoconfigure.websocket.servlet.WebSocketServletAutoConfiguration,org.springframework.boot.autoconfigure.web.servlet.ServletWebServerFactoryConfiguration$EmbeddedTomcat,tomcatServletWebServerFactory,org.springframework.boot.autoconfigure.web.servlet.ServletWebServerFactoryAutoConfiguration,servletWebServerFactoryCustomizer,tomcatServletWebServerFactoryCustomizer,server-org.springframework.boot.autoconfigure.web.ServerProperties,webServerFactoryCustomizerBeanPostProcessor,errorPageRegistrarBeanPostProcessor,org.springframework.boot.autoconfigure.web.servlet.DispatcherServletAutoConfiguration$DispatcherServletConfiguration,dispatcherServlet,spring.mvc-org.springframework.boot.autoconfigure.web.servlet.WebMvcProperties,org.springframework.boot.autoconfigure.web.servlet.DispatcherServletAutoConfiguration$DispatcherServletRegistrationConfiguration,dispatcherServletRegistration,org.springframework.boot.autoconfigure.web.servlet.DispatcherServletAutoConfiguration,org.springframework.boot.autoconfigure.task.TaskExecutorConfigurations$ThreadPoolTaskExecutorBuilderConfiguration,threadPoolTaskExecutorBuilder,org.springframework.boot.autoconfigure.task.TaskExecutorConfigurations$TaskExecutorBuilderConfiguration,taskExecutorBuilder,org.springframework.boot.autoconfigure.task.TaskExecutorConfigurations$SimpleAsyncTaskExecutorBuilderConfiguration,simpleAsyncTaskExecutorBuilder,org.springframework.boot.autoconfigure.task.TaskExecutorConfigurations$TaskExecutorConfiguration,applicationTaskExecutor,org.springframework.boot.autoconfigure.task.TaskExecutionAutoConfiguration,spring.task.execution-org.springframework.boot.autoconfigure.task.TaskExecutionProperties,org.springframework.boot.autoconfigure.web.servlet.error.ErrorMvcAutoConfiguration$WhitelabelErrorViewConfiguration,error,beanNameViewResolver,org.springframework.boot.autoconfigure.web.servlet.error.ErrorMvcAutoConfiguration$DefaultErrorViewResolverConfiguration,conventionErrorViewResolver,spring.web-org.springframework.boot.autoconfigure.web.WebProperties,org.springframework.boot.autoconfigure.web.servlet.error.ErrorMvcAutoConfiguration,errorAttributes,basicErrorController,errorPageCustomizer,preserveErrorControllerTargetClassPostProcessor,org.springframework.boot.autoconfigure.web.servlet.WebMvcAutoConfiguration$EnableWebMvcConfiguration,welcomePageHandlerMapping,welcomePageNotAcceptableHandlerMapping,localeResolver,themeResolver,flashMapManager,mvcConversionService,mvcValidator,mvcContentNegotiationManager,requestMappingHandlerMapping,mvcPatternParser,mvcUrlPathHelper,mvcPathMatcher,viewControllerHandlerMapping,beanNameHandlerMapping,routerFunctionMapping,resourceHandlerMapping,mvcResourceUrlProvider,defaultServletHandlerMapping,requestMappingHandlerAdapter,handlerFunctionAdapter,mvcUriComponentsContributor,httpRequestHandlerAdapter,simpleControllerHandlerAdapter,handlerExceptionResolver,mvcViewResolver,mvcHandlerMappingIntrospector,viewNameTranslator,org.springframework.boot.autoconfigure.web.servlet.WebMvcAutoConfiguration$WebMvcAutoConfigurationAdapter,defaultViewResolver,viewResolver,requestContextFilter,org.springframework.boot.autoconfigure.web.servlet.WebMvcAutoConfiguration,formContentFilter,org.springframework.boot.autoconfigure.aop.AopAutoConfiguration$AspectJAutoProxyingConfiguration$CglibAutoProxyConfiguration,org.springframework.aop.config.internalAutoProxyCreator,org.springframework.boot.autoconfigure.aop.AopAutoConfiguration$AspectJAutoProxyingConfiguration,org.springframework.boot.autoconfigure.aop.AopAutoConfiguration,org.springframework.boot.autoconfigure.availability.ApplicationAvailabilityAutoConfiguration,applicationAvailability,org.springframework.boot.autoconfigure.transaction.jta.JtaAutoConfiguration,org.springframework.boot.autoconfigure.jdbc.DataSourceConfiguration$Hikari,jdbcConnectionDetailsHikariBeanPostProcessor,dataSource,org.springframework.boot.autoconfigure.jdbc.DataSourceAutoConfiguration$PooledDataSourceConfiguration,jdbcConnectionDetails,org.springframework.boot.autoconfigure.jdbc.metadata.DataSourcePoolMetadataProvidersConfiguration$HikariPoolDataSourceMetadataProviderConfiguration,hikariPoolDataSourceMetadataProvider,org.springframework.boot.autoconfigure.jdbc.metadata.DataSourcePoolMetadataProvidersConfiguration,org.springframework.boot.autoconfigure.jdbc.DataSourceAutoConfiguration,spring.datasource-org.springframework.boot.autoconfigure.jdbc.DataSourceProperties,org.springframework.boot.autoconfigure.transaction.TransactionManagerCustomizationAutoConfiguration,platformTransactionManagerCustomizers,transactionExecutionListeners,spring.transaction-org.springframework.boot.autoconfigure.transaction.TransactionProperties,org.springframework.boot.autoconfigure.orm.jpa.JpaBaseConfiguration$JpaWebConfiguration,openEntityManagerInViewInterceptor,openEntityManagerInViewInterceptorConfigurer,org.springframework.boot.autoconfigure.orm.jpa.JpaBaseConfiguration$PersistenceManagedTypesConfiguration,persistenceManagedTypes,org.springframework.boot.autoconfigure.orm.jpa.HibernateJpaConfiguration,transactionManager,jpaVendorAdapter,entityManagerFactoryBuilder,entityManagerFactory,spring.jpa.hibernate-org.springframework.boot.autoconfigure.orm.jpa.HibernateProperties,spring.jpa-org.springframework.boot.autoconfigure.orm.jpa.JpaProperties,org.springframework.boot.autoconfigure.orm.jpa.HibernateJpaAutoConfiguration,org.springframework.boot.autoconfigure.jackson.JacksonAutoConfiguration$Jackson2ObjectMapperBuilderCustomizerConfiguration,standardJacksonObjectMapperBuilderCustomizer,spring.jackson-org.springframework.boot.autoconfigure.jackson.JacksonProperties,org.springframework.boot.autoconfigure.jackson.JacksonAutoConfiguration$JacksonObjectMapperBuilderConfiguration,jacksonObjectMapperBuilder,org.springframework.boot.autoconfigure.jackson.JacksonAutoConfiguration$ParameterNamesModuleConfiguration,parameterNamesModule,org.springframework.boot.autoconfigure.jackson.JacksonAutoConfiguration$JacksonObjectMapperConfiguration,jacksonObjectMapper,org.springframework.boot.autoconfigure.jackson.JacksonAutoConfiguration$JacksonMixinConfiguration,jsonMixinModuleEntries,jsonMixinModule,org.springframework.boot.autoconfigure.jackson.JacksonAutoConfiguration,jsonComponentModule,org.springframework.boot.autoconfigure.context.ConfigurationPropertiesAutoConfiguration,org.springframework.boot.autoconfigure.context.LifecycleAutoConfiguration,lifecycleProcessor,spring.lifecycle-org.springframework.boot.autoconfigure.context.LifecycleProperties,org.springframework.boot.autoconfigure.dao.PersistenceExceptionTranslationAutoConfiguration,persistenceExceptionTranslationPostProcessor,org.springframework.boot.autoconfigure.data.jpa.JpaRepositoriesAutoConfiguration,jpaSharedEM_entityManagerFactory,emBeanDefinitionRegistrarPostProcessor,jpaMappingContext,jpaContext,org.springframework.data.jpa.util.JpaMetamodelCacheCleanup,org.springframework.data.jpa.repository.support.JpaEvaluationContextExtension,jpa.named-queries#0,jpa.PersonRepository.fragments#0,personRepository,jpa.named-queries#1,jpa.UserRepository.fragments#0,userRepository,jpa.named-queries#2,jpa.MenuRepository.fragments#0,menuRepository,jpa.named-queries#3,jpa.AllergenRepository.fragments#0,allergenRepository,jpa.named-queries#4,jpa.IngredientRepository.fragments#0,ingredientRepository,jpa.named-queries#5,jpa.CardRepository.fragments#0,cardRepository,jpa.named-queries#6,jpa.DishRepository.fragments#0,dishRepository,data-jpa.repository-aot-processor#0,org.springframework.boot.autoconfigure.http.HttpMessageConvertersAutoConfiguration$StringHttpMessageConverterConfiguration,stringHttpMessageConverter,org.springframework.boot.autoconfigure.http.JacksonHttpMessageConvertersConfiguration$MappingJackson2HttpMessageConverterConfiguration,mappingJackson2HttpMessageConverter,org.springframework.boot.autoconfigure.http.JacksonHttpMessageConvertersConfiguration,org.springframework.boot.autoconfigure.http.HttpMessageConvertersAutoConfiguration,messageConverters,org.springframework.data.web.config.ProjectingArgumentResolverRegistrar,projectingArgumentResolverBeanPostProcessor,org.springframework.data.web.config.SpringDataWebConfiguration,pageableResolver,sortResolver,offsetResolver,org.springframework.data.web.config.SpringDataJacksonConfiguration,jacksonGeoModule,pageModule,org.springframework.boot.autoconfigure.data.web.SpringDataWebAutoConfiguration,pageableCustomizer,sortCustomizer,spring.data.web-org.springframework.boot.autoconfigure.data.web.SpringDataWebProperties,org.springframework.boot.autoconfigure.info.ProjectInfoAutoConfiguration,spring.info-org.springframework.boot.autoconfigure.info.ProjectInfoProperties,org.springframework.boot.autoconfigure.jdbc.JdbcTemplateConfiguration,jdbcTemplate,org.springframework.boot.autoconfigure.jdbc.NamedParameterJdbcTemplateConfiguration,namedParameterJdbcTemplate,org.springframework.boot.autoconfigure.jdbc.JdbcTemplateAutoConfiguration,spring.jdbc-org.springframework.boot.autoconfigure.jdbc.JdbcProperties,org.springframework.boot.sql.init.dependency.DatabaseInitializationDependencyConfigurer$DependsOnDatabaseInitializationPostProcessor,org.springframework.boot.autoconfigure.jdbc.JdbcClientAutoConfiguration,jdbcClient,org.springframework.boot.autoconfigure.security.servlet.SpringBootWebSecurityConfiguration,org.springframework.boot.autoconfigure.security.servlet.SecurityAutoConfiguration,authenticationEventPublisher,spring.security-org.springframework.boot.autoconfigure.security.SecurityProperties,org.springframework.boot.autoconfigure.security.servlet.SecurityFilterAutoConfiguration,securityFilterChainRegistration,org.springframework.boot.autoconfigure.sql.init.DataSourceInitializationConfiguration,dataSourceScriptDatabaseInitializer,org.springframework.boot.autoconfigure.sql.init.SqlInitializationAutoConfiguration,spring.sql.init-org.springframework.boot.autoconfigure.sql.init.SqlInitializationProperties,org.springframework.boot.autoconfigure.task.TaskSchedulingConfigurations$ThreadPoolTaskSchedulerBuilderConfiguration,threadPoolTaskSchedulerBuilder,org.springframework.boot.autoconfigure.task.TaskSchedulingConfigurations$TaskSchedulerBuilderConfiguration,taskSchedulerBuilder,org.springframework.boot.autoconfigure.task.TaskSchedulingConfigurations$SimpleAsyncTaskSchedulerBuilderConfiguration,simpleAsyncTaskSchedulerBuilder,org.springframework.boot.autoconfigure.task.TaskSchedulingAutoConfiguration,spring.task.scheduling-org.springframework.boot.autoconfigure.task.TaskSchedulingProperties,org.springframework.boot.autoconfigure.thymeleaf.ThymeleafAutoConfiguration$ThymeleafWebMvcConfiguration$ThymeleafViewResolverConfiguration,thymeleafViewResolver,org.springframework.boot.autoconfigure.thymeleaf.ThymeleafAutoConfiguration$ThymeleafWebMvcConfiguration,org.springframework.boot.autoconfigure.thymeleaf.ThymeleafAutoConfiguration$DefaultTemplateResolverConfiguration,defaultTemplateResolver,org.springframework.boot.autoconfigure.thymeleaf.TemplateEngineConfigurations$DefaultTemplateEngineConfiguration,templateEngine,org.springframework.boot.autoconfigure.thymeleaf.ThymeleafAutoConfiguration,spring.thymeleaf-org.springframework.boot.autoconfigure.thymeleaf.ThymeleafProperties,org.springframework.boot.autoconfigure.jdbc.DataSourceTransactionManagerAutoConfiguration$JdbcTransactionManagerConfiguration,org.springframework.boot.autoconfigure.jdbc.DataSourceTransactionManagerAutoConfiguration,org.springframework.transaction.annotation.ProxyTransactionManagementConfiguration,org.springframework.transaction.config.internalTransactionAdvisor,transactionAttributeSource,transactionInterceptor,org.springframework.transaction.config.internalTransactionalEventListenerFactory,org.springframework.boot.autoconfigure.transaction.TransactionAutoConfiguration$EnableTransactionManagementConfiguration$CglibAutoProxyConfiguration,org.springframework.boot.autoconfigure.transaction.TransactionAutoConfiguration$EnableTransactionManagementConfiguration,org.springframework.boot.autoconfigure.transaction.TransactionAutoConfiguration$TransactionTemplateConfiguration,transactionTemplate,org.springframework.boot.autoconfigure.transaction.TransactionAutoConfiguration,org.springframework.boot.autoconfigure.web.client.RestClientAutoConfiguration,httpMessageConvertersRestClientCustomizer,restClientSsl,restClientBuilderConfigurer,restClientBuilder,org.springframework.boot.autoconfigure.web.client.RestTemplateAutoConfiguration,restTemplateBuilderConfigurer,restTemplateBuilder,org.springframework.boot.autoconfigure.web.servlet.HttpEncodingAutoConfiguration,characterEncodingFilter,localeCharsetMappingsCustomizer,org.springframework.boot.autoconfigure.web.servlet.MultipartAutoConfiguration,multipartConfigElement,multipartResolver,spring.servlet.multipart-org.springframework.boot.autoconfigure.web.servlet.MultipartProperties,mvcHandlerMappingIntrospectorRequestTransformer,springSecurityFilterChain,jpaSharedEM_AWC_entityManagerFactory]; root of factory hierarchy
2024-07-20T12:50:54.824+02:00 TRACE 238666 --- [crud-springboot] [           main] o.s.b.f.s.DefaultListableBeanFactory     : Returning cached instance of singleton bean 'org.springframework.boot.autoconfigure.AutoConfigurationPackages'
2024-07-20T12:50:54.824+02:00 TRACE 238666 --- [crud-springboot] [           main] o.s.b.f.s.DefaultListableBeanFactory     : Returning cached instance of singleton bean 'org.springframework.boot.autoconfigure.AutoConfigurationPackages'
2024-07-20T12:50:54.828+02:00 TRACE 238666 --- [crud-springboot] [           main] .i.s.PathMatchingResourcePatternResolver : Resolved module-path location pattern [com/cwa/crudspringboot/**/*.class] to resources []
2024-07-20T12:50:54.828+02:00 TRACE 238666 --- [crud-springboot] [           main] .i.s.PathMatchingResourcePatternResolver : Resolved module-path location pattern [com/cwa/crudspringboot/] to resources []
2024-07-20T12:50:54.829+02:00 TRACE 238666 --- [crud-springboot] [           main] .i.s.PathMatchingResourcePatternResolver : Resolved class path location [com/cwa/crudspringboot/] to resources [file [/home/damien/crud-springboot-jwt/target/test-classes/com/cwa/crudspringboot], file [/home/damien/crud-springboot-jwt/target/classes/com/cwa/crudspringboot]]
2024-07-20T12:50:54.829+02:00 TRACE 238666 --- [crud-springboot] [           main] .i.s.PathMatchingResourcePatternResolver : Searching directory [/home/damien/crud-springboot-jwt/target/test-classes/com/cwa/crudspringboot] for files matching pattern [**/*.class]
2024-07-20T12:50:54.830+02:00 TRACE 238666 --- [crud-springboot] [           main] .i.s.PathMatchingResourcePatternResolver : Searching directory [/home/damien/crud-springboot-jwt/target/classes/com/cwa/crudspringboot] for files matching pattern [**/*.class]
2024-07-20T12:50:54.837+02:00 TRACE 238666 --- [crud-springboot] [           main] .i.s.PathMatchingResourcePatternResolver : Resolved location pattern [classpath*:com/cwa/crudspringboot/**/*.class] to resources [file [/home/damien/crud-springboot-jwt/target/test-classes/com/cwa/crudspringboot/CrudSpringbootApplicationTests.class], file [/home/damien/crud-springboot-jwt/target/classes/com/cwa/crudspringboot/CrudSpringbootApplication.class], file [/home/damien/crud-springboot-jwt/target/classes/com/cwa/crudspringboot/configuration/JwtUtils.class], file [/home/damien/crud-springboot-jwt/target/classes/com/cwa/crudspringboot/configuration/SecurityConfig.class], file [/home/damien/crud-springboot-jwt/target/classes/com/cwa/crudspringboot/controller/ApiResponse.class], file [/home/damien/crud-springboot-jwt/target/classes/com/cwa/crudspringboot/controller/AuthController.class], file [/home/damien/crud-springboot-jwt/target/classes/com/cwa/crudspringboot/controller/LoginRequest.class], file [/home/damien/crud-springboot-jwt/target/classes/com/cwa/crudspringboot/controller/PersonController.class], file [/home/damien/crud-springboot-jwt/target/classes/com/cwa/crudspringboot/controller/RegisterRequest.class], file [/home/damien/crud-springboot-jwt/target/classes/com/cwa/crudspringboot/controller/UserController.class], file [/home/damien/crud-springboot-jwt/target/classes/com/cwa/crudspringboot/controller/WebController.class], file [/home/damien/crud-springboot-jwt/target/classes/com/cwa/crudspringboot/entity/Allergen.class], file [/home/damien/crud-springboot-jwt/target/classes/com/cwa/crudspringboot/entity/Card.class], file [/home/damien/crud-springboot-jwt/target/classes/com/cwa/crudspringboot/entity/Dish.class], file [/home/damien/crud-springboot-jwt/target/classes/com/cwa/crudspringboot/entity/Ingredient.class], file [/home/damien/crud-springboot-jwt/target/classes/com/cwa/crudspringboot/entity/Menu.class], file [/home/damien/crud-springboot-jwt/target/classes/com/cwa/crudspringboot/entity/Person.class], file [/home/damien/crud-springboot-jwt/target/classes/com/cwa/crudspringboot/entity/User.class], file [/home/damien/crud-springboot-jwt/target/classes/com/cwa/crudspringboot/filter/JwtFilter.class], file [/home/damien/crud-springboot-jwt/target/classes/com/cwa/crudspringboot/repository/AllergenRepository.class], file [/home/damien/crud-springboot-jwt/target/classes/com/cwa/crudspringboot/repository/CardRepository.class], file [/home/damien/crud-springboot-jwt/target/classes/com/cwa/crudspringboot/repository/DishRepository.class], file [/home/damien/crud-springboot-jwt/target/classes/com/cwa/crudspringboot/repository/IngredientRepository.class], file [/home/damien/crud-springboot-jwt/target/classes/com/cwa/crudspringboot/repository/MenuRepository.class], file [/home/damien/crud-springboot-jwt/target/classes/com/cwa/crudspringboot/repository/PersonRepository.class], file [/home/damien/crud-springboot-jwt/target/classes/com/cwa/crudspringboot/repository/UserRepository.class], file [/home/damien/crud-springboot-jwt/target/classes/com/cwa/crudspringboot/service/CardService.class], file [/home/damien/crud-springboot-jwt/target/classes/com/cwa/crudspringboot/service/CustomUserDetailsService.class], file [/home/damien/crud-springboot-jwt/target/classes/com/cwa/crudspringboot/service/UserService.class]]
2024-07-20T12:50:54.840+02:00 TRACE 238666 --- [crud-springboot] [           main] o.s.b.f.s.DefaultListableBeanFactory     : Returning cached instance of singleton bean 'org.springframework.transaction.config.internalTransactionAdvisor'
2024-07-20T12:50:54.840+02:00 TRACE 238666 --- [crud-springboot] [           main] o.s.b.f.s.DefaultListableBeanFactory     : Returning cached instance of singleton bean 'org.springframework.transaction.config.internalTransactionAdvisor'
2024-07-20T12:50:54.841+02:00 TRACE 238666 --- [crud-springboot] [           main] o.s.b.f.s.DefaultListableBeanFactory     : Finished creating instance of bean 'persistenceManagedTypes'
2024-07-20T12:50:54.841+02:00 DEBUG 238666 --- [crud-springboot] [           main] o.s.b.f.s.DefaultListableBeanFactory     : Autowiring by type from bean name 'entityManagerFactory' via factory method to bean named 'entityManagerFactoryBuilder'
2024-07-20T12:50:54.841+02:00 DEBUG 238666 --- [crud-springboot] [           main] o.s.b.f.s.DefaultListableBeanFactory     : Autowiring by type from bean name 'entityManagerFactory' via factory method to bean named 'persistenceManagedTypes'
2024-07-20T12:50:54.862+02:00 TRACE 238666 --- [crud-springboot] [           main] o.s.b.f.s.DefaultListableBeanFactory     : Invoking afterPropertiesSet() on bean with name 'entityManagerFactory'
2024-07-20T12:50:54.866+02:00 TRACE 238666 --- [crud-springboot] [           main] .i.s.PathMatchingResourcePatternResolver : Resolved module-path location pattern [META-INF/persistence.xml] to resources []
2024-07-20T12:50:54.867+02:00 TRACE 238666 --- [crud-springboot] [           main] .i.s.PathMatchingResourcePatternResolver : Resolved class path location [META-INF/persistence.xml] to resources []
2024-07-20T12:50:54.876+02:00 DEBUG 238666 --- [crud-springboot] [           main] j.LocalContainerEntityManagerFactoryBean : Building JPA container EntityManagerFactory for persistence unit 'default'
2024-07-20T12:50:55.443+02:00  INFO 238666 --- [crud-springboot] [           main] o.s.o.j.p.SpringPersistenceUnitInfo      : No LoadTimeWeaver setup: ignoring JPA class transformer
2024-07-20T12:50:55.497+02:00 DEBUG 238666 --- [crud-springboot] [           main] com.zaxxer.hikari.HikariConfig           : HikariPool-1 - configuration:
2024-07-20T12:50:55.503+02:00 DEBUG 238666 --- [crud-springboot] [           main] com.zaxxer.hikari.HikariConfig           : allowPoolSuspension.............false
2024-07-20T12:50:55.503+02:00 DEBUG 238666 --- [crud-springboot] [           main] com.zaxxer.hikari.HikariConfig           : autoCommit......................true
2024-07-20T12:50:55.503+02:00 DEBUG 238666 --- [crud-springboot] [           main] com.zaxxer.hikari.HikariConfig           : catalog.........................none
2024-07-20T12:50:55.504+02:00 DEBUG 238666 --- [crud-springboot] [           main] com.zaxxer.hikari.HikariConfig           : connectionInitSql...............none
2024-07-20T12:50:55.504+02:00 DEBUG 238666 --- [crud-springboot] [           main] com.zaxxer.hikari.HikariConfig           : connectionTestQuery.............none
2024-07-20T12:50:55.512+02:00 DEBUG 238666 --- [crud-springboot] [           main] com.zaxxer.hikari.HikariConfig           : connectionTimeout...............30000
2024-07-20T12:50:55.512+02:00 DEBUG 238666 --- [crud-springboot] [           main] com.zaxxer.hikari.HikariConfig           : dataSource......................none
2024-07-20T12:50:55.512+02:00 DEBUG 238666 --- [crud-springboot] [           main] com.zaxxer.hikari.HikariConfig           : dataSourceClassName.............none
2024-07-20T12:50:55.512+02:00 DEBUG 238666 --- [crud-springboot] [           main] com.zaxxer.hikari.HikariConfig           : dataSourceJNDI..................none
2024-07-20T12:50:55.513+02:00 DEBUG 238666 --- [crud-springboot] [           main] com.zaxxer.hikari.HikariConfig           : dataSourceProperties............{password=<masked>}
2024-07-20T12:50:55.514+02:00 DEBUG 238666 --- [crud-springboot] [           main] com.zaxxer.hikari.HikariConfig           : driverClassName................."com.mysql.cj.jdbc.Driver"
2024-07-20T12:50:55.515+02:00 DEBUG 238666 --- [crud-springboot] [           main] com.zaxxer.hikari.HikariConfig           : exceptionOverrideClassName......none
2024-07-20T12:50:55.515+02:00 DEBUG 238666 --- [crud-springboot] [           main] com.zaxxer.hikari.HikariConfig           : healthCheckProperties...........{}
2024-07-20T12:50:55.515+02:00 DEBUG 238666 --- [crud-springboot] [           main] com.zaxxer.hikari.HikariConfig           : healthCheckRegistry.............none
2024-07-20T12:50:55.515+02:00 DEBUG 238666 --- [crud-springboot] [           main] com.zaxxer.hikari.HikariConfig           : idleTimeout.....................600000
2024-07-20T12:50:55.516+02:00 DEBUG 238666 --- [crud-springboot] [           main] com.zaxxer.hikari.HikariConfig           : initializationFailTimeout.......1
2024-07-20T12:50:55.516+02:00 DEBUG 238666 --- [crud-springboot] [           main] com.zaxxer.hikari.HikariConfig           : isolateInternalQueries..........false
2024-07-20T12:50:55.516+02:00 DEBUG 238666 --- [crud-springboot] [           main] com.zaxxer.hikari.HikariConfig           : jdbcUrl.........................jdbc:mysql://localhost:3306/crud_manager
2024-07-20T12:50:55.516+02:00 DEBUG 238666 --- [crud-springboot] [           main] com.zaxxer.hikari.HikariConfig           : keepaliveTime...................0
2024-07-20T12:50:55.517+02:00 DEBUG 238666 --- [crud-springboot] [           main] com.zaxxer.hikari.HikariConfig           : leakDetectionThreshold..........0
2024-07-20T12:50:55.517+02:00 DEBUG 238666 --- [crud-springboot] [           main] com.zaxxer.hikari.HikariConfig           : maxLifetime.....................1800000
2024-07-20T12:50:55.517+02:00 DEBUG 238666 --- [crud-springboot] [           main] com.zaxxer.hikari.HikariConfig           : maximumPoolSize.................10
2024-07-20T12:50:55.517+02:00 DEBUG 238666 --- [crud-springboot] [           main] com.zaxxer.hikari.HikariConfig           : metricRegistry..................none
2024-07-20T12:50:55.518+02:00 DEBUG 238666 --- [crud-springboot] [           main] com.zaxxer.hikari.HikariConfig           : metricsTrackerFactory...........none
2024-07-20T12:50:55.518+02:00 DEBUG 238666 --- [crud-springboot] [           main] com.zaxxer.hikari.HikariConfig           : minimumIdle.....................10
2024-07-20T12:50:55.518+02:00 DEBUG 238666 --- [crud-springboot] [           main] com.zaxxer.hikari.HikariConfig           : password........................<masked>
2024-07-20T12:50:55.519+02:00 DEBUG 238666 --- [crud-springboot] [           main] com.zaxxer.hikari.HikariConfig           : poolName........................"HikariPool-1"
2024-07-20T12:50:55.519+02:00 DEBUG 238666 --- [crud-springboot] [           main] com.zaxxer.hikari.HikariConfig           : readOnly........................false
2024-07-20T12:50:55.519+02:00 DEBUG 238666 --- [crud-springboot] [           main] com.zaxxer.hikari.HikariConfig           : registerMbeans..................false
2024-07-20T12:50:55.520+02:00 DEBUG 238666 --- [crud-springboot] [           main] com.zaxxer.hikari.HikariConfig           : scheduledExecutor...............none
2024-07-20T12:50:55.520+02:00 DEBUG 238666 --- [crud-springboot] [           main] com.zaxxer.hikari.HikariConfig           : schema..........................none
2024-07-20T12:50:55.520+02:00 DEBUG 238666 --- [crud-springboot] [           main] com.zaxxer.hikari.HikariConfig           : threadFactory...................internal
2024-07-20T12:50:55.520+02:00 DEBUG 238666 --- [crud-springboot] [           main] com.zaxxer.hikari.HikariConfig           : transactionIsolation............default
2024-07-20T12:50:55.520+02:00 DEBUG 238666 --- [crud-springboot] [           main] com.zaxxer.hikari.HikariConfig           : username........................"damien"
2024-07-20T12:50:55.520+02:00 DEBUG 238666 --- [crud-springboot] [           main] com.zaxxer.hikari.HikariConfig           : validationTimeout...............5000
2024-07-20T12:50:55.521+02:00  INFO 238666 --- [crud-springboot] [           main] com.zaxxer.hikari.HikariDataSource       : HikariPool-1 - Starting...
2024-07-20T12:50:55.925+02:00 DEBUG 238666 --- [crud-springboot] [           main] jdk.event.security                       : X509Certificate: Alg:SHA256withRSA, Serial:2, Subject:CN=MySQL_Server_8.0.35_Auto_Generated_Server_Certificate, Issuer:CN=MySQL_Server_8.0.35_Auto_Generated_CA_Certificate, Key type:RSA, Length:2048, Cert Id:1199000931, Valid from:1/15/24, 1:28 PM, Valid until:1/12/34, 1:28 PM
2024-07-20T12:50:55.926+02:00 DEBUG 238666 --- [crud-springboot] [           main] jdk.event.security                       : X509Certificate: Alg:SHA256withRSA, Serial:1, Subject:CN=MySQL_Server_8.0.35_Auto_Generated_CA_Certificate, Issuer:CN=MySQL_Server_8.0.35_Auto_Generated_CA_Certificate, Key type:RSA, Length:2048, Cert Id:-2038268566, Valid from:1/15/24, 1:28 PM, Valid until:1/12/34, 1:28 PM
2024-07-20T12:50:55.946+02:00 DEBUG 238666 --- [crud-springboot] [           main] jdk.event.security                       :  TLSHandshake: localhost:3306, TLSv1.3, TLS_AES_256_GCM_SHA384, 1199000931
2024-07-20T12:50:55.987+02:00  INFO 238666 --- [crud-springboot] [           main] com.zaxxer.hikari.pool.HikariPool        : HikariPool-1 - Added connection com.mysql.cj.jdbc.ConnectionImpl@6ce2e079
2024-07-20T12:50:55.991+02:00  INFO 238666 --- [crud-springboot] [           main] com.zaxxer.hikari.HikariDataSource       : HikariPool-1 - Start completed.
2024-07-20T12:50:56.091+02:00 DEBUG 238666 --- [crud-springboot] [l-1 housekeeper] com.zaxxer.hikari.pool.HikariPool        : HikariPool-1 - Pool stats (total=1, active=0, idle=1, waiting=0)
2024-07-20T12:50:56.111+02:00 DEBUG 238666 --- [crud-springboot] [onnection adder] jdk.event.security                       : X509Certificate: Alg:SHA256withRSA, Serial:2, Subject:CN=MySQL_Server_8.0.35_Auto_Generated_Server_Certificate, Issuer:CN=MySQL_Server_8.0.35_Auto_Generated_CA_Certificate, Key type:RSA, Length:2048, Cert Id:1199000931, Valid from:1/15/24, 1:28 PM, Valid until:1/12/34, 1:28 PM
2024-07-20T12:50:56.111+02:00 DEBUG 238666 --- [crud-springboot] [onnection adder] jdk.event.security                       : X509Certificate: Alg:SHA256withRSA, Serial:1, Subject:CN=MySQL_Server_8.0.35_Auto_Generated_CA_Certificate, Issuer:CN=MySQL_Server_8.0.35_Auto_Generated_CA_Certificate, Key type:RSA, Length:2048, Cert Id:-2038268566, Valid from:1/15/24, 1:28 PM, Valid until:1/12/34, 1:28 PM
2024-07-20T12:50:56.127+02:00 DEBUG 238666 --- [crud-springboot] [onnection adder] jdk.event.security                       :  TLSHandshake: localhost:3306, TLSv1.3, TLS_AES_256_GCM_SHA384, 1199000931
2024-07-20T12:50:56.136+02:00 DEBUG 238666 --- [crud-springboot] [onnection adder] com.zaxxer.hikari.pool.HikariPool        : HikariPool-1 - Added connection com.mysql.cj.jdbc.ConnectionImpl@6d0761ef
2024-07-20T12:50:56.166+02:00 DEBUG 238666 --- [crud-springboot] [onnection adder] jdk.event.security                       : X509Certificate: Alg:SHA256withRSA, Serial:2, Subject:CN=MySQL_Server_8.0.35_Auto_Generated_Server_Certificate, Issuer:CN=MySQL_Server_8.0.35_Auto_Generated_CA_Certificate, Key type:RSA, Length:2048, Cert Id:1199000931, Valid from:1/15/24, 1:28 PM, Valid until:1/12/34, 1:28 PM
2024-07-20T12:50:56.167+02:00 DEBUG 238666 --- [crud-springboot] [onnection adder] jdk.event.security                       : X509Certificate: Alg:SHA256withRSA, Serial:1, Subject:CN=MySQL_Server_8.0.35_Auto_Generated_CA_Certificate, Issuer:CN=MySQL_Server_8.0.35_Auto_Generated_CA_Certificate, Key type:RSA, Length:2048, Cert Id:-2038268566, Valid from:1/15/24, 1:28 PM, Valid until:1/12/34, 1:28 PM
2024-07-20T12:50:56.174+02:00 DEBUG 238666 --- [crud-springboot] [onnection adder] jdk.event.security                       :  TLSHandshake: localhost:3306, TLSv1.3, TLS_AES_256_GCM_SHA384, 1199000931
2024-07-20T12:50:56.182+02:00 DEBUG 238666 --- [crud-springboot] [onnection adder] com.zaxxer.hikari.pool.HikariPool        : HikariPool-1 - Added connection com.mysql.cj.jdbc.ConnectionImpl@5c206c85
2024-07-20T12:50:56.206+02:00 DEBUG 238666 --- [crud-springboot] [onnection adder] jdk.event.security                       : X509Certificate: Alg:SHA256withRSA, Serial:2, Subject:CN=MySQL_Server_8.0.35_Auto_Generated_Server_Certificate, Issuer:CN=MySQL_Server_8.0.35_Auto_Generated_CA_Certificate, Key type:RSA, Length:2048, Cert Id:1199000931, Valid from:1/15/24, 1:28 PM, Valid until:1/12/34, 1:28 PM
2024-07-20T12:50:56.207+02:00 DEBUG 238666 --- [crud-springboot] [onnection adder] jdk.event.security                       : X509Certificate: Alg:SHA256withRSA, Serial:1, Subject:CN=MySQL_Server_8.0.35_Auto_Generated_CA_Certificate, Issuer:CN=MySQL_Server_8.0.35_Auto_Generated_CA_Certificate, Key type:RSA, Length:2048, Cert Id:-2038268566, Valid from:1/15/24, 1:28 PM, Valid until:1/12/34, 1:28 PM
2024-07-20T12:50:56.212+02:00 DEBUG 238666 --- [crud-springboot] [onnection adder] jdk.event.security                       :  TLSHandshake: localhost:3306, TLSv1.3, TLS_AES_256_GCM_SHA384, 1199000931
2024-07-20T12:50:56.216+02:00 DEBUG 238666 --- [crud-springboot] [onnection adder] com.zaxxer.hikari.pool.HikariPool        : HikariPool-1 - Added connection com.mysql.cj.jdbc.ConnectionImpl@d289ea0
2024-07-20T12:50:56.247+02:00 DEBUG 238666 --- [crud-springboot] [onnection adder] jdk.event.security                       : X509Certificate: Alg:SHA256withRSA, Serial:2, Subject:CN=MySQL_Server_8.0.35_Auto_Generated_Server_Certificate, Issuer:CN=MySQL_Server_8.0.35_Auto_Generated_CA_Certificate, Key type:RSA, Length:2048, Cert Id:1199000931, Valid from:1/15/24, 1:28 PM, Valid until:1/12/34, 1:28 PM
2024-07-20T12:50:56.248+02:00 DEBUG 238666 --- [crud-springboot] [onnection adder] jdk.event.security                       : X509Certificate: Alg:SHA256withRSA, Serial:1, Subject:CN=MySQL_Server_8.0.35_Auto_Generated_CA_Certificate, Issuer:CN=MySQL_Server_8.0.35_Auto_Generated_CA_Certificate, Key type:RSA, Length:2048, Cert Id:-2038268566, Valid from:1/15/24, 1:28 PM, Valid until:1/12/34, 1:28 PM
2024-07-20T12:50:56.258+02:00 DEBUG 238666 --- [crud-springboot] [onnection adder] jdk.event.security                       :  TLSHandshake: localhost:3306, TLSv1.3, TLS_AES_256_GCM_SHA384, 1199000931
2024-07-20T12:50:56.266+02:00 DEBUG 238666 --- [crud-springboot] [onnection adder] com.zaxxer.hikari.pool.HikariPool        : HikariPool-1 - Added connection com.mysql.cj.jdbc.ConnectionImpl@9666729
2024-07-20T12:50:56.288+02:00 DEBUG 238666 --- [crud-springboot] [onnection adder] jdk.event.security                       : X509Certificate: Alg:SHA256withRSA, Serial:2, Subject:CN=MySQL_Server_8.0.35_Auto_Generated_Server_Certificate, Issuer:CN=MySQL_Server_8.0.35_Auto_Generated_CA_Certificate, Key type:RSA, Length:2048, Cert Id:1199000931, Valid from:1/15/24, 1:28 PM, Valid until:1/12/34, 1:28 PM
2024-07-20T12:50:56.289+02:00 DEBUG 238666 --- [crud-springboot] [onnection adder] jdk.event.security                       : X509Certificate: Alg:SHA256withRSA, Serial:1, Subject:CN=MySQL_Server_8.0.35_Auto_Generated_CA_Certificate, Issuer:CN=MySQL_Server_8.0.35_Auto_Generated_CA_Certificate, Key type:RSA, Length:2048, Cert Id:-2038268566, Valid from:1/15/24, 1:28 PM, Valid until:1/12/34, 1:28 PM
2024-07-20T12:50:56.296+02:00 DEBUG 238666 --- [crud-springboot] [onnection adder] jdk.event.security                       :  TLSHandshake: localhost:3306, TLSv1.3, TLS_AES_256_GCM_SHA384, 1199000931
2024-07-20T12:50:56.301+02:00 DEBUG 238666 --- [crud-springboot] [onnection adder] com.zaxxer.hikari.pool.HikariPool        : HikariPool-1 - Added connection com.mysql.cj.jdbc.ConnectionImpl@e8cc305
2024-07-20T12:50:56.323+02:00 DEBUG 238666 --- [crud-springboot] [onnection adder] jdk.event.security                       : X509Certificate: Alg:SHA256withRSA, Serial:2, Subject:CN=MySQL_Server_8.0.35_Auto_Generated_Server_Certificate, Issuer:CN=MySQL_Server_8.0.35_Auto_Generated_CA_Certificate, Key type:RSA, Length:2048, Cert Id:1199000931, Valid from:1/15/24, 1:28 PM, Valid until:1/12/34, 1:28 PM
2024-07-20T12:50:56.324+02:00 DEBUG 238666 --- [crud-springboot] [onnection adder] jdk.event.security                       : X509Certificate: Alg:SHA256withRSA, Serial:1, Subject:CN=MySQL_Server_8.0.35_Auto_Generated_CA_Certificate, Issuer:CN=MySQL_Server_8.0.35_Auto_Generated_CA_Certificate, Key type:RSA, Length:2048, Cert Id:-2038268566, Valid from:1/15/24, 1:28 PM, Valid until:1/12/34, 1:28 PM
2024-07-20T12:50:56.327+02:00 DEBUG 238666 --- [crud-springboot] [onnection adder] jdk.event.security                       :  TLSHandshake: localhost:3306, TLSv1.3, TLS_AES_256_GCM_SHA384, 1199000931
2024-07-20T12:50:56.331+02:00 DEBUG 238666 --- [crud-springboot] [onnection adder] com.zaxxer.hikari.pool.HikariPool        : HikariPool-1 - Added connection com.mysql.cj.jdbc.ConnectionImpl@652adfd6
2024-07-20T12:50:56.433+02:00 DEBUG 238666 --- [crud-springboot] [onnection adder] jdk.event.security                       : X509Certificate: Alg:SHA256withRSA, Serial:2, Subject:CN=MySQL_Server_8.0.35_Auto_Generated_Server_Certificate, Issuer:CN=MySQL_Server_8.0.35_Auto_Generated_CA_Certificate, Key type:RSA, Length:2048, Cert Id:1199000931, Valid from:1/15/24, 1:28 PM, Valid until:1/12/34, 1:28 PM
2024-07-20T12:50:56.434+02:00 DEBUG 238666 --- [crud-springboot] [onnection adder] jdk.event.security                       : X509Certificate: Alg:SHA256withRSA, Serial:1, Subject:CN=MySQL_Server_8.0.35_Auto_Generated_CA_Certificate, Issuer:CN=MySQL_Server_8.0.35_Auto_Generated_CA_Certificate, Key type:RSA, Length:2048, Cert Id:-2038268566, Valid from:1/15/24, 1:28 PM, Valid until:1/12/34, 1:28 PM
2024-07-20T12:50:56.440+02:00 DEBUG 238666 --- [crud-springboot] [onnection adder] jdk.event.security                       :  TLSHandshake: localhost:3306, TLSv1.3, TLS_AES_256_GCM_SHA384, 1199000931
2024-07-20T12:50:56.445+02:00 DEBUG 238666 --- [crud-springboot] [onnection adder] com.zaxxer.hikari.pool.HikariPool        : HikariPool-1 - Added connection com.mysql.cj.jdbc.ConnectionImpl@3dc0699d
2024-07-20T12:50:56.465+02:00 DEBUG 238666 --- [crud-springboot] [onnection adder] jdk.event.security                       : X509Certificate: Alg:SHA256withRSA, Serial:2, Subject:CN=MySQL_Server_8.0.35_Auto_Generated_Server_Certificate, Issuer:CN=MySQL_Server_8.0.35_Auto_Generated_CA_Certificate, Key type:RSA, Length:2048, Cert Id:1199000931, Valid from:1/15/24, 1:28 PM, Valid until:1/12/34, 1:28 PM
2024-07-20T12:50:56.466+02:00 DEBUG 238666 --- [crud-springboot] [onnection adder] jdk.event.security                       : X509Certificate: Alg:SHA256withRSA, Serial:1, Subject:CN=MySQL_Server_8.0.35_Auto_Generated_CA_Certificate, Issuer:CN=MySQL_Server_8.0.35_Auto_Generated_CA_Certificate, Key type:RSA, Length:2048, Cert Id:-2038268566, Valid from:1/15/24, 1:28 PM, Valid until:1/12/34, 1:28 PM
2024-07-20T12:50:56.469+02:00 DEBUG 238666 --- [crud-springboot] [onnection adder] jdk.event.security                       :  TLSHandshake: localhost:3306, TLSv1.3, TLS_AES_256_GCM_SHA384, 1199000931
2024-07-20T12:50:56.475+02:00 DEBUG 238666 --- [crud-springboot] [onnection adder] com.zaxxer.hikari.pool.HikariPool        : HikariPool-1 - Added connection com.mysql.cj.jdbc.ConnectionImpl@2c6bd438
2024-07-20T12:50:56.500+02:00 DEBUG 238666 --- [crud-springboot] [onnection adder] jdk.event.security                       : X509Certificate: Alg:SHA256withRSA, Serial:2, Subject:CN=MySQL_Server_8.0.35_Auto_Generated_Server_Certificate, Issuer:CN=MySQL_Server_8.0.35_Auto_Generated_CA_Certificate, Key type:RSA, Length:2048, Cert Id:1199000931, Valid from:1/15/24, 1:28 PM, Valid until:1/12/34, 1:28 PM
2024-07-20T12:50:56.501+02:00 DEBUG 238666 --- [crud-springboot] [onnection adder] jdk.event.security                       : X509Certificate: Alg:SHA256withRSA, Serial:1, Subject:CN=MySQL_Server_8.0.35_Auto_Generated_CA_Certificate, Issuer:CN=MySQL_Server_8.0.35_Auto_Generated_CA_Certificate, Key type:RSA, Length:2048, Cert Id:-2038268566, Valid from:1/15/24, 1:28 PM, Valid until:1/12/34, 1:28 PM
2024-07-20T12:50:56.506+02:00 DEBUG 238666 --- [crud-springboot] [onnection adder] jdk.event.security                       :  TLSHandshake: localhost:3306, TLSv1.3, TLS_AES_256_GCM_SHA384, 1199000931
2024-07-20T12:50:56.511+02:00 DEBUG 238666 --- [crud-springboot] [onnection adder] com.zaxxer.hikari.pool.HikariPool        : HikariPool-1 - Added connection com.mysql.cj.jdbc.ConnectionImpl@273629f1
2024-07-20T12:50:56.521+02:00 DEBUG 238666 --- [crud-springboot] [onnection adder] com.zaxxer.hikari.pool.HikariPool        : HikariPool-1 - After adding stats (total=10, active=0, idle=10, waiting=0)
2024-07-20T12:50:57.225+02:00  INFO 238666 --- [crud-springboot] [           main] j.LocalContainerEntityManagerFactoryBean : Initialized JPA EntityManagerFactory for persistence unit 'default'
2024-07-20T12:50:57.228+02:00 TRACE 238666 --- [crud-springboot] [           main] o.s.b.f.s.DefaultListableBeanFactory     : Returning cached instance of singleton bean 'org.springframework.transaction.config.internalTransactionAdvisor'
2024-07-20T12:50:57.228+02:00 TRACE 238666 --- [crud-springboot] [           main] o.s.b.f.s.DefaultListableBeanFactory     : Returning cached instance of singleton bean 'org.springframework.transaction.config.internalTransactionAdvisor'
2024-07-20T12:50:57.228+02:00 TRACE 238666 --- [crud-springboot] [           main] o.s.b.f.s.DefaultListableBeanFactory     : Finished creating instance of bean 'entityManagerFactory'
2024-07-20T12:50:57.229+02:00 TRACE 238666 --- [crud-springboot] [           main] o.s.b.f.s.DefaultListableBeanFactory     : Pre-instantiating singletons in org.springframework.beans.factory.support.DefaultListableBeanFactory@6f330eb9: defining beans [org.springframework.boot.test.mock.mockito.MockitoPostProcessor$SpyPostProcessor,org.springframework.boot.test.mock.mockito.MockitoPostProcessor,org.springframework.context.annotation.internalConfigurationAnnotationProcessor,org.springframework.context.annotation.internalAutowiredAnnotationProcessor,org.springframework.context.annotation.internalCommonAnnotationProcessor,org.springframework.context.annotation.internalPersistenceAnnotationProcessor,org.springframework.context.event.internalEventListenerProcessor,org.springframework.context.event.internalEventListenerFactory,crudSpringbootApplication,org.springframework.boot.autoconfigure.internalCachingMetadataReaderFactory,jwtUtils,securityConfig,apiResponse,authController,loginRequest,personController,registerRequest,webController,jwtFilter,cardService,customUserDetailsService,org.springframework.security.config.annotation.configuration.ObjectPostProcessorConfiguration,objectPostProcessor,org.springframework.security.config.annotation.authentication.configuration.AuthenticationConfiguration,authenticationManagerBuilder,enableGlobalAuthenticationAutowiredConfigurer,initializeUserDetailsBeanManagerConfigurer,initializeAuthenticationProviderBeanManagerConfigurer,org.springframework.security.config.annotation.web.configuration.WebSecurityConfiguration,delegatingApplicationListener,webSecurityExpressionHandler,privilegeEvaluator,conversionServicePostProcessor,org.springframework.security.config.annotation.web.configuration.WebMvcSecurityConfiguration,requestDataValueProcessor,springSecurityHandlerMappingIntrospectorBeanDefinitionRegistryPostProcessor,org.springframework.security.config.annotation.web.configuration.HttpSecurityConfiguration,org.springframework.security.config.annotation.web.configuration.HttpSecurityConfiguration.httpSecurity,passwordEncoder,authenticationManager,securityFilterChain,org.springframework.boot.autoconfigure.AutoConfigurationPackages,org.springframework.boot.autoconfigure.context.PropertyPlaceholderAutoConfiguration,propertySourcesPlaceholderConfigurer,org.springframework.boot.autoconfigure.ssl.SslAutoConfiguration,fileWatcher,sslPropertiesSslBundleRegistrar,sslBundleRegistry,org.springframework.boot.context.properties.ConfigurationPropertiesBindingPostProcessor,org.springframework.boot.context.internalConfigurationPropertiesBinder,org.springframework.boot.context.properties.BoundConfigurationProperties,org.springframework.boot.context.properties.EnableConfigurationPropertiesRegistrar.methodValidationExcludeFilter,spring.ssl-org.springframework.boot.autoconfigure.ssl.SslProperties,org.springframework.boot.autoconfigure.websocket.servlet.WebSocketServletAutoConfiguration$TomcatWebSocketConfiguration,websocketServletWebServerCustomizer,org.springframework.boot.autoconfigure.websocket.servlet.WebSocketServletAutoConfiguration,org.springframework.boot.autoconfigure.web.servlet.ServletWebServerFactoryConfiguration$EmbeddedTomcat,tomcatServletWebServerFactory,org.springframework.boot.autoconfigure.web.servlet.ServletWebServerFactoryAutoConfiguration,servletWebServerFactoryCustomizer,tomcatServletWebServerFactoryCustomizer,server-org.springframework.boot.autoconfigure.web.ServerProperties,webServerFactoryCustomizerBeanPostProcessor,errorPageRegistrarBeanPostProcessor,org.springframework.boot.autoconfigure.web.servlet.DispatcherServletAutoConfiguration$DispatcherServletConfiguration,dispatcherServlet,spring.mvc-org.springframework.boot.autoconfigure.web.servlet.WebMvcProperties,org.springframework.boot.autoconfigure.web.servlet.DispatcherServletAutoConfiguration$DispatcherServletRegistrationConfiguration,dispatcherServletRegistration,org.springframework.boot.autoconfigure.web.servlet.DispatcherServletAutoConfiguration,org.springframework.boot.autoconfigure.task.TaskExecutorConfigurations$ThreadPoolTaskExecutorBuilderConfiguration,threadPoolTaskExecutorBuilder,org.springframework.boot.autoconfigure.task.TaskExecutorConfigurations$TaskExecutorBuilderConfiguration,taskExecutorBuilder,org.springframework.boot.autoconfigure.task.TaskExecutorConfigurations$SimpleAsyncTaskExecutorBuilderConfiguration,simpleAsyncTaskExecutorBuilder,org.springframework.boot.autoconfigure.task.TaskExecutorConfigurations$TaskExecutorConfiguration,applicationTaskExecutor,org.springframework.boot.autoconfigure.task.TaskExecutionAutoConfiguration,spring.task.execution-org.springframework.boot.autoconfigure.task.TaskExecutionProperties,org.springframework.boot.autoconfigure.web.servlet.error.ErrorMvcAutoConfiguration$WhitelabelErrorViewConfiguration,error,beanNameViewResolver,org.springframework.boot.autoconfigure.web.servlet.error.ErrorMvcAutoConfiguration$DefaultErrorViewResolverConfiguration,conventionErrorViewResolver,spring.web-org.springframework.boot.autoconfigure.web.WebProperties,org.springframework.boot.autoconfigure.web.servlet.error.ErrorMvcAutoConfiguration,errorAttributes,basicErrorController,errorPageCustomizer,preserveErrorControllerTargetClassPostProcessor,org.springframework.boot.autoconfigure.web.servlet.WebMvcAutoConfiguration$EnableWebMvcConfiguration,welcomePageHandlerMapping,welcomePageNotAcceptableHandlerMapping,localeResolver,themeResolver,flashMapManager,mvcConversionService,mvcValidator,mvcContentNegotiationManager,requestMappingHandlerMapping,mvcPatternParser,mvcUrlPathHelper,mvcPathMatcher,viewControllerHandlerMapping,beanNameHandlerMapping,routerFunctionMapping,resourceHandlerMapping,mvcResourceUrlProvider,defaultServletHandlerMapping,requestMappingHandlerAdapter,handlerFunctionAdapter,mvcUriComponentsContributor,httpRequestHandlerAdapter,simpleControllerHandlerAdapter,handlerExceptionResolver,mvcViewResolver,mvcHandlerMappingIntrospector,viewNameTranslator,org.springframework.boot.autoconfigure.web.servlet.WebMvcAutoConfiguration$WebMvcAutoConfigurationAdapter,defaultViewResolver,viewResolver,requestContextFilter,org.springframework.boot.autoconfigure.web.servlet.WebMvcAutoConfiguration,formContentFilter,org.springframework.boot.autoconfigure.aop.AopAutoConfiguration$AspectJAutoProxyingConfiguration$CglibAutoProxyConfiguration,org.springframework.aop.config.internalAutoProxyCreator,org.springframework.boot.autoconfigure.aop.AopAutoConfiguration$AspectJAutoProxyingConfiguration,org.springframework.boot.autoconfigure.aop.AopAutoConfiguration,org.springframework.boot.autoconfigure.availability.ApplicationAvailabilityAutoConfiguration,applicationAvailability,org.springframework.boot.autoconfigure.transaction.jta.JtaAutoConfiguration,org.springframework.boot.autoconfigure.jdbc.DataSourceConfiguration$Hikari,jdbcConnectionDetailsHikariBeanPostProcessor,dataSource,org.springframework.boot.autoconfigure.jdbc.DataSourceAutoConfiguration$PooledDataSourceConfiguration,jdbcConnectionDetails,org.springframework.boot.autoconfigure.jdbc.metadata.DataSourcePoolMetadataProvidersConfiguration$HikariPoolDataSourceMetadataProviderConfiguration,hikariPoolDataSourceMetadataProvider,org.springframework.boot.autoconfigure.jdbc.metadata.DataSourcePoolMetadataProvidersConfiguration,org.springframework.boot.autoconfigure.jdbc.DataSourceAutoConfiguration,spring.datasource-org.springframework.boot.autoconfigure.jdbc.DataSourceProperties,org.springframework.boot.autoconfigure.transaction.TransactionManagerCustomizationAutoConfiguration,platformTransactionManagerCustomizers,transactionExecutionListeners,spring.transaction-org.springframework.boot.autoconfigure.transaction.TransactionProperties,org.springframework.boot.autoconfigure.orm.jpa.JpaBaseConfiguration$JpaWebConfiguration,openEntityManagerInViewInterceptor,openEntityManagerInViewInterceptorConfigurer,org.springframework.boot.autoconfigure.orm.jpa.JpaBaseConfiguration$PersistenceManagedTypesConfiguration,persistenceManagedTypes,org.springframework.boot.autoconfigure.orm.jpa.HibernateJpaConfiguration,transactionManager,jpaVendorAdapter,entityManagerFactoryBuilder,entityManagerFactory,spring.jpa.hibernate-org.springframework.boot.autoconfigure.orm.jpa.HibernateProperties,spring.jpa-org.springframework.boot.autoconfigure.orm.jpa.JpaProperties,org.springframework.boot.autoconfigure.orm.jpa.HibernateJpaAutoConfiguration,org.springframework.boot.autoconfigure.jackson.JacksonAutoConfiguration$Jackson2ObjectMapperBuilderCustomizerConfiguration,standardJacksonObjectMapperBuilderCustomizer,spring.jackson-org.springframework.boot.autoconfigure.jackson.JacksonProperties,org.springframework.boot.autoconfigure.jackson.JacksonAutoConfiguration$JacksonObjectMapperBuilderConfiguration,jacksonObjectMapperBuilder,org.springframework.boot.autoconfigure.jackson.JacksonAutoConfiguration$ParameterNamesModuleConfiguration,parameterNamesModule,org.springframework.boot.autoconfigure.jackson.JacksonAutoConfiguration$JacksonObjectMapperConfiguration,jacksonObjectMapper,org.springframework.boot.autoconfigure.jackson.JacksonAutoConfiguration$JacksonMixinConfiguration,jsonMixinModuleEntries,jsonMixinModule,org.springframework.boot.autoconfigure.jackson.JacksonAutoConfiguration,jsonComponentModule,org.springframework.boot.autoconfigure.context.ConfigurationPropertiesAutoConfiguration,org.springframework.boot.autoconfigure.context.LifecycleAutoConfiguration,lifecycleProcessor,spring.lifecycle-org.springframework.boot.autoconfigure.context.LifecycleProperties,org.springframework.boot.autoconfigure.dao.PersistenceExceptionTranslationAutoConfiguration,persistenceExceptionTranslationPostProcessor,org.springframework.boot.autoconfigure.data.jpa.JpaRepositoriesAutoConfiguration,jpaSharedEM_entityManagerFactory,emBeanDefinitionRegistrarPostProcessor,jpaMappingContext,jpaContext,org.springframework.data.jpa.util.JpaMetamodelCacheCleanup,org.springframework.data.jpa.repository.support.JpaEvaluationContextExtension,jpa.named-queries#0,jpa.PersonRepository.fragments#0,personRepository,jpa.named-queries#1,jpa.UserRepository.fragments#0,userRepository,jpa.named-queries#2,jpa.MenuRepository.fragments#0,menuRepository,jpa.named-queries#3,jpa.AllergenRepository.fragments#0,allergenRepository,jpa.named-queries#4,jpa.IngredientRepository.fragments#0,ingredientRepository,jpa.named-queries#5,jpa.CardRepository.fragments#0,cardRepository,jpa.named-queries#6,jpa.DishRepository.fragments#0,dishRepository,data-jpa.repository-aot-processor#0,org.springframework.boot.autoconfigure.http.HttpMessageConvertersAutoConfiguration$StringHttpMessageConverterConfiguration,stringHttpMessageConverter,org.springframework.boot.autoconfigure.http.JacksonHttpMessageConvertersConfiguration$MappingJackson2HttpMessageConverterConfiguration,mappingJackson2HttpMessageConverter,org.springframework.boot.autoconfigure.http.JacksonHttpMessageConvertersConfiguration,org.springframework.boot.autoconfigure.http.HttpMessageConvertersAutoConfiguration,messageConverters,org.springframework.data.web.config.ProjectingArgumentResolverRegistrar,projectingArgumentResolverBeanPostProcessor,org.springframework.data.web.config.SpringDataWebConfiguration,pageableResolver,sortResolver,offsetResolver,org.springframework.data.web.config.SpringDataJacksonConfiguration,jacksonGeoModule,pageModule,org.springframework.boot.autoconfigure.data.web.SpringDataWebAutoConfiguration,pageableCustomizer,sortCustomizer,spring.data.web-org.springframework.boot.autoconfigure.data.web.SpringDataWebProperties,org.springframework.boot.autoconfigure.info.ProjectInfoAutoConfiguration,spring.info-org.springframework.boot.autoconfigure.info.ProjectInfoProperties,org.springframework.boot.autoconfigure.jdbc.JdbcTemplateConfiguration,jdbcTemplate,org.springframework.boot.autoconfigure.jdbc.NamedParameterJdbcTemplateConfiguration,namedParameterJdbcTemplate,org.springframework.boot.autoconfigure.jdbc.JdbcTemplateAutoConfiguration,spring.jdbc-org.springframework.boot.autoconfigure.jdbc.JdbcProperties,org.springframework.boot.sql.init.dependency.DatabaseInitializationDependencyConfigurer$DependsOnDatabaseInitializationPostProcessor,org.springframework.boot.autoconfigure.jdbc.JdbcClientAutoConfiguration,jdbcClient,org.springframework.boot.autoconfigure.security.servlet.SpringBootWebSecurityConfiguration,org.springframework.boot.autoconfigure.security.servlet.SecurityAutoConfiguration,authenticationEventPublisher,spring.security-org.springframework.boot.autoconfigure.security.SecurityProperties,org.springframework.boot.autoconfigure.security.servlet.SecurityFilterAutoConfiguration,securityFilterChainRegistration,org.springframework.boot.autoconfigure.sql.init.DataSourceInitializationConfiguration,dataSourceScriptDatabaseInitializer,org.springframework.boot.autoconfigure.sql.init.SqlInitializationAutoConfiguration,spring.sql.init-org.springframework.boot.autoconfigure.sql.init.SqlInitializationProperties,org.springframework.boot.autoconfigure.task.TaskSchedulingConfigurations$ThreadPoolTaskSchedulerBuilderConfiguration,threadPoolTaskSchedulerBuilder,org.springframework.boot.autoconfigure.task.TaskSchedulingConfigurations$TaskSchedulerBuilderConfiguration,taskSchedulerBuilder,org.springframework.boot.autoconfigure.task.TaskSchedulingConfigurations$SimpleAsyncTaskSchedulerBuilderConfiguration,simpleAsyncTaskSchedulerBuilder,org.springframework.boot.autoconfigure.task.TaskSchedulingAutoConfiguration,spring.task.scheduling-org.springframework.boot.autoconfigure.task.TaskSchedulingProperties,org.springframework.boot.autoconfigure.thymeleaf.ThymeleafAutoConfiguration$ThymeleafWebMvcConfiguration$ThymeleafViewResolverConfiguration,thymeleafViewResolver,org.springframework.boot.autoconfigure.thymeleaf.ThymeleafAutoConfiguration$ThymeleafWebMvcConfiguration,org.springframework.boot.autoconfigure.thymeleaf.ThymeleafAutoConfiguration$DefaultTemplateResolverConfiguration,defaultTemplateResolver,org.springframework.boot.autoconfigure.thymeleaf.TemplateEngineConfigurations$DefaultTemplateEngineConfiguration,templateEngine,org.springframework.boot.autoconfigure.thymeleaf.ThymeleafAutoConfiguration,spring.thymeleaf-org.springframework.boot.autoconfigure.thymeleaf.ThymeleafProperties,org.springframework.boot.autoconfigure.jdbc.DataSourceTransactionManagerAutoConfiguration$JdbcTransactionManagerConfiguration,org.springframework.boot.autoconfigure.jdbc.DataSourceTransactionManagerAutoConfiguration,org.springframework.transaction.annotation.ProxyTransactionManagementConfiguration,org.springframework.transaction.config.internalTransactionAdvisor,transactionAttributeSource,transactionInterceptor,org.springframework.transaction.config.internalTransactionalEventListenerFactory,org.springframework.boot.autoconfigure.transaction.TransactionAutoConfiguration$EnableTransactionManagementConfiguration$CglibAutoProxyConfiguration,org.springframework.boot.autoconfigure.transaction.TransactionAutoConfiguration$EnableTransactionManagementConfiguration,org.springframework.boot.autoconfigure.transaction.TransactionAutoConfiguration$TransactionTemplateConfiguration,transactionTemplate,org.springframework.boot.autoconfigure.transaction.TransactionAutoConfiguration,org.springframework.boot.autoconfigure.web.client.RestClientAutoConfiguration,httpMessageConvertersRestClientCustomizer,restClientSsl,restClientBuilderConfigurer,restClientBuilder,org.springframework.boot.autoconfigure.web.client.RestTemplateAutoConfiguration,restTemplateBuilderConfigurer,restTemplateBuilder,org.springframework.boot.autoconfigure.web.servlet.HttpEncodingAutoConfiguration,characterEncodingFilter,localeCharsetMappingsCustomizer,org.springframework.boot.autoconfigure.web.servlet.MultipartAutoConfiguration,multipartConfigElement,multipartResolver,spring.servlet.multipart-org.springframework.boot.autoconfigure.web.servlet.MultipartProperties,mvcHandlerMappingIntrospectorRequestTransformer,springSecurityFilterChain,jpaSharedEM_AWC_entityManagerFactory]; root of factory hierarchy
2024-07-20T12:50:57.229+02:00 TRACE 238666 --- [crud-springboot] [           main] o.s.b.f.s.DefaultListableBeanFactory     : Returning cached instance of singleton bean 'org.springframework.boot.test.mock.mockito.MockitoPostProcessor$SpyPostProcessor'
2024-07-20T12:50:57.229+02:00 TRACE 238666 --- [crud-springboot] [           main] o.s.b.f.s.DefaultListableBeanFactory     : Returning cached instance of singleton bean 'org.springframework.boot.test.mock.mockito.MockitoPostProcessor'
2024-07-20T12:50:57.229+02:00 TRACE 238666 --- [crud-springboot] [           main] o.s.b.f.s.DefaultListableBeanFactory     : Returning cached instance of singleton bean 'org.springframework.context.annotation.internalConfigurationAnnotationProcessor'
2024-07-20T12:50:57.229+02:00 TRACE 238666 --- [crud-springboot] [           main] o.s.b.f.s.DefaultListableBeanFactory     : Returning cached instance of singleton bean 'org.springframework.context.annotation.internalAutowiredAnnotationProcessor'
2024-07-20T12:50:57.229+02:00 TRACE 238666 --- [crud-springboot] [           main] o.s.b.f.s.DefaultListableBeanFactory     : Returning cached instance of singleton bean 'org.springframework.context.annotation.internalCommonAnnotationProcessor'
2024-07-20T12:50:57.229+02:00 TRACE 238666 --- [crud-springboot] [           main] o.s.b.f.s.DefaultListableBeanFactory     : Returning cached instance of singleton bean 'org.springframework.context.annotation.internalPersistenceAnnotationProcessor'
2024-07-20T12:50:57.229+02:00 TRACE 238666 --- [crud-springboot] [           main] o.s.b.f.s.DefaultListableBeanFactory     : Returning cached instance of singleton bean 'org.springframework.context.event.internalEventListenerProcessor'
2024-07-20T12:50:57.229+02:00 TRACE 238666 --- [crud-springboot] [           main] o.s.b.f.s.DefaultListableBeanFactory     : Returning cached instance of singleton bean 'org.springframework.context.event.internalEventListenerFactory'
2024-07-20T12:50:57.229+02:00 DEBUG 238666 --- [crud-springboot] [           main] o.s.b.f.s.DefaultListableBeanFactory     : Creating shared instance of singleton bean 'crudSpringbootApplication'
2024-07-20T12:50:57.229+02:00 TRACE 238666 --- [crud-springboot] [           main] o.s.b.f.s.DefaultListableBeanFactory     : Creating instance of bean 'crudSpringbootApplication'
2024-07-20T12:50:57.229+02:00 TRACE 238666 --- [crud-springboot] [           main] o.s.b.f.s.DefaultListableBeanFactory     : Returning cached instance of singleton bean 'org.springframework.transaction.config.internalTransactionAdvisor'
2024-07-20T12:50:57.230+02:00 TRACE 238666 --- [crud-springboot] [           main] o.s.b.f.s.DefaultListableBeanFactory     : Returning cached instance of singleton bean 'org.springframework.transaction.config.internalTransactionAdvisor'
2024-07-20T12:50:57.230+02:00 TRACE 238666 --- [crud-springboot] [           main] o.s.b.f.s.DefaultListableBeanFactory     : Returning cached instance of singleton bean 'org.springframework.transaction.config.internalTransactionAdvisor'
2024-07-20T12:50:57.230+02:00 TRACE 238666 --- [crud-springboot] [           main] o.s.b.f.s.DefaultListableBeanFactory     : Finished creating instance of bean 'crudSpringbootApplication'
2024-07-20T12:50:57.230+02:00 TRACE 238666 --- [crud-springboot] [           main] o.s.b.f.s.DefaultListableBeanFactory     : Returning cached instance of singleton bean 'org.springframework.boot.autoconfigure.internalCachingMetadataReaderFactory'
2024-07-20T12:50:57.230+02:00 DEBUG 238666 --- [crud-springboot] [           main] o.s.b.f.s.DefaultListableBeanFactory     : Creating shared instance of singleton bean 'jwtUtils'
2024-07-20T12:50:57.230+02:00 TRACE 238666 --- [crud-springboot] [           main] o.s.b.f.s.DefaultListableBeanFactory     : Creating instance of bean 'jwtUtils'
2024-07-20T12:50:57.230+02:00 TRACE 238666 --- [crud-springboot] [           main] o.s.b.f.s.DefaultListableBeanFactory     : Returning cached instance of singleton bean 'org.springframework.transaction.config.internalTransactionAdvisor'
2024-07-20T12:50:57.232+02:00 TRACE 238666 --- [crud-springboot] [           main] o.s.c.e.PropertySourcesPropertyResolver  : Searching for key 'app.secret-key' in PropertySource 'environmentProperties'
2024-07-20T12:50:57.233+02:00 DEBUG 238666 --- [crud-springboot] [           main] o.s.c.e.PropertySourcesPropertyResolver  : Found key 'app.secret-key' in PropertySource 'environmentProperties' with value of type String
2024-07-20T12:50:57.233+02:00 TRACE 238666 --- [crud-springboot] [           main] o.s.util.PropertyPlaceholderHelper       : Resolved placeholder 'app.secret-key'
2024-07-20T12:50:57.233+02:00 TRACE 238666 --- [crud-springboot] [           main] o.s.c.e.PropertySourcesPropertyResolver  : Searching for key 'app.expiration-time' in PropertySource 'environmentProperties'
2024-07-20T12:50:57.234+02:00 DEBUG 238666 --- [crud-springboot] [           main] o.s.c.e.PropertySourcesPropertyResolver  : Found key 'app.expiration-time' in PropertySource 'environmentProperties' with value of type String
2024-07-20T12:50:57.234+02:00 TRACE 238666 --- [crud-springboot] [           main] o.s.util.PropertyPlaceholderHelper       : Resolved placeholder 'app.expiration-time'
2024-07-20T12:50:57.234+02:00 TRACE 238666 --- [crud-springboot] [           main] o.s.b.f.s.DefaultListableBeanFactory     : Returning cached instance of singleton bean 'org.springframework.transaction.config.internalTransactionAdvisor'
2024-07-20T12:50:57.234+02:00 TRACE 238666 --- [crud-springboot] [           main] o.s.b.f.s.DefaultListableBeanFactory     : Returning cached instance of singleton bean 'org.springframework.transaction.config.internalTransactionAdvisor'
2024-07-20T12:50:57.235+02:00 TRACE 238666 --- [crud-springboot] [           main] o.s.b.f.s.DefaultListableBeanFactory     : Finished creating instance of bean 'jwtUtils'
2024-07-20T12:50:57.235+02:00 DEBUG 238666 --- [crud-springboot] [           main] o.s.b.f.s.DefaultListableBeanFactory     : Creating shared instance of singleton bean 'securityConfig'
2024-07-20T12:50:57.235+02:00 TRACE 238666 --- [crud-springboot] [           main] o.s.b.f.s.DefaultListableBeanFactory     : Creating instance of bean 'securityConfig'
2024-07-20T12:50:57.235+02:00 TRACE 238666 --- [crud-springboot] [           main] o.s.b.f.s.DefaultListableBeanFactory     : Returning cached instance of singleton bean 'org.springframework.transaction.config.internalTransactionAdvisor'
2024-07-20T12:50:57.236+02:00 DEBUG 238666 --- [crud-springboot] [           main] o.s.b.f.s.DefaultListableBeanFactory     : Creating shared instance of singleton bean 'customUserDetailsService'
2024-07-20T12:50:57.236+02:00 TRACE 238666 --- [crud-springboot] [           main] o.s.b.f.s.DefaultListableBeanFactory     : Creating instance of bean 'customUserDetailsService'
2024-07-20T12:50:57.236+02:00 TRACE 238666 --- [crud-springboot] [           main] o.s.b.f.s.DefaultListableBeanFactory     : Returning cached instance of singleton bean 'org.springframework.transaction.config.internalTransactionAdvisor'
2024-07-20T12:50:57.237+02:00 DEBUG 238666 --- [crud-springboot] [           main] o.s.b.f.s.DefaultListableBeanFactory     : Creating shared instance of singleton bean 'userRepository'
2024-07-20T12:50:57.237+02:00 TRACE 238666 --- [crud-springboot] [           main] o.s.b.f.s.DefaultListableBeanFactory     : Creating instance of bean 'userRepository'
2024-07-20T12:50:57.237+02:00 TRACE 238666 --- [crud-springboot] [           main] o.s.b.f.s.DefaultListableBeanFactory     : Returning cached instance of singleton bean 'org.springframework.transaction.config.internalTransactionAdvisor'
2024-07-20T12:50:57.237+02:00 TRACE 238666 --- [crud-springboot] [           main] o.s.beans.CachedIntrospectionResults     : Getting BeanInfo for class [org.springframework.data.jpa.repository.support.JpaRepositoryFactoryBean]
2024-07-20T12:50:57.237+02:00 TRACE 238666 --- [crud-springboot] [           main] o.s.beans.CachedIntrospectionResults     : Caching PropertyDescriptors for class [org.springframework.data.jpa.repository.support.JpaRepositoryFactoryBean]
2024-07-20T12:50:57.237+02:00 TRACE 238666 --- [crud-springboot] [           main] o.s.beans.CachedIntrospectionResults     : Found bean property 'applicationEventPublisher' of type [org.springframework.context.ApplicationEventPublisher]
2024-07-20T12:50:57.237+02:00 TRACE 238666 --- [crud-springboot] [           main] o.s.beans.CachedIntrospectionResults     : Found bean property 'beanClassLoader' of type [java.lang.ClassLoader]
2024-07-20T12:50:57.237+02:00 TRACE 238666 --- [crud-springboot] [           main] o.s.beans.CachedIntrospectionResults     : Found bean property 'beanFactory' of type [org.springframework.beans.factory.BeanFactory]
2024-07-20T12:50:57.237+02:00 TRACE 238666 --- [crud-springboot] [           main] o.s.beans.CachedIntrospectionResults     : Found bean property 'class' of type [java.lang.Class]
2024-07-20T12:50:57.238+02:00 TRACE 238666 --- [crud-springboot] [           main] o.s.beans.CachedIntrospectionResults     : Found bean property 'customImplementation' of type [java.lang.Object]
2024-07-20T12:50:57.238+02:00 TRACE 238666 --- [crud-springboot] [           main] o.s.beans.CachedIntrospectionResults     : Found bean property 'enableDefaultTransactions' of type [boolean]
2024-07-20T12:50:57.238+02:00 TRACE 238666 --- [crud-springboot] [           main] o.s.beans.CachedIntrospectionResults     : Found bean property 'entityInformation' of type [org.springframework.data.repository.core.EntityInformation]
2024-07-20T12:50:57.238+02:00 TRACE 238666 --- [crud-springboot] [           main] o.s.beans.CachedIntrospectionResults     : Found bean property 'entityManager' of type [jakarta.persistence.EntityManager]
2024-07-20T12:50:57.238+02:00 TRACE 238666 --- [crud-springboot] [           main] o.s.beans.CachedIntrospectionResults     : Found bean property 'entityPathResolver' of type [org.springframework.beans.factory.ObjectProvider]
2024-07-20T12:50:57.238+02:00 TRACE 238666 --- [crud-springboot] [           main] o.s.beans.CachedIntrospectionResults     : Found bean property 'escapeCharacter' of type [char]
2024-07-20T12:50:57.238+02:00 TRACE 238666 --- [crud-springboot] [           main] o.s.beans.CachedIntrospectionResults     : Found bean property 'evaluationContextProvider' of type [org.springframework.data.repository.query.QueryMethodEvaluationContextProvider]
2024-07-20T12:50:57.238+02:00 TRACE 238666 --- [crud-springboot] [           main] o.s.beans.CachedIntrospectionResults     : Found bean property 'lazyInit' of type [boolean]
2024-07-20T12:50:57.238+02:00 TRACE 238666 --- [crud-springboot] [           main] o.s.beans.CachedIntrospectionResults     : Found bean property 'mappingContext' of type [org.springframework.data.mapping.context.MappingContext]
2024-07-20T12:50:57.238+02:00 TRACE 238666 --- [crud-springboot] [           main] o.s.beans.CachedIntrospectionResults     : Found bean property 'namedQueries' of type [org.springframework.data.repository.core.NamedQueries]
2024-07-20T12:50:57.238+02:00 TRACE 238666 --- [crud-springboot] [           main] o.s.beans.CachedIntrospectionResults     : Found bean property 'object' of type [org.springframework.data.repository.Repository]
2024-07-20T12:50:57.239+02:00 TRACE 238666 --- [crud-springboot] [           main] o.s.beans.CachedIntrospectionResults     : Found bean property 'objectType' of type [java.lang.Class]
2024-07-20T12:50:57.239+02:00 TRACE 238666 --- [crud-springboot] [           main] o.s.beans.CachedIntrospectionResults     : Found bean property 'persistentEntity' of type [org.springframework.data.mapping.PersistentEntity]
2024-07-20T12:50:57.239+02:00 TRACE 238666 --- [crud-springboot] [           main] o.s.beans.CachedIntrospectionResults     : Found bean property 'queryLookupStrategyKey' of type [org.springframework.data.repository.query.QueryLookupStrategy$Key]
2024-07-20T12:50:57.239+02:00 TRACE 238666 --- [crud-springboot] [           main] o.s.beans.CachedIntrospectionResults     : Found bean property 'queryMethodFactory' of type [org.springframework.data.jpa.repository.query.JpaQueryMethodFactory]
2024-07-20T12:50:57.240+02:00 TRACE 238666 --- [crud-springboot] [           main] o.s.beans.CachedIntrospectionResults     : Found bean property 'queryMethods' of type [java.util.List]
2024-07-20T12:50:57.240+02:00 TRACE 238666 --- [crud-springboot] [           main] o.s.beans.CachedIntrospectionResults     : Found bean property 'repositoryBaseClass' of type [java.lang.Class]
2024-07-20T12:50:57.240+02:00 TRACE 238666 --- [crud-springboot] [           main] o.s.beans.CachedIntrospectionResults     : Found bean property 'repositoryFragments' of type [org.springframework.data.repository.core.support.RepositoryComposition$RepositoryFragments]
2024-07-20T12:50:57.240+02:00 TRACE 238666 --- [crud-springboot] [           main] o.s.beans.CachedIntrospectionResults     : Found bean property 'repositoryInformation' of type [org.springframework.data.repository.core.RepositoryInformation]
2024-07-20T12:50:57.240+02:00 TRACE 238666 --- [crud-springboot] [           main] o.s.beans.CachedIntrospectionResults     : Found bean property 'singleton' of type [boolean]
2024-07-20T12:50:57.240+02:00 TRACE 238666 --- [crud-springboot] [           main] o.s.beans.CachedIntrospectionResults     : Found bean property 'transactionManager' of type [java.lang.String]
2024-07-20T12:50:57.244+02:00 DEBUG 238666 --- [crud-springboot] [           main] o.s.b.f.s.DefaultListableBeanFactory     : Creating shared instance of singleton bean 'jpa.named-queries#1'
2024-07-20T12:50:57.244+02:00 TRACE 238666 --- [crud-springboot] [           main] o.s.b.f.s.DefaultListableBeanFactory     : Creating instance of bean 'jpa.named-queries#1'
2024-07-20T12:50:57.244+02:00 TRACE 238666 --- [crud-springboot] [           main] o.s.b.f.s.DefaultListableBeanFactory     : Returning cached instance of singleton bean 'org.springframework.transaction.config.internalTransactionAdvisor'
2024-07-20T12:50:57.244+02:00 TRACE 238666 --- [crud-springboot] [           main] o.s.beans.CachedIntrospectionResults     : Getting BeanInfo for class [org.springframework.data.repository.config.PropertiesBasedNamedQueriesFactoryBean]
2024-07-20T12:50:57.244+02:00 TRACE 238666 --- [crud-springboot] [           main] o.s.beans.CachedIntrospectionResults     : Caching PropertyDescriptors for class [org.springframework.data.repository.config.PropertiesBasedNamedQueriesFactoryBean]
2024-07-20T12:50:57.244+02:00 TRACE 238666 --- [crud-springboot] [           main] o.s.beans.CachedIntrospectionResults     : Found bean property 'class' of type [java.lang.Class]
2024-07-20T12:50:57.244+02:00 TRACE 238666 --- [crud-springboot] [           main] o.s.beans.CachedIntrospectionResults     : Found bean property 'fileEncoding' of type [java.lang.String]
2024-07-20T12:50:57.245+02:00 TRACE 238666 --- [crud-springboot] [           main] o.s.beans.CachedIntrospectionResults     : Found bean property 'ignoreResourceNotFound' of type [boolean]
2024-07-20T12:50:57.245+02:00 TRACE 238666 --- [crud-springboot] [           main] o.s.beans.CachedIntrospectionResults     : Found bean property 'localOverride' of type [boolean]
2024-07-20T12:50:57.245+02:00 TRACE 238666 --- [crud-springboot] [           main] o.s.beans.CachedIntrospectionResults     : Found bean property 'location' of type [org.springframework.core.io.Resource]
2024-07-20T12:50:57.245+02:00 TRACE 238666 --- [crud-springboot] [           main] o.s.beans.CachedIntrospectionResults     : Found bean property 'locations' of type [[Lorg.springframework.core.io.Resource;]
2024-07-20T12:50:57.245+02:00 TRACE 238666 --- [crud-springboot] [           main] o.s.beans.CachedIntrospectionResults     : Found bean property 'object' of type [java.lang.Object]
2024-07-20T12:50:57.245+02:00 TRACE 238666 --- [crud-springboot] [           main] o.s.beans.CachedIntrospectionResults     : Found bean property 'objectType' of type [java.lang.Class]
2024-07-20T12:50:57.245+02:00 TRACE 238666 --- [crud-springboot] [           main] o.s.beans.CachedIntrospectionResults     : Found bean property 'properties' of type [java.util.Properties]
2024-07-20T12:50:57.245+02:00 TRACE 238666 --- [crud-springboot] [           main] o.s.beans.CachedIntrospectionResults     : Found bean property 'propertiesArray' of type [[Ljava.util.Properties;]
2024-07-20T12:50:57.245+02:00 TRACE 238666 --- [crud-springboot] [           main] o.s.beans.CachedIntrospectionResults     : Found bean property 'propertiesPersister' of type [org.springframework.util.PropertiesPersister]
2024-07-20T12:50:57.245+02:00 TRACE 238666 --- [crud-springboot] [           main] o.s.beans.CachedIntrospectionResults     : Found bean property 'singleton' of type [boolean]
2024-07-20T12:50:57.245+02:00 TRACE 238666 --- [crud-springboot] [           main] o.s.beans.TypeConverterDelegate          : Converting String to [class [Lorg.springframework.core.io.Resource;] using property editor [org.springframework.core.io.support.ResourceArrayPropertyEditor@3fb0d9de]
2024-07-20T12:50:57.246+02:00 TRACE 238666 --- [crud-springboot] [           main] .i.s.PathMatchingResourcePatternResolver : Resolved module-path location pattern [META-INF/jpa-named-queries.properties] to resources []
2024-07-20T12:50:57.246+02:00 TRACE 238666 --- [crud-springboot] [           main] .i.s.PathMatchingResourcePatternResolver : Resolved class path location [META-INF/jpa-named-queries.properties] to resources []
2024-07-20T12:50:57.246+02:00 TRACE 238666 --- [crud-springboot] [           main] o.s.b.f.s.DefaultListableBeanFactory     : Invoking afterPropertiesSet() on bean with name 'jpa.named-queries#1'
2024-07-20T12:50:57.246+02:00 TRACE 238666 --- [crud-springboot] [           main] o.s.b.f.s.DefaultListableBeanFactory     : Returning cached instance of singleton bean 'org.springframework.transaction.config.internalTransactionAdvisor'
2024-07-20T12:50:57.246+02:00 TRACE 238666 --- [crud-springboot] [           main] o.s.b.f.s.DefaultListableBeanFactory     : Returning cached instance of singleton bean 'org.springframework.transaction.config.internalTransactionAdvisor'
2024-07-20T12:50:57.247+02:00 TRACE 238666 --- [crud-springboot] [           main] o.s.b.f.s.DefaultListableBeanFactory     : Finished creating instance of bean 'jpa.named-queries#1'
2024-07-20T12:50:57.247+02:00 TRACE 238666 --- [crud-springboot] [           main] o.s.b.f.s.DefaultListableBeanFactory     : Returning cached instance of singleton bean 'org.springframework.transaction.config.internalTransactionAdvisor'
2024-07-20T12:50:57.247+02:00 TRACE 238666 --- [crud-springboot] [           main] o.s.b.f.s.DefaultListableBeanFactory     : Returning cached instance of singleton bean 'org.springframework.transaction.config.internalTransactionAdvisor'
2024-07-20T12:50:57.247+02:00 DEBUG 238666 --- [crud-springboot] [           main] o.s.b.f.s.DefaultListableBeanFactory     : Creating shared instance of singleton bean 'jpa.UserRepository.fragments#0'
2024-07-20T12:50:57.247+02:00 TRACE 238666 --- [crud-springboot] [           main] o.s.b.f.s.DefaultListableBeanFactory     : Creating instance of bean 'jpa.UserRepository.fragments#0'
2024-07-20T12:50:57.247+02:00 TRACE 238666 --- [crud-springboot] [           main] o.s.b.f.s.DefaultListableBeanFactory     : Returning cached instance of singleton bean 'org.springframework.transaction.config.internalTransactionAdvisor'
2024-07-20T12:50:57.247+02:00 TRACE 238666 --- [crud-springboot] [           main] o.s.b.f.s.DefaultListableBeanFactory     : Invoking afterPropertiesSet() on bean with name 'jpa.UserRepository.fragments#0'
2024-07-20T12:50:57.248+02:00 TRACE 238666 --- [crud-springboot] [           main] o.s.b.f.s.DefaultListableBeanFactory     : Returning cached instance of singleton bean 'org.springframework.transaction.config.internalTransactionAdvisor'
2024-07-20T12:50:57.248+02:00 TRACE 238666 --- [crud-springboot] [           main] o.s.b.f.s.DefaultListableBeanFactory     : Returning cached instance of singleton bean 'org.springframework.transaction.config.internalTransactionAdvisor'
2024-07-20T12:50:57.248+02:00 TRACE 238666 --- [crud-springboot] [           main] o.s.b.f.s.DefaultListableBeanFactory     : Finished creating instance of bean 'jpa.UserRepository.fragments#0'
2024-07-20T12:50:57.248+02:00 TRACE 238666 --- [crud-springboot] [           main] o.s.b.f.s.DefaultListableBeanFactory     : Returning cached instance of singleton bean 'org.springframework.transaction.config.internalTransactionAdvisor'
2024-07-20T12:50:57.248+02:00 TRACE 238666 --- [crud-springboot] [           main] o.s.b.f.s.DefaultListableBeanFactory     : Returning cached instance of singleton bean 'org.springframework.transaction.config.internalTransactionAdvisor'
2024-07-20T12:50:57.252+02:00 DEBUG 238666 --- [crud-springboot] [           main] o.s.b.f.s.DefaultListableBeanFactory     : Creating shared instance of singleton bean 'jpaSharedEM_entityManagerFactory'
2024-07-20T12:50:57.252+02:00 TRACE 238666 --- [crud-springboot] [           main] o.s.b.f.s.DefaultListableBeanFactory     : Creating instance of bean 'jpaSharedEM_entityManagerFactory'
2024-07-20T12:50:57.252+02:00 TRACE 238666 --- [crud-springboot] [           main] o.s.b.f.s.DefaultListableBeanFactory     : Returning cached instance of singleton bean 'org.springframework.transaction.config.internalTransactionAdvisor'
2024-07-20T12:50:57.252+02:00 TRACE 238666 --- [crud-springboot] [           main] o.s.b.f.s.DefaultListableBeanFactory     : Returning cached instance of singleton bean 'entityManagerFactory'
2024-07-20T12:50:57.252+02:00 TRACE 238666 --- [crud-springboot] [           main] o.s.b.f.s.DefaultListableBeanFactory     : Returning cached instance of singleton bean 'org.springframework.transaction.config.internalTransactionAdvisor'
2024-07-20T12:50:57.253+02:00 TRACE 238666 --- [crud-springboot] [           main] o.s.b.f.s.DefaultListableBeanFactory     : Returning cached instance of singleton bean 'org.springframework.transaction.config.internalTransactionAdvisor'
2024-07-20T12:50:57.256+02:00 TRACE 238666 --- [crud-springboot] [           main] o.s.b.f.s.DefaultListableBeanFactory     : Ignoring factory method [public static jakarta.persistence.EntityManager org.springframework.orm.jpa.SharedEntityManagerCreator.createSharedEntityManager(jakarta.persistence.EntityManagerFactory,java.util.Map,boolean,java.lang.Class[])] of bean 'jpaSharedEM_entityManagerFactory': org.springframework.beans.factory.UnsatisfiedDependencyException: Error creating bean with name 'jpaSharedEM_entityManagerFactory': Unsatisfied dependency expressed through method 'createSharedEntityManager' parameter 1: Ambiguous argument values for parameter of type [java.util.Map] - did you specify the correct bean references as arguments?
2024-07-20T12:50:57.256+02:00 TRACE 238666 --- [crud-springboot] [           main] o.s.b.f.s.DefaultListableBeanFactory     : Ignoring factory method [public static jakarta.persistence.EntityManager org.springframework.orm.jpa.SharedEntityManagerCreator.createSharedEntityManager(jakarta.persistence.EntityManagerFactory,java.util.Map,boolean)] of bean 'jpaSharedEM_entityManagerFactory': org.springframework.beans.factory.UnsatisfiedDependencyException: Error creating bean with name 'jpaSharedEM_entityManagerFactory': Unsatisfied dependency expressed through method 'createSharedEntityManager' parameter 1: Ambiguous argument values for parameter of type [java.util.Map] - did you specify the correct bean references as arguments?
2024-07-20T12:50:57.256+02:00 TRACE 238666 --- [crud-springboot] [           main] o.s.b.f.s.DefaultListableBeanFactory     : Ignoring factory method [public static jakarta.persistence.EntityManager org.springframework.orm.jpa.SharedEntityManagerCreator.createSharedEntityManager(jakarta.persistence.EntityManagerFactory,java.util.Map,java.lang.Class[])] of bean 'jpaSharedEM_entityManagerFactory': org.springframework.beans.factory.UnsatisfiedDependencyException: Error creating bean with name 'jpaSharedEM_entityManagerFactory': Unsatisfied dependency expressed through method 'createSharedEntityManager' parameter 1: Ambiguous argument values for parameter of type [java.util.Map] - did you specify the correct bean references as arguments?
2024-07-20T12:50:57.256+02:00 TRACE 238666 --- [crud-springboot] [           main] o.s.b.f.s.DefaultListableBeanFactory     : Ignoring factory method [public static jakarta.persistence.EntityManager org.springframework.orm.jpa.SharedEntityManagerCreator.createSharedEntityManager(jakarta.persistence.EntityManagerFactory,java.util.Map)] of bean 'jpaSharedEM_entityManagerFactory': org.springframework.beans.factory.UnsatisfiedDependencyException: Error creating bean with name 'jpaSharedEM_entityManagerFactory': Unsatisfied dependency expressed through method 'createSharedEntityManager' parameter 1: Ambiguous argument values for parameter of type [java.util.Map] - did you specify the correct bean references as arguments?
2024-07-20T12:50:57.274+02:00 TRACE 238666 --- [crud-springboot] [           main] o.s.b.f.s.DefaultListableBeanFactory     : Returning cached instance of singleton bean 'org.springframework.transaction.config.internalTransactionAdvisor'
2024-07-20T12:50:57.274+02:00 TRACE 238666 --- [crud-springboot] [           main] o.s.b.f.s.DefaultListableBeanFactory     : Returning cached instance of singleton bean 'org.springframework.transaction.config.internalTransactionAdvisor'
2024-07-20T12:50:57.278+02:00 TRACE 238666 --- [crud-springboot] [           main] o.s.b.f.s.DefaultListableBeanFactory     : Finished creating instance of bean 'jpaSharedEM_entityManagerFactory'
2024-07-20T12:50:57.279+02:00 DEBUG 238666 --- [crud-springboot] [           main] o.s.b.f.s.DefaultListableBeanFactory     : Creating shared instance of singleton bean 'jpaMappingContext'
2024-07-20T12:50:57.279+02:00 TRACE 238666 --- [crud-springboot] [           main] o.s.b.f.s.DefaultListableBeanFactory     : Creating instance of bean 'jpaMappingContext'
2024-07-20T12:50:57.279+02:00 TRACE 238666 --- [crud-springboot] [           main] o.s.b.f.s.DefaultListableBeanFactory     : Returning cached instance of singleton bean 'org.springframework.transaction.config.internalTransactionAdvisor'
2024-07-20T12:50:57.279+02:00 TRACE 238666 --- [crud-springboot] [           main] o.s.b.f.s.DefaultListableBeanFactory     : Invoking afterPropertiesSet() on bean with name 'jpaMappingContext'
2024-07-20T12:50:57.279+02:00 DEBUG 238666 --- [crud-springboot] [           main] .c.JpaMetamodelMappingContextFactoryBean : Initializing JpaMetamodelMappingContext…
2024-07-20T12:50:57.283+02:00 TRACE 238666 --- [crud-springboot] [           main] o.s.b.f.s.DefaultListableBeanFactory     : Returning cached instance of singleton bean 'entityManagerFactory'
2024-07-20T12:50:57.291+02:00 DEBUG 238666 --- [crud-springboot] [           main] .c.JpaMetamodelMappingContextFactoryBean : Finished initializing JpaMetamodelMappingContext
2024-07-20T12:50:57.291+02:00 TRACE 238666 --- [crud-springboot] [           main] o.s.b.f.s.DefaultListableBeanFactory     : Returning cached instance of singleton bean 'org.springframework.transaction.config.internalTransactionAdvisor'
2024-07-20T12:50:57.292+02:00 TRACE 238666 --- [crud-springboot] [           main] o.s.b.f.s.DefaultListableBeanFactory     : Returning cached instance of singleton bean 'org.springframework.transaction.config.internalTransactionAdvisor'
2024-07-20T12:50:57.292+02:00 TRACE 238666 --- [crud-springboot] [           main] o.s.b.f.s.DefaultListableBeanFactory     : Finished creating instance of bean 'jpaMappingContext'
2024-07-20T12:50:57.292+02:00 TRACE 238666 --- [crud-springboot] [           main] o.s.b.f.s.DefaultListableBeanFactory     : Returning cached instance of singleton bean 'org.springframework.transaction.config.internalTransactionAdvisor'
2024-07-20T12:50:57.292+02:00 TRACE 238666 --- [crud-springboot] [           main] o.s.b.f.s.DefaultListableBeanFactory     : Returning cached instance of singleton bean 'org.springframework.transaction.config.internalTransactionAdvisor'
2024-07-20T12:50:57.300+02:00 TRACE 238666 --- [crud-springboot] [           main] o.s.b.f.s.DefaultListableBeanFactory     : Invoking afterPropertiesSet() on bean with name 'userRepository'
2024-07-20T12:50:57.304+02:00 TRACE 238666 --- [crud-springboot] [           main] o.s.c.io.support.SpringFactoriesLoader   : Loaded [org.springframework.data.util.CustomCollectionRegistrar] names: [org.springframework.data.util.CustomCollections.VavrCollections, org.springframework.data.util.CustomCollections.EclipseCollections]
2024-07-20T12:50:57.312+02:00 DEBUG 238666 --- [crud-springboot] [           main] tor$SharedEntityManagerInvocationHandler : Creating new EntityManager for shared EntityManager invocation
2024-07-20T12:50:57.377+02:00 DEBUG 238666 --- [crud-springboot] [           main] tor$SharedEntityManagerInvocationHandler : Creating new EntityManager for shared EntityManager invocation
2024-07-20T12:50:57.384+02:00 TRACE 238666 --- [crud-springboot] [           main] o.s.c.io.support.SpringFactoriesLoader   : Loaded [org.springframework.data.util.ProxyUtils$ProxyDetector] names: [org.springframework.data.jpa.util.HibernateProxyDetector]
2024-07-20T12:50:57.401+02:00 TRACE 238666 --- [crud-springboot] [           main] o.s.beans.CachedIntrospectionResults     : Getting BeanInfo for class [com.cwa.crudspringboot.entity.User]
2024-07-20T12:50:57.401+02:00 TRACE 238666 --- [crud-springboot] [           main] o.s.beans.CachedIntrospectionResults     : Caching PropertyDescriptors for class [com.cwa.crudspringboot.entity.User]
2024-07-20T12:50:57.401+02:00 TRACE 238666 --- [crud-springboot] [           main] o.s.beans.CachedIntrospectionResults     : Found bean property 'card' of type [com.cwa.crudspringboot.entity.Card]
2024-07-20T12:50:57.402+02:00 TRACE 238666 --- [crud-springboot] [           main] o.s.beans.CachedIntrospectionResults     : Found bean property 'class' of type [java.lang.Class]
2024-07-20T12:50:57.402+02:00 TRACE 238666 --- [crud-springboot] [           main] o.s.beans.CachedIntrospectionResults     : Found bean property 'color' of type [java.lang.String]
2024-07-20T12:50:57.402+02:00 TRACE 238666 --- [crud-springboot] [           main] o.s.beans.CachedIntrospectionResults     : Found bean property 'contact' of type [java.lang.String]
2024-07-20T12:50:57.402+02:00 TRACE 238666 --- [crud-springboot] [           main] o.s.beans.CachedIntrospectionResults     : Found bean property 'displayName' of type [java.lang.String]
2024-07-20T12:50:57.402+02:00 TRACE 238666 --- [crud-springboot] [           main] o.s.beans.CachedIntrospectionResults     : Found bean property 'id' of type [java.lang.Long]
2024-07-20T12:50:57.402+02:00 TRACE 238666 --- [crud-springboot] [           main] o.s.beans.CachedIntrospectionResults     : Found bean property 'isConfigured' of type [java.lang.Boolean]
2024-07-20T12:50:57.402+02:00 TRACE 238666 --- [crud-springboot] [           main] o.s.beans.CachedIntrospectionResults     : Found bean property 'location' of type [java.lang.String]
2024-07-20T12:50:57.402+02:00 TRACE 238666 --- [crud-springboot] [           main] o.s.beans.CachedIntrospectionResults     : Found bean property 'password' of type [java.lang.String]
2024-07-20T12:50:57.402+02:00 TRACE 238666 --- [crud-springboot] [           main] o.s.beans.CachedIntrospectionResults     : Found bean property 'role' of type [java.lang.String]
2024-07-20T12:50:57.402+02:00 TRACE 238666 --- [crud-springboot] [           main] o.s.beans.CachedIntrospectionResults     : Found bean property 'url' of type [java.lang.String]
2024-07-20T12:50:57.402+02:00 TRACE 238666 --- [crud-springboot] [           main] o.s.beans.CachedIntrospectionResults     : Found bean property 'username' of type [java.lang.String]
2024-07-20T12:50:57.462+02:00 TRACE 238666 --- [crud-springboot] [           main] o.s.beans.CachedIntrospectionResults     : Getting BeanInfo for class [com.cwa.crudspringboot.entity.Card]
2024-07-20T12:50:57.462+02:00 TRACE 238666 --- [crud-springboot] [           main] o.s.beans.CachedIntrospectionResults     : Caching PropertyDescriptors for class [com.cwa.crudspringboot.entity.Card]
2024-07-20T12:50:57.462+02:00 TRACE 238666 --- [crud-springboot] [           main] o.s.beans.CachedIntrospectionResults     : Found bean property 'class' of type [java.lang.Class]
2024-07-20T12:50:57.463+02:00 TRACE 238666 --- [crud-springboot] [           main] o.s.beans.CachedIntrospectionResults     : Found bean property 'id' of type [java.lang.Long]
2024-07-20T12:50:57.463+02:00 TRACE 238666 --- [crud-springboot] [           main] o.s.beans.CachedIntrospectionResults     : Found bean property 'menus' of type [java.util.Set]
2024-07-20T12:50:57.463+02:00 TRACE 238666 --- [crud-springboot] [           main] o.s.beans.CachedIntrospectionResults     : Found bean property 'name' of type [java.lang.String]
2024-07-20T12:50:57.471+02:00 TRACE 238666 --- [crud-springboot] [           main] o.s.beans.CachedIntrospectionResults     : Getting BeanInfo for class [com.cwa.crudspringboot.entity.Menu]
2024-07-20T12:50:57.472+02:00 TRACE 238666 --- [crud-springboot] [           main] o.s.beans.CachedIntrospectionResults     : Caching PropertyDescriptors for class [com.cwa.crudspringboot.entity.Menu]
2024-07-20T12:50:57.472+02:00 TRACE 238666 --- [crud-springboot] [           main] o.s.beans.CachedIntrospectionResults     : Found bean property 'card' of type [com.cwa.crudspringboot.entity.Card]
2024-07-20T12:50:57.472+02:00 TRACE 238666 --- [crud-springboot] [           main] o.s.beans.CachedIntrospectionResults     : Found bean property 'class' of type [java.lang.Class]
2024-07-20T12:50:57.472+02:00 TRACE 238666 --- [crud-springboot] [           main] o.s.beans.CachedIntrospectionResults     : Found bean property 'dishes' of type [java.util.Set]
2024-07-20T12:50:57.473+02:00 TRACE 238666 --- [crud-springboot] [           main] o.s.beans.CachedIntrospectionResults     : Found bean property 'id' of type [java.lang.Long]
2024-07-20T12:50:57.473+02:00 TRACE 238666 --- [crud-springboot] [           main] o.s.beans.CachedIntrospectionResults     : Found bean property 'name' of type [java.lang.String]
2024-07-20T12:50:57.486+02:00 TRACE 238666 --- [crud-springboot] [           main] o.s.beans.CachedIntrospectionResults     : Getting BeanInfo for class [com.cwa.crudspringboot.entity.Dish]
2024-07-20T12:50:57.486+02:00 TRACE 238666 --- [crud-springboot] [           main] o.s.beans.CachedIntrospectionResults     : Caching PropertyDescriptors for class [com.cwa.crudspringboot.entity.Dish]
2024-07-20T12:50:57.487+02:00 TRACE 238666 --- [crud-springboot] [           main] o.s.beans.CachedIntrospectionResults     : Found bean property 'allergens' of type [java.util.Set]
2024-07-20T12:50:57.487+02:00 TRACE 238666 --- [crud-springboot] [           main] o.s.beans.CachedIntrospectionResults     : Found bean property 'class' of type [java.lang.Class]
2024-07-20T12:50:57.487+02:00 TRACE 238666 --- [crud-springboot] [           main] o.s.beans.CachedIntrospectionResults     : Found bean property 'id' of type [java.lang.Long]
2024-07-20T12:50:57.487+02:00 TRACE 238666 --- [crud-springboot] [           main] o.s.beans.CachedIntrospectionResults     : Found bean property 'ingredients' of type [java.util.Set]
2024-07-20T12:50:57.487+02:00 TRACE 238666 --- [crud-springboot] [           main] o.s.beans.CachedIntrospectionResults     : Found bean property 'menu' of type [com.cwa.crudspringboot.entity.Menu]
2024-07-20T12:50:57.487+02:00 TRACE 238666 --- [crud-springboot] [           main] o.s.beans.CachedIntrospectionResults     : Found bean property 'name' of type [java.lang.String]
2024-07-20T12:50:57.488+02:00 TRACE 238666 --- [crud-springboot] [           main] o.s.beans.CachedIntrospectionResults     : Found bean property 'type' of type [java.lang.String]
2024-07-20T12:50:57.501+02:00 TRACE 238666 --- [crud-springboot] [           main] o.s.beans.CachedIntrospectionResults     : Getting BeanInfo for class [com.cwa.crudspringboot.entity.Ingredient]
2024-07-20T12:50:57.502+02:00 TRACE 238666 --- [crud-springboot] [           main] o.s.beans.CachedIntrospectionResults     : Caching PropertyDescriptors for class [com.cwa.crudspringboot.entity.Ingredient]
2024-07-20T12:50:57.502+02:00 TRACE 238666 --- [crud-springboot] [           main] o.s.beans.CachedIntrospectionResults     : Found bean property 'class' of type [java.lang.Class]
2024-07-20T12:50:57.502+02:00 TRACE 238666 --- [crud-springboot] [           main] o.s.beans.CachedIntrospectionResults     : Found bean property 'dish' of type [com.cwa.crudspringboot.entity.Dish]
2024-07-20T12:50:57.502+02:00 TRACE 238666 --- [crud-springboot] [           main] o.s.beans.CachedIntrospectionResults     : Found bean property 'id' of type [java.lang.Long]
2024-07-20T12:50:57.503+02:00 TRACE 238666 --- [crud-springboot] [           main] o.s.beans.CachedIntrospectionResults     : Found bean property 'name' of type [java.lang.String]
2024-07-20T12:50:57.519+02:00 TRACE 238666 --- [crud-springboot] [           main] o.s.beans.CachedIntrospectionResults     : Getting BeanInfo for class [com.cwa.crudspringboot.entity.Allergen]
2024-07-20T12:50:57.519+02:00 TRACE 238666 --- [crud-springboot] [           main] o.s.beans.CachedIntrospectionResults     : Caching PropertyDescriptors for class [com.cwa.crudspringboot.entity.Allergen]
2024-07-20T12:50:57.520+02:00 TRACE 238666 --- [crud-springboot] [           main] o.s.beans.CachedIntrospectionResults     : Found bean property 'class' of type [java.lang.Class]
2024-07-20T12:50:57.520+02:00 TRACE 238666 --- [crud-springboot] [           main] o.s.beans.CachedIntrospectionResults     : Found bean property 'dish' of type [com.cwa.crudspringboot.entity.Dish]
2024-07-20T12:50:57.520+02:00 TRACE 238666 --- [crud-springboot] [           main] o.s.beans.CachedIntrospectionResults     : Found bean property 'id' of type [java.lang.Long]
2024-07-20T12:50:57.520+02:00 TRACE 238666 --- [crud-springboot] [           main] o.s.beans.CachedIntrospectionResults     : Found bean property 'name' of type [java.lang.String]
2024-07-20T12:50:57.529+02:00 DEBUG 238666 --- [crud-springboot] [           main] o.s.d.r.c.s.RepositoryFactorySupport     : Initializing repository instance for com.cwa.crudspringboot.repository.UserRepository…
2024-07-20T12:50:57.530+02:00 TRACE 238666 --- [crud-springboot] [           main] o.s.b.f.s.DefaultListableBeanFactory     : Returning cached instance of singleton bean 'applicationStartup'
2024-07-20T12:50:57.541+02:00 TRACE 238666 --- [crud-springboot] [           main] o.s.aop.framework.JdkDynamicAopProxy     : Creating JDK dynamic proxy: org.springframework.data.jpa.repository.support.CrudMethodMetadataPostProcessor$ThreadBoundTargetSource@5fd5d6d1
2024-07-20T12:50:57.560+02:00 DEBUG 238666 --- [crud-springboot] [           main] tor$SharedEntityManagerInvocationHandler : Creating new EntityManager for shared EntityManager invocation
2024-07-20T12:50:57.561+02:00 TRACE 238666 --- [crud-springboot] [           main] o.s.aop.framework.JdkDynamicAopProxy     : Creating JDK dynamic proxy: org.springframework.data.jpa.repository.support.CrudMethodMetadataPostProcessor$ThreadBoundTargetSource@54fd5759
2024-07-20T12:50:57.632+02:00 DEBUG 238666 --- [crud-springboot] [           main] o.s.d.jpa.repository.query.NamedQuery    : Looking up named query User.findByUsername
2024-07-20T12:50:57.636+02:00 DEBUG 238666 --- [crud-springboot] [           main] o.s.d.jpa.repository.query.NamedQuery    : Did not find named query User.findByUsername
2024-07-20T12:50:57.639+02:00 DEBUG 238666 --- [crud-springboot] [           main] tor$SharedEntityManagerInvocationHandler : Creating new EntityManager for shared EntityManager invocation
2024-07-20T12:50:57.728+02:00 TRACE 238666 --- [crud-springboot] [           main] o.s.aop.framework.JdkDynamicAopProxy     : Creating JDK dynamic proxy: SingletonTargetSource for target object [org.springframework.data.jpa.repository.support.SimpleJpaRepository@5003c114]
2024-07-20T12:50:57.731+02:00 DEBUG 238666 --- [crud-springboot] [           main] o.s.d.r.c.s.RepositoryFactorySupport     : Finished creation of repository instance for com.cwa.crudspringboot.repository.UserRepository.
2024-07-20T12:50:57.731+02:00 TRACE 238666 --- [crud-springboot] [           main] o.s.b.f.s.DefaultListableBeanFactory     : Returning cached instance of singleton bean 'org.springframework.transaction.config.internalTransactionAdvisor'
2024-07-20T12:50:57.731+02:00 TRACE 238666 --- [crud-springboot] [           main] o.s.b.f.s.DefaultListableBeanFactory     : Returning cached instance of singleton bean 'org.springframework.transaction.config.internalTransactionAdvisor'
2024-07-20T12:50:57.732+02:00 TRACE 238666 --- [crud-springboot] [           main] o.s.b.f.s.DefaultListableBeanFactory     : Finished creating instance of bean 'userRepository'
2024-07-20T12:50:57.732+02:00 TRACE 238666 --- [crud-springboot] [           main] o.s.b.f.s.DefaultListableBeanFactory     : Returning cached instance of singleton bean 'org.springframework.transaction.config.internalTransactionAdvisor'
2024-07-20T12:50:57.732+02:00 TRACE 238666 --- [crud-springboot] [           main] o.s.b.f.s.DefaultListableBeanFactory     : Returning cached instance of singleton bean 'org.springframework.transaction.config.internalTransactionAdvisor'
2024-07-20T12:50:57.735+02:00 DEBUG 238666 --- [crud-springboot] [           main] o.s.b.f.s.DefaultListableBeanFactory     : Autowiring by type from bean name 'customUserDetailsService' via constructor to bean named 'userRepository'
2024-07-20T12:50:57.735+02:00 TRACE 238666 --- [crud-springboot] [           main] o.s.b.f.s.DefaultListableBeanFactory     : Returning cached instance of singleton bean 'org.springframework.transaction.config.internalTransactionAdvisor'
2024-07-20T12:50:57.735+02:00 TRACE 238666 --- [crud-springboot] [           main] o.s.b.f.s.DefaultListableBeanFactory     : Returning cached instance of singleton bean 'org.springframework.transaction.config.internalTransactionAdvisor'
2024-07-20T12:50:57.736+02:00 TRACE 238666 --- [crud-springboot] [           main] o.s.b.f.s.DefaultListableBeanFactory     : Finished creating instance of bean 'customUserDetailsService'
2024-07-20T12:50:57.736+02:00 TRACE 238666 --- [crud-springboot] [           main] o.s.b.f.s.DefaultListableBeanFactory     : Returning cached instance of singleton bean 'jwtUtils'
2024-07-20T12:50:57.737+02:00 DEBUG 238666 --- [crud-springboot] [           main] o.s.b.f.s.DefaultListableBeanFactory     : Autowiring by type from bean name 'securityConfig' via constructor to bean named 'customUserDetailsService'
2024-07-20T12:50:57.737+02:00 DEBUG 238666 --- [crud-springboot] [           main] o.s.b.f.s.DefaultListableBeanFactory     : Autowiring by type from bean name 'securityConfig' via constructor to bean named 'jwtUtils'
2024-07-20T12:50:57.738+02:00 TRACE 238666 --- [crud-springboot] [           main] o.s.b.f.s.DefaultListableBeanFactory     : Returning cached instance of singleton bean 'org.springframework.transaction.config.internalTransactionAdvisor'
2024-07-20T12:50:57.738+02:00 TRACE 238666 --- [crud-springboot] [           main] o.s.b.f.s.DefaultListableBeanFactory     : Returning cached instance of singleton bean 'org.springframework.transaction.config.internalTransactionAdvisor'
2024-07-20T12:50:57.739+02:00 TRACE 238666 --- [crud-springboot] [           main] o.s.b.f.s.DefaultListableBeanFactory     : Finished creating instance of bean 'securityConfig'
2024-07-20T12:50:57.739+02:00 DEBUG 238666 --- [crud-springboot] [           main] o.s.b.f.s.DefaultListableBeanFactory     : Creating shared instance of singleton bean 'apiResponse'
2024-07-20T12:50:57.739+02:00 TRACE 238666 --- [crud-springboot] [           main] o.s.b.f.s.DefaultListableBeanFactory     : Creating instance of bean 'apiResponse'
2024-07-20T12:50:57.739+02:00 TRACE 238666 --- [crud-springboot] [           main] o.s.b.f.s.DefaultListableBeanFactory     : Returning cached instance of singleton bean 'org.springframework.transaction.config.internalTransactionAdvisor'
2024-07-20T12:50:57.740+02:00 TRACE 238666 --- [crud-springboot] [           main] o.s.b.f.s.DefaultListableBeanFactory     : Returning cached instance of singleton bean 'org.springframework.transaction.config.internalTransactionAdvisor'
2024-07-20T12:50:57.740+02:00 TRACE 238666 --- [crud-springboot] [           main] o.s.b.f.s.DefaultListableBeanFactory     : Returning cached instance of singleton bean 'org.springframework.transaction.config.internalTransactionAdvisor'
2024-07-20T12:50:57.740+02:00 TRACE 238666 --- [crud-springboot] [           main] o.s.b.f.s.DefaultListableBeanFactory     : Finished creating instance of bean 'apiResponse'
2024-07-20T12:50:57.740+02:00 DEBUG 238666 --- [crud-springboot] [           main] o.s.b.f.s.DefaultListableBeanFactory     : Creating shared instance of singleton bean 'authController'
2024-07-20T12:50:57.740+02:00 TRACE 238666 --- [crud-springboot] [           main] o.s.b.f.s.DefaultListableBeanFactory     : Creating instance of bean 'authController'
2024-07-20T12:50:57.740+02:00 TRACE 238666 --- [crud-springboot] [           main] o.s.b.f.s.DefaultListableBeanFactory     : Returning cached instance of singleton bean 'org.springframework.transaction.config.internalTransactionAdvisor'
2024-07-20T12:50:57.745+02:00 TRACE 238666 --- [crud-springboot] [           main] o.s.b.f.s.DefaultListableBeanFactory     : Returning cached instance of singleton bean 'userRepository'
2024-07-20T12:50:57.746+02:00 DEBUG 238666 --- [crud-springboot] [           main] o.s.b.f.s.DefaultListableBeanFactory     : Creating shared instance of singleton bean 'passwordEncoder'
2024-07-20T12:50:57.746+02:00 TRACE 238666 --- [crud-springboot] [           main] o.s.b.f.s.DefaultListableBeanFactory     : Creating instance of bean 'passwordEncoder'
2024-07-20T12:50:57.746+02:00 TRACE 238666 --- [crud-springboot] [           main] o.s.b.f.s.DefaultListableBeanFactory     : Returning cached instance of singleton bean 'org.springframework.transaction.config.internalTransactionAdvisor'
2024-07-20T12:50:57.746+02:00 TRACE 238666 --- [crud-springboot] [           main] o.s.b.f.s.DefaultListableBeanFactory     : Returning cached instance of singleton bean 'securityConfig'
2024-07-20T12:50:57.749+02:00 TRACE 238666 --- [crud-springboot] [           main] o.s.b.f.s.DefaultListableBeanFactory     : Returning cached instance of singleton bean 'org.springframework.transaction.config.internalTransactionAdvisor'
2024-07-20T12:50:57.749+02:00 TRACE 238666 --- [crud-springboot] [           main] o.s.b.f.s.DefaultListableBeanFactory     : Returning cached instance of singleton bean 'org.springframework.transaction.config.internalTransactionAdvisor'
2024-07-20T12:50:57.749+02:00 TRACE 238666 --- [crud-springboot] [           main] o.s.b.f.s.DefaultListableBeanFactory     : Finished creating instance of bean 'passwordEncoder'
2024-07-20T12:50:57.749+02:00 TRACE 238666 --- [crud-springboot] [           main] o.s.b.f.s.DefaultListableBeanFactory     : Returning cached instance of singleton bean 'jwtUtils'
2024-07-20T12:50:57.750+02:00 DEBUG 238666 --- [crud-springboot] [           main] o.s.b.f.s.DefaultListableBeanFactory     : Creating shared instance of singleton bean 'authenticationManager'
2024-07-20T12:50:57.750+02:00 TRACE 238666 --- [crud-springboot] [           main] o.s.b.f.s.DefaultListableBeanFactory     : Creating instance of bean 'authenticationManager'
2024-07-20T12:50:57.750+02:00 TRACE 238666 --- [crud-springboot] [           main] o.s.b.f.s.DefaultListableBeanFactory     : Returning cached instance of singleton bean 'org.springframework.transaction.config.internalTransactionAdvisor'
2024-07-20T12:50:57.750+02:00 TRACE 238666 --- [crud-springboot] [           main] o.s.b.f.s.DefaultListableBeanFactory     : Returning cached instance of singleton bean 'securityConfig'
2024-07-20T12:50:57.751+02:00 TRACE 238666 --- [crud-springboot] [           main] o.s.b.f.s.DefaultListableBeanFactory     : Creating instance of bean 'org.springframework.security.config.annotation.web.configuration.HttpSecurityConfiguration.httpSecurity'
2024-07-20T12:50:57.751+02:00 TRACE 238666 --- [crud-springboot] [           main] o.s.b.f.s.DefaultListableBeanFactory     : Returning cached instance of singleton bean 'org.springframework.transaction.config.internalTransactionAdvisor'
2024-07-20T12:50:57.751+02:00 DEBUG 238666 --- [crud-springboot] [           main] o.s.b.f.s.DefaultListableBeanFactory     : Creating shared instance of singleton bean 'org.springframework.security.config.annotation.web.configuration.HttpSecurityConfiguration'
2024-07-20T12:50:57.751+02:00 TRACE 238666 --- [crud-springboot] [           main] o.s.b.f.s.DefaultListableBeanFactory     : Creating instance of bean 'org.springframework.security.config.annotation.web.configuration.HttpSecurityConfiguration'
2024-07-20T12:50:57.751+02:00 TRACE 238666 --- [crud-springboot] [           main] o.s.b.f.s.DefaultListableBeanFactory     : Returning cached instance of singleton bean 'org.springframework.transaction.config.internalTransactionAdvisor'
2024-07-20T12:50:57.755+02:00 TRACE 238666 --- [crud-springboot] [           main] o.s.beans.CachedIntrospectionResults     : Getting BeanInfo for class [org.springframework.security.config.annotation.web.configuration.HttpSecurityConfiguration]
2024-07-20T12:50:57.755+02:00 TRACE 238666 --- [crud-springboot] [           main] o.s.beans.CachedIntrospectionResults     : Caching PropertyDescriptors for class [org.springframework.security.config.annotation.web.configuration.HttpSecurityConfiguration]
2024-07-20T12:50:57.756+02:00 TRACE 238666 --- [crud-springboot] [           main] o.s.beans.CachedIntrospectionResults     : Found bean property 'class' of type [java.lang.Class]
2024-07-20T12:50:57.758+02:00 DEBUG 238666 --- [crud-springboot] [           main] o.s.b.f.s.DefaultListableBeanFactory     : Creating shared instance of singleton bean 'objectPostProcessor'
2024-07-20T12:50:57.758+02:00 TRACE 238666 --- [crud-springboot] [           main] o.s.b.f.s.DefaultListableBeanFactory     : Creating instance of bean 'objectPostProcessor'
2024-07-20T12:50:57.758+02:00 TRACE 238666 --- [crud-springboot] [           main] o.s.b.f.s.DefaultListableBeanFactory     : Returning cached instance of singleton bean 'org.springframework.transaction.config.internalTransactionAdvisor'
2024-07-20T12:50:57.759+02:00 DEBUG 238666 --- [crud-springboot] [           main] o.s.b.f.s.DefaultListableBeanFactory     : Creating shared instance of singleton bean 'org.springframework.security.config.annotation.configuration.ObjectPostProcessorConfiguration'
2024-07-20T12:50:57.759+02:00 TRACE 238666 --- [crud-springboot] [           main] o.s.b.f.s.DefaultListableBeanFactory     : Creating instance of bean 'org.springframework.security.config.annotation.configuration.ObjectPostProcessorConfiguration'
2024-07-20T12:50:57.759+02:00 TRACE 238666 --- [crud-springboot] [           main] o.s.b.f.s.DefaultListableBeanFactory     : Returning cached instance of singleton bean 'org.springframework.transaction.config.internalTransactionAdvisor'
2024-07-20T12:50:57.759+02:00 TRACE 238666 --- [crud-springboot] [           main] o.s.b.f.s.DefaultListableBeanFactory     : Returning cached instance of singleton bean 'org.springframework.transaction.config.internalTransactionAdvisor'
2024-07-20T12:50:57.759+02:00 TRACE 238666 --- [crud-springboot] [           main] o.s.b.f.s.DefaultListableBeanFactory     : Returning cached instance of singleton bean 'org.springframework.transaction.config.internalTransactionAdvisor'
2024-07-20T12:50:57.759+02:00 TRACE 238666 --- [crud-springboot] [           main] o.s.b.f.s.DefaultListableBeanFactory     : Finished creating instance of bean 'org.springframework.security.config.annotation.configuration.ObjectPostProcessorConfiguration'
2024-07-20T12:50:57.760+02:00 DEBUG 238666 --- [crud-springboot] [           main] o.s.b.f.s.DefaultListableBeanFactory     : Autowiring by type from bean name 'objectPostProcessor' via factory method to bean named 'org.springframework.beans.factory.support.DefaultListableBeanFactory@6f330eb9'
2024-07-20T12:50:57.761+02:00 TRACE 238666 --- [crud-springboot] [           main] o.s.b.f.s.DefaultListableBeanFactory     : Returning cached instance of singleton bean 'org.springframework.transaction.config.internalTransactionAdvisor'
2024-07-20T12:50:57.761+02:00 TRACE 238666 --- [crud-springboot] [           main] o.s.b.f.s.DefaultListableBeanFactory     : Returning cached instance of singleton bean 'org.springframework.transaction.config.internalTransactionAdvisor'
2024-07-20T12:50:57.761+02:00 TRACE 238666 --- [crud-springboot] [           main] o.s.b.f.s.DefaultListableBeanFactory     : Finished creating instance of bean 'objectPostProcessor'
2024-07-20T12:50:57.762+02:00 TRACE 238666 --- [crud-springboot] [           main] f.a.AutowiredAnnotationBeanPostProcessor : Autowiring by type from bean name 'org.springframework.security.config.annotation.web.configuration.HttpSecurityConfiguration' to bean named 'objectPostProcessor'
2024-07-20T12:50:57.763+02:00 DEBUG 238666 --- [crud-springboot] [           main] o.s.b.f.s.DefaultListableBeanFactory     : Creating shared instance of singleton bean 'org.springframework.security.config.annotation.authentication.configuration.AuthenticationConfiguration'
2024-07-20T12:50:57.763+02:00 TRACE 238666 --- [crud-springboot] [           main] o.s.b.f.s.DefaultListableBeanFactory     : Creating instance of bean 'org.springframework.security.config.annotation.authentication.configuration.AuthenticationConfiguration'
2024-07-20T12:50:57.763+02:00 TRACE 238666 --- [crud-springboot] [           main] o.s.b.f.s.DefaultListableBeanFactory     : Returning cached instance of singleton bean 'org.springframework.transaction.config.internalTransactionAdvisor'
2024-07-20T12:50:57.763+02:00 TRACE 238666 --- [crud-springboot] [           main] o.s.beans.CachedIntrospectionResults     : Getting BeanInfo for class [org.springframework.security.config.annotation.authentication.configuration.AuthenticationConfiguration]
2024-07-20T12:50:57.764+02:00 TRACE 238666 --- [crud-springboot] [           main] o.s.beans.CachedIntrospectionResults     : Caching PropertyDescriptors for class [org.springframework.security.config.annotation.authentication.configuration.AuthenticationConfiguration]
2024-07-20T12:50:57.764+02:00 TRACE 238666 --- [crud-springboot] [           main] o.s.beans.CachedIntrospectionResults     : Found bean property 'applicationContext' of type [org.springframework.context.ApplicationContext]
2024-07-20T12:50:57.764+02:00 TRACE 238666 --- [crud-springboot] [           main] o.s.beans.CachedIntrospectionResults     : Found bean property 'authenticationManager' of type [org.springframework.security.authentication.AuthenticationManager]
2024-07-20T12:50:57.764+02:00 TRACE 238666 --- [crud-springboot] [           main] o.s.beans.CachedIntrospectionResults     : Found bean property 'class' of type [java.lang.Class]
2024-07-20T12:50:57.764+02:00 TRACE 238666 --- [crud-springboot] [           main] o.s.beans.CachedIntrospectionResults     : Found bean property 'globalAuthenticationConfigurers' of type [java.util.List]
2024-07-20T12:50:57.764+02:00 TRACE 238666 --- [crud-springboot] [           main] o.s.beans.CachedIntrospectionResults     : Found bean property 'objectPostProcessor' of type [org.springframework.security.config.annotation.ObjectPostProcessor]
2024-07-20T12:50:57.766+02:00 DEBUG 238666 --- [crud-springboot] [           main] o.s.b.f.s.DefaultListableBeanFactory     : Creating shared instance of singleton bean 'enableGlobalAuthenticationAutowiredConfigurer'
2024-07-20T12:50:57.766+02:00 TRACE 238666 --- [crud-springboot] [           main] o.s.b.f.s.DefaultListableBeanFactory     : Creating instance of bean 'enableGlobalAuthenticationAutowiredConfigurer'
2024-07-20T12:50:57.766+02:00 TRACE 238666 --- [crud-springboot] [           main] o.s.b.f.s.DefaultListableBeanFactory     : Returning cached instance of singleton bean 'org.springframework.transaction.config.internalTransactionAdvisor'
2024-07-20T12:50:57.766+02:00 DEBUG 238666 --- [crud-springboot] [           main] o.s.b.f.s.DefaultListableBeanFactory     : Autowiring by type from bean name 'enableGlobalAuthenticationAutowiredConfigurer' via factory method to bean named 'org.springframework.web.context.support.GenericWebApplicationContext@5ef8df1e'
2024-07-20T12:50:57.767+02:00 TRACE 238666 --- [crud-springboot] [           main] o.s.b.f.s.DefaultListableBeanFactory     : Returning cached instance of singleton bean 'org.springframework.transaction.config.internalTransactionAdvisor'
2024-07-20T12:50:57.768+02:00 TRACE 238666 --- [crud-springboot] [           main] o.s.b.f.s.DefaultListableBeanFactory     : Returning cached instance of singleton bean 'org.springframework.transaction.config.internalTransactionAdvisor'
2024-07-20T12:50:57.768+02:00 TRACE 238666 --- [crud-springboot] [           main] o.s.b.f.s.DefaultListableBeanFactory     : Finished creating instance of bean 'enableGlobalAuthenticationAutowiredConfigurer'
2024-07-20T12:50:57.768+02:00 DEBUG 238666 --- [crud-springboot] [           main] o.s.b.f.s.DefaultListableBeanFactory     : Creating shared instance of singleton bean 'initializeUserDetailsBeanManagerConfigurer'
2024-07-20T12:50:57.768+02:00 TRACE 238666 --- [crud-springboot] [           main] o.s.b.f.s.DefaultListableBeanFactory     : Creating instance of bean 'initializeUserDetailsBeanManagerConfigurer'
2024-07-20T12:50:57.768+02:00 TRACE 238666 --- [crud-springboot] [           main] o.s.b.f.s.DefaultListableBeanFactory     : Returning cached instance of singleton bean 'org.springframework.transaction.config.internalTransactionAdvisor'
2024-07-20T12:50:57.768+02:00 DEBUG 238666 --- [crud-springboot] [           main] o.s.b.f.s.DefaultListableBeanFactory     : Autowiring by type from bean name 'initializeUserDetailsBeanManagerConfigurer' via factory method to bean named 'org.springframework.web.context.support.GenericWebApplicationContext@5ef8df1e'
2024-07-20T12:50:57.769+02:00 TRACE 238666 --- [crud-springboot] [           main] o.s.b.f.s.DefaultListableBeanFactory     : Returning cached instance of singleton bean 'org.springframework.transaction.config.internalTransactionAdvisor'
2024-07-20T12:50:57.769+02:00 TRACE 238666 --- [crud-springboot] [           main] o.s.b.f.s.DefaultListableBeanFactory     : Returning cached instance of singleton bean 'org.springframework.transaction.config.internalTransactionAdvisor'
2024-07-20T12:50:57.769+02:00 TRACE 238666 --- [crud-springboot] [           main] o.s.b.f.s.DefaultListableBeanFactory     : Finished creating instance of bean 'initializeUserDetailsBeanManagerConfigurer'
2024-07-20T12:50:57.769+02:00 DEBUG 238666 --- [crud-springboot] [           main] o.s.b.f.s.DefaultListableBeanFactory     : Creating shared instance of singleton bean 'initializeAuthenticationProviderBeanManagerConfigurer'
2024-07-20T12:50:57.769+02:00 TRACE 238666 --- [crud-springboot] [           main] o.s.b.f.s.DefaultListableBeanFactory     : Creating instance of bean 'initializeAuthenticationProviderBeanManagerConfigurer'
2024-07-20T12:50:57.769+02:00 TRACE 238666 --- [crud-springboot] [           main] o.s.b.f.s.DefaultListableBeanFactory     : Returning cached instance of singleton bean 'org.springframework.transaction.config.internalTransactionAdvisor'
2024-07-20T12:50:57.769+02:00 DEBUG 238666 --- [crud-springboot] [           main] o.s.b.f.s.DefaultListableBeanFactory     : Autowiring by type from bean name 'initializeAuthenticationProviderBeanManagerConfigurer' via factory method to bean named 'org.springframework.web.context.support.GenericWebApplicationContext@5ef8df1e'
2024-07-20T12:50:57.770+02:00 TRACE 238666 --- [crud-springboot] [           main] o.s.b.f.s.DefaultListableBeanFactory     : Returning cached instance of singleton bean 'org.springframework.transaction.config.internalTransactionAdvisor'
2024-07-20T12:50:57.770+02:00 TRACE 238666 --- [crud-springboot] [           main] o.s.b.f.s.DefaultListableBeanFactory     : Returning cached instance of singleton bean 'org.springframework.transaction.config.internalTransactionAdvisor'
2024-07-20T12:50:57.770+02:00 TRACE 238666 --- [crud-springboot] [           main] o.s.b.f.s.DefaultListableBeanFactory     : Finished creating instance of bean 'initializeAuthenticationProviderBeanManagerConfigurer'
2024-07-20T12:50:57.771+02:00 TRACE 238666 --- [crud-springboot] [           main] f.a.AutowiredAnnotationBeanPostProcessor : Autowiring by type from bean name 'org.springframework.security.config.annotation.authentication.configuration.AuthenticationConfiguration' to bean named 'enableGlobalAuthenticationAutowiredConfigurer'
2024-07-20T12:50:57.771+02:00 TRACE 238666 --- [crud-springboot] [           main] f.a.AutowiredAnnotationBeanPostProcessor : Autowiring by type from bean name 'org.springframework.security.config.annotation.authentication.configuration.AuthenticationConfiguration' to bean named 'initializeUserDetailsBeanManagerConfigurer'
2024-07-20T12:50:57.771+02:00 TRACE 238666 --- [crud-springboot] [           main] f.a.AutowiredAnnotationBeanPostProcessor : Autowiring by type from bean name 'org.springframework.security.config.annotation.authentication.configuration.AuthenticationConfiguration' to bean named 'initializeAuthenticationProviderBeanManagerConfigurer'
2024-07-20T12:50:57.771+02:00 TRACE 238666 --- [crud-springboot] [           main] f.a.AutowiredAnnotationBeanPostProcessor : Autowiring by type from bean name 'org.springframework.security.config.annotation.authentication.configuration.AuthenticationConfiguration' to bean named 'org.springframework.web.context.support.GenericWebApplicationContext@5ef8df1e'
2024-07-20T12:50:57.771+02:00 TRACE 238666 --- [crud-springboot] [           main] o.s.b.f.s.DefaultListableBeanFactory     : Returning cached instance of singleton bean 'objectPostProcessor'
2024-07-20T12:50:57.771+02:00 TRACE 238666 --- [crud-springboot] [           main] f.a.AutowiredAnnotationBeanPostProcessor : Autowiring by type from bean name 'org.springframework.security.config.annotation.authentication.configuration.AuthenticationConfiguration' to bean named 'objectPostProcessor'
2024-07-20T12:50:57.771+02:00 TRACE 238666 --- [crud-springboot] [           main] o.s.b.f.s.DefaultListableBeanFactory     : Returning cached instance of singleton bean 'org.springframework.transaction.config.internalTransactionAdvisor'
2024-07-20T12:50:57.771+02:00 TRACE 238666 --- [crud-springboot] [           main] o.s.b.f.s.DefaultListableBeanFactory     : Returning cached instance of singleton bean 'org.springframework.transaction.config.internalTransactionAdvisor'
2024-07-20T12:50:57.772+02:00 TRACE 238666 --- [crud-springboot] [           main] o.s.b.f.s.DefaultListableBeanFactory     : Finished creating instance of bean 'org.springframework.security.config.annotation.authentication.configuration.AuthenticationConfiguration'
2024-07-20T12:50:57.772+02:00 TRACE 238666 --- [crud-springboot] [           main] f.a.AutowiredAnnotationBeanPostProcessor : Autowiring by type from bean name 'org.springframework.security.config.annotation.web.configuration.HttpSecurityConfiguration' to bean named 'org.springframework.security.config.annotation.authentication.configuration.AuthenticationConfiguration'
2024-07-20T12:50:57.772+02:00 TRACE 238666 --- [crud-springboot] [           main] f.a.AutowiredAnnotationBeanPostProcessor : Autowiring by type from bean name 'org.springframework.security.config.annotation.web.configuration.HttpSecurityConfiguration' to bean named 'org.springframework.web.context.support.GenericWebApplicationContext@5ef8df1e'
2024-07-20T12:50:57.773+02:00 DEBUG 238666 --- [crud-springboot] [           main] o.s.b.f.s.DefaultListableBeanFactory     : Creating shared instance of singleton bean 'mvcContentNegotiationManager'
2024-07-20T12:50:57.773+02:00 TRACE 238666 --- [crud-springboot] [           main] o.s.b.f.s.DefaultListableBeanFactory     : Creating instance of bean 'mvcContentNegotiationManager'
2024-07-20T12:50:57.773+02:00 TRACE 238666 --- [crud-springboot] [           main] o.s.b.f.s.DefaultListableBeanFactory     : Returning cached instance of singleton bean 'org.springframework.transaction.config.internalTransactionAdvisor'
2024-07-20T12:50:57.773+02:00 DEBUG 238666 --- [crud-springboot] [           main] o.s.b.f.s.DefaultListableBeanFactory     : Creating shared instance of singleton bean 'org.springframework.boot.autoconfigure.web.servlet.WebMvcAutoConfiguration$EnableWebMvcConfiguration'
2024-07-20T12:50:57.773+02:00 TRACE 238666 --- [crud-springboot] [           main] o.s.b.f.s.DefaultListableBeanFactory     : Creating instance of bean 'org.springframework.boot.autoconfigure.web.servlet.WebMvcAutoConfiguration$EnableWebMvcConfiguration'
2024-07-20T12:50:57.773+02:00 TRACE 238666 --- [crud-springboot] [           main] o.s.b.f.s.DefaultListableBeanFactory     : Returning cached instance of singleton bean 'org.springframework.transaction.config.internalTransactionAdvisor'
2024-07-20T12:50:57.774+02:00 DEBUG 238666 --- [crud-springboot] [           main] o.s.b.f.s.DefaultListableBeanFactory     : Creating shared instance of singleton bean 'spring.mvc-org.springframework.boot.autoconfigure.web.servlet.WebMvcProperties'
2024-07-20T12:50:57.774+02:00 TRACE 238666 --- [crud-springboot] [           main] o.s.b.f.s.DefaultListableBeanFactory     : Creating instance of bean 'spring.mvc-org.springframework.boot.autoconfigure.web.servlet.WebMvcProperties'
2024-07-20T12:50:57.774+02:00 TRACE 238666 --- [crud-springboot] [           main] o.s.b.f.s.DefaultListableBeanFactory     : Returning cached instance of singleton bean 'org.springframework.transaction.config.internalTransactionAdvisor'
2024-07-20T12:50:57.775+02:00 TRACE 238666 --- [crud-springboot] [           main] o.s.b.f.s.DefaultListableBeanFactory     : Returning cached instance of singleton bean 'org.springframework.boot.context.properties.BoundConfigurationProperties'
2024-07-20T12:50:57.780+02:00 TRACE 238666 --- [crud-springboot] [           main] o.s.b.f.s.DefaultListableBeanFactory     : Returning cached instance of singleton bean 'org.springframework.transaction.config.internalTransactionAdvisor'
2024-07-20T12:50:57.780+02:00 TRACE 238666 --- [crud-springboot] [           main] o.s.b.f.s.DefaultListableBeanFactory     : Returning cached instance of singleton bean 'org.springframework.transaction.config.internalTransactionAdvisor'
2024-07-20T12:50:57.781+02:00 TRACE 238666 --- [crud-springboot] [           main] o.s.b.f.s.DefaultListableBeanFactory     : Finished creating instance of bean 'spring.mvc-org.springframework.boot.autoconfigure.web.servlet.WebMvcProperties'
2024-07-20T12:50:57.781+02:00 DEBUG 238666 --- [crud-springboot] [           main] o.s.b.f.s.DefaultListableBeanFactory     : Creating shared instance of singleton bean 'spring.web-org.springframework.boot.autoconfigure.web.WebProperties'
2024-07-20T12:50:57.781+02:00 TRACE 238666 --- [crud-springboot] [           main] o.s.b.f.s.DefaultListableBeanFactory     : Creating instance of bean 'spring.web-org.springframework.boot.autoconfigure.web.WebProperties'
2024-07-20T12:50:57.781+02:00 TRACE 238666 --- [crud-springboot] [           main] o.s.b.f.s.DefaultListableBeanFactory     : Returning cached instance of singleton bean 'org.springframework.transaction.config.internalTransactionAdvisor'
2024-07-20T12:50:57.784+02:00 TRACE 238666 --- [crud-springboot] [           main] o.s.b.f.s.DefaultListableBeanFactory     : Returning cached instance of singleton bean 'org.springframework.boot.context.properties.BoundConfigurationProperties'
2024-07-20T12:50:57.785+02:00 TRACE 238666 --- [crud-springboot] [           main] o.s.b.f.s.DefaultListableBeanFactory     : Returning cached instance of singleton bean 'org.springframework.transaction.config.internalTransactionAdvisor'
2024-07-20T12:50:57.785+02:00 TRACE 238666 --- [crud-springboot] [           main] o.s.b.f.s.DefaultListableBeanFactory     : Returning cached instance of singleton bean 'org.springframework.transaction.config.internalTransactionAdvisor'
2024-07-20T12:50:57.786+02:00 TRACE 238666 --- [crud-springboot] [           main] o.s.b.f.s.DefaultListableBeanFactory     : Finished creating instance of bean 'spring.web-org.springframework.boot.autoconfigure.web.WebProperties'
2024-07-20T12:50:57.786+02:00 DEBUG 238666 --- [crud-springboot] [           main] o.s.b.f.s.DefaultListableBeanFactory     : Autowiring by type from bean name 'org.springframework.boot.autoconfigure.web.servlet.WebMvcAutoConfiguration$EnableWebMvcConfiguration' via constructor to bean named 'spring.mvc-org.springframework.boot.autoconfigure.web.servlet.WebMvcProperties'
2024-07-20T12:50:57.786+02:00 DEBUG 238666 --- [crud-springboot] [           main] o.s.b.f.s.DefaultListableBeanFactory     : Autowiring by type from bean name 'org.springframework.boot.autoconfigure.web.servlet.WebMvcAutoConfiguration$EnableWebMvcConfiguration' via constructor to bean named 'spring.web-org.springframework.boot.autoconfigure.web.WebProperties'
2024-07-20T12:50:57.786+02:00 DEBUG 238666 --- [crud-springboot] [           main] o.s.b.f.s.DefaultListableBeanFactory     : Autowiring by type from bean name 'org.springframework.boot.autoconfigure.web.servlet.WebMvcAutoConfiguration$EnableWebMvcConfiguration' via constructor to bean named 'org.springframework.beans.factory.support.DefaultListableBeanFactory@6f330eb9'
2024-07-20T12:50:57.789+02:00 TRACE 238666 --- [crud-springboot] [           main] o.s.beans.CachedIntrospectionResults     : Getting BeanInfo for class [org.springframework.boot.autoconfigure.web.servlet.WebMvcAutoConfiguration$EnableWebMvcConfiguration]
2024-07-20T12:50:57.789+02:00 TRACE 238666 --- [crud-springboot] [           main] o.s.beans.CachedIntrospectionResults     : Caching PropertyDescriptors for class [org.springframework.boot.autoconfigure.web.servlet.WebMvcAutoConfiguration$EnableWebMvcConfiguration]
2024-07-20T12:50:57.789+02:00 TRACE 238666 --- [crud-springboot] [           main] o.s.beans.CachedIntrospectionResults     : Found bean property 'applicationContext' of type [org.springframework.context.ApplicationContext]
2024-07-20T12:50:57.789+02:00 TRACE 238666 --- [crud-springboot] [           main] o.s.beans.CachedIntrospectionResults     : Found bean property 'class' of type [java.lang.Class]
2024-07-20T12:50:57.789+02:00 TRACE 238666 --- [crud-springboot] [           main] o.s.beans.CachedIntrospectionResults     : Found bean property 'configurers' of type [java.util.List]
2024-07-20T12:50:57.790+02:00 TRACE 238666 --- [crud-springboot] [           main] o.s.beans.CachedIntrospectionResults     : Found bean property 'resourceLoader' of type [org.springframework.core.io.ResourceLoader]
2024-07-20T12:50:57.790+02:00 TRACE 238666 --- [crud-springboot] [           main] o.s.beans.CachedIntrospectionResults     : Found bean property 'servletContext' of type [jakarta.servlet.ServletContext]
2024-07-20T12:50:57.792+02:00 DEBUG 238666 --- [crud-springboot] [           main] o.s.b.f.s.DefaultListableBeanFactory     : Creating shared instance of singleton bean 'org.springframework.security.config.annotation.web.configuration.WebMvcSecurityConfiguration'
2024-07-20T12:50:57.792+02:00 TRACE 238666 --- [crud-springboot] [           main] o.s.b.f.s.DefaultListableBeanFactory     : Creating instance of bean 'org.springframework.security.config.annotation.web.configuration.WebMvcSecurityConfiguration'
2024-07-20T12:50:57.792+02:00 TRACE 238666 --- [crud-springboot] [           main] o.s.b.f.s.DefaultListableBeanFactory     : Returning cached instance of singleton bean 'org.springframework.transaction.config.internalTransactionAdvisor'
2024-07-20T12:50:57.792+02:00 TRACE 238666 --- [crud-springboot] [           main] o.s.b.f.s.DefaultListableBeanFactory     : Returning cached instance of singleton bean 'org.springframework.transaction.config.internalTransactionAdvisor'
2024-07-20T12:50:57.792+02:00 TRACE 238666 --- [crud-springboot] [           main] o.s.b.f.s.DefaultListableBeanFactory     : Returning cached instance of singleton bean 'org.springframework.transaction.config.internalTransactionAdvisor'
2024-07-20T12:50:57.793+02:00 TRACE 238666 --- [crud-springboot] [           main] o.s.b.f.s.DefaultListableBeanFactory     : Finished creating instance of bean 'org.springframework.security.config.annotation.web.configuration.WebMvcSecurityConfiguration'
2024-07-20T12:50:57.793+02:00 DEBUG 238666 --- [crud-springboot] [           main] o.s.b.f.s.DefaultListableBeanFactory     : Creating shared instance of singleton bean 'org.springframework.boot.autoconfigure.web.servlet.WebMvcAutoConfiguration$WebMvcAutoConfigurationAdapter'
2024-07-20T12:50:57.793+02:00 TRACE 238666 --- [crud-springboot] [           main] o.s.b.f.s.DefaultListableBeanFactory     : Creating instance of bean 'org.springframework.boot.autoconfigure.web.servlet.WebMvcAutoConfiguration$WebMvcAutoConfigurationAdapter'
2024-07-20T12:50:57.793+02:00 TRACE 238666 --- [crud-springboot] [           main] o.s.b.f.s.DefaultListableBeanFactory     : Returning cached instance of singleton bean 'org.springframework.transaction.config.internalTransactionAdvisor'
2024-07-20T12:50:57.794+02:00 TRACE 238666 --- [crud-springboot] [           main] o.s.b.f.s.DefaultListableBeanFactory     : Returning cached instance of singleton bean 'spring.web-org.springframework.boot.autoconfigure.web.WebProperties'
2024-07-20T12:50:57.794+02:00 TRACE 238666 --- [crud-springboot] [           main] o.s.b.f.s.DefaultListableBeanFactory     : Returning cached instance of singleton bean 'spring.mvc-org.springframework.boot.autoconfigure.web.servlet.WebMvcProperties'
2024-07-20T12:50:57.794+02:00 DEBUG 238666 --- [crud-springboot] [           main] o.s.b.f.s.DefaultListableBeanFactory     : Autowiring by type from bean name 'org.springframework.boot.autoconfigure.web.servlet.WebMvcAutoConfiguration$WebMvcAutoConfigurationAdapter' via constructor to bean named 'spring.web-org.springframework.boot.autoconfigure.web.WebProperties'
2024-07-20T12:50:57.794+02:00 DEBUG 238666 --- [crud-springboot] [           main] o.s.b.f.s.DefaultListableBeanFactory     : Autowiring by type from bean name 'org.springframework.boot.autoconfigure.web.servlet.WebMvcAutoConfiguration$WebMvcAutoConfigurationAdapter' via constructor to bean named 'spring.mvc-org.springframework.boot.autoconfigure.web.servlet.WebMvcProperties'
2024-07-20T12:50:57.794+02:00 DEBUG 238666 --- [crud-springboot] [           main] o.s.b.f.s.DefaultListableBeanFactory     : Autowiring by type from bean name 'org.springframework.boot.autoconfigure.web.servlet.WebMvcAutoConfiguration$WebMvcAutoConfigurationAdapter' via constructor to bean named 'org.springframework.beans.factory.support.DefaultListableBeanFactory@6f330eb9'
2024-07-20T12:50:57.795+02:00 TRACE 238666 --- [crud-springboot] [           main] o.s.b.f.s.DefaultListableBeanFactory     : Returning cached instance of singleton bean 'org.springframework.transaction.config.internalTransactionAdvisor'
2024-07-20T12:50:57.795+02:00 TRACE 238666 --- [crud-springboot] [           main] o.s.b.f.s.DefaultListableBeanFactory     : Returning cached instance of singleton bean 'org.springframework.transaction.config.internalTransactionAdvisor'
2024-07-20T12:50:57.796+02:00 TRACE 238666 --- [crud-springboot] [           main] o.s.b.f.s.DefaultListableBeanFactory     : Finished creating instance of bean 'org.springframework.boot.autoconfigure.web.servlet.WebMvcAutoConfiguration$WebMvcAutoConfigurationAdapter'
2024-07-20T12:50:57.797+02:00 DEBUG 238666 --- [crud-springboot] [           main] o.s.b.f.s.DefaultListableBeanFactory     : Creating shared instance of singleton bean 'openEntityManagerInViewInterceptorConfigurer'
2024-07-20T12:50:57.797+02:00 TRACE 238666 --- [crud-springboot] [           main] o.s.b.f.s.DefaultListableBeanFactory     : Creating instance of bean 'openEntityManagerInViewInterceptorConfigurer'
2024-07-20T12:50:57.797+02:00 TRACE 238666 --- [crud-springboot] [           main] o.s.b.f.s.DefaultListableBeanFactory     : Returning cached instance of singleton bean 'org.springframework.transaction.config.internalTransactionAdvisor'
2024-07-20T12:50:57.797+02:00 DEBUG 238666 --- [crud-springboot] [           main] o.s.b.f.s.DefaultListableBeanFactory     : Creating shared instance of singleton bean 'org.springframework.boot.autoconfigure.orm.jpa.JpaBaseConfiguration$JpaWebConfiguration'
2024-07-20T12:50:57.797+02:00 TRACE 238666 --- [crud-springboot] [           main] o.s.b.f.s.DefaultListableBeanFactory     : Creating instance of bean 'org.springframework.boot.autoconfigure.orm.jpa.JpaBaseConfiguration$JpaWebConfiguration'
2024-07-20T12:50:57.797+02:00 TRACE 238666 --- [crud-springboot] [           main] o.s.b.f.s.DefaultListableBeanFactory     : Returning cached instance of singleton bean 'org.springframework.transaction.config.internalTransactionAdvisor'
2024-07-20T12:50:57.798+02:00 TRACE 238666 --- [crud-springboot] [           main] o.s.b.f.s.DefaultListableBeanFactory     : Returning cached instance of singleton bean 'spring.jpa-org.springframework.boot.autoconfigure.orm.jpa.JpaProperties'
2024-07-20T12:50:57.798+02:00 DEBUG 238666 --- [crud-springboot] [           main] o.s.b.f.s.DefaultListableBeanFactory     : Autowiring by type from bean name 'org.springframework.boot.autoconfigure.orm.jpa.JpaBaseConfiguration$JpaWebConfiguration' via constructor to bean named 'spring.jpa-org.springframework.boot.autoconfigure.orm.jpa.JpaProperties'
2024-07-20T12:50:57.798+02:00 TRACE 238666 --- [crud-springboot] [           main] o.s.b.f.s.DefaultListableBeanFactory     : Returning cached instance of singleton bean 'org.springframework.transaction.config.internalTransactionAdvisor'
2024-07-20T12:50:57.798+02:00 TRACE 238666 --- [crud-springboot] [           main] o.s.b.f.s.DefaultListableBeanFactory     : Returning cached instance of singleton bean 'org.springframework.transaction.config.internalTransactionAdvisor'
2024-07-20T12:50:57.798+02:00 TRACE 238666 --- [crud-springboot] [           main] o.s.b.f.s.DefaultListableBeanFactory     : Finished creating instance of bean 'org.springframework.boot.autoconfigure.orm.jpa.JpaBaseConfiguration$JpaWebConfiguration'
2024-07-20T12:50:57.799+02:00 DEBUG 238666 --- [crud-springboot] [           main] o.s.b.f.s.DefaultListableBeanFactory     : Creating shared instance of singleton bean 'openEntityManagerInViewInterceptor'
2024-07-20T12:50:57.799+02:00 TRACE 238666 --- [crud-springboot] [           main] o.s.b.f.s.DefaultListableBeanFactory     : Creating instance of bean 'openEntityManagerInViewInterceptor'
2024-07-20T12:50:57.799+02:00 TRACE 238666 --- [crud-springboot] [           main] o.s.b.f.s.DefaultListableBeanFactory     : Returning cached instance of singleton bean 'org.springframework.transaction.config.internalTransactionAdvisor'
2024-07-20T12:50:57.799+02:00 TRACE 238666 --- [crud-springboot] [           main] o.s.b.f.s.DefaultListableBeanFactory     : Returning cached instance of singleton bean 'org.springframework.boot.autoconfigure.orm.jpa.JpaBaseConfiguration$JpaWebConfiguration'
2024-07-20T12:50:57.799+02:00  WARN 238666 --- [crud-springboot] [           main] JpaBaseConfiguration$JpaWebConfiguration : spring.jpa.open-in-view is enabled by default. Therefore, database queries may be performed during view rendering. Explicitly configure spring.jpa.open-in-view to disable this warning
2024-07-20T12:50:57.802+02:00 TRACE 238666 --- [crud-springboot] [           main] o.s.b.f.s.DefaultListableBeanFactory     : Returning cached instance of singleton bean 'entityManagerFactory'
2024-07-20T12:50:57.803+02:00 TRACE 238666 --- [crud-springboot] [           main] o.s.b.f.s.DefaultListableBeanFactory     : Returning cached instance of singleton bean 'org.springframework.transaction.config.internalTransactionAdvisor'
2024-07-20T12:50:57.803+02:00 TRACE 238666 --- [crud-springboot] [           main] o.s.b.f.s.DefaultListableBeanFactory     : Returning cached instance of singleton bean 'org.springframework.transaction.config.internalTransactionAdvisor'
2024-07-20T12:50:57.803+02:00 TRACE 238666 --- [crud-springboot] [           main] o.s.b.f.s.DefaultListableBeanFactory     : Finished creating instance of bean 'openEntityManagerInViewInterceptor'
2024-07-20T12:50:57.803+02:00 DEBUG 238666 --- [crud-springboot] [           main] o.s.b.f.s.DefaultListableBeanFactory     : Autowiring by type from bean name 'openEntityManagerInViewInterceptorConfigurer' via factory method to bean named 'openEntityManagerInViewInterceptor'
2024-07-20T12:50:57.804+02:00 TRACE 238666 --- [crud-springboot] [           main] o.s.b.f.s.DefaultListableBeanFactory     : Returning cached instance of singleton bean 'org.springframework.transaction.config.internalTransactionAdvisor'
2024-07-20T12:50:57.804+02:00 TRACE 238666 --- [crud-springboot] [           main] o.s.b.f.s.DefaultListableBeanFactory     : Returning cached instance of singleton bean 'org.springframework.transaction.config.internalTransactionAdvisor'
2024-07-20T12:50:57.805+02:00 TRACE 238666 --- [crud-springboot] [           main] o.s.b.f.s.DefaultListableBeanFactory     : Finished creating instance of bean 'openEntityManagerInViewInterceptorConfigurer'
2024-07-20T12:50:57.805+02:00 DEBUG 238666 --- [crud-springboot] [           main] o.s.b.f.s.DefaultListableBeanFactory     : Creating shared instance of singleton bean 'org.springframework.data.web.config.SpringDataWebConfiguration'
2024-07-20T12:50:57.805+02:00 TRACE 238666 --- [crud-springboot] [           main] o.s.b.f.s.DefaultListableBeanFactory     : Creating instance of bean 'org.springframework.data.web.config.SpringDataWebConfiguration'
2024-07-20T12:50:57.805+02:00 TRACE 238666 --- [crud-springboot] [           main] o.s.b.f.s.DefaultListableBeanFactory     : Returning cached instance of singleton bean 'org.springframework.transaction.config.internalTransactionAdvisor'
2024-07-20T12:50:57.806+02:00 DEBUG 238666 --- [crud-springboot] [           main] o.s.b.f.s.DefaultListableBeanFactory     : Autowiring by type from bean name 'org.springframework.data.web.config.SpringDataWebConfiguration' via constructor to bean named 'org.springframework.web.context.support.GenericWebApplicationContext@5ef8df1e'
2024-07-20T12:50:57.808+02:00 TRACE 238666 --- [crud-springboot] [           main] o.s.b.f.s.DefaultListableBeanFactory     : Returning cached instance of singleton bean 'org.springframework.transaction.config.internalTransactionAdvisor'
2024-07-20T12:50:57.808+02:00 TRACE 238666 --- [crud-springboot] [           main] o.s.b.f.s.DefaultListableBeanFactory     : Returning cached instance of singleton bean 'org.springframework.transaction.config.internalTransactionAdvisor'
2024-07-20T12:50:57.809+02:00 TRACE 238666 --- [crud-springboot] [           main] o.s.b.f.s.DefaultListableBeanFactory     : Finished creating instance of bean 'org.springframework.data.web.config.SpringDataWebConfiguration'
2024-07-20T12:50:57.809+02:00 TRACE 238666 --- [crud-springboot] [           main] f.a.AutowiredAnnotationBeanPostProcessor : Autowiring by type from bean name 'org.springframework.boot.autoconfigure.web.servlet.WebMvcAutoConfiguration$EnableWebMvcConfiguration' to bean named 'org.springframework.security.config.annotation.web.configuration.WebMvcSecurityConfiguration'
2024-07-20T12:50:57.809+02:00 TRACE 238666 --- [crud-springboot] [           main] f.a.AutowiredAnnotationBeanPostProcessor : Autowiring by type from bean name 'org.springframework.boot.autoconfigure.web.servlet.WebMvcAutoConfiguration$EnableWebMvcConfiguration' to bean named 'org.springframework.boot.autoconfigure.web.servlet.WebMvcAutoConfiguration$WebMvcAutoConfigurationAdapter'
2024-07-20T12:50:57.809+02:00 TRACE 238666 --- [crud-springboot] [           main] f.a.AutowiredAnnotationBeanPostProcessor : Autowiring by type from bean name 'org.springframework.boot.autoconfigure.web.servlet.WebMvcAutoConfiguration$EnableWebMvcConfiguration' to bean named 'openEntityManagerInViewInterceptorConfigurer'
2024-07-20T12:50:57.809+02:00 TRACE 238666 --- [crud-springboot] [           main] f.a.AutowiredAnnotationBeanPostProcessor : Autowiring by type from bean name 'org.springframework.boot.autoconfigure.web.servlet.WebMvcAutoConfiguration$EnableWebMvcConfiguration' to bean named 'org.springframework.data.web.config.SpringDataWebConfiguration'
2024-07-20T12:50:57.809+02:00 TRACE 238666 --- [crud-springboot] [           main] o.s.b.f.s.DefaultListableBeanFactory     : Returning cached instance of singleton bean 'org.springframework.transaction.config.internalTransactionAdvisor'
2024-07-20T12:50:57.809+02:00 TRACE 238666 --- [crud-springboot] [           main] o.s.b.f.s.DefaultListableBeanFactory     : Returning cached instance of singleton bean 'org.springframework.transaction.config.internalTransactionAdvisor'
2024-07-20T12:50:57.811+02:00 TRACE 238666 --- [crud-springboot] [           main] o.s.b.f.s.DefaultListableBeanFactory     : Finished creating instance of bean 'org.springframework.boot.autoconfigure.web.servlet.WebMvcAutoConfiguration$EnableWebMvcConfiguration'
2024-07-20T12:50:57.815+02:00 TRACE 238666 --- [crud-springboot] [           main] o.s.b.f.s.DefaultListableBeanFactory     : Returning cached instance of singleton bean 'org.springframework.transaction.config.internalTransactionAdvisor'
2024-07-20T12:50:57.815+02:00 TRACE 238666 --- [crud-springboot] [           main] o.s.b.f.s.DefaultListableBeanFactory     : Returning cached instance of singleton bean 'org.springframework.transaction.config.internalTransactionAdvisor'
2024-07-20T12:50:57.815+02:00 TRACE 238666 --- [crud-springboot] [           main] o.s.b.f.s.DefaultListableBeanFactory     : Finished creating instance of bean 'mvcContentNegotiationManager'
2024-07-20T12:50:57.815+02:00 TRACE 238666 --- [crud-springboot] [           main] f.a.AutowiredAnnotationBeanPostProcessor : Autowiring by type from bean name 'org.springframework.security.config.annotation.web.configuration.HttpSecurityConfiguration' to bean named 'mvcContentNegotiationManager'
2024-07-20T12:50:57.816+02:00 TRACE 238666 --- [crud-springboot] [           main] o.s.b.f.s.DefaultListableBeanFactory     : Returning cached instance of singleton bean 'org.springframework.transaction.config.internalTransactionAdvisor'
2024-07-20T12:50:57.816+02:00 TRACE 238666 --- [crud-springboot] [           main] o.s.b.f.s.DefaultListableBeanFactory     : Returning cached instance of singleton bean 'org.springframework.transaction.config.internalTransactionAdvisor'
2024-07-20T12:50:57.816+02:00 TRACE 238666 --- [crud-springboot] [           main] o.s.b.f.s.DefaultListableBeanFactory     : Finished creating instance of bean 'org.springframework.security.config.annotation.web.configuration.HttpSecurityConfiguration'
2024-07-20T12:50:57.819+02:00 DEBUG 238666 --- [crud-springboot] [           main] o.s.b.f.s.DefaultListableBeanFactory     : Creating shared instance of singleton bean 'authenticationManagerBuilder'
2024-07-20T12:50:57.819+02:00 TRACE 238666 --- [crud-springboot] [           main] o.s.b.f.s.DefaultListableBeanFactory     : Creating instance of bean 'authenticationManagerBuilder'
2024-07-20T12:50:57.819+02:00 TRACE 238666 --- [crud-springboot] [           main] o.s.b.f.s.DefaultListableBeanFactory     : Returning cached instance of singleton bean 'org.springframework.transaction.config.internalTransactionAdvisor'
2024-07-20T12:50:57.819+02:00 TRACE 238666 --- [crud-springboot] [           main] o.s.b.f.s.DefaultListableBeanFactory     : Returning cached instance of singleton bean 'org.springframework.security.config.annotation.authentication.configuration.AuthenticationConfiguration'
2024-07-20T12:50:57.819+02:00 TRACE 238666 --- [crud-springboot] [           main] o.s.b.f.s.DefaultListableBeanFactory     : Returning cached instance of singleton bean 'objectPostProcessor'
2024-07-20T12:50:57.819+02:00 DEBUG 238666 --- [crud-springboot] [           main] o.s.b.f.s.DefaultListableBeanFactory     : Autowiring by type from bean name 'authenticationManagerBuilder' via factory method to bean named 'objectPostProcessor'
2024-07-20T12:50:57.819+02:00 DEBUG 238666 --- [crud-springboot] [           main] o.s.b.f.s.DefaultListableBeanFactory     : Autowiring by type from bean name 'authenticationManagerBuilder' via factory method to bean named 'org.springframework.web.context.support.GenericWebApplicationContext@5ef8df1e'
2024-07-20T12:50:57.820+02:00 DEBUG 238666 --- [crud-springboot] [           main] o.s.b.f.s.DefaultListableBeanFactory     : Creating shared instance of singleton bean 'authenticationEventPublisher'
2024-07-20T12:50:57.820+02:00 TRACE 238666 --- [crud-springboot] [           main] o.s.b.f.s.DefaultListableBeanFactory     : Creating instance of bean 'authenticationEventPublisher'
2024-07-20T12:50:57.820+02:00 TRACE 238666 --- [crud-springboot] [           main] o.s.b.f.s.DefaultListableBeanFactory     : Returning cached instance of singleton bean 'org.springframework.transaction.config.internalTransactionAdvisor'
2024-07-20T12:50:57.820+02:00 DEBUG 238666 --- [crud-springboot] [           main] o.s.b.f.s.DefaultListableBeanFactory     : Creating shared instance of singleton bean 'org.springframework.boot.autoconfigure.security.servlet.SecurityAutoConfiguration'
2024-07-20T12:50:57.820+02:00 TRACE 238666 --- [crud-springboot] [           main] o.s.b.f.s.DefaultListableBeanFactory     : Creating instance of bean 'org.springframework.boot.autoconfigure.security.servlet.SecurityAutoConfiguration'
2024-07-20T12:50:57.820+02:00 TRACE 238666 --- [crud-springboot] [           main] o.s.b.f.s.DefaultListableBeanFactory     : Returning cached instance of singleton bean 'org.springframework.transaction.config.internalTransactionAdvisor'
2024-07-20T12:50:57.820+02:00 TRACE 238666 --- [crud-springboot] [           main] o.s.b.f.s.DefaultListableBeanFactory     : Returning cached instance of singleton bean 'org.springframework.transaction.config.internalTransactionAdvisor'
2024-07-20T12:50:57.821+02:00 TRACE 238666 --- [crud-springboot] [           main] o.s.b.f.s.DefaultListableBeanFactory     : Returning cached instance of singleton bean 'org.springframework.transaction.config.internalTransactionAdvisor'
2024-07-20T12:50:57.821+02:00 TRACE 238666 --- [crud-springboot] [           main] o.s.b.f.s.DefaultListableBeanFactory     : Finished creating instance of bean 'org.springframework.boot.autoconfigure.security.servlet.SecurityAutoConfiguration'
2024-07-20T12:50:57.821+02:00 DEBUG 238666 --- [crud-springboot] [           main] o.s.b.f.s.DefaultListableBeanFactory     : Autowiring by type from bean name 'authenticationEventPublisher' via factory method to bean named 'org.springframework.web.context.support.GenericWebApplicationContext@5ef8df1e'
2024-07-20T12:50:57.824+02:00 TRACE 238666 --- [crud-springboot] [           main] o.s.b.f.s.DefaultListableBeanFactory     : Returning cached instance of singleton bean 'org.springframework.transaction.config.internalTransactionAdvisor'
2024-07-20T12:50:57.824+02:00 TRACE 238666 --- [crud-springboot] [           main] o.s.b.f.s.DefaultListableBeanFactory     : Returning cached instance of singleton bean 'org.springframework.transaction.config.internalTransactionAdvisor'
2024-07-20T12:50:57.824+02:00 TRACE 238666 --- [crud-springboot] [           main] o.s.b.f.s.DefaultListableBeanFactory     : Finished creating instance of bean 'authenticationEventPublisher'
2024-07-20T12:50:57.826+02:00 TRACE 238666 --- [crud-springboot] [           main] o.s.b.f.s.DefaultListableBeanFactory     : Returning cached instance of singleton bean 'org.springframework.transaction.config.internalTransactionAdvisor'
2024-07-20T12:50:57.826+02:00 TRACE 238666 --- [crud-springboot] [           main] o.s.b.f.s.DefaultListableBeanFactory     : Returning cached instance of singleton bean 'org.springframework.transaction.config.internalTransactionAdvisor'
2024-07-20T12:50:57.830+02:00 TRACE 238666 --- [crud-springboot] [           main] o.s.b.f.s.DefaultListableBeanFactory     : Finished creating instance of bean 'authenticationManagerBuilder'
2024-07-20T12:50:57.834+02:00 TRACE 238666 --- [crud-springboot] [           main] o.s.b.f.s.DefaultListableBeanFactory     : Returning cached instance of singleton bean 'securityConfig'
2024-07-20T12:50:57.834+02:00 TRACE 238666 --- [crud-springboot] [           main] eGlobalAuthenticationAutowiredConfigurer : Eagerly initializing {securityConfig=com.cwa.crudspringboot.configuration.SecurityConfig$$SpringCGLIB$$0@40b958c5}
2024-07-20T12:50:57.836+02:00 TRACE 238666 --- [crud-springboot] [           main] o.s.b.f.s.DefaultListableBeanFactory     : Returning cached instance of singleton bean 'customUserDetailsService'
2024-07-20T12:50:57.836+02:00 TRACE 238666 --- [crud-springboot] [           main] o.s.b.f.s.DefaultListableBeanFactory     : Returning cached instance of singleton bean 'passwordEncoder'
2024-07-20T12:50:57.868+02:00 TRACE 238666 --- [crud-springboot] [           main] o.s.b.f.s.DefaultListableBeanFactory     : Invoking afterPropertiesSet() on bean with name 'org.springframework.security.authentication.ProviderManager@5d56c2d2'
2024-07-20T12:50:57.868+02:00 TRACE 238666 --- [crud-springboot] [           main] o.s.b.f.s.DefaultListableBeanFactory     : Returning cached instance of singleton bean 'org.springframework.transaction.config.internalTransactionAdvisor'
2024-07-20T12:50:57.868+02:00 TRACE 238666 --- [crud-springboot] [           main] o.s.b.f.s.DefaultListableBeanFactory     : Returning cached instance of singleton bean 'org.springframework.transaction.config.internalTransactionAdvisor'
2024-07-20T12:50:57.869+02:00 TRACE 238666 --- [crud-springboot] [           main] o.s.b.f.s.DefaultListableBeanFactory     : Returning cached instance of singleton bean 'authenticationEventPublisher'
2024-07-20T12:50:57.974+02:00 TRACE 238666 --- [crud-springboot] [           main] o.s.c.io.support.SpringFactoriesLoader   : Loaded [org.springframework.security.config.annotation.web.configurers.AbstractHttpConfigurer] names: []
2024-07-20T12:50:57.979+02:00 TRACE 238666 --- [crud-springboot] [           main] o.s.b.f.s.DefaultListableBeanFactory     : Returning cached instance of singleton bean 'org.springframework.transaction.config.internalTransactionAdvisor'
2024-07-20T12:50:57.979+02:00 TRACE 238666 --- [crud-springboot] [           main] o.s.b.f.s.DefaultListableBeanFactory     : Returning cached instance of singleton bean 'org.springframework.transaction.config.internalTransactionAdvisor'
2024-07-20T12:50:57.981+02:00 TRACE 238666 --- [crud-springboot] [           main] o.s.b.f.s.DefaultListableBeanFactory     : Finished creating instance of bean 'org.springframework.security.config.annotation.web.configuration.HttpSecurityConfiguration.httpSecurity'
2024-07-20T12:50:57.982+02:00 TRACE 238666 --- [crud-springboot] [           main] o.s.b.f.s.DefaultListableBeanFactory     : Returning cached instance of singleton bean 'passwordEncoder'
2024-07-20T12:50:57.982+02:00 DEBUG 238666 --- [crud-springboot] [           main] o.s.b.f.s.DefaultListableBeanFactory     : Autowiring by type from bean name 'authenticationManager' via factory method to bean named 'org.springframework.security.config.annotation.web.configuration.HttpSecurityConfiguration.httpSecurity'
2024-07-20T12:50:57.982+02:00 DEBUG 238666 --- [crud-springboot] [           main] o.s.b.f.s.DefaultListableBeanFactory     : Autowiring by type from bean name 'authenticationManager' via factory method to bean named 'passwordEncoder'
2024-07-20T12:50:57.984+02:00 TRACE 238666 --- [crud-springboot] [           main] o.s.b.f.s.DefaultListableBeanFactory     : Invoking afterPropertiesSet() on bean with name 'org.springframework.security.authentication.dao.DaoAuthenticationProvider@3b7b099b'
2024-07-20T12:50:57.985+02:00 TRACE 238666 --- [crud-springboot] [           main] o.s.b.f.s.DefaultListableBeanFactory     : Returning cached instance of singleton bean 'org.springframework.transaction.config.internalTransactionAdvisor'
2024-07-20T12:50:57.985+02:00 TRACE 238666 --- [crud-springboot] [           main] o.s.b.f.s.DefaultListableBeanFactory     : Returning cached instance of singleton bean 'org.springframework.transaction.config.internalTransactionAdvisor'
2024-07-20T12:50:57.986+02:00 TRACE 238666 --- [crud-springboot] [           main] o.s.b.f.s.DefaultListableBeanFactory     : Invoking afterPropertiesSet() on bean with name 'org.springframework.security.authentication.ProviderManager@7fa2473a'
2024-07-20T12:50:57.986+02:00 TRACE 238666 --- [crud-springboot] [           main] o.s.b.f.s.DefaultListableBeanFactory     : Returning cached instance of singleton bean 'org.springframework.transaction.config.internalTransactionAdvisor'
2024-07-20T12:50:57.986+02:00 TRACE 238666 --- [crud-springboot] [           main] o.s.b.f.s.DefaultListableBeanFactory     : Returning cached instance of singleton bean 'org.springframework.transaction.config.internalTransactionAdvisor'
2024-07-20T12:50:57.987+02:00 TRACE 238666 --- [crud-springboot] [           main] o.s.b.f.s.DefaultListableBeanFactory     : Invoking afterPropertiesSet() on bean with name 'authenticationManager'
2024-07-20T12:50:57.987+02:00 TRACE 238666 --- [crud-springboot] [           main] o.s.b.f.s.DefaultListableBeanFactory     : Returning cached instance of singleton bean 'org.springframework.transaction.config.internalTransactionAdvisor'
2024-07-20T12:50:57.987+02:00 TRACE 238666 --- [crud-springboot] [           main] o.s.b.f.s.DefaultListableBeanFactory     : Returning cached instance of singleton bean 'org.springframework.transaction.config.internalTransactionAdvisor'
2024-07-20T12:50:57.987+02:00 TRACE 238666 --- [crud-springboot] [           main] o.s.b.f.s.DefaultListableBeanFactory     : Finished creating instance of bean 'authenticationManager'
2024-07-20T12:50:57.987+02:00 DEBUG 238666 --- [crud-springboot] [           main] o.s.b.f.s.DefaultListableBeanFactory     : Autowiring by type from bean name 'authController' via constructor to bean named 'userRepository'
2024-07-20T12:50:57.987+02:00 DEBUG 238666 --- [crud-springboot] [           main] o.s.b.f.s.DefaultListableBeanFactory     : Autowiring by type from bean name 'authController' via constructor to bean named 'passwordEncoder'
2024-07-20T12:50:57.987+02:00 DEBUG 238666 --- [crud-springboot] [           main] o.s.b.f.s.DefaultListableBeanFactory     : Autowiring by type from bean name 'authController' via constructor to bean named 'jwtUtils'
2024-07-20T12:50:57.987+02:00 DEBUG 238666 --- [crud-springboot] [           main] o.s.b.f.s.DefaultListableBeanFactory     : Autowiring by type from bean name 'authController' via constructor to bean named 'authenticationManager'
2024-07-20T12:50:57.988+02:00 TRACE 238666 --- [crud-springboot] [           main] o.s.b.f.s.DefaultListableBeanFactory     : Returning cached instance of singleton bean 'org.springframework.transaction.config.internalTransactionAdvisor'
2024-07-20T12:50:57.988+02:00 TRACE 238666 --- [crud-springboot] [           main] o.s.b.f.s.DefaultListableBeanFactory     : Returning cached instance of singleton bean 'org.springframework.transaction.config.internalTransactionAdvisor'
2024-07-20T12:50:57.990+02:00 TRACE 238666 --- [crud-springboot] [           main] o.s.b.f.s.DefaultListableBeanFactory     : Finished creating instance of bean 'authController'
2024-07-20T12:50:57.990+02:00 DEBUG 238666 --- [crud-springboot] [           main] o.s.b.f.s.DefaultListableBeanFactory     : Creating shared instance of singleton bean 'loginRequest'
2024-07-20T12:50:57.990+02:00 TRACE 238666 --- [crud-springboot] [           main] o.s.b.f.s.DefaultListableBeanFactory     : Creating instance of bean 'loginRequest'
2024-07-20T12:50:57.990+02:00 TRACE 238666 --- [crud-springboot] [           main] o.s.b.f.s.DefaultListableBeanFactory     : Returning cached instance of singleton bean 'org.springframework.transaction.config.internalTransactionAdvisor'
2024-07-20T12:50:57.991+02:00 TRACE 238666 --- [crud-springboot] [           main] o.s.b.f.s.DefaultListableBeanFactory     : Returning cached instance of singleton bean 'org.springframework.transaction.config.internalTransactionAdvisor'
2024-07-20T12:50:57.991+02:00 TRACE 238666 --- [crud-springboot] [           main] o.s.b.f.s.DefaultListableBeanFactory     : Returning cached instance of singleton bean 'org.springframework.transaction.config.internalTransactionAdvisor'
2024-07-20T12:50:57.991+02:00 TRACE 238666 --- [crud-springboot] [           main] o.s.b.f.s.DefaultListableBeanFactory     : Finished creating instance of bean 'loginRequest'
2024-07-20T12:50:57.991+02:00 DEBUG 238666 --- [crud-springboot] [           main] o.s.b.f.s.DefaultListableBeanFactory     : Creating shared instance of singleton bean 'personController'
2024-07-20T12:50:57.991+02:00 TRACE 238666 --- [crud-springboot] [           main] o.s.b.f.s.DefaultListableBeanFactory     : Creating instance of bean 'personController'
2024-07-20T12:50:57.992+02:00 TRACE 238666 --- [crud-springboot] [           main] o.s.b.f.s.DefaultListableBeanFactory     : Returning cached instance of singleton bean 'org.springframework.transaction.config.internalTransactionAdvisor'
2024-07-20T12:50:57.998+02:00 DEBUG 238666 --- [crud-springboot] [           main] o.s.b.f.s.DefaultListableBeanFactory     : Creating shared instance of singleton bean 'personRepository'
2024-07-20T12:50:57.998+02:00 TRACE 238666 --- [crud-springboot] [           main] o.s.b.f.s.DefaultListableBeanFactory     : Creating instance of bean 'personRepository'
2024-07-20T12:50:57.999+02:00 TRACE 238666 --- [crud-springboot] [           main] o.s.b.f.s.DefaultListableBeanFactory     : Returning cached instance of singleton bean 'org.springframework.transaction.config.internalTransactionAdvisor'
2024-07-20T12:50:58.002+02:00 DEBUG 238666 --- [crud-springboot] [           main] o.s.b.f.s.DefaultListableBeanFactory     : Creating shared instance of singleton bean 'jpa.named-queries#0'
2024-07-20T12:50:58.002+02:00 TRACE 238666 --- [crud-springboot] [           main] o.s.b.f.s.DefaultListableBeanFactory     : Creating instance of bean 'jpa.named-queries#0'
2024-07-20T12:50:58.002+02:00 TRACE 238666 --- [crud-springboot] [           main] o.s.b.f.s.DefaultListableBeanFactory     : Returning cached instance of singleton bean 'org.springframework.transaction.config.internalTransactionAdvisor'
2024-07-20T12:50:58.003+02:00 TRACE 238666 --- [crud-springboot] [           main] o.s.beans.TypeConverterDelegate          : Converting String to [class [Lorg.springframework.core.io.Resource;] using property editor [org.springframework.core.io.support.ResourceArrayPropertyEditor@11a29c0]
2024-07-20T12:50:58.003+02:00 TRACE 238666 --- [crud-springboot] [           main] .i.s.PathMatchingResourcePatternResolver : Resolved module-path location pattern [META-INF/jpa-named-queries.properties] to resources []
2024-07-20T12:50:58.003+02:00 TRACE 238666 --- [crud-springboot] [           main] .i.s.PathMatchingResourcePatternResolver : Resolved class path location [META-INF/jpa-named-queries.properties] to resources []
2024-07-20T12:50:58.004+02:00 TRACE 238666 --- [crud-springboot] [           main] o.s.b.f.s.DefaultListableBeanFactory     : Invoking afterPropertiesSet() on bean with name 'jpa.named-queries#0'
2024-07-20T12:50:58.004+02:00 TRACE 238666 --- [crud-springboot] [           main] o.s.b.f.s.DefaultListableBeanFactory     : Returning cached instance of singleton bean 'org.springframework.transaction.config.internalTransactionAdvisor'
2024-07-20T12:50:58.004+02:00 TRACE 238666 --- [crud-springboot] [           main] o.s.b.f.s.DefaultListableBeanFactory     : Returning cached instance of singleton bean 'org.springframework.transaction.config.internalTransactionAdvisor'
2024-07-20T12:50:58.005+02:00 TRACE 238666 --- [crud-springboot] [           main] o.s.b.f.s.DefaultListableBeanFactory     : Finished creating instance of bean 'jpa.named-queries#0'
2024-07-20T12:50:58.005+02:00 TRACE 238666 --- [crud-springboot] [           main] o.s.b.f.s.DefaultListableBeanFactory     : Returning cached instance of singleton bean 'org.springframework.transaction.config.internalTransactionAdvisor'
2024-07-20T12:50:58.005+02:00 TRACE 238666 --- [crud-springboot] [           main] o.s.b.f.s.DefaultListableBeanFactory     : Returning cached instance of singleton bean 'org.springframework.transaction.config.internalTransactionAdvisor'
2024-07-20T12:50:58.005+02:00 DEBUG 238666 --- [crud-springboot] [           main] o.s.b.f.s.DefaultListableBeanFactory     : Creating shared instance of singleton bean 'jpa.PersonRepository.fragments#0'
2024-07-20T12:50:58.005+02:00 TRACE 238666 --- [crud-springboot] [           main] o.s.b.f.s.DefaultListableBeanFactory     : Creating instance of bean 'jpa.PersonRepository.fragments#0'
2024-07-20T12:50:58.006+02:00 TRACE 238666 --- [crud-springboot] [           main] o.s.b.f.s.DefaultListableBeanFactory     : Returning cached instance of singleton bean 'org.springframework.transaction.config.internalTransactionAdvisor'
2024-07-20T12:50:58.006+02:00 TRACE 238666 --- [crud-springboot] [           main] o.s.b.f.s.DefaultListableBeanFactory     : Invoking afterPropertiesSet() on bean with name 'jpa.PersonRepository.fragments#0'
2024-07-20T12:50:58.006+02:00 TRACE 238666 --- [crud-springboot] [           main] o.s.b.f.s.DefaultListableBeanFactory     : Returning cached instance of singleton bean 'org.springframework.transaction.config.internalTransactionAdvisor'
2024-07-20T12:50:58.007+02:00 TRACE 238666 --- [crud-springboot] [           main] o.s.b.f.s.DefaultListableBeanFactory     : Returning cached instance of singleton bean 'org.springframework.transaction.config.internalTransactionAdvisor'
2024-07-20T12:50:58.007+02:00 TRACE 238666 --- [crud-springboot] [           main] o.s.b.f.s.DefaultListableBeanFactory     : Finished creating instance of bean 'jpa.PersonRepository.fragments#0'
2024-07-20T12:50:58.007+02:00 TRACE 238666 --- [crud-springboot] [           main] o.s.b.f.s.DefaultListableBeanFactory     : Returning cached instance of singleton bean 'org.springframework.transaction.config.internalTransactionAdvisor'
2024-07-20T12:50:58.007+02:00 TRACE 238666 --- [crud-springboot] [           main] o.s.b.f.s.DefaultListableBeanFactory     : Returning cached instance of singleton bean 'org.springframework.transaction.config.internalTransactionAdvisor'
2024-07-20T12:50:58.008+02:00 TRACE 238666 --- [crud-springboot] [           main] o.s.b.f.s.DefaultListableBeanFactory     : Returning cached instance of singleton bean 'jpaSharedEM_entityManagerFactory'
2024-07-20T12:50:58.009+02:00 TRACE 238666 --- [crud-springboot] [           main] o.s.b.f.s.DefaultListableBeanFactory     : Returning cached instance of singleton bean 'jpaMappingContext'
2024-07-20T12:50:58.010+02:00 TRACE 238666 --- [crud-springboot] [           main] o.s.b.f.s.DefaultListableBeanFactory     : Invoking afterPropertiesSet() on bean with name 'personRepository'
2024-07-20T12:50:58.010+02:00 DEBUG 238666 --- [crud-springboot] [           main] tor$SharedEntityManagerInvocationHandler : Creating new EntityManager for shared EntityManager invocation
2024-07-20T12:50:58.011+02:00 TRACE 238666 --- [crud-springboot] [           main] o.s.beans.CachedIntrospectionResults     : Getting BeanInfo for class [com.cwa.crudspringboot.entity.Person]
2024-07-20T12:50:58.012+02:00 TRACE 238666 --- [crud-springboot] [           main] o.s.beans.CachedIntrospectionResults     : Caching PropertyDescriptors for class [com.cwa.crudspringboot.entity.Person]
2024-07-20T12:50:58.012+02:00 TRACE 238666 --- [crud-springboot] [           main] o.s.beans.CachedIntrospectionResults     : Found bean property 'city' of type [java.lang.String]
2024-07-20T12:50:58.012+02:00 TRACE 238666 --- [crud-springboot] [           main] o.s.beans.CachedIntrospectionResults     : Found bean property 'class' of type [java.lang.Class]
2024-07-20T12:50:58.012+02:00 TRACE 238666 --- [crud-springboot] [           main] o.s.beans.CachedIntrospectionResults     : Found bean property 'id' of type [java.lang.Long]
2024-07-20T12:50:58.012+02:00 TRACE 238666 --- [crud-springboot] [           main] o.s.beans.CachedIntrospectionResults     : Found bean property 'name' of type [java.lang.String]
2024-07-20T12:50:58.012+02:00 TRACE 238666 --- [crud-springboot] [           main] o.s.beans.CachedIntrospectionResults     : Found bean property 'phoneNumber' of type [java.lang.String]
2024-07-20T12:50:58.021+02:00 DEBUG 238666 --- [crud-springboot] [           main] o.s.d.r.c.s.RepositoryFactorySupport     : Initializing repository instance for com.cwa.crudspringboot.repository.PersonRepository…
2024-07-20T12:50:58.021+02:00 TRACE 238666 --- [crud-springboot] [           main] o.s.b.f.s.DefaultListableBeanFactory     : Returning cached instance of singleton bean 'applicationStartup'
2024-07-20T12:50:58.021+02:00 TRACE 238666 --- [crud-springboot] [           main] o.s.aop.framework.JdkDynamicAopProxy     : Creating JDK dynamic proxy: org.springframework.data.jpa.repository.support.CrudMethodMetadataPostProcessor$ThreadBoundTargetSource@113e6e06
2024-07-20T12:50:58.022+02:00 DEBUG 238666 --- [crud-springboot] [           main] tor$SharedEntityManagerInvocationHandler : Creating new EntityManager for shared EntityManager invocation
2024-07-20T12:50:58.022+02:00 TRACE 238666 --- [crud-springboot] [           main] o.s.aop.framework.JdkDynamicAopProxy     : Creating JDK dynamic proxy: org.springframework.data.jpa.repository.support.CrudMethodMetadataPostProcessor$ThreadBoundTargetSource@6ae5e1cf
2024-07-20T12:50:58.028+02:00 TRACE 238666 --- [crud-springboot] [           main] o.s.aop.framework.JdkDynamicAopProxy     : Creating JDK dynamic proxy: SingletonTargetSource for target object [org.springframework.data.jpa.repository.support.SimpleJpaRepository@f9979cf]
2024-07-20T12:50:58.033+02:00 DEBUG 238666 --- [crud-springboot] [           main] o.s.d.r.c.s.RepositoryFactorySupport     : Finished creation of repository instance for com.cwa.crudspringboot.repository.PersonRepository.
2024-07-20T12:50:58.034+02:00 TRACE 238666 --- [crud-springboot] [           main] o.s.b.f.s.DefaultListableBeanFactory     : Returning cached instance of singleton bean 'org.springframework.transaction.config.internalTransactionAdvisor'
2024-07-20T12:50:58.034+02:00 TRACE 238666 --- [crud-springboot] [           main] o.s.b.f.s.DefaultListableBeanFactory     : Returning cached instance of singleton bean 'org.springframework.transaction.config.internalTransactionAdvisor'
2024-07-20T12:50:58.034+02:00 TRACE 238666 --- [crud-springboot] [           main] o.s.b.f.s.DefaultListableBeanFactory     : Finished creating instance of bean 'personRepository'
2024-07-20T12:50:58.034+02:00 TRACE 238666 --- [crud-springboot] [           main] o.s.b.f.s.DefaultListableBeanFactory     : Returning cached instance of singleton bean 'org.springframework.transaction.config.internalTransactionAdvisor'
2024-07-20T12:50:58.034+02:00 TRACE 238666 --- [crud-springboot] [           main] o.s.b.f.s.DefaultListableBeanFactory     : Returning cached instance of singleton bean 'org.springframework.transaction.config.internalTransactionAdvisor'
2024-07-20T12:50:58.034+02:00 DEBUG 238666 --- [crud-springboot] [           main] o.s.b.f.s.DefaultListableBeanFactory     : Autowiring by type from bean name 'personController' via constructor to bean named 'personRepository'
2024-07-20T12:50:58.035+02:00 TRACE 238666 --- [crud-springboot] [           main] o.s.b.f.s.DefaultListableBeanFactory     : Returning cached instance of singleton bean 'org.springframework.transaction.config.internalTransactionAdvisor'
2024-07-20T12:50:58.036+02:00 TRACE 238666 --- [crud-springboot] [           main] o.s.b.f.s.DefaultListableBeanFactory     : Returning cached instance of singleton bean 'org.springframework.transaction.config.internalTransactionAdvisor'
2024-07-20T12:50:58.039+02:00 TRACE 238666 --- [crud-springboot] [           main] o.s.b.f.s.DefaultListableBeanFactory     : Finished creating instance of bean 'personController'
2024-07-20T12:50:58.039+02:00 DEBUG 238666 --- [crud-springboot] [           main] o.s.b.f.s.DefaultListableBeanFactory     : Creating shared instance of singleton bean 'registerRequest'
2024-07-20T12:50:58.039+02:00 TRACE 238666 --- [crud-springboot] [           main] o.s.b.f.s.DefaultListableBeanFactory     : Creating instance of bean 'registerRequest'
2024-07-20T12:50:58.039+02:00 TRACE 238666 --- [crud-springboot] [           main] o.s.b.f.s.DefaultListableBeanFactory     : Returning cached instance of singleton bean 'org.springframework.transaction.config.internalTransactionAdvisor'
2024-07-20T12:50:58.040+02:00 TRACE 238666 --- [crud-springboot] [           main] o.s.b.f.s.DefaultListableBeanFactory     : Returning cached instance of singleton bean 'org.springframework.transaction.config.internalTransactionAdvisor'
2024-07-20T12:50:58.040+02:00 TRACE 238666 --- [crud-springboot] [           main] o.s.b.f.s.DefaultListableBeanFactory     : Returning cached instance of singleton bean 'org.springframework.transaction.config.internalTransactionAdvisor'
2024-07-20T12:50:58.041+02:00 TRACE 238666 --- [crud-springboot] [           main] o.s.b.f.s.DefaultListableBeanFactory     : Finished creating instance of bean 'registerRequest'
2024-07-20T12:50:58.041+02:00 DEBUG 238666 --- [crud-springboot] [           main] o.s.b.f.s.DefaultListableBeanFactory     : Creating shared instance of singleton bean 'webController'
2024-07-20T12:50:58.041+02:00 TRACE 238666 --- [crud-springboot] [           main] o.s.b.f.s.DefaultListableBeanFactory     : Creating instance of bean 'webController'
2024-07-20T12:50:58.041+02:00 TRACE 238666 --- [crud-springboot] [           main] o.s.b.f.s.DefaultListableBeanFactory     : Returning cached instance of singleton bean 'org.springframework.transaction.config.internalTransactionAdvisor'
2024-07-20T12:50:58.043+02:00 TRACE 238666 --- [crud-springboot] [           main] o.s.b.f.s.DefaultListableBeanFactory     : Returning cached instance of singleton bean 'userRepository'
2024-07-20T12:50:58.043+02:00 TRACE 238666 --- [crud-springboot] [           main] o.s.b.f.s.DefaultListableBeanFactory     : Returning cached instance of singleton bean 'passwordEncoder'
2024-07-20T12:50:58.044+02:00 TRACE 238666 --- [crud-springboot] [           main] o.s.b.f.s.DefaultListableBeanFactory     : Returning cached instance of singleton bean 'jwtUtils'
2024-07-20T12:50:58.044+02:00 TRACE 238666 --- [crud-springboot] [           main] o.s.b.f.s.DefaultListableBeanFactory     : Returning cached instance of singleton bean 'authenticationManager'
2024-07-20T12:50:58.044+02:00 DEBUG 238666 --- [crud-springboot] [           main] o.s.b.f.s.DefaultListableBeanFactory     : Autowiring by type from bean name 'webController' via constructor to bean named 'userRepository'
2024-07-20T12:50:58.044+02:00 DEBUG 238666 --- [crud-springboot] [           main] o.s.b.f.s.DefaultListableBeanFactory     : Autowiring by type from bean name 'webController' via constructor to bean named 'passwordEncoder'
2024-07-20T12:50:58.044+02:00 DEBUG 238666 --- [crud-springboot] [           main] o.s.b.f.s.DefaultListableBeanFactory     : Autowiring by type from bean name 'webController' via constructor to bean named 'jwtUtils'
2024-07-20T12:50:58.044+02:00 DEBUG 238666 --- [crud-springboot] [           main] o.s.b.f.s.DefaultListableBeanFactory     : Autowiring by type from bean name 'webController' via constructor to bean named 'authenticationManager'
2024-07-20T12:50:58.045+02:00 TRACE 238666 --- [crud-springboot] [           main] o.s.b.f.s.DefaultListableBeanFactory     : Returning cached instance of singleton bean 'org.springframework.transaction.config.internalTransactionAdvisor'
2024-07-20T12:50:58.045+02:00 TRACE 238666 --- [crud-springboot] [           main] o.s.b.f.s.DefaultListableBeanFactory     : Returning cached instance of singleton bean 'org.springframework.transaction.config.internalTransactionAdvisor'
2024-07-20T12:50:58.045+02:00 TRACE 238666 --- [crud-springboot] [           main] o.s.b.f.s.DefaultListableBeanFactory     : Finished creating instance of bean 'webController'
2024-07-20T12:50:58.045+02:00 DEBUG 238666 --- [crud-springboot] [           main] o.s.b.f.s.DefaultListableBeanFactory     : Creating shared instance of singleton bean 'jwtFilter'
2024-07-20T12:50:58.045+02:00 TRACE 238666 --- [crud-springboot] [           main] o.s.b.f.s.DefaultListableBeanFactory     : Creating instance of bean 'jwtFilter'
2024-07-20T12:50:58.045+02:00 TRACE 238666 --- [crud-springboot] [           main] o.s.b.f.s.DefaultListableBeanFactory     : Returning cached instance of singleton bean 'org.springframework.transaction.config.internalTransactionAdvisor'
2024-07-20T12:50:58.047+02:00 TRACE 238666 --- [crud-springboot] [           main] o.s.b.f.s.DefaultListableBeanFactory     : Returning cached instance of singleton bean 'customUserDetailsService'
2024-07-20T12:50:58.047+02:00 TRACE 238666 --- [crud-springboot] [           main] o.s.b.f.s.DefaultListableBeanFactory     : Returning cached instance of singleton bean 'jwtUtils'
2024-07-20T12:50:58.047+02:00 DEBUG 238666 --- [crud-springboot] [           main] o.s.b.f.s.DefaultListableBeanFactory     : Autowiring by type from bean name 'jwtFilter' via constructor to bean named 'customUserDetailsService'
2024-07-20T12:50:58.047+02:00 DEBUG 238666 --- [crud-springboot] [           main] o.s.b.f.s.DefaultListableBeanFactory     : Autowiring by type from bean name 'jwtFilter' via constructor to bean named 'jwtUtils'
2024-07-20T12:50:58.048+02:00 TRACE 238666 --- [crud-springboot] [           main] o.s.b.f.s.DefaultListableBeanFactory     : Invoking afterPropertiesSet() on bean with name 'jwtFilter'
2024-07-20T12:50:58.048+02:00 TRACE 238666 --- [crud-springboot] [           main] o.s.b.f.s.DefaultListableBeanFactory     : Returning cached instance of singleton bean 'org.springframework.transaction.config.internalTransactionAdvisor'
2024-07-20T12:50:58.048+02:00 TRACE 238666 --- [crud-springboot] [           main] o.s.b.f.s.DefaultListableBeanFactory     : Returning cached instance of singleton bean 'org.springframework.transaction.config.internalTransactionAdvisor'
2024-07-20T12:50:58.049+02:00 TRACE 238666 --- [crud-springboot] [           main] o.s.b.f.s.DefaultListableBeanFactory     : Finished creating instance of bean 'jwtFilter'
2024-07-20T12:50:58.049+02:00 DEBUG 238666 --- [crud-springboot] [           main] o.s.b.f.s.DefaultListableBeanFactory     : Creating shared instance of singleton bean 'cardService'
2024-07-20T12:50:58.049+02:00 TRACE 238666 --- [crud-springboot] [           main] o.s.b.f.s.DefaultListableBeanFactory     : Creating instance of bean 'cardService'
2024-07-20T12:50:58.050+02:00 TRACE 238666 --- [crud-springboot] [           main] o.s.b.f.s.DefaultListableBeanFactory     : Returning cached instance of singleton bean 'org.springframework.transaction.config.internalTransactionAdvisor'
2024-07-20T12:50:58.051+02:00 DEBUG 238666 --- [crud-springboot] [           main] o.s.b.f.s.DefaultListableBeanFactory     : Creating shared instance of singleton bean 'cardRepository'
2024-07-20T12:50:58.051+02:00 TRACE 238666 --- [crud-springboot] [           main] o.s.b.f.s.DefaultListableBeanFactory     : Creating instance of bean 'cardRepository'
2024-07-20T12:50:58.052+02:00 TRACE 238666 --- [crud-springboot] [           main] o.s.b.f.s.DefaultListableBeanFactory     : Returning cached instance of singleton bean 'org.springframework.transaction.config.internalTransactionAdvisor'
2024-07-20T12:50:58.054+02:00 DEBUG 238666 --- [crud-springboot] [           main] o.s.b.f.s.DefaultListableBeanFactory     : Creating shared instance of singleton bean 'jpa.named-queries#5'
2024-07-20T12:50:58.054+02:00 TRACE 238666 --- [crud-springboot] [           main] o.s.b.f.s.DefaultListableBeanFactory     : Creating instance of bean 'jpa.named-queries#5'
2024-07-20T12:50:58.054+02:00 TRACE 238666 --- [crud-springboot] [           main] o.s.b.f.s.DefaultListableBeanFactory     : Returning cached instance of singleton bean 'org.springframework.transaction.config.internalTransactionAdvisor'
2024-07-20T12:50:58.054+02:00 TRACE 238666 --- [crud-springboot] [           main] o.s.beans.TypeConverterDelegate          : Converting String to [class [Lorg.springframework.core.io.Resource;] using property editor [org.springframework.core.io.support.ResourceArrayPropertyEditor@7e4c0bc7]
2024-07-20T12:50:58.054+02:00 TRACE 238666 --- [crud-springboot] [           main] .i.s.PathMatchingResourcePatternResolver : Resolved module-path location pattern [META-INF/jpa-named-queries.properties] to resources []
2024-07-20T12:50:58.055+02:00 TRACE 238666 --- [crud-springboot] [           main] .i.s.PathMatchingResourcePatternResolver : Resolved class path location [META-INF/jpa-named-queries.properties] to resources []
2024-07-20T12:50:58.055+02:00 TRACE 238666 --- [crud-springboot] [           main] o.s.b.f.s.DefaultListableBeanFactory     : Invoking afterPropertiesSet() on bean with name 'jpa.named-queries#5'
2024-07-20T12:50:58.055+02:00 TRACE 238666 --- [crud-springboot] [           main] o.s.b.f.s.DefaultListableBeanFactory     : Returning cached instance of singleton bean 'org.springframework.transaction.config.internalTransactionAdvisor'
2024-07-20T12:50:58.055+02:00 TRACE 238666 --- [crud-springboot] [           main] o.s.b.f.s.DefaultListableBeanFactory     : Returning cached instance of singleton bean 'org.springframework.transaction.config.internalTransactionAdvisor'
2024-07-20T12:50:58.056+02:00 TRACE 238666 --- [crud-springboot] [           main] o.s.b.f.s.DefaultListableBeanFactory     : Finished creating instance of bean 'jpa.named-queries#5'
2024-07-20T12:50:58.056+02:00 TRACE 238666 --- [crud-springboot] [           main] o.s.b.f.s.DefaultListableBeanFactory     : Returning cached instance of singleton bean 'org.springframework.transaction.config.internalTransactionAdvisor'
2024-07-20T12:50:58.056+02:00 TRACE 238666 --- [crud-springboot] [           main] o.s.b.f.s.DefaultListableBeanFactory     : Returning cached instance of singleton bean 'org.springframework.transaction.config.internalTransactionAdvisor'
2024-07-20T12:50:58.056+02:00 DEBUG 238666 --- [crud-springboot] [           main] o.s.b.f.s.DefaultListableBeanFactory     : Creating shared instance of singleton bean 'jpa.CardRepository.fragments#0'
2024-07-20T12:50:58.056+02:00 TRACE 238666 --- [crud-springboot] [           main] o.s.b.f.s.DefaultListableBeanFactory     : Creating instance of bean 'jpa.CardRepository.fragments#0'
2024-07-20T12:50:58.056+02:00 TRACE 238666 --- [crud-springboot] [           main] o.s.b.f.s.DefaultListableBeanFactory     : Returning cached instance of singleton bean 'org.springframework.transaction.config.internalTransactionAdvisor'
2024-07-20T12:50:58.056+02:00 TRACE 238666 --- [crud-springboot] [           main] o.s.b.f.s.DefaultListableBeanFactory     : Invoking afterPropertiesSet() on bean with name 'jpa.CardRepository.fragments#0'
2024-07-20T12:50:58.057+02:00 TRACE 238666 --- [crud-springboot] [           main] o.s.b.f.s.DefaultListableBeanFactory     : Returning cached instance of singleton bean 'org.springframework.transaction.config.internalTransactionAdvisor'
2024-07-20T12:50:58.057+02:00 TRACE 238666 --- [crud-springboot] [           main] o.s.b.f.s.DefaultListableBeanFactory     : Returning cached instance of singleton bean 'org.springframework.transaction.config.internalTransactionAdvisor'
2024-07-20T12:50:58.057+02:00 TRACE 238666 --- [crud-springboot] [           main] o.s.b.f.s.DefaultListableBeanFactory     : Finished creating instance of bean 'jpa.CardRepository.fragments#0'
2024-07-20T12:50:58.057+02:00 TRACE 238666 --- [crud-springboot] [           main] o.s.b.f.s.DefaultListableBeanFactory     : Returning cached instance of singleton bean 'org.springframework.transaction.config.internalTransactionAdvisor'
2024-07-20T12:50:58.057+02:00 TRACE 238666 --- [crud-springboot] [           main] o.s.b.f.s.DefaultListableBeanFactory     : Returning cached instance of singleton bean 'org.springframework.transaction.config.internalTransactionAdvisor'
2024-07-20T12:50:58.057+02:00 TRACE 238666 --- [crud-springboot] [           main] o.s.b.f.s.DefaultListableBeanFactory     : Returning cached instance of singleton bean 'jpaSharedEM_entityManagerFactory'
2024-07-20T12:50:58.057+02:00 TRACE 238666 --- [crud-springboot] [           main] o.s.b.f.s.DefaultListableBeanFactory     : Returning cached instance of singleton bean 'jpaMappingContext'
2024-07-20T12:50:58.058+02:00 TRACE 238666 --- [crud-springboot] [           main] o.s.b.f.s.DefaultListableBeanFactory     : Invoking afterPropertiesSet() on bean with name 'cardRepository'
2024-07-20T12:50:58.058+02:00 DEBUG 238666 --- [crud-springboot] [           main] tor$SharedEntityManagerInvocationHandler : Creating new EntityManager for shared EntityManager invocation
2024-07-20T12:50:58.059+02:00 DEBUG 238666 --- [crud-springboot] [           main] o.s.d.r.c.s.RepositoryFactorySupport     : Initializing repository instance for com.cwa.crudspringboot.repository.CardRepository…
2024-07-20T12:50:58.059+02:00 TRACE 238666 --- [crud-springboot] [           main] o.s.b.f.s.DefaultListableBeanFactory     : Returning cached instance of singleton bean 'applicationStartup'
2024-07-20T12:50:58.060+02:00 TRACE 238666 --- [crud-springboot] [           main] o.s.aop.framework.JdkDynamicAopProxy     : Creating JDK dynamic proxy: org.springframework.data.jpa.repository.support.CrudMethodMetadataPostProcessor$ThreadBoundTargetSource@c7d173f
2024-07-20T12:50:58.060+02:00 DEBUG 238666 --- [crud-springboot] [           main] tor$SharedEntityManagerInvocationHandler : Creating new EntityManager for shared EntityManager invocation
2024-07-20T12:50:58.061+02:00 TRACE 238666 --- [crud-springboot] [           main] o.s.aop.framework.JdkDynamicAopProxy     : Creating JDK dynamic proxy: org.springframework.data.jpa.repository.support.CrudMethodMetadataPostProcessor$ThreadBoundTargetSource@344acc03
2024-07-20T12:50:58.066+02:00 TRACE 238666 --- [crud-springboot] [           main] o.s.aop.framework.JdkDynamicAopProxy     : Creating JDK dynamic proxy: SingletonTargetSource for target object [org.springframework.data.jpa.repository.support.SimpleJpaRepository@50eae15a]
2024-07-20T12:50:58.072+02:00 DEBUG 238666 --- [crud-springboot] [           main] o.s.d.r.c.s.RepositoryFactorySupport     : Finished creation of repository instance for com.cwa.crudspringboot.repository.CardRepository.
2024-07-20T12:50:58.072+02:00 TRACE 238666 --- [crud-springboot] [           main] o.s.b.f.s.DefaultListableBeanFactory     : Returning cached instance of singleton bean 'org.springframework.transaction.config.internalTransactionAdvisor'
2024-07-20T12:50:58.072+02:00 TRACE 238666 --- [crud-springboot] [           main] o.s.b.f.s.DefaultListableBeanFactory     : Returning cached instance of singleton bean 'org.springframework.transaction.config.internalTransactionAdvisor'
2024-07-20T12:50:58.072+02:00 TRACE 238666 --- [crud-springboot] [           main] o.s.b.f.s.DefaultListableBeanFactory     : Finished creating instance of bean 'cardRepository'
2024-07-20T12:50:58.072+02:00 TRACE 238666 --- [crud-springboot] [           main] o.s.b.f.s.DefaultListableBeanFactory     : Returning cached instance of singleton bean 'org.springframework.transaction.config.internalTransactionAdvisor'
2024-07-20T12:50:58.072+02:00 TRACE 238666 --- [crud-springboot] [           main] o.s.b.f.s.DefaultListableBeanFactory     : Returning cached instance of singleton bean 'org.springframework.transaction.config.internalTransactionAdvisor'
2024-07-20T12:50:58.073+02:00 TRACE 238666 --- [crud-springboot] [           main] f.a.AutowiredAnnotationBeanPostProcessor : Autowiring by type from bean name 'cardService' to bean named 'cardRepository'
2024-07-20T12:50:58.073+02:00 TRACE 238666 --- [crud-springboot] [           main] o.s.b.f.s.DefaultListableBeanFactory     : Returning cached instance of singleton bean 'org.springframework.transaction.config.internalTransactionAdvisor'
2024-07-20T12:50:58.073+02:00 TRACE 238666 --- [crud-springboot] [           main] o.s.b.f.s.DefaultListableBeanFactory     : Returning cached instance of singleton bean 'org.springframework.transaction.config.internalTransactionAdvisor'
2024-07-20T12:50:58.073+02:00 TRACE 238666 --- [crud-springboot] [           main] o.s.b.f.s.DefaultListableBeanFactory     : Finished creating instance of bean 'cardService'
2024-07-20T12:50:58.074+02:00 TRACE 238666 --- [crud-springboot] [           main] o.s.b.f.s.DefaultListableBeanFactory     : Returning cached instance of singleton bean 'customUserDetailsService'
2024-07-20T12:50:58.074+02:00 TRACE 238666 --- [crud-springboot] [           main] o.s.b.f.s.DefaultListableBeanFactory     : Returning cached instance of singleton bean 'org.springframework.security.config.annotation.configuration.ObjectPostProcessorConfiguration'
2024-07-20T12:50:58.074+02:00 TRACE 238666 --- [crud-springboot] [           main] o.s.b.f.s.DefaultListableBeanFactory     : Returning cached instance of singleton bean 'objectPostProcessor'
2024-07-20T12:50:58.074+02:00 TRACE 238666 --- [crud-springboot] [           main] o.s.b.f.s.DefaultListableBeanFactory     : Returning cached instance of singleton bean 'org.springframework.security.config.annotation.authentication.configuration.AuthenticationConfiguration'
2024-07-20T12:50:58.074+02:00 TRACE 238666 --- [crud-springboot] [           main] o.s.b.f.s.DefaultListableBeanFactory     : Returning cached instance of singleton bean 'authenticationManagerBuilder'
2024-07-20T12:50:58.074+02:00 TRACE 238666 --- [crud-springboot] [           main] o.s.b.f.s.DefaultListableBeanFactory     : Returning cached instance of singleton bean 'enableGlobalAuthenticationAutowiredConfigurer'
2024-07-20T12:50:58.074+02:00 TRACE 238666 --- [crud-springboot] [           main] o.s.b.f.s.DefaultListableBeanFactory     : Returning cached instance of singleton bean 'initializeUserDetailsBeanManagerConfigurer'
2024-07-20T12:50:58.074+02:00 TRACE 238666 --- [crud-springboot] [           main] o.s.b.f.s.DefaultListableBeanFactory     : Returning cached instance of singleton bean 'initializeAuthenticationProviderBeanManagerConfigurer'
2024-07-20T12:50:58.074+02:00 DEBUG 238666 --- [crud-springboot] [           main] o.s.b.f.s.DefaultListableBeanFactory     : Creating shared instance of singleton bean 'org.springframework.security.config.annotation.web.configuration.WebSecurityConfiguration'
2024-07-20T12:50:58.074+02:00 TRACE 238666 --- [crud-springboot] [           main] o.s.b.f.s.DefaultListableBeanFactory     : Creating instance of bean 'org.springframework.security.config.annotation.web.configuration.WebSecurityConfiguration'
2024-07-20T12:50:58.074+02:00 TRACE 238666 --- [crud-springboot] [           main] o.s.b.f.s.DefaultListableBeanFactory     : Returning cached instance of singleton bean 'org.springframework.transaction.config.internalTransactionAdvisor'
2024-07-20T12:50:58.075+02:00 TRACE 238666 --- [crud-springboot] [           main] o.s.beans.CachedIntrospectionResults     : Getting BeanInfo for class [org.springframework.security.config.annotation.web.configuration.WebSecurityConfiguration]
2024-07-20T12:50:58.075+02:00 TRACE 238666 --- [crud-springboot] [           main] o.s.beans.CachedIntrospectionResults     : Caching PropertyDescriptors for class [org.springframework.security.config.annotation.web.configuration.WebSecurityConfiguration]
2024-07-20T12:50:58.075+02:00 TRACE 238666 --- [crud-springboot] [           main] o.s.beans.CachedIntrospectionResults     : Found bean property 'beanClassLoader' of type [java.lang.ClassLoader]
2024-07-20T12:50:58.075+02:00 TRACE 238666 --- [crud-springboot] [           main] o.s.beans.CachedIntrospectionResults     : Found bean property 'class' of type [java.lang.Class]
2024-07-20T12:50:58.075+02:00 TRACE 238666 --- [crud-springboot] [           main] o.s.beans.CachedIntrospectionResults     : Found bean property 'importMetadata' of type [org.springframework.core.type.AnnotationMetadata]
2024-07-20T12:50:58.077+02:00 TRACE 238666 --- [crud-springboot] [           main] o.s.b.f.s.DefaultListableBeanFactory     : Returning cached instance of singleton bean 'objectPostProcessor'
2024-07-20T12:50:58.077+02:00 TRACE 238666 --- [crud-springboot] [           main] f.a.AutowiredAnnotationBeanPostProcessor : Autowiring by type from bean name 'org.springframework.security.config.annotation.web.configuration.WebSecurityConfiguration' to bean named 'objectPostProcessor'
2024-07-20T12:50:58.078+02:00 TRACE 238666 --- [crud-springboot] [           main] o.s.b.f.s.DefaultListableBeanFactory     : Creating instance of bean 'org.springframework.security.config.annotation.web.configuration.HttpSecurityConfiguration.httpSecurity'
2024-07-20T12:50:58.078+02:00 TRACE 238666 --- [crud-springboot] [           main] o.s.b.f.s.DefaultListableBeanFactory     : Returning cached instance of singleton bean 'org.springframework.security.config.annotation.web.configuration.HttpSecurityConfiguration'
2024-07-20T12:50:58.078+02:00 TRACE 238666 --- [crud-springboot] [           main] o.s.b.f.s.DefaultListableBeanFactory     : Returning cached instance of singleton bean 'authenticationEventPublisher'
2024-07-20T12:50:58.078+02:00 TRACE 238666 --- [crud-springboot] [           main] o.s.c.io.support.SpringFactoriesLoader   : Loaded [org.springframework.security.config.annotation.web.configurers.AbstractHttpConfigurer] names: []
2024-07-20T12:50:58.078+02:00 TRACE 238666 --- [crud-springboot] [           main] o.s.b.f.s.DefaultListableBeanFactory     : Finished creating instance of bean 'org.springframework.security.config.annotation.web.configuration.HttpSecurityConfiguration.httpSecurity'
2024-07-20T12:50:58.078+02:00 TRACE 238666 --- [crud-springboot] [           main] f.a.AutowiredAnnotationBeanPostProcessor : Autowiring by type from bean name 'org.springframework.security.config.annotation.web.configuration.WebSecurityConfiguration' to bean named 'org.springframework.security.config.annotation.web.configuration.HttpSecurityConfiguration.httpSecurity'
2024-07-20T12:50:58.079+02:00 TRACE 238666 --- [crud-springboot] [           main] o.s.b.f.s.DefaultListableBeanFactory     : Returning cached instance of singleton bean 'objectPostProcessor'
2024-07-20T12:50:58.080+02:00 TRACE 238666 --- [crud-springboot] [           main] f.a.AutowiredAnnotationBeanPostProcessor : Autowiring by type from bean name 'org.springframework.security.config.annotation.web.configuration.WebSecurityConfiguration' to bean named 'objectPostProcessor'
2024-07-20T12:50:58.080+02:00 TRACE 238666 --- [crud-springboot] [           main] f.a.AutowiredAnnotationBeanPostProcessor : Autowiring by type from bean name 'org.springframework.security.config.annotation.web.configuration.WebSecurityConfiguration' to bean named 'org.springframework.beans.factory.support.DefaultListableBeanFactory@6f330eb9'
2024-07-20T12:50:58.090+02:00 DEBUG 238666 --- [crud-springboot] [           main] o.s.b.f.s.DefaultListableBeanFactory     : Creating shared instance of singleton bean 'mvcHandlerMappingIntrospectorRequestTransformer'
2024-07-20T12:50:58.090+02:00 TRACE 238666 --- [crud-springboot] [           main] o.s.b.f.s.DefaultListableBeanFactory     : Creating instance of bean 'mvcHandlerMappingIntrospectorRequestTransformer'
2024-07-20T12:50:58.090+02:00 TRACE 238666 --- [crud-springboot] [           main] o.s.b.f.s.DefaultListableBeanFactory     : Returning cached instance of singleton bean 'org.springframework.transaction.config.internalTransactionAdvisor'
2024-07-20T12:50:58.091+02:00 DEBUG 238666 --- [crud-springboot] [           main] o.s.b.f.s.DefaultListableBeanFactory     : Creating shared instance of singleton bean 'mvcHandlerMappingIntrospector'
2024-07-20T12:50:58.091+02:00 TRACE 238666 --- [crud-springboot] [           main] o.s.b.f.s.DefaultListableBeanFactory     : Creating instance of bean 'mvcHandlerMappingIntrospector'
2024-07-20T12:50:58.091+02:00 TRACE 238666 --- [crud-springboot] [           main] o.s.b.f.s.DefaultListableBeanFactory     : Returning cached instance of singleton bean 'org.springframework.transaction.config.internalTransactionAdvisor'
2024-07-20T12:50:58.091+02:00 TRACE 238666 --- [crud-springboot] [           main] o.s.b.f.s.DefaultListableBeanFactory     : Returning cached instance of singleton bean 'org.springframework.boot.autoconfigure.web.servlet.WebMvcAutoConfiguration$EnableWebMvcConfiguration'
2024-07-20T12:50:58.096+02:00 TRACE 238666 --- [crud-springboot] [           main] o.s.b.f.s.DefaultListableBeanFactory     : Invoking afterPropertiesSet() on bean with name 'mvcHandlerMappingIntrospector'
2024-07-20T12:50:58.097+02:00 DEBUG 238666 --- [crud-springboot] [           main] o.s.b.f.s.DefaultListableBeanFactory     : Creating shared instance of singleton bean 'welcomePageHandlerMapping'
2024-07-20T12:50:58.097+02:00 TRACE 238666 --- [crud-springboot] [           main] o.s.b.f.s.DefaultListableBeanFactory     : Creating instance of bean 'welcomePageHandlerMapping'
2024-07-20T12:50:58.098+02:00 TRACE 238666 --- [crud-springboot] [           main] o.s.b.f.s.DefaultListableBeanFactory     : Returning cached instance of singleton bean 'org.springframework.transaction.config.internalTransactionAdvisor'
2024-07-20T12:50:58.098+02:00 TRACE 238666 --- [crud-springboot] [           main] o.s.b.f.s.DefaultListableBeanFactory     : Returning cached instance of singleton bean 'org.springframework.boot.autoconfigure.web.servlet.WebMvcAutoConfiguration$EnableWebMvcConfiguration'
2024-07-20T12:50:58.098+02:00 DEBUG 238666 --- [crud-springboot] [           main] o.s.b.f.s.DefaultListableBeanFactory     : Creating shared instance of singleton bean 'mvcConversionService'
2024-07-20T12:50:58.098+02:00 TRACE 238666 --- [crud-springboot] [           main] o.s.b.f.s.DefaultListableBeanFactory     : Creating instance of bean 'mvcConversionService'
2024-07-20T12:50:58.099+02:00 TRACE 238666 --- [crud-springboot] [           main] o.s.b.f.s.DefaultListableBeanFactory     : Returning cached instance of singleton bean 'org.springframework.transaction.config.internalTransactionAdvisor'
2024-07-20T12:50:58.099+02:00 TRACE 238666 --- [crud-springboot] [           main] o.s.b.f.s.DefaultListableBeanFactory     : Returning cached instance of singleton bean 'org.springframework.boot.autoconfigure.web.servlet.WebMvcAutoConfiguration$EnableWebMvcConfiguration'
2024-07-20T12:50:58.113+02:00 TRACE 238666 --- [crud-springboot] [           main] o.s.b.f.s.DefaultListableBeanFactory     : Returning cached instance of singleton bean 'org.springframework.transaction.config.internalTransactionAdvisor'
2024-07-20T12:50:58.113+02:00 TRACE 238666 --- [crud-springboot] [           main] o.s.b.f.s.DefaultListableBeanFactory     : Returning cached instance of singleton bean 'org.springframework.transaction.config.internalTransactionAdvisor'
2024-07-20T12:50:58.116+02:00 TRACE 238666 --- [crud-springboot] [           main] o.s.b.f.s.DefaultListableBeanFactory     : Finished creating instance of bean 'mvcConversionService'
2024-07-20T12:50:58.117+02:00 DEBUG 238666 --- [crud-springboot] [           main] o.s.b.f.s.DefaultListableBeanFactory     : Creating shared instance of singleton bean 'mvcResourceUrlProvider'
2024-07-20T12:50:58.117+02:00 TRACE 238666 --- [crud-springboot] [           main] o.s.b.f.s.DefaultListableBeanFactory     : Creating instance of bean 'mvcResourceUrlProvider'
2024-07-20T12:50:58.117+02:00 TRACE 238666 --- [crud-springboot] [           main] o.s.b.f.s.DefaultListableBeanFactory     : Returning cached instance of singleton bean 'org.springframework.transaction.config.internalTransactionAdvisor'
2024-07-20T12:50:58.117+02:00 TRACE 238666 --- [crud-springboot] [           main] o.s.b.f.s.DefaultListableBeanFactory     : Returning cached instance of singleton bean 'org.springframework.boot.autoconfigure.web.servlet.WebMvcAutoConfiguration$EnableWebMvcConfiguration'
2024-07-20T12:50:58.120+02:00 TRACE 238666 --- [crud-springboot] [           main] o.s.b.f.s.DefaultListableBeanFactory     : Returning cached instance of singleton bean 'org.springframework.transaction.config.internalTransactionAdvisor'
2024-07-20T12:50:58.120+02:00 TRACE 238666 --- [crud-springboot] [           main] o.s.b.f.s.DefaultListableBeanFactory     : Returning cached instance of singleton bean 'org.springframework.transaction.config.internalTransactionAdvisor'
2024-07-20T12:50:58.121+02:00 TRACE 238666 --- [crud-springboot] [           main] o.s.b.f.s.DefaultListableBeanFactory     : Finished creating instance of bean 'mvcResourceUrlProvider'
2024-07-20T12:50:58.121+02:00 DEBUG 238666 --- [crud-springboot] [           main] o.s.b.f.s.DefaultListableBeanFactory     : Autowiring by type from bean name 'welcomePageHandlerMapping' via factory method to bean named 'org.springframework.web.context.support.GenericWebApplicationContext@5ef8df1e'
2024-07-20T12:50:58.121+02:00 DEBUG 238666 --- [crud-springboot] [           main] o.s.b.f.s.DefaultListableBeanFactory     : Autowiring by type from bean name 'welcomePageHandlerMapping' via factory method to bean named 'mvcConversionService'
2024-07-20T12:50:58.121+02:00 DEBUG 238666 --- [crud-springboot] [           main] o.s.b.f.s.DefaultListableBeanFactory     : Autowiring by type from bean name 'welcomePageHandlerMapping' via factory method to bean named 'mvcResourceUrlProvider'
2024-07-20T12:50:58.124+02:00 TRACE 238666 --- [crud-springboot] [           main] o.s.c.io.support.SpringFactoriesLoader   : Loaded [org.springframework.boot.autoconfigure.template.TemplateAvailabilityProvider] names: [org.springframework.boot.autoconfigure.freemarker.FreeMarkerTemplateAvailabilityProvider, org.springframework.boot.autoconfigure.mustache.MustacheTemplateAvailabilityProvider, org.springframework.boot.autoconfigure.groovy.template.GroovyTemplateAvailabilityProvider, org.springframework.boot.autoconfigure.thymeleaf.ThymeleafTemplateAvailabilityProvider, org.springframework.boot.autoconfigure.web.servlet.JspTemplateAvailabilityProvider]
2024-07-20T12:50:58.133+02:00  INFO 238666 --- [crud-springboot] [           main] o.s.b.a.w.s.WelcomePageHandlerMapping    : Adding welcome page template: index
2024-07-20T12:50:58.150+02:00 TRACE 238666 --- [crud-springboot] [           main] o.s.b.f.s.DefaultListableBeanFactory     : Returning cached instance of singleton bean 'org.springframework.transaction.config.internalTransactionAdvisor'
2024-07-20T12:50:58.151+02:00 TRACE 238666 --- [crud-springboot] [           main] o.s.b.f.s.DefaultListableBeanFactory     : Returning cached instance of singleton bean 'org.springframework.transaction.config.internalTransactionAdvisor'
2024-07-20T12:50:58.155+02:00 TRACE 238666 --- [crud-springboot] [           main] o.s.b.f.s.DefaultListableBeanFactory     : Finished creating instance of bean 'welcomePageHandlerMapping'
2024-07-20T12:50:58.155+02:00 DEBUG 238666 --- [crud-springboot] [           main] o.s.b.f.s.DefaultListableBeanFactory     : Creating shared instance of singleton bean 'welcomePageNotAcceptableHandlerMapping'
2024-07-20T12:50:58.155+02:00 TRACE 238666 --- [crud-springboot] [           main] o.s.b.f.s.DefaultListableBeanFactory     : Creating instance of bean 'welcomePageNotAcceptableHandlerMapping'
2024-07-20T12:50:58.155+02:00 TRACE 238666 --- [crud-springboot] [           main] o.s.b.f.s.DefaultListableBeanFactory     : Returning cached instance of singleton bean 'org.springframework.transaction.config.internalTransactionAdvisor'
2024-07-20T12:50:58.155+02:00 TRACE 238666 --- [crud-springboot] [           main] o.s.b.f.s.DefaultListableBeanFactory     : Returning cached instance of singleton bean 'org.springframework.boot.autoconfigure.web.servlet.WebMvcAutoConfiguration$EnableWebMvcConfiguration'
2024-07-20T12:50:58.155+02:00 TRACE 238666 --- [crud-springboot] [           main] o.s.b.f.s.DefaultListableBeanFactory     : Returning cached instance of singleton bean 'mvcConversionService'
2024-07-20T12:50:58.155+02:00 TRACE 238666 --- [crud-springboot] [           main] o.s.b.f.s.DefaultListableBeanFactory     : Returning cached instance of singleton bean 'mvcResourceUrlProvider'
2024-07-20T12:50:58.156+02:00 DEBUG 238666 --- [crud-springboot] [           main] o.s.b.f.s.DefaultListableBeanFactory     : Autowiring by type from bean name 'welcomePageNotAcceptableHandlerMapping' via factory method to bean named 'org.springframework.web.context.support.GenericWebApplicationContext@5ef8df1e'
2024-07-20T12:50:58.156+02:00 DEBUG 238666 --- [crud-springboot] [           main] o.s.b.f.s.DefaultListableBeanFactory     : Autowiring by type from bean name 'welcomePageNotAcceptableHandlerMapping' via factory method to bean named 'mvcConversionService'
2024-07-20T12:50:58.156+02:00 DEBUG 238666 --- [crud-springboot] [           main] o.s.b.f.s.DefaultListableBeanFactory     : Autowiring by type from bean name 'welcomePageNotAcceptableHandlerMapping' via factory method to bean named 'mvcResourceUrlProvider'
2024-07-20T12:50:58.157+02:00 TRACE 238666 --- [crud-springboot] [           main] o.s.c.io.support.SpringFactoriesLoader   : Loaded [org.springframework.boot.autoconfigure.template.TemplateAvailabilityProvider] names: [org.springframework.boot.autoconfigure.freemarker.FreeMarkerTemplateAvailabilityProvider, org.springframework.boot.autoconfigure.mustache.MustacheTemplateAvailabilityProvider, org.springframework.boot.autoconfigure.groovy.template.GroovyTemplateAvailabilityProvider, org.springframework.boot.autoconfigure.thymeleaf.ThymeleafTemplateAvailabilityProvider, org.springframework.boot.autoconfigure.web.servlet.JspTemplateAvailabilityProvider]
2024-07-20T12:50:58.162+02:00 TRACE 238666 --- [crud-springboot] [           main] o.s.b.f.s.DefaultListableBeanFactory     : Returning cached instance of singleton bean 'org.springframework.transaction.config.internalTransactionAdvisor'
2024-07-20T12:50:58.162+02:00 TRACE 238666 --- [crud-springboot] [           main] o.s.b.f.s.DefaultListableBeanFactory     : Returning cached instance of singleton bean 'org.springframework.transaction.config.internalTransactionAdvisor'
2024-07-20T12:50:58.165+02:00 TRACE 238666 --- [crud-springboot] [           main] o.s.b.f.s.DefaultListableBeanFactory     : Finished creating instance of bean 'welcomePageNotAcceptableHandlerMapping'
2024-07-20T12:50:58.165+02:00 DEBUG 238666 --- [crud-springboot] [           main] o.s.b.f.s.DefaultListableBeanFactory     : Creating shared instance of singleton bean 'requestMappingHandlerMapping'
2024-07-20T12:50:58.165+02:00 TRACE 238666 --- [crud-springboot] [           main] o.s.b.f.s.DefaultListableBeanFactory     : Creating instance of bean 'requestMappingHandlerMapping'
2024-07-20T12:50:58.165+02:00 TRACE 238666 --- [crud-springboot] [           main] o.s.b.f.s.DefaultListableBeanFactory     : Returning cached instance of singleton bean 'org.springframework.transaction.config.internalTransactionAdvisor'
2024-07-20T12:50:58.165+02:00 TRACE 238666 --- [crud-springboot] [           main] o.s.b.f.s.DefaultListableBeanFactory     : Returning cached instance of singleton bean 'org.springframework.boot.autoconfigure.web.servlet.WebMvcAutoConfiguration$EnableWebMvcConfiguration'
2024-07-20T12:50:58.169+02:00 TRACE 238666 --- [crud-springboot] [           main] o.s.b.f.s.DefaultListableBeanFactory     : Returning cached instance of singleton bean 'mvcContentNegotiationManager'
2024-07-20T12:50:58.170+02:00 TRACE 238666 --- [crud-springboot] [           main] o.s.b.f.s.DefaultListableBeanFactory     : Returning cached instance of singleton bean 'mvcConversionService'
2024-07-20T12:50:58.171+02:00 TRACE 238666 --- [crud-springboot] [           main] o.s.b.f.s.DefaultListableBeanFactory     : Returning cached instance of singleton bean 'mvcResourceUrlProvider'
2024-07-20T12:50:58.171+02:00 DEBUG 238666 --- [crud-springboot] [           main] o.s.b.f.s.DefaultListableBeanFactory     : Autowiring by type from bean name 'requestMappingHandlerMapping' via factory method to bean named 'mvcContentNegotiationManager'
2024-07-20T12:50:58.171+02:00 DEBUG 238666 --- [crud-springboot] [           main] o.s.b.f.s.DefaultListableBeanFactory     : Autowiring by type from bean name 'requestMappingHandlerMapping' via factory method to bean named 'mvcConversionService'
2024-07-20T12:50:58.171+02:00 DEBUG 238666 --- [crud-springboot] [           main] o.s.b.f.s.DefaultListableBeanFactory     : Autowiring by type from bean name 'requestMappingHandlerMapping' via factory method to bean named 'mvcResourceUrlProvider'
2024-07-20T12:50:58.197+02:00 TRACE 238666 --- [crud-springboot] [           main] o.s.b.f.s.DefaultListableBeanFactory     : Invoking afterPropertiesSet() on bean with name 'requestMappingHandlerMapping'
2024-07-20T12:50:58.201+02:00 DEBUG 238666 --- [crud-springboot] [           main] _.s.web.servlet.HandlerMapping.Mappings  : 
	c.c.c.c.ApiResponse:
	
2024-07-20T12:50:58.222+02:00 DEBUG 238666 --- [crud-springboot] [           main] _.s.web.servlet.HandlerMapping.Mappings  : 
	c.c.c.c.AuthController:
	{POST [/api/auth/register]}: register(User)
	{POST [/api/auth/login]}: login(User)
2024-07-20T12:50:58.225+02:00 DEBUG 238666 --- [crud-springboot] [           main] _.s.web.servlet.HandlerMapping.Mappings  : 
	c.c.c.c.LoginRequest:
	
2024-07-20T12:50:58.229+02:00 DEBUG 238666 --- [crud-springboot] [           main] _.s.web.servlet.HandlerMapping.Mappings  : 
	c.c.c.c.PersonController:
	{GET [/api/persons]}: getAllPersons()
	{POST [/api/persons]}: createPerson(Person)
	{GET [/api/persons/{id}]}: getPersonById(Long)
	{PUT [/api/persons/{id}]}: updatePerson(Long,Person)
	{DELETE [/api/persons/{id}]}: deletePerson(Long)
2024-07-20T12:50:58.230+02:00 DEBUG 238666 --- [crud-springboot] [           main] _.s.web.servlet.HandlerMapping.Mappings  : 
	c.c.c.c.RegisterRequest:
	
2024-07-20T12:50:58.232+02:00 DEBUG 238666 --- [crud-springboot] [           main] _.s.web.servlet.HandlerMapping.Mappings  : 
	c.c.c.c.WebController:
	{POST [/signup]}: register(User,HttpServletResponse,Model)
	{POST [/login]}: login(String,String,HttpServletResponse,Model)
	{GET [/login]}: loginPage()
	{GET [/user]}: adminPage()
	{GET [/configuration]}: configPage()
	{GET [/signup]}: registerPage(Model)
2024-07-20T12:50:58.234+02:00 TRACE 238666 --- [crud-springboot] [           main] o.s.c.e.PropertySourcesPropertyResolver  : Searching for key 'error.path:/error' in PropertySource 'environmentProperties'
2024-07-20T12:50:58.234+02:00 TRACE 238666 --- [crud-springboot] [           main] ySourcesPropertyResolver$DefaultResolver : Searching for key 'error.path:/error' in PropertySource 'configurationProperties'
2024-07-20T12:50:58.234+02:00 TRACE 238666 --- [crud-springboot] [           main] ySourcesPropertyResolver$DefaultResolver : Searching for key 'error.path:/error' in PropertySource 'test'
2024-07-20T12:50:58.234+02:00 TRACE 238666 --- [crud-springboot] [           main] ySourcesPropertyResolver$DefaultResolver : Searching for key 'error.path:/error' in PropertySource 'Inlined Test Properties'
2024-07-20T12:50:58.234+02:00 TRACE 238666 --- [crud-springboot] [           main] ySourcesPropertyResolver$DefaultResolver : Searching for key 'error.path:/error' in PropertySource 'servletConfigInitParams'
2024-07-20T12:50:58.234+02:00 TRACE 238666 --- [crud-springboot] [           main] ySourcesPropertyResolver$DefaultResolver : Searching for key 'error.path:/error' in PropertySource 'servletContextInitParams'
2024-07-20T12:50:58.234+02:00 TRACE 238666 --- [crud-springboot] [           main] ySourcesPropertyResolver$DefaultResolver : Searching for key 'error.path:/error' in PropertySource 'systemProperties'
2024-07-20T12:50:58.234+02:00 TRACE 238666 --- [crud-springboot] [           main] ySourcesPropertyResolver$DefaultResolver : Searching for key 'error.path:/error' in PropertySource 'systemEnvironment'
2024-07-20T12:50:58.235+02:00 TRACE 238666 --- [crud-springboot] [           main] ySourcesPropertyResolver$DefaultResolver : Searching for key 'error.path:/error' in PropertySource 'random'
2024-07-20T12:50:58.235+02:00 TRACE 238666 --- [crud-springboot] [           main] ySourcesPropertyResolver$DefaultResolver : Searching for key 'error.path:/error' in PropertySource 'Config resource 'class path resource [application.properties]' via location 'optional:classpath:/''
2024-07-20T12:50:58.235+02:00 TRACE 238666 --- [crud-springboot] [           main] ySourcesPropertyResolver$DefaultResolver : Could not find key 'error.path:/error' in any property source
2024-07-20T12:50:58.235+02:00 TRACE 238666 --- [crud-springboot] [           main] o.s.c.e.PropertySourcesPropertyResolver  : Searching for key 'error.path:/error' in PropertySource 'localProperties'
2024-07-20T12:50:58.235+02:00 TRACE 238666 --- [crud-springboot] [           main] o.s.c.e.PropertySourcesPropertyResolver  : Could not find key 'error.path:/error' in any property source
2024-07-20T12:50:58.235+02:00 TRACE 238666 --- [crud-springboot] [           main] o.s.c.e.PropertySourcesPropertyResolver  : Searching for key 'error.path' in PropertySource 'environmentProperties'
2024-07-20T12:50:58.235+02:00 TRACE 238666 --- [crud-springboot] [           main] o.s.c.e.PropertySourcesPropertyResolver  : Searching for key 'error.path' in PropertySource 'localProperties'
2024-07-20T12:50:58.235+02:00 TRACE 238666 --- [crud-springboot] [           main] o.s.c.e.PropertySourcesPropertyResolver  : Could not find key 'error.path' in any property source
2024-07-20T12:50:58.235+02:00 TRACE 238666 --- [crud-springboot] [           main] o.s.util.PropertyPlaceholderHelper       : Resolved placeholder 'error.path:/error'
2024-07-20T12:50:58.235+02:00 TRACE 238666 --- [crud-springboot] [           main] o.s.c.e.PropertySourcesPropertyResolver  : Searching for key 'server.error.path:/error' in PropertySource 'environmentProperties'
2024-07-20T12:50:58.235+02:00 TRACE 238666 --- [crud-springboot] [           main] ySourcesPropertyResolver$DefaultResolver : Searching for key 'server.error.path:/error' in PropertySource 'configurationProperties'
2024-07-20T12:50:58.235+02:00 TRACE 238666 --- [crud-springboot] [           main] ySourcesPropertyResolver$DefaultResolver : Searching for key 'server.error.path:/error' in PropertySource 'test'
2024-07-20T12:50:58.235+02:00 TRACE 238666 --- [crud-springboot] [           main] ySourcesPropertyResolver$DefaultResolver : Searching for key 'server.error.path:/error' in PropertySource 'Inlined Test Properties'
2024-07-20T12:50:58.235+02:00 TRACE 238666 --- [crud-springboot] [           main] ySourcesPropertyResolver$DefaultResolver : Searching for key 'server.error.path:/error' in PropertySource 'servletConfigInitParams'
2024-07-20T12:50:58.235+02:00 TRACE 238666 --- [crud-springboot] [           main] ySourcesPropertyResolver$DefaultResolver : Searching for key 'server.error.path:/error' in PropertySource 'servletContextInitParams'
2024-07-20T12:50:58.235+02:00 TRACE 238666 --- [crud-springboot] [           main] ySourcesPropertyResolver$DefaultResolver : Searching for key 'server.error.path:/error' in PropertySource 'systemProperties'
2024-07-20T12:50:58.235+02:00 TRACE 238666 --- [crud-springboot] [           main] ySourcesPropertyResolver$DefaultResolver : Searching for key 'server.error.path:/error' in PropertySource 'systemEnvironment'
2024-07-20T12:50:58.235+02:00 TRACE 238666 --- [crud-springboot] [           main] ySourcesPropertyResolver$DefaultResolver : Searching for key 'server.error.path:/error' in PropertySource 'random'
2024-07-20T12:50:58.235+02:00 TRACE 238666 --- [crud-springboot] [           main] ySourcesPropertyResolver$DefaultResolver : Searching for key 'server.error.path:/error' in PropertySource 'Config resource 'class path resource [application.properties]' via location 'optional:classpath:/''
2024-07-20T12:50:58.235+02:00 TRACE 238666 --- [crud-springboot] [           main] ySourcesPropertyResolver$DefaultResolver : Could not find key 'server.error.path:/error' in any property source
2024-07-20T12:50:58.235+02:00 TRACE 238666 --- [crud-springboot] [           main] o.s.c.e.PropertySourcesPropertyResolver  : Searching for key 'server.error.path:/error' in PropertySource 'localProperties'
2024-07-20T12:50:58.235+02:00 TRACE 238666 --- [crud-springboot] [           main] o.s.c.e.PropertySourcesPropertyResolver  : Could not find key 'server.error.path:/error' in any property source
2024-07-20T12:50:58.235+02:00 TRACE 238666 --- [crud-springboot] [           main] o.s.c.e.PropertySourcesPropertyResolver  : Searching for key 'server.error.path' in PropertySource 'environmentProperties'
2024-07-20T12:50:58.235+02:00 TRACE 238666 --- [crud-springboot] [           main] o.s.c.e.PropertySourcesPropertyResolver  : Searching for key 'server.error.path' in PropertySource 'localProperties'
2024-07-20T12:50:58.235+02:00 TRACE 238666 --- [crud-springboot] [           main] o.s.c.e.PropertySourcesPropertyResolver  : Could not find key 'server.error.path' in any property source
2024-07-20T12:50:58.235+02:00 TRACE 238666 --- [crud-springboot] [           main] o.s.util.PropertyPlaceholderHelper       : Resolved placeholder 'server.error.path:/error'
2024-07-20T12:50:58.236+02:00 TRACE 238666 --- [crud-springboot] [           main] o.s.c.e.PropertySourcesPropertyResolver  : Searching for key 'error.path:/error' in PropertySource 'environmentProperties'
2024-07-20T12:50:58.236+02:00 TRACE 238666 --- [crud-springboot] [           main] ySourcesPropertyResolver$DefaultResolver : Searching for key 'error.path:/error' in PropertySource 'configurationProperties'
2024-07-20T12:50:58.236+02:00 TRACE 238666 --- [crud-springboot] [           main] ySourcesPropertyResolver$DefaultResolver : Searching for key 'error.path:/error' in PropertySource 'test'
2024-07-20T12:50:58.236+02:00 TRACE 238666 --- [crud-springboot] [           main] ySourcesPropertyResolver$DefaultResolver : Searching for key 'error.path:/error' in PropertySource 'Inlined Test Properties'
2024-07-20T12:50:58.236+02:00 TRACE 238666 --- [crud-springboot] [           main] ySourcesPropertyResolver$DefaultResolver : Searching for key 'error.path:/error' in PropertySource 'servletConfigInitParams'
2024-07-20T12:50:58.236+02:00 TRACE 238666 --- [crud-springboot] [           main] ySourcesPropertyResolver$DefaultResolver : Searching for key 'error.path:/error' in PropertySource 'servletContextInitParams'
2024-07-20T12:50:58.236+02:00 TRACE 238666 --- [crud-springboot] [           main] ySourcesPropertyResolver$DefaultResolver : Searching for key 'error.path:/error' in PropertySource 'systemProperties'
2024-07-20T12:50:58.236+02:00 TRACE 238666 --- [crud-springboot] [           main] ySourcesPropertyResolver$DefaultResolver : Searching for key 'error.path:/error' in PropertySource 'systemEnvironment'
2024-07-20T12:50:58.236+02:00 TRACE 238666 --- [crud-springboot] [           main] ySourcesPropertyResolver$DefaultResolver : Searching for key 'error.path:/error' in PropertySource 'random'
2024-07-20T12:50:58.236+02:00 TRACE 238666 --- [crud-springboot] [           main] ySourcesPropertyResolver$DefaultResolver : Searching for key 'error.path:/error' in PropertySource 'Config resource 'class path resource [application.properties]' via location 'optional:classpath:/''
2024-07-20T12:50:58.236+02:00 TRACE 238666 --- [crud-springboot] [           main] ySourcesPropertyResolver$DefaultResolver : Could not find key 'error.path:/error' in any property source
2024-07-20T12:50:58.236+02:00 TRACE 238666 --- [crud-springboot] [           main] o.s.c.e.PropertySourcesPropertyResolver  : Searching for key 'error.path:/error' in PropertySource 'localProperties'
2024-07-20T12:50:58.236+02:00 TRACE 238666 --- [crud-springboot] [           main] o.s.c.e.PropertySourcesPropertyResolver  : Could not find key 'error.path:/error' in any property source
2024-07-20T12:50:58.236+02:00 TRACE 238666 --- [crud-springboot] [           main] o.s.c.e.PropertySourcesPropertyResolver  : Searching for key 'error.path' in PropertySource 'environmentProperties'
2024-07-20T12:50:58.236+02:00 TRACE 238666 --- [crud-springboot] [           main] o.s.c.e.PropertySourcesPropertyResolver  : Searching for key 'error.path' in PropertySource 'localProperties'
2024-07-20T12:50:58.236+02:00 TRACE 238666 --- [crud-springboot] [           main] o.s.c.e.PropertySourcesPropertyResolver  : Could not find key 'error.path' in any property source
2024-07-20T12:50:58.236+02:00 TRACE 238666 --- [crud-springboot] [           main] o.s.util.PropertyPlaceholderHelper       : Resolved placeholder 'error.path:/error'
2024-07-20T12:50:58.236+02:00 TRACE 238666 --- [crud-springboot] [           main] o.s.c.e.PropertySourcesPropertyResolver  : Searching for key 'server.error.path:/error' in PropertySource 'environmentProperties'
2024-07-20T12:50:58.236+02:00 TRACE 238666 --- [crud-springboot] [           main] ySourcesPropertyResolver$DefaultResolver : Searching for key 'server.error.path:/error' in PropertySource 'configurationProperties'
2024-07-20T12:50:58.236+02:00 TRACE 238666 --- [crud-springboot] [           main] ySourcesPropertyResolver$DefaultResolver : Searching for key 'server.error.path:/error' in PropertySource 'test'
2024-07-20T12:50:58.236+02:00 TRACE 238666 --- [crud-springboot] [           main] ySourcesPropertyResolver$DefaultResolver : Searching for key 'server.error.path:/error' in PropertySource 'Inlined Test Properties'
2024-07-20T12:50:58.236+02:00 TRACE 238666 --- [crud-springboot] [           main] ySourcesPropertyResolver$DefaultResolver : Searching for key 'server.error.path:/error' in PropertySource 'servletConfigInitParams'
2024-07-20T12:50:58.236+02:00 TRACE 238666 --- [crud-springboot] [           main] ySourcesPropertyResolver$DefaultResolver : Searching for key 'server.error.path:/error' in PropertySource 'servletContextInitParams'
2024-07-20T12:50:58.236+02:00 TRACE 238666 --- [crud-springboot] [           main] ySourcesPropertyResolver$DefaultResolver : Searching for key 'server.error.path:/error' in PropertySource 'systemProperties'
2024-07-20T12:50:58.236+02:00 TRACE 238666 --- [crud-springboot] [           main] ySourcesPropertyResolver$DefaultResolver : Searching for key 'server.error.path:/error' in PropertySource 'systemEnvironment'
2024-07-20T12:50:58.236+02:00 TRACE 238666 --- [crud-springboot] [           main] ySourcesPropertyResolver$DefaultResolver : Searching for key 'server.error.path:/error' in PropertySource 'random'
2024-07-20T12:50:58.236+02:00 TRACE 238666 --- [crud-springboot] [           main] ySourcesPropertyResolver$DefaultResolver : Searching for key 'server.error.path:/error' in PropertySource 'Config resource 'class path resource [application.properties]' via location 'optional:classpath:/''
2024-07-20T12:50:58.236+02:00 TRACE 238666 --- [crud-springboot] [           main] ySourcesPropertyResolver$DefaultResolver : Could not find key 'server.error.path:/error' in any property source
2024-07-20T12:50:58.236+02:00 TRACE 238666 --- [crud-springboot] [           main] o.s.c.e.PropertySourcesPropertyResolver  : Searching for key 'server.error.path:/error' in PropertySource 'localProperties'
2024-07-20T12:50:58.236+02:00 TRACE 238666 --- [crud-springboot] [           main] o.s.c.e.PropertySourcesPropertyResolver  : Could not find key 'server.error.path:/error' in any property source
2024-07-20T12:50:58.236+02:00 TRACE 238666 --- [crud-springboot] [           main] o.s.c.e.PropertySourcesPropertyResolver  : Searching for key 'server.error.path' in PropertySource 'environmentProperties'
2024-07-20T12:50:58.236+02:00 TRACE 238666 --- [crud-springboot] [           main] o.s.c.e.PropertySourcesPropertyResolver  : Searching for key 'server.error.path' in PropertySource 'localProperties'
2024-07-20T12:50:58.236+02:00 TRACE 238666 --- [crud-springboot] [           main] o.s.c.e.PropertySourcesPropertyResolver  : Could not find key 'server.error.path' in any property source
2024-07-20T12:50:58.236+02:00 TRACE 238666 --- [crud-springboot] [           main] o.s.util.PropertyPlaceholderHelper       : Resolved placeholder 'server.error.path:/error'
2024-07-20T12:50:58.242+02:00 DEBUG 238666 --- [crud-springboot] [           main] _.s.web.servlet.HandlerMapping.Mappings  : 
	o.s.b.a.w.s.e.BasicErrorController:
	{ [/error]}: error(HttpServletRequest)
	{ [/error], produces [text/html]}: errorHtml(HttpServletRequest,HttpServletResponse)
2024-07-20T12:50:58.247+02:00 DEBUG 238666 --- [crud-springboot] [           main] s.w.s.m.m.a.RequestMappingHandlerMapping : 15 mappings in 'requestMappingHandlerMapping'
2024-07-20T12:50:58.247+02:00 TRACE 238666 --- [crud-springboot] [           main] o.s.b.f.s.DefaultListableBeanFactory     : Returning cached instance of singleton bean 'org.springframework.transaction.config.internalTransactionAdvisor'
2024-07-20T12:50:58.247+02:00 TRACE 238666 --- [crud-springboot] [           main] o.s.b.f.s.DefaultListableBeanFactory     : Returning cached instance of singleton bean 'org.springframework.transaction.config.internalTransactionAdvisor'
2024-07-20T12:50:58.253+02:00 TRACE 238666 --- [crud-springboot] [           main] o.s.b.f.s.DefaultListableBeanFactory     : Finished creating instance of bean 'requestMappingHandlerMapping'
2024-07-20T12:50:58.253+02:00 DEBUG 238666 --- [crud-springboot] [           main] o.s.b.f.s.DefaultListableBeanFactory     : Creating shared instance of singleton bean 'viewControllerHandlerMapping'
2024-07-20T12:50:58.253+02:00 TRACE 238666 --- [crud-springboot] [           main] o.s.b.f.s.DefaultListableBeanFactory     : Creating instance of bean 'viewControllerHandlerMapping'
2024-07-20T12:50:58.253+02:00 TRACE 238666 --- [crud-springboot] [           main] o.s.b.f.s.DefaultListableBeanFactory     : Returning cached instance of singleton bean 'org.springframework.transaction.config.internalTransactionAdvisor'
2024-07-20T12:50:58.254+02:00 TRACE 238666 --- [crud-springboot] [           main] o.s.b.f.s.DefaultListableBeanFactory     : Returning cached instance of singleton bean 'org.springframework.boot.autoconfigure.web.servlet.WebMvcAutoConfiguration$EnableWebMvcConfiguration'
2024-07-20T12:50:58.254+02:00 TRACE 238666 --- [crud-springboot] [           main] o.s.b.f.s.DefaultListableBeanFactory     : Returning cached instance of singleton bean 'mvcConversionService'
2024-07-20T12:50:58.255+02:00 TRACE 238666 --- [crud-springboot] [           main] o.s.b.f.s.DefaultListableBeanFactory     : Returning cached instance of singleton bean 'mvcResourceUrlProvider'
2024-07-20T12:50:58.256+02:00 DEBUG 238666 --- [crud-springboot] [           main] o.s.b.f.s.DefaultListableBeanFactory     : Autowiring by type from bean name 'viewControllerHandlerMapping' via factory method to bean named 'mvcConversionService'
2024-07-20T12:50:58.256+02:00 DEBUG 238666 --- [crud-springboot] [           main] o.s.b.f.s.DefaultListableBeanFactory     : Autowiring by type from bean name 'viewControllerHandlerMapping' via factory method to bean named 'mvcResourceUrlProvider'
2024-07-20T12:50:58.257+02:00 TRACE 238666 --- [crud-springboot] [           main] o.s.b.f.s.DefaultListableBeanFactory     : Returning cached instance of singleton bean 'org.springframework.transaction.config.internalTransactionAdvisor'
2024-07-20T12:50:58.257+02:00 TRACE 238666 --- [crud-springboot] [           main] o.s.b.f.s.DefaultListableBeanFactory     : Returning cached instance of singleton bean 'org.springframework.transaction.config.internalTransactionAdvisor'
2024-07-20T12:50:58.258+02:00 TRACE 238666 --- [crud-springboot] [           main] o.s.b.f.s.DefaultListableBeanFactory     : Finished creating instance of bean 'viewControllerHandlerMapping'
2024-07-20T12:50:58.258+02:00 DEBUG 238666 --- [crud-springboot] [           main] o.s.b.f.s.DefaultListableBeanFactory     : Creating shared instance of singleton bean 'beanNameHandlerMapping'
2024-07-20T12:50:58.258+02:00 TRACE 238666 --- [crud-springboot] [           main] o.s.b.f.s.DefaultListableBeanFactory     : Creating instance of bean 'beanNameHandlerMapping'
2024-07-20T12:50:58.258+02:00 TRACE 238666 --- [crud-springboot] [           main] o.s.b.f.s.DefaultListableBeanFactory     : Returning cached instance of singleton bean 'org.springframework.transaction.config.internalTransactionAdvisor'
2024-07-20T12:50:58.259+02:00 TRACE 238666 --- [crud-springboot] [           main] o.s.b.f.s.DefaultListableBeanFactory     : Returning cached instance of singleton bean 'org.springframework.boot.autoconfigure.web.servlet.WebMvcAutoConfiguration$EnableWebMvcConfiguration'
2024-07-20T12:50:58.260+02:00 TRACE 238666 --- [crud-springboot] [           main] o.s.b.f.s.DefaultListableBeanFactory     : Returning cached instance of singleton bean 'mvcConversionService'
2024-07-20T12:50:58.261+02:00 TRACE 238666 --- [crud-springboot] [           main] o.s.b.f.s.DefaultListableBeanFactory     : Returning cached instance of singleton bean 'mvcResourceUrlProvider'
2024-07-20T12:50:58.261+02:00 DEBUG 238666 --- [crud-springboot] [           main] o.s.b.f.s.DefaultListableBeanFactory     : Autowiring by type from bean name 'beanNameHandlerMapping' via factory method to bean named 'mvcConversionService'
2024-07-20T12:50:58.261+02:00 DEBUG 238666 --- [crud-springboot] [           main] o.s.b.f.s.DefaultListableBeanFactory     : Autowiring by type from bean name 'beanNameHandlerMapping' via factory method to bean named 'mvcResourceUrlProvider'
2024-07-20T12:50:58.267+02:00 DEBUG 238666 --- [crud-springboot] [           main] _.s.web.servlet.HandlerMapping.Mappings  : 'beanNameHandlerMapping' {}
2024-07-20T12:50:58.268+02:00 TRACE 238666 --- [crud-springboot] [           main] o.s.b.f.s.DefaultListableBeanFactory     : Returning cached instance of singleton bean 'org.springframework.transaction.config.internalTransactionAdvisor'
2024-07-20T12:50:58.268+02:00 TRACE 238666 --- [crud-springboot] [           main] o.s.b.f.s.DefaultListableBeanFactory     : Returning cached instance of singleton bean 'org.springframework.transaction.config.internalTransactionAdvisor'
2024-07-20T12:50:58.271+02:00 TRACE 238666 --- [crud-springboot] [           main] o.s.b.f.s.DefaultListableBeanFactory     : Finished creating instance of bean 'beanNameHandlerMapping'
2024-07-20T12:50:58.271+02:00 DEBUG 238666 --- [crud-springboot] [           main] o.s.b.f.s.DefaultListableBeanFactory     : Creating shared instance of singleton bean 'routerFunctionMapping'
2024-07-20T12:50:58.271+02:00 TRACE 238666 --- [crud-springboot] [           main] o.s.b.f.s.DefaultListableBeanFactory     : Creating instance of bean 'routerFunctionMapping'
2024-07-20T12:50:58.271+02:00 TRACE 238666 --- [crud-springboot] [           main] o.s.b.f.s.DefaultListableBeanFactory     : Returning cached instance of singleton bean 'org.springframework.transaction.config.internalTransactionAdvisor'
2024-07-20T12:50:58.271+02:00 TRACE 238666 --- [crud-springboot] [           main] o.s.b.f.s.DefaultListableBeanFactory     : Returning cached instance of singleton bean 'org.springframework.boot.autoconfigure.web.servlet.WebMvcAutoConfiguration$EnableWebMvcConfiguration'
2024-07-20T12:50:58.272+02:00 TRACE 238666 --- [crud-springboot] [           main] o.s.b.f.s.DefaultListableBeanFactory     : Returning cached instance of singleton bean 'mvcConversionService'
2024-07-20T12:50:58.273+02:00 TRACE 238666 --- [crud-springboot] [           main] o.s.b.f.s.DefaultListableBeanFactory     : Returning cached instance of singleton bean 'mvcResourceUrlProvider'
2024-07-20T12:50:58.273+02:00 DEBUG 238666 --- [crud-springboot] [           main] o.s.b.f.s.DefaultListableBeanFactory     : Autowiring by type from bean name 'routerFunctionMapping' via factory method to bean named 'mvcConversionService'
2024-07-20T12:50:58.273+02:00 DEBUG 238666 --- [crud-springboot] [           main] o.s.b.f.s.DefaultListableBeanFactory     : Autowiring by type from bean name 'routerFunctionMapping' via factory method to bean named 'mvcResourceUrlProvider'
2024-07-20T12:50:58.276+02:00 DEBUG 238666 --- [crud-springboot] [           main] o.s.b.f.s.DefaultListableBeanFactory     : Creating shared instance of singleton bean 'messageConverters'
2024-07-20T12:50:58.276+02:00 TRACE 238666 --- [crud-springboot] [           main] o.s.b.f.s.DefaultListableBeanFactory     : Creating instance of bean 'messageConverters'
2024-07-20T12:50:58.276+02:00 TRACE 238666 --- [crud-springboot] [           main] o.s.b.f.s.DefaultListableBeanFactory     : Returning cached instance of singleton bean 'org.springframework.transaction.config.internalTransactionAdvisor'
2024-07-20T12:50:58.276+02:00 DEBUG 238666 --- [crud-springboot] [           main] o.s.b.f.s.DefaultListableBeanFactory     : Creating shared instance of singleton bean 'org.springframework.boot.autoconfigure.http.HttpMessageConvertersAutoConfiguration'
2024-07-20T12:50:58.276+02:00 TRACE 238666 --- [crud-springboot] [           main] o.s.b.f.s.DefaultListableBeanFactory     : Creating instance of bean 'org.springframework.boot.autoconfigure.http.HttpMessageConvertersAutoConfiguration'
2024-07-20T12:50:58.276+02:00 TRACE 238666 --- [crud-springboot] [           main] o.s.b.f.s.DefaultListableBeanFactory     : Returning cached instance of singleton bean 'org.springframework.transaction.config.internalTransactionAdvisor'
2024-07-20T12:50:58.277+02:00 TRACE 238666 --- [crud-springboot] [           main] o.s.b.f.s.DefaultListableBeanFactory     : Returning cached instance of singleton bean 'org.springframework.transaction.config.internalTransactionAdvisor'
2024-07-20T12:50:58.277+02:00 TRACE 238666 --- [crud-springboot] [           main] o.s.b.f.s.DefaultListableBeanFactory     : Returning cached instance of singleton bean 'org.springframework.transaction.config.internalTransactionAdvisor'
2024-07-20T12:50:58.278+02:00 TRACE 238666 --- [crud-springboot] [           main] o.s.b.f.s.DefaultListableBeanFactory     : Finished creating instance of bean 'org.springframework.boot.autoconfigure.http.HttpMessageConvertersAutoConfiguration'
2024-07-20T12:50:58.282+02:00 DEBUG 238666 --- [crud-springboot] [           main] o.s.b.f.s.DefaultListableBeanFactory     : Creating shared instance of singleton bean 'stringHttpMessageConverter'
2024-07-20T12:50:58.282+02:00 TRACE 238666 --- [crud-springboot] [           main] o.s.b.f.s.DefaultListableBeanFactory     : Creating instance of bean 'stringHttpMessageConverter'
2024-07-20T12:50:58.282+02:00 TRACE 238666 --- [crud-springboot] [           main] o.s.b.f.s.DefaultListableBeanFactory     : Returning cached instance of singleton bean 'org.springframework.transaction.config.internalTransactionAdvisor'
2024-07-20T12:50:58.283+02:00 DEBUG 238666 --- [crud-springboot] [           main] o.s.b.f.s.DefaultListableBeanFactory     : Creating shared instance of singleton bean 'org.springframework.boot.autoconfigure.http.HttpMessageConvertersAutoConfiguration$StringHttpMessageConverterConfiguration'
2024-07-20T12:50:58.283+02:00 TRACE 238666 --- [crud-springboot] [           main] o.s.b.f.s.DefaultListableBeanFactory     : Creating instance of bean 'org.springframework.boot.autoconfigure.http.HttpMessageConvertersAutoConfiguration$StringHttpMessageConverterConfiguration'
2024-07-20T12:50:58.283+02:00 TRACE 238666 --- [crud-springboot] [           main] o.s.b.f.s.DefaultListableBeanFactory     : Returning cached instance of singleton bean 'org.springframework.transaction.config.internalTransactionAdvisor'
2024-07-20T12:50:58.284+02:00 TRACE 238666 --- [crud-springboot] [           main] o.s.b.f.s.DefaultListableBeanFactory     : Returning cached instance of singleton bean 'org.springframework.transaction.config.internalTransactionAdvisor'
2024-07-20T12:50:58.284+02:00 TRACE 238666 --- [crud-springboot] [           main] o.s.b.f.s.DefaultListableBeanFactory     : Returning cached instance of singleton bean 'org.springframework.transaction.config.internalTransactionAdvisor'
2024-07-20T12:50:58.284+02:00 TRACE 238666 --- [crud-springboot] [           main] o.s.b.f.s.DefaultListableBeanFactory     : Finished creating instance of bean 'org.springframework.boot.autoconfigure.http.HttpMessageConvertersAutoConfiguration$StringHttpMessageConverterConfiguration'
2024-07-20T12:50:58.285+02:00 TRACE 238666 --- [crud-springboot] [           main] o.s.b.f.s.DefaultListableBeanFactory     : Returning cached instance of singleton bean 'environment'
2024-07-20T12:50:58.285+02:00 DEBUG 238666 --- [crud-springboot] [           main] o.s.b.f.s.DefaultListableBeanFactory     : Autowiring by type from bean name 'stringHttpMessageConverter' via factory method to bean named 'environment'
2024-07-20T12:50:58.290+02:00 TRACE 238666 --- [crud-springboot] [           main] o.s.b.f.s.DefaultListableBeanFactory     : Returning cached instance of singleton bean 'org.springframework.transaction.config.internalTransactionAdvisor'
2024-07-20T12:50:58.290+02:00 TRACE 238666 --- [crud-springboot] [           main] o.s.b.f.s.DefaultListableBeanFactory     : Returning cached instance of singleton bean 'org.springframework.transaction.config.internalTransactionAdvisor'
2024-07-20T12:50:58.291+02:00 TRACE 238666 --- [crud-springboot] [           main] o.s.b.f.s.DefaultListableBeanFactory     : Finished creating instance of bean 'stringHttpMessageConverter'
2024-07-20T12:50:58.292+02:00 DEBUG 238666 --- [crud-springboot] [           main] o.s.b.f.s.DefaultListableBeanFactory     : Creating shared instance of singleton bean 'mappingJackson2HttpMessageConverter'
2024-07-20T12:50:58.292+02:00 TRACE 238666 --- [crud-springboot] [           main] o.s.b.f.s.DefaultListableBeanFactory     : Creating instance of bean 'mappingJackson2HttpMessageConverter'
2024-07-20T12:50:58.292+02:00 TRACE 238666 --- [crud-springboot] [           main] o.s.b.f.s.DefaultListableBeanFactory     : Returning cached instance of singleton bean 'org.springframework.transaction.config.internalTransactionAdvisor'
2024-07-20T12:50:58.292+02:00 DEBUG 238666 --- [crud-springboot] [           main] o.s.b.f.s.DefaultListableBeanFactory     : Creating shared instance of singleton bean 'org.springframework.boot.autoconfigure.http.JacksonHttpMessageConvertersConfiguration$MappingJackson2HttpMessageConverterConfiguration'
2024-07-20T12:50:58.292+02:00 TRACE 238666 --- [crud-springboot] [           main] o.s.b.f.s.DefaultListableBeanFactory     : Creating instance of bean 'org.springframework.boot.autoconfigure.http.JacksonHttpMessageConvertersConfiguration$MappingJackson2HttpMessageConverterConfiguration'
2024-07-20T12:50:58.292+02:00 TRACE 238666 --- [crud-springboot] [           main] o.s.b.f.s.DefaultListableBeanFactory     : Returning cached instance of singleton bean 'org.springframework.transaction.config.internalTransactionAdvisor'
2024-07-20T12:50:58.293+02:00 TRACE 238666 --- [crud-springboot] [           main] o.s.b.f.s.DefaultListableBeanFactory     : Returning cached instance of singleton bean 'org.springframework.transaction.config.internalTransactionAdvisor'
2024-07-20T12:50:58.293+02:00 TRACE 238666 --- [crud-springboot] [           main] o.s.b.f.s.DefaultListableBeanFactory     : Returning cached instance of singleton bean 'org.springframework.transaction.config.internalTransactionAdvisor'
2024-07-20T12:50:58.294+02:00 TRACE 238666 --- [crud-springboot] [           main] o.s.b.f.s.DefaultListableBeanFactory     : Finished creating instance of bean 'org.springframework.boot.autoconfigure.http.JacksonHttpMessageConvertersConfiguration$MappingJackson2HttpMessageConverterConfiguration'
2024-07-20T12:50:58.295+02:00 DEBUG 238666 --- [crud-springboot] [           main] o.s.b.f.s.DefaultListableBeanFactory     : Creating shared instance of singleton bean 'jacksonObjectMapper'
2024-07-20T12:50:58.295+02:00 TRACE 238666 --- [crud-springboot] [           main] o.s.b.f.s.DefaultListableBeanFactory     : Creating instance of bean 'jacksonObjectMapper'
2024-07-20T12:50:58.295+02:00 TRACE 238666 --- [crud-springboot] [           main] o.s.b.f.s.DefaultListableBeanFactory     : Returning cached instance of singleton bean 'org.springframework.transaction.config.internalTransactionAdvisor'
2024-07-20T12:50:58.295+02:00 DEBUG 238666 --- [crud-springboot] [           main] o.s.b.f.s.DefaultListableBeanFactory     : Creating shared instance of singleton bean 'org.springframework.boot.autoconfigure.jackson.JacksonAutoConfiguration$JacksonObjectMapperConfiguration'
2024-07-20T12:50:58.295+02:00 TRACE 238666 --- [crud-springboot] [           main] o.s.b.f.s.DefaultListableBeanFactory     : Creating instance of bean 'org.springframework.boot.autoconfigure.jackson.JacksonAutoConfiguration$JacksonObjectMapperConfiguration'
2024-07-20T12:50:58.295+02:00 TRACE 238666 --- [crud-springboot] [           main] o.s.b.f.s.DefaultListableBeanFactory     : Returning cached instance of singleton bean 'org.springframework.transaction.config.internalTransactionAdvisor'
2024-07-20T12:50:58.295+02:00 TRACE 238666 --- [crud-springboot] [           main] o.s.b.f.s.DefaultListableBeanFactory     : Returning cached instance of singleton bean 'org.springframework.transaction.config.internalTransactionAdvisor'
2024-07-20T12:50:58.296+02:00 TRACE 238666 --- [crud-springboot] [           main] o.s.b.f.s.DefaultListableBeanFactory     : Returning cached instance of singleton bean 'org.springframework.transaction.config.internalTransactionAdvisor'
2024-07-20T12:50:58.296+02:00 TRACE 238666 --- [crud-springboot] [           main] o.s.b.f.s.DefaultListableBeanFactory     : Finished creating instance of bean 'org.springframework.boot.autoconfigure.jackson.JacksonAutoConfiguration$JacksonObjectMapperConfiguration'
2024-07-20T12:50:58.310+02:00 TRACE 238666 --- [crud-springboot] [           main] o.s.b.f.s.DefaultListableBeanFactory     : Creating instance of bean 'jacksonObjectMapperBuilder'
2024-07-20T12:50:58.310+02:00 TRACE 238666 --- [crud-springboot] [           main] o.s.b.f.s.DefaultListableBeanFactory     : Returning cached instance of singleton bean 'org.springframework.transaction.config.internalTransactionAdvisor'
2024-07-20T12:50:58.310+02:00 DEBUG 238666 --- [crud-springboot] [           main] o.s.b.f.s.DefaultListableBeanFactory     : Creating shared instance of singleton bean 'org.springframework.boot.autoconfigure.jackson.JacksonAutoConfiguration$JacksonObjectMapperBuilderConfiguration'
2024-07-20T12:50:58.310+02:00 TRACE 238666 --- [crud-springboot] [           main] o.s.b.f.s.DefaultListableBeanFactory     : Creating instance of bean 'org.springframework.boot.autoconfigure.jackson.JacksonAutoConfiguration$JacksonObjectMapperBuilderConfiguration'
2024-07-20T12:50:58.310+02:00 TRACE 238666 --- [crud-springboot] [           main] o.s.b.f.s.DefaultListableBeanFactory     : Returning cached instance of singleton bean 'org.springframework.transaction.config.internalTransactionAdvisor'
2024-07-20T12:50:58.311+02:00 TRACE 238666 --- [crud-springboot] [           main] o.s.b.f.s.DefaultListableBeanFactory     : Returning cached instance of singleton bean 'org.springframework.transaction.config.internalTransactionAdvisor'
2024-07-20T12:50:58.311+02:00 TRACE 238666 --- [crud-springboot] [           main] o.s.b.f.s.DefaultListableBeanFactory     : Returning cached instance of singleton bean 'org.springframework.transaction.config.internalTransactionAdvisor'
2024-07-20T12:50:58.311+02:00 TRACE 238666 --- [crud-springboot] [           main] o.s.b.f.s.DefaultListableBeanFactory     : Finished creating instance of bean 'org.springframework.boot.autoconfigure.jackson.JacksonAutoConfiguration$JacksonObjectMapperBuilderConfiguration'
2024-07-20T12:50:58.312+02:00 DEBUG 238666 --- [crud-springboot] [           main] o.s.b.f.s.DefaultListableBeanFactory     : Creating shared instance of singleton bean 'standardJacksonObjectMapperBuilderCustomizer'
2024-07-20T12:50:58.312+02:00 TRACE 238666 --- [crud-springboot] [           main] o.s.b.f.s.DefaultListableBeanFactory     : Creating instance of bean 'standardJacksonObjectMapperBuilderCustomizer'
2024-07-20T12:50:58.312+02:00 TRACE 238666 --- [crud-springboot] [           main] o.s.b.f.s.DefaultListableBeanFactory     : Returning cached instance of singleton bean 'org.springframework.transaction.config.internalTransactionAdvisor'
2024-07-20T12:50:58.312+02:00 DEBUG 238666 --- [crud-springboot] [           main] o.s.b.f.s.DefaultListableBeanFactory     : Creating shared instance of singleton bean 'org.springframework.boot.autoconfigure.jackson.JacksonAutoConfiguration$Jackson2ObjectMapperBuilderCustomizerConfiguration'
2024-07-20T12:50:58.312+02:00 TRACE 238666 --- [crud-springboot] [           main] o.s.b.f.s.DefaultListableBeanFactory     : Creating instance of bean 'org.springframework.boot.autoconfigure.jackson.JacksonAutoConfiguration$Jackson2ObjectMapperBuilderCustomizerConfiguration'
2024-07-20T12:50:58.312+02:00 TRACE 238666 --- [crud-springboot] [           main] o.s.b.f.s.DefaultListableBeanFactory     : Returning cached instance of singleton bean 'org.springframework.transaction.config.internalTransactionAdvisor'
2024-07-20T12:50:58.312+02:00 TRACE 238666 --- [crud-springboot] [           main] o.s.b.f.s.DefaultListableBeanFactory     : Returning cached instance of singleton bean 'org.springframework.transaction.config.internalTransactionAdvisor'
2024-07-20T12:50:58.312+02:00 TRACE 238666 --- [crud-springboot] [           main] o.s.b.f.s.DefaultListableBeanFactory     : Returning cached instance of singleton bean 'org.springframework.transaction.config.internalTransactionAdvisor'
2024-07-20T12:50:58.312+02:00 TRACE 238666 --- [crud-springboot] [           main] o.s.b.f.s.DefaultListableBeanFactory     : Finished creating instance of bean 'org.springframework.boot.autoconfigure.jackson.JacksonAutoConfiguration$Jackson2ObjectMapperBuilderCustomizerConfiguration'
2024-07-20T12:50:58.313+02:00 DEBUG 238666 --- [crud-springboot] [           main] o.s.b.f.s.DefaultListableBeanFactory     : Creating shared instance of singleton bean 'spring.jackson-org.springframework.boot.autoconfigure.jackson.JacksonProperties'
2024-07-20T12:50:58.313+02:00 TRACE 238666 --- [crud-springboot] [           main] o.s.b.f.s.DefaultListableBeanFactory     : Creating instance of bean 'spring.jackson-org.springframework.boot.autoconfigure.jackson.JacksonProperties'
2024-07-20T12:50:58.314+02:00 TRACE 238666 --- [crud-springboot] [           main] o.s.b.f.s.DefaultListableBeanFactory     : Returning cached instance of singleton bean 'org.springframework.transaction.config.internalTransactionAdvisor'
2024-07-20T12:50:58.315+02:00 TRACE 238666 --- [crud-springboot] [           main] o.s.b.f.s.DefaultListableBeanFactory     : Returning cached instance of singleton bean 'org.springframework.boot.context.properties.BoundConfigurationProperties'
2024-07-20T12:50:58.320+02:00 TRACE 238666 --- [crud-springboot] [           main] o.s.b.f.s.DefaultListableBeanFactory     : Returning cached instance of singleton bean 'org.springframework.transaction.config.internalTransactionAdvisor'
2024-07-20T12:50:58.321+02:00 TRACE 238666 --- [crud-springboot] [           main] o.s.b.f.s.DefaultListableBeanFactory     : Returning cached instance of singleton bean 'org.springframework.transaction.config.internalTransactionAdvisor'
2024-07-20T12:50:58.321+02:00 TRACE 238666 --- [crud-springboot] [           main] o.s.b.f.s.DefaultListableBeanFactory     : Finished creating instance of bean 'spring.jackson-org.springframework.boot.autoconfigure.jackson.JacksonProperties'
2024-07-20T12:50:58.321+02:00 DEBUG 238666 --- [crud-springboot] [           main] o.s.b.f.s.DefaultListableBeanFactory     : Autowiring by type from bean name 'standardJacksonObjectMapperBuilderCustomizer' via factory method to bean named 'spring.jackson-org.springframework.boot.autoconfigure.jackson.JacksonProperties'
2024-07-20T12:50:58.322+02:00 DEBUG 238666 --- [crud-springboot] [           main] o.s.b.f.s.DefaultListableBeanFactory     : Creating shared instance of singleton bean 'parameterNamesModule'
2024-07-20T12:50:58.322+02:00 TRACE 238666 --- [crud-springboot] [           main] o.s.b.f.s.DefaultListableBeanFactory     : Creating instance of bean 'parameterNamesModule'
2024-07-20T12:50:58.322+02:00 TRACE 238666 --- [crud-springboot] [           main] o.s.b.f.s.DefaultListableBeanFactory     : Returning cached instance of singleton bean 'org.springframework.transaction.config.internalTransactionAdvisor'
2024-07-20T12:50:58.322+02:00 DEBUG 238666 --- [crud-springboot] [           main] o.s.b.f.s.DefaultListableBeanFactory     : Creating shared instance of singleton bean 'org.springframework.boot.autoconfigure.jackson.JacksonAutoConfiguration$ParameterNamesModuleConfiguration'
2024-07-20T12:50:58.322+02:00 TRACE 238666 --- [crud-springboot] [           main] o.s.b.f.s.DefaultListableBeanFactory     : Creating instance of bean 'org.springframework.boot.autoconfigure.jackson.JacksonAutoConfiguration$ParameterNamesModuleConfiguration'
2024-07-20T12:50:58.322+02:00 TRACE 238666 --- [crud-springboot] [           main] o.s.b.f.s.DefaultListableBeanFactory     : Returning cached instance of singleton bean 'org.springframework.transaction.config.internalTransactionAdvisor'
2024-07-20T12:50:58.323+02:00 TRACE 238666 --- [crud-springboot] [           main] o.s.b.f.s.DefaultListableBeanFactory     : Returning cached instance of singleton bean 'org.springframework.transaction.config.internalTransactionAdvisor'
2024-07-20T12:50:58.323+02:00 TRACE 238666 --- [crud-springboot] [           main] o.s.b.f.s.DefaultListableBeanFactory     : Returning cached instance of singleton bean 'org.springframework.transaction.config.internalTransactionAdvisor'
2024-07-20T12:50:58.323+02:00 TRACE 238666 --- [crud-springboot] [           main] o.s.b.f.s.DefaultListableBeanFactory     : Finished creating instance of bean 'org.springframework.boot.autoconfigure.jackson.JacksonAutoConfiguration$ParameterNamesModuleConfiguration'
2024-07-20T12:50:58.326+02:00 TRACE 238666 --- [crud-springboot] [           main] o.s.b.f.s.DefaultListableBeanFactory     : Returning cached instance of singleton bean 'org.springframework.transaction.config.internalTransactionAdvisor'
2024-07-20T12:50:58.326+02:00 TRACE 238666 --- [crud-springboot] [           main] o.s.b.f.s.DefaultListableBeanFactory     : Returning cached instance of singleton bean 'org.springframework.transaction.config.internalTransactionAdvisor'
2024-07-20T12:50:58.328+02:00 TRACE 238666 --- [crud-springboot] [           main] o.s.b.f.s.DefaultListableBeanFactory     : Finished creating instance of bean 'parameterNamesModule'
2024-07-20T12:50:58.328+02:00 DEBUG 238666 --- [crud-springboot] [           main] o.s.b.f.s.DefaultListableBeanFactory     : Creating shared instance of singleton bean 'jsonMixinModule'
2024-07-20T12:50:58.328+02:00 TRACE 238666 --- [crud-springboot] [           main] o.s.b.f.s.DefaultListableBeanFactory     : Creating instance of bean 'jsonMixinModule'
2024-07-20T12:50:58.328+02:00 TRACE 238666 --- [crud-springboot] [           main] o.s.b.f.s.DefaultListableBeanFactory     : Returning cached instance of singleton bean 'org.springframework.transaction.config.internalTransactionAdvisor'
2024-07-20T12:50:58.328+02:00 DEBUG 238666 --- [crud-springboot] [           main] o.s.b.f.s.DefaultListableBeanFactory     : Creating shared instance of singleton bean 'org.springframework.boot.autoconfigure.jackson.JacksonAutoConfiguration$JacksonMixinConfiguration'
2024-07-20T12:50:58.328+02:00 TRACE 238666 --- [crud-springboot] [           main] o.s.b.f.s.DefaultListableBeanFactory     : Creating instance of bean 'org.springframework.boot.autoconfigure.jackson.JacksonAutoConfiguration$JacksonMixinConfiguration'
2024-07-20T12:50:58.328+02:00 TRACE 238666 --- [crud-springboot] [           main] o.s.b.f.s.DefaultListableBeanFactory     : Returning cached instance of singleton bean 'org.springframework.transaction.config.internalTransactionAdvisor'
2024-07-20T12:50:58.328+02:00 TRACE 238666 --- [crud-springboot] [           main] o.s.b.f.s.DefaultListableBeanFactory     : Returning cached instance of singleton bean 'org.springframework.transaction.config.internalTransactionAdvisor'
2024-07-20T12:50:58.329+02:00 TRACE 238666 --- [crud-springboot] [           main] o.s.b.f.s.DefaultListableBeanFactory     : Returning cached instance of singleton bean 'org.springframework.transaction.config.internalTransactionAdvisor'
2024-07-20T12:50:58.329+02:00 TRACE 238666 --- [crud-springboot] [           main] o.s.b.f.s.DefaultListableBeanFactory     : Finished creating instance of bean 'org.springframework.boot.autoconfigure.jackson.JacksonAutoConfiguration$JacksonMixinConfiguration'
2024-07-20T12:50:58.329+02:00 DEBUG 238666 --- [crud-springboot] [           main] o.s.b.f.s.DefaultListableBeanFactory     : Creating shared instance of singleton bean 'jsonMixinModuleEntries'
2024-07-20T12:50:58.329+02:00 TRACE 238666 --- [crud-springboot] [           main] o.s.b.f.s.DefaultListableBeanFactory     : Creating instance of bean 'jsonMixinModuleEntries'
2024-07-20T12:50:58.330+02:00 TRACE 238666 --- [crud-springboot] [           main] o.s.b.f.s.DefaultListableBeanFactory     : Returning cached instance of singleton bean 'org.springframework.transaction.config.internalTransactionAdvisor'
2024-07-20T12:50:58.330+02:00 DEBUG 238666 --- [crud-springboot] [           main] o.s.b.f.s.DefaultListableBeanFactory     : Autowiring by type from bean name 'jsonMixinModuleEntries' via factory method to bean named 'org.springframework.web.context.support.GenericWebApplicationContext@5ef8df1e'
2024-07-20T12:50:58.330+02:00 TRACE 238666 --- [crud-springboot] [           main] o.s.b.f.s.DefaultListableBeanFactory     : Returning cached instance of singleton bean 'org.springframework.boot.autoconfigure.AutoConfigurationPackages'
2024-07-20T12:50:58.330+02:00 TRACE 238666 --- [crud-springboot] [           main] o.s.b.f.s.DefaultListableBeanFactory     : Returning cached instance of singleton bean 'org.springframework.boot.autoconfigure.AutoConfigurationPackages'
2024-07-20T12:50:58.333+02:00 TRACE 238666 --- [crud-springboot] [           main] .i.s.PathMatchingResourcePatternResolver : Resolved module-path location pattern [com/cwa/crudspringboot/**/*.class] to resources []
2024-07-20T12:50:58.333+02:00 TRACE 238666 --- [crud-springboot] [           main] .i.s.PathMatchingResourcePatternResolver : Resolved module-path location pattern [com/cwa/crudspringboot/] to resources []
2024-07-20T12:50:58.334+02:00 TRACE 238666 --- [crud-springboot] [           main] .i.s.PathMatchingResourcePatternResolver : Resolved class path location [com/cwa/crudspringboot/] to resources [file [/home/damien/crud-springboot-jwt/target/test-classes/com/cwa/crudspringboot], file [/home/damien/crud-springboot-jwt/target/classes/com/cwa/crudspringboot]]
2024-07-20T12:50:58.334+02:00 TRACE 238666 --- [crud-springboot] [           main] .i.s.PathMatchingResourcePatternResolver : Searching directory [/home/damien/crud-springboot-jwt/target/test-classes/com/cwa/crudspringboot] for files matching pattern [**/*.class]
2024-07-20T12:50:58.336+02:00 TRACE 238666 --- [crud-springboot] [           main] .i.s.PathMatchingResourcePatternResolver : Searching directory [/home/damien/crud-springboot-jwt/target/classes/com/cwa/crudspringboot] for files matching pattern [**/*.class]
2024-07-20T12:50:58.341+02:00 TRACE 238666 --- [crud-springboot] [           main] .i.s.PathMatchingResourcePatternResolver : Resolved location pattern [classpath*:com/cwa/crudspringboot/**/*.class] to resources [file [/home/damien/crud-springboot-jwt/target/test-classes/com/cwa/crudspringboot/CrudSpringbootApplicationTests.class], file [/home/damien/crud-springboot-jwt/target/classes/com/cwa/crudspringboot/CrudSpringbootApplication.class], file [/home/damien/crud-springboot-jwt/target/classes/com/cwa/crudspringboot/configuration/JwtUtils.class], file [/home/damien/crud-springboot-jwt/target/classes/com/cwa/crudspringboot/configuration/SecurityConfig.class], file [/home/damien/crud-springboot-jwt/target/classes/com/cwa/crudspringboot/controller/ApiResponse.class], file [/home/damien/crud-springboot-jwt/target/classes/com/cwa/crudspringboot/controller/AuthController.class], file [/home/damien/crud-springboot-jwt/target/classes/com/cwa/crudspringboot/controller/LoginRequest.class], file [/home/damien/crud-springboot-jwt/target/classes/com/cwa/crudspringboot/controller/PersonController.class], file [/home/damien/crud-springboot-jwt/target/classes/com/cwa/crudspringboot/controller/RegisterRequest.class], file [/home/damien/crud-springboot-jwt/target/classes/com/cwa/crudspringboot/controller/UserController.class], file [/home/damien/crud-springboot-jwt/target/classes/com/cwa/crudspringboot/controller/WebController.class], file [/home/damien/crud-springboot-jwt/target/classes/com/cwa/crudspringboot/entity/Allergen.class], file [/home/damien/crud-springboot-jwt/target/classes/com/cwa/crudspringboot/entity/Card.class], file [/home/damien/crud-springboot-jwt/target/classes/com/cwa/crudspringboot/entity/Dish.class], file [/home/damien/crud-springboot-jwt/target/classes/com/cwa/crudspringboot/entity/Ingredient.class], file [/home/damien/crud-springboot-jwt/target/classes/com/cwa/crudspringboot/entity/Menu.class], file [/home/damien/crud-springboot-jwt/target/classes/com/cwa/crudspringboot/entity/Person.class], file [/home/damien/crud-springboot-jwt/target/classes/com/cwa/crudspringboot/entity/User.class], file [/home/damien/crud-springboot-jwt/target/classes/com/cwa/crudspringboot/filter/JwtFilter.class], file [/home/damien/crud-springboot-jwt/target/classes/com/cwa/crudspringboot/repository/AllergenRepository.class], file [/home/damien/crud-springboot-jwt/target/classes/com/cwa/crudspringboot/repository/CardRepository.class], file [/home/damien/crud-springboot-jwt/target/classes/com/cwa/crudspringboot/repository/DishRepository.class], file [/home/damien/crud-springboot-jwt/target/classes/com/cwa/crudspringboot/repository/IngredientRepository.class], file [/home/damien/crud-springboot-jwt/target/classes/com/cwa/crudspringboot/repository/MenuRepository.class], file [/home/damien/crud-springboot-jwt/target/classes/com/cwa/crudspringboot/repository/PersonRepository.class], file [/home/damien/crud-springboot-jwt/target/classes/com/cwa/crudspringboot/repository/UserRepository.class], file [/home/damien/crud-springboot-jwt/target/classes/com/cwa/crudspringboot/service/CardService.class], file [/home/damien/crud-springboot-jwt/target/classes/com/cwa/crudspringboot/service/CustomUserDetailsService.class], file [/home/damien/crud-springboot-jwt/target/classes/com/cwa/crudspringboot/service/UserService.class]]
2024-07-20T12:50:58.341+02:00 TRACE 238666 --- [crud-springboot] [           main] nModuleEntries$JsonMixinComponentScanner : Scanning file [/home/damien/crud-springboot-jwt/target/test-classes/com/cwa/crudspringboot/CrudSpringbootApplicationTests.class]
2024-07-20T12:50:58.341+02:00 TRACE 238666 --- [crud-springboot] [           main] nModuleEntries$JsonMixinComponentScanner : Ignored because not matching any filter: file [/home/damien/crud-springboot-jwt/target/test-classes/com/cwa/crudspringboot/CrudSpringbootApplicationTests.class]
2024-07-20T12:50:58.342+02:00 TRACE 238666 --- [crud-springboot] [           main] nModuleEntries$JsonMixinComponentScanner : Scanning file [/home/damien/crud-springboot-jwt/target/classes/com/cwa/crudspringboot/CrudSpringbootApplication.class]
2024-07-20T12:50:58.342+02:00 TRACE 238666 --- [crud-springboot] [           main] nModuleEntries$JsonMixinComponentScanner : Ignored because not matching any filter: file [/home/damien/crud-springboot-jwt/target/classes/com/cwa/crudspringboot/CrudSpringbootApplication.class]
2024-07-20T12:50:58.342+02:00 TRACE 238666 --- [crud-springboot] [           main] nModuleEntries$JsonMixinComponentScanner : Scanning file [/home/damien/crud-springboot-jwt/target/classes/com/cwa/crudspringboot/configuration/JwtUtils.class]
2024-07-20T12:50:58.342+02:00 TRACE 238666 --- [crud-springboot] [           main] nModuleEntries$JsonMixinComponentScanner : Ignored because not matching any filter: file [/home/damien/crud-springboot-jwt/target/classes/com/cwa/crudspringboot/configuration/JwtUtils.class]
2024-07-20T12:50:58.342+02:00 TRACE 238666 --- [crud-springboot] [           main] nModuleEntries$JsonMixinComponentScanner : Scanning file [/home/damien/crud-springboot-jwt/target/classes/com/cwa/crudspringboot/configuration/SecurityConfig.class]
2024-07-20T12:50:58.342+02:00 TRACE 238666 --- [crud-springboot] [           main] nModuleEntries$JsonMixinComponentScanner : Ignored because not matching any filter: file [/home/damien/crud-springboot-jwt/target/classes/com/cwa/crudspringboot/configuration/SecurityConfig.class]
2024-07-20T12:50:58.342+02:00 TRACE 238666 --- [crud-springboot] [           main] nModuleEntries$JsonMixinComponentScanner : Scanning file [/home/damien/crud-springboot-jwt/target/classes/com/cwa/crudspringboot/controller/ApiResponse.class]
2024-07-20T12:50:58.342+02:00 TRACE 238666 --- [crud-springboot] [           main] nModuleEntries$JsonMixinComponentScanner : Ignored because not matching any filter: file [/home/damien/crud-springboot-jwt/target/classes/com/cwa/crudspringboot/controller/ApiResponse.class]
2024-07-20T12:50:58.342+02:00 TRACE 238666 --- [crud-springboot] [           main] nModuleEntries$JsonMixinComponentScanner : Scanning file [/home/damien/crud-springboot-jwt/target/classes/com/cwa/crudspringboot/controller/AuthController.class]
2024-07-20T12:50:58.342+02:00 TRACE 238666 --- [crud-springboot] [           main] nModuleEntries$JsonMixinComponentScanner : Ignored because not matching any filter: file [/home/damien/crud-springboot-jwt/target/classes/com/cwa/crudspringboot/controller/AuthController.class]
2024-07-20T12:50:58.342+02:00 TRACE 238666 --- [crud-springboot] [           main] nModuleEntries$JsonMixinComponentScanner : Scanning file [/home/damien/crud-springboot-jwt/target/classes/com/cwa/crudspringboot/controller/LoginRequest.class]
2024-07-20T12:50:58.342+02:00 TRACE 238666 --- [crud-springboot] [           main] nModuleEntries$JsonMixinComponentScanner : Ignored because not matching any filter: file [/home/damien/crud-springboot-jwt/target/classes/com/cwa/crudspringboot/controller/LoginRequest.class]
2024-07-20T12:50:58.342+02:00 TRACE 238666 --- [crud-springboot] [           main] nModuleEntries$JsonMixinComponentScanner : Scanning file [/home/damien/crud-springboot-jwt/target/classes/com/cwa/crudspringboot/controller/PersonController.class]
2024-07-20T12:50:58.342+02:00 TRACE 238666 --- [crud-springboot] [           main] nModuleEntries$JsonMixinComponentScanner : Ignored because not matching any filter: file [/home/damien/crud-springboot-jwt/target/classes/com/cwa/crudspringboot/controller/PersonController.class]
2024-07-20T12:50:58.342+02:00 TRACE 238666 --- [crud-springboot] [           main] nModuleEntries$JsonMixinComponentScanner : Scanning file [/home/damien/crud-springboot-jwt/target/classes/com/cwa/crudspringboot/controller/RegisterRequest.class]
2024-07-20T12:50:58.342+02:00 TRACE 238666 --- [crud-springboot] [           main] nModuleEntries$JsonMixinComponentScanner : Ignored because not matching any filter: file [/home/damien/crud-springboot-jwt/target/classes/com/cwa/crudspringboot/controller/RegisterRequest.class]
2024-07-20T12:50:58.342+02:00 TRACE 238666 --- [crud-springboot] [           main] nModuleEntries$JsonMixinComponentScanner : Scanning file [/home/damien/crud-springboot-jwt/target/classes/com/cwa/crudspringboot/controller/UserController.class]
2024-07-20T12:50:58.342+02:00 TRACE 238666 --- [crud-springboot] [           main] nModuleEntries$JsonMixinComponentScanner : Ignored because not matching any filter: file [/home/damien/crud-springboot-jwt/target/classes/com/cwa/crudspringboot/controller/UserController.class]
2024-07-20T12:50:58.343+02:00 TRACE 238666 --- [crud-springboot] [           main] nModuleEntries$JsonMixinComponentScanner : Scanning file [/home/damien/crud-springboot-jwt/target/classes/com/cwa/crudspringboot/controller/WebController.class]
2024-07-20T12:50:58.343+02:00 TRACE 238666 --- [crud-springboot] [           main] nModuleEntries$JsonMixinComponentScanner : Ignored because not matching any filter: file [/home/damien/crud-springboot-jwt/target/classes/com/cwa/crudspringboot/controller/WebController.class]
2024-07-20T12:50:58.343+02:00 TRACE 238666 --- [crud-springboot] [           main] nModuleEntries$JsonMixinComponentScanner : Scanning file [/home/damien/crud-springboot-jwt/target/classes/com/cwa/crudspringboot/entity/Allergen.class]
2024-07-20T12:50:58.343+02:00 TRACE 238666 --- [crud-springboot] [           main] nModuleEntries$JsonMixinComponentScanner : Ignored because not matching any filter: file [/home/damien/crud-springboot-jwt/target/classes/com/cwa/crudspringboot/entity/Allergen.class]
2024-07-20T12:50:58.343+02:00 TRACE 238666 --- [crud-springboot] [           main] nModuleEntries$JsonMixinComponentScanner : Scanning file [/home/damien/crud-springboot-jwt/target/classes/com/cwa/crudspringboot/entity/Card.class]
2024-07-20T12:50:58.343+02:00 TRACE 238666 --- [crud-springboot] [           main] nModuleEntries$JsonMixinComponentScanner : Ignored because not matching any filter: file [/home/damien/crud-springboot-jwt/target/classes/com/cwa/crudspringboot/entity/Card.class]
2024-07-20T12:50:58.343+02:00 TRACE 238666 --- [crud-springboot] [           main] nModuleEntries$JsonMixinComponentScanner : Scanning file [/home/damien/crud-springboot-jwt/target/classes/com/cwa/crudspringboot/entity/Dish.class]
2024-07-20T12:50:58.343+02:00 TRACE 238666 --- [crud-springboot] [           main] nModuleEntries$JsonMixinComponentScanner : Ignored because not matching any filter: file [/home/damien/crud-springboot-jwt/target/classes/com/cwa/crudspringboot/entity/Dish.class]
2024-07-20T12:50:58.343+02:00 TRACE 238666 --- [crud-springboot] [           main] nModuleEntries$JsonMixinComponentScanner : Scanning file [/home/damien/crud-springboot-jwt/target/classes/com/cwa/crudspringboot/entity/Ingredient.class]
2024-07-20T12:50:58.343+02:00 TRACE 238666 --- [crud-springboot] [           main] nModuleEntries$JsonMixinComponentScanner : Ignored because not matching any filter: file [/home/damien/crud-springboot-jwt/target/classes/com/cwa/crudspringboot/entity/Ingredient.class]
2024-07-20T12:50:58.343+02:00 TRACE 238666 --- [crud-springboot] [           main] nModuleEntries$JsonMixinComponentScanner : Scanning file [/home/damien/crud-springboot-jwt/target/classes/com/cwa/crudspringboot/entity/Menu.class]
2024-07-20T12:50:58.343+02:00 TRACE 238666 --- [crud-springboot] [           main] nModuleEntries$JsonMixinComponentScanner : Ignored because not matching any filter: file [/home/damien/crud-springboot-jwt/target/classes/com/cwa/crudspringboot/entity/Menu.class]
2024-07-20T12:50:58.343+02:00 TRACE 238666 --- [crud-springboot] [           main] nModuleEntries$JsonMixinComponentScanner : Scanning file [/home/damien/crud-springboot-jwt/target/classes/com/cwa/crudspringboot/entity/Person.class]
2024-07-20T12:50:58.343+02:00 TRACE 238666 --- [crud-springboot] [           main] nModuleEntries$JsonMixinComponentScanner : Ignored because not matching any filter: file [/home/damien/crud-springboot-jwt/target/classes/com/cwa/crudspringboot/entity/Person.class]
2024-07-20T12:50:58.343+02:00 TRACE 238666 --- [crud-springboot] [           main] nModuleEntries$JsonMixinComponentScanner : Scanning file [/home/damien/crud-springboot-jwt/target/classes/com/cwa/crudspringboot/entity/User.class]
2024-07-20T12:50:58.343+02:00 TRACE 238666 --- [crud-springboot] [           main] nModuleEntries$JsonMixinComponentScanner : Ignored because not matching any filter: file [/home/damien/crud-springboot-jwt/target/classes/com/cwa/crudspringboot/entity/User.class]
2024-07-20T12:50:58.343+02:00 TRACE 238666 --- [crud-springboot] [           main] nModuleEntries$JsonMixinComponentScanner : Scanning file [/home/damien/crud-springboot-jwt/target/classes/com/cwa/crudspringboot/filter/JwtFilter.class]
2024-07-20T12:50:58.343+02:00 TRACE 238666 --- [crud-springboot] [           main] nModuleEntries$JsonMixinComponentScanner : Ignored because not matching any filter: file [/home/damien/crud-springboot-jwt/target/classes/com/cwa/crudspringboot/filter/JwtFilter.class]
2024-07-20T12:50:58.343+02:00 TRACE 238666 --- [crud-springboot] [           main] nModuleEntries$JsonMixinComponentScanner : Scanning file [/home/damien/crud-springboot-jwt/target/classes/com/cwa/crudspringboot/repository/AllergenRepository.class]
2024-07-20T12:50:58.343+02:00 TRACE 238666 --- [crud-springboot] [           main] nModuleEntries$JsonMixinComponentScanner : Ignored because not matching any filter: file [/home/damien/crud-springboot-jwt/target/classes/com/cwa/crudspringboot/repository/AllergenRepository.class]
2024-07-20T12:50:58.343+02:00 TRACE 238666 --- [crud-springboot] [           main] nModuleEntries$JsonMixinComponentScanner : Scanning file [/home/damien/crud-springboot-jwt/target/classes/com/cwa/crudspringboot/repository/CardRepository.class]
2024-07-20T12:50:58.343+02:00 TRACE 238666 --- [crud-springboot] [           main] nModuleEntries$JsonMixinComponentScanner : Ignored because not matching any filter: file [/home/damien/crud-springboot-jwt/target/classes/com/cwa/crudspringboot/repository/CardRepository.class]
2024-07-20T12:50:58.344+02:00 TRACE 238666 --- [crud-springboot] [           main] nModuleEntries$JsonMixinComponentScanner : Scanning file [/home/damien/crud-springboot-jwt/target/classes/com/cwa/crudspringboot/repository/DishRepository.class]
2024-07-20T12:50:58.344+02:00 TRACE 238666 --- [crud-springboot] [           main] nModuleEntries$JsonMixinComponentScanner : Ignored because not matching any filter: file [/home/damien/crud-springboot-jwt/target/classes/com/cwa/crudspringboot/repository/DishRepository.class]
2024-07-20T12:50:58.344+02:00 TRACE 238666 --- [crud-springboot] [           main] nModuleEntries$JsonMixinComponentScanner : Scanning file [/home/damien/crud-springboot-jwt/target/classes/com/cwa/crudspringboot/repository/IngredientRepository.class]
2024-07-20T12:50:58.344+02:00 TRACE 238666 --- [crud-springboot] [           main] nModuleEntries$JsonMixinComponentScanner : Ignored because not matching any filter: file [/home/damien/crud-springboot-jwt/target/classes/com/cwa/crudspringboot/repository/IngredientRepository.class]
2024-07-20T12:50:58.344+02:00 TRACE 238666 --- [crud-springboot] [           main] nModuleEntries$JsonMixinComponentScanner : Scanning file [/home/damien/crud-springboot-jwt/target/classes/com/cwa/crudspringboot/repository/MenuRepository.class]
2024-07-20T12:50:58.344+02:00 TRACE 238666 --- [crud-springboot] [           main] nModuleEntries$JsonMixinComponentScanner : Ignored because not matching any filter: file [/home/damien/crud-springboot-jwt/target/classes/com/cwa/crudspringboot/repository/MenuRepository.class]
2024-07-20T12:50:58.344+02:00 TRACE 238666 --- [crud-springboot] [           main] nModuleEntries$JsonMixinComponentScanner : Scanning file [/home/damien/crud-springboot-jwt/target/classes/com/cwa/crudspringboot/repository/PersonRepository.class]
2024-07-20T12:50:58.344+02:00 TRACE 238666 --- [crud-springboot] [           main] nModuleEntries$JsonMixinComponentScanner : Ignored because not matching any filter: file [/home/damien/crud-springboot-jwt/target/classes/com/cwa/crudspringboot/repository/PersonRepository.class]
2024-07-20T12:50:58.344+02:00 TRACE 238666 --- [crud-springboot] [           main] nModuleEntries$JsonMixinComponentScanner : Scanning file [/home/damien/crud-springboot-jwt/target/classes/com/cwa/crudspringboot/repository/UserRepository.class]
2024-07-20T12:50:58.344+02:00 TRACE 238666 --- [crud-springboot] [           main] nModuleEntries$JsonMixinComponentScanner : Ignored because not matching any filter: file [/home/damien/crud-springboot-jwt/target/classes/com/cwa/crudspringboot/repository/UserRepository.class]
2024-07-20T12:50:58.344+02:00 TRACE 238666 --- [crud-springboot] [           main] nModuleEntries$JsonMixinComponentScanner : Scanning file [/home/damien/crud-springboot-jwt/target/classes/com/cwa/crudspringboot/service/CardService.class]
2024-07-20T12:50:58.344+02:00 TRACE 238666 --- [crud-springboot] [           main] nModuleEntries$JsonMixinComponentScanner : Ignored because not matching any filter: file [/home/damien/crud-springboot-jwt/target/classes/com/cwa/crudspringboot/service/CardService.class]
2024-07-20T12:50:58.344+02:00 TRACE 238666 --- [crud-springboot] [           main] nModuleEntries$JsonMixinComponentScanner : Scanning file [/home/damien/crud-springboot-jwt/target/classes/com/cwa/crudspringboot/service/CustomUserDetailsService.class]
2024-07-20T12:50:58.344+02:00 TRACE 238666 --- [crud-springboot] [           main] nModuleEntries$JsonMixinComponentScanner : Ignored because not matching any filter: file [/home/damien/crud-springboot-jwt/target/classes/com/cwa/crudspringboot/service/CustomUserDetailsService.class]
2024-07-20T12:50:58.344+02:00 TRACE 238666 --- [crud-springboot] [           main] nModuleEntries$JsonMixinComponentScanner : Scanning file [/home/damien/crud-springboot-jwt/target/classes/com/cwa/crudspringboot/service/UserService.class]
2024-07-20T12:50:58.344+02:00 TRACE 238666 --- [crud-springboot] [           main] nModuleEntries$JsonMixinComponentScanner : Ignored because not matching any filter: file [/home/damien/crud-springboot-jwt/target/classes/com/cwa/crudspringboot/service/UserService.class]
2024-07-20T12:50:58.345+02:00 TRACE 238666 --- [crud-springboot] [           main] o.s.b.f.s.DefaultListableBeanFactory     : Returning cached instance of singleton bean 'org.springframework.transaction.config.internalTransactionAdvisor'
2024-07-20T12:50:58.345+02:00 TRACE 238666 --- [crud-springboot] [           main] o.s.b.f.s.DefaultListableBeanFactory     : Returning cached instance of singleton bean 'org.springframework.transaction.config.internalTransactionAdvisor'
2024-07-20T12:50:58.346+02:00 TRACE 238666 --- [crud-springboot] [           main] o.s.b.f.s.DefaultListableBeanFactory     : Finished creating instance of bean 'jsonMixinModuleEntries'
2024-07-20T12:50:58.346+02:00 DEBUG 238666 --- [crud-springboot] [           main] o.s.b.f.s.DefaultListableBeanFactory     : Autowiring by type from bean name 'jsonMixinModule' via factory method to bean named 'org.springframework.web.context.support.GenericWebApplicationContext@5ef8df1e'
2024-07-20T12:50:58.346+02:00 DEBUG 238666 --- [crud-springboot] [           main] o.s.b.f.s.DefaultListableBeanFactory     : Autowiring by type from bean name 'jsonMixinModule' via factory method to bean named 'jsonMixinModuleEntries'
2024-07-20T12:50:58.348+02:00 TRACE 238666 --- [crud-springboot] [           main] o.s.b.f.s.DefaultListableBeanFactory     : Returning cached instance of singleton bean 'org.springframework.transaction.config.internalTransactionAdvisor'
2024-07-20T12:50:58.348+02:00 TRACE 238666 --- [crud-springboot] [           main] o.s.b.f.s.DefaultListableBeanFactory     : Returning cached instance of singleton bean 'org.springframework.transaction.config.internalTransactionAdvisor'
2024-07-20T12:50:58.350+02:00 TRACE 238666 --- [crud-springboot] [           main] o.s.b.f.s.DefaultListableBeanFactory     : Finished creating instance of bean 'jsonMixinModule'
2024-07-20T12:50:58.350+02:00 DEBUG 238666 --- [crud-springboot] [           main] o.s.b.f.s.DefaultListableBeanFactory     : Creating shared instance of singleton bean 'jsonComponentModule'
2024-07-20T12:50:58.350+02:00 TRACE 238666 --- [crud-springboot] [           main] o.s.b.f.s.DefaultListableBeanFactory     : Creating instance of bean 'jsonComponentModule'
2024-07-20T12:50:58.350+02:00 TRACE 238666 --- [crud-springboot] [           main] o.s.b.f.s.DefaultListableBeanFactory     : Returning cached instance of singleton bean 'org.springframework.transaction.config.internalTransactionAdvisor'
2024-07-20T12:50:58.350+02:00 DEBUG 238666 --- [crud-springboot] [           main] o.s.b.f.s.DefaultListableBeanFactory     : Creating shared instance of singleton bean 'org.springframework.boot.autoconfigure.jackson.JacksonAutoConfiguration'
2024-07-20T12:50:58.350+02:00 TRACE 238666 --- [crud-springboot] [           main] o.s.b.f.s.DefaultListableBeanFactory     : Creating instance of bean 'org.springframework.boot.autoconfigure.jackson.JacksonAutoConfiguration'
2024-07-20T12:50:58.350+02:00 TRACE 238666 --- [crud-springboot] [           main] o.s.b.f.s.DefaultListableBeanFactory     : Returning cached instance of singleton bean 'org.springframework.transaction.config.internalTransactionAdvisor'
2024-07-20T12:50:58.351+02:00 TRACE 238666 --- [crud-springboot] [           main] o.s.b.f.s.DefaultListableBeanFactory     : Returning cached instance of singleton bean 'org.springframework.transaction.config.internalTransactionAdvisor'
2024-07-20T12:50:58.351+02:00 TRACE 238666 --- [crud-springboot] [           main] o.s.b.f.s.DefaultListableBeanFactory     : Returning cached instance of singleton bean 'org.springframework.transaction.config.internalTransactionAdvisor'
2024-07-20T12:50:58.351+02:00 TRACE 238666 --- [crud-springboot] [           main] o.s.b.f.s.DefaultListableBeanFactory     : Finished creating instance of bean 'org.springframework.boot.autoconfigure.jackson.JacksonAutoConfiguration'
2024-07-20T12:50:58.352+02:00 TRACE 238666 --- [crud-springboot] [           main] o.s.b.f.s.DefaultListableBeanFactory     : Invoking afterPropertiesSet() on bean with name 'jsonComponentModule'
2024-07-20T12:50:58.356+02:00 TRACE 238666 --- [crud-springboot] [           main] o.s.b.f.s.DefaultListableBeanFactory     : Returning cached instance of singleton bean 'org.springframework.transaction.config.internalTransactionAdvisor'
2024-07-20T12:50:58.356+02:00 TRACE 238666 --- [crud-springboot] [           main] o.s.b.f.s.DefaultListableBeanFactory     : Returning cached instance of singleton bean 'org.springframework.transaction.config.internalTransactionAdvisor'
2024-07-20T12:50:58.359+02:00 TRACE 238666 --- [crud-springboot] [           main] o.s.b.f.s.DefaultListableBeanFactory     : Finished creating instance of bean 'jsonComponentModule'
2024-07-20T12:50:58.359+02:00 DEBUG 238666 --- [crud-springboot] [           main] o.s.b.f.s.DefaultListableBeanFactory     : Creating shared instance of singleton bean 'jacksonGeoModule'
2024-07-20T12:50:58.359+02:00 TRACE 238666 --- [crud-springboot] [           main] o.s.b.f.s.DefaultListableBeanFactory     : Creating instance of bean 'jacksonGeoModule'
2024-07-20T12:50:58.359+02:00 TRACE 238666 --- [crud-springboot] [           main] o.s.b.f.s.DefaultListableBeanFactory     : Returning cached instance of singleton bean 'org.springframework.transaction.config.internalTransactionAdvisor'
2024-07-20T12:50:58.359+02:00 DEBUG 238666 --- [crud-springboot] [           main] o.s.b.f.s.DefaultListableBeanFactory     : Creating shared instance of singleton bean 'org.springframework.data.web.config.SpringDataJacksonConfiguration'
2024-07-20T12:50:58.359+02:00 TRACE 238666 --- [crud-springboot] [           main] o.s.b.f.s.DefaultListableBeanFactory     : Creating instance of bean 'org.springframework.data.web.config.SpringDataJacksonConfiguration'
2024-07-20T12:50:58.359+02:00 TRACE 238666 --- [crud-springboot] [           main] o.s.b.f.s.DefaultListableBeanFactory     : Returning cached instance of singleton bean 'org.springframework.transaction.config.internalTransactionAdvisor'
2024-07-20T12:50:58.360+02:00 TRACE 238666 --- [crud-springboot] [           main] o.s.b.f.s.DefaultListableBeanFactory     : Returning cached instance of singleton bean 'org.springframework.transaction.config.internalTransactionAdvisor'
2024-07-20T12:50:58.360+02:00 TRACE 238666 --- [crud-springboot] [           main] o.s.b.f.s.DefaultListableBeanFactory     : Returning cached instance of singleton bean 'org.springframework.transaction.config.internalTransactionAdvisor'
2024-07-20T12:50:58.360+02:00 TRACE 238666 --- [crud-springboot] [           main] o.s.b.f.s.DefaultListableBeanFactory     : Finished creating instance of bean 'org.springframework.data.web.config.SpringDataJacksonConfiguration'
2024-07-20T12:50:58.363+02:00 TRACE 238666 --- [crud-springboot] [           main] o.s.b.f.s.DefaultListableBeanFactory     : Returning cached instance of singleton bean 'org.springframework.transaction.config.internalTransactionAdvisor'
2024-07-20T12:50:58.363+02:00 TRACE 238666 --- [crud-springboot] [           main] o.s.b.f.s.DefaultListableBeanFactory     : Returning cached instance of singleton bean 'org.springframework.transaction.config.internalTransactionAdvisor'
2024-07-20T12:50:58.364+02:00 TRACE 238666 --- [crud-springboot] [           main] o.s.b.f.s.DefaultListableBeanFactory     : Finished creating instance of bean 'jacksonGeoModule'
2024-07-20T12:50:58.364+02:00 DEBUG 238666 --- [crud-springboot] [           main] o.s.b.f.s.DefaultListableBeanFactory     : Creating shared instance of singleton bean 'pageModule'
2024-07-20T12:50:58.364+02:00 TRACE 238666 --- [crud-springboot] [           main] o.s.b.f.s.DefaultListableBeanFactory     : Creating instance of bean 'pageModule'
2024-07-20T12:50:58.364+02:00 TRACE 238666 --- [crud-springboot] [           main] o.s.b.f.s.DefaultListableBeanFactory     : Returning cached instance of singleton bean 'org.springframework.transaction.config.internalTransactionAdvisor'
2024-07-20T12:50:58.364+02:00 TRACE 238666 --- [crud-springboot] [           main] o.s.b.f.s.DefaultListableBeanFactory     : Returning cached instance of singleton bean 'org.springframework.data.web.config.SpringDataJacksonConfiguration'
2024-07-20T12:50:58.365+02:00 TRACE 238666 --- [crud-springboot] [           main] o.s.b.f.s.DefaultListableBeanFactory     : Returning cached instance of singleton bean 'org.springframework.transaction.config.internalTransactionAdvisor'
2024-07-20T12:50:58.365+02:00 TRACE 238666 --- [crud-springboot] [           main] o.s.b.f.s.DefaultListableBeanFactory     : Returning cached instance of singleton bean 'org.springframework.transaction.config.internalTransactionAdvisor'
2024-07-20T12:50:58.367+02:00 TRACE 238666 --- [crud-springboot] [           main] o.s.b.f.s.DefaultListableBeanFactory     : Finished creating instance of bean 'pageModule'
2024-07-20T12:50:58.368+02:00 TRACE 238666 --- [crud-springboot] [           main] o.s.b.f.s.DefaultListableBeanFactory     : Returning cached instance of singleton bean 'org.springframework.transaction.config.internalTransactionAdvisor'
2024-07-20T12:50:58.368+02:00 TRACE 238666 --- [crud-springboot] [           main] o.s.b.f.s.DefaultListableBeanFactory     : Returning cached instance of singleton bean 'org.springframework.transaction.config.internalTransactionAdvisor'
2024-07-20T12:50:58.368+02:00 TRACE 238666 --- [crud-springboot] [           main] o.s.b.f.s.DefaultListableBeanFactory     : Finished creating instance of bean 'standardJacksonObjectMapperBuilderCustomizer'
2024-07-20T12:50:58.369+02:00 DEBUG 238666 --- [crud-springboot] [           main] o.s.b.f.s.DefaultListableBeanFactory     : Autowiring by type from bean name 'jacksonObjectMapperBuilder' via factory method to bean named 'org.springframework.web.context.support.GenericWebApplicationContext@5ef8df1e'
2024-07-20T12:50:58.369+02:00 DEBUG 238666 --- [crud-springboot] [           main] o.s.b.f.s.DefaultListableBeanFactory     : Autowiring by type from bean name 'jacksonObjectMapperBuilder' via factory method to bean named 'standardJacksonObjectMapperBuilderCustomizer'
2024-07-20T12:50:58.374+02:00 TRACE 238666 --- [crud-springboot] [           main] o.s.b.f.s.DefaultListableBeanFactory     : Returning cached instance of singleton bean 'org.springframework.transaction.config.internalTransactionAdvisor'
2024-07-20T12:50:58.374+02:00 TRACE 238666 --- [crud-springboot] [           main] o.s.b.f.s.DefaultListableBeanFactory     : Returning cached instance of singleton bean 'org.springframework.transaction.config.internalTransactionAdvisor'
2024-07-20T12:50:58.375+02:00 TRACE 238666 --- [crud-springboot] [           main] o.s.b.f.s.DefaultListableBeanFactory     : Finished creating instance of bean 'jacksonObjectMapperBuilder'
2024-07-20T12:50:58.375+02:00 DEBUG 238666 --- [crud-springboot] [           main] o.s.b.f.s.DefaultListableBeanFactory     : Autowiring by type from bean name 'jacksonObjectMapper' via factory method to bean named 'jacksonObjectMapperBuilder'
2024-07-20T12:50:58.395+02:00 TRACE 238666 --- [crud-springboot] [           main] o.s.b.f.s.DefaultListableBeanFactory     : Returning cached instance of singleton bean 'org.springframework.transaction.config.internalTransactionAdvisor'
2024-07-20T12:50:58.395+02:00 TRACE 238666 --- [crud-springboot] [           main] o.s.b.f.s.DefaultListableBeanFactory     : Returning cached instance of singleton bean 'org.springframework.transaction.config.internalTransactionAdvisor'
2024-07-20T12:50:58.412+02:00 TRACE 238666 --- [crud-springboot] [           main] o.s.b.f.s.DefaultListableBeanFactory     : Finished creating instance of bean 'jacksonObjectMapper'
2024-07-20T12:50:58.412+02:00 DEBUG 238666 --- [crud-springboot] [           main] o.s.b.f.s.DefaultListableBeanFactory     : Autowiring by type from bean name 'mappingJackson2HttpMessageConverter' via factory method to bean named 'jacksonObjectMapper'
2024-07-20T12:50:58.413+02:00 TRACE 238666 --- [crud-springboot] [           main] o.s.b.f.s.DefaultListableBeanFactory     : Returning cached instance of singleton bean 'org.springframework.transaction.config.internalTransactionAdvisor'
2024-07-20T12:50:58.413+02:00 TRACE 238666 --- [crud-springboot] [           main] o.s.b.f.s.DefaultListableBeanFactory     : Returning cached instance of singleton bean 'org.springframework.transaction.config.internalTransactionAdvisor'
2024-07-20T12:50:58.415+02:00 TRACE 238666 --- [crud-springboot] [           main] o.s.b.f.s.DefaultListableBeanFactory     : Finished creating instance of bean 'mappingJackson2HttpMessageConverter'
2024-07-20T12:50:58.415+02:00 TRACE 238666 --- [crud-springboot] [           main] o.s.b.f.s.DefaultListableBeanFactory     : Returning cached instance of singleton bean 'stringHttpMessageConverter'
2024-07-20T12:50:58.415+02:00 TRACE 238666 --- [crud-springboot] [           main] o.s.b.f.s.DefaultListableBeanFactory     : Returning cached instance of singleton bean 'mappingJackson2HttpMessageConverter'
2024-07-20T12:50:58.419+02:00 TRACE 238666 --- [crud-springboot] [           main] o.s.b.f.s.DefaultListableBeanFactory     : Returning cached instance of singleton bean 'org.springframework.transaction.config.internalTransactionAdvisor'
2024-07-20T12:50:58.419+02:00 TRACE 238666 --- [crud-springboot] [           main] o.s.b.f.s.DefaultListableBeanFactory     : Returning cached instance of singleton bean 'org.springframework.transaction.config.internalTransactionAdvisor'
2024-07-20T12:50:58.419+02:00 TRACE 238666 --- [crud-springboot] [           main] o.s.b.f.s.DefaultListableBeanFactory     : Finished creating instance of bean 'messageConverters'
2024-07-20T12:50:58.421+02:00 TRACE 238666 --- [crud-springboot] [           main] o.s.b.f.s.DefaultListableBeanFactory     : Returning cached instance of singleton bean 'jacksonObjectMapper'
2024-07-20T12:50:58.469+02:00 TRACE 238666 --- [crud-springboot] [           main] o.s.b.f.s.DefaultListableBeanFactory     : Invoking afterPropertiesSet() on bean with name 'routerFunctionMapping'
2024-07-20T12:50:58.471+02:00 TRACE 238666 --- [crud-springboot] [           main] o.s.b.f.s.DefaultListableBeanFactory     : Returning cached instance of singleton bean 'org.springframework.transaction.config.internalTransactionAdvisor'
2024-07-20T12:50:58.471+02:00 TRACE 238666 --- [crud-springboot] [           main] o.s.b.f.s.DefaultListableBeanFactory     : Returning cached instance of singleton bean 'org.springframework.transaction.config.internalTransactionAdvisor'
2024-07-20T12:50:58.473+02:00 TRACE 238666 --- [crud-springboot] [           main] o.s.b.f.s.DefaultListableBeanFactory     : Finished creating instance of bean 'routerFunctionMapping'
2024-07-20T12:50:58.473+02:00 DEBUG 238666 --- [crud-springboot] [           main] o.s.b.f.s.DefaultListableBeanFactory     : Creating shared instance of singleton bean 'resourceHandlerMapping'
2024-07-20T12:50:58.473+02:00 TRACE 238666 --- [crud-springboot] [           main] o.s.b.f.s.DefaultListableBeanFactory     : Creating instance of bean 'resourceHandlerMapping'
2024-07-20T12:50:58.473+02:00 TRACE 238666 --- [crud-springboot] [           main] o.s.b.f.s.DefaultListableBeanFactory     : Returning cached instance of singleton bean 'org.springframework.transaction.config.internalTransactionAdvisor'
2024-07-20T12:50:58.473+02:00 TRACE 238666 --- [crud-springboot] [           main] o.s.b.f.s.DefaultListableBeanFactory     : Returning cached instance of singleton bean 'org.springframework.boot.autoconfigure.web.servlet.WebMvcAutoConfiguration$EnableWebMvcConfiguration'
2024-07-20T12:50:58.474+02:00 TRACE 238666 --- [crud-springboot] [           main] o.s.b.f.s.DefaultListableBeanFactory     : Returning cached instance of singleton bean 'mvcContentNegotiationManager'
2024-07-20T12:50:58.474+02:00 TRACE 238666 --- [crud-springboot] [           main] o.s.b.f.s.DefaultListableBeanFactory     : Returning cached instance of singleton bean 'mvcConversionService'
2024-07-20T12:50:58.475+02:00 TRACE 238666 --- [crud-springboot] [           main] o.s.b.f.s.DefaultListableBeanFactory     : Returning cached instance of singleton bean 'mvcResourceUrlProvider'
2024-07-20T12:50:58.475+02:00 DEBUG 238666 --- [crud-springboot] [           main] o.s.b.f.s.DefaultListableBeanFactory     : Autowiring by type from bean name 'resourceHandlerMapping' via factory method to bean named 'mvcContentNegotiationManager'
2024-07-20T12:50:58.475+02:00 DEBUG 238666 --- [crud-springboot] [           main] o.s.b.f.s.DefaultListableBeanFactory     : Autowiring by type from bean name 'resourceHandlerMapping' via factory method to bean named 'mvcConversionService'
2024-07-20T12:50:58.475+02:00 DEBUG 238666 --- [crud-springboot] [           main] o.s.b.f.s.DefaultListableBeanFactory     : Autowiring by type from bean name 'resourceHandlerMapping' via factory method to bean named 'mvcResourceUrlProvider'
2024-07-20T12:50:58.493+02:00 DEBUG 238666 --- [crud-springboot] [           main] _.s.web.servlet.HandlerMapping.Mappings  : 'resourceHandlerMapping' {/webjars/**=ResourceHttpRequestHandler [classpath [META-INF/resources/webjars/]], /**=ResourceHttpRequestHandler [classpath [META-INF/resources/], classpath [resources/], classpath [static/], classpath [public/], ServletContext [/]]}
2024-07-20T12:50:58.494+02:00 TRACE 238666 --- [crud-springboot] [           main] o.s.b.f.s.DefaultListableBeanFactory     : Returning cached instance of singleton bean 'org.springframework.transaction.config.internalTransactionAdvisor'
2024-07-20T12:50:58.494+02:00 TRACE 238666 --- [crud-springboot] [           main] o.s.b.f.s.DefaultListableBeanFactory     : Returning cached instance of singleton bean 'org.springframework.transaction.config.internalTransactionAdvisor'
2024-07-20T12:50:58.496+02:00 TRACE 238666 --- [crud-springboot] [           main] o.s.b.f.s.DefaultListableBeanFactory     : Finished creating instance of bean 'resourceHandlerMapping'
2024-07-20T12:50:58.497+02:00 DEBUG 238666 --- [crud-springboot] [           main] o.s.b.f.s.DefaultListableBeanFactory     : Creating shared instance of singleton bean 'defaultServletHandlerMapping'
2024-07-20T12:50:58.497+02:00 TRACE 238666 --- [crud-springboot] [           main] o.s.b.f.s.DefaultListableBeanFactory     : Creating instance of bean 'defaultServletHandlerMapping'
2024-07-20T12:50:58.497+02:00 TRACE 238666 --- [crud-springboot] [           main] o.s.b.f.s.DefaultListableBeanFactory     : Returning cached instance of singleton bean 'org.springframework.transaction.config.internalTransactionAdvisor'
2024-07-20T12:50:58.497+02:00 TRACE 238666 --- [crud-springboot] [           main] o.s.b.f.s.DefaultListableBeanFactory     : Returning cached instance of singleton bean 'org.springframework.boot.autoconfigure.web.servlet.WebMvcAutoConfiguration$EnableWebMvcConfiguration'
2024-07-20T12:50:58.498+02:00 TRACE 238666 --- [crud-springboot] [           main] o.s.b.f.s.DefaultListableBeanFactory     : Returning cached instance of singleton bean 'org.springframework.transaction.config.internalTransactionAdvisor'
2024-07-20T12:50:58.498+02:00 TRACE 238666 --- [crud-springboot] [           main] o.s.b.f.s.DefaultListableBeanFactory     : Returning cached instance of singleton bean 'org.springframework.transaction.config.internalTransactionAdvisor'
2024-07-20T12:50:58.498+02:00 TRACE 238666 --- [crud-springboot] [           main] o.s.b.f.s.DefaultListableBeanFactory     : Finished creating instance of bean 'defaultServletHandlerMapping'
2024-07-20T12:50:58.500+02:00 TRACE 238666 --- [crud-springboot] [           main] o.s.b.f.s.DefaultListableBeanFactory     : Returning cached instance of singleton bean 'org.springframework.transaction.config.internalTransactionAdvisor'
2024-07-20T12:50:58.500+02:00 TRACE 238666 --- [crud-springboot] [           main] o.s.b.f.s.DefaultListableBeanFactory     : Returning cached instance of singleton bean 'org.springframework.transaction.config.internalTransactionAdvisor'
2024-07-20T12:50:58.501+02:00 TRACE 238666 --- [crud-springboot] [           main] o.s.b.f.s.DefaultListableBeanFactory     : Finished creating instance of bean 'mvcHandlerMappingIntrospector'
2024-07-20T12:50:58.502+02:00 TRACE 238666 --- [crud-springboot] [           main] o.s.b.f.s.DefaultListableBeanFactory     : Returning cached instance of singleton bean 'org.springframework.transaction.config.internalTransactionAdvisor'
2024-07-20T12:50:58.502+02:00 TRACE 238666 --- [crud-springboot] [           main] o.s.b.f.s.DefaultListableBeanFactory     : Returning cached instance of singleton bean 'org.springframework.transaction.config.internalTransactionAdvisor'
2024-07-20T12:50:58.502+02:00 TRACE 238666 --- [crud-springboot] [           main] o.s.b.f.s.DefaultListableBeanFactory     : Finished creating instance of bean 'mvcHandlerMappingIntrospectorRequestTransformer'
2024-07-20T12:50:58.503+02:00 TRACE 238666 --- [crud-springboot] [           main] o.s.b.f.s.DefaultListableBeanFactory     : Returning cached instance of singleton bean 'org.springframework.transaction.config.internalTransactionAdvisor'
2024-07-20T12:50:58.503+02:00 TRACE 238666 --- [crud-springboot] [           main] o.s.b.f.s.DefaultListableBeanFactory     : Returning cached instance of singleton bean 'org.springframework.transaction.config.internalTransactionAdvisor'
2024-07-20T12:50:58.510+02:00 DEBUG 238666 --- [crud-springboot] [           main] o.s.b.f.s.DefaultListableBeanFactory     : Creating shared instance of singleton bean 'securityFilterChain'
2024-07-20T12:50:58.510+02:00 TRACE 238666 --- [crud-springboot] [           main] o.s.b.f.s.DefaultListableBeanFactory     : Creating instance of bean 'securityFilterChain'
2024-07-20T12:50:58.510+02:00 TRACE 238666 --- [crud-springboot] [           main] o.s.b.f.s.DefaultListableBeanFactory     : Returning cached instance of singleton bean 'org.springframework.transaction.config.internalTransactionAdvisor'
2024-07-20T12:50:58.510+02:00 TRACE 238666 --- [crud-springboot] [           main] o.s.b.f.s.DefaultListableBeanFactory     : Returning cached instance of singleton bean 'securityConfig'
2024-07-20T12:50:58.510+02:00 TRACE 238666 --- [crud-springboot] [           main] o.s.b.f.s.DefaultListableBeanFactory     : Creating instance of bean 'org.springframework.security.config.annotation.web.configuration.HttpSecurityConfiguration.httpSecurity'
2024-07-20T12:50:58.510+02:00 TRACE 238666 --- [crud-springboot] [           main] o.s.b.f.s.DefaultListableBeanFactory     : Returning cached instance of singleton bean 'org.springframework.security.config.annotation.web.configuration.HttpSecurityConfiguration'
2024-07-20T12:50:58.510+02:00 TRACE 238666 --- [crud-springboot] [           main] o.s.b.f.s.DefaultListableBeanFactory     : Returning cached instance of singleton bean 'authenticationEventPublisher'
2024-07-20T12:50:58.511+02:00 TRACE 238666 --- [crud-springboot] [           main] o.s.c.io.support.SpringFactoriesLoader   : Loaded [org.springframework.security.config.annotation.web.configurers.AbstractHttpConfigurer] names: []
2024-07-20T12:50:58.511+02:00 TRACE 238666 --- [crud-springboot] [           main] o.s.b.f.s.DefaultListableBeanFactory     : Finished creating instance of bean 'org.springframework.security.config.annotation.web.configuration.HttpSecurityConfiguration.httpSecurity'
2024-07-20T12:50:58.511+02:00 DEBUG 238666 --- [crud-springboot] [           main] o.s.b.f.s.DefaultListableBeanFactory     : Autowiring by type from bean name 'securityFilterChain' via factory method to bean named 'org.springframework.security.config.annotation.web.configuration.HttpSecurityConfiguration.httpSecurity'
2024-07-20T12:50:58.517+02:00 TRACE 238666 --- [crud-springboot] [           main] o.s.b.f.s.DefaultListableBeanFactory     : Returning cached instance of singleton bean 'objectPostProcessor'
2024-07-20T12:50:58.518+02:00 TRACE 238666 --- [crud-springboot] [           main] o.s.b.f.s.DefaultListableBeanFactory     : Returning cached instance of singleton bean 'mvcHandlerMappingIntrospector'
2024-07-20T12:50:58.520+02:00 TRACE 238666 --- [crud-springboot] [           main] o.s.b.f.s.DefaultListableBeanFactory     : Returning cached instance of singleton bean 'org.springframework.transaction.config.internalTransactionAdvisor'
2024-07-20T12:50:58.520+02:00 TRACE 238666 --- [crud-springboot] [           main] o.s.b.f.s.DefaultListableBeanFactory     : Returning cached instance of singleton bean 'org.springframework.transaction.config.internalTransactionAdvisor'
2024-07-20T12:50:58.524+02:00 TRACE 238666 --- [crud-springboot] [           main] o.s.b.f.s.DefaultListableBeanFactory     : Returning cached instance of singleton bean 'objectPostProcessor'
2024-07-20T12:50:58.524+02:00 TRACE 238666 --- [crud-springboot] [           main] o.s.b.f.s.DefaultListableBeanFactory     : Returning cached instance of singleton bean 'mvcHandlerMappingIntrospector'
2024-07-20T12:50:58.525+02:00 TRACE 238666 --- [crud-springboot] [           main] o.s.b.f.s.DefaultListableBeanFactory     : Returning cached instance of singleton bean 'org.springframework.transaction.config.internalTransactionAdvisor'
2024-07-20T12:50:58.525+02:00 TRACE 238666 --- [crud-springboot] [           main] o.s.b.f.s.DefaultListableBeanFactory     : Returning cached instance of singleton bean 'org.springframework.transaction.config.internalTransactionAdvisor'
2024-07-20T12:50:58.525+02:00 TRACE 238666 --- [crud-springboot] [           main] o.s.b.f.s.DefaultListableBeanFactory     : Returning cached instance of singleton bean 'objectPostProcessor'
2024-07-20T12:50:58.525+02:00 TRACE 238666 --- [crud-springboot] [           main] o.s.b.f.s.DefaultListableBeanFactory     : Returning cached instance of singleton bean 'mvcHandlerMappingIntrospector'
2024-07-20T12:50:58.525+02:00 TRACE 238666 --- [crud-springboot] [           main] o.s.b.f.s.DefaultListableBeanFactory     : Returning cached instance of singleton bean 'org.springframework.transaction.config.internalTransactionAdvisor'
2024-07-20T12:50:58.525+02:00 TRACE 238666 --- [crud-springboot] [           main] o.s.b.f.s.DefaultListableBeanFactory     : Returning cached instance of singleton bean 'org.springframework.transaction.config.internalTransactionAdvisor'
2024-07-20T12:50:58.526+02:00 TRACE 238666 --- [crud-springboot] [           main] o.s.b.f.s.DefaultListableBeanFactory     : Returning cached instance of singleton bean 'objectPostProcessor'
2024-07-20T12:50:58.526+02:00 TRACE 238666 --- [crud-springboot] [           main] o.s.b.f.s.DefaultListableBeanFactory     : Returning cached instance of singleton bean 'mvcHandlerMappingIntrospector'
2024-07-20T12:50:58.526+02:00 TRACE 238666 --- [crud-springboot] [           main] o.s.b.f.s.DefaultListableBeanFactory     : Returning cached instance of singleton bean 'org.springframework.transaction.config.internalTransactionAdvisor'
2024-07-20T12:50:58.527+02:00 TRACE 238666 --- [crud-springboot] [           main] o.s.b.f.s.DefaultListableBeanFactory     : Returning cached instance of singleton bean 'org.springframework.transaction.config.internalTransactionAdvisor'
2024-07-20T12:50:58.527+02:00 TRACE 238666 --- [crud-springboot] [           main] o.s.b.f.s.DefaultListableBeanFactory     : Returning cached instance of singleton bean 'objectPostProcessor'
2024-07-20T12:50:58.527+02:00 TRACE 238666 --- [crud-springboot] [           main] o.s.b.f.s.DefaultListableBeanFactory     : Returning cached instance of singleton bean 'mvcHandlerMappingIntrospector'
2024-07-20T12:50:58.527+02:00 TRACE 238666 --- [crud-springboot] [           main] o.s.b.f.s.DefaultListableBeanFactory     : Returning cached instance of singleton bean 'org.springframework.transaction.config.internalTransactionAdvisor'
2024-07-20T12:50:58.527+02:00 TRACE 238666 --- [crud-springboot] [           main] o.s.b.f.s.DefaultListableBeanFactory     : Returning cached instance of singleton bean 'org.springframework.transaction.config.internalTransactionAdvisor'
2024-07-20T12:50:58.527+02:00 TRACE 238666 --- [crud-springboot] [           main] o.s.b.f.s.DefaultListableBeanFactory     : Returning cached instance of singleton bean 'objectPostProcessor'
2024-07-20T12:50:58.527+02:00 TRACE 238666 --- [crud-springboot] [           main] o.s.b.f.s.DefaultListableBeanFactory     : Returning cached instance of singleton bean 'mvcHandlerMappingIntrospector'
2024-07-20T12:50:58.527+02:00 TRACE 238666 --- [crud-springboot] [           main] o.s.b.f.s.DefaultListableBeanFactory     : Returning cached instance of singleton bean 'org.springframework.transaction.config.internalTransactionAdvisor'
2024-07-20T12:50:58.527+02:00 TRACE 238666 --- [crud-springboot] [           main] o.s.b.f.s.DefaultListableBeanFactory     : Returning cached instance of singleton bean 'org.springframework.transaction.config.internalTransactionAdvisor'
2024-07-20T12:50:58.528+02:00 TRACE 238666 --- [crud-springboot] [           main] o.s.b.f.s.DefaultListableBeanFactory     : Returning cached instance of singleton bean 'objectPostProcessor'
2024-07-20T12:50:58.528+02:00 TRACE 238666 --- [crud-springboot] [           main] o.s.b.f.s.DefaultListableBeanFactory     : Returning cached instance of singleton bean 'mvcHandlerMappingIntrospector'
2024-07-20T12:50:58.528+02:00 TRACE 238666 --- [crud-springboot] [           main] o.s.b.f.s.DefaultListableBeanFactory     : Returning cached instance of singleton bean 'org.springframework.transaction.config.internalTransactionAdvisor'
2024-07-20T12:50:58.528+02:00 TRACE 238666 --- [crud-springboot] [           main] o.s.b.f.s.DefaultListableBeanFactory     : Returning cached instance of singleton bean 'org.springframework.transaction.config.internalTransactionAdvisor'
2024-07-20T12:50:58.545+02:00 TRACE 238666 --- [crud-springboot] [           main] o.s.b.f.s.DefaultListableBeanFactory     : Returning cached instance of singleton bean 'org.springframework.transaction.config.internalTransactionAdvisor'
2024-07-20T12:50:58.546+02:00 TRACE 238666 --- [crud-springboot] [           main] o.s.b.f.s.DefaultListableBeanFactory     : Returning cached instance of singleton bean 'org.springframework.transaction.config.internalTransactionAdvisor'
2024-07-20T12:50:58.548+02:00 TRACE 238666 --- [crud-springboot] [           main] o.s.b.f.s.DefaultListableBeanFactory     : Returning cached instance of singleton bean 'org.springframework.transaction.config.internalTransactionAdvisor'
2024-07-20T12:50:58.548+02:00 TRACE 238666 --- [crud-springboot] [           main] o.s.b.f.s.DefaultListableBeanFactory     : Returning cached instance of singleton bean 'org.springframework.transaction.config.internalTransactionAdvisor'
2024-07-20T12:50:58.552+02:00 TRACE 238666 --- [crud-springboot] [           main] o.s.b.f.s.DefaultListableBeanFactory     : Returning cached instance of singleton bean 'org.springframework.transaction.config.internalTransactionAdvisor'
2024-07-20T12:50:58.552+02:00 TRACE 238666 --- [crud-springboot] [           main] o.s.b.f.s.DefaultListableBeanFactory     : Returning cached instance of singleton bean 'org.springframework.transaction.config.internalTransactionAdvisor'
2024-07-20T12:50:58.555+02:00 TRACE 238666 --- [crud-springboot] [           main] o.s.b.f.s.DefaultListableBeanFactory     : Invoking afterPropertiesSet() on bean with name 'org.springframework.security.web.authentication.LoginUrlAuthenticationEntryPoint@2a5c115b'
2024-07-20T12:50:58.555+02:00 TRACE 238666 --- [crud-springboot] [           main] o.s.b.f.s.DefaultListableBeanFactory     : Returning cached instance of singleton bean 'org.springframework.transaction.config.internalTransactionAdvisor'
2024-07-20T12:50:58.555+02:00 TRACE 238666 --- [crud-springboot] [           main] o.s.b.f.s.DefaultListableBeanFactory     : Returning cached instance of singleton bean 'org.springframework.transaction.config.internalTransactionAdvisor'
2024-07-20T12:50:58.556+02:00 TRACE 238666 --- [crud-springboot] [           main] o.s.b.f.s.DefaultListableBeanFactory     : Invoking afterPropertiesSet() on bean with name 'org.springframework.security.authentication.ProviderManager@2f51b100'
2024-07-20T12:50:58.557+02:00 TRACE 238666 --- [crud-springboot] [           main] o.s.b.f.s.DefaultListableBeanFactory     : Returning cached instance of singleton bean 'org.springframework.transaction.config.internalTransactionAdvisor'
2024-07-20T12:50:58.557+02:00 TRACE 238666 --- [crud-springboot] [           main] o.s.b.f.s.DefaultListableBeanFactory     : Returning cached instance of singleton bean 'org.springframework.transaction.config.internalTransactionAdvisor'
2024-07-20T12:50:58.561+02:00 TRACE 238666 --- [crud-springboot] [           main] o.s.b.f.s.DefaultListableBeanFactory     : Invoking afterPropertiesSet() on bean with name 'org.springframework.security.web.csrf.CsrfFilter@1254a3cd'
2024-07-20T12:50:58.561+02:00 TRACE 238666 --- [crud-springboot] [           main] o.s.b.f.s.DefaultListableBeanFactory     : Returning cached instance of singleton bean 'org.springframework.transaction.config.internalTransactionAdvisor'
2024-07-20T12:50:58.561+02:00 TRACE 238666 --- [crud-springboot] [           main] o.s.b.f.s.DefaultListableBeanFactory     : Returning cached instance of singleton bean 'org.springframework.transaction.config.internalTransactionAdvisor'
2024-07-20T12:50:58.566+02:00 TRACE 238666 --- [crud-springboot] [           main] o.s.b.f.s.DefaultListableBeanFactory     : Invoking afterPropertiesSet() on bean with name 'org.springframework.security.web.access.ExceptionTranslationFilter@4accc3de'
2024-07-20T12:50:58.566+02:00 TRACE 238666 --- [crud-springboot] [           main] o.s.b.f.s.DefaultListableBeanFactory     : Returning cached instance of singleton bean 'org.springframework.transaction.config.internalTransactionAdvisor'
2024-07-20T12:50:58.566+02:00 TRACE 238666 --- [crud-springboot] [           main] o.s.b.f.s.DefaultListableBeanFactory     : Returning cached instance of singleton bean 'org.springframework.transaction.config.internalTransactionAdvisor'
2024-07-20T12:50:58.575+02:00 TRACE 238666 --- [crud-springboot] [           main] o.s.b.f.s.DefaultListableBeanFactory     : Invoking afterPropertiesSet() on bean with name 'org.springframework.security.web.header.HeaderWriterFilter@23a78d2e'
2024-07-20T12:50:58.575+02:00 TRACE 238666 --- [crud-springboot] [           main] o.s.b.f.s.DefaultListableBeanFactory     : Returning cached instance of singleton bean 'org.springframework.transaction.config.internalTransactionAdvisor'
2024-07-20T12:50:58.575+02:00 TRACE 238666 --- [crud-springboot] [           main] o.s.b.f.s.DefaultListableBeanFactory     : Returning cached instance of singleton bean 'org.springframework.transaction.config.internalTransactionAdvisor'
2024-07-20T12:50:58.578+02:00 TRACE 238666 --- [crud-springboot] [           main] o.s.b.f.s.DefaultListableBeanFactory     : Invoking afterPropertiesSet() on bean with name 'org.springframework.security.web.context.SecurityContextHolderFilter@eb66b47'
2024-07-20T12:50:58.578+02:00 TRACE 238666 --- [crud-springboot] [           main] o.s.b.f.s.DefaultListableBeanFactory     : Returning cached instance of singleton bean 'org.springframework.transaction.config.internalTransactionAdvisor'
2024-07-20T12:50:58.578+02:00 TRACE 238666 --- [crud-springboot] [           main] o.s.b.f.s.DefaultListableBeanFactory     : Returning cached instance of singleton bean 'org.springframework.transaction.config.internalTransactionAdvisor'
2024-07-20T12:50:58.580+02:00 TRACE 238666 --- [crud-springboot] [           main] o.s.b.f.s.DefaultListableBeanFactory     : Invoking afterPropertiesSet() on bean with name 'org.springframework.security.web.savedrequest.RequestCacheAwareFilter@23c61c1b'
2024-07-20T12:50:58.580+02:00 TRACE 238666 --- [crud-springboot] [           main] o.s.b.f.s.DefaultListableBeanFactory     : Returning cached instance of singleton bean 'org.springframework.transaction.config.internalTransactionAdvisor'
2024-07-20T12:50:58.580+02:00 TRACE 238666 --- [crud-springboot] [           main] o.s.b.f.s.DefaultListableBeanFactory     : Returning cached instance of singleton bean 'org.springframework.transaction.config.internalTransactionAdvisor'
2024-07-20T12:50:58.581+02:00 TRACE 238666 --- [crud-springboot] [           main] o.s.b.f.s.DefaultListableBeanFactory     : Invoking afterPropertiesSet() on bean with name 'org.springframework.security.web.servletapi.SecurityContextHolderAwareRequestFilter@773cc551'
2024-07-20T12:50:58.582+02:00 TRACE 238666 --- [crud-springboot] [           main] o.s.b.f.s.DefaultListableBeanFactory     : Returning cached instance of singleton bean 'org.springframework.transaction.config.internalTransactionAdvisor'
2024-07-20T12:50:58.582+02:00 TRACE 238666 --- [crud-springboot] [           main] o.s.b.f.s.DefaultListableBeanFactory     : Returning cached instance of singleton bean 'org.springframework.transaction.config.internalTransactionAdvisor'
2024-07-20T12:50:58.584+02:00 TRACE 238666 --- [crud-springboot] [           main] o.s.b.f.s.DefaultListableBeanFactory     : Returning cached instance of singleton bean 'org.springframework.transaction.config.internalTransactionAdvisor'
2024-07-20T12:50:58.584+02:00 TRACE 238666 --- [crud-springboot] [           main] o.s.b.f.s.DefaultListableBeanFactory     : Returning cached instance of singleton bean 'org.springframework.transaction.config.internalTransactionAdvisor'
2024-07-20T12:50:58.585+02:00 TRACE 238666 --- [crud-springboot] [           main] o.s.b.f.s.DefaultListableBeanFactory     : Invoking afterPropertiesSet() on bean with name 'org.springframework.security.web.authentication.logout.LogoutFilter@2472ba04'
2024-07-20T12:50:58.586+02:00 TRACE 238666 --- [crud-springboot] [           main] o.s.b.f.s.DefaultListableBeanFactory     : Returning cached instance of singleton bean 'org.springframework.transaction.config.internalTransactionAdvisor'
2024-07-20T12:50:58.586+02:00 TRACE 238666 --- [crud-springboot] [           main] o.s.b.f.s.DefaultListableBeanFactory     : Returning cached instance of singleton bean 'org.springframework.transaction.config.internalTransactionAdvisor'
2024-07-20T12:50:58.588+02:00 TRACE 238666 --- [crud-springboot] [           main] o.s.b.f.s.DefaultListableBeanFactory     : Returning cached instance of singleton bean 'mvcHandlerMappingIntrospector'
2024-07-20T12:50:58.589+02:00 TRACE 238666 --- [crud-springboot] [           main] o.s.b.f.s.DefaultListableBeanFactory     : Returning cached instance of singleton bean 'org.springframework.transaction.config.internalTransactionAdvisor'
2024-07-20T12:50:58.590+02:00 TRACE 238666 --- [crud-springboot] [           main] o.s.b.f.s.DefaultListableBeanFactory     : Returning cached instance of singleton bean 'org.springframework.transaction.config.internalTransactionAdvisor'
2024-07-20T12:50:58.592+02:00 TRACE 238666 --- [crud-springboot] [           main] o.s.b.f.s.DefaultListableBeanFactory     : Invoking afterPropertiesSet() on bean with name 'org.springframework.security.web.access.intercept.AuthorizationFilter@9120cb5'
2024-07-20T12:50:58.592+02:00 TRACE 238666 --- [crud-springboot] [           main] o.s.b.f.s.DefaultListableBeanFactory     : Returning cached instance of singleton bean 'org.springframework.transaction.config.internalTransactionAdvisor'
2024-07-20T12:50:58.593+02:00 TRACE 238666 --- [crud-springboot] [           main] o.s.b.f.s.DefaultListableBeanFactory     : Returning cached instance of singleton bean 'org.springframework.transaction.config.internalTransactionAdvisor'
2024-07-20T12:50:58.595+02:00 TRACE 238666 --- [crud-springboot] [           main] o.s.b.f.s.DefaultListableBeanFactory     : Invoking afterPropertiesSet() on bean with name 'org.springframework.security.web.authentication.UsernamePasswordAuthenticationFilter@18419ab7'
2024-07-20T12:50:58.595+02:00 TRACE 238666 --- [crud-springboot] [           main] o.s.b.f.s.DefaultListableBeanFactory     : Returning cached instance of singleton bean 'org.springframework.transaction.config.internalTransactionAdvisor'
2024-07-20T12:50:58.596+02:00 TRACE 238666 --- [crud-springboot] [           main] o.s.b.f.s.DefaultListableBeanFactory     : Returning cached instance of singleton bean 'org.springframework.transaction.config.internalTransactionAdvisor'
2024-07-20T12:50:58.598+02:00  INFO 238666 --- [crud-springboot] [           main] o.s.s.web.DefaultSecurityFilterChain     : Will secure any request with [org.springframework.security.web.session.DisableEncodeUrlFilter@57cc0333, org.springframework.security.web.context.request.async.WebAsyncManagerIntegrationFilter@4e22dadb, org.springframework.security.web.context.SecurityContextHolderFilter@eb66b47, org.springframework.security.web.header.HeaderWriterFilter@23a78d2e, org.springframework.web.filter.CorsFilter@5aa2758a, org.springframework.security.web.csrf.CsrfFilter@1254a3cd, org.springframework.security.web.authentication.logout.LogoutFilter@2472ba04, org.springframework.security.web.authentication.UsernamePasswordAuthenticationFilter@18419ab7, org.springframework.security.web.savedrequest.RequestCacheAwareFilter@23c61c1b, org.springframework.security.web.servletapi.SecurityContextHolderAwareRequestFilter@773cc551, org.springframework.security.web.authentication.AnonymousAuthenticationFilter@1a916120, org.springframework.security.web.access.ExceptionTranslationFilter@4accc3de, org.springframework.security.web.access.intercept.AuthorizationFilter@9120cb5]
2024-07-20T12:50:58.598+02:00 TRACE 238666 --- [crud-springboot] [           main] o.s.b.f.s.DefaultListableBeanFactory     : Returning cached instance of singleton bean 'org.springframework.transaction.config.internalTransactionAdvisor'
2024-07-20T12:50:58.599+02:00 TRACE 238666 --- [crud-springboot] [           main] o.s.b.f.s.DefaultListableBeanFactory     : Returning cached instance of singleton bean 'org.springframework.transaction.config.internalTransactionAdvisor'
2024-07-20T12:50:58.599+02:00 TRACE 238666 --- [crud-springboot] [           main] o.s.b.f.s.DefaultListableBeanFactory     : Finished creating instance of bean 'securityFilterChain'
2024-07-20T12:50:58.599+02:00 TRACE 238666 --- [crud-springboot] [           main] f.a.AutowiredAnnotationBeanPostProcessor : Autowiring by type from bean name 'org.springframework.security.config.annotation.web.configuration.WebSecurityConfiguration' to bean named 'securityFilterChain'
2024-07-20T12:50:58.600+02:00 TRACE 238666 --- [crud-springboot] [           main] o.s.b.f.s.DefaultListableBeanFactory     : Returning cached instance of singleton bean 'org.springframework.context.annotation.ConfigurationClassPostProcessor.importRegistry'
2024-07-20T12:50:58.601+02:00 TRACE 238666 --- [crud-springboot] [           main] o.s.b.f.s.DefaultListableBeanFactory     : Returning cached instance of singleton bean 'org.springframework.transaction.config.internalTransactionAdvisor'
2024-07-20T12:50:58.601+02:00 TRACE 238666 --- [crud-springboot] [           main] o.s.b.f.s.DefaultListableBeanFactory     : Returning cached instance of singleton bean 'org.springframework.transaction.config.internalTransactionAdvisor'
2024-07-20T12:50:58.601+02:00 TRACE 238666 --- [crud-springboot] [           main] o.s.b.f.s.DefaultListableBeanFactory     : Finished creating instance of bean 'org.springframework.security.config.annotation.web.configuration.WebSecurityConfiguration'
2024-07-20T12:50:58.601+02:00 DEBUG 238666 --- [crud-springboot] [           main] o.s.b.f.s.DefaultListableBeanFactory     : Creating shared instance of singleton bean 'delegatingApplicationListener'
2024-07-20T12:50:58.601+02:00 TRACE 238666 --- [crud-springboot] [           main] o.s.b.f.s.DefaultListableBeanFactory     : Creating instance of bean 'delegatingApplicationListener'
2024-07-20T12:50:58.601+02:00 TRACE 238666 --- [crud-springboot] [           main] o.s.b.f.s.DefaultListableBeanFactory     : Returning cached instance of singleton bean 'org.springframework.transaction.config.internalTransactionAdvisor'
2024-07-20T12:50:58.602+02:00 TRACE 238666 --- [crud-springboot] [           main] o.s.b.f.s.DefaultListableBeanFactory     : Returning cached instance of singleton bean 'org.springframework.transaction.config.internalTransactionAdvisor'
2024-07-20T12:50:58.602+02:00 TRACE 238666 --- [crud-springboot] [           main] o.s.b.f.s.DefaultListableBeanFactory     : Returning cached instance of singleton bean 'org.springframework.transaction.config.internalTransactionAdvisor'
2024-07-20T12:50:58.602+02:00 TRACE 238666 --- [crud-springboot] [           main] o.s.b.f.s.DefaultListableBeanFactory     : Finished creating instance of bean 'delegatingApplicationListener'
2024-07-20T12:50:58.602+02:00 DEBUG 238666 --- [crud-springboot] [           main] o.s.b.f.s.DefaultListableBeanFactory     : Creating shared instance of singleton bean 'springSecurityFilterChain'
2024-07-20T12:50:58.602+02:00 TRACE 238666 --- [crud-springboot] [           main] o.s.b.f.s.DefaultListableBeanFactory     : Creating instance of bean 'springSecurityFilterChain'
2024-07-20T12:50:58.602+02:00 TRACE 238666 --- [crud-springboot] [           main] o.s.b.f.s.DefaultListableBeanFactory     : Returning cached instance of singleton bean 'org.springframework.transaction.config.internalTransactionAdvisor'
2024-07-20T12:50:58.605+02:00 TRACE 238666 --- [crud-springboot] [           main] o.s.b.f.s.DefaultListableBeanFactory     : Creating instance of bean '(inner bean)#7236213e'
2024-07-20T12:50:58.605+02:00 TRACE 238666 --- [crud-springboot] [           main] o.s.b.f.s.DefaultListableBeanFactory     : Returning cached instance of singleton bean 'org.springframework.transaction.config.internalTransactionAdvisor'
2024-07-20T12:50:58.607+02:00 TRACE 238666 --- [crud-springboot] [           main] o.s.b.f.s.DefaultListableBeanFactory     : Returning cached instance of singleton bean 'org.springframework.transaction.config.internalTransactionAdvisor'
2024-07-20T12:50:58.607+02:00 TRACE 238666 --- [crud-springboot] [           main] o.s.b.f.s.DefaultListableBeanFactory     : Returning cached instance of singleton bean 'org.springframework.transaction.config.internalTransactionAdvisor'
2024-07-20T12:50:58.607+02:00 TRACE 238666 --- [crud-springboot] [           main] o.s.b.f.s.DefaultListableBeanFactory     : Finished creating instance of bean '(inner bean)#7236213e'
2024-07-20T12:50:58.608+02:00 TRACE 238666 --- [crud-springboot] [           main] o.s.b.f.s.DefaultListableBeanFactory     : Returning cached instance of singleton bean 'mvcHandlerMappingIntrospector'
2024-07-20T12:50:58.609+02:00 TRACE 238666 --- [crud-springboot] [           main] o.s.b.f.s.DefaultListableBeanFactory     : Returning cached instance of singleton bean 'org.springframework.transaction.config.internalTransactionAdvisor'
2024-07-20T12:50:58.609+02:00 TRACE 238666 --- [crud-springboot] [           main] o.s.b.f.s.DefaultListableBeanFactory     : Returning cached instance of singleton bean 'org.springframework.transaction.config.internalTransactionAdvisor'
2024-07-20T12:50:58.610+02:00 TRACE 238666 --- [crud-springboot] [           main] o.s.b.f.s.DefaultListableBeanFactory     : Creating instance of bean '(inner bean)#7c7a4986'
2024-07-20T12:50:58.610+02:00 TRACE 238666 --- [crud-springboot] [           main] o.s.b.f.s.DefaultListableBeanFactory     : Returning cached instance of singleton bean 'org.springframework.transaction.config.internalTransactionAdvisor'
2024-07-20T12:50:58.610+02:00 TRACE 238666 --- [crud-springboot] [           main] o.s.b.f.s.DefaultListableBeanFactory     : Returning cached instance of singleton bean 'org.springframework.security.config.annotation.web.configuration.WebSecurityConfiguration'
2024-07-20T12:50:58.619+02:00 TRACE 238666 --- [crud-springboot] [           main] o.s.b.f.s.DefaultListableBeanFactory     : Invoking afterPropertiesSet() on bean with name '(inner bean)#7c7a4986'
2024-07-20T12:50:58.619+02:00 TRACE 238666 --- [crud-springboot] [           main] o.s.b.f.s.DefaultListableBeanFactory     : Returning cached instance of singleton bean 'org.springframework.transaction.config.internalTransactionAdvisor'
2024-07-20T12:50:58.619+02:00 TRACE 238666 --- [crud-springboot] [           main] o.s.b.f.s.DefaultListableBeanFactory     : Returning cached instance of singleton bean 'org.springframework.transaction.config.internalTransactionAdvisor'
2024-07-20T12:50:58.621+02:00 TRACE 238666 --- [crud-springboot] [           main] o.s.b.f.s.DefaultListableBeanFactory     : Finished creating instance of bean '(inner bean)#7c7a4986'
2024-07-20T12:50:58.626+02:00 TRACE 238666 --- [crud-springboot] [           main] o.s.b.f.s.DefaultListableBeanFactory     : Invoking afterPropertiesSet() on bean with name 'springSecurityFilterChain'
2024-07-20T12:50:58.626+02:00 TRACE 238666 --- [crud-springboot] [           main] o.s.b.f.s.DefaultListableBeanFactory     : Returning cached instance of singleton bean 'org.springframework.transaction.config.internalTransactionAdvisor'
2024-07-20T12:50:58.626+02:00 TRACE 238666 --- [crud-springboot] [           main] o.s.b.f.s.DefaultListableBeanFactory     : Returning cached instance of singleton bean 'org.springframework.transaction.config.internalTransactionAdvisor'
2024-07-20T12:50:58.627+02:00 TRACE 238666 --- [crud-springboot] [           main] o.s.b.f.s.DefaultListableBeanFactory     : Finished creating instance of bean 'springSecurityFilterChain'
2024-07-20T12:50:58.627+02:00 DEBUG 238666 --- [crud-springboot] [           main] o.s.b.f.s.DefaultListableBeanFactory     : Creating shared instance of singleton bean 'webSecurityExpressionHandler'
2024-07-20T12:50:58.627+02:00 TRACE 238666 --- [crud-springboot] [           main] o.s.b.f.s.DefaultListableBeanFactory     : Creating instance of bean 'webSecurityExpressionHandler'
2024-07-20T12:50:58.627+02:00 TRACE 238666 --- [crud-springboot] [           main] a.AnnotationAwareAspectJAutoProxyCreator : Did not attempt to auto-proxy infrastructure class [org.springframework.security.access.expression.SecurityExpressionHandler]
2024-07-20T12:50:58.627+02:00 TRACE 238666 --- [crud-springboot] [           main] o.s.b.f.s.DefaultListableBeanFactory     : Returning cached instance of singleton bean 'org.springframework.security.config.annotation.web.configuration.WebSecurityConfiguration'
2024-07-20T12:50:58.632+02:00 TRACE 238666 --- [crud-springboot] [           main] o.s.b.f.s.DefaultListableBeanFactory     : Finished creating instance of bean 'webSecurityExpressionHandler'
2024-07-20T12:50:58.632+02:00 TRACE 238666 --- [crud-springboot] [           main] o.s.b.f.s.DefaultListableBeanFactory     : Returning cached instance of singleton bean 'springSecurityFilterChain'
2024-07-20T12:50:58.632+02:00 DEBUG 238666 --- [crud-springboot] [           main] o.s.b.f.s.DefaultListableBeanFactory     : Creating shared instance of singleton bean 'privilegeEvaluator'
2024-07-20T12:50:58.633+02:00 TRACE 238666 --- [crud-springboot] [           main] o.s.b.f.s.DefaultListableBeanFactory     : Creating instance of bean 'privilegeEvaluator'
2024-07-20T12:50:58.633+02:00 TRACE 238666 --- [crud-springboot] [           main] o.s.b.f.s.DefaultListableBeanFactory     : Returning cached instance of singleton bean 'org.springframework.transaction.config.internalTransactionAdvisor'
2024-07-20T12:50:58.633+02:00 TRACE 238666 --- [crud-springboot] [           main] o.s.b.f.s.DefaultListableBeanFactory     : Returning cached instance of singleton bean 'org.springframework.security.config.annotation.web.configuration.WebSecurityConfiguration'
2024-07-20T12:50:58.634+02:00 TRACE 238666 --- [crud-springboot] [           main] o.s.b.f.s.DefaultListableBeanFactory     : Returning cached instance of singleton bean 'org.springframework.transaction.config.internalTransactionAdvisor'
2024-07-20T12:50:58.634+02:00 TRACE 238666 --- [crud-springboot] [           main] o.s.b.f.s.DefaultListableBeanFactory     : Returning cached instance of singleton bean 'org.springframework.transaction.config.internalTransactionAdvisor'
2024-07-20T12:50:58.635+02:00 TRACE 238666 --- [crud-springboot] [           main] o.s.b.f.s.DefaultListableBeanFactory     : Finished creating instance of bean 'privilegeEvaluator'
2024-07-20T12:50:58.635+02:00 TRACE 238666 --- [crud-springboot] [           main] o.s.b.f.s.DefaultListableBeanFactory     : Returning cached instance of singleton bean 'conversionServicePostProcessor'
2024-07-20T12:50:58.635+02:00 TRACE 238666 --- [crud-springboot] [           main] o.s.b.f.s.DefaultListableBeanFactory     : Returning cached instance of singleton bean 'org.springframework.security.config.annotation.web.configuration.WebMvcSecurityConfiguration'
2024-07-20T12:50:58.635+02:00 DEBUG 238666 --- [crud-springboot] [           main] o.s.b.f.s.DefaultListableBeanFactory     : Creating shared instance of singleton bean 'requestDataValueProcessor'
2024-07-20T12:50:58.635+02:00 TRACE 238666 --- [crud-springboot] [           main] o.s.b.f.s.DefaultListableBeanFactory     : Creating instance of bean 'requestDataValueProcessor'
2024-07-20T12:50:58.635+02:00 TRACE 238666 --- [crud-springboot] [           main] o.s.b.f.s.DefaultListableBeanFactory     : Returning cached instance of singleton bean 'org.springframework.transaction.config.internalTransactionAdvisor'
2024-07-20T12:50:58.635+02:00 TRACE 238666 --- [crud-springboot] [           main] o.s.b.f.s.DefaultListableBeanFactory     : Returning cached instance of singleton bean 'org.springframework.security.config.annotation.web.configuration.WebMvcSecurityConfiguration'
2024-07-20T12:50:58.636+02:00 TRACE 238666 --- [crud-springboot] [           main] o.s.b.f.s.DefaultListableBeanFactory     : Returning cached instance of singleton bean 'org.springframework.transaction.config.internalTransactionAdvisor'
2024-07-20T12:50:58.636+02:00 TRACE 238666 --- [crud-springboot] [           main] o.s.b.f.s.DefaultListableBeanFactory     : Returning cached instance of singleton bean 'org.springframework.transaction.config.internalTransactionAdvisor'
2024-07-20T12:50:58.637+02:00 TRACE 238666 --- [crud-springboot] [           main] o.s.b.f.s.DefaultListableBeanFactory     : Finished creating instance of bean 'requestDataValueProcessor'
2024-07-20T12:50:58.637+02:00 TRACE 238666 --- [crud-springboot] [           main] o.s.b.f.s.DefaultListableBeanFactory     : Returning cached instance of singleton bean 'springSecurityHandlerMappingIntrospectorBeanDefinitionRegistryPostProcessor'
2024-07-20T12:50:58.637+02:00 TRACE 238666 --- [crud-springboot] [           main] o.s.b.f.s.DefaultListableBeanFactory     : Returning cached instance of singleton bean 'org.springframework.security.config.annotation.web.configuration.HttpSecurityConfiguration'
2024-07-20T12:50:58.637+02:00 TRACE 238666 --- [crud-springboot] [           main] o.s.b.f.s.DefaultListableBeanFactory     : Returning cached instance of singleton bean 'passwordEncoder'
2024-07-20T12:50:58.637+02:00 TRACE 238666 --- [crud-springboot] [           main] o.s.b.f.s.DefaultListableBeanFactory     : Returning cached instance of singleton bean 'authenticationManager'
2024-07-20T12:50:58.637+02:00 TRACE 238666 --- [crud-springboot] [           main] o.s.b.f.s.DefaultListableBeanFactory     : Returning cached instance of singleton bean 'securityFilterChain'
2024-07-20T12:50:58.637+02:00 TRACE 238666 --- [crud-springboot] [           main] o.s.b.f.s.DefaultListableBeanFactory     : Returning cached instance of singleton bean 'org.springframework.boot.autoconfigure.AutoConfigurationPackages'
2024-07-20T12:50:58.637+02:00 DEBUG 238666 --- [crud-springboot] [           main] o.s.b.f.s.DefaultListableBeanFactory     : Creating shared instance of singleton bean 'org.springframework.boot.autoconfigure.context.PropertyPlaceholderAutoConfiguration'
2024-07-20T12:50:58.637+02:00 TRACE 238666 --- [crud-springboot] [           main] o.s.b.f.s.DefaultListableBeanFactory     : Creating instance of bean 'org.springframework.boot.autoconfigure.context.PropertyPlaceholderAutoConfiguration'
2024-07-20T12:50:58.637+02:00 TRACE 238666 --- [crud-springboot] [           main] o.s.b.f.s.DefaultListableBeanFactory     : Returning cached instance of singleton bean 'org.springframework.transaction.config.internalTransactionAdvisor'
2024-07-20T12:50:58.637+02:00 TRACE 238666 --- [crud-springboot] [           main] o.s.b.f.s.DefaultListableBeanFactory     : Returning cached instance of singleton bean 'org.springframework.transaction.config.internalTransactionAdvisor'
2024-07-20T12:50:58.637+02:00 TRACE 238666 --- [crud-springboot] [           main] o.s.b.f.s.DefaultListableBeanFactory     : Returning cached instance of singleton bean 'org.springframework.transaction.config.internalTransactionAdvisor'
2024-07-20T12:50:58.638+02:00 TRACE 238666 --- [crud-springboot] [           main] o.s.b.f.s.DefaultListableBeanFactory     : Finished creating instance of bean 'org.springframework.boot.autoconfigure.context.PropertyPlaceholderAutoConfiguration'
2024-07-20T12:50:58.638+02:00 TRACE 238666 --- [crud-springboot] [           main] o.s.b.f.s.DefaultListableBeanFactory     : Returning cached instance of singleton bean 'propertySourcesPlaceholderConfigurer'
2024-07-20T12:50:58.638+02:00 DEBUG 238666 --- [crud-springboot] [           main] o.s.b.f.s.DefaultListableBeanFactory     : Creating shared instance of singleton bean 'org.springframework.boot.autoconfigure.ssl.SslAutoConfiguration'
2024-07-20T12:50:58.638+02:00 TRACE 238666 --- [crud-springboot] [           main] o.s.b.f.s.DefaultListableBeanFactory     : Creating instance of bean 'org.springframework.boot.autoconfigure.ssl.SslAutoConfiguration'
2024-07-20T12:50:58.638+02:00 TRACE 238666 --- [crud-springboot] [           main] o.s.b.f.s.DefaultListableBeanFactory     : Returning cached instance of singleton bean 'org.springframework.transaction.config.internalTransactionAdvisor'
2024-07-20T12:50:58.639+02:00 DEBUG 238666 --- [crud-springboot] [           main] o.s.b.f.s.DefaultListableBeanFactory     : Creating shared instance of singleton bean 'spring.ssl-org.springframework.boot.autoconfigure.ssl.SslProperties'
2024-07-20T12:50:58.639+02:00 TRACE 238666 --- [crud-springboot] [           main] o.s.b.f.s.DefaultListableBeanFactory     : Creating instance of bean 'spring.ssl-org.springframework.boot.autoconfigure.ssl.SslProperties'
2024-07-20T12:50:58.639+02:00 TRACE 238666 --- [crud-springboot] [           main] o.s.b.f.s.DefaultListableBeanFactory     : Returning cached instance of singleton bean 'org.springframework.transaction.config.internalTransactionAdvisor'
2024-07-20T12:50:58.640+02:00 TRACE 238666 --- [crud-springboot] [           main] o.s.b.f.s.DefaultListableBeanFactory     : Returning cached instance of singleton bean 'org.springframework.boot.context.properties.BoundConfigurationProperties'
2024-07-20T12:50:58.641+02:00 TRACE 238666 --- [crud-springboot] [           main] o.s.b.f.s.DefaultListableBeanFactory     : Returning cached instance of singleton bean 'org.springframework.transaction.config.internalTransactionAdvisor'
2024-07-20T12:50:58.641+02:00 TRACE 238666 --- [crud-springboot] [           main] o.s.b.f.s.DefaultListableBeanFactory     : Returning cached instance of singleton bean 'org.springframework.transaction.config.internalTransactionAdvisor'
2024-07-20T12:50:58.641+02:00 TRACE 238666 --- [crud-springboot] [           main] o.s.b.f.s.DefaultListableBeanFactory     : Finished creating instance of bean 'spring.ssl-org.springframework.boot.autoconfigure.ssl.SslProperties'
2024-07-20T12:50:58.641+02:00 DEBUG 238666 --- [crud-springboot] [           main] o.s.b.f.s.DefaultListableBeanFactory     : Autowiring by type from bean name 'org.springframework.boot.autoconfigure.ssl.SslAutoConfiguration' via constructor to bean named 'spring.ssl-org.springframework.boot.autoconfigure.ssl.SslProperties'
2024-07-20T12:50:58.642+02:00 TRACE 238666 --- [crud-springboot] [           main] o.s.b.f.s.DefaultListableBeanFactory     : Returning cached instance of singleton bean 'org.springframework.transaction.config.internalTransactionAdvisor'
2024-07-20T12:50:58.642+02:00 TRACE 238666 --- [crud-springboot] [           main] o.s.b.f.s.DefaultListableBeanFactory     : Returning cached instance of singleton bean 'org.springframework.transaction.config.internalTransactionAdvisor'
2024-07-20T12:50:58.642+02:00 TRACE 238666 --- [crud-springboot] [           main] o.s.b.f.s.DefaultListableBeanFactory     : Finished creating instance of bean 'org.springframework.boot.autoconfigure.ssl.SslAutoConfiguration'
2024-07-20T12:50:58.642+02:00 DEBUG 238666 --- [crud-springboot] [           main] o.s.b.f.s.DefaultListableBeanFactory     : Creating shared instance of singleton bean 'fileWatcher'
2024-07-20T12:50:58.642+02:00 TRACE 238666 --- [crud-springboot] [           main] o.s.b.f.s.DefaultListableBeanFactory     : Creating instance of bean 'fileWatcher'
2024-07-20T12:50:58.642+02:00 TRACE 238666 --- [crud-springboot] [           main] o.s.b.f.s.DefaultListableBeanFactory     : Returning cached instance of singleton bean 'org.springframework.transaction.config.internalTransactionAdvisor'
2024-07-20T12:50:58.642+02:00 TRACE 238666 --- [crud-springboot] [           main] o.s.b.f.s.DefaultListableBeanFactory     : Returning cached instance of singleton bean 'org.springframework.boot.autoconfigure.ssl.SslAutoConfiguration'
2024-07-20T12:50:58.644+02:00 TRACE 238666 --- [crud-springboot] [           main] o.s.b.f.s.DefaultListableBeanFactory     : Returning cached instance of singleton bean 'org.springframework.transaction.config.internalTransactionAdvisor'
2024-07-20T12:50:58.644+02:00 TRACE 238666 --- [crud-springboot] [           main] o.s.b.f.s.DefaultListableBeanFactory     : Returning cached instance of singleton bean 'org.springframework.transaction.config.internalTransactionAdvisor'
2024-07-20T12:50:58.644+02:00 TRACE 238666 --- [crud-springboot] [           main] o.s.b.f.s.DefaultListableBeanFactory     : Finished creating instance of bean 'fileWatcher'
2024-07-20T12:50:58.644+02:00 DEBUG 238666 --- [crud-springboot] [           main] o.s.b.f.s.DefaultListableBeanFactory     : Creating shared instance of singleton bean 'sslPropertiesSslBundleRegistrar'
2024-07-20T12:50:58.644+02:00 TRACE 238666 --- [crud-springboot] [           main] o.s.b.f.s.DefaultListableBeanFactory     : Creating instance of bean 'sslPropertiesSslBundleRegistrar'
2024-07-20T12:50:58.644+02:00 TRACE 238666 --- [crud-springboot] [           main] o.s.b.f.s.DefaultListableBeanFactory     : Returning cached instance of singleton bean 'org.springframework.transaction.config.internalTransactionAdvisor'
2024-07-20T12:50:58.644+02:00 TRACE 238666 --- [crud-springboot] [           main] o.s.b.f.s.DefaultListableBeanFactory     : Returning cached instance of singleton bean 'org.springframework.boot.autoconfigure.ssl.SslAutoConfiguration'
2024-07-20T12:50:58.645+02:00 TRACE 238666 --- [crud-springboot] [           main] o.s.b.f.s.DefaultListableBeanFactory     : Returning cached instance of singleton bean 'fileWatcher'
2024-07-20T12:50:58.645+02:00 DEBUG 238666 --- [crud-springboot] [           main] o.s.b.f.s.DefaultListableBeanFactory     : Autowiring by type from bean name 'sslPropertiesSslBundleRegistrar' via factory method to bean named 'fileWatcher'
2024-07-20T12:50:58.647+02:00 TRACE 238666 --- [crud-springboot] [           main] o.s.b.f.s.DefaultListableBeanFactory     : Returning cached instance of singleton bean 'org.springframework.transaction.config.internalTransactionAdvisor'
2024-07-20T12:50:58.647+02:00 TRACE 238666 --- [crud-springboot] [           main] o.s.b.f.s.DefaultListableBeanFactory     : Returning cached instance of singleton bean 'org.springframework.transaction.config.internalTransactionAdvisor'
2024-07-20T12:50:58.649+02:00 TRACE 238666 --- [crud-springboot] [           main] o.s.b.f.s.DefaultListableBeanFactory     : Finished creating instance of bean 'sslPropertiesSslBundleRegistrar'
2024-07-20T12:50:58.649+02:00 DEBUG 238666 --- [crud-springboot] [           main] o.s.b.f.s.DefaultListableBeanFactory     : Creating shared instance of singleton bean 'sslBundleRegistry'
2024-07-20T12:50:58.649+02:00 TRACE 238666 --- [crud-springboot] [           main] o.s.b.f.s.DefaultListableBeanFactory     : Creating instance of bean 'sslBundleRegistry'
2024-07-20T12:50:58.649+02:00 TRACE 238666 --- [crud-springboot] [           main] o.s.b.f.s.DefaultListableBeanFactory     : Returning cached instance of singleton bean 'org.springframework.transaction.config.internalTransactionAdvisor'
2024-07-20T12:50:58.650+02:00 TRACE 238666 --- [crud-springboot] [           main] o.s.b.f.s.DefaultListableBeanFactory     : Returning cached instance of singleton bean 'org.springframework.boot.autoconfigure.ssl.SslAutoConfiguration'
2024-07-20T12:50:58.652+02:00 TRACE 238666 --- [crud-springboot] [           main] o.s.b.f.s.DefaultListableBeanFactory     : Returning cached instance of singleton bean 'sslPropertiesSslBundleRegistrar'
2024-07-20T12:50:58.652+02:00 TRACE 238666 --- [crud-springboot] [           main] o.s.b.f.s.DefaultListableBeanFactory     : Returning cached instance of singleton bean 'sslPropertiesSslBundleRegistrar'
2024-07-20T12:50:58.659+02:00 TRACE 238666 --- [crud-springboot] [           main] o.s.b.f.s.DefaultListableBeanFactory     : Returning cached instance of singleton bean 'org.springframework.transaction.config.internalTransactionAdvisor'
2024-07-20T12:50:58.659+02:00 TRACE 238666 --- [crud-springboot] [           main] o.s.b.f.s.DefaultListableBeanFactory     : Returning cached instance of singleton bean 'org.springframework.transaction.config.internalTransactionAdvisor'
2024-07-20T12:50:58.659+02:00 TRACE 238666 --- [crud-springboot] [           main] o.s.b.f.s.DefaultListableBeanFactory     : Finished creating instance of bean 'sslBundleRegistry'
2024-07-20T12:50:58.659+02:00 TRACE 238666 --- [crud-springboot] [           main] o.s.b.f.s.DefaultListableBeanFactory     : Returning cached instance of singleton bean 'org.springframework.boot.context.properties.ConfigurationPropertiesBindingPostProcessor'
2024-07-20T12:50:58.659+02:00 TRACE 238666 --- [crud-springboot] [           main] o.s.b.f.s.DefaultListableBeanFactory     : Returning cached instance of singleton bean 'org.springframework.boot.context.internalConfigurationPropertiesBinder'
2024-07-20T12:50:58.659+02:00 TRACE 238666 --- [crud-springboot] [           main] o.s.b.f.s.DefaultListableBeanFactory     : Returning cached instance of singleton bean 'org.springframework.boot.context.properties.BoundConfigurationProperties'
2024-07-20T12:50:58.659+02:00 DEBUG 238666 --- [crud-springboot] [           main] o.s.b.f.s.DefaultListableBeanFactory     : Creating shared instance of singleton bean 'org.springframework.boot.context.properties.EnableConfigurationPropertiesRegistrar.methodValidationExcludeFilter'
2024-07-20T12:50:58.660+02:00 TRACE 238666 --- [crud-springboot] [           main] o.s.b.f.s.DefaultListableBeanFactory     : Creating instance of bean 'org.springframework.boot.context.properties.EnableConfigurationPropertiesRegistrar.methodValidationExcludeFilter'
2024-07-20T12:50:58.660+02:00 TRACE 238666 --- [crud-springboot] [           main] o.s.b.f.s.DefaultListableBeanFactory     : Returning cached instance of singleton bean 'org.springframework.transaction.config.internalTransactionAdvisor'
2024-07-20T12:50:58.661+02:00 TRACE 238666 --- [crud-springboot] [           main] o.s.b.f.s.DefaultListableBeanFactory     : Ignoring factory method [public static org.springframework.boot.validation.beanvalidation.MethodValidationExcludeFilter org.springframework.boot.validation.beanvalidation.MethodValidationExcludeFilter.byAnnotation(java.lang.Class,org.springframework.core.annotation.MergedAnnotations$SearchStrategy)] of bean 'org.springframework.boot.context.properties.EnableConfigurationPropertiesRegistrar.methodValidationExcludeFilter': org.springframework.beans.factory.UnsatisfiedDependencyException: Error creating bean with name 'org.springframework.boot.context.properties.EnableConfigurationPropertiesRegistrar.methodValidationExcludeFilter': Unsatisfied dependency expressed through method 'byAnnotation' parameter 1: Ambiguous argument values for parameter of type [org.springframework.core.annotation.MergedAnnotations$SearchStrategy] - did you specify the correct bean references as arguments?
2024-07-20T12:50:58.662+02:00 TRACE 238666 --- [crud-springboot] [           main] o.s.b.f.s.DefaultListableBeanFactory     : Returning cached instance of singleton bean 'org.springframework.transaction.config.internalTransactionAdvisor'
2024-07-20T12:50:58.662+02:00 TRACE 238666 --- [crud-springboot] [           main] o.s.b.f.s.DefaultListableBeanFactory     : Returning cached instance of singleton bean 'org.springframework.transaction.config.internalTransactionAdvisor'
2024-07-20T12:50:58.662+02:00 TRACE 238666 --- [crud-springboot] [           main] o.s.b.f.s.DefaultListableBeanFactory     : Finished creating instance of bean 'org.springframework.boot.context.properties.EnableConfigurationPropertiesRegistrar.methodValidationExcludeFilter'
2024-07-20T12:50:58.662+02:00 TRACE 238666 --- [crud-springboot] [           main] o.s.b.f.s.DefaultListableBeanFactory     : Returning cached instance of singleton bean 'spring.ssl-org.springframework.boot.autoconfigure.ssl.SslProperties'
2024-07-20T12:50:58.662+02:00 DEBUG 238666 --- [crud-springboot] [           main] o.s.b.f.s.DefaultListableBeanFactory     : Creating shared instance of singleton bean 'org.springframework.boot.autoconfigure.websocket.servlet.WebSocketServletAutoConfiguration$TomcatWebSocketConfiguration'
2024-07-20T12:50:58.662+02:00 TRACE 238666 --- [crud-springboot] [           main] o.s.b.f.s.DefaultListableBeanFactory     : Creating instance of bean 'org.springframework.boot.autoconfigure.websocket.servlet.WebSocketServletAutoConfiguration$TomcatWebSocketConfiguration'
2024-07-20T12:50:58.662+02:00 TRACE 238666 --- [crud-springboot] [           main] o.s.b.f.s.DefaultListableBeanFactory     : Returning cached instance of singleton bean 'org.springframework.transaction.config.internalTransactionAdvisor'
2024-07-20T12:50:58.663+02:00 TRACE 238666 --- [crud-springboot] [           main] o.s.b.f.s.DefaultListableBeanFactory     : Returning cached instance of singleton bean 'org.springframework.transaction.config.internalTransactionAdvisor'
2024-07-20T12:50:58.663+02:00 TRACE 238666 --- [crud-springboot] [           main] o.s.b.f.s.DefaultListableBeanFactory     : Returning cached instance of singleton bean 'org.springframework.transaction.config.internalTransactionAdvisor'
2024-07-20T12:50:58.663+02:00 TRACE 238666 --- [crud-springboot] [           main] o.s.b.f.s.DefaultListableBeanFactory     : Finished creating instance of bean 'org.springframework.boot.autoconfigure.websocket.servlet.WebSocketServletAutoConfiguration$TomcatWebSocketConfiguration'
2024-07-20T12:50:58.663+02:00 DEBUG 238666 --- [crud-springboot] [           main] o.s.b.f.s.DefaultListableBeanFactory     : Creating shared instance of singleton bean 'websocketServletWebServerCustomizer'
2024-07-20T12:50:58.663+02:00 TRACE 238666 --- [crud-springboot] [           main] o.s.b.f.s.DefaultListableBeanFactory     : Creating instance of bean 'websocketServletWebServerCustomizer'
2024-07-20T12:50:58.663+02:00 TRACE 238666 --- [crud-springboot] [           main] o.s.b.f.s.DefaultListableBeanFactory     : Returning cached instance of singleton bean 'org.springframework.transaction.config.internalTransactionAdvisor'
2024-07-20T12:50:58.663+02:00 TRACE 238666 --- [crud-springboot] [           main] o.s.b.f.s.DefaultListableBeanFactory     : Returning cached instance of singleton bean 'org.springframework.boot.autoconfigure.websocket.servlet.WebSocketServletAutoConfiguration$TomcatWebSocketConfiguration'
2024-07-20T12:50:58.666+02:00 TRACE 238666 --- [crud-springboot] [           main] o.s.b.f.s.DefaultListableBeanFactory     : Returning cached instance of singleton bean 'org.springframework.transaction.config.internalTransactionAdvisor'
2024-07-20T12:50:58.666+02:00 TRACE 238666 --- [crud-springboot] [           main] o.s.b.f.s.DefaultListableBeanFactory     : Returning cached instance of singleton bean 'org.springframework.transaction.config.internalTransactionAdvisor'
2024-07-20T12:50:58.666+02:00 TRACE 238666 --- [crud-springboot] [           main] o.s.b.f.s.DefaultListableBeanFactory     : Finished creating instance of bean 'websocketServletWebServerCustomizer'
2024-07-20T12:50:58.666+02:00 DEBUG 238666 --- [crud-springboot] [           main] o.s.b.f.s.DefaultListableBeanFactory     : Creating shared instance of singleton bean 'org.springframework.boot.autoconfigure.websocket.servlet.WebSocketServletAutoConfiguration'
2024-07-20T12:50:58.666+02:00 TRACE 238666 --- [crud-springboot] [           main] o.s.b.f.s.DefaultListableBeanFactory     : Creating instance of bean 'org.springframework.boot.autoconfigure.websocket.servlet.WebSocketServletAutoConfiguration'
2024-07-20T12:50:58.666+02:00 TRACE 238666 --- [crud-springboot] [           main] o.s.b.f.s.DefaultListableBeanFactory     : Returning cached instance of singleton bean 'org.springframework.transaction.config.internalTransactionAdvisor'
2024-07-20T12:50:58.667+02:00 TRACE 238666 --- [crud-springboot] [           main] o.s.b.f.s.DefaultListableBeanFactory     : Returning cached instance of singleton bean 'org.springframework.transaction.config.internalTransactionAdvisor'
2024-07-20T12:50:58.667+02:00 TRACE 238666 --- [crud-springboot] [           main] o.s.b.f.s.DefaultListableBeanFactory     : Returning cached instance of singleton bean 'org.springframework.transaction.config.internalTransactionAdvisor'
2024-07-20T12:50:58.667+02:00 TRACE 238666 --- [crud-springboot] [           main] o.s.b.f.s.DefaultListableBeanFactory     : Finished creating instance of bean 'org.springframework.boot.autoconfigure.websocket.servlet.WebSocketServletAutoConfiguration'
2024-07-20T12:50:58.667+02:00 DEBUG 238666 --- [crud-springboot] [           main] o.s.b.f.s.DefaultListableBeanFactory     : Creating shared instance of singleton bean 'org.springframework.boot.autoconfigure.web.servlet.ServletWebServerFactoryConfiguration$EmbeddedTomcat'
2024-07-20T12:50:58.667+02:00 TRACE 238666 --- [crud-springboot] [           main] o.s.b.f.s.DefaultListableBeanFactory     : Creating instance of bean 'org.springframework.boot.autoconfigure.web.servlet.ServletWebServerFactoryConfiguration$EmbeddedTomcat'
2024-07-20T12:50:58.667+02:00 TRACE 238666 --- [crud-springboot] [           main] o.s.b.f.s.DefaultListableBeanFactory     : Returning cached instance of singleton bean 'org.springframework.transaction.config.internalTransactionAdvisor'
2024-07-20T12:50:58.668+02:00 TRACE 238666 --- [crud-springboot] [           main] o.s.b.f.s.DefaultListableBeanFactory     : Returning cached instance of singleton bean 'org.springframework.transaction.config.internalTransactionAdvisor'
2024-07-20T12:50:58.668+02:00 TRACE 238666 --- [crud-springboot] [           main] o.s.b.f.s.DefaultListableBeanFactory     : Returning cached instance of singleton bean 'org.springframework.transaction.config.internalTransactionAdvisor'
2024-07-20T12:50:58.668+02:00 TRACE 238666 --- [crud-springboot] [           main] o.s.b.f.s.DefaultListableBeanFactory     : Finished creating instance of bean 'org.springframework.boot.autoconfigure.web.servlet.ServletWebServerFactoryConfiguration$EmbeddedTomcat'
2024-07-20T12:50:58.668+02:00 DEBUG 238666 --- [crud-springboot] [           main] o.s.b.f.s.DefaultListableBeanFactory     : Creating shared instance of singleton bean 'tomcatServletWebServerFactory'
2024-07-20T12:50:58.668+02:00 TRACE 238666 --- [crud-springboot] [           main] o.s.b.f.s.DefaultListableBeanFactory     : Creating instance of bean 'tomcatServletWebServerFactory'
2024-07-20T12:50:58.668+02:00 TRACE 238666 --- [crud-springboot] [           main] o.s.b.f.s.DefaultListableBeanFactory     : Returning cached instance of singleton bean 'org.springframework.transaction.config.internalTransactionAdvisor'
2024-07-20T12:50:58.668+02:00 TRACE 238666 --- [crud-springboot] [           main] o.s.b.f.s.DefaultListableBeanFactory     : Returning cached instance of singleton bean 'org.springframework.boot.autoconfigure.web.servlet.ServletWebServerFactoryConfiguration$EmbeddedTomcat'
2024-07-20T12:50:58.694+02:00 DEBUG 238666 --- [crud-springboot] [           main] o.a.catalina.core.AprLifecycleListener   : The Apache Tomcat Native library could not be found using names [tcnative-2, libtcnative-2, tcnative-1, libtcnative-1] on the java.library.path [/usr/java/packages/lib:/usr/lib/x86_64-linux-gnu/jni:/lib/x86_64-linux-gnu:/usr/lib/x86_64-linux-gnu:/usr/lib/jni:/lib:/usr/lib]. The errors reported were [Can't load library: /home/damien/crud-springboot-jwt/bin/libtcnative-2.so, Can't load library: /home/damien/crud-springboot-jwt/bin/liblibtcnative-2.so, Can't load library: /home/damien/crud-springboot-jwt/bin/libtcnative-1.so, Can't load library: /home/damien/crud-springboot-jwt/bin/liblibtcnative-1.so, no tcnative-2 in java.library.path: /usr/java/packages/lib:/usr/lib/x86_64-linux-gnu/jni:/lib/x86_64-linux-gnu:/usr/lib/x86_64-linux-gnu:/usr/lib/jni:/lib:/usr/lib, no libtcnative-2 in java.library.path: /usr/java/packages/lib:/usr/lib/x86_64-linux-gnu/jni:/lib/x86_64-linux-gnu:/usr/lib/x86_64-linux-gnu:/usr/lib/jni:/lib:/usr/lib, no tcnative-1 in java.library.path: /usr/java/packages/lib:/usr/lib/x86_64-linux-gnu/jni:/lib/x86_64-linux-gnu:/usr/lib/x86_64-linux-gnu:/usr/lib/jni:/lib:/usr/lib, no libtcnative-1 in java.library.path: /usr/java/packages/lib:/usr/lib/x86_64-linux-gnu/jni:/lib/x86_64-linux-gnu:/usr/lib/x86_64-linux-gnu:/usr/lib/jni:/lib:/usr/lib]

org.apache.tomcat.jni.LibraryNotFoundError: Can't load library: /home/damien/crud-springboot-jwt/bin/libtcnative-2.so, Can't load library: /home/damien/crud-springboot-jwt/bin/liblibtcnative-2.so, Can't load library: /home/damien/crud-springboot-jwt/bin/libtcnative-1.so, Can't load library: /home/damien/crud-springboot-jwt/bin/liblibtcnative-1.so, no tcnative-2 in java.library.path: /usr/java/packages/lib:/usr/lib/x86_64-linux-gnu/jni:/lib/x86_64-linux-gnu:/usr/lib/x86_64-linux-gnu:/usr/lib/jni:/lib:/usr/lib, no libtcnative-2 in java.library.path: /usr/java/packages/lib:/usr/lib/x86_64-linux-gnu/jni:/lib/x86_64-linux-gnu:/usr/lib/x86_64-linux-gnu:/usr/lib/jni:/lib:/usr/lib, no tcnative-1 in java.library.path: /usr/java/packages/lib:/usr/lib/x86_64-linux-gnu/jni:/lib/x86_64-linux-gnu:/usr/lib/x86_64-linux-gnu:/usr/lib/jni:/lib:/usr/lib, no libtcnative-1 in java.library.path: /usr/java/packages/lib:/usr/lib/x86_64-linux-gnu/jni:/lib/x86_64-linux-gnu:/usr/lib/x86_64-linux-gnu:/usr/lib/jni:/lib:/usr/lib
	at org.apache.tomcat.jni.Library.<init>(Library.java:91) ~[tomcat-embed-core-10.1.25.jar:10.1.25]
	at org.apache.tomcat.jni.Library.initialize(Library.java:147) ~[tomcat-embed-core-10.1.25.jar:10.1.25]
	at org.apache.catalina.core.AprLifecycleListener.init(AprLifecycleListener.java:209) ~[tomcat-embed-core-10.1.25.jar:10.1.25]
	at org.apache.catalina.core.AprLifecycleListener.isAprAvailable(AprLifecycleListener.java:113) ~[tomcat-embed-core-10.1.25.jar:10.1.25]
	at org.springframework.boot.web.embedded.tomcat.TomcatServletWebServerFactory.getDefaultServerLifecycleListeners(TomcatServletWebServerFactory.java:189) ~[spring-boot-3.2.7.jar:3.2.7]
	at org.springframework.boot.web.embedded.tomcat.TomcatServletWebServerFactory.<init>(TomcatServletWebServerFactory.java:136) ~[spring-boot-3.2.7.jar:3.2.7]
	at org.springframework.boot.autoconfigure.web.servlet.ServletWebServerFactoryConfiguration$EmbeddedTomcat.tomcatServletWebServerFactory(ServletWebServerFactoryConfiguration.java:73) ~[spring-boot-autoconfigure-3.2.7.jar:3.2.7]
	at java.base/jdk.internal.reflect.NativeMethodAccessorImpl.invoke0(Native Method) ~[na:na]
	at java.base/jdk.internal.reflect.NativeMethodAccessorImpl.invoke(NativeMethodAccessorImpl.java:77) ~[na:na]
	at java.base/jdk.internal.reflect.DelegatingMethodAccessorImpl.invoke(DelegatingMethodAccessorImpl.java:43) ~[na:na]
	at java.base/java.lang.reflect.Method.invoke(Method.java:568) ~[na:na]
	at org.springframework.beans.factory.support.SimpleInstantiationStrategy.instantiate(SimpleInstantiationStrategy.java:140) ~[spring-beans-6.1.10.jar:6.1.10]
	at org.springframework.beans.factory.support.ConstructorResolver.instantiate(ConstructorResolver.java:644) ~[spring-beans-6.1.10.jar:6.1.10]
	at org.springframework.beans.factory.support.ConstructorResolver.instantiateUsingFactoryMethod(ConstructorResolver.java:636) ~[spring-beans-6.1.10.jar:6.1.10]
	at org.springframework.beans.factory.support.AbstractAutowireCapableBeanFactory.instantiateUsingFactoryMethod(AbstractAutowireCapableBeanFactory.java:1337) ~[spring-beans-6.1.10.jar:6.1.10]
	at org.springframework.beans.factory.support.AbstractAutowireCapableBeanFactory.createBeanInstance(AbstractAutowireCapableBeanFactory.java:1167) ~[spring-beans-6.1.10.jar:6.1.10]
	at org.springframework.beans.factory.support.AbstractAutowireCapableBeanFactory.doCreateBean(AbstractAutowireCapableBeanFactory.java:562) ~[spring-beans-6.1.10.jar:6.1.10]
	at org.springframework.beans.factory.support.AbstractAutowireCapableBeanFactory.createBean(AbstractAutowireCapableBeanFactory.java:522) ~[spring-beans-6.1.10.jar:6.1.10]
	at org.springframework.beans.factory.support.AbstractBeanFactory.lambda$doGetBean$0(AbstractBeanFactory.java:337) ~[spring-beans-6.1.10.jar:6.1.10]
	at org.springframework.beans.factory.support.DefaultSingletonBeanRegistry.getSingleton(DefaultSingletonBeanRegistry.java:234) ~[spring-beans-6.1.10.jar:6.1.10]
	at org.springframework.beans.factory.support.AbstractBeanFactory.doGetBean(AbstractBeanFactory.java:335) ~[spring-beans-6.1.10.jar:6.1.10]
	at org.springframework.beans.factory.support.AbstractBeanFactory.getBean(AbstractBeanFactory.java:200) ~[spring-beans-6.1.10.jar:6.1.10]
	at org.springframework.beans.factory.support.DefaultListableBeanFactory.preInstantiateSingletons(DefaultListableBeanFactory.java:975) ~[spring-beans-6.1.10.jar:6.1.10]
	at org.springframework.context.support.AbstractApplicationContext.finishBeanFactoryInitialization(AbstractApplicationContext.java:962) ~[spring-context-6.1.10.jar:6.1.10]
	at org.springframework.context.support.AbstractApplicationContext.refresh(AbstractApplicationContext.java:624) ~[spring-context-6.1.10.jar:6.1.10]
	at org.springframework.boot.SpringApplication.refresh(SpringApplication.java:754) ~[spring-boot-3.2.7.jar:3.2.7]
	at org.springframework.boot.SpringApplication.refreshContext(SpringApplication.java:456) ~[spring-boot-3.2.7.jar:3.2.7]
	at org.springframework.boot.SpringApplication.run(SpringApplication.java:335) ~[spring-boot-3.2.7.jar:3.2.7]
	at org.springframework.boot.test.context.SpringBootContextLoader.lambda$loadContext$3(SpringBootContextLoader.java:137) ~[spring-boot-test-3.2.7.jar:3.2.7]
	at org.springframework.util.function.ThrowingSupplier.get(ThrowingSupplier.java:58) ~[spring-core-6.1.10.jar:6.1.10]
	at org.springframework.util.function.ThrowingSupplier.get(ThrowingSupplier.java:46) ~[spring-core-6.1.10.jar:6.1.10]
	at org.springframework.boot.SpringApplication.withHook(SpringApplication.java:1463) ~[spring-boot-3.2.7.jar:3.2.7]
	at org.springframework.boot.test.context.SpringBootContextLoader$ContextLoaderHook.run(SpringBootContextLoader.java:553) ~[spring-boot-test-3.2.7.jar:3.2.7]
	at org.springframework.boot.test.context.SpringBootContextLoader.loadContext(SpringBootContextLoader.java:137) ~[spring-boot-test-3.2.7.jar:3.2.7]
	at org.springframework.boot.test.context.SpringBootContextLoader.loadContext(SpringBootContextLoader.java:108) ~[spring-boot-test-3.2.7.jar:3.2.7]
	at org.springframework.test.context.cache.DefaultCacheAwareContextLoaderDelegate.loadContextInternal(DefaultCacheAwareContextLoaderDelegate.java:225) ~[spring-test-6.1.10.jar:6.1.10]
	at org.springframework.test.context.cache.DefaultCacheAwareContextLoaderDelegate.loadContext(DefaultCacheAwareContextLoaderDelegate.java:152) ~[spring-test-6.1.10.jar:6.1.10]
	at org.springframework.test.context.support.DefaultTestContext.getApplicationContext(DefaultTestContext.java:130) ~[spring-test-6.1.10.jar:6.1.10]
	at org.springframework.test.context.web.ServletTestExecutionListener.setUpRequestContextIfNecessary(ServletTestExecutionListener.java:191) ~[spring-test-6.1.10.jar:6.1.10]
	at org.springframework.test.context.web.ServletTestExecutionListener.prepareTestInstance(ServletTestExecutionListener.java:130) ~[spring-test-6.1.10.jar:6.1.10]
	at org.springframework.test.context.TestContextManager.prepareTestInstance(TestContextManager.java:260) ~[spring-test-6.1.10.jar:6.1.10]
	at org.springframework.test.context.junit.jupiter.SpringExtension.postProcessTestInstance(SpringExtension.java:163) ~[spring-test-6.1.10.jar:6.1.10]
	at org.junit.jupiter.engine.descriptor.ClassBasedTestDescriptor.lambda$invokeTestInstancePostProcessors$10(ClassBasedTestDescriptor.java:378) ~[junit-jupiter-engine-5.10.2.jar:5.10.2]
	at org.junit.jupiter.engine.descriptor.ClassBasedTestDescriptor.executeAndMaskThrowable(ClassBasedTestDescriptor.java:383) ~[junit-jupiter-engine-5.10.2.jar:5.10.2]
	at org.junit.jupiter.engine.descriptor.ClassBasedTestDescriptor.lambda$invokeTestInstancePostProcessors$11(ClassBasedTestDescriptor.java:378) ~[junit-jupiter-engine-5.10.2.jar:5.10.2]
	at java.base/java.util.stream.ReferencePipeline$3$1.accept(ReferencePipeline.java:197) ~[na:na]
	at java.base/java.util.stream.ReferencePipeline$2$1.accept(ReferencePipeline.java:179) ~[na:na]
	at java.base/java.util.ArrayList$ArrayListSpliterator.forEachRemaining(ArrayList.java:1625) ~[na:na]
	at java.base/java.util.stream.AbstractPipeline.copyInto(AbstractPipeline.java:509) ~[na:na]
	at java.base/java.util.stream.AbstractPipeline.wrapAndCopyInto(AbstractPipeline.java:499) ~[na:na]
	at java.base/java.util.stream.StreamSpliterators$WrappingSpliterator.forEachRemaining(StreamSpliterators.java:310) ~[na:na]
	at java.base/java.util.stream.Streams$ConcatSpliterator.forEachRemaining(Streams.java:735) ~[na:na]
	at java.base/java.util.stream.Streams$ConcatSpliterator.forEachRemaining(Streams.java:734) ~[na:na]
	at java.base/java.util.stream.ReferencePipeline$Head.forEach(ReferencePipeline.java:762) ~[na:na]
	at org.junit.jupiter.engine.descriptor.ClassBasedTestDescriptor.invokeTestInstancePostProcessors(ClassBasedTestDescriptor.java:377) ~[junit-jupiter-engine-5.10.2.jar:5.10.2]
	at org.junit.jupiter.engine.descriptor.ClassBasedTestDescriptor.lambda$instantiateAndPostProcessTestInstance$6(ClassBasedTestDescriptor.java:290) ~[junit-jupiter-engine-5.10.2.jar:5.10.2]
	at org.junit.platform.engine.support.hierarchical.ThrowableCollector.execute(ThrowableCollector.java:73) ~[junit-platform-engine-1.10.2.jar:1.10.2]
	at org.junit.jupiter.engine.descriptor.ClassBasedTestDescriptor.instantiateAndPostProcessTestInstance(ClassBasedTestDescriptor.java:289) ~[junit-jupiter-engine-5.10.2.jar:5.10.2]
	at org.junit.jupiter.engine.descriptor.ClassBasedTestDescriptor.lambda$testInstancesProvider$4(ClassBasedTestDescriptor.java:279) ~[junit-jupiter-engine-5.10.2.jar:5.10.2]
	at java.base/java.util.Optional.orElseGet(Optional.java:364) ~[na:na]
	at org.junit.jupiter.engine.descriptor.ClassBasedTestDescriptor.lambda$testInstancesProvider$5(ClassBasedTestDescriptor.java:278) ~[junit-jupiter-engine-5.10.2.jar:5.10.2]
	at org.junit.jupiter.engine.execution.TestInstancesProvider.getTestInstances(TestInstancesProvider.java:31) ~[junit-jupiter-engine-5.10.2.jar:5.10.2]
	at org.junit.jupiter.engine.descriptor.TestMethodTestDescriptor.lambda$prepare$0(TestMethodTestDescriptor.java:106) ~[junit-jupiter-engine-5.10.2.jar:5.10.2]
	at org.junit.platform.engine.support.hierarchical.ThrowableCollector.execute(ThrowableCollector.java:73) ~[junit-platform-engine-1.10.2.jar:1.10.2]
	at org.junit.jupiter.engine.descriptor.TestMethodTestDescriptor.prepare(TestMethodTestDescriptor.java:105) ~[junit-jupiter-engine-5.10.2.jar:5.10.2]
	at org.junit.jupiter.engine.descriptor.TestMethodTestDescriptor.prepare(TestMethodTestDescriptor.java:69) ~[junit-jupiter-engine-5.10.2.jar:5.10.2]
	at org.junit.platform.engine.support.hierarchical.NodeTestTask.lambda$prepare$2(NodeTestTask.java:123) ~[junit-platform-engine-1.10.2.jar:1.10.2]
	at org.junit.platform.engine.support.hierarchical.ThrowableCollector.execute(ThrowableCollector.java:73) ~[junit-platform-engine-1.10.2.jar:1.10.2]
	at org.junit.platform.engine.support.hierarchical.NodeTestTask.prepare(NodeTestTask.java:123) ~[junit-platform-engine-1.10.2.jar:1.10.2]
	at org.junit.platform.engine.support.hierarchical.NodeTestTask.execute(NodeTestTask.java:90) ~[junit-platform-engine-1.10.2.jar:1.10.2]
	at java.base/java.util.ArrayList.forEach(ArrayList.java:1511) ~[na:na]
	at org.junit.platform.engine.support.hierarchical.SameThreadHierarchicalTestExecutorService.invokeAll(SameThreadHierarchicalTestExecutorService.java:41) ~[junit-platform-engine-1.10.2.jar:1.10.2]
	at org.junit.platform.engine.support.hierarchical.NodeTestTask.lambda$executeRecursively$6(NodeTestTask.java:155) ~[junit-platform-engine-1.10.2.jar:1.10.2]
	at org.junit.platform.engine.support.hierarchical.ThrowableCollector.execute(ThrowableCollector.java:73) ~[junit-platform-engine-1.10.2.jar:1.10.2]
	at org.junit.platform.engine.support.hierarchical.NodeTestTask.lambda$executeRecursively$8(NodeTestTask.java:141) ~[junit-platform-engine-1.10.2.jar:1.10.2]
	at org.junit.platform.engine.support.hierarchical.Node.around(Node.java:137) ~[junit-platform-engine-1.10.2.jar:1.10.2]
	at org.junit.platform.engine.support.hierarchical.NodeTestTask.lambda$executeRecursively$9(NodeTestTask.java:139) ~[junit-platform-engine-1.10.2.jar:1.10.2]
	at org.junit.platform.engine.support.hierarchical.ThrowableCollector.execute(ThrowableCollector.java:73) ~[junit-platform-engine-1.10.2.jar:1.10.2]
	at org.junit.platform.engine.support.hierarchical.NodeTestTask.executeRecursively(NodeTestTask.java:138) ~[junit-platform-engine-1.10.2.jar:1.10.2]
	at org.junit.platform.engine.support.hierarchical.NodeTestTask.execute(NodeTestTask.java:95) ~[junit-platform-engine-1.10.2.jar:1.10.2]
	at java.base/java.util.ArrayList.forEach(ArrayList.java:1511) ~[na:na]
	at org.junit.platform.engine.support.hierarchical.SameThreadHierarchicalTestExecutorService.invokeAll(SameThreadHierarchicalTestExecutorService.java:41) ~[junit-platform-engine-1.10.2.jar:1.10.2]
	at org.junit.platform.engine.support.hierarchical.NodeTestTask.lambda$executeRecursively$6(NodeTestTask.java:155) ~[junit-platform-engine-1.10.2.jar:1.10.2]
	at org.junit.platform.engine.support.hierarchical.ThrowableCollector.execute(ThrowableCollector.java:73) ~[junit-platform-engine-1.10.2.jar:1.10.2]
	at org.junit.platform.engine.support.hierarchical.NodeTestTask.lambda$executeRecursively$8(NodeTestTask.java:141) ~[junit-platform-engine-1.10.2.jar:1.10.2]
	at org.junit.platform.engine.support.hierarchical.Node.around(Node.java:137) ~[junit-platform-engine-1.10.2.jar:1.10.2]
	at org.junit.platform.engine.support.hierarchical.NodeTestTask.lambda$executeRecursively$9(NodeTestTask.java:139) ~[junit-platform-engine-1.10.2.jar:1.10.2]
	at org.junit.platform.engine.support.hierarchical.ThrowableCollector.execute(ThrowableCollector.java:73) ~[junit-platform-engine-1.10.2.jar:1.10.2]
	at org.junit.platform.engine.support.hierarchical.NodeTestTask.executeRecursively(NodeTestTask.java:138) ~[junit-platform-engine-1.10.2.jar:1.10.2]
	at org.junit.platform.engine.support.hierarchical.NodeTestTask.execute(NodeTestTask.java:95) ~[junit-platform-engine-1.10.2.jar:1.10.2]
	at org.junit.platform.engine.support.hierarchical.SameThreadHierarchicalTestExecutorService.submit(SameThreadHierarchicalTestExecutorService.java:35) ~[junit-platform-engine-1.10.2.jar:1.10.2]
	at org.junit.platform.engine.support.hierarchical.HierarchicalTestExecutor.execute(HierarchicalTestExecutor.java:57) ~[junit-platform-engine-1.10.2.jar:1.10.2]
	at org.junit.platform.engine.support.hierarchical.HierarchicalTestEngine.execute(HierarchicalTestEngine.java:54) ~[junit-platform-engine-1.10.2.jar:1.10.2]
	at org.junit.platform.launcher.core.EngineExecutionOrchestrator.execute(EngineExecutionOrchestrator.java:198) ~[junit-platform-launcher-1.10.2.jar:1.10.2]
	at org.junit.platform.launcher.core.EngineExecutionOrchestrator.execute(EngineExecutionOrchestrator.java:169) ~[junit-platform-launcher-1.10.2.jar:1.10.2]
	at org.junit.platform.launcher.core.EngineExecutionOrchestrator.execute(EngineExecutionOrchestrator.java:93) ~[junit-platform-launcher-1.10.2.jar:1.10.2]
	at org.junit.platform.launcher.core.EngineExecutionOrchestrator.lambda$execute$0(EngineExecutionOrchestrator.java:58) ~[junit-platform-launcher-1.10.2.jar:1.10.2]
	at org.junit.platform.launcher.core.EngineExecutionOrchestrator.withInterceptedStreams(EngineExecutionOrchestrator.java:141) ~[junit-platform-launcher-1.10.2.jar:1.10.2]
	at org.junit.platform.launcher.core.EngineExecutionOrchestrator.execute(EngineExecutionOrchestrator.java:57) ~[junit-platform-launcher-1.10.2.jar:1.10.2]
	at org.junit.platform.launcher.core.DefaultLauncher.execute(DefaultLauncher.java:103) ~[junit-platform-launcher-1.10.2.jar:1.10.2]
	at org.junit.platform.launcher.core.DefaultLauncher.execute(DefaultLauncher.java:85) ~[junit-platform-launcher-1.10.2.jar:1.10.2]
	at org.junit.platform.launcher.core.DelegatingLauncher.execute(DelegatingLauncher.java:47) ~[junit-platform-launcher-1.10.2.jar:1.10.2]
	at org.apache.maven.surefire.junitplatform.LazyLauncher.execute(LazyLauncher.java:56) ~[surefire-junit-platform-3.1.2.jar:3.1.2]
	at org.apache.maven.surefire.junitplatform.JUnitPlatformProvider.execute(JUnitPlatformProvider.java:184) ~[surefire-junit-platform-3.1.2.jar:3.1.2]
	at org.apache.maven.surefire.junitplatform.JUnitPlatformProvider.invokeAllTests(JUnitPlatformProvider.java:148) ~[surefire-junit-platform-3.1.2.jar:3.1.2]
	at org.apache.maven.surefire.junitplatform.JUnitPlatformProvider.invoke(JUnitPlatformProvider.java:122) ~[surefire-junit-platform-3.1.2.jar:3.1.2]
	at org.apache.maven.surefire.booter.ForkedBooter.runSuitesInProcess(ForkedBooter.java:385) ~[surefire-booter-3.1.2.jar:3.1.2]
	at org.apache.maven.surefire.booter.ForkedBooter.execute(ForkedBooter.java:162) ~[surefire-booter-3.1.2.jar:3.1.2]
	at org.apache.maven.surefire.booter.ForkedBooter.run(ForkedBooter.java:507) ~[surefire-booter-3.1.2.jar:3.1.2]
	at org.apache.maven.surefire.booter.ForkedBooter.main(ForkedBooter.java:495) ~[surefire-booter-3.1.2.jar:3.1.2]

2024-07-20T12:50:58.719+02:00 TRACE 238666 --- [crud-springboot] [           main] o.s.b.f.s.DefaultListableBeanFactory     : Returning cached instance of singleton bean 'websocketServletWebServerCustomizer'
2024-07-20T12:50:58.719+02:00 DEBUG 238666 --- [crud-springboot] [           main] o.s.b.f.s.DefaultListableBeanFactory     : Creating shared instance of singleton bean 'servletWebServerFactoryCustomizer'
2024-07-20T12:50:58.719+02:00 TRACE 238666 --- [crud-springboot] [           main] o.s.b.f.s.DefaultListableBeanFactory     : Creating instance of bean 'servletWebServerFactoryCustomizer'
2024-07-20T12:50:58.720+02:00 TRACE 238666 --- [crud-springboot] [           main] o.s.b.f.s.DefaultListableBeanFactory     : Returning cached instance of singleton bean 'org.springframework.transaction.config.internalTransactionAdvisor'
2024-07-20T12:50:58.720+02:00 DEBUG 238666 --- [crud-springboot] [           main] o.s.b.f.s.DefaultListableBeanFactory     : Creating shared instance of singleton bean 'org.springframework.boot.autoconfigure.web.servlet.ServletWebServerFactoryAutoConfiguration'
2024-07-20T12:50:58.720+02:00 TRACE 238666 --- [crud-springboot] [           main] o.s.b.f.s.DefaultListableBeanFactory     : Creating instance of bean 'org.springframework.boot.autoconfigure.web.servlet.ServletWebServerFactoryAutoConfiguration'
2024-07-20T12:50:58.720+02:00 TRACE 238666 --- [crud-springboot] [           main] o.s.b.f.s.DefaultListableBeanFactory     : Returning cached instance of singleton bean 'org.springframework.transaction.config.internalTransactionAdvisor'
2024-07-20T12:50:58.721+02:00 TRACE 238666 --- [crud-springboot] [           main] o.s.b.f.s.DefaultListableBeanFactory     : Returning cached instance of singleton bean 'org.springframework.transaction.config.internalTransactionAdvisor'
2024-07-20T12:50:58.721+02:00 TRACE 238666 --- [crud-springboot] [           main] o.s.b.f.s.DefaultListableBeanFactory     : Returning cached instance of singleton bean 'org.springframework.transaction.config.internalTransactionAdvisor'
2024-07-20T12:50:58.721+02:00 TRACE 238666 --- [crud-springboot] [           main] o.s.b.f.s.DefaultListableBeanFactory     : Finished creating instance of bean 'org.springframework.boot.autoconfigure.web.servlet.ServletWebServerFactoryAutoConfiguration'
2024-07-20T12:50:58.723+02:00 DEBUG 238666 --- [crud-springboot] [           main] o.s.b.f.s.DefaultListableBeanFactory     : Creating shared instance of singleton bean 'server-org.springframework.boot.autoconfigure.web.ServerProperties'
2024-07-20T12:50:58.723+02:00 TRACE 238666 --- [crud-springboot] [           main] o.s.b.f.s.DefaultListableBeanFactory     : Creating instance of bean 'server-org.springframework.boot.autoconfigure.web.ServerProperties'
2024-07-20T12:50:58.723+02:00 TRACE 238666 --- [crud-springboot] [           main] o.s.b.f.s.DefaultListableBeanFactory     : Returning cached instance of singleton bean 'org.springframework.transaction.config.internalTransactionAdvisor'
2024-07-20T12:50:58.737+02:00 TRACE 238666 --- [crud-springboot] [           main] o.s.b.f.s.DefaultListableBeanFactory     : Returning cached instance of singleton bean 'org.springframework.boot.context.properties.BoundConfigurationProperties'
2024-07-20T12:50:58.745+02:00 TRACE 238666 --- [crud-springboot] [           main] o.s.b.f.s.DefaultListableBeanFactory     : Returning cached instance of singleton bean 'org.springframework.transaction.config.internalTransactionAdvisor'
2024-07-20T12:50:58.745+02:00 TRACE 238666 --- [crud-springboot] [           main] o.s.b.f.s.DefaultListableBeanFactory     : Returning cached instance of singleton bean 'org.springframework.transaction.config.internalTransactionAdvisor'
2024-07-20T12:50:58.745+02:00 TRACE 238666 --- [crud-springboot] [           main] o.s.b.f.s.DefaultListableBeanFactory     : Finished creating instance of bean 'server-org.springframework.boot.autoconfigure.web.ServerProperties'
2024-07-20T12:50:58.745+02:00 DEBUG 238666 --- [crud-springboot] [           main] o.s.b.f.s.DefaultListableBeanFactory     : Autowiring by type from bean name 'servletWebServerFactoryCustomizer' via factory method to bean named 'server-org.springframework.boot.autoconfigure.web.ServerProperties'
2024-07-20T12:50:58.748+02:00 TRACE 238666 --- [crud-springboot] [           main] o.s.b.f.s.DefaultListableBeanFactory     : Returning cached instance of singleton bean 'sslBundleRegistry'
2024-07-20T12:50:58.749+02:00 TRACE 238666 --- [crud-springboot] [           main] o.s.b.f.s.DefaultListableBeanFactory     : Returning cached instance of singleton bean 'org.springframework.transaction.config.internalTransactionAdvisor'
2024-07-20T12:50:58.749+02:00 TRACE 238666 --- [crud-springboot] [           main] o.s.b.f.s.DefaultListableBeanFactory     : Returning cached instance of singleton bean 'org.springframework.transaction.config.internalTransactionAdvisor'
2024-07-20T12:50:58.750+02:00 TRACE 238666 --- [crud-springboot] [           main] o.s.b.f.s.DefaultListableBeanFactory     : Finished creating instance of bean 'servletWebServerFactoryCustomizer'
2024-07-20T12:50:58.750+02:00 DEBUG 238666 --- [crud-springboot] [           main] o.s.b.f.s.DefaultListableBeanFactory     : Creating shared instance of singleton bean 'tomcatServletWebServerFactoryCustomizer'
2024-07-20T12:50:58.750+02:00 TRACE 238666 --- [crud-springboot] [           main] o.s.b.f.s.DefaultListableBeanFactory     : Creating instance of bean 'tomcatServletWebServerFactoryCustomizer'
2024-07-20T12:50:58.750+02:00 TRACE 238666 --- [crud-springboot] [           main] o.s.b.f.s.DefaultListableBeanFactory     : Returning cached instance of singleton bean 'org.springframework.transaction.config.internalTransactionAdvisor'
2024-07-20T12:50:58.750+02:00 TRACE 238666 --- [crud-springboot] [           main] o.s.b.f.s.DefaultListableBeanFactory     : Returning cached instance of singleton bean 'org.springframework.boot.autoconfigure.web.servlet.ServletWebServerFactoryAutoConfiguration'
2024-07-20T12:50:58.750+02:00 TRACE 238666 --- [crud-springboot] [           main] o.s.b.f.s.DefaultListableBeanFactory     : Returning cached instance of singleton bean 'server-org.springframework.boot.autoconfigure.web.ServerProperties'
2024-07-20T12:50:58.750+02:00 DEBUG 238666 --- [crud-springboot] [           main] o.s.b.f.s.DefaultListableBeanFactory     : Autowiring by type from bean name 'tomcatServletWebServerFactoryCustomizer' via factory method to bean named 'server-org.springframework.boot.autoconfigure.web.ServerProperties'
2024-07-20T12:50:58.751+02:00 TRACE 238666 --- [crud-springboot] [           main] o.s.b.f.s.DefaultListableBeanFactory     : Returning cached instance of singleton bean 'org.springframework.transaction.config.internalTransactionAdvisor'
2024-07-20T12:50:58.751+02:00 TRACE 238666 --- [crud-springboot] [           main] o.s.b.f.s.DefaultListableBeanFactory     : Returning cached instance of singleton bean 'org.springframework.transaction.config.internalTransactionAdvisor'
2024-07-20T12:50:58.751+02:00 TRACE 238666 --- [crud-springboot] [           main] o.s.b.f.s.DefaultListableBeanFactory     : Finished creating instance of bean 'tomcatServletWebServerFactoryCustomizer'
2024-07-20T12:50:58.751+02:00 DEBUG 238666 --- [crud-springboot] [           main] o.s.b.f.s.DefaultListableBeanFactory     : Creating shared instance of singleton bean 'localeCharsetMappingsCustomizer'
2024-07-20T12:50:58.751+02:00 TRACE 238666 --- [crud-springboot] [           main] o.s.b.f.s.DefaultListableBeanFactory     : Creating instance of bean 'localeCharsetMappingsCustomizer'
2024-07-20T12:50:58.751+02:00 TRACE 238666 --- [crud-springboot] [           main] o.s.b.f.s.DefaultListableBeanFactory     : Returning cached instance of singleton bean 'org.springframework.transaction.config.internalTransactionAdvisor'
2024-07-20T12:50:58.752+02:00 DEBUG 238666 --- [crud-springboot] [           main] o.s.b.f.s.DefaultListableBeanFactory     : Creating shared instance of singleton bean 'org.springframework.boot.autoconfigure.web.servlet.HttpEncodingAutoConfiguration'
2024-07-20T12:50:58.752+02:00 TRACE 238666 --- [crud-springboot] [           main] o.s.b.f.s.DefaultListableBeanFactory     : Creating instance of bean 'org.springframework.boot.autoconfigure.web.servlet.HttpEncodingAutoConfiguration'
2024-07-20T12:50:58.752+02:00 TRACE 238666 --- [crud-springboot] [           main] o.s.b.f.s.DefaultListableBeanFactory     : Returning cached instance of singleton bean 'org.springframework.transaction.config.internalTransactionAdvisor'
2024-07-20T12:50:58.752+02:00 TRACE 238666 --- [crud-springboot] [           main] o.s.b.f.s.DefaultListableBeanFactory     : Returning cached instance of singleton bean 'server-org.springframework.boot.autoconfigure.web.ServerProperties'
2024-07-20T12:50:58.752+02:00 DEBUG 238666 --- [crud-springboot] [           main] o.s.b.f.s.DefaultListableBeanFactory     : Autowiring by type from bean name 'org.springframework.boot.autoconfigure.web.servlet.HttpEncodingAutoConfiguration' via constructor to bean named 'server-org.springframework.boot.autoconfigure.web.ServerProperties'
2024-07-20T12:50:58.752+02:00 TRACE 238666 --- [crud-springboot] [           main] o.s.b.f.s.DefaultListableBeanFactory     : Returning cached instance of singleton bean 'org.springframework.transaction.config.internalTransactionAdvisor'
2024-07-20T12:50:58.752+02:00 TRACE 238666 --- [crud-springboot] [           main] o.s.b.f.s.DefaultListableBeanFactory     : Returning cached instance of singleton bean 'org.springframework.transaction.config.internalTransactionAdvisor'
2024-07-20T12:50:58.753+02:00 TRACE 238666 --- [crud-springboot] [           main] o.s.b.f.s.DefaultListableBeanFactory     : Finished creating instance of bean 'org.springframework.boot.autoconfigure.web.servlet.HttpEncodingAutoConfiguration'
2024-07-20T12:50:58.753+02:00 TRACE 238666 --- [crud-springboot] [           main] o.s.b.f.s.DefaultListableBeanFactory     : Returning cached instance of singleton bean 'org.springframework.transaction.config.internalTransactionAdvisor'
2024-07-20T12:50:58.753+02:00 TRACE 238666 --- [crud-springboot] [           main] o.s.b.f.s.DefaultListableBeanFactory     : Returning cached instance of singleton bean 'org.springframework.transaction.config.internalTransactionAdvisor'
2024-07-20T12:50:58.753+02:00 TRACE 238666 --- [crud-springboot] [           main] o.s.b.f.s.DefaultListableBeanFactory     : Finished creating instance of bean 'localeCharsetMappingsCustomizer'
2024-07-20T12:50:58.773+02:00 DEBUG 238666 --- [crud-springboot] [           main] o.s.b.f.s.DefaultListableBeanFactory     : Creating shared instance of singleton bean 'errorPageCustomizer'
2024-07-20T12:50:58.773+02:00 TRACE 238666 --- [crud-springboot] [           main] o.s.b.f.s.DefaultListableBeanFactory     : Creating instance of bean 'errorPageCustomizer'
2024-07-20T12:50:58.773+02:00 TRACE 238666 --- [crud-springboot] [           main] o.s.b.f.s.DefaultListableBeanFactory     : Returning cached instance of singleton bean 'org.springframework.transaction.config.internalTransactionAdvisor'
2024-07-20T12:50:58.773+02:00 DEBUG 238666 --- [crud-springboot] [           main] o.s.b.f.s.DefaultListableBeanFactory     : Creating shared instance of singleton bean 'org.springframework.boot.autoconfigure.web.servlet.error.ErrorMvcAutoConfiguration'
2024-07-20T12:50:58.773+02:00 TRACE 238666 --- [crud-springboot] [           main] o.s.b.f.s.DefaultListableBeanFactory     : Creating instance of bean 'org.springframework.boot.autoconfigure.web.servlet.error.ErrorMvcAutoConfiguration'
2024-07-20T12:50:58.773+02:00 TRACE 238666 --- [crud-springboot] [           main] o.s.b.f.s.DefaultListableBeanFactory     : Returning cached instance of singleton bean 'org.springframework.transaction.config.internalTransactionAdvisor'
2024-07-20T12:50:58.774+02:00 TRACE 238666 --- [crud-springboot] [           main] o.s.b.f.s.DefaultListableBeanFactory     : Returning cached instance of singleton bean 'server-org.springframework.boot.autoconfigure.web.ServerProperties'
2024-07-20T12:50:58.774+02:00 DEBUG 238666 --- [crud-springboot] [           main] o.s.b.f.s.DefaultListableBeanFactory     : Autowiring by type from bean name 'org.springframework.boot.autoconfigure.web.servlet.error.ErrorMvcAutoConfiguration' via constructor to bean named 'server-org.springframework.boot.autoconfigure.web.ServerProperties'
2024-07-20T12:50:58.775+02:00 TRACE 238666 --- [crud-springboot] [           main] o.s.b.f.s.DefaultListableBeanFactory     : Returning cached instance of singleton bean 'org.springframework.transaction.config.internalTransactionAdvisor'
2024-07-20T12:50:58.775+02:00 TRACE 238666 --- [crud-springboot] [           main] o.s.b.f.s.DefaultListableBeanFactory     : Returning cached instance of singleton bean 'org.springframework.transaction.config.internalTransactionAdvisor'
2024-07-20T12:50:58.775+02:00 TRACE 238666 --- [crud-springboot] [           main] o.s.b.f.s.DefaultListableBeanFactory     : Finished creating instance of bean 'org.springframework.boot.autoconfigure.web.servlet.error.ErrorMvcAutoConfiguration'
2024-07-20T12:50:58.776+02:00 DEBUG 238666 --- [crud-springboot] [           main] o.s.b.f.s.DefaultListableBeanFactory     : Creating shared instance of singleton bean 'dispatcherServletRegistration'
2024-07-20T12:50:58.777+02:00 TRACE 238666 --- [crud-springboot] [           main] o.s.b.f.s.DefaultListableBeanFactory     : Creating instance of bean 'dispatcherServletRegistration'
2024-07-20T12:50:58.777+02:00 TRACE 238666 --- [crud-springboot] [           main] o.s.b.f.s.DefaultListableBeanFactory     : Returning cached instance of singleton bean 'org.springframework.transaction.config.internalTransactionAdvisor'
2024-07-20T12:50:58.777+02:00 DEBUG 238666 --- [crud-springboot] [           main] o.s.b.f.s.DefaultListableBeanFactory     : Creating shared instance of singleton bean 'org.springframework.boot.autoconfigure.web.servlet.DispatcherServletAutoConfiguration$DispatcherServletRegistrationConfiguration'
2024-07-20T12:50:58.777+02:00 TRACE 238666 --- [crud-springboot] [           main] o.s.b.f.s.DefaultListableBeanFactory     : Creating instance of bean 'org.springframework.boot.autoconfigure.web.servlet.DispatcherServletAutoConfiguration$DispatcherServletRegistrationConfiguration'
2024-07-20T12:50:58.777+02:00 TRACE 238666 --- [crud-springboot] [           main] o.s.b.f.s.DefaultListableBeanFactory     : Returning cached instance of singleton bean 'org.springframework.transaction.config.internalTransactionAdvisor'
2024-07-20T12:50:58.778+02:00 TRACE 238666 --- [crud-springboot] [           main] o.s.b.f.s.DefaultListableBeanFactory     : Returning cached instance of singleton bean 'org.springframework.transaction.config.internalTransactionAdvisor'
2024-07-20T12:50:58.778+02:00 TRACE 238666 --- [crud-springboot] [           main] o.s.b.f.s.DefaultListableBeanFactory     : Returning cached instance of singleton bean 'org.springframework.transaction.config.internalTransactionAdvisor'
2024-07-20T12:50:58.778+02:00 TRACE 238666 --- [crud-springboot] [           main] o.s.b.f.s.DefaultListableBeanFactory     : Finished creating instance of bean 'org.springframework.boot.autoconfigure.web.servlet.DispatcherServletAutoConfiguration$DispatcherServletRegistrationConfiguration'
2024-07-20T12:50:58.779+02:00 DEBUG 238666 --- [crud-springboot] [           main] o.s.b.f.s.DefaultListableBeanFactory     : Creating shared instance of singleton bean 'dispatcherServlet'
2024-07-20T12:50:58.779+02:00 TRACE 238666 --- [crud-springboot] [           main] o.s.b.f.s.DefaultListableBeanFactory     : Creating instance of bean 'dispatcherServlet'
2024-07-20T12:50:58.779+02:00 TRACE 238666 --- [crud-springboot] [           main] o.s.b.f.s.DefaultListableBeanFactory     : Returning cached instance of singleton bean 'org.springframework.transaction.config.internalTransactionAdvisor'
2024-07-20T12:50:58.779+02:00 DEBUG 238666 --- [crud-springboot] [           main] o.s.b.f.s.DefaultListableBeanFactory     : Creating shared instance of singleton bean 'org.springframework.boot.autoconfigure.web.servlet.DispatcherServletAutoConfiguration$DispatcherServletConfiguration'
2024-07-20T12:50:58.779+02:00 TRACE 238666 --- [crud-springboot] [           main] o.s.b.f.s.DefaultListableBeanFactory     : Creating instance of bean 'org.springframework.boot.autoconfigure.web.servlet.DispatcherServletAutoConfiguration$DispatcherServletConfiguration'
2024-07-20T12:50:58.780+02:00 TRACE 238666 --- [crud-springboot] [           main] o.s.b.f.s.DefaultListableBeanFactory     : Returning cached instance of singleton bean 'org.springframework.transaction.config.internalTransactionAdvisor'
2024-07-20T12:50:58.780+02:00 TRACE 238666 --- [crud-springboot] [           main] o.s.b.f.s.DefaultListableBeanFactory     : Returning cached instance of singleton bean 'org.springframework.transaction.config.internalTransactionAdvisor'
2024-07-20T12:50:58.780+02:00 TRACE 238666 --- [crud-springboot] [           main] o.s.b.f.s.DefaultListableBeanFactory     : Returning cached instance of singleton bean 'org.springframework.transaction.config.internalTransactionAdvisor'
2024-07-20T12:50:58.781+02:00 TRACE 238666 --- [crud-springboot] [           main] o.s.b.f.s.DefaultListableBeanFactory     : Finished creating instance of bean 'org.springframework.boot.autoconfigure.web.servlet.DispatcherServletAutoConfiguration$DispatcherServletConfiguration'
2024-07-20T12:50:58.781+02:00 TRACE 238666 --- [crud-springboot] [           main] o.s.b.f.s.DefaultListableBeanFactory     : Returning cached instance of singleton bean 'spring.mvc-org.springframework.boot.autoconfigure.web.servlet.WebMvcProperties'
2024-07-20T12:50:58.781+02:00 DEBUG 238666 --- [crud-springboot] [           main] o.s.b.f.s.DefaultListableBeanFactory     : Autowiring by type from bean name 'dispatcherServlet' via factory method to bean named 'spring.mvc-org.springframework.boot.autoconfigure.web.servlet.WebMvcProperties'
2024-07-20T12:50:58.793+02:00 TRACE 238666 --- [crud-springboot] [           main] o.s.b.f.s.DefaultListableBeanFactory     : Returning cached instance of singleton bean 'org.springframework.transaction.config.internalTransactionAdvisor'
2024-07-20T12:50:58.793+02:00 TRACE 238666 --- [crud-springboot] [           main] o.s.b.f.s.DefaultListableBeanFactory     : Returning cached instance of singleton bean 'org.springframework.transaction.config.internalTransactionAdvisor'
2024-07-20T12:50:58.797+02:00 TRACE 238666 --- [crud-springboot] [           main] o.s.b.f.s.DefaultListableBeanFactory     : Finished creating instance of bean 'dispatcherServlet'
2024-07-20T12:50:58.797+02:00 TRACE 238666 --- [crud-springboot] [           main] o.s.b.f.s.DefaultListableBeanFactory     : Returning cached instance of singleton bean 'spring.mvc-org.springframework.boot.autoconfigure.web.servlet.WebMvcProperties'
2024-07-20T12:50:58.797+02:00 DEBUG 238666 --- [crud-springboot] [           main] o.s.b.f.s.DefaultListableBeanFactory     : Autowiring by type from bean name 'dispatcherServletRegistration' via factory method to bean named 'dispatcherServlet'
2024-07-20T12:50:58.797+02:00 DEBUG 238666 --- [crud-springboot] [           main] o.s.b.f.s.DefaultListableBeanFactory     : Autowiring by type from bean name 'dispatcherServletRegistration' via factory method to bean named 'spring.mvc-org.springframework.boot.autoconfigure.web.servlet.WebMvcProperties'
2024-07-20T12:50:58.799+02:00 DEBUG 238666 --- [crud-springboot] [           main] o.s.b.f.s.DefaultListableBeanFactory     : Creating shared instance of singleton bean 'multipartConfigElement'
2024-07-20T12:50:58.799+02:00 TRACE 238666 --- [crud-springboot] [           main] o.s.b.f.s.DefaultListableBeanFactory     : Creating instance of bean 'multipartConfigElement'
2024-07-20T12:50:58.799+02:00 TRACE 238666 --- [crud-springboot] [           main] o.s.b.f.s.DefaultListableBeanFactory     : Returning cached instance of singleton bean 'org.springframework.transaction.config.internalTransactionAdvisor'
2024-07-20T12:50:58.800+02:00 DEBUG 238666 --- [crud-springboot] [           main] o.s.b.f.s.DefaultListableBeanFactory     : Creating shared instance of singleton bean 'org.springframework.boot.autoconfigure.web.servlet.MultipartAutoConfiguration'
2024-07-20T12:50:58.800+02:00 TRACE 238666 --- [crud-springboot] [           main] o.s.b.f.s.DefaultListableBeanFactory     : Creating instance of bean 'org.springframework.boot.autoconfigure.web.servlet.MultipartAutoConfiguration'
2024-07-20T12:50:58.800+02:00 TRACE 238666 --- [crud-springboot] [           main] o.s.b.f.s.DefaultListableBeanFactory     : Returning cached instance of singleton bean 'org.springframework.transaction.config.internalTransactionAdvisor'
2024-07-20T12:50:58.801+02:00 DEBUG 238666 --- [crud-springboot] [           main] o.s.b.f.s.DefaultListableBeanFactory     : Creating shared instance of singleton bean 'spring.servlet.multipart-org.springframework.boot.autoconfigure.web.servlet.MultipartProperties'
2024-07-20T12:50:58.801+02:00 TRACE 238666 --- [crud-springboot] [           main] o.s.b.f.s.DefaultListableBeanFactory     : Creating instance of bean 'spring.servlet.multipart-org.springframework.boot.autoconfigure.web.servlet.MultipartProperties'
2024-07-20T12:50:58.801+02:00 TRACE 238666 --- [crud-springboot] [           main] o.s.b.f.s.DefaultListableBeanFactory     : Returning cached instance of singleton bean 'org.springframework.transaction.config.internalTransactionAdvisor'
2024-07-20T12:50:58.802+02:00 TRACE 238666 --- [crud-springboot] [           main] o.s.b.f.s.DefaultListableBeanFactory     : Returning cached instance of singleton bean 'org.springframework.boot.context.properties.BoundConfigurationProperties'
2024-07-20T12:50:58.807+02:00 TRACE 238666 --- [crud-springboot] [           main] o.s.b.f.s.DefaultListableBeanFactory     : Returning cached instance of singleton bean 'org.springframework.transaction.config.internalTransactionAdvisor'
2024-07-20T12:50:58.807+02:00 TRACE 238666 --- [crud-springboot] [           main] o.s.b.f.s.DefaultListableBeanFactory     : Returning cached instance of singleton bean 'org.springframework.transaction.config.internalTransactionAdvisor'
2024-07-20T12:50:58.808+02:00 TRACE 238666 --- [crud-springboot] [           main] o.s.b.f.s.DefaultListableBeanFactory     : Finished creating instance of bean 'spring.servlet.multipart-org.springframework.boot.autoconfigure.web.servlet.MultipartProperties'
2024-07-20T12:50:58.808+02:00 DEBUG 238666 --- [crud-springboot] [           main] o.s.b.f.s.DefaultListableBeanFactory     : Autowiring by type from bean name 'org.springframework.boot.autoconfigure.web.servlet.MultipartAutoConfiguration' via constructor to bean named 'spring.servlet.multipart-org.springframework.boot.autoconfigure.web.servlet.MultipartProperties'
2024-07-20T12:50:58.808+02:00 TRACE 238666 --- [crud-springboot] [           main] o.s.b.f.s.DefaultListableBeanFactory     : Returning cached instance of singleton bean 'org.springframework.transaction.config.internalTransactionAdvisor'
2024-07-20T12:50:58.808+02:00 TRACE 238666 --- [crud-springboot] [           main] o.s.b.f.s.DefaultListableBeanFactory     : Returning cached instance of singleton bean 'org.springframework.transaction.config.internalTransactionAdvisor'
2024-07-20T12:50:58.808+02:00 TRACE 238666 --- [crud-springboot] [           main] o.s.b.f.s.DefaultListableBeanFactory     : Finished creating instance of bean 'org.springframework.boot.autoconfigure.web.servlet.MultipartAutoConfiguration'
2024-07-20T12:50:58.812+02:00 TRACE 238666 --- [crud-springboot] [           main] o.s.b.f.s.DefaultListableBeanFactory     : Returning cached instance of singleton bean 'org.springframework.transaction.config.internalTransactionAdvisor'
2024-07-20T12:50:58.812+02:00 TRACE 238666 --- [crud-springboot] [           main] o.s.b.f.s.DefaultListableBeanFactory     : Returning cached instance of singleton bean 'org.springframework.transaction.config.internalTransactionAdvisor'
2024-07-20T12:50:58.813+02:00 TRACE 238666 --- [crud-springboot] [           main] o.s.b.f.s.DefaultListableBeanFactory     : Finished creating instance of bean 'multipartConfigElement'
2024-07-20T12:50:58.815+02:00 TRACE 238666 --- [crud-springboot] [           main] o.s.b.f.s.DefaultListableBeanFactory     : Returning cached instance of singleton bean 'org.springframework.transaction.config.internalTransactionAdvisor'
2024-07-20T12:50:58.815+02:00 TRACE 238666 --- [crud-springboot] [           main] o.s.b.f.s.DefaultListableBeanFactory     : Returning cached instance of singleton bean 'org.springframework.transaction.config.internalTransactionAdvisor'
2024-07-20T12:50:58.816+02:00 TRACE 238666 --- [crud-springboot] [           main] o.s.b.f.s.DefaultListableBeanFactory     : Finished creating instance of bean 'dispatcherServletRegistration'
2024-07-20T12:50:58.816+02:00 DEBUG 238666 --- [crud-springboot] [           main] o.s.b.f.s.DefaultListableBeanFactory     : Autowiring by type from bean name 'errorPageCustomizer' via factory method to bean named 'dispatcherServletRegistration'
2024-07-20T12:50:58.817+02:00 TRACE 238666 --- [crud-springboot] [           main] o.s.b.f.s.DefaultListableBeanFactory     : Returning cached instance of singleton bean 'org.springframework.transaction.config.internalTransactionAdvisor'
2024-07-20T12:50:58.817+02:00 TRACE 238666 --- [crud-springboot] [           main] o.s.b.f.s.DefaultListableBeanFactory     : Returning cached instance of singleton bean 'org.springframework.transaction.config.internalTransactionAdvisor'
2024-07-20T12:50:58.817+02:00 TRACE 238666 --- [crud-springboot] [           main] o.s.b.f.s.DefaultListableBeanFactory     : Finished creating instance of bean 'errorPageCustomizer'
2024-07-20T12:50:58.818+02:00 TRACE 238666 --- [crud-springboot] [           main] o.s.b.f.s.DefaultListableBeanFactory     : Returning cached instance of singleton bean 'org.springframework.transaction.config.internalTransactionAdvisor'
2024-07-20T12:50:58.818+02:00 TRACE 238666 --- [crud-springboot] [           main] o.s.b.f.s.DefaultListableBeanFactory     : Returning cached instance of singleton bean 'org.springframework.transaction.config.internalTransactionAdvisor'
2024-07-20T12:50:58.821+02:00 TRACE 238666 --- [crud-springboot] [           main] o.s.b.f.s.DefaultListableBeanFactory     : Finished creating instance of bean 'tomcatServletWebServerFactory'
2024-07-20T12:50:58.821+02:00 TRACE 238666 --- [crud-springboot] [           main] o.s.b.f.s.DefaultListableBeanFactory     : Returning cached instance of singleton bean 'org.springframework.boot.autoconfigure.web.servlet.ServletWebServerFactoryAutoConfiguration'
2024-07-20T12:50:58.821+02:00 TRACE 238666 --- [crud-springboot] [           main] o.s.b.f.s.DefaultListableBeanFactory     : Returning cached instance of singleton bean 'servletWebServerFactoryCustomizer'
2024-07-20T12:50:58.821+02:00 TRACE 238666 --- [crud-springboot] [           main] o.s.b.f.s.DefaultListableBeanFactory     : Returning cached instance of singleton bean 'tomcatServletWebServerFactoryCustomizer'
2024-07-20T12:50:58.821+02:00 TRACE 238666 --- [crud-springboot] [           main] o.s.b.f.s.DefaultListableBeanFactory     : Returning cached instance of singleton bean 'server-org.springframework.boot.autoconfigure.web.ServerProperties'
2024-07-20T12:50:58.821+02:00 TRACE 238666 --- [crud-springboot] [           main] o.s.b.f.s.DefaultListableBeanFactory     : Returning cached instance of singleton bean 'webServerFactoryCustomizerBeanPostProcessor'
2024-07-20T12:50:58.821+02:00 TRACE 238666 --- [crud-springboot] [           main] o.s.b.f.s.DefaultListableBeanFactory     : Returning cached instance of singleton bean 'errorPageRegistrarBeanPostProcessor'
2024-07-20T12:50:58.821+02:00 TRACE 238666 --- [crud-springboot] [           main] o.s.b.f.s.DefaultListableBeanFactory     : Returning cached instance of singleton bean 'org.springframework.boot.autoconfigure.web.servlet.DispatcherServletAutoConfiguration$DispatcherServletConfiguration'
2024-07-20T12:50:58.821+02:00 TRACE 238666 --- [crud-springboot] [           main] o.s.b.f.s.DefaultListableBeanFactory     : Returning cached instance of singleton bean 'dispatcherServlet'
2024-07-20T12:50:58.821+02:00 TRACE 238666 --- [crud-springboot] [           main] o.s.b.f.s.DefaultListableBeanFactory     : Returning cached instance of singleton bean 'spring.mvc-org.springframework.boot.autoconfigure.web.servlet.WebMvcProperties'
2024-07-20T12:50:58.821+02:00 TRACE 238666 --- [crud-springboot] [           main] o.s.b.f.s.DefaultListableBeanFactory     : Returning cached instance of singleton bean 'org.springframework.boot.autoconfigure.web.servlet.DispatcherServletAutoConfiguration$DispatcherServletRegistrationConfiguration'
2024-07-20T12:50:58.821+02:00 TRACE 238666 --- [crud-springboot] [           main] o.s.b.f.s.DefaultListableBeanFactory     : Returning cached instance of singleton bean 'dispatcherServletRegistration'
2024-07-20T12:50:58.821+02:00 DEBUG 238666 --- [crud-springboot] [           main] o.s.b.f.s.DefaultListableBeanFactory     : Creating shared instance of singleton bean 'org.springframework.boot.autoconfigure.web.servlet.DispatcherServletAutoConfiguration'
2024-07-20T12:50:58.821+02:00 TRACE 238666 --- [crud-springboot] [           main] o.s.b.f.s.DefaultListableBeanFactory     : Creating instance of bean 'org.springframework.boot.autoconfigure.web.servlet.DispatcherServletAutoConfiguration'
2024-07-20T12:50:58.821+02:00 TRACE 238666 --- [crud-springboot] [           main] o.s.b.f.s.DefaultListableBeanFactory     : Returning cached instance of singleton bean 'org.springframework.transaction.config.internalTransactionAdvisor'
2024-07-20T12:50:58.822+02:00 TRACE 238666 --- [crud-springboot] [           main] o.s.b.f.s.DefaultListableBeanFactory     : Returning cached instance of singleton bean 'org.springframework.transaction.config.internalTransactionAdvisor'
2024-07-20T12:50:58.822+02:00 TRACE 238666 --- [crud-springboot] [           main] o.s.b.f.s.DefaultListableBeanFactory     : Returning cached instance of singleton bean 'org.springframework.transaction.config.internalTransactionAdvisor'
2024-07-20T12:50:58.822+02:00 TRACE 238666 --- [crud-springboot] [           main] o.s.b.f.s.DefaultListableBeanFactory     : Finished creating instance of bean 'org.springframework.boot.autoconfigure.web.servlet.DispatcherServletAutoConfiguration'
2024-07-20T12:50:58.822+02:00 DEBUG 238666 --- [crud-springboot] [           main] o.s.b.f.s.DefaultListableBeanFactory     : Creating shared instance of singleton bean 'org.springframework.boot.autoconfigure.task.TaskExecutorConfigurations$ThreadPoolTaskExecutorBuilderConfiguration'
2024-07-20T12:50:58.822+02:00 TRACE 238666 --- [crud-springboot] [           main] o.s.b.f.s.DefaultListableBeanFactory     : Creating instance of bean 'org.springframework.boot.autoconfigure.task.TaskExecutorConfigurations$ThreadPoolTaskExecutorBuilderConfiguration'
2024-07-20T12:50:58.822+02:00 TRACE 238666 --- [crud-springboot] [           main] o.s.b.f.s.DefaultListableBeanFactory     : Returning cached instance of singleton bean 'org.springframework.transaction.config.internalTransactionAdvisor'
2024-07-20T12:50:58.822+02:00 TRACE 238666 --- [crud-springboot] [           main] o.s.b.f.s.DefaultListableBeanFactory     : Returning cached instance of singleton bean 'org.springframework.transaction.config.internalTransactionAdvisor'
2024-07-20T12:50:58.822+02:00 TRACE 238666 --- [crud-springboot] [           main] o.s.b.f.s.DefaultListableBeanFactory     : Returning cached instance of singleton bean 'org.springframework.transaction.config.internalTransactionAdvisor'
2024-07-20T12:50:58.822+02:00 TRACE 238666 --- [crud-springboot] [           main] o.s.b.f.s.DefaultListableBeanFactory     : Finished creating instance of bean 'org.springframework.boot.autoconfigure.task.TaskExecutorConfigurations$ThreadPoolTaskExecutorBuilderConfiguration'
2024-07-20T12:50:58.822+02:00 DEBUG 238666 --- [crud-springboot] [           main] o.s.b.f.s.DefaultListableBeanFactory     : Creating shared instance of singleton bean 'threadPoolTaskExecutorBuilder'
2024-07-20T12:50:58.822+02:00 TRACE 238666 --- [crud-springboot] [           main] o.s.b.f.s.DefaultListableBeanFactory     : Creating instance of bean 'threadPoolTaskExecutorBuilder'
2024-07-20T12:50:58.822+02:00 TRACE 238666 --- [crud-springboot] [           main] o.s.b.f.s.DefaultListableBeanFactory     : Returning cached instance of singleton bean 'org.springframework.transaction.config.internalTransactionAdvisor'
2024-07-20T12:50:58.823+02:00 TRACE 238666 --- [crud-springboot] [           main] o.s.b.f.s.DefaultListableBeanFactory     : Returning cached instance of singleton bean 'org.springframework.boot.autoconfigure.task.TaskExecutorConfigurations$ThreadPoolTaskExecutorBuilderConfiguration'
2024-07-20T12:50:58.824+02:00 DEBUG 238666 --- [crud-springboot] [           main] o.s.b.f.s.DefaultListableBeanFactory     : Creating shared instance of singleton bean 'spring.task.execution-org.springframework.boot.autoconfigure.task.TaskExecutionProperties'
2024-07-20T12:50:58.824+02:00 TRACE 238666 --- [crud-springboot] [           main] o.s.b.f.s.DefaultListableBeanFactory     : Creating instance of bean 'spring.task.execution-org.springframework.boot.autoconfigure.task.TaskExecutionProperties'
2024-07-20T12:50:58.824+02:00 TRACE 238666 --- [crud-springboot] [           main] o.s.b.f.s.DefaultListableBeanFactory     : Returning cached instance of singleton bean 'org.springframework.transaction.config.internalTransactionAdvisor'
2024-07-20T12:50:58.825+02:00 TRACE 238666 --- [crud-springboot] [           main] o.s.b.f.s.DefaultListableBeanFactory     : Returning cached instance of singleton bean 'org.springframework.boot.context.properties.BoundConfigurationProperties'
2024-07-20T12:50:58.826+02:00 TRACE 238666 --- [crud-springboot] [           main] o.s.b.f.s.DefaultListableBeanFactory     : Returning cached instance of singleton bean 'org.springframework.transaction.config.internalTransactionAdvisor'
2024-07-20T12:50:58.826+02:00 TRACE 238666 --- [crud-springboot] [           main] o.s.b.f.s.DefaultListableBeanFactory     : Returning cached instance of singleton bean 'org.springframework.transaction.config.internalTransactionAdvisor'
2024-07-20T12:50:58.826+02:00 TRACE 238666 --- [crud-springboot] [           main] o.s.b.f.s.DefaultListableBeanFactory     : Finished creating instance of bean 'spring.task.execution-org.springframework.boot.autoconfigure.task.TaskExecutionProperties'
2024-07-20T12:50:58.826+02:00 DEBUG 238666 --- [crud-springboot] [           main] o.s.b.f.s.DefaultListableBeanFactory     : Autowiring by type from bean name 'threadPoolTaskExecutorBuilder' via factory method to bean named 'spring.task.execution-org.springframework.boot.autoconfigure.task.TaskExecutionProperties'
2024-07-20T12:50:58.831+02:00 TRACE 238666 --- [crud-springboot] [           main] o.s.b.f.s.DefaultListableBeanFactory     : Returning cached instance of singleton bean 'org.springframework.transaction.config.internalTransactionAdvisor'
2024-07-20T12:50:58.831+02:00 TRACE 238666 --- [crud-springboot] [           main] o.s.b.f.s.DefaultListableBeanFactory     : Returning cached instance of singleton bean 'org.springframework.transaction.config.internalTransactionAdvisor'
2024-07-20T12:50:58.832+02:00 TRACE 238666 --- [crud-springboot] [           main] o.s.b.f.s.DefaultListableBeanFactory     : Finished creating instance of bean 'threadPoolTaskExecutorBuilder'
2024-07-20T12:50:58.832+02:00 DEBUG 238666 --- [crud-springboot] [           main] o.s.b.f.s.DefaultListableBeanFactory     : Creating shared instance of singleton bean 'org.springframework.boot.autoconfigure.task.TaskExecutorConfigurations$TaskExecutorBuilderConfiguration'
2024-07-20T12:50:58.832+02:00 TRACE 238666 --- [crud-springboot] [           main] o.s.b.f.s.DefaultListableBeanFactory     : Creating instance of bean 'org.springframework.boot.autoconfigure.task.TaskExecutorConfigurations$TaskExecutorBuilderConfiguration'
2024-07-20T12:50:58.832+02:00 TRACE 238666 --- [crud-springboot] [           main] o.s.b.f.s.DefaultListableBeanFactory     : Returning cached instance of singleton bean 'org.springframework.transaction.config.internalTransactionAdvisor'
2024-07-20T12:50:58.832+02:00 TRACE 238666 --- [crud-springboot] [           main] o.s.b.f.s.DefaultListableBeanFactory     : Returning cached instance of singleton bean 'org.springframework.transaction.config.internalTransactionAdvisor'
2024-07-20T12:50:58.832+02:00 TRACE 238666 --- [crud-springboot] [           main] o.s.b.f.s.DefaultListableBeanFactory     : Returning cached instance of singleton bean 'org.springframework.transaction.config.internalTransactionAdvisor'
2024-07-20T12:50:58.833+02:00 TRACE 238666 --- [crud-springboot] [           main] o.s.b.f.s.DefaultListableBeanFactory     : Finished creating instance of bean 'org.springframework.boot.autoconfigure.task.TaskExecutorConfigurations$TaskExecutorBuilderConfiguration'
2024-07-20T12:50:58.833+02:00 DEBUG 238666 --- [crud-springboot] [           main] o.s.b.f.s.DefaultListableBeanFactory     : Creating shared instance of singleton bean 'taskExecutorBuilder'
2024-07-20T12:50:58.833+02:00 TRACE 238666 --- [crud-springboot] [           main] o.s.b.f.s.DefaultListableBeanFactory     : Creating instance of bean 'taskExecutorBuilder'
2024-07-20T12:50:58.833+02:00 TRACE 238666 --- [crud-springboot] [           main] o.s.b.f.s.DefaultListableBeanFactory     : Returning cached instance of singleton bean 'org.springframework.transaction.config.internalTransactionAdvisor'
2024-07-20T12:50:58.833+02:00 TRACE 238666 --- [crud-springboot] [           main] o.s.b.f.s.DefaultListableBeanFactory     : Returning cached instance of singleton bean 'org.springframework.boot.autoconfigure.task.TaskExecutorConfigurations$TaskExecutorBuilderConfiguration'
2024-07-20T12:50:58.833+02:00 TRACE 238666 --- [crud-springboot] [           main] o.s.b.f.s.DefaultListableBeanFactory     : Returning cached instance of singleton bean 'spring.task.execution-org.springframework.boot.autoconfigure.task.TaskExecutionProperties'
2024-07-20T12:50:58.833+02:00 DEBUG 238666 --- [crud-springboot] [           main] o.s.b.f.s.DefaultListableBeanFactory     : Autowiring by type from bean name 'taskExecutorBuilder' via factory method to bean named 'spring.task.execution-org.springframework.boot.autoconfigure.task.TaskExecutionProperties'
2024-07-20T12:50:58.836+02:00 TRACE 238666 --- [crud-springboot] [           main] o.s.b.f.s.DefaultListableBeanFactory     : Returning cached instance of singleton bean 'org.springframework.transaction.config.internalTransactionAdvisor'
2024-07-20T12:50:58.836+02:00 TRACE 238666 --- [crud-springboot] [           main] o.s.b.f.s.DefaultListableBeanFactory     : Returning cached instance of singleton bean 'org.springframework.transaction.config.internalTransactionAdvisor'
2024-07-20T12:50:58.837+02:00 TRACE 238666 --- [crud-springboot] [           main] o.s.b.f.s.DefaultListableBeanFactory     : Finished creating instance of bean 'taskExecutorBuilder'
2024-07-20T12:50:58.837+02:00 DEBUG 238666 --- [crud-springboot] [           main] o.s.b.f.s.DefaultListableBeanFactory     : Creating shared instance of singleton bean 'org.springframework.boot.autoconfigure.task.TaskExecutorConfigurations$SimpleAsyncTaskExecutorBuilderConfiguration'
2024-07-20T12:50:58.837+02:00 TRACE 238666 --- [crud-springboot] [           main] o.s.b.f.s.DefaultListableBeanFactory     : Creating instance of bean 'org.springframework.boot.autoconfigure.task.TaskExecutorConfigurations$SimpleAsyncTaskExecutorBuilderConfiguration'
2024-07-20T12:50:58.837+02:00 TRACE 238666 --- [crud-springboot] [           main] o.s.b.f.s.DefaultListableBeanFactory     : Returning cached instance of singleton bean 'org.springframework.transaction.config.internalTransactionAdvisor'
2024-07-20T12:50:58.837+02:00 TRACE 238666 --- [crud-springboot] [           main] o.s.b.f.s.DefaultListableBeanFactory     : Returning cached instance of singleton bean 'spring.task.execution-org.springframework.boot.autoconfigure.task.TaskExecutionProperties'
2024-07-20T12:50:58.838+02:00 DEBUG 238666 --- [crud-springboot] [           main] o.s.b.f.s.DefaultListableBeanFactory     : Autowiring by type from bean name 'org.springframework.boot.autoconfigure.task.TaskExecutorConfigurations$SimpleAsyncTaskExecutorBuilderConfiguration' via constructor to bean named 'spring.task.execution-org.springframework.boot.autoconfigure.task.TaskExecutionProperties'
2024-07-20T12:50:58.838+02:00 TRACE 238666 --- [crud-springboot] [           main] o.s.b.f.s.DefaultListableBeanFactory     : Returning cached instance of singleton bean 'org.springframework.transaction.config.internalTransactionAdvisor'
2024-07-20T12:50:58.838+02:00 TRACE 238666 --- [crud-springboot] [           main] o.s.b.f.s.DefaultListableBeanFactory     : Returning cached instance of singleton bean 'org.springframework.transaction.config.internalTransactionAdvisor'
2024-07-20T12:50:58.838+02:00 TRACE 238666 --- [crud-springboot] [           main] o.s.b.f.s.DefaultListableBeanFactory     : Finished creating instance of bean 'org.springframework.boot.autoconfigure.task.TaskExecutorConfigurations$SimpleAsyncTaskExecutorBuilderConfiguration'
2024-07-20T12:50:58.838+02:00 DEBUG 238666 --- [crud-springboot] [           main] o.s.b.f.s.DefaultListableBeanFactory     : Creating shared instance of singleton bean 'simpleAsyncTaskExecutorBuilder'
2024-07-20T12:50:58.838+02:00 TRACE 238666 --- [crud-springboot] [           main] o.s.b.f.s.DefaultListableBeanFactory     : Creating instance of bean 'simpleAsyncTaskExecutorBuilder'
2024-07-20T12:50:58.839+02:00 TRACE 238666 --- [crud-springboot] [           main] o.s.b.f.s.DefaultListableBeanFactory     : Returning cached instance of singleton bean 'org.springframework.transaction.config.internalTransactionAdvisor'
2024-07-20T12:50:58.839+02:00 TRACE 238666 --- [crud-springboot] [           main] o.s.b.f.s.DefaultListableBeanFactory     : Returning cached instance of singleton bean 'org.springframework.boot.autoconfigure.task.TaskExecutorConfigurations$SimpleAsyncTaskExecutorBuilderConfiguration'
2024-07-20T12:50:58.841+02:00 TRACE 238666 --- [crud-springboot] [           main] o.s.b.f.s.DefaultListableBeanFactory     : Returning cached instance of singleton bean 'org.springframework.transaction.config.internalTransactionAdvisor'
2024-07-20T12:50:58.841+02:00 TRACE 238666 --- [crud-springboot] [           main] o.s.b.f.s.DefaultListableBeanFactory     : Returning cached instance of singleton bean 'org.springframework.transaction.config.internalTransactionAdvisor'
2024-07-20T12:50:58.842+02:00 TRACE 238666 --- [crud-springboot] [           main] o.s.b.f.s.DefaultListableBeanFactory     : Finished creating instance of bean 'simpleAsyncTaskExecutorBuilder'
2024-07-20T12:50:58.842+02:00 DEBUG 238666 --- [crud-springboot] [           main] o.s.b.f.s.DefaultListableBeanFactory     : Creating shared instance of singleton bean 'org.springframework.boot.autoconfigure.task.TaskExecutorConfigurations$TaskExecutorConfiguration'
2024-07-20T12:50:58.842+02:00 TRACE 238666 --- [crud-springboot] [           main] o.s.b.f.s.DefaultListableBeanFactory     : Creating instance of bean 'org.springframework.boot.autoconfigure.task.TaskExecutorConfigurations$TaskExecutorConfiguration'
2024-07-20T12:50:58.842+02:00 TRACE 238666 --- [crud-springboot] [           main] o.s.b.f.s.DefaultListableBeanFactory     : Returning cached instance of singleton bean 'org.springframework.transaction.config.internalTransactionAdvisor'
2024-07-20T12:50:58.842+02:00 TRACE 238666 --- [crud-springboot] [           main] o.s.b.f.s.DefaultListableBeanFactory     : Returning cached instance of singleton bean 'org.springframework.transaction.config.internalTransactionAdvisor'
2024-07-20T12:50:58.843+02:00 TRACE 238666 --- [crud-springboot] [           main] o.s.b.f.s.DefaultListableBeanFactory     : Returning cached instance of singleton bean 'org.springframework.transaction.config.internalTransactionAdvisor'
2024-07-20T12:50:58.843+02:00 TRACE 238666 --- [crud-springboot] [           main] o.s.b.f.s.DefaultListableBeanFactory     : Finished creating instance of bean 'org.springframework.boot.autoconfigure.task.TaskExecutorConfigurations$TaskExecutorConfiguration'
2024-07-20T12:50:58.843+02:00 DEBUG 238666 --- [crud-springboot] [           main] o.s.b.f.s.DefaultListableBeanFactory     : Creating shared instance of singleton bean 'org.springframework.boot.autoconfigure.task.TaskExecutionAutoConfiguration'
2024-07-20T12:50:58.843+02:00 TRACE 238666 --- [crud-springboot] [           main] o.s.b.f.s.DefaultListableBeanFactory     : Creating instance of bean 'org.springframework.boot.autoconfigure.task.TaskExecutionAutoConfiguration'
2024-07-20T12:50:58.843+02:00 TRACE 238666 --- [crud-springboot] [           main] o.s.b.f.s.DefaultListableBeanFactory     : Returning cached instance of singleton bean 'org.springframework.transaction.config.internalTransactionAdvisor'
2024-07-20T12:50:58.843+02:00 TRACE 238666 --- [crud-springboot] [           main] o.s.b.f.s.DefaultListableBeanFactory     : Returning cached instance of singleton bean 'org.springframework.transaction.config.internalTransactionAdvisor'
2024-07-20T12:50:58.843+02:00 TRACE 238666 --- [crud-springboot] [           main] o.s.b.f.s.DefaultListableBeanFactory     : Returning cached instance of singleton bean 'org.springframework.transaction.config.internalTransactionAdvisor'
2024-07-20T12:50:58.844+02:00 TRACE 238666 --- [crud-springboot] [           main] o.s.b.f.s.DefaultListableBeanFactory     : Finished creating instance of bean 'org.springframework.boot.autoconfigure.task.TaskExecutionAutoConfiguration'
2024-07-20T12:50:58.844+02:00 TRACE 238666 --- [crud-springboot] [           main] o.s.b.f.s.DefaultListableBeanFactory     : Returning cached instance of singleton bean 'spring.task.execution-org.springframework.boot.autoconfigure.task.TaskExecutionProperties'
2024-07-20T12:50:58.844+02:00 DEBUG 238666 --- [crud-springboot] [           main] o.s.b.f.s.DefaultListableBeanFactory     : Creating shared instance of singleton bean 'org.springframework.boot.autoconfigure.web.servlet.error.ErrorMvcAutoConfiguration$WhitelabelErrorViewConfiguration'
2024-07-20T12:50:58.844+02:00 TRACE 238666 --- [crud-springboot] [           main] o.s.b.f.s.DefaultListableBeanFactory     : Creating instance of bean 'org.springframework.boot.autoconfigure.web.servlet.error.ErrorMvcAutoConfiguration$WhitelabelErrorViewConfiguration'
2024-07-20T12:50:58.844+02:00 TRACE 238666 --- [crud-springboot] [           main] o.s.b.f.s.DefaultListableBeanFactory     : Returning cached instance of singleton bean 'org.springframework.transaction.config.internalTransactionAdvisor'
2024-07-20T12:50:58.845+02:00 TRACE 238666 --- [crud-springboot] [           main] o.s.b.f.s.DefaultListableBeanFactory     : Returning cached instance of singleton bean 'org.springframework.transaction.config.internalTransactionAdvisor'
2024-07-20T12:50:58.845+02:00 TRACE 238666 --- [crud-springboot] [           main] o.s.b.f.s.DefaultListableBeanFactory     : Returning cached instance of singleton bean 'org.springframework.transaction.config.internalTransactionAdvisor'
2024-07-20T12:50:58.845+02:00 TRACE 238666 --- [crud-springboot] [           main] o.s.b.f.s.DefaultListableBeanFactory     : Finished creating instance of bean 'org.springframework.boot.autoconfigure.web.servlet.error.ErrorMvcAutoConfiguration$WhitelabelErrorViewConfiguration'
2024-07-20T12:50:58.845+02:00 DEBUG 238666 --- [crud-springboot] [           main] o.s.b.f.s.DefaultListableBeanFactory     : Creating shared instance of singleton bean 'error'
2024-07-20T12:50:58.845+02:00 TRACE 238666 --- [crud-springboot] [           main] o.s.b.f.s.DefaultListableBeanFactory     : Creating instance of bean 'error'
2024-07-20T12:50:58.845+02:00 TRACE 238666 --- [crud-springboot] [           main] o.s.b.f.s.DefaultListableBeanFactory     : Returning cached instance of singleton bean 'org.springframework.transaction.config.internalTransactionAdvisor'
2024-07-20T12:50:58.845+02:00 TRACE 238666 --- [crud-springboot] [           main] o.s.b.f.s.DefaultListableBeanFactory     : Returning cached instance of singleton bean 'org.springframework.boot.autoconfigure.web.servlet.error.ErrorMvcAutoConfiguration$WhitelabelErrorViewConfiguration'
2024-07-20T12:50:58.846+02:00 TRACE 238666 --- [crud-springboot] [           main] o.s.b.f.s.DefaultListableBeanFactory     : Returning cached instance of singleton bean 'org.springframework.transaction.config.internalTransactionAdvisor'
2024-07-20T12:50:58.846+02:00 TRACE 238666 --- [crud-springboot] [           main] o.s.b.f.s.DefaultListableBeanFactory     : Returning cached instance of singleton bean 'org.springframework.transaction.config.internalTransactionAdvisor'
2024-07-20T12:50:58.847+02:00 TRACE 238666 --- [crud-springboot] [           main] o.s.b.f.s.DefaultListableBeanFactory     : Finished creating instance of bean 'error'
2024-07-20T12:50:58.848+02:00 DEBUG 238666 --- [crud-springboot] [           main] o.s.b.f.s.DefaultListableBeanFactory     : Creating shared instance of singleton bean 'beanNameViewResolver'
2024-07-20T12:50:58.848+02:00 TRACE 238666 --- [crud-springboot] [           main] o.s.b.f.s.DefaultListableBeanFactory     : Creating instance of bean 'beanNameViewResolver'
2024-07-20T12:50:58.848+02:00 TRACE 238666 --- [crud-springboot] [           main] o.s.b.f.s.DefaultListableBeanFactory     : Returning cached instance of singleton bean 'org.springframework.transaction.config.internalTransactionAdvisor'
2024-07-20T12:50:58.848+02:00 TRACE 238666 --- [crud-springboot] [           main] o.s.b.f.s.DefaultListableBeanFactory     : Returning cached instance of singleton bean 'org.springframework.boot.autoconfigure.web.servlet.error.ErrorMvcAutoConfiguration$WhitelabelErrorViewConfiguration'
2024-07-20T12:50:58.848+02:00 TRACE 238666 --- [crud-springboot] [           main] o.s.b.f.s.DefaultListableBeanFactory     : Returning cached instance of singleton bean 'org.springframework.transaction.config.internalTransactionAdvisor'
2024-07-20T12:50:58.848+02:00 TRACE 238666 --- [crud-springboot] [           main] o.s.b.f.s.DefaultListableBeanFactory     : Returning cached instance of singleton bean 'org.springframework.transaction.config.internalTransactionAdvisor'
2024-07-20T12:50:58.849+02:00 TRACE 238666 --- [crud-springboot] [           main] o.s.b.f.s.DefaultListableBeanFactory     : Finished creating instance of bean 'beanNameViewResolver'
2024-07-20T12:50:58.849+02:00 DEBUG 238666 --- [crud-springboot] [           main] o.s.b.f.s.DefaultListableBeanFactory     : Creating shared instance of singleton bean 'org.springframework.boot.autoconfigure.web.servlet.error.ErrorMvcAutoConfiguration$DefaultErrorViewResolverConfiguration'
2024-07-20T12:50:58.849+02:00 TRACE 238666 --- [crud-springboot] [           main] o.s.b.f.s.DefaultListableBeanFactory     : Creating instance of bean 'org.springframework.boot.autoconfigure.web.servlet.error.ErrorMvcAutoConfiguration$DefaultErrorViewResolverConfiguration'
2024-07-20T12:50:58.849+02:00 TRACE 238666 --- [crud-springboot] [           main] o.s.b.f.s.DefaultListableBeanFactory     : Returning cached instance of singleton bean 'org.springframework.transaction.config.internalTransactionAdvisor'
2024-07-20T12:50:58.850+02:00 TRACE 238666 --- [crud-springboot] [           main] o.s.b.f.s.DefaultListableBeanFactory     : Returning cached instance of singleton bean 'spring.web-org.springframework.boot.autoconfigure.web.WebProperties'
2024-07-20T12:50:58.850+02:00 DEBUG 238666 --- [crud-springboot] [           main] o.s.b.f.s.DefaultListableBeanFactory     : Autowiring by type from bean name 'org.springframework.boot.autoconfigure.web.servlet.error.ErrorMvcAutoConfiguration$DefaultErrorViewResolverConfiguration' via constructor to bean named 'org.springframework.web.context.support.GenericWebApplicationContext@5ef8df1e'
2024-07-20T12:50:58.850+02:00 DEBUG 238666 --- [crud-springboot] [           main] o.s.b.f.s.DefaultListableBeanFactory     : Autowiring by type from bean name 'org.springframework.boot.autoconfigure.web.servlet.error.ErrorMvcAutoConfiguration$DefaultErrorViewResolverConfiguration' via constructor to bean named 'spring.web-org.springframework.boot.autoconfigure.web.WebProperties'
2024-07-20T12:50:58.850+02:00 TRACE 238666 --- [crud-springboot] [           main] o.s.b.f.s.DefaultListableBeanFactory     : Returning cached instance of singleton bean 'org.springframework.transaction.config.internalTransactionAdvisor'
2024-07-20T12:50:58.850+02:00 TRACE 238666 --- [crud-springboot] [           main] o.s.b.f.s.DefaultListableBeanFactory     : Returning cached instance of singleton bean 'org.springframework.transaction.config.internalTransactionAdvisor'
2024-07-20T12:50:58.850+02:00 TRACE 238666 --- [crud-springboot] [           main] o.s.b.f.s.DefaultListableBeanFactory     : Finished creating instance of bean 'org.springframework.boot.autoconfigure.web.servlet.error.ErrorMvcAutoConfiguration$DefaultErrorViewResolverConfiguration'
2024-07-20T12:50:58.850+02:00 DEBUG 238666 --- [crud-springboot] [           main] o.s.b.f.s.DefaultListableBeanFactory     : Creating shared instance of singleton bean 'conventionErrorViewResolver'
2024-07-20T12:50:58.850+02:00 TRACE 238666 --- [crud-springboot] [           main] o.s.b.f.s.DefaultListableBeanFactory     : Creating instance of bean 'conventionErrorViewResolver'
2024-07-20T12:50:58.850+02:00 TRACE 238666 --- [crud-springboot] [           main] o.s.b.f.s.DefaultListableBeanFactory     : Returning cached instance of singleton bean 'org.springframework.transaction.config.internalTransactionAdvisor'
2024-07-20T12:50:58.850+02:00 TRACE 238666 --- [crud-springboot] [           main] o.s.b.f.s.DefaultListableBeanFactory     : Returning cached instance of singleton bean 'org.springframework.boot.autoconfigure.web.servlet.error.ErrorMvcAutoConfiguration$DefaultErrorViewResolverConfiguration'
2024-07-20T12:50:58.851+02:00 TRACE 238666 --- [crud-springboot] [           main] o.s.c.io.support.SpringFactoriesLoader   : Loaded [org.springframework.boot.autoconfigure.template.TemplateAvailabilityProvider] names: [org.springframework.boot.autoconfigure.freemarker.FreeMarkerTemplateAvailabilityProvider, org.springframework.boot.autoconfigure.mustache.MustacheTemplateAvailabilityProvider, org.springframework.boot.autoconfigure.groovy.template.GroovyTemplateAvailabilityProvider, org.springframework.boot.autoconfigure.thymeleaf.ThymeleafTemplateAvailabilityProvider, org.springframework.boot.autoconfigure.web.servlet.JspTemplateAvailabilityProvider]
2024-07-20T12:50:58.851+02:00 TRACE 238666 --- [crud-springboot] [           main] o.s.b.f.s.DefaultListableBeanFactory     : Returning cached instance of singleton bean 'org.springframework.transaction.config.internalTransactionAdvisor'
2024-07-20T12:50:58.851+02:00 TRACE 238666 --- [crud-springboot] [           main] o.s.b.f.s.DefaultListableBeanFactory     : Returning cached instance of singleton bean 'org.springframework.transaction.config.internalTransactionAdvisor'
2024-07-20T12:50:58.852+02:00 TRACE 238666 --- [crud-springboot] [           main] o.s.b.f.s.DefaultListableBeanFactory     : Finished creating instance of bean 'conventionErrorViewResolver'
2024-07-20T12:50:58.852+02:00 TRACE 238666 --- [crud-springboot] [           main] o.s.b.f.s.DefaultListableBeanFactory     : Returning cached instance of singleton bean 'spring.web-org.springframework.boot.autoconfigure.web.WebProperties'
2024-07-20T12:50:58.852+02:00 TRACE 238666 --- [crud-springboot] [           main] o.s.b.f.s.DefaultListableBeanFactory     : Returning cached instance of singleton bean 'org.springframework.boot.autoconfigure.web.servlet.error.ErrorMvcAutoConfiguration'
2024-07-20T12:50:58.852+02:00 DEBUG 238666 --- [crud-springboot] [           main] o.s.b.f.s.DefaultListableBeanFactory     : Creating shared instance of singleton bean 'errorAttributes'
2024-07-20T12:50:58.852+02:00 TRACE 238666 --- [crud-springboot] [           main] o.s.b.f.s.DefaultListableBeanFactory     : Creating instance of bean 'errorAttributes'
2024-07-20T12:50:58.852+02:00 TRACE 238666 --- [crud-springboot] [           main] o.s.b.f.s.DefaultListableBeanFactory     : Returning cached instance of singleton bean 'org.springframework.transaction.config.internalTransactionAdvisor'
2024-07-20T12:50:58.852+02:00 TRACE 238666 --- [crud-springboot] [           main] o.s.b.f.s.DefaultListableBeanFactory     : Returning cached instance of singleton bean 'org.springframework.boot.autoconfigure.web.servlet.error.ErrorMvcAutoConfiguration'
2024-07-20T12:50:58.853+02:00 TRACE 238666 --- [crud-springboot] [           main] o.s.b.f.s.DefaultListableBeanFactory     : Returning cached instance of singleton bean 'org.springframework.transaction.config.internalTransactionAdvisor'
2024-07-20T12:50:58.853+02:00 TRACE 238666 --- [crud-springboot] [           main] o.s.b.f.s.DefaultListableBeanFactory     : Returning cached instance of singleton bean 'org.springframework.transaction.config.internalTransactionAdvisor'
2024-07-20T12:50:58.854+02:00 TRACE 238666 --- [crud-springboot] [           main] o.s.b.f.s.DefaultListableBeanFactory     : Finished creating instance of bean 'errorAttributes'
2024-07-20T12:50:58.854+02:00 DEBUG 238666 --- [crud-springboot] [           main] o.s.b.f.s.DefaultListableBeanFactory     : Creating shared instance of singleton bean 'basicErrorController'
2024-07-20T12:50:58.854+02:00 TRACE 238666 --- [crud-springboot] [           main] o.s.b.f.s.DefaultListableBeanFactory     : Creating instance of bean 'basicErrorController'
2024-07-20T12:50:58.854+02:00 TRACE 238666 --- [crud-springboot] [           main] o.s.b.f.s.DefaultListableBeanFactory     : Returning cached instance of singleton bean 'org.springframework.transaction.config.internalTransactionAdvisor'
2024-07-20T12:50:58.854+02:00 TRACE 238666 --- [crud-springboot] [           main] o.s.b.f.s.DefaultListableBeanFactory     : Returning cached instance of singleton bean 'org.springframework.boot.autoconfigure.web.servlet.error.ErrorMvcAutoConfiguration'
2024-07-20T12:50:58.855+02:00 TRACE 238666 --- [crud-springboot] [           main] o.s.b.f.s.DefaultListableBeanFactory     : Returning cached instance of singleton bean 'errorAttributes'
2024-07-20T12:50:58.855+02:00 DEBUG 238666 --- [crud-springboot] [           main] o.s.b.f.s.DefaultListableBeanFactory     : Autowiring by type from bean name 'basicErrorController' via factory method to bean named 'errorAttributes'
2024-07-20T12:50:58.856+02:00 TRACE 238666 --- [crud-springboot] [           main] o.s.b.f.s.DefaultListableBeanFactory     : Returning cached instance of singleton bean 'conventionErrorViewResolver'
2024-07-20T12:50:58.856+02:00 TRACE 238666 --- [crud-springboot] [           main] o.s.b.f.s.DefaultListableBeanFactory     : Returning cached instance of singleton bean 'conventionErrorViewResolver'
2024-07-20T12:50:58.856+02:00 TRACE 238666 --- [crud-springboot] [           main] o.s.b.f.s.DefaultListableBeanFactory     : Returning cached instance of singleton bean 'org.springframework.transaction.config.internalTransactionAdvisor'
2024-07-20T12:50:58.857+02:00 TRACE 238666 --- [crud-springboot] [           main] o.s.b.f.s.DefaultListableBeanFactory     : Returning cached instance of singleton bean 'org.springframework.transaction.config.internalTransactionAdvisor'
2024-07-20T12:50:58.857+02:00 TRACE 238666 --- [crud-springboot] [           main] o.s.b.f.s.DefaultListableBeanFactory     : Finished creating instance of bean 'basicErrorController'
2024-07-20T12:50:58.858+02:00 TRACE 238666 --- [crud-springboot] [           main] o.s.b.f.s.DefaultListableBeanFactory     : Returning cached instance of singleton bean 'errorPageCustomizer'
2024-07-20T12:50:58.858+02:00 TRACE 238666 --- [crud-springboot] [           main] o.s.b.f.s.DefaultListableBeanFactory     : Returning cached instance of singleton bean 'preserveErrorControllerTargetClassPostProcessor'
2024-07-20T12:50:58.858+02:00 TRACE 238666 --- [crud-springboot] [           main] o.s.b.f.s.DefaultListableBeanFactory     : Returning cached instance of singleton bean 'org.springframework.boot.autoconfigure.web.servlet.WebMvcAutoConfiguration$EnableWebMvcConfiguration'
2024-07-20T12:50:58.858+02:00 TRACE 238666 --- [crud-springboot] [           main] o.s.b.f.s.DefaultListableBeanFactory     : Returning cached instance of singleton bean 'welcomePageHandlerMapping'
2024-07-20T12:50:58.858+02:00 TRACE 238666 --- [crud-springboot] [           main] o.s.b.f.s.DefaultListableBeanFactory     : Returning cached instance of singleton bean 'welcomePageNotAcceptableHandlerMapping'
2024-07-20T12:50:58.858+02:00 DEBUG 238666 --- [crud-springboot] [           main] o.s.b.f.s.DefaultListableBeanFactory     : Creating shared instance of singleton bean 'localeResolver'
2024-07-20T12:50:58.858+02:00 TRACE 238666 --- [crud-springboot] [           main] o.s.b.f.s.DefaultListableBeanFactory     : Creating instance of bean 'localeResolver'
2024-07-20T12:50:58.858+02:00 TRACE 238666 --- [crud-springboot] [           main] o.s.b.f.s.DefaultListableBeanFactory     : Returning cached instance of singleton bean 'org.springframework.transaction.config.internalTransactionAdvisor'
2024-07-20T12:50:58.858+02:00 TRACE 238666 --- [crud-springboot] [           main] o.s.b.f.s.DefaultListableBeanFactory     : Returning cached instance of singleton bean 'org.springframework.boot.autoconfigure.web.servlet.WebMvcAutoConfiguration$EnableWebMvcConfiguration'
2024-07-20T12:50:58.861+02:00 TRACE 238666 --- [crud-springboot] [           main] o.s.b.f.s.DefaultListableBeanFactory     : Returning cached instance of singleton bean 'org.springframework.transaction.config.internalTransactionAdvisor'
2024-07-20T12:50:58.861+02:00 TRACE 238666 --- [crud-springboot] [           main] o.s.b.f.s.DefaultListableBeanFactory     : Returning cached instance of singleton bean 'org.springframework.transaction.config.internalTransactionAdvisor'
2024-07-20T12:50:58.862+02:00 TRACE 238666 --- [crud-springboot] [           main] o.s.b.f.s.DefaultListableBeanFactory     : Finished creating instance of bean 'localeResolver'
2024-07-20T12:50:58.862+02:00 DEBUG 238666 --- [crud-springboot] [           main] o.s.b.f.s.DefaultListableBeanFactory     : Creating shared instance of singleton bean 'themeResolver'
2024-07-20T12:50:58.862+02:00 TRACE 238666 --- [crud-springboot] [           main] o.s.b.f.s.DefaultListableBeanFactory     : Creating instance of bean 'themeResolver'
2024-07-20T12:50:58.862+02:00 TRACE 238666 --- [crud-springboot] [           main] o.s.b.f.s.DefaultListableBeanFactory     : Returning cached instance of singleton bean 'org.springframework.transaction.config.internalTransactionAdvisor'
2024-07-20T12:50:58.862+02:00 TRACE 238666 --- [crud-springboot] [           main] o.s.b.f.s.DefaultListableBeanFactory     : Returning cached instance of singleton bean 'org.springframework.boot.autoconfigure.web.servlet.WebMvcAutoConfiguration$EnableWebMvcConfiguration'
2024-07-20T12:50:58.864+02:00 TRACE 238666 --- [crud-springboot] [           main] o.s.b.f.s.DefaultListableBeanFactory     : Returning cached instance of singleton bean 'org.springframework.transaction.config.internalTransactionAdvisor'
2024-07-20T12:50:58.864+02:00 TRACE 238666 --- [crud-springboot] [           main] o.s.b.f.s.DefaultListableBeanFactory     : Returning cached instance of singleton bean 'org.springframework.transaction.config.internalTransactionAdvisor'
2024-07-20T12:50:58.864+02:00 TRACE 238666 --- [crud-springboot] [           main] o.s.b.f.s.DefaultListableBeanFactory     : Finished creating instance of bean 'themeResolver'
2024-07-20T12:50:58.864+02:00 DEBUG 238666 --- [crud-springboot] [           main] o.s.b.f.s.DefaultListableBeanFactory     : Creating shared instance of singleton bean 'flashMapManager'
2024-07-20T12:50:58.864+02:00 TRACE 238666 --- [crud-springboot] [           main] o.s.b.f.s.DefaultListableBeanFactory     : Creating instance of bean 'flashMapManager'
2024-07-20T12:50:58.864+02:00 TRACE 238666 --- [crud-springboot] [           main] o.s.b.f.s.DefaultListableBeanFactory     : Returning cached instance of singleton bean 'org.springframework.transaction.config.internalTransactionAdvisor'
2024-07-20T12:50:58.864+02:00 TRACE 238666 --- [crud-springboot] [           main] o.s.b.f.s.DefaultListableBeanFactory     : Returning cached instance of singleton bean 'org.springframework.boot.autoconfigure.web.servlet.WebMvcAutoConfiguration$EnableWebMvcConfiguration'
2024-07-20T12:50:58.868+02:00 TRACE 238666 --- [crud-springboot] [           main] o.s.b.f.s.DefaultListableBeanFactory     : Returning cached instance of singleton bean 'org.springframework.transaction.config.internalTransactionAdvisor'
2024-07-20T12:50:58.868+02:00 TRACE 238666 --- [crud-springboot] [           main] o.s.b.f.s.DefaultListableBeanFactory     : Returning cached instance of singleton bean 'org.springframework.transaction.config.internalTransactionAdvisor'
2024-07-20T12:50:58.868+02:00 TRACE 238666 --- [crud-springboot] [           main] o.s.b.f.s.DefaultListableBeanFactory     : Finished creating instance of bean 'flashMapManager'
2024-07-20T12:50:58.869+02:00 TRACE 238666 --- [crud-springboot] [           main] o.s.b.f.s.DefaultListableBeanFactory     : Returning cached instance of singleton bean 'mvcConversionService'
2024-07-20T12:50:58.869+02:00 DEBUG 238666 --- [crud-springboot] [           main] o.s.b.f.s.DefaultListableBeanFactory     : Creating shared instance of singleton bean 'mvcValidator'
2024-07-20T12:50:58.869+02:00 TRACE 238666 --- [crud-springboot] [           main] o.s.b.f.s.DefaultListableBeanFactory     : Creating instance of bean 'mvcValidator'
2024-07-20T12:50:58.869+02:00 TRACE 238666 --- [crud-springboot] [           main] o.s.b.f.s.DefaultListableBeanFactory     : Returning cached instance of singleton bean 'org.springframework.transaction.config.internalTransactionAdvisor'
2024-07-20T12:50:58.869+02:00 TRACE 238666 --- [crud-springboot] [           main] o.s.b.f.s.DefaultListableBeanFactory     : Returning cached instance of singleton bean 'org.springframework.boot.autoconfigure.web.servlet.WebMvcAutoConfiguration$EnableWebMvcConfiguration'
2024-07-20T12:50:58.872+02:00 TRACE 238666 --- [crud-springboot] [           main] o.s.b.f.s.DefaultListableBeanFactory     : Returning cached instance of singleton bean 'org.springframework.transaction.config.internalTransactionAdvisor'
2024-07-20T12:50:58.872+02:00 TRACE 238666 --- [crud-springboot] [           main] o.s.b.f.s.DefaultListableBeanFactory     : Returning cached instance of singleton bean 'org.springframework.transaction.config.internalTransactionAdvisor'
2024-07-20T12:50:58.872+02:00 TRACE 238666 --- [crud-springboot] [           main] o.s.b.f.s.DefaultListableBeanFactory     : Finished creating instance of bean 'mvcValidator'
2024-07-20T12:50:58.872+02:00 TRACE 238666 --- [crud-springboot] [           main] o.s.b.f.s.DefaultListableBeanFactory     : Returning cached instance of singleton bean 'mvcContentNegotiationManager'
2024-07-20T12:50:58.872+02:00 TRACE 238666 --- [crud-springboot] [           main] o.s.b.f.s.DefaultListableBeanFactory     : Returning cached instance of singleton bean 'requestMappingHandlerMapping'
2024-07-20T12:50:58.872+02:00 DEBUG 238666 --- [crud-springboot] [           main] o.s.b.f.s.DefaultListableBeanFactory     : Creating shared instance of singleton bean 'mvcPatternParser'
2024-07-20T12:50:58.872+02:00 TRACE 238666 --- [crud-springboot] [           main] o.s.b.f.s.DefaultListableBeanFactory     : Creating instance of bean 'mvcPatternParser'
2024-07-20T12:50:58.872+02:00 TRACE 238666 --- [crud-springboot] [           main] o.s.b.f.s.DefaultListableBeanFactory     : Returning cached instance of singleton bean 'org.springframework.transaction.config.internalTransactionAdvisor'
2024-07-20T12:50:58.872+02:00 TRACE 238666 --- [crud-springboot] [           main] o.s.b.f.s.DefaultListableBeanFactory     : Returning cached instance of singleton bean 'org.springframework.boot.autoconfigure.web.servlet.WebMvcAutoConfiguration$EnableWebMvcConfiguration'
2024-07-20T12:50:58.873+02:00 TRACE 238666 --- [crud-springboot] [           main] o.s.b.f.s.DefaultListableBeanFactory     : Returning cached instance of singleton bean 'org.springframework.transaction.config.internalTransactionAdvisor'
2024-07-20T12:50:58.873+02:00 TRACE 238666 --- [crud-springboot] [           main] o.s.b.f.s.DefaultListableBeanFactory     : Returning cached instance of singleton bean 'org.springframework.transaction.config.internalTransactionAdvisor'
2024-07-20T12:50:58.874+02:00 TRACE 238666 --- [crud-springboot] [           main] o.s.b.f.s.DefaultListableBeanFactory     : Finished creating instance of bean 'mvcPatternParser'
2024-07-20T12:50:58.874+02:00 DEBUG 238666 --- [crud-springboot] [           main] o.s.b.f.s.DefaultListableBeanFactory     : Creating shared instance of singleton bean 'mvcUrlPathHelper'
2024-07-20T12:50:58.874+02:00 TRACE 238666 --- [crud-springboot] [           main] o.s.b.f.s.DefaultListableBeanFactory     : Creating instance of bean 'mvcUrlPathHelper'
2024-07-20T12:50:58.874+02:00 TRACE 238666 --- [crud-springboot] [           main] o.s.b.f.s.DefaultListableBeanFactory     : Returning cached instance of singleton bean 'org.springframework.transaction.config.internalTransactionAdvisor'
2024-07-20T12:50:58.874+02:00 TRACE 238666 --- [crud-springboot] [           main] o.s.b.f.s.DefaultListableBeanFactory     : Returning cached instance of singleton bean 'org.springframework.boot.autoconfigure.web.servlet.WebMvcAutoConfiguration$EnableWebMvcConfiguration'
2024-07-20T12:50:58.875+02:00 TRACE 238666 --- [crud-springboot] [           main] o.s.b.f.s.DefaultListableBeanFactory     : Returning cached instance of singleton bean 'org.springframework.transaction.config.internalTransactionAdvisor'
2024-07-20T12:50:58.875+02:00 TRACE 238666 --- [crud-springboot] [           main] o.s.b.f.s.DefaultListableBeanFactory     : Returning cached instance of singleton bean 'org.springframework.transaction.config.internalTransactionAdvisor'
2024-07-20T12:50:58.876+02:00 TRACE 238666 --- [crud-springboot] [           main] o.s.b.f.s.DefaultListableBeanFactory     : Finished creating instance of bean 'mvcUrlPathHelper'
2024-07-20T12:50:58.876+02:00 DEBUG 238666 --- [crud-springboot] [           main] o.s.b.f.s.DefaultListableBeanFactory     : Creating shared instance of singleton bean 'mvcPathMatcher'
2024-07-20T12:50:58.876+02:00 TRACE 238666 --- [crud-springboot] [           main] o.s.b.f.s.DefaultListableBeanFactory     : Creating instance of bean 'mvcPathMatcher'
2024-07-20T12:50:58.876+02:00 TRACE 238666 --- [crud-springboot] [           main] o.s.b.f.s.DefaultListableBeanFactory     : Returning cached instance of singleton bean 'org.springframework.transaction.config.internalTransactionAdvisor'
2024-07-20T12:50:58.876+02:00 TRACE 238666 --- [crud-springboot] [           main] o.s.b.f.s.DefaultListableBeanFactory     : Returning cached instance of singleton bean 'org.springframework.boot.autoconfigure.web.servlet.WebMvcAutoConfiguration$EnableWebMvcConfiguration'
2024-07-20T12:50:58.877+02:00 TRACE 238666 --- [crud-springboot] [           main] o.s.b.f.s.DefaultListableBeanFactory     : Returning cached instance of singleton bean 'org.springframework.transaction.config.internalTransactionAdvisor'
2024-07-20T12:50:58.877+02:00 TRACE 238666 --- [crud-springboot] [           main] o.s.b.f.s.DefaultListableBeanFactory     : Returning cached instance of singleton bean 'org.springframework.transaction.config.internalTransactionAdvisor'
2024-07-20T12:50:58.878+02:00 TRACE 238666 --- [crud-springboot] [           main] o.s.b.f.s.DefaultListableBeanFactory     : Finished creating instance of bean 'mvcPathMatcher'
2024-07-20T12:50:58.879+02:00 TRACE 238666 --- [crud-springboot] [           main] o.s.b.f.s.DefaultListableBeanFactory     : Returning cached instance of singleton bean 'viewControllerHandlerMapping'
2024-07-20T12:50:58.879+02:00 TRACE 238666 --- [crud-springboot] [           main] o.s.b.f.s.DefaultListableBeanFactory     : Returning cached instance of singleton bean 'beanNameHandlerMapping'
2024-07-20T12:50:58.879+02:00 TRACE 238666 --- [crud-springboot] [           main] o.s.b.f.s.DefaultListableBeanFactory     : Returning cached instance of singleton bean 'routerFunctionMapping'
2024-07-20T12:50:58.879+02:00 TRACE 238666 --- [crud-springboot] [           main] o.s.b.f.s.DefaultListableBeanFactory     : Returning cached instance of singleton bean 'resourceHandlerMapping'
2024-07-20T12:50:58.879+02:00 TRACE 238666 --- [crud-springboot] [           main] o.s.b.f.s.DefaultListableBeanFactory     : Returning cached instance of singleton bean 'mvcResourceUrlProvider'
2024-07-20T12:50:58.879+02:00 TRACE 238666 --- [crud-springboot] [           main] o.s.b.f.s.DefaultListableBeanFactory     : Returning cached instance of singleton bean 'defaultServletHandlerMapping'
2024-07-20T12:50:58.879+02:00 DEBUG 238666 --- [crud-springboot] [           main] o.s.b.f.s.DefaultListableBeanFactory     : Creating shared instance of singleton bean 'requestMappingHandlerAdapter'
2024-07-20T12:50:58.879+02:00 TRACE 238666 --- [crud-springboot] [           main] o.s.b.f.s.DefaultListableBeanFactory     : Creating instance of bean 'requestMappingHandlerAdapter'
2024-07-20T12:50:58.879+02:00 TRACE 238666 --- [crud-springboot] [           main] o.s.b.f.s.DefaultListableBeanFactory     : Returning cached instance of singleton bean 'org.springframework.transaction.config.internalTransactionAdvisor'
2024-07-20T12:50:58.880+02:00 TRACE 238666 --- [crud-springboot] [           main] o.s.b.f.s.DefaultListableBeanFactory     : Returning cached instance of singleton bean 'org.springframework.boot.autoconfigure.web.servlet.WebMvcAutoConfiguration$EnableWebMvcConfiguration'
2024-07-20T12:50:58.881+02:00 TRACE 238666 --- [crud-springboot] [           main] o.s.b.f.s.DefaultListableBeanFactory     : Returning cached instance of singleton bean 'mvcContentNegotiationManager'
2024-07-20T12:50:58.881+02:00 TRACE 238666 --- [crud-springboot] [           main] o.s.b.f.s.DefaultListableBeanFactory     : Returning cached instance of singleton bean 'mvcConversionService'
2024-07-20T12:50:58.882+02:00 TRACE 238666 --- [crud-springboot] [           main] o.s.b.f.s.DefaultListableBeanFactory     : Returning cached instance of singleton bean 'mvcValidator'
2024-07-20T12:50:58.882+02:00 DEBUG 238666 --- [crud-springboot] [           main] o.s.b.f.s.DefaultListableBeanFactory     : Autowiring by type from bean name 'requestMappingHandlerAdapter' via factory method to bean named 'mvcContentNegotiationManager'
2024-07-20T12:50:58.882+02:00 DEBUG 238666 --- [crud-springboot] [           main] o.s.b.f.s.DefaultListableBeanFactory     : Autowiring by type from bean name 'requestMappingHandlerAdapter' via factory method to bean named 'mvcConversionService'
2024-07-20T12:50:58.882+02:00 DEBUG 238666 --- [crud-springboot] [           main] o.s.b.f.s.DefaultListableBeanFactory     : Autowiring by type from bean name 'requestMappingHandlerAdapter' via factory method to bean named 'mvcValidator'
2024-07-20T12:50:58.896+02:00 DEBUG 238666 --- [crud-springboot] [           main] o.s.b.f.s.DefaultListableBeanFactory     : Creating shared instance of singleton bean 'sortResolver'
2024-07-20T12:50:58.896+02:00 TRACE 238666 --- [crud-springboot] [           main] o.s.b.f.s.DefaultListableBeanFactory     : Creating instance of bean 'sortResolver'
2024-07-20T12:50:58.896+02:00 TRACE 238666 --- [crud-springboot] [           main] o.s.b.f.s.DefaultListableBeanFactory     : Returning cached instance of singleton bean 'org.springframework.transaction.config.internalTransactionAdvisor'
2024-07-20T12:50:58.896+02:00 TRACE 238666 --- [crud-springboot] [           main] o.s.b.f.s.DefaultListableBeanFactory     : Returning cached instance of singleton bean 'org.springframework.data.web.config.SpringDataWebConfiguration'
2024-07-20T12:50:58.898+02:00 DEBUG 238666 --- [crud-springboot] [           main] o.s.b.f.s.DefaultListableBeanFactory     : Creating shared instance of singleton bean 'sortCustomizer'
2024-07-20T12:50:58.898+02:00 TRACE 238666 --- [crud-springboot] [           main] o.s.b.f.s.DefaultListableBeanFactory     : Creating instance of bean 'sortCustomizer'
2024-07-20T12:50:58.898+02:00 TRACE 238666 --- [crud-springboot] [           main] o.s.b.f.s.DefaultListableBeanFactory     : Returning cached instance of singleton bean 'org.springframework.transaction.config.internalTransactionAdvisor'
2024-07-20T12:50:58.898+02:00 DEBUG 238666 --- [crud-springboot] [           main] o.s.b.f.s.DefaultListableBeanFactory     : Creating shared instance of singleton bean 'org.springframework.boot.autoconfigure.data.web.SpringDataWebAutoConfiguration'
2024-07-20T12:50:58.898+02:00 TRACE 238666 --- [crud-springboot] [           main] o.s.b.f.s.DefaultListableBeanFactory     : Creating instance of bean 'org.springframework.boot.autoconfigure.data.web.SpringDataWebAutoConfiguration'
2024-07-20T12:50:58.898+02:00 TRACE 238666 --- [crud-springboot] [           main] o.s.b.f.s.DefaultListableBeanFactory     : Returning cached instance of singleton bean 'org.springframework.transaction.config.internalTransactionAdvisor'
2024-07-20T12:50:58.899+02:00 DEBUG 238666 --- [crud-springboot] [           main] o.s.b.f.s.DefaultListableBeanFactory     : Creating shared instance of singleton bean 'spring.data.web-org.springframework.boot.autoconfigure.data.web.SpringDataWebProperties'
2024-07-20T12:50:58.899+02:00 TRACE 238666 --- [crud-springboot] [           main] o.s.b.f.s.DefaultListableBeanFactory     : Creating instance of bean 'spring.data.web-org.springframework.boot.autoconfigure.data.web.SpringDataWebProperties'
2024-07-20T12:50:58.899+02:00 TRACE 238666 --- [crud-springboot] [           main] o.s.b.f.s.DefaultListableBeanFactory     : Returning cached instance of singleton bean 'org.springframework.transaction.config.internalTransactionAdvisor'
2024-07-20T12:50:58.900+02:00 TRACE 238666 --- [crud-springboot] [           main] o.s.b.f.s.DefaultListableBeanFactory     : Returning cached instance of singleton bean 'org.springframework.boot.context.properties.BoundConfigurationProperties'
2024-07-20T12:50:58.901+02:00 TRACE 238666 --- [crud-springboot] [           main] o.s.b.f.s.DefaultListableBeanFactory     : Returning cached instance of singleton bean 'org.springframework.transaction.config.internalTransactionAdvisor'
2024-07-20T12:50:58.901+02:00 TRACE 238666 --- [crud-springboot] [           main] o.s.b.f.s.DefaultListableBeanFactory     : Returning cached instance of singleton bean 'org.springframework.transaction.config.internalTransactionAdvisor'
2024-07-20T12:50:58.901+02:00 TRACE 238666 --- [crud-springboot] [           main] o.s.b.f.s.DefaultListableBeanFactory     : Finished creating instance of bean 'spring.data.web-org.springframework.boot.autoconfigure.data.web.SpringDataWebProperties'
2024-07-20T12:50:58.901+02:00 DEBUG 238666 --- [crud-springboot] [           main] o.s.b.f.s.DefaultListableBeanFactory     : Autowiring by type from bean name 'org.springframework.boot.autoconfigure.data.web.SpringDataWebAutoConfiguration' via constructor to bean named 'spring.data.web-org.springframework.boot.autoconfigure.data.web.SpringDataWebProperties'
2024-07-20T12:50:58.901+02:00 TRACE 238666 --- [crud-springboot] [           main] o.s.b.f.s.DefaultListableBeanFactory     : Returning cached instance of singleton bean 'org.springframework.transaction.config.internalTransactionAdvisor'
2024-07-20T12:50:58.901+02:00 TRACE 238666 --- [crud-springboot] [           main] o.s.b.f.s.DefaultListableBeanFactory     : Returning cached instance of singleton bean 'org.springframework.transaction.config.internalTransactionAdvisor'
2024-07-20T12:50:58.902+02:00 TRACE 238666 --- [crud-springboot] [           main] o.s.b.f.s.DefaultListableBeanFactory     : Finished creating instance of bean 'org.springframework.boot.autoconfigure.data.web.SpringDataWebAutoConfiguration'
2024-07-20T12:50:58.903+02:00 TRACE 238666 --- [crud-springboot] [           main] o.s.b.f.s.DefaultListableBeanFactory     : Returning cached instance of singleton bean 'org.springframework.transaction.config.internalTransactionAdvisor'
2024-07-20T12:50:58.903+02:00 TRACE 238666 --- [crud-springboot] [           main] o.s.b.f.s.DefaultListableBeanFactory     : Returning cached instance of singleton bean 'org.springframework.transaction.config.internalTransactionAdvisor'
2024-07-20T12:50:58.903+02:00 TRACE 238666 --- [crud-springboot] [           main] o.s.b.f.s.DefaultListableBeanFactory     : Finished creating instance of bean 'sortCustomizer'
2024-07-20T12:50:58.906+02:00 TRACE 238666 --- [crud-springboot] [           main] o.s.b.f.s.DefaultListableBeanFactory     : Returning cached instance of singleton bean 'org.springframework.transaction.config.internalTransactionAdvisor'
2024-07-20T12:50:58.907+02:00 TRACE 238666 --- [crud-springboot] [           main] o.s.b.f.s.DefaultListableBeanFactory     : Returning cached instance of singleton bean 'org.springframework.transaction.config.internalTransactionAdvisor'
2024-07-20T12:50:58.909+02:00 TRACE 238666 --- [crud-springboot] [           main] o.s.b.f.s.DefaultListableBeanFactory     : Finished creating instance of bean 'sortResolver'
2024-07-20T12:50:58.910+02:00 DEBUG 238666 --- [crud-springboot] [           main] o.s.b.f.s.DefaultListableBeanFactory     : Creating shared instance of singleton bean 'pageableResolver'
2024-07-20T12:50:58.910+02:00 TRACE 238666 --- [crud-springboot] [           main] o.s.b.f.s.DefaultListableBeanFactory     : Creating instance of bean 'pageableResolver'
2024-07-20T12:50:58.910+02:00 TRACE 238666 --- [crud-springboot] [           main] o.s.b.f.s.DefaultListableBeanFactory     : Returning cached instance of singleton bean 'org.springframework.transaction.config.internalTransactionAdvisor'
2024-07-20T12:50:58.910+02:00 TRACE 238666 --- [crud-springboot] [           main] o.s.b.f.s.DefaultListableBeanFactory     : Returning cached instance of singleton bean 'org.springframework.data.web.config.SpringDataWebConfiguration'
2024-07-20T12:50:58.912+02:00 DEBUG 238666 --- [crud-springboot] [           main] o.s.b.f.s.DefaultListableBeanFactory     : Creating shared instance of singleton bean 'pageableCustomizer'
2024-07-20T12:50:58.912+02:00 TRACE 238666 --- [crud-springboot] [           main] o.s.b.f.s.DefaultListableBeanFactory     : Creating instance of bean 'pageableCustomizer'
2024-07-20T12:50:58.912+02:00 TRACE 238666 --- [crud-springboot] [           main] o.s.b.f.s.DefaultListableBeanFactory     : Returning cached instance of singleton bean 'org.springframework.transaction.config.internalTransactionAdvisor'
2024-07-20T12:50:58.912+02:00 TRACE 238666 --- [crud-springboot] [           main] o.s.b.f.s.DefaultListableBeanFactory     : Returning cached instance of singleton bean 'org.springframework.boot.autoconfigure.data.web.SpringDataWebAutoConfiguration'
2024-07-20T12:50:58.912+02:00 TRACE 238666 --- [crud-springboot] [           main] o.s.b.f.s.DefaultListableBeanFactory     : Returning cached instance of singleton bean 'org.springframework.transaction.config.internalTransactionAdvisor'
2024-07-20T12:50:58.913+02:00 TRACE 238666 --- [crud-springboot] [           main] o.s.b.f.s.DefaultListableBeanFactory     : Returning cached instance of singleton bean 'org.springframework.transaction.config.internalTransactionAdvisor'
2024-07-20T12:50:58.913+02:00 TRACE 238666 --- [crud-springboot] [           main] o.s.b.f.s.DefaultListableBeanFactory     : Finished creating instance of bean 'pageableCustomizer'
2024-07-20T12:50:58.914+02:00 TRACE 238666 --- [crud-springboot] [           main] o.s.b.f.s.DefaultListableBeanFactory     : Returning cached instance of singleton bean 'org.springframework.transaction.config.internalTransactionAdvisor'
2024-07-20T12:50:58.914+02:00 TRACE 238666 --- [crud-springboot] [           main] o.s.b.f.s.DefaultListableBeanFactory     : Returning cached instance of singleton bean 'org.springframework.transaction.config.internalTransactionAdvisor'
2024-07-20T12:50:58.914+02:00 TRACE 238666 --- [crud-springboot] [           main] o.s.b.f.s.DefaultListableBeanFactory     : Finished creating instance of bean 'pageableResolver'
2024-07-20T12:50:58.916+02:00 DEBUG 238666 --- [crud-springboot] [           main] o.s.b.f.s.DefaultListableBeanFactory     : Creating shared instance of singleton bean 'applicationTaskExecutor'
2024-07-20T12:50:58.916+02:00 TRACE 238666 --- [crud-springboot] [           main] o.s.b.f.s.DefaultListableBeanFactory     : Creating instance of bean 'applicationTaskExecutor'
2024-07-20T12:50:58.916+02:00 TRACE 238666 --- [crud-springboot] [           main] o.s.b.f.s.DefaultListableBeanFactory     : Returning cached instance of singleton bean 'org.springframework.transaction.config.internalTransactionAdvisor'
2024-07-20T12:50:58.916+02:00 TRACE 238666 --- [crud-springboot] [           main] o.s.b.f.s.DefaultListableBeanFactory     : Returning cached instance of singleton bean 'org.springframework.boot.autoconfigure.task.TaskExecutorConfigurations$TaskExecutorConfiguration'
2024-07-20T12:50:58.917+02:00 TRACE 238666 --- [crud-springboot] [           main] o.s.b.f.s.DefaultListableBeanFactory     : Returning cached instance of singleton bean 'taskExecutorBuilder'
2024-07-20T12:50:58.918+02:00 DEBUG 238666 --- [crud-springboot] [           main] o.s.b.f.s.DefaultListableBeanFactory     : Autowiring by type from bean name 'applicationTaskExecutor' via factory method to bean named 'taskExecutorBuilder'
2024-07-20T12:50:58.918+02:00 TRACE 238666 --- [crud-springboot] [           main] o.s.b.f.s.DefaultListableBeanFactory     : Returning cached instance of singleton bean 'threadPoolTaskExecutorBuilder'
2024-07-20T12:50:58.928+02:00 TRACE 238666 --- [crud-springboot] [           main] o.s.b.f.s.DefaultListableBeanFactory     : Invoking afterPropertiesSet() on bean with name 'applicationTaskExecutor'
2024-07-20T12:50:58.928+02:00 DEBUG 238666 --- [crud-springboot] [           main] o.s.s.concurrent.ThreadPoolTaskExecutor  : Initializing ExecutorService 'applicationTaskExecutor'
2024-07-20T12:50:58.928+02:00 TRACE 238666 --- [crud-springboot] [           main] o.s.b.f.s.DefaultListableBeanFactory     : Returning cached instance of singleton bean 'org.springframework.transaction.config.internalTransactionAdvisor'
2024-07-20T12:50:58.928+02:00 TRACE 238666 --- [crud-springboot] [           main] o.s.b.f.s.DefaultListableBeanFactory     : Returning cached instance of singleton bean 'org.springframework.transaction.config.internalTransactionAdvisor'
2024-07-20T12:50:58.930+02:00 TRACE 238666 --- [crud-springboot] [           main] o.s.b.f.s.DefaultListableBeanFactory     : Finished creating instance of bean 'applicationTaskExecutor'
2024-07-20T12:50:58.934+02:00 TRACE 238666 --- [crud-springboot] [           main] o.s.b.f.s.DefaultListableBeanFactory     : Invoking afterPropertiesSet() on bean with name 'requestMappingHandlerAdapter'
2024-07-20T12:50:58.947+02:00 DEBUG 238666 --- [crud-springboot] [           main] s.w.s.m.m.a.RequestMappingHandlerAdapter : ControllerAdvice beans: 0 @ModelAttribute, 0 @InitBinder, 1 RequestBodyAdvice, 1 ResponseBodyAdvice
2024-07-20T12:50:58.984+02:00 TRACE 238666 --- [crud-springboot] [           main] o.s.b.f.s.DefaultListableBeanFactory     : Returning cached instance of singleton bean 'org.springframework.transaction.config.internalTransactionAdvisor'
2024-07-20T12:50:58.985+02:00 TRACE 238666 --- [crud-springboot] [           main] o.s.b.f.s.DefaultListableBeanFactory     : Returning cached instance of singleton bean 'org.springframework.transaction.config.internalTransactionAdvisor'
2024-07-20T12:50:58.987+02:00 TRACE 238666 --- [crud-springboot] [           main] o.s.b.f.s.DefaultListableBeanFactory     : Finished creating instance of bean 'requestMappingHandlerAdapter'
2024-07-20T12:50:58.987+02:00 DEBUG 238666 --- [crud-springboot] [           main] o.s.b.f.s.DefaultListableBeanFactory     : Creating shared instance of singleton bean 'handlerFunctionAdapter'
2024-07-20T12:50:58.987+02:00 TRACE 238666 --- [crud-springboot] [           main] o.s.b.f.s.DefaultListableBeanFactory     : Creating instance of bean 'handlerFunctionAdapter'
2024-07-20T12:50:58.987+02:00 TRACE 238666 --- [crud-springboot] [           main] o.s.b.f.s.DefaultListableBeanFactory     : Returning cached instance of singleton bean 'org.springframework.transaction.config.internalTransactionAdvisor'
2024-07-20T12:50:58.987+02:00 TRACE 238666 --- [crud-springboot] [           main] o.s.b.f.s.DefaultListableBeanFactory     : Returning cached instance of singleton bean 'org.springframework.boot.autoconfigure.web.servlet.WebMvcAutoConfiguration$EnableWebMvcConfiguration'
2024-07-20T12:50:58.989+02:00 TRACE 238666 --- [crud-springboot] [           main] o.s.b.f.s.DefaultListableBeanFactory     : Returning cached instance of singleton bean 'org.springframework.transaction.config.internalTransactionAdvisor'
2024-07-20T12:50:58.990+02:00 TRACE 238666 --- [crud-springboot] [           main] o.s.b.f.s.DefaultListableBeanFactory     : Returning cached instance of singleton bean 'org.springframework.transaction.config.internalTransactionAdvisor'
2024-07-20T12:50:58.990+02:00 TRACE 238666 --- [crud-springboot] [           main] o.s.b.f.s.DefaultListableBeanFactory     : Finished creating instance of bean 'handlerFunctionAdapter'
2024-07-20T12:50:58.990+02:00 DEBUG 238666 --- [crud-springboot] [           main] o.s.b.f.s.DefaultListableBeanFactory     : Creating shared instance of singleton bean 'mvcUriComponentsContributor'
2024-07-20T12:50:58.990+02:00 TRACE 238666 --- [crud-springboot] [           main] o.s.b.f.s.DefaultListableBeanFactory     : Creating instance of bean 'mvcUriComponentsContributor'
2024-07-20T12:50:58.991+02:00 TRACE 238666 --- [crud-springboot] [           main] o.s.b.f.s.DefaultListableBeanFactory     : Returning cached instance of singleton bean 'org.springframework.transaction.config.internalTransactionAdvisor'
2024-07-20T12:50:58.991+02:00 TRACE 238666 --- [crud-springboot] [           main] o.s.b.f.s.DefaultListableBeanFactory     : Returning cached instance of singleton bean 'org.springframework.boot.autoconfigure.web.servlet.WebMvcAutoConfiguration$EnableWebMvcConfiguration'
2024-07-20T12:50:58.991+02:00 TRACE 238666 --- [crud-springboot] [           main] o.s.b.f.s.DefaultListableBeanFactory     : Returning cached instance of singleton bean 'mvcConversionService'
2024-07-20T12:50:58.993+02:00 TRACE 238666 --- [crud-springboot] [           main] o.s.b.f.s.DefaultListableBeanFactory     : Returning cached instance of singleton bean 'requestMappingHandlerAdapter'
2024-07-20T12:50:58.993+02:00 DEBUG 238666 --- [crud-springboot] [           main] o.s.b.f.s.DefaultListableBeanFactory     : Autowiring by type from bean name 'mvcUriComponentsContributor' via factory method to bean named 'mvcConversionService'
2024-07-20T12:50:58.993+02:00 DEBUG 238666 --- [crud-springboot] [           main] o.s.b.f.s.DefaultListableBeanFactory     : Autowiring by type from bean name 'mvcUriComponentsContributor' via factory method to bean named 'requestMappingHandlerAdapter'
2024-07-20T12:50:58.996+02:00 TRACE 238666 --- [crud-springboot] [           main] o.s.b.f.s.DefaultListableBeanFactory     : Returning cached instance of singleton bean 'org.springframework.transaction.config.internalTransactionAdvisor'
2024-07-20T12:50:58.996+02:00 TRACE 238666 --- [crud-springboot] [           main] o.s.b.f.s.DefaultListableBeanFactory     : Returning cached instance of singleton bean 'org.springframework.transaction.config.internalTransactionAdvisor'
2024-07-20T12:50:58.996+02:00 TRACE 238666 --- [crud-springboot] [           main] o.s.b.f.s.DefaultListableBeanFactory     : Finished creating instance of bean 'mvcUriComponentsContributor'
2024-07-20T12:50:58.996+02:00 DEBUG 238666 --- [crud-springboot] [           main] o.s.b.f.s.DefaultListableBeanFactory     : Creating shared instance of singleton bean 'httpRequestHandlerAdapter'
2024-07-20T12:50:58.997+02:00 TRACE 238666 --- [crud-springboot] [           main] o.s.b.f.s.DefaultListableBeanFactory     : Creating instance of bean 'httpRequestHandlerAdapter'
2024-07-20T12:50:58.997+02:00 TRACE 238666 --- [crud-springboot] [           main] o.s.b.f.s.DefaultListableBeanFactory     : Returning cached instance of singleton bean 'org.springframework.transaction.config.internalTransactionAdvisor'
2024-07-20T12:50:58.997+02:00 TRACE 238666 --- [crud-springboot] [           main] o.s.b.f.s.DefaultListableBeanFactory     : Returning cached instance of singleton bean 'org.springframework.boot.autoconfigure.web.servlet.WebMvcAutoConfiguration$EnableWebMvcConfiguration'
2024-07-20T12:50:58.997+02:00 TRACE 238666 --- [crud-springboot] [           main] o.s.b.f.s.DefaultListableBeanFactory     : Returning cached instance of singleton bean 'org.springframework.transaction.config.internalTransactionAdvisor'
2024-07-20T12:50:58.997+02:00 TRACE 238666 --- [crud-springboot] [           main] o.s.b.f.s.DefaultListableBeanFactory     : Returning cached instance of singleton bean 'org.springframework.transaction.config.internalTransactionAdvisor'
2024-07-20T12:50:58.997+02:00 TRACE 238666 --- [crud-springboot] [           main] o.s.b.f.s.DefaultListableBeanFactory     : Finished creating instance of bean 'httpRequestHandlerAdapter'
2024-07-20T12:50:58.997+02:00 DEBUG 238666 --- [crud-springboot] [           main] o.s.b.f.s.DefaultListableBeanFactory     : Creating shared instance of singleton bean 'simpleControllerHandlerAdapter'
2024-07-20T12:50:58.997+02:00 TRACE 238666 --- [crud-springboot] [           main] o.s.b.f.s.DefaultListableBeanFactory     : Creating instance of bean 'simpleControllerHandlerAdapter'
2024-07-20T12:50:58.998+02:00 TRACE 238666 --- [crud-springboot] [           main] o.s.b.f.s.DefaultListableBeanFactory     : Returning cached instance of singleton bean 'org.springframework.transaction.config.internalTransactionAdvisor'
2024-07-20T12:50:58.998+02:00 TRACE 238666 --- [crud-springboot] [           main] o.s.b.f.s.DefaultListableBeanFactory     : Returning cached instance of singleton bean 'org.springframework.boot.autoconfigure.web.servlet.WebMvcAutoConfiguration$EnableWebMvcConfiguration'
2024-07-20T12:50:58.998+02:00 TRACE 238666 --- [crud-springboot] [           main] o.s.b.f.s.DefaultListableBeanFactory     : Returning cached instance of singleton bean 'org.springframework.transaction.config.internalTransactionAdvisor'
2024-07-20T12:50:58.998+02:00 TRACE 238666 --- [crud-springboot] [           main] o.s.b.f.s.DefaultListableBeanFactory     : Returning cached instance of singleton bean 'org.springframework.transaction.config.internalTransactionAdvisor'
2024-07-20T12:50:58.998+02:00 TRACE 238666 --- [crud-springboot] [           main] o.s.b.f.s.DefaultListableBeanFactory     : Finished creating instance of bean 'simpleControllerHandlerAdapter'
2024-07-20T12:50:58.999+02:00 DEBUG 238666 --- [crud-springboot] [           main] o.s.b.f.s.DefaultListableBeanFactory     : Creating shared instance of singleton bean 'handlerExceptionResolver'
2024-07-20T12:50:58.999+02:00 TRACE 238666 --- [crud-springboot] [           main] o.s.b.f.s.DefaultListableBeanFactory     : Creating instance of bean 'handlerExceptionResolver'
2024-07-20T12:50:58.999+02:00 TRACE 238666 --- [crud-springboot] [           main] o.s.b.f.s.DefaultListableBeanFactory     : Returning cached instance of singleton bean 'org.springframework.transaction.config.internalTransactionAdvisor'
2024-07-20T12:50:58.999+02:00 TRACE 238666 --- [crud-springboot] [           main] o.s.b.f.s.DefaultListableBeanFactory     : Returning cached instance of singleton bean 'org.springframework.boot.autoconfigure.web.servlet.WebMvcAutoConfiguration$EnableWebMvcConfiguration'
2024-07-20T12:50:58.999+02:00 TRACE 238666 --- [crud-springboot] [           main] o.s.b.f.s.DefaultListableBeanFactory     : Returning cached instance of singleton bean 'mvcContentNegotiationManager'
2024-07-20T12:50:58.999+02:00 DEBUG 238666 --- [crud-springboot] [           main] o.s.b.f.s.DefaultListableBeanFactory     : Autowiring by type from bean name 'handlerExceptionResolver' via factory method to bean named 'mvcContentNegotiationManager'
2024-07-20T12:50:59.003+02:00 DEBUG 238666 --- [crud-springboot] [           main] .m.m.a.ExceptionHandlerExceptionResolver : ControllerAdvice beans: 0 @ExceptionHandler, 1 ResponseBodyAdvice
2024-07-20T12:50:59.008+02:00 TRACE 238666 --- [crud-springboot] [           main] o.s.b.f.s.DefaultListableBeanFactory     : Returning cached instance of singleton bean 'org.springframework.transaction.config.internalTransactionAdvisor'
2024-07-20T12:50:59.009+02:00 TRACE 238666 --- [crud-springboot] [           main] o.s.b.f.s.DefaultListableBeanFactory     : Returning cached instance of singleton bean 'org.springframework.transaction.config.internalTransactionAdvisor'
2024-07-20T12:50:59.010+02:00 TRACE 238666 --- [crud-springboot] [           main] o.s.b.f.s.DefaultListableBeanFactory     : Finished creating instance of bean 'handlerExceptionResolver'
2024-07-20T12:50:59.010+02:00 DEBUG 238666 --- [crud-springboot] [           main] o.s.b.f.s.DefaultListableBeanFactory     : Creating shared instance of singleton bean 'mvcViewResolver'
2024-07-20T12:50:59.010+02:00 TRACE 238666 --- [crud-springboot] [           main] o.s.b.f.s.DefaultListableBeanFactory     : Creating instance of bean 'mvcViewResolver'
2024-07-20T12:50:59.010+02:00 TRACE 238666 --- [crud-springboot] [           main] o.s.b.f.s.DefaultListableBeanFactory     : Returning cached instance of singleton bean 'org.springframework.transaction.config.internalTransactionAdvisor'
2024-07-20T12:50:59.010+02:00 TRACE 238666 --- [crud-springboot] [           main] o.s.b.f.s.DefaultListableBeanFactory     : Returning cached instance of singleton bean 'org.springframework.boot.autoconfigure.web.servlet.WebMvcAutoConfiguration$EnableWebMvcConfiguration'
2024-07-20T12:50:59.010+02:00 TRACE 238666 --- [crud-springboot] [           main] o.s.b.f.s.DefaultListableBeanFactory     : Returning cached instance of singleton bean 'mvcContentNegotiationManager'
2024-07-20T12:50:59.010+02:00 DEBUG 238666 --- [crud-springboot] [           main] o.s.b.f.s.DefaultListableBeanFactory     : Autowiring by type from bean name 'mvcViewResolver' via factory method to bean named 'mvcContentNegotiationManager'
2024-07-20T12:50:59.013+02:00 TRACE 238666 --- [crud-springboot] [           main] o.s.b.f.s.DefaultListableBeanFactory     : Invoking afterPropertiesSet() on bean with name 'mvcViewResolver'
2024-07-20T12:50:59.013+02:00 TRACE 238666 --- [crud-springboot] [           main] o.s.b.f.s.DefaultListableBeanFactory     : Returning cached instance of singleton bean 'org.springframework.transaction.config.internalTransactionAdvisor'
2024-07-20T12:50:59.014+02:00 TRACE 238666 --- [crud-springboot] [           main] o.s.b.f.s.DefaultListableBeanFactory     : Returning cached instance of singleton bean 'org.springframework.transaction.config.internalTransactionAdvisor'
2024-07-20T12:50:59.014+02:00 TRACE 238666 --- [crud-springboot] [           main] o.s.b.f.s.DefaultListableBeanFactory     : Finished creating instance of bean 'mvcViewResolver'
2024-07-20T12:50:59.014+02:00 DEBUG 238666 --- [crud-springboot] [           main] o.s.b.f.s.DefaultListableBeanFactory     : Creating shared instance of singleton bean 'viewNameTranslator'
2024-07-20T12:50:59.014+02:00 TRACE 238666 --- [crud-springboot] [           main] o.s.b.f.s.DefaultListableBeanFactory     : Creating instance of bean 'viewNameTranslator'
2024-07-20T12:50:59.014+02:00 TRACE 238666 --- [crud-springboot] [           main] o.s.b.f.s.DefaultListableBeanFactory     : Returning cached instance of singleton bean 'org.springframework.transaction.config.internalTransactionAdvisor'
2024-07-20T12:50:59.014+02:00 TRACE 238666 --- [crud-springboot] [           main] o.s.b.f.s.DefaultListableBeanFactory     : Returning cached instance of singleton bean 'org.springframework.boot.autoconfigure.web.servlet.WebMvcAutoConfiguration$EnableWebMvcConfiguration'
2024-07-20T12:50:59.015+02:00 TRACE 238666 --- [crud-springboot] [           main] o.s.b.f.s.DefaultListableBeanFactory     : Returning cached instance of singleton bean 'org.springframework.transaction.config.internalTransactionAdvisor'
2024-07-20T12:50:59.015+02:00 TRACE 238666 --- [crud-springboot] [           main] o.s.b.f.s.DefaultListableBeanFactory     : Returning cached instance of singleton bean 'org.springframework.transaction.config.internalTransactionAdvisor'
2024-07-20T12:50:59.015+02:00 TRACE 238666 --- [crud-springboot] [           main] o.s.b.f.s.DefaultListableBeanFactory     : Finished creating instance of bean 'viewNameTranslator'
2024-07-20T12:50:59.016+02:00 TRACE 238666 --- [crud-springboot] [           main] o.s.b.f.s.DefaultListableBeanFactory     : Returning cached instance of singleton bean 'org.springframework.boot.autoconfigure.web.servlet.WebMvcAutoConfiguration$WebMvcAutoConfigurationAdapter'
2024-07-20T12:50:59.016+02:00 DEBUG 238666 --- [crud-springboot] [           main] o.s.b.f.s.DefaultListableBeanFactory     : Creating shared instance of singleton bean 'defaultViewResolver'
2024-07-20T12:50:59.016+02:00 TRACE 238666 --- [crud-springboot] [           main] o.s.b.f.s.DefaultListableBeanFactory     : Creating instance of bean 'defaultViewResolver'
2024-07-20T12:50:59.016+02:00 TRACE 238666 --- [crud-springboot] [           main] o.s.b.f.s.DefaultListableBeanFactory     : Returning cached instance of singleton bean 'org.springframework.transaction.config.internalTransactionAdvisor'
2024-07-20T12:50:59.016+02:00 TRACE 238666 --- [crud-springboot] [           main] o.s.b.f.s.DefaultListableBeanFactory     : Returning cached instance of singleton bean 'org.springframework.boot.autoconfigure.web.servlet.WebMvcAutoConfiguration$WebMvcAutoConfigurationAdapter'
2024-07-20T12:50:59.022+02:00 TRACE 238666 --- [crud-springboot] [           main] o.s.b.f.s.DefaultListableBeanFactory     : Returning cached instance of singleton bean 'org.springframework.transaction.config.internalTransactionAdvisor'
2024-07-20T12:50:59.022+02:00 TRACE 238666 --- [crud-springboot] [           main] o.s.b.f.s.DefaultListableBeanFactory     : Returning cached instance of singleton bean 'org.springframework.transaction.config.internalTransactionAdvisor'
2024-07-20T12:50:59.024+02:00 TRACE 238666 --- [crud-springboot] [           main] o.s.b.f.s.DefaultListableBeanFactory     : Finished creating instance of bean 'defaultViewResolver'
2024-07-20T12:50:59.024+02:00 DEBUG 238666 --- [crud-springboot] [           main] o.s.b.f.s.DefaultListableBeanFactory     : Creating shared instance of singleton bean 'viewResolver'
2024-07-20T12:50:59.024+02:00 TRACE 238666 --- [crud-springboot] [           main] o.s.b.f.s.DefaultListableBeanFactory     : Creating instance of bean 'viewResolver'
2024-07-20T12:50:59.025+02:00 TRACE 238666 --- [crud-springboot] [           main] o.s.b.f.s.DefaultListableBeanFactory     : Returning cached instance of singleton bean 'org.springframework.transaction.config.internalTransactionAdvisor'
2024-07-20T12:50:59.025+02:00 TRACE 238666 --- [crud-springboot] [           main] o.s.b.f.s.DefaultListableBeanFactory     : Returning cached instance of singleton bean 'org.springframework.boot.autoconfigure.web.servlet.WebMvcAutoConfiguration$WebMvcAutoConfigurationAdapter'
2024-07-20T12:50:59.026+02:00 DEBUG 238666 --- [crud-springboot] [           main] o.s.b.f.s.DefaultListableBeanFactory     : Autowiring by type from bean name 'viewResolver' via factory method to bean named 'org.springframework.beans.factory.support.DefaultListableBeanFactory@6f330eb9'
2024-07-20T12:50:59.027+02:00 TRACE 238666 --- [crud-springboot] [           main] o.s.b.f.s.DefaultListableBeanFactory     : Returning cached instance of singleton bean 'mvcContentNegotiationManager'
2024-07-20T12:50:59.029+02:00 TRACE 238666 --- [crud-springboot] [           main] o.s.b.f.s.DefaultListableBeanFactory     : Returning cached instance of singleton bean 'beanNameViewResolver'
2024-07-20T12:50:59.029+02:00 TRACE 238666 --- [crud-springboot] [           main] o.s.b.f.s.DefaultListableBeanFactory     : Returning cached instance of singleton bean 'mvcViewResolver'
2024-07-20T12:50:59.029+02:00 TRACE 238666 --- [crud-springboot] [           main] o.s.b.f.s.DefaultListableBeanFactory     : Returning cached instance of singleton bean 'defaultViewResolver'
2024-07-20T12:50:59.029+02:00 DEBUG 238666 --- [crud-springboot] [           main] o.s.b.f.s.DefaultListableBeanFactory     : Creating shared instance of singleton bean 'viewResolver'
2024-07-20T12:50:59.030+02:00 TRACE 238666 --- [crud-springboot] [           main] o.s.b.f.s.DefaultListableBeanFactory     : Ignoring match to currently created bean 'viewResolver': Error creating bean with name 'viewResolver': Requested bean is currently in creation: Is there an unresolvable circular reference?
2024-07-20T12:50:59.031+02:00 DEBUG 238666 --- [crud-springboot] [           main] o.s.b.f.s.DefaultListableBeanFactory     : Creating shared instance of singleton bean 'thymeleafViewResolver'
2024-07-20T12:50:59.031+02:00 TRACE 238666 --- [crud-springboot] [           main] o.s.b.f.s.DefaultListableBeanFactory     : Creating instance of bean 'thymeleafViewResolver'
2024-07-20T12:50:59.031+02:00 TRACE 238666 --- [crud-springboot] [           main] o.s.b.f.s.DefaultListableBeanFactory     : Returning cached instance of singleton bean 'org.springframework.transaction.config.internalTransactionAdvisor'
2024-07-20T12:50:59.031+02:00 DEBUG 238666 --- [crud-springboot] [           main] o.s.b.f.s.DefaultListableBeanFactory     : Creating shared instance of singleton bean 'org.springframework.boot.autoconfigure.thymeleaf.ThymeleafAutoConfiguration$ThymeleafWebMvcConfiguration$ThymeleafViewResolverConfiguration'
2024-07-20T12:50:59.031+02:00 TRACE 238666 --- [crud-springboot] [           main] o.s.b.f.s.DefaultListableBeanFactory     : Creating instance of bean 'org.springframework.boot.autoconfigure.thymeleaf.ThymeleafAutoConfiguration$ThymeleafWebMvcConfiguration$ThymeleafViewResolverConfiguration'
2024-07-20T12:50:59.031+02:00 TRACE 238666 --- [crud-springboot] [           main] o.s.b.f.s.DefaultListableBeanFactory     : Returning cached instance of singleton bean 'org.springframework.transaction.config.internalTransactionAdvisor'
2024-07-20T12:50:59.031+02:00 TRACE 238666 --- [crud-springboot] [           main] o.s.b.f.s.DefaultListableBeanFactory     : Returning cached instance of singleton bean 'org.springframework.transaction.config.internalTransactionAdvisor'
2024-07-20T12:50:59.031+02:00 TRACE 238666 --- [crud-springboot] [           main] o.s.b.f.s.DefaultListableBeanFactory     : Returning cached instance of singleton bean 'org.springframework.transaction.config.internalTransactionAdvisor'
2024-07-20T12:50:59.031+02:00 TRACE 238666 --- [crud-springboot] [           main] o.s.b.f.s.DefaultListableBeanFactory     : Finished creating instance of bean 'org.springframework.boot.autoconfigure.thymeleaf.ThymeleafAutoConfiguration$ThymeleafWebMvcConfiguration$ThymeleafViewResolverConfiguration'
2024-07-20T12:50:59.032+02:00 DEBUG 238666 --- [crud-springboot] [           main] o.s.b.f.s.DefaultListableBeanFactory     : Creating shared instance of singleton bean 'spring.thymeleaf-org.springframework.boot.autoconfigure.thymeleaf.ThymeleafProperties'
2024-07-20T12:50:59.032+02:00 TRACE 238666 --- [crud-springboot] [           main] o.s.b.f.s.DefaultListableBeanFactory     : Creating instance of bean 'spring.thymeleaf-org.springframework.boot.autoconfigure.thymeleaf.ThymeleafProperties'
2024-07-20T12:50:59.032+02:00 TRACE 238666 --- [crud-springboot] [           main] o.s.b.f.s.DefaultListableBeanFactory     : Returning cached instance of singleton bean 'org.springframework.transaction.config.internalTransactionAdvisor'
2024-07-20T12:50:59.033+02:00 TRACE 238666 --- [crud-springboot] [           main] o.s.b.f.s.DefaultListableBeanFactory     : Returning cached instance of singleton bean 'org.springframework.boot.context.properties.BoundConfigurationProperties'
2024-07-20T12:50:59.037+02:00 TRACE 238666 --- [crud-springboot] [           main] o.s.b.f.s.DefaultListableBeanFactory     : Returning cached instance of singleton bean 'org.springframework.transaction.config.internalTransactionAdvisor'
2024-07-20T12:50:59.037+02:00 TRACE 238666 --- [crud-springboot] [           main] o.s.b.f.s.DefaultListableBeanFactory     : Returning cached instance of singleton bean 'org.springframework.transaction.config.internalTransactionAdvisor'
2024-07-20T12:50:59.037+02:00 TRACE 238666 --- [crud-springboot] [           main] o.s.b.f.s.DefaultListableBeanFactory     : Finished creating instance of bean 'spring.thymeleaf-org.springframework.boot.autoconfigure.thymeleaf.ThymeleafProperties'
2024-07-20T12:50:59.038+02:00 DEBUG 238666 --- [crud-springboot] [           main] o.s.b.f.s.DefaultListableBeanFactory     : Creating shared instance of singleton bean 'templateEngine'
2024-07-20T12:50:59.038+02:00 TRACE 238666 --- [crud-springboot] [           main] o.s.b.f.s.DefaultListableBeanFactory     : Creating instance of bean 'templateEngine'
2024-07-20T12:50:59.038+02:00 TRACE 238666 --- [crud-springboot] [           main] o.s.b.f.s.DefaultListableBeanFactory     : Returning cached instance of singleton bean 'org.springframework.transaction.config.internalTransactionAdvisor'
2024-07-20T12:50:59.038+02:00 DEBUG 238666 --- [crud-springboot] [           main] o.s.b.f.s.DefaultListableBeanFactory     : Creating shared instance of singleton bean 'org.springframework.boot.autoconfigure.thymeleaf.TemplateEngineConfigurations$DefaultTemplateEngineConfiguration'
2024-07-20T12:50:59.038+02:00 TRACE 238666 --- [crud-springboot] [           main] o.s.b.f.s.DefaultListableBeanFactory     : Creating instance of bean 'org.springframework.boot.autoconfigure.thymeleaf.TemplateEngineConfigurations$DefaultTemplateEngineConfiguration'
2024-07-20T12:50:59.038+02:00 TRACE 238666 --- [crud-springboot] [           main] o.s.b.f.s.DefaultListableBeanFactory     : Returning cached instance of singleton bean 'org.springframework.transaction.config.internalTransactionAdvisor'
2024-07-20T12:50:59.039+02:00 TRACE 238666 --- [crud-springboot] [           main] o.s.b.f.s.DefaultListableBeanFactory     : Returning cached instance of singleton bean 'org.springframework.transaction.config.internalTransactionAdvisor'
2024-07-20T12:50:59.039+02:00 TRACE 238666 --- [crud-springboot] [           main] o.s.b.f.s.DefaultListableBeanFactory     : Returning cached instance of singleton bean 'org.springframework.transaction.config.internalTransactionAdvisor'
2024-07-20T12:50:59.039+02:00 TRACE 238666 --- [crud-springboot] [           main] o.s.b.f.s.DefaultListableBeanFactory     : Finished creating instance of bean 'org.springframework.boot.autoconfigure.thymeleaf.TemplateEngineConfigurations$DefaultTemplateEngineConfiguration'
2024-07-20T12:50:59.040+02:00 TRACE 238666 --- [crud-springboot] [           main] o.s.b.f.s.DefaultListableBeanFactory     : Returning cached instance of singleton bean 'spring.thymeleaf-org.springframework.boot.autoconfigure.thymeleaf.ThymeleafProperties'
2024-07-20T12:50:59.040+02:00 DEBUG 238666 --- [crud-springboot] [           main] o.s.b.f.s.DefaultListableBeanFactory     : Autowiring by type from bean name 'templateEngine' via factory method to bean named 'spring.thymeleaf-org.springframework.boot.autoconfigure.thymeleaf.ThymeleafProperties'
2024-07-20T12:50:59.063+02:00 DEBUG 238666 --- [crud-springboot] [           main] o.s.b.f.s.DefaultListableBeanFactory     : Creating shared instance of singleton bean 'defaultTemplateResolver'
2024-07-20T12:50:59.063+02:00 TRACE 238666 --- [crud-springboot] [           main] o.s.b.f.s.DefaultListableBeanFactory     : Creating instance of bean 'defaultTemplateResolver'
2024-07-20T12:50:59.063+02:00 TRACE 238666 --- [crud-springboot] [           main] o.s.b.f.s.DefaultListableBeanFactory     : Returning cached instance of singleton bean 'org.springframework.transaction.config.internalTransactionAdvisor'
2024-07-20T12:50:59.063+02:00 DEBUG 238666 --- [crud-springboot] [           main] o.s.b.f.s.DefaultListableBeanFactory     : Creating shared instance of singleton bean 'org.springframework.boot.autoconfigure.thymeleaf.ThymeleafAutoConfiguration$DefaultTemplateResolverConfiguration'
2024-07-20T12:50:59.063+02:00 TRACE 238666 --- [crud-springboot] [           main] o.s.b.f.s.DefaultListableBeanFactory     : Creating instance of bean 'org.springframework.boot.autoconfigure.thymeleaf.ThymeleafAutoConfiguration$DefaultTemplateResolverConfiguration'
2024-07-20T12:50:59.064+02:00 TRACE 238666 --- [crud-springboot] [           main] o.s.b.f.s.DefaultListableBeanFactory     : Returning cached instance of singleton bean 'org.springframework.transaction.config.internalTransactionAdvisor'
2024-07-20T12:50:59.064+02:00 TRACE 238666 --- [crud-springboot] [           main] o.s.b.f.s.DefaultListableBeanFactory     : Returning cached instance of singleton bean 'spring.thymeleaf-org.springframework.boot.autoconfigure.thymeleaf.ThymeleafProperties'
2024-07-20T12:50:59.064+02:00 DEBUG 238666 --- [crud-springboot] [           main] o.s.b.f.s.DefaultListableBeanFactory     : Autowiring by type from bean name 'org.springframework.boot.autoconfigure.thymeleaf.ThymeleafAutoConfiguration$DefaultTemplateResolverConfiguration' via constructor to bean named 'spring.thymeleaf-org.springframework.boot.autoconfigure.thymeleaf.ThymeleafProperties'
2024-07-20T12:50:59.064+02:00 DEBUG 238666 --- [crud-springboot] [           main] o.s.b.f.s.DefaultListableBeanFactory     : Autowiring by type from bean name 'org.springframework.boot.autoconfigure.thymeleaf.ThymeleafAutoConfiguration$DefaultTemplateResolverConfiguration' via constructor to bean named 'org.springframework.web.context.support.GenericWebApplicationContext@5ef8df1e'
2024-07-20T12:50:59.066+02:00 TRACE 238666 --- [crud-springboot] [           main] o.s.b.f.s.DefaultListableBeanFactory     : Returning cached instance of singleton bean 'org.springframework.transaction.config.internalTransactionAdvisor'
2024-07-20T12:50:59.066+02:00 TRACE 238666 --- [crud-springboot] [           main] o.s.b.f.s.DefaultListableBeanFactory     : Returning cached instance of singleton bean 'org.springframework.transaction.config.internalTransactionAdvisor'
2024-07-20T12:50:59.066+02:00 TRACE 238666 --- [crud-springboot] [           main] o.s.b.f.s.DefaultListableBeanFactory     : Finished creating instance of bean 'org.springframework.boot.autoconfigure.thymeleaf.ThymeleafAutoConfiguration$DefaultTemplateResolverConfiguration'
2024-07-20T12:50:59.069+02:00 TRACE 238666 --- [crud-springboot] [           main] o.s.b.f.s.DefaultListableBeanFactory     : Returning cached instance of singleton bean 'org.springframework.transaction.config.internalTransactionAdvisor'
2024-07-20T12:50:59.069+02:00 TRACE 238666 --- [crud-springboot] [           main] o.s.b.f.s.DefaultListableBeanFactory     : Returning cached instance of singleton bean 'org.springframework.transaction.config.internalTransactionAdvisor'
2024-07-20T12:50:59.070+02:00 TRACE 238666 --- [crud-springboot] [           main] o.s.b.f.s.DefaultListableBeanFactory     : Finished creating instance of bean 'defaultTemplateResolver'
2024-07-20T12:50:59.072+02:00 TRACE 238666 --- [crud-springboot] [           main] o.s.b.f.s.DefaultListableBeanFactory     : Returning cached instance of singleton bean 'defaultTemplateResolver'
2024-07-20T12:50:59.075+02:00 TRACE 238666 --- [crud-springboot] [           main] o.s.b.f.s.DefaultListableBeanFactory     : Returning cached instance of singleton bean 'org.springframework.transaction.config.internalTransactionAdvisor'
2024-07-20T12:50:59.075+02:00 TRACE 238666 --- [crud-springboot] [           main] o.s.b.f.s.DefaultListableBeanFactory     : Returning cached instance of singleton bean 'org.springframework.transaction.config.internalTransactionAdvisor'
2024-07-20T12:50:59.076+02:00 TRACE 238666 --- [crud-springboot] [           main] o.s.b.f.s.DefaultListableBeanFactory     : Finished creating instance of bean 'templateEngine'
2024-07-20T12:50:59.076+02:00 DEBUG 238666 --- [crud-springboot] [           main] o.s.b.f.s.DefaultListableBeanFactory     : Autowiring by type from bean name 'thymeleafViewResolver' via factory method to bean named 'spring.thymeleaf-org.springframework.boot.autoconfigure.thymeleaf.ThymeleafProperties'
2024-07-20T12:50:59.076+02:00 DEBUG 238666 --- [crud-springboot] [           main] o.s.b.f.s.DefaultListableBeanFactory     : Autowiring by type from bean name 'thymeleafViewResolver' via factory method to bean named 'templateEngine'
2024-07-20T12:50:59.079+02:00 TRACE 238666 --- [crud-springboot] [           main] o.s.b.f.s.DefaultListableBeanFactory     : Returning cached instance of singleton bean 'org.springframework.transaction.config.internalTransactionAdvisor'
2024-07-20T12:50:59.079+02:00 TRACE 238666 --- [crud-springboot] [           main] o.s.b.f.s.DefaultListableBeanFactory     : Returning cached instance of singleton bean 'org.springframework.transaction.config.internalTransactionAdvisor'
2024-07-20T12:50:59.080+02:00 TRACE 238666 --- [crud-springboot] [           main] o.s.b.f.s.DefaultListableBeanFactory     : Finished creating instance of bean 'thymeleafViewResolver'
2024-07-20T12:50:59.080+02:00 TRACE 238666 --- [crud-springboot] [           main] o.s.b.f.s.DefaultListableBeanFactory     : Invoking afterPropertiesSet() on bean with name 'viewResolver'
2024-07-20T12:50:59.080+02:00 TRACE 238666 --- [crud-springboot] [           main] o.s.b.f.s.DefaultListableBeanFactory     : Returning cached instance of singleton bean 'org.springframework.transaction.config.internalTransactionAdvisor'
2024-07-20T12:50:59.080+02:00 TRACE 238666 --- [crud-springboot] [           main] o.s.b.f.s.DefaultListableBeanFactory     : Returning cached instance of singleton bean 'org.springframework.transaction.config.internalTransactionAdvisor'
2024-07-20T12:50:59.081+02:00 TRACE 238666 --- [crud-springboot] [           main] o.s.b.f.s.DefaultListableBeanFactory     : Finished creating instance of bean 'viewResolver'
2024-07-20T12:50:59.081+02:00 DEBUG 238666 --- [crud-springboot] [           main] o.s.b.f.s.DefaultListableBeanFactory     : Creating shared instance of singleton bean 'requestContextFilter'
2024-07-20T12:50:59.081+02:00 TRACE 238666 --- [crud-springboot] [           main] o.s.b.f.s.DefaultListableBeanFactory     : Creating instance of bean 'requestContextFilter'
2024-07-20T12:50:59.081+02:00 TRACE 238666 --- [crud-springboot] [           main] o.s.b.f.s.DefaultListableBeanFactory     : Returning cached instance of singleton bean 'org.springframework.transaction.config.internalTransactionAdvisor'
2024-07-20T12:50:59.083+02:00 TRACE 238666 --- [crud-springboot] [           main] o.s.b.f.s.DefaultListableBeanFactory     : Invoking afterPropertiesSet() on bean with name 'requestContextFilter'
2024-07-20T12:50:59.083+02:00 TRACE 238666 --- [crud-springboot] [           main] o.s.b.f.s.DefaultListableBeanFactory     : Returning cached instance of singleton bean 'org.springframework.transaction.config.internalTransactionAdvisor'
2024-07-20T12:50:59.083+02:00 TRACE 238666 --- [crud-springboot] [           main] o.s.b.f.s.DefaultListableBeanFactory     : Returning cached instance of singleton bean 'org.springframework.transaction.config.internalTransactionAdvisor'
2024-07-20T12:50:59.084+02:00 TRACE 238666 --- [crud-springboot] [           main] o.s.b.f.s.DefaultListableBeanFactory     : Finished creating instance of bean 'requestContextFilter'
2024-07-20T12:50:59.084+02:00 DEBUG 238666 --- [crud-springboot] [           main] o.s.b.f.s.DefaultListableBeanFactory     : Creating shared instance of singleton bean 'org.springframework.boot.autoconfigure.web.servlet.WebMvcAutoConfiguration'
2024-07-20T12:50:59.084+02:00 TRACE 238666 --- [crud-springboot] [           main] o.s.b.f.s.DefaultListableBeanFactory     : Creating instance of bean 'org.springframework.boot.autoconfigure.web.servlet.WebMvcAutoConfiguration'
2024-07-20T12:50:59.084+02:00 TRACE 238666 --- [crud-springboot] [           main] o.s.b.f.s.DefaultListableBeanFactory     : Returning cached instance of singleton bean 'org.springframework.transaction.config.internalTransactionAdvisor'
2024-07-20T12:50:59.085+02:00 TRACE 238666 --- [crud-springboot] [           main] o.s.b.f.s.DefaultListableBeanFactory     : Returning cached instance of singleton bean 'org.springframework.transaction.config.internalTransactionAdvisor'
2024-07-20T12:50:59.085+02:00 TRACE 238666 --- [crud-springboot] [           main] o.s.b.f.s.DefaultListableBeanFactory     : Returning cached instance of singleton bean 'org.springframework.transaction.config.internalTransactionAdvisor'
2024-07-20T12:50:59.086+02:00 TRACE 238666 --- [crud-springboot] [           main] o.s.b.f.s.DefaultListableBeanFactory     : Finished creating instance of bean 'org.springframework.boot.autoconfigure.web.servlet.WebMvcAutoConfiguration'
2024-07-20T12:50:59.086+02:00 DEBUG 238666 --- [crud-springboot] [           main] o.s.b.f.s.DefaultListableBeanFactory     : Creating shared instance of singleton bean 'formContentFilter'
2024-07-20T12:50:59.086+02:00 TRACE 238666 --- [crud-springboot] [           main] o.s.b.f.s.DefaultListableBeanFactory     : Creating instance of bean 'formContentFilter'
2024-07-20T12:50:59.086+02:00 TRACE 238666 --- [crud-springboot] [           main] o.s.b.f.s.DefaultListableBeanFactory     : Returning cached instance of singleton bean 'org.springframework.transaction.config.internalTransactionAdvisor'
2024-07-20T12:50:59.086+02:00 TRACE 238666 --- [crud-springboot] [           main] o.s.b.f.s.DefaultListableBeanFactory     : Returning cached instance of singleton bean 'org.springframework.boot.autoconfigure.web.servlet.WebMvcAutoConfiguration'
2024-07-20T12:50:59.088+02:00 TRACE 238666 --- [crud-springboot] [           main] o.s.b.f.s.DefaultListableBeanFactory     : Invoking afterPropertiesSet() on bean with name 'formContentFilter'
2024-07-20T12:50:59.088+02:00 TRACE 238666 --- [crud-springboot] [           main] o.s.b.f.s.DefaultListableBeanFactory     : Returning cached instance of singleton bean 'org.springframework.transaction.config.internalTransactionAdvisor'
2024-07-20T12:50:59.088+02:00 TRACE 238666 --- [crud-springboot] [           main] o.s.b.f.s.DefaultListableBeanFactory     : Returning cached instance of singleton bean 'org.springframework.transaction.config.internalTransactionAdvisor'
2024-07-20T12:50:59.089+02:00 TRACE 238666 --- [crud-springboot] [           main] o.s.b.f.s.DefaultListableBeanFactory     : Finished creating instance of bean 'formContentFilter'
2024-07-20T12:50:59.089+02:00 DEBUG 238666 --- [crud-springboot] [           main] o.s.b.f.s.DefaultListableBeanFactory     : Creating shared instance of singleton bean 'org.springframework.boot.autoconfigure.aop.AopAutoConfiguration$AspectJAutoProxyingConfiguration$CglibAutoProxyConfiguration'
2024-07-20T12:50:59.089+02:00 TRACE 238666 --- [crud-springboot] [           main] o.s.b.f.s.DefaultListableBeanFactory     : Creating instance of bean 'org.springframework.boot.autoconfigure.aop.AopAutoConfiguration$AspectJAutoProxyingConfiguration$CglibAutoProxyConfiguration'
2024-07-20T12:50:59.090+02:00 TRACE 238666 --- [crud-springboot] [           main] o.s.b.f.s.DefaultListableBeanFactory     : Returning cached instance of singleton bean 'org.springframework.transaction.config.internalTransactionAdvisor'
2024-07-20T12:50:59.090+02:00 TRACE 238666 --- [crud-springboot] [           main] o.s.b.f.s.DefaultListableBeanFactory     : Returning cached instance of singleton bean 'org.springframework.transaction.config.internalTransactionAdvisor'
2024-07-20T12:50:59.090+02:00 TRACE 238666 --- [crud-springboot] [           main] o.s.b.f.s.DefaultListableBeanFactory     : Returning cached instance of singleton bean 'org.springframework.transaction.config.internalTransactionAdvisor'
2024-07-20T12:50:59.091+02:00 TRACE 238666 --- [crud-springboot] [           main] o.s.b.f.s.DefaultListableBeanFactory     : Finished creating instance of bean 'org.springframework.boot.autoconfigure.aop.AopAutoConfiguration$AspectJAutoProxyingConfiguration$CglibAutoProxyConfiguration'
2024-07-20T12:50:59.091+02:00 TRACE 238666 --- [crud-springboot] [           main] o.s.b.f.s.DefaultListableBeanFactory     : Returning cached instance of singleton bean 'org.springframework.aop.config.internalAutoProxyCreator'
2024-07-20T12:50:59.091+02:00 DEBUG 238666 --- [crud-springboot] [           main] o.s.b.f.s.DefaultListableBeanFactory     : Creating shared instance of singleton bean 'org.springframework.boot.autoconfigure.aop.AopAutoConfiguration$AspectJAutoProxyingConfiguration'
2024-07-20T12:50:59.091+02:00 TRACE 238666 --- [crud-springboot] [           main] o.s.b.f.s.DefaultListableBeanFactory     : Creating instance of bean 'org.springframework.boot.autoconfigure.aop.AopAutoConfiguration$AspectJAutoProxyingConfiguration'
2024-07-20T12:50:59.091+02:00 TRACE 238666 --- [crud-springboot] [           main] o.s.b.f.s.DefaultListableBeanFactory     : Returning cached instance of singleton bean 'org.springframework.transaction.config.internalTransactionAdvisor'
2024-07-20T12:50:59.091+02:00 TRACE 238666 --- [crud-springboot] [           main] o.s.b.f.s.DefaultListableBeanFactory     : Returning cached instance of singleton bean 'org.springframework.transaction.config.internalTransactionAdvisor'
2024-07-20T12:50:59.091+02:00 TRACE 238666 --- [crud-springboot] [           main] o.s.b.f.s.DefaultListableBeanFactory     : Returning cached instance of singleton bean 'org.springframework.transaction.config.internalTransactionAdvisor'
2024-07-20T12:50:59.091+02:00 TRACE 238666 --- [crud-springboot] [           main] o.s.b.f.s.DefaultListableBeanFactory     : Finished creating instance of bean 'org.springframework.boot.autoconfigure.aop.AopAutoConfiguration$AspectJAutoProxyingConfiguration'
2024-07-20T12:50:59.092+02:00 DEBUG 238666 --- [crud-springboot] [           main] o.s.b.f.s.DefaultListableBeanFactory     : Creating shared instance of singleton bean 'org.springframework.boot.autoconfigure.aop.AopAutoConfiguration'
2024-07-20T12:50:59.092+02:00 TRACE 238666 --- [crud-springboot] [           main] o.s.b.f.s.DefaultListableBeanFactory     : Creating instance of bean 'org.springframework.boot.autoconfigure.aop.AopAutoConfiguration'
2024-07-20T12:50:59.092+02:00 TRACE 238666 --- [crud-springboot] [           main] o.s.b.f.s.DefaultListableBeanFactory     : Returning cached instance of singleton bean 'org.springframework.transaction.config.internalTransactionAdvisor'
2024-07-20T12:50:59.092+02:00 TRACE 238666 --- [crud-springboot] [           main] o.s.b.f.s.DefaultListableBeanFactory     : Returning cached instance of singleton bean 'org.springframework.transaction.config.internalTransactionAdvisor'
2024-07-20T12:50:59.092+02:00 TRACE 238666 --- [crud-springboot] [           main] o.s.b.f.s.DefaultListableBeanFactory     : Returning cached instance of singleton bean 'org.springframework.transaction.config.internalTransactionAdvisor'
2024-07-20T12:50:59.093+02:00 TRACE 238666 --- [crud-springboot] [           main] o.s.b.f.s.DefaultListableBeanFactory     : Finished creating instance of bean 'org.springframework.boot.autoconfigure.aop.AopAutoConfiguration'
2024-07-20T12:50:59.093+02:00 DEBUG 238666 --- [crud-springboot] [           main] o.s.b.f.s.DefaultListableBeanFactory     : Creating shared instance of singleton bean 'org.springframework.boot.autoconfigure.availability.ApplicationAvailabilityAutoConfiguration'
2024-07-20T12:50:59.093+02:00 TRACE 238666 --- [crud-springboot] [           main] o.s.b.f.s.DefaultListableBeanFactory     : Creating instance of bean 'org.springframework.boot.autoconfigure.availability.ApplicationAvailabilityAutoConfiguration'
2024-07-20T12:50:59.093+02:00 TRACE 238666 --- [crud-springboot] [           main] o.s.b.f.s.DefaultListableBeanFactory     : Returning cached instance of singleton bean 'org.springframework.transaction.config.internalTransactionAdvisor'
2024-07-20T12:50:59.093+02:00 TRACE 238666 --- [crud-springboot] [           main] o.s.b.f.s.DefaultListableBeanFactory     : Returning cached instance of singleton bean 'org.springframework.transaction.config.internalTransactionAdvisor'
2024-07-20T12:50:59.093+02:00 TRACE 238666 --- [crud-springboot] [           main] o.s.b.f.s.DefaultListableBeanFactory     : Returning cached instance of singleton bean 'org.springframework.transaction.config.internalTransactionAdvisor'
2024-07-20T12:50:59.094+02:00 TRACE 238666 --- [crud-springboot] [           main] o.s.b.f.s.DefaultListableBeanFactory     : Finished creating instance of bean 'org.springframework.boot.autoconfigure.availability.ApplicationAvailabilityAutoConfiguration'
2024-07-20T12:50:59.094+02:00 DEBUG 238666 --- [crud-springboot] [           main] o.s.b.f.s.DefaultListableBeanFactory     : Creating shared instance of singleton bean 'applicationAvailability'
2024-07-20T12:50:59.094+02:00 TRACE 238666 --- [crud-springboot] [           main] o.s.b.f.s.DefaultListableBeanFactory     : Creating instance of bean 'applicationAvailability'
2024-07-20T12:50:59.094+02:00 TRACE 238666 --- [crud-springboot] [           main] o.s.b.f.s.DefaultListableBeanFactory     : Returning cached instance of singleton bean 'org.springframework.transaction.config.internalTransactionAdvisor'
2024-07-20T12:50:59.094+02:00 TRACE 238666 --- [crud-springboot] [           main] o.s.b.f.s.DefaultListableBeanFactory     : Returning cached instance of singleton bean 'org.springframework.boot.autoconfigure.availability.ApplicationAvailabilityAutoConfiguration'
2024-07-20T12:50:59.095+02:00 TRACE 238666 --- [crud-springboot] [           main] o.s.b.f.s.DefaultListableBeanFactory     : Returning cached instance of singleton bean 'org.springframework.transaction.config.internalTransactionAdvisor'
2024-07-20T12:50:59.096+02:00 TRACE 238666 --- [crud-springboot] [           main] o.s.b.f.s.DefaultListableBeanFactory     : Returning cached instance of singleton bean 'org.springframework.transaction.config.internalTransactionAdvisor'
2024-07-20T12:50:59.096+02:00 TRACE 238666 --- [crud-springboot] [           main] o.s.b.f.s.DefaultListableBeanFactory     : Finished creating instance of bean 'applicationAvailability'
2024-07-20T12:50:59.096+02:00 DEBUG 238666 --- [crud-springboot] [           main] o.s.b.f.s.DefaultListableBeanFactory     : Creating shared instance of singleton bean 'org.springframework.boot.autoconfigure.transaction.jta.JtaAutoConfiguration'
2024-07-20T12:50:59.096+02:00 TRACE 238666 --- [crud-springboot] [           main] o.s.b.f.s.DefaultListableBeanFactory     : Creating instance of bean 'org.springframework.boot.autoconfigure.transaction.jta.JtaAutoConfiguration'
2024-07-20T12:50:59.096+02:00 TRACE 238666 --- [crud-springboot] [           main] o.s.b.f.s.DefaultListableBeanFactory     : Returning cached instance of singleton bean 'org.springframework.transaction.config.internalTransactionAdvisor'
2024-07-20T12:50:59.097+02:00 TRACE 238666 --- [crud-springboot] [           main] o.s.b.f.s.DefaultListableBeanFactory     : Returning cached instance of singleton bean 'org.springframework.transaction.config.internalTransactionAdvisor'
2024-07-20T12:50:59.097+02:00 TRACE 238666 --- [crud-springboot] [           main] o.s.b.f.s.DefaultListableBeanFactory     : Returning cached instance of singleton bean 'org.springframework.transaction.config.internalTransactionAdvisor'
2024-07-20T12:50:59.097+02:00 TRACE 238666 --- [crud-springboot] [           main] o.s.b.f.s.DefaultListableBeanFactory     : Finished creating instance of bean 'org.springframework.boot.autoconfigure.transaction.jta.JtaAutoConfiguration'
2024-07-20T12:50:59.097+02:00 TRACE 238666 --- [crud-springboot] [           main] o.s.b.f.s.DefaultListableBeanFactory     : Returning cached instance of singleton bean 'org.springframework.boot.autoconfigure.jdbc.DataSourceConfiguration$Hikari'
2024-07-20T12:50:59.097+02:00 TRACE 238666 --- [crud-springboot] [           main] o.s.b.f.s.DefaultListableBeanFactory     : Returning cached instance of singleton bean 'jdbcConnectionDetailsHikariBeanPostProcessor'
2024-07-20T12:50:59.097+02:00 TRACE 238666 --- [crud-springboot] [           main] o.s.b.f.s.DefaultListableBeanFactory     : Returning cached instance of singleton bean 'dataSource'
2024-07-20T12:50:59.097+02:00 TRACE 238666 --- [crud-springboot] [           main] o.s.b.f.s.DefaultListableBeanFactory     : Returning cached instance of singleton bean 'org.springframework.boot.autoconfigure.jdbc.DataSourceAutoConfiguration$PooledDataSourceConfiguration'
2024-07-20T12:50:59.097+02:00 TRACE 238666 --- [crud-springboot] [           main] o.s.b.f.s.DefaultListableBeanFactory     : Returning cached instance of singleton bean 'jdbcConnectionDetails'
2024-07-20T12:50:59.097+02:00 TRACE 238666 --- [crud-springboot] [           main] o.s.b.f.s.DefaultListableBeanFactory     : Returning cached instance of singleton bean 'org.springframework.boot.autoconfigure.jdbc.metadata.DataSourcePoolMetadataProvidersConfiguration$HikariPoolDataSourceMetadataProviderConfiguration'
2024-07-20T12:50:59.097+02:00 TRACE 238666 --- [crud-springboot] [           main] o.s.b.f.s.DefaultListableBeanFactory     : Returning cached instance of singleton bean 'hikariPoolDataSourceMetadataProvider'
2024-07-20T12:50:59.097+02:00 DEBUG 238666 --- [crud-springboot] [           main] o.s.b.f.s.DefaultListableBeanFactory     : Creating shared instance of singleton bean 'org.springframework.boot.autoconfigure.jdbc.metadata.DataSourcePoolMetadataProvidersConfiguration'
2024-07-20T12:50:59.097+02:00 TRACE 238666 --- [crud-springboot] [           main] o.s.b.f.s.DefaultListableBeanFactory     : Creating instance of bean 'org.springframework.boot.autoconfigure.jdbc.metadata.DataSourcePoolMetadataProvidersConfiguration'
2024-07-20T12:50:59.097+02:00 TRACE 238666 --- [crud-springboot] [           main] o.s.b.f.s.DefaultListableBeanFactory     : Returning cached instance of singleton bean 'org.springframework.transaction.config.internalTransactionAdvisor'
2024-07-20T12:50:59.098+02:00 TRACE 238666 --- [crud-springboot] [           main] o.s.b.f.s.DefaultListableBeanFactory     : Returning cached instance of singleton bean 'org.springframework.transaction.config.internalTransactionAdvisor'
2024-07-20T12:50:59.098+02:00 TRACE 238666 --- [crud-springboot] [           main] o.s.b.f.s.DefaultListableBeanFactory     : Returning cached instance of singleton bean 'org.springframework.transaction.config.internalTransactionAdvisor'
2024-07-20T12:50:59.098+02:00 TRACE 238666 --- [crud-springboot] [           main] o.s.b.f.s.DefaultListableBeanFactory     : Finished creating instance of bean 'org.springframework.boot.autoconfigure.jdbc.metadata.DataSourcePoolMetadataProvidersConfiguration'
2024-07-20T12:50:59.098+02:00 DEBUG 238666 --- [crud-springboot] [           main] o.s.b.f.s.DefaultListableBeanFactory     : Creating shared instance of singleton bean 'org.springframework.boot.autoconfigure.jdbc.DataSourceAutoConfiguration'
2024-07-20T12:50:59.098+02:00 TRACE 238666 --- [crud-springboot] [           main] o.s.b.f.s.DefaultListableBeanFactory     : Creating instance of bean 'org.springframework.boot.autoconfigure.jdbc.DataSourceAutoConfiguration'
2024-07-20T12:50:59.098+02:00 TRACE 238666 --- [crud-springboot] [           main] o.s.b.f.s.DefaultListableBeanFactory     : Returning cached instance of singleton bean 'org.springframework.transaction.config.internalTransactionAdvisor'
2024-07-20T12:50:59.098+02:00 TRACE 238666 --- [crud-springboot] [           main] o.s.b.f.s.DefaultListableBeanFactory     : Returning cached instance of singleton bean 'org.springframework.transaction.config.internalTransactionAdvisor'
2024-07-20T12:50:59.099+02:00 TRACE 238666 --- [crud-springboot] [           main] o.s.b.f.s.DefaultListableBeanFactory     : Returning cached instance of singleton bean 'org.springframework.transaction.config.internalTransactionAdvisor'
2024-07-20T12:50:59.099+02:00 TRACE 238666 --- [crud-springboot] [           main] o.s.b.f.s.DefaultListableBeanFactory     : Finished creating instance of bean 'org.springframework.boot.autoconfigure.jdbc.DataSourceAutoConfiguration'
2024-07-20T12:50:59.099+02:00 TRACE 238666 --- [crud-springboot] [           main] o.s.b.f.s.DefaultListableBeanFactory     : Returning cached instance of singleton bean 'spring.datasource-org.springframework.boot.autoconfigure.jdbc.DataSourceProperties'
2024-07-20T12:50:59.099+02:00 DEBUG 238666 --- [crud-springboot] [           main] o.s.b.f.s.DefaultListableBeanFactory     : Creating shared instance of singleton bean 'org.springframework.boot.autoconfigure.transaction.TransactionManagerCustomizationAutoConfiguration'
2024-07-20T12:50:59.099+02:00 TRACE 238666 --- [crud-springboot] [           main] o.s.b.f.s.DefaultListableBeanFactory     : Creating instance of bean 'org.springframework.boot.autoconfigure.transaction.TransactionManagerCustomizationAutoConfiguration'
2024-07-20T12:50:59.099+02:00 TRACE 238666 --- [crud-springboot] [           main] o.s.b.f.s.DefaultListableBeanFactory     : Returning cached instance of singleton bean 'org.springframework.transaction.config.internalTransactionAdvisor'
2024-07-20T12:50:59.099+02:00 TRACE 238666 --- [crud-springboot] [           main] o.s.b.f.s.DefaultListableBeanFactory     : Returning cached instance of singleton bean 'org.springframework.transaction.config.internalTransactionAdvisor'
2024-07-20T12:50:59.099+02:00 TRACE 238666 --- [crud-springboot] [           main] o.s.b.f.s.DefaultListableBeanFactory     : Returning cached instance of singleton bean 'org.springframework.transaction.config.internalTransactionAdvisor'
2024-07-20T12:50:59.099+02:00 TRACE 238666 --- [crud-springboot] [           main] o.s.b.f.s.DefaultListableBeanFactory     : Finished creating instance of bean 'org.springframework.boot.autoconfigure.transaction.TransactionManagerCustomizationAutoConfiguration'
2024-07-20T12:50:59.099+02:00 DEBUG 238666 --- [crud-springboot] [           main] o.s.b.f.s.DefaultListableBeanFactory     : Creating shared instance of singleton bean 'platformTransactionManagerCustomizers'
2024-07-20T12:50:59.099+02:00 TRACE 238666 --- [crud-springboot] [           main] o.s.b.f.s.DefaultListableBeanFactory     : Creating instance of bean 'platformTransactionManagerCustomizers'
2024-07-20T12:50:59.100+02:00 TRACE 238666 --- [crud-springboot] [           main] o.s.b.f.s.DefaultListableBeanFactory     : Returning cached instance of singleton bean 'org.springframework.transaction.config.internalTransactionAdvisor'
2024-07-20T12:50:59.100+02:00 TRACE 238666 --- [crud-springboot] [           main] o.s.b.f.s.DefaultListableBeanFactory     : Returning cached instance of singleton bean 'org.springframework.boot.autoconfigure.transaction.TransactionManagerCustomizationAutoConfiguration'
2024-07-20T12:50:59.101+02:00 DEBUG 238666 --- [crud-springboot] [           main] o.s.b.f.s.DefaultListableBeanFactory     : Creating shared instance of singleton bean 'transactionExecutionListeners'
2024-07-20T12:50:59.101+02:00 TRACE 238666 --- [crud-springboot] [           main] o.s.b.f.s.DefaultListableBeanFactory     : Creating instance of bean 'transactionExecutionListeners'
2024-07-20T12:50:59.101+02:00 TRACE 238666 --- [crud-springboot] [           main] o.s.b.f.s.DefaultListableBeanFactory     : Returning cached instance of singleton bean 'org.springframework.transaction.config.internalTransactionAdvisor'
2024-07-20T12:50:59.101+02:00 TRACE 238666 --- [crud-springboot] [           main] o.s.b.f.s.DefaultListableBeanFactory     : Returning cached instance of singleton bean 'org.springframework.boot.autoconfigure.transaction.TransactionManagerCustomizationAutoConfiguration'
2024-07-20T12:50:59.103+02:00 TRACE 238666 --- [crud-springboot] [           main] o.s.b.f.s.DefaultListableBeanFactory     : Returning cached instance of singleton bean 'org.springframework.transaction.config.internalTransactionAdvisor'
2024-07-20T12:50:59.103+02:00 TRACE 238666 --- [crud-springboot] [           main] o.s.b.f.s.DefaultListableBeanFactory     : Returning cached instance of singleton bean 'org.springframework.transaction.config.internalTransactionAdvisor'
2024-07-20T12:50:59.103+02:00 TRACE 238666 --- [crud-springboot] [           main] o.s.b.f.s.DefaultListableBeanFactory     : Finished creating instance of bean 'transactionExecutionListeners'
2024-07-20T12:50:59.104+02:00 DEBUG 238666 --- [crud-springboot] [           main] o.s.b.f.s.DefaultListableBeanFactory     : Creating shared instance of singleton bean 'spring.transaction-org.springframework.boot.autoconfigure.transaction.TransactionProperties'
2024-07-20T12:50:59.104+02:00 TRACE 238666 --- [crud-springboot] [           main] o.s.b.f.s.DefaultListableBeanFactory     : Creating instance of bean 'spring.transaction-org.springframework.boot.autoconfigure.transaction.TransactionProperties'
2024-07-20T12:50:59.104+02:00 TRACE 238666 --- [crud-springboot] [           main] o.s.b.f.s.DefaultListableBeanFactory     : Returning cached instance of singleton bean 'org.springframework.transaction.config.internalTransactionAdvisor'
2024-07-20T12:50:59.107+02:00 TRACE 238666 --- [crud-springboot] [           main] o.s.b.f.s.DefaultListableBeanFactory     : Returning cached instance of singleton bean 'org.springframework.boot.context.properties.BoundConfigurationProperties'
2024-07-20T12:50:59.109+02:00 TRACE 238666 --- [crud-springboot] [           main] o.s.b.f.s.DefaultListableBeanFactory     : Returning cached instance of singleton bean 'org.springframework.transaction.config.internalTransactionAdvisor'
2024-07-20T12:50:59.109+02:00 TRACE 238666 --- [crud-springboot] [           main] o.s.b.f.s.DefaultListableBeanFactory     : Returning cached instance of singleton bean 'org.springframework.transaction.config.internalTransactionAdvisor'
2024-07-20T12:50:59.110+02:00 TRACE 238666 --- [crud-springboot] [           main] o.s.b.f.s.DefaultListableBeanFactory     : Finished creating instance of bean 'spring.transaction-org.springframework.boot.autoconfigure.transaction.TransactionProperties'
2024-07-20T12:50:59.110+02:00 TRACE 238666 --- [crud-springboot] [           main] o.s.b.f.s.DefaultListableBeanFactory     : Returning cached instance of singleton bean 'transactionExecutionListeners'
2024-07-20T12:50:59.110+02:00 TRACE 238666 --- [crud-springboot] [           main] o.s.b.f.s.DefaultListableBeanFactory     : Returning cached instance of singleton bean 'spring.transaction-org.springframework.boot.autoconfigure.transaction.TransactionProperties'
2024-07-20T12:50:59.111+02:00 TRACE 238666 --- [crud-springboot] [           main] o.s.b.f.s.DefaultListableBeanFactory     : Returning cached instance of singleton bean 'org.springframework.transaction.config.internalTransactionAdvisor'
2024-07-20T12:50:59.111+02:00 TRACE 238666 --- [crud-springboot] [           main] o.s.b.f.s.DefaultListableBeanFactory     : Returning cached instance of singleton bean 'org.springframework.transaction.config.internalTransactionAdvisor'
2024-07-20T12:50:59.111+02:00 TRACE 238666 --- [crud-springboot] [           main] o.s.b.f.s.DefaultListableBeanFactory     : Finished creating instance of bean 'platformTransactionManagerCustomizers'
2024-07-20T12:50:59.112+02:00 TRACE 238666 --- [crud-springboot] [           main] o.s.b.f.s.DefaultListableBeanFactory     : Returning cached instance of singleton bean 'transactionExecutionListeners'
2024-07-20T12:50:59.112+02:00 TRACE 238666 --- [crud-springboot] [           main] o.s.b.f.s.DefaultListableBeanFactory     : Returning cached instance of singleton bean 'spring.transaction-org.springframework.boot.autoconfigure.transaction.TransactionProperties'
2024-07-20T12:50:59.112+02:00 TRACE 238666 --- [crud-springboot] [           main] o.s.b.f.s.DefaultListableBeanFactory     : Returning cached instance of singleton bean 'org.springframework.boot.autoconfigure.orm.jpa.JpaBaseConfiguration$JpaWebConfiguration'
2024-07-20T12:50:59.112+02:00 TRACE 238666 --- [crud-springboot] [           main] o.s.b.f.s.DefaultListableBeanFactory     : Returning cached instance of singleton bean 'openEntityManagerInViewInterceptor'
2024-07-20T12:50:59.112+02:00 TRACE 238666 --- [crud-springboot] [           main] o.s.b.f.s.DefaultListableBeanFactory     : Returning cached instance of singleton bean 'openEntityManagerInViewInterceptorConfigurer'
2024-07-20T12:50:59.112+02:00 DEBUG 238666 --- [crud-springboot] [           main] o.s.b.f.s.DefaultListableBeanFactory     : Creating shared instance of singleton bean 'org.springframework.boot.autoconfigure.orm.jpa.JpaBaseConfiguration$PersistenceManagedTypesConfiguration'
2024-07-20T12:50:59.112+02:00 TRACE 238666 --- [crud-springboot] [           main] o.s.b.f.s.DefaultListableBeanFactory     : Creating instance of bean 'org.springframework.boot.autoconfigure.orm.jpa.JpaBaseConfiguration$PersistenceManagedTypesConfiguration'
2024-07-20T12:50:59.112+02:00 TRACE 238666 --- [crud-springboot] [           main] o.s.b.f.s.DefaultListableBeanFactory     : Returning cached instance of singleton bean 'org.springframework.transaction.config.internalTransactionAdvisor'
2024-07-20T12:50:59.113+02:00 TRACE 238666 --- [crud-springboot] [           main] o.s.b.f.s.DefaultListableBeanFactory     : Returning cached instance of singleton bean 'org.springframework.transaction.config.internalTransactionAdvisor'
2024-07-20T12:50:59.113+02:00 TRACE 238666 --- [crud-springboot] [           main] o.s.b.f.s.DefaultListableBeanFactory     : Returning cached instance of singleton bean 'org.springframework.transaction.config.internalTransactionAdvisor'
2024-07-20T12:50:59.113+02:00 TRACE 238666 --- [crud-springboot] [           main] o.s.b.f.s.DefaultListableBeanFactory     : Finished creating instance of bean 'org.springframework.boot.autoconfigure.orm.jpa.JpaBaseConfiguration$PersistenceManagedTypesConfiguration'
2024-07-20T12:50:59.113+02:00 TRACE 238666 --- [crud-springboot] [           main] o.s.b.f.s.DefaultListableBeanFactory     : Returning cached instance of singleton bean 'persistenceManagedTypes'
2024-07-20T12:50:59.113+02:00 TRACE 238666 --- [crud-springboot] [           main] o.s.b.f.s.DefaultListableBeanFactory     : Returning cached instance of singleton bean 'org.springframework.boot.autoconfigure.orm.jpa.HibernateJpaConfiguration'
2024-07-20T12:50:59.113+02:00 DEBUG 238666 --- [crud-springboot] [           main] o.s.b.f.s.DefaultListableBeanFactory     : Creating shared instance of singleton bean 'transactionManager'
2024-07-20T12:50:59.113+02:00 TRACE 238666 --- [crud-springboot] [           main] o.s.b.f.s.DefaultListableBeanFactory     : Creating instance of bean 'transactionManager'
2024-07-20T12:50:59.113+02:00 TRACE 238666 --- [crud-springboot] [           main] o.s.b.f.s.DefaultListableBeanFactory     : Returning cached instance of singleton bean 'org.springframework.transaction.config.internalTransactionAdvisor'
2024-07-20T12:50:59.113+02:00 TRACE 238666 --- [crud-springboot] [           main] o.s.b.f.s.DefaultListableBeanFactory     : Returning cached instance of singleton bean 'org.springframework.boot.autoconfigure.orm.jpa.HibernateJpaConfiguration'
2024-07-20T12:50:59.117+02:00 TRACE 238666 --- [crud-springboot] [           main] o.s.b.f.s.DefaultListableBeanFactory     : Returning cached instance of singleton bean 'platformTransactionManagerCustomizers'
2024-07-20T12:50:59.121+02:00 TRACE 238666 --- [crud-springboot] [           main] o.s.b.f.s.DefaultListableBeanFactory     : Returning cached instance of singleton bean 'entityManagerFactory'
2024-07-20T12:50:59.121+02:00 TRACE 238666 --- [crud-springboot] [           main] o.s.b.f.s.DefaultListableBeanFactory     : Invoking afterPropertiesSet() on bean with name 'transactionManager'
2024-07-20T12:50:59.122+02:00 TRACE 238666 --- [crud-springboot] [           main] o.s.b.f.s.DefaultListableBeanFactory     : Returning cached instance of singleton bean 'org.springframework.transaction.config.internalTransactionAdvisor'
2024-07-20T12:50:59.122+02:00 TRACE 238666 --- [crud-springboot] [           main] o.s.b.f.s.DefaultListableBeanFactory     : Returning cached instance of singleton bean 'org.springframework.transaction.config.internalTransactionAdvisor'
2024-07-20T12:50:59.123+02:00 TRACE 238666 --- [crud-springboot] [           main] o.s.b.f.s.DefaultListableBeanFactory     : Finished creating instance of bean 'transactionManager'
2024-07-20T12:50:59.123+02:00 TRACE 238666 --- [crud-springboot] [           main] o.s.b.f.s.DefaultListableBeanFactory     : Returning cached instance of singleton bean 'jpaVendorAdapter'
2024-07-20T12:50:59.123+02:00 TRACE 238666 --- [crud-springboot] [           main] o.s.b.f.s.DefaultListableBeanFactory     : Returning cached instance of singleton bean 'entityManagerFactoryBuilder'
2024-07-20T12:50:59.123+02:00 TRACE 238666 --- [crud-springboot] [           main] o.s.b.f.s.DefaultListableBeanFactory     : Returning cached instance of singleton bean 'entityManagerFactory'
2024-07-20T12:50:59.123+02:00 TRACE 238666 --- [crud-springboot] [           main] o.s.b.f.s.DefaultListableBeanFactory     : Returning cached instance of singleton bean 'spring.jpa.hibernate-org.springframework.boot.autoconfigure.orm.jpa.HibernateProperties'
2024-07-20T12:50:59.124+02:00 TRACE 238666 --- [crud-springboot] [           main] o.s.b.f.s.DefaultListableBeanFactory     : Returning cached instance of singleton bean 'spring.jpa-org.springframework.boot.autoconfigure.orm.jpa.JpaProperties'
2024-07-20T12:50:59.124+02:00 DEBUG 238666 --- [crud-springboot] [           main] o.s.b.f.s.DefaultListableBeanFactory     : Creating shared instance of singleton bean 'org.springframework.boot.autoconfigure.orm.jpa.HibernateJpaAutoConfiguration'
2024-07-20T12:50:59.124+02:00 TRACE 238666 --- [crud-springboot] [           main] o.s.b.f.s.DefaultListableBeanFactory     : Creating instance of bean 'org.springframework.boot.autoconfigure.orm.jpa.HibernateJpaAutoConfiguration'
2024-07-20T12:50:59.124+02:00 TRACE 238666 --- [crud-springboot] [           main] o.s.b.f.s.DefaultListableBeanFactory     : Returning cached instance of singleton bean 'org.springframework.transaction.config.internalTransactionAdvisor'
2024-07-20T12:50:59.125+02:00 TRACE 238666 --- [crud-springboot] [           main] o.s.b.f.s.DefaultListableBeanFactory     : Returning cached instance of singleton bean 'org.springframework.transaction.config.internalTransactionAdvisor'
2024-07-20T12:50:59.125+02:00 TRACE 238666 --- [crud-springboot] [           main] o.s.b.f.s.DefaultListableBeanFactory     : Returning cached instance of singleton bean 'org.springframework.transaction.config.internalTransactionAdvisor'
2024-07-20T12:50:59.126+02:00 TRACE 238666 --- [crud-springboot] [           main] o.s.b.f.s.DefaultListableBeanFactory     : Finished creating instance of bean 'org.springframework.boot.autoconfigure.orm.jpa.HibernateJpaAutoConfiguration'
2024-07-20T12:50:59.127+02:00 TRACE 238666 --- [crud-springboot] [           main] o.s.b.f.s.DefaultListableBeanFactory     : Returning cached instance of singleton bean 'org.springframework.boot.autoconfigure.jackson.JacksonAutoConfiguration$Jackson2ObjectMapperBuilderCustomizerConfiguration'
2024-07-20T12:50:59.127+02:00 TRACE 238666 --- [crud-springboot] [           main] o.s.b.f.s.DefaultListableBeanFactory     : Returning cached instance of singleton bean 'standardJacksonObjectMapperBuilderCustomizer'
2024-07-20T12:50:59.127+02:00 TRACE 238666 --- [crud-springboot] [           main] o.s.b.f.s.DefaultListableBeanFactory     : Returning cached instance of singleton bean 'spring.jackson-org.springframework.boot.autoconfigure.jackson.JacksonProperties'
2024-07-20T12:50:59.127+02:00 TRACE 238666 --- [crud-springboot] [           main] o.s.b.f.s.DefaultListableBeanFactory     : Returning cached instance of singleton bean 'org.springframework.boot.autoconfigure.jackson.JacksonAutoConfiguration$JacksonObjectMapperBuilderConfiguration'
2024-07-20T12:50:59.127+02:00 TRACE 238666 --- [crud-springboot] [           main] o.s.b.f.s.DefaultListableBeanFactory     : Returning cached instance of singleton bean 'org.springframework.boot.autoconfigure.jackson.JacksonAutoConfiguration$ParameterNamesModuleConfiguration'
2024-07-20T12:50:59.127+02:00 TRACE 238666 --- [crud-springboot] [           main] o.s.b.f.s.DefaultListableBeanFactory     : Returning cached instance of singleton bean 'parameterNamesModule'
2024-07-20T12:50:59.127+02:00 TRACE 238666 --- [crud-springboot] [           main] o.s.b.f.s.DefaultListableBeanFactory     : Returning cached instance of singleton bean 'org.springframework.boot.autoconfigure.jackson.JacksonAutoConfiguration$JacksonObjectMapperConfiguration'
2024-07-20T12:50:59.127+02:00 TRACE 238666 --- [crud-springboot] [           main] o.s.b.f.s.DefaultListableBeanFactory     : Returning cached instance of singleton bean 'jacksonObjectMapper'
2024-07-20T12:50:59.127+02:00 TRACE 238666 --- [crud-springboot] [           main] o.s.b.f.s.DefaultListableBeanFactory     : Returning cached instance of singleton bean 'org.springframework.boot.autoconfigure.jackson.JacksonAutoConfiguration$JacksonMixinConfiguration'
2024-07-20T12:50:59.127+02:00 TRACE 238666 --- [crud-springboot] [           main] o.s.b.f.s.DefaultListableBeanFactory     : Returning cached instance of singleton bean 'jsonMixinModuleEntries'
2024-07-20T12:50:59.127+02:00 TRACE 238666 --- [crud-springboot] [           main] o.s.b.f.s.DefaultListableBeanFactory     : Returning cached instance of singleton bean 'jsonMixinModule'
2024-07-20T12:50:59.127+02:00 TRACE 238666 --- [crud-springboot] [           main] o.s.b.f.s.DefaultListableBeanFactory     : Returning cached instance of singleton bean 'org.springframework.boot.autoconfigure.jackson.JacksonAutoConfiguration'
2024-07-20T12:50:59.127+02:00 TRACE 238666 --- [crud-springboot] [           main] o.s.b.f.s.DefaultListableBeanFactory     : Returning cached instance of singleton bean 'jsonComponentModule'
2024-07-20T12:50:59.127+02:00 DEBUG 238666 --- [crud-springboot] [           main] o.s.b.f.s.DefaultListableBeanFactory     : Creating shared instance of singleton bean 'org.springframework.boot.autoconfigure.context.ConfigurationPropertiesAutoConfiguration'
2024-07-20T12:50:59.127+02:00 TRACE 238666 --- [crud-springboot] [           main] o.s.b.f.s.DefaultListableBeanFactory     : Creating instance of bean 'org.springframework.boot.autoconfigure.context.ConfigurationPropertiesAutoConfiguration'
2024-07-20T12:50:59.127+02:00 TRACE 238666 --- [crud-springboot] [           main] o.s.b.f.s.DefaultListableBeanFactory     : Returning cached instance of singleton bean 'org.springframework.transaction.config.internalTransactionAdvisor'
2024-07-20T12:50:59.128+02:00 TRACE 238666 --- [crud-springboot] [           main] o.s.b.f.s.DefaultListableBeanFactory     : Returning cached instance of singleton bean 'org.springframework.transaction.config.internalTransactionAdvisor'
2024-07-20T12:50:59.128+02:00 TRACE 238666 --- [crud-springboot] [           main] o.s.b.f.s.DefaultListableBeanFactory     : Returning cached instance of singleton bean 'org.springframework.transaction.config.internalTransactionAdvisor'
2024-07-20T12:50:59.128+02:00 TRACE 238666 --- [crud-springboot] [           main] o.s.b.f.s.DefaultListableBeanFactory     : Finished creating instance of bean 'org.springframework.boot.autoconfigure.context.ConfigurationPropertiesAutoConfiguration'
2024-07-20T12:50:59.128+02:00 DEBUG 238666 --- [crud-springboot] [           main] o.s.b.f.s.DefaultListableBeanFactory     : Creating shared instance of singleton bean 'org.springframework.boot.autoconfigure.context.LifecycleAutoConfiguration'
2024-07-20T12:50:59.128+02:00 TRACE 238666 --- [crud-springboot] [           main] o.s.b.f.s.DefaultListableBeanFactory     : Creating instance of bean 'org.springframework.boot.autoconfigure.context.LifecycleAutoConfiguration'
2024-07-20T12:50:59.128+02:00 TRACE 238666 --- [crud-springboot] [           main] o.s.b.f.s.DefaultListableBeanFactory     : Returning cached instance of singleton bean 'org.springframework.transaction.config.internalTransactionAdvisor'
2024-07-20T12:50:59.129+02:00 TRACE 238666 --- [crud-springboot] [           main] o.s.b.f.s.DefaultListableBeanFactory     : Returning cached instance of singleton bean 'org.springframework.transaction.config.internalTransactionAdvisor'
2024-07-20T12:50:59.129+02:00 TRACE 238666 --- [crud-springboot] [           main] o.s.b.f.s.DefaultListableBeanFactory     : Returning cached instance of singleton bean 'org.springframework.transaction.config.internalTransactionAdvisor'
2024-07-20T12:50:59.129+02:00 TRACE 238666 --- [crud-springboot] [           main] o.s.b.f.s.DefaultListableBeanFactory     : Finished creating instance of bean 'org.springframework.boot.autoconfigure.context.LifecycleAutoConfiguration'
2024-07-20T12:50:59.129+02:00 DEBUG 238666 --- [crud-springboot] [           main] o.s.b.f.s.DefaultListableBeanFactory     : Creating shared instance of singleton bean 'lifecycleProcessor'
2024-07-20T12:50:59.129+02:00 TRACE 238666 --- [crud-springboot] [           main] o.s.b.f.s.DefaultListableBeanFactory     : Creating instance of bean 'lifecycleProcessor'
2024-07-20T12:50:59.129+02:00 TRACE 238666 --- [crud-springboot] [           main] o.s.b.f.s.DefaultListableBeanFactory     : Returning cached instance of singleton bean 'org.springframework.transaction.config.internalTransactionAdvisor'
2024-07-20T12:50:59.129+02:00 TRACE 238666 --- [crud-springboot] [           main] o.s.b.f.s.DefaultListableBeanFactory     : Returning cached instance of singleton bean 'org.springframework.boot.autoconfigure.context.LifecycleAutoConfiguration'
2024-07-20T12:50:59.130+02:00 DEBUG 238666 --- [crud-springboot] [           main] o.s.b.f.s.DefaultListableBeanFactory     : Creating shared instance of singleton bean 'spring.lifecycle-org.springframework.boot.autoconfigure.context.LifecycleProperties'
2024-07-20T12:50:59.130+02:00 TRACE 238666 --- [crud-springboot] [           main] o.s.b.f.s.DefaultListableBeanFactory     : Creating instance of bean 'spring.lifecycle-org.springframework.boot.autoconfigure.context.LifecycleProperties'
2024-07-20T12:50:59.130+02:00 TRACE 238666 --- [crud-springboot] [           main] o.s.b.f.s.DefaultListableBeanFactory     : Returning cached instance of singleton bean 'org.springframework.transaction.config.internalTransactionAdvisor'
2024-07-20T12:50:59.130+02:00 TRACE 238666 --- [crud-springboot] [           main] o.s.b.f.s.DefaultListableBeanFactory     : Returning cached instance of singleton bean 'org.springframework.boot.context.properties.BoundConfigurationProperties'
2024-07-20T12:50:59.132+02:00 TRACE 238666 --- [crud-springboot] [           main] o.s.b.f.s.DefaultListableBeanFactory     : Returning cached instance of singleton bean 'org.springframework.transaction.config.internalTransactionAdvisor'
2024-07-20T12:50:59.132+02:00 TRACE 238666 --- [crud-springboot] [           main] o.s.b.f.s.DefaultListableBeanFactory     : Returning cached instance of singleton bean 'org.springframework.transaction.config.internalTransactionAdvisor'
2024-07-20T12:50:59.132+02:00 TRACE 238666 --- [crud-springboot] [           main] o.s.b.f.s.DefaultListableBeanFactory     : Finished creating instance of bean 'spring.lifecycle-org.springframework.boot.autoconfigure.context.LifecycleProperties'
2024-07-20T12:50:59.132+02:00 DEBUG 238666 --- [crud-springboot] [           main] o.s.b.f.s.DefaultListableBeanFactory     : Autowiring by type from bean name 'lifecycleProcessor' via factory method to bean named 'spring.lifecycle-org.springframework.boot.autoconfigure.context.LifecycleProperties'
2024-07-20T12:50:59.134+02:00 TRACE 238666 --- [crud-springboot] [           main] o.s.b.f.s.DefaultListableBeanFactory     : Returning cached instance of singleton bean 'org.springframework.transaction.config.internalTransactionAdvisor'
2024-07-20T12:50:59.134+02:00 TRACE 238666 --- [crud-springboot] [           main] o.s.b.f.s.DefaultListableBeanFactory     : Returning cached instance of singleton bean 'org.springframework.transaction.config.internalTransactionAdvisor'
2024-07-20T12:50:59.135+02:00 TRACE 238666 --- [crud-springboot] [           main] o.s.b.f.s.DefaultListableBeanFactory     : Finished creating instance of bean 'lifecycleProcessor'
2024-07-20T12:50:59.135+02:00 TRACE 238666 --- [crud-springboot] [           main] o.s.b.f.s.DefaultListableBeanFactory     : Returning cached instance of singleton bean 'spring.lifecycle-org.springframework.boot.autoconfigure.context.LifecycleProperties'
2024-07-20T12:50:59.135+02:00 DEBUG 238666 --- [crud-springboot] [           main] o.s.b.f.s.DefaultListableBeanFactory     : Creating shared instance of singleton bean 'org.springframework.boot.autoconfigure.dao.PersistenceExceptionTranslationAutoConfiguration'
2024-07-20T12:50:59.135+02:00 TRACE 238666 --- [crud-springboot] [           main] o.s.b.f.s.DefaultListableBeanFactory     : Creating instance of bean 'org.springframework.boot.autoconfigure.dao.PersistenceExceptionTranslationAutoConfiguration'
2024-07-20T12:50:59.135+02:00 TRACE 238666 --- [crud-springboot] [           main] o.s.b.f.s.DefaultListableBeanFactory     : Returning cached instance of singleton bean 'org.springframework.transaction.config.internalTransactionAdvisor'
2024-07-20T12:50:59.135+02:00 TRACE 238666 --- [crud-springboot] [           main] o.s.b.f.s.DefaultListableBeanFactory     : Returning cached instance of singleton bean 'org.springframework.transaction.config.internalTransactionAdvisor'
2024-07-20T12:50:59.135+02:00 TRACE 238666 --- [crud-springboot] [           main] o.s.b.f.s.DefaultListableBeanFactory     : Returning cached instance of singleton bean 'org.springframework.transaction.config.internalTransactionAdvisor'
2024-07-20T12:50:59.135+02:00 TRACE 238666 --- [crud-springboot] [           main] o.s.b.f.s.DefaultListableBeanFactory     : Finished creating instance of bean 'org.springframework.boot.autoconfigure.dao.PersistenceExceptionTranslationAutoConfiguration'
2024-07-20T12:50:59.135+02:00 TRACE 238666 --- [crud-springboot] [           main] o.s.b.f.s.DefaultListableBeanFactory     : Returning cached instance of singleton bean 'persistenceExceptionTranslationPostProcessor'
2024-07-20T12:50:59.135+02:00 DEBUG 238666 --- [crud-springboot] [           main] o.s.b.f.s.DefaultListableBeanFactory     : Creating shared instance of singleton bean 'org.springframework.boot.autoconfigure.data.jpa.JpaRepositoriesAutoConfiguration'
2024-07-20T12:50:59.135+02:00 TRACE 238666 --- [crud-springboot] [           main] o.s.b.f.s.DefaultListableBeanFactory     : Creating instance of bean 'org.springframework.boot.autoconfigure.data.jpa.JpaRepositoriesAutoConfiguration'
2024-07-20T12:50:59.135+02:00 TRACE 238666 --- [crud-springboot] [           main] o.s.b.f.s.DefaultListableBeanFactory     : Returning cached instance of singleton bean 'org.springframework.transaction.config.internalTransactionAdvisor'
2024-07-20T12:50:59.136+02:00 TRACE 238666 --- [crud-springboot] [           main] o.s.b.f.s.DefaultListableBeanFactory     : Returning cached instance of singleton bean 'org.springframework.transaction.config.internalTransactionAdvisor'
2024-07-20T12:50:59.136+02:00 TRACE 238666 --- [crud-springboot] [           main] o.s.b.f.s.DefaultListableBeanFactory     : Returning cached instance of singleton bean 'org.springframework.transaction.config.internalTransactionAdvisor'
2024-07-20T12:50:59.136+02:00 TRACE 238666 --- [crud-springboot] [           main] o.s.b.f.s.DefaultListableBeanFactory     : Finished creating instance of bean 'org.springframework.boot.autoconfigure.data.jpa.JpaRepositoriesAutoConfiguration'
2024-07-20T12:50:59.136+02:00 TRACE 238666 --- [crud-springboot] [           main] o.s.b.f.s.DefaultListableBeanFactory     : Returning cached instance of singleton bean 'jpaSharedEM_entityManagerFactory'
2024-07-20T12:50:59.136+02:00 DEBUG 238666 --- [crud-springboot] [           main] o.s.b.f.s.DefaultListableBeanFactory     : Creating shared instance of singleton bean 'org.springframework.data.jpa.util.JpaMetamodelCacheCleanup'
2024-07-20T12:50:59.136+02:00 TRACE 238666 --- [crud-springboot] [           main] o.s.b.f.s.DefaultListableBeanFactory     : Creating instance of bean 'org.springframework.data.jpa.util.JpaMetamodelCacheCleanup'
2024-07-20T12:50:59.136+02:00 TRACE 238666 --- [crud-springboot] [           main] o.s.b.f.s.DefaultListableBeanFactory     : Returning cached instance of singleton bean 'org.springframework.transaction.config.internalTransactionAdvisor'
2024-07-20T12:50:59.137+02:00 TRACE 238666 --- [crud-springboot] [           main] o.s.b.f.s.DefaultListableBeanFactory     : Returning cached instance of singleton bean 'org.springframework.transaction.config.internalTransactionAdvisor'
2024-07-20T12:50:59.137+02:00 TRACE 238666 --- [crud-springboot] [           main] o.s.b.f.s.DefaultListableBeanFactory     : Returning cached instance of singleton bean 'org.springframework.transaction.config.internalTransactionAdvisor'
2024-07-20T12:50:59.137+02:00 TRACE 238666 --- [crud-springboot] [           main] o.s.b.f.s.DefaultListableBeanFactory     : Finished creating instance of bean 'org.springframework.data.jpa.util.JpaMetamodelCacheCleanup'
2024-07-20T12:50:59.137+02:00 DEBUG 238666 --- [crud-springboot] [           main] o.s.b.f.s.DefaultListableBeanFactory     : Creating shared instance of singleton bean 'org.springframework.data.jpa.repository.support.JpaEvaluationContextExtension'
2024-07-20T12:50:59.137+02:00 TRACE 238666 --- [crud-springboot] [           main] o.s.b.f.s.DefaultListableBeanFactory     : Creating instance of bean 'org.springframework.data.jpa.repository.support.JpaEvaluationContextExtension'
2024-07-20T12:50:59.137+02:00 TRACE 238666 --- [crud-springboot] [           main] o.s.b.f.s.DefaultListableBeanFactory     : Returning cached instance of singleton bean 'org.springframework.transaction.config.internalTransactionAdvisor'
2024-07-20T12:50:59.139+02:00 TRACE 238666 --- [crud-springboot] [           main] o.s.b.f.s.DefaultListableBeanFactory     : Returning cached instance of singleton bean 'org.springframework.transaction.config.internalTransactionAdvisor'
2024-07-20T12:50:59.140+02:00 TRACE 238666 --- [crud-springboot] [           main] o.s.b.f.s.DefaultListableBeanFactory     : Returning cached instance of singleton bean 'org.springframework.transaction.config.internalTransactionAdvisor'
2024-07-20T12:50:59.140+02:00 TRACE 238666 --- [crud-springboot] [           main] o.s.b.f.s.DefaultListableBeanFactory     : Finished creating instance of bean 'org.springframework.data.jpa.repository.support.JpaEvaluationContextExtension'
2024-07-20T12:50:59.140+02:00 TRACE 238666 --- [crud-springboot] [           main] o.s.b.f.s.DefaultListableBeanFactory     : Returning cached instance of singleton bean 'jpa.named-queries#0'
2024-07-20T12:50:59.140+02:00 TRACE 238666 --- [crud-springboot] [           main] o.s.b.f.s.DefaultListableBeanFactory     : Returning cached instance of singleton bean 'jpa.PersonRepository.fragments#0'
2024-07-20T12:50:59.140+02:00 TRACE 238666 --- [crud-springboot] [           main] o.s.b.f.s.DefaultListableBeanFactory     : Returning cached instance of singleton bean 'personRepository'
2024-07-20T12:50:59.140+02:00 TRACE 238666 --- [crud-springboot] [           main] o.s.b.f.s.DefaultListableBeanFactory     : Returning cached instance of singleton bean 'jpa.named-queries#1'
2024-07-20T12:50:59.140+02:00 TRACE 238666 --- [crud-springboot] [           main] o.s.b.f.s.DefaultListableBeanFactory     : Returning cached instance of singleton bean 'jpa.UserRepository.fragments#0'
2024-07-20T12:50:59.140+02:00 TRACE 238666 --- [crud-springboot] [           main] o.s.b.f.s.DefaultListableBeanFactory     : Returning cached instance of singleton bean 'userRepository'
2024-07-20T12:50:59.140+02:00 DEBUG 238666 --- [crud-springboot] [           main] o.s.b.f.s.DefaultListableBeanFactory     : Creating shared instance of singleton bean 'jpa.named-queries#2'
2024-07-20T12:50:59.140+02:00 TRACE 238666 --- [crud-springboot] [           main] o.s.b.f.s.DefaultListableBeanFactory     : Creating instance of bean 'jpa.named-queries#2'
2024-07-20T12:50:59.141+02:00 TRACE 238666 --- [crud-springboot] [           main] o.s.b.f.s.DefaultListableBeanFactory     : Returning cached instance of singleton bean 'org.springframework.transaction.config.internalTransactionAdvisor'
2024-07-20T12:50:59.141+02:00 TRACE 238666 --- [crud-springboot] [           main] o.s.beans.TypeConverterDelegate          : Converting String to [class [Lorg.springframework.core.io.Resource;] using property editor [org.springframework.core.io.support.ResourceArrayPropertyEditor@5482b32a]
2024-07-20T12:50:59.142+02:00 TRACE 238666 --- [crud-springboot] [           main] .i.s.PathMatchingResourcePatternResolver : Resolved module-path location pattern [META-INF/jpa-named-queries.properties] to resources []
2024-07-20T12:50:59.142+02:00 TRACE 238666 --- [crud-springboot] [           main] .i.s.PathMatchingResourcePatternResolver : Resolved class path location [META-INF/jpa-named-queries.properties] to resources []
2024-07-20T12:50:59.142+02:00 TRACE 238666 --- [crud-springboot] [           main] o.s.b.f.s.DefaultListableBeanFactory     : Invoking afterPropertiesSet() on bean with name 'jpa.named-queries#2'
2024-07-20T12:50:59.143+02:00 TRACE 238666 --- [crud-springboot] [           main] o.s.b.f.s.DefaultListableBeanFactory     : Returning cached instance of singleton bean 'org.springframework.transaction.config.internalTransactionAdvisor'
2024-07-20T12:50:59.143+02:00 TRACE 238666 --- [crud-springboot] [           main] o.s.b.f.s.DefaultListableBeanFactory     : Returning cached instance of singleton bean 'org.springframework.transaction.config.internalTransactionAdvisor'
2024-07-20T12:50:59.143+02:00 TRACE 238666 --- [crud-springboot] [           main] o.s.b.f.s.DefaultListableBeanFactory     : Finished creating instance of bean 'jpa.named-queries#2'
2024-07-20T12:50:59.143+02:00 DEBUG 238666 --- [crud-springboot] [           main] o.s.b.f.s.DefaultListableBeanFactory     : Creating shared instance of singleton bean 'jpa.MenuRepository.fragments#0'
2024-07-20T12:50:59.143+02:00 TRACE 238666 --- [crud-springboot] [           main] o.s.b.f.s.DefaultListableBeanFactory     : Creating instance of bean 'jpa.MenuRepository.fragments#0'
2024-07-20T12:50:59.143+02:00 TRACE 238666 --- [crud-springboot] [           main] o.s.b.f.s.DefaultListableBeanFactory     : Returning cached instance of singleton bean 'org.springframework.transaction.config.internalTransactionAdvisor'
2024-07-20T12:50:59.144+02:00 TRACE 238666 --- [crud-springboot] [           main] o.s.b.f.s.DefaultListableBeanFactory     : Invoking afterPropertiesSet() on bean with name 'jpa.MenuRepository.fragments#0'
2024-07-20T12:50:59.144+02:00 TRACE 238666 --- [crud-springboot] [           main] o.s.b.f.s.DefaultListableBeanFactory     : Returning cached instance of singleton bean 'org.springframework.transaction.config.internalTransactionAdvisor'
2024-07-20T12:50:59.144+02:00 TRACE 238666 --- [crud-springboot] [           main] o.s.b.f.s.DefaultListableBeanFactory     : Returning cached instance of singleton bean 'org.springframework.transaction.config.internalTransactionAdvisor'
2024-07-20T12:50:59.144+02:00 TRACE 238666 --- [crud-springboot] [           main] o.s.b.f.s.DefaultListableBeanFactory     : Finished creating instance of bean 'jpa.MenuRepository.fragments#0'
2024-07-20T12:50:59.144+02:00 DEBUG 238666 --- [crud-springboot] [           main] o.s.b.f.s.DefaultListableBeanFactory     : Creating shared instance of singleton bean 'menuRepository'
2024-07-20T12:50:59.144+02:00 TRACE 238666 --- [crud-springboot] [           main] o.s.b.f.s.DefaultListableBeanFactory     : Creating instance of bean 'menuRepository'
2024-07-20T12:50:59.144+02:00 TRACE 238666 --- [crud-springboot] [           main] o.s.b.f.s.DefaultListableBeanFactory     : Returning cached instance of singleton bean 'org.springframework.transaction.config.internalTransactionAdvisor'
2024-07-20T12:50:59.147+02:00 TRACE 238666 --- [crud-springboot] [           main] o.s.b.f.s.DefaultListableBeanFactory     : Returning cached instance of singleton bean 'jpa.named-queries#2'
2024-07-20T12:50:59.147+02:00 TRACE 238666 --- [crud-springboot] [           main] o.s.b.f.s.DefaultListableBeanFactory     : Returning cached instance of singleton bean 'org.springframework.transaction.config.internalTransactionAdvisor'
2024-07-20T12:50:59.147+02:00 TRACE 238666 --- [crud-springboot] [           main] o.s.b.f.s.DefaultListableBeanFactory     : Returning cached instance of singleton bean 'org.springframework.transaction.config.internalTransactionAdvisor'
2024-07-20T12:50:59.147+02:00 TRACE 238666 --- [crud-springboot] [           main] o.s.b.f.s.DefaultListableBeanFactory     : Returning cached instance of singleton bean 'jpa.MenuRepository.fragments#0'
2024-07-20T12:50:59.147+02:00 TRACE 238666 --- [crud-springboot] [           main] o.s.b.f.s.DefaultListableBeanFactory     : Returning cached instance of singleton bean 'org.springframework.transaction.config.internalTransactionAdvisor'
2024-07-20T12:50:59.147+02:00 TRACE 238666 --- [crud-springboot] [           main] o.s.b.f.s.DefaultListableBeanFactory     : Returning cached instance of singleton bean 'org.springframework.transaction.config.internalTransactionAdvisor'
2024-07-20T12:50:59.147+02:00 TRACE 238666 --- [crud-springboot] [           main] o.s.b.f.s.DefaultListableBeanFactory     : Returning cached instance of singleton bean 'jpaSharedEM_entityManagerFactory'
2024-07-20T12:50:59.147+02:00 TRACE 238666 --- [crud-springboot] [           main] o.s.b.f.s.DefaultListableBeanFactory     : Returning cached instance of singleton bean 'jpaMappingContext'
2024-07-20T12:50:59.148+02:00 TRACE 238666 --- [crud-springboot] [           main] o.s.b.f.s.DefaultListableBeanFactory     : Invoking afterPropertiesSet() on bean with name 'menuRepository'
2024-07-20T12:50:59.148+02:00 DEBUG 238666 --- [crud-springboot] [           main] tor$SharedEntityManagerInvocationHandler : Creating new EntityManager for shared EntityManager invocation
2024-07-20T12:50:59.148+02:00 DEBUG 238666 --- [crud-springboot] [           main] o.s.d.r.c.s.RepositoryFactorySupport     : Initializing repository instance for com.cwa.crudspringboot.repository.MenuRepository…
2024-07-20T12:50:59.148+02:00 TRACE 238666 --- [crud-springboot] [           main] o.s.b.f.s.DefaultListableBeanFactory     : Returning cached instance of singleton bean 'applicationStartup'
2024-07-20T12:50:59.149+02:00 TRACE 238666 --- [crud-springboot] [           main] o.s.aop.framework.JdkDynamicAopProxy     : Creating JDK dynamic proxy: org.springframework.data.jpa.repository.support.CrudMethodMetadataPostProcessor$ThreadBoundTargetSource@3db145f7
2024-07-20T12:50:59.149+02:00 DEBUG 238666 --- [crud-springboot] [           main] tor$SharedEntityManagerInvocationHandler : Creating new EntityManager for shared EntityManager invocation
2024-07-20T12:50:59.149+02:00 TRACE 238666 --- [crud-springboot] [           main] o.s.aop.framework.JdkDynamicAopProxy     : Creating JDK dynamic proxy: org.springframework.data.jpa.repository.support.CrudMethodMetadataPostProcessor$ThreadBoundTargetSource@25bd68ea
2024-07-20T12:50:59.152+02:00 TRACE 238666 --- [crud-springboot] [           main] o.s.aop.framework.JdkDynamicAopProxy     : Creating JDK dynamic proxy: SingletonTargetSource for target object [org.springframework.data.jpa.repository.support.SimpleJpaRepository@7915111a]
2024-07-20T12:50:59.159+02:00 DEBUG 238666 --- [crud-springboot] [           main] o.s.d.r.c.s.RepositoryFactorySupport     : Finished creation of repository instance for com.cwa.crudspringboot.repository.MenuRepository.
2024-07-20T12:50:59.159+02:00 TRACE 238666 --- [crud-springboot] [           main] o.s.b.f.s.DefaultListableBeanFactory     : Returning cached instance of singleton bean 'org.springframework.transaction.config.internalTransactionAdvisor'
2024-07-20T12:50:59.159+02:00 TRACE 238666 --- [crud-springboot] [           main] o.s.b.f.s.DefaultListableBeanFactory     : Returning cached instance of singleton bean 'org.springframework.transaction.config.internalTransactionAdvisor'
2024-07-20T12:50:59.159+02:00 TRACE 238666 --- [crud-springboot] [           main] o.s.b.f.s.DefaultListableBeanFactory     : Finished creating instance of bean 'menuRepository'
2024-07-20T12:50:59.159+02:00 DEBUG 238666 --- [crud-springboot] [           main] o.s.b.f.s.DefaultListableBeanFactory     : Creating shared instance of singleton bean 'jpa.named-queries#3'
2024-07-20T12:50:59.160+02:00 TRACE 238666 --- [crud-springboot] [           main] o.s.b.f.s.DefaultListableBeanFactory     : Creating instance of bean 'jpa.named-queries#3'
2024-07-20T12:50:59.160+02:00 TRACE 238666 --- [crud-springboot] [           main] o.s.b.f.s.DefaultListableBeanFactory     : Returning cached instance of singleton bean 'org.springframework.transaction.config.internalTransactionAdvisor'
2024-07-20T12:50:59.160+02:00 TRACE 238666 --- [crud-springboot] [           main] o.s.beans.TypeConverterDelegate          : Converting String to [class [Lorg.springframework.core.io.Resource;] using property editor [org.springframework.core.io.support.ResourceArrayPropertyEditor@7ae75ba6]
2024-07-20T12:50:59.160+02:00 TRACE 238666 --- [crud-springboot] [           main] .i.s.PathMatchingResourcePatternResolver : Resolved module-path location pattern [META-INF/jpa-named-queries.properties] to resources []
2024-07-20T12:50:59.160+02:00 TRACE 238666 --- [crud-springboot] [           main] .i.s.PathMatchingResourcePatternResolver : Resolved class path location [META-INF/jpa-named-queries.properties] to resources []
2024-07-20T12:50:59.161+02:00 TRACE 238666 --- [crud-springboot] [           main] o.s.b.f.s.DefaultListableBeanFactory     : Invoking afterPropertiesSet() on bean with name 'jpa.named-queries#3'
2024-07-20T12:50:59.161+02:00 TRACE 238666 --- [crud-springboot] [           main] o.s.b.f.s.DefaultListableBeanFactory     : Returning cached instance of singleton bean 'org.springframework.transaction.config.internalTransactionAdvisor'
2024-07-20T12:50:59.161+02:00 TRACE 238666 --- [crud-springboot] [           main] o.s.b.f.s.DefaultListableBeanFactory     : Returning cached instance of singleton bean 'org.springframework.transaction.config.internalTransactionAdvisor'
2024-07-20T12:50:59.161+02:00 TRACE 238666 --- [crud-springboot] [           main] o.s.b.f.s.DefaultListableBeanFactory     : Finished creating instance of bean 'jpa.named-queries#3'
2024-07-20T12:50:59.161+02:00 DEBUG 238666 --- [crud-springboot] [           main] o.s.b.f.s.DefaultListableBeanFactory     : Creating shared instance of singleton bean 'jpa.AllergenRepository.fragments#0'
2024-07-20T12:50:59.161+02:00 TRACE 238666 --- [crud-springboot] [           main] o.s.b.f.s.DefaultListableBeanFactory     : Creating instance of bean 'jpa.AllergenRepository.fragments#0'
2024-07-20T12:50:59.161+02:00 TRACE 238666 --- [crud-springboot] [           main] o.s.b.f.s.DefaultListableBeanFactory     : Returning cached instance of singleton bean 'org.springframework.transaction.config.internalTransactionAdvisor'
2024-07-20T12:50:59.161+02:00 TRACE 238666 --- [crud-springboot] [           main] o.s.b.f.s.DefaultListableBeanFactory     : Invoking afterPropertiesSet() on bean with name 'jpa.AllergenRepository.fragments#0'
2024-07-20T12:50:59.162+02:00 TRACE 238666 --- [crud-springboot] [           main] o.s.b.f.s.DefaultListableBeanFactory     : Returning cached instance of singleton bean 'org.springframework.transaction.config.internalTransactionAdvisor'
2024-07-20T12:50:59.162+02:00 TRACE 238666 --- [crud-springboot] [           main] o.s.b.f.s.DefaultListableBeanFactory     : Returning cached instance of singleton bean 'org.springframework.transaction.config.internalTransactionAdvisor'
2024-07-20T12:50:59.162+02:00 TRACE 238666 --- [crud-springboot] [           main] o.s.b.f.s.DefaultListableBeanFactory     : Finished creating instance of bean 'jpa.AllergenRepository.fragments#0'
2024-07-20T12:50:59.162+02:00 DEBUG 238666 --- [crud-springboot] [           main] o.s.b.f.s.DefaultListableBeanFactory     : Creating shared instance of singleton bean 'allergenRepository'
2024-07-20T12:50:59.162+02:00 TRACE 238666 --- [crud-springboot] [           main] o.s.b.f.s.DefaultListableBeanFactory     : Creating instance of bean 'allergenRepository'
2024-07-20T12:50:59.162+02:00 TRACE 238666 --- [crud-springboot] [           main] o.s.b.f.s.DefaultListableBeanFactory     : Returning cached instance of singleton bean 'org.springframework.transaction.config.internalTransactionAdvisor'
2024-07-20T12:50:59.163+02:00 TRACE 238666 --- [crud-springboot] [           main] o.s.b.f.s.DefaultListableBeanFactory     : Returning cached instance of singleton bean 'jpa.named-queries#3'
2024-07-20T12:50:59.163+02:00 TRACE 238666 --- [crud-springboot] [           main] o.s.b.f.s.DefaultListableBeanFactory     : Returning cached instance of singleton bean 'org.springframework.transaction.config.internalTransactionAdvisor'
2024-07-20T12:50:59.163+02:00 TRACE 238666 --- [crud-springboot] [           main] o.s.b.f.s.DefaultListableBeanFactory     : Returning cached instance of singleton bean 'org.springframework.transaction.config.internalTransactionAdvisor'
2024-07-20T12:50:59.164+02:00 TRACE 238666 --- [crud-springboot] [           main] o.s.b.f.s.DefaultListableBeanFactory     : Returning cached instance of singleton bean 'jpa.AllergenRepository.fragments#0'
2024-07-20T12:50:59.164+02:00 TRACE 238666 --- [crud-springboot] [           main] o.s.b.f.s.DefaultListableBeanFactory     : Returning cached instance of singleton bean 'org.springframework.transaction.config.internalTransactionAdvisor'
2024-07-20T12:50:59.164+02:00 TRACE 238666 --- [crud-springboot] [           main] o.s.b.f.s.DefaultListableBeanFactory     : Returning cached instance of singleton bean 'org.springframework.transaction.config.internalTransactionAdvisor'
2024-07-20T12:50:59.164+02:00 TRACE 238666 --- [crud-springboot] [           main] o.s.b.f.s.DefaultListableBeanFactory     : Returning cached instance of singleton bean 'jpaSharedEM_entityManagerFactory'
2024-07-20T12:50:59.164+02:00 TRACE 238666 --- [crud-springboot] [           main] o.s.b.f.s.DefaultListableBeanFactory     : Returning cached instance of singleton bean 'jpaMappingContext'
2024-07-20T12:50:59.165+02:00 TRACE 238666 --- [crud-springboot] [           main] o.s.b.f.s.DefaultListableBeanFactory     : Invoking afterPropertiesSet() on bean with name 'allergenRepository'
2024-07-20T12:50:59.165+02:00 DEBUG 238666 --- [crud-springboot] [           main] tor$SharedEntityManagerInvocationHandler : Creating new EntityManager for shared EntityManager invocation
2024-07-20T12:50:59.165+02:00 DEBUG 238666 --- [crud-springboot] [           main] o.s.d.r.c.s.RepositoryFactorySupport     : Initializing repository instance for com.cwa.crudspringboot.repository.AllergenRepository…
2024-07-20T12:50:59.165+02:00 TRACE 238666 --- [crud-springboot] [           main] o.s.b.f.s.DefaultListableBeanFactory     : Returning cached instance of singleton bean 'applicationStartup'
2024-07-20T12:50:59.166+02:00 TRACE 238666 --- [crud-springboot] [           main] o.s.aop.framework.JdkDynamicAopProxy     : Creating JDK dynamic proxy: org.springframework.data.jpa.repository.support.CrudMethodMetadataPostProcessor$ThreadBoundTargetSource@1f8a1b
2024-07-20T12:50:59.166+02:00 DEBUG 238666 --- [crud-springboot] [           main] tor$SharedEntityManagerInvocationHandler : Creating new EntityManager for shared EntityManager invocation
2024-07-20T12:50:59.167+02:00 TRACE 238666 --- [crud-springboot] [           main] o.s.aop.framework.JdkDynamicAopProxy     : Creating JDK dynamic proxy: org.springframework.data.jpa.repository.support.CrudMethodMetadataPostProcessor$ThreadBoundTargetSource@568cbf8d
2024-07-20T12:50:59.170+02:00 TRACE 238666 --- [crud-springboot] [           main] o.s.aop.framework.JdkDynamicAopProxy     : Creating JDK dynamic proxy: SingletonTargetSource for target object [org.springframework.data.jpa.repository.support.SimpleJpaRepository@376c5950]
2024-07-20T12:50:59.174+02:00 DEBUG 238666 --- [crud-springboot] [           main] o.s.d.r.c.s.RepositoryFactorySupport     : Finished creation of repository instance for com.cwa.crudspringboot.repository.AllergenRepository.
2024-07-20T12:50:59.174+02:00 TRACE 238666 --- [crud-springboot] [           main] o.s.b.f.s.DefaultListableBeanFactory     : Returning cached instance of singleton bean 'org.springframework.transaction.config.internalTransactionAdvisor'
2024-07-20T12:50:59.174+02:00 TRACE 238666 --- [crud-springboot] [           main] o.s.b.f.s.DefaultListableBeanFactory     : Returning cached instance of singleton bean 'org.springframework.transaction.config.internalTransactionAdvisor'
2024-07-20T12:50:59.175+02:00 TRACE 238666 --- [crud-springboot] [           main] o.s.b.f.s.DefaultListableBeanFactory     : Finished creating instance of bean 'allergenRepository'
2024-07-20T12:50:59.175+02:00 DEBUG 238666 --- [crud-springboot] [           main] o.s.b.f.s.DefaultListableBeanFactory     : Creating shared instance of singleton bean 'jpa.named-queries#4'
2024-07-20T12:50:59.175+02:00 TRACE 238666 --- [crud-springboot] [           main] o.s.b.f.s.DefaultListableBeanFactory     : Creating instance of bean 'jpa.named-queries#4'
2024-07-20T12:50:59.175+02:00 TRACE 238666 --- [crud-springboot] [           main] o.s.b.f.s.DefaultListableBeanFactory     : Returning cached instance of singleton bean 'org.springframework.transaction.config.internalTransactionAdvisor'
2024-07-20T12:50:59.175+02:00 TRACE 238666 --- [crud-springboot] [           main] o.s.beans.TypeConverterDelegate          : Converting String to [class [Lorg.springframework.core.io.Resource;] using property editor [org.springframework.core.io.support.ResourceArrayPropertyEditor@4eee730c]
2024-07-20T12:50:59.176+02:00 TRACE 238666 --- [crud-springboot] [           main] .i.s.PathMatchingResourcePatternResolver : Resolved module-path location pattern [META-INF/jpa-named-queries.properties] to resources []
2024-07-20T12:50:59.176+02:00 TRACE 238666 --- [crud-springboot] [           main] .i.s.PathMatchingResourcePatternResolver : Resolved class path location [META-INF/jpa-named-queries.properties] to resources []
2024-07-20T12:50:59.176+02:00 TRACE 238666 --- [crud-springboot] [           main] o.s.b.f.s.DefaultListableBeanFactory     : Invoking afterPropertiesSet() on bean with name 'jpa.named-queries#4'
2024-07-20T12:50:59.176+02:00 TRACE 238666 --- [crud-springboot] [           main] o.s.b.f.s.DefaultListableBeanFactory     : Returning cached instance of singleton bean 'org.springframework.transaction.config.internalTransactionAdvisor'
2024-07-20T12:50:59.176+02:00 TRACE 238666 --- [crud-springboot] [           main] o.s.b.f.s.DefaultListableBeanFactory     : Returning cached instance of singleton bean 'org.springframework.transaction.config.internalTransactionAdvisor'
2024-07-20T12:50:59.176+02:00 TRACE 238666 --- [crud-springboot] [           main] o.s.b.f.s.DefaultListableBeanFactory     : Finished creating instance of bean 'jpa.named-queries#4'
2024-07-20T12:50:59.176+02:00 DEBUG 238666 --- [crud-springboot] [           main] o.s.b.f.s.DefaultListableBeanFactory     : Creating shared instance of singleton bean 'jpa.IngredientRepository.fragments#0'
2024-07-20T12:50:59.176+02:00 TRACE 238666 --- [crud-springboot] [           main] o.s.b.f.s.DefaultListableBeanFactory     : Creating instance of bean 'jpa.IngredientRepository.fragments#0'
2024-07-20T12:50:59.176+02:00 TRACE 238666 --- [crud-springboot] [           main] o.s.b.f.s.DefaultListableBeanFactory     : Returning cached instance of singleton bean 'org.springframework.transaction.config.internalTransactionAdvisor'
2024-07-20T12:50:59.177+02:00 TRACE 238666 --- [crud-springboot] [           main] o.s.b.f.s.DefaultListableBeanFactory     : Invoking afterPropertiesSet() on bean with name 'jpa.IngredientRepository.fragments#0'
2024-07-20T12:50:59.177+02:00 TRACE 238666 --- [crud-springboot] [           main] o.s.b.f.s.DefaultListableBeanFactory     : Returning cached instance of singleton bean 'org.springframework.transaction.config.internalTransactionAdvisor'
2024-07-20T12:50:59.177+02:00 TRACE 238666 --- [crud-springboot] [           main] o.s.b.f.s.DefaultListableBeanFactory     : Returning cached instance of singleton bean 'org.springframework.transaction.config.internalTransactionAdvisor'
2024-07-20T12:50:59.177+02:00 TRACE 238666 --- [crud-springboot] [           main] o.s.b.f.s.DefaultListableBeanFactory     : Finished creating instance of bean 'jpa.IngredientRepository.fragments#0'
2024-07-20T12:50:59.177+02:00 DEBUG 238666 --- [crud-springboot] [           main] o.s.b.f.s.DefaultListableBeanFactory     : Creating shared instance of singleton bean 'ingredientRepository'
2024-07-20T12:50:59.177+02:00 TRACE 238666 --- [crud-springboot] [           main] o.s.b.f.s.DefaultListableBeanFactory     : Creating instance of bean 'ingredientRepository'
2024-07-20T12:50:59.177+02:00 TRACE 238666 --- [crud-springboot] [           main] o.s.b.f.s.DefaultListableBeanFactory     : Returning cached instance of singleton bean 'org.springframework.transaction.config.internalTransactionAdvisor'
2024-07-20T12:50:59.179+02:00 TRACE 238666 --- [crud-springboot] [           main] o.s.b.f.s.DefaultListableBeanFactory     : Returning cached instance of singleton bean 'jpa.named-queries#4'
2024-07-20T12:50:59.179+02:00 TRACE 238666 --- [crud-springboot] [           main] o.s.b.f.s.DefaultListableBeanFactory     : Returning cached instance of singleton bean 'org.springframework.transaction.config.internalTransactionAdvisor'
2024-07-20T12:50:59.179+02:00 TRACE 238666 --- [crud-springboot] [           main] o.s.b.f.s.DefaultListableBeanFactory     : Returning cached instance of singleton bean 'org.springframework.transaction.config.internalTransactionAdvisor'
2024-07-20T12:50:59.180+02:00 TRACE 238666 --- [crud-springboot] [           main] o.s.b.f.s.DefaultListableBeanFactory     : Returning cached instance of singleton bean 'jpa.IngredientRepository.fragments#0'
2024-07-20T12:50:59.180+02:00 TRACE 238666 --- [crud-springboot] [           main] o.s.b.f.s.DefaultListableBeanFactory     : Returning cached instance of singleton bean 'org.springframework.transaction.config.internalTransactionAdvisor'
2024-07-20T12:50:59.180+02:00 TRACE 238666 --- [crud-springboot] [           main] o.s.b.f.s.DefaultListableBeanFactory     : Returning cached instance of singleton bean 'org.springframework.transaction.config.internalTransactionAdvisor'
2024-07-20T12:50:59.180+02:00 TRACE 238666 --- [crud-springboot] [           main] o.s.b.f.s.DefaultListableBeanFactory     : Returning cached instance of singleton bean 'jpaSharedEM_entityManagerFactory'
2024-07-20T12:50:59.180+02:00 TRACE 238666 --- [crud-springboot] [           main] o.s.b.f.s.DefaultListableBeanFactory     : Returning cached instance of singleton bean 'jpaMappingContext'
2024-07-20T12:50:59.181+02:00 TRACE 238666 --- [crud-springboot] [           main] o.s.b.f.s.DefaultListableBeanFactory     : Invoking afterPropertiesSet() on bean with name 'ingredientRepository'
2024-07-20T12:50:59.181+02:00 DEBUG 238666 --- [crud-springboot] [           main] tor$SharedEntityManagerInvocationHandler : Creating new EntityManager for shared EntityManager invocation
2024-07-20T12:50:59.182+02:00 DEBUG 238666 --- [crud-springboot] [           main] o.s.d.r.c.s.RepositoryFactorySupport     : Initializing repository instance for com.cwa.crudspringboot.repository.IngredientRepository…
2024-07-20T12:50:59.182+02:00 TRACE 238666 --- [crud-springboot] [           main] o.s.b.f.s.DefaultListableBeanFactory     : Returning cached instance of singleton bean 'applicationStartup'
2024-07-20T12:50:59.182+02:00 TRACE 238666 --- [crud-springboot] [           main] o.s.aop.framework.JdkDynamicAopProxy     : Creating JDK dynamic proxy: org.springframework.data.jpa.repository.support.CrudMethodMetadataPostProcessor$ThreadBoundTargetSource@3aec2f59
2024-07-20T12:50:59.183+02:00 DEBUG 238666 --- [crud-springboot] [           main] tor$SharedEntityManagerInvocationHandler : Creating new EntityManager for shared EntityManager invocation
2024-07-20T12:50:59.184+02:00 TRACE 238666 --- [crud-springboot] [           main] o.s.aop.framework.JdkDynamicAopProxy     : Creating JDK dynamic proxy: org.springframework.data.jpa.repository.support.CrudMethodMetadataPostProcessor$ThreadBoundTargetSource@fefd4a2
2024-07-20T12:50:59.187+02:00 TRACE 238666 --- [crud-springboot] [           main] o.s.aop.framework.JdkDynamicAopProxy     : Creating JDK dynamic proxy: SingletonTargetSource for target object [org.springframework.data.jpa.repository.support.SimpleJpaRepository@6d2693f]
2024-07-20T12:50:59.194+02:00 DEBUG 238666 --- [crud-springboot] [           main] o.s.d.r.c.s.RepositoryFactorySupport     : Finished creation of repository instance for com.cwa.crudspringboot.repository.IngredientRepository.
2024-07-20T12:50:59.194+02:00 TRACE 238666 --- [crud-springboot] [           main] o.s.b.f.s.DefaultListableBeanFactory     : Returning cached instance of singleton bean 'org.springframework.transaction.config.internalTransactionAdvisor'
2024-07-20T12:50:59.194+02:00 TRACE 238666 --- [crud-springboot] [           main] o.s.b.f.s.DefaultListableBeanFactory     : Returning cached instance of singleton bean 'org.springframework.transaction.config.internalTransactionAdvisor'
2024-07-20T12:50:59.194+02:00 TRACE 238666 --- [crud-springboot] [           main] o.s.b.f.s.DefaultListableBeanFactory     : Finished creating instance of bean 'ingredientRepository'
2024-07-20T12:50:59.194+02:00 TRACE 238666 --- [crud-springboot] [           main] o.s.b.f.s.DefaultListableBeanFactory     : Returning cached instance of singleton bean 'jpa.named-queries#5'
2024-07-20T12:50:59.194+02:00 TRACE 238666 --- [crud-springboot] [           main] o.s.b.f.s.DefaultListableBeanFactory     : Returning cached instance of singleton bean 'jpa.CardRepository.fragments#0'
2024-07-20T12:50:59.194+02:00 TRACE 238666 --- [crud-springboot] [           main] o.s.b.f.s.DefaultListableBeanFactory     : Returning cached instance of singleton bean 'cardRepository'
2024-07-20T12:50:59.194+02:00 DEBUG 238666 --- [crud-springboot] [           main] o.s.b.f.s.DefaultListableBeanFactory     : Creating shared instance of singleton bean 'jpa.named-queries#6'
2024-07-20T12:50:59.194+02:00 TRACE 238666 --- [crud-springboot] [           main] o.s.b.f.s.DefaultListableBeanFactory     : Creating instance of bean 'jpa.named-queries#6'
2024-07-20T12:50:59.195+02:00 TRACE 238666 --- [crud-springboot] [           main] o.s.b.f.s.DefaultListableBeanFactory     : Returning cached instance of singleton bean 'org.springframework.transaction.config.internalTransactionAdvisor'
2024-07-20T12:50:59.195+02:00 TRACE 238666 --- [crud-springboot] [           main] o.s.beans.TypeConverterDelegate          : Converting String to [class [Lorg.springframework.core.io.Resource;] using property editor [org.springframework.core.io.support.ResourceArrayPropertyEditor@47a68e3f]
2024-07-20T12:50:59.195+02:00 TRACE 238666 --- [crud-springboot] [           main] .i.s.PathMatchingResourcePatternResolver : Resolved module-path location pattern [META-INF/jpa-named-queries.properties] to resources []
2024-07-20T12:50:59.195+02:00 TRACE 238666 --- [crud-springboot] [           main] .i.s.PathMatchingResourcePatternResolver : Resolved class path location [META-INF/jpa-named-queries.properties] to resources []
2024-07-20T12:50:59.196+02:00 TRACE 238666 --- [crud-springboot] [           main] o.s.b.f.s.DefaultListableBeanFactory     : Invoking afterPropertiesSet() on bean with name 'jpa.named-queries#6'
2024-07-20T12:50:59.196+02:00 TRACE 238666 --- [crud-springboot] [           main] o.s.b.f.s.DefaultListableBeanFactory     : Returning cached instance of singleton bean 'org.springframework.transaction.config.internalTransactionAdvisor'
2024-07-20T12:50:59.196+02:00 TRACE 238666 --- [crud-springboot] [           main] o.s.b.f.s.DefaultListableBeanFactory     : Returning cached instance of singleton bean 'org.springframework.transaction.config.internalTransactionAdvisor'
2024-07-20T12:50:59.196+02:00 TRACE 238666 --- [crud-springboot] [           main] o.s.b.f.s.DefaultListableBeanFactory     : Finished creating instance of bean 'jpa.named-queries#6'
2024-07-20T12:50:59.196+02:00 DEBUG 238666 --- [crud-springboot] [           main] o.s.b.f.s.DefaultListableBeanFactory     : Creating shared instance of singleton bean 'jpa.DishRepository.fragments#0'
2024-07-20T12:50:59.196+02:00 TRACE 238666 --- [crud-springboot] [           main] o.s.b.f.s.DefaultListableBeanFactory     : Creating instance of bean 'jpa.DishRepository.fragments#0'
2024-07-20T12:50:59.196+02:00 TRACE 238666 --- [crud-springboot] [           main] o.s.b.f.s.DefaultListableBeanFactory     : Returning cached instance of singleton bean 'org.springframework.transaction.config.internalTransactionAdvisor'
2024-07-20T12:50:59.196+02:00 TRACE 238666 --- [crud-springboot] [           main] o.s.b.f.s.DefaultListableBeanFactory     : Invoking afterPropertiesSet() on bean with name 'jpa.DishRepository.fragments#0'
2024-07-20T12:50:59.197+02:00 TRACE 238666 --- [crud-springboot] [           main] o.s.b.f.s.DefaultListableBeanFactory     : Returning cached instance of singleton bean 'org.springframework.transaction.config.internalTransactionAdvisor'
2024-07-20T12:50:59.197+02:00 TRACE 238666 --- [crud-springboot] [           main] o.s.b.f.s.DefaultListableBeanFactory     : Returning cached instance of singleton bean 'org.springframework.transaction.config.internalTransactionAdvisor'
2024-07-20T12:50:59.197+02:00 TRACE 238666 --- [crud-springboot] [           main] o.s.b.f.s.DefaultListableBeanFactory     : Finished creating instance of bean 'jpa.DishRepository.fragments#0'
2024-07-20T12:50:59.197+02:00 DEBUG 238666 --- [crud-springboot] [           main] o.s.b.f.s.DefaultListableBeanFactory     : Creating shared instance of singleton bean 'dishRepository'
2024-07-20T12:50:59.197+02:00 TRACE 238666 --- [crud-springboot] [           main] o.s.b.f.s.DefaultListableBeanFactory     : Creating instance of bean 'dishRepository'
2024-07-20T12:50:59.197+02:00 TRACE 238666 --- [crud-springboot] [           main] o.s.b.f.s.DefaultListableBeanFactory     : Returning cached instance of singleton bean 'org.springframework.transaction.config.internalTransactionAdvisor'
2024-07-20T12:50:59.198+02:00 TRACE 238666 --- [crud-springboot] [           main] o.s.b.f.s.DefaultListableBeanFactory     : Returning cached instance of singleton bean 'jpa.named-queries#6'
2024-07-20T12:50:59.198+02:00 TRACE 238666 --- [crud-springboot] [           main] o.s.b.f.s.DefaultListableBeanFactory     : Returning cached instance of singleton bean 'org.springframework.transaction.config.internalTransactionAdvisor'
2024-07-20T12:50:59.199+02:00 TRACE 238666 --- [crud-springboot] [           main] o.s.b.f.s.DefaultListableBeanFactory     : Returning cached instance of singleton bean 'org.springframework.transaction.config.internalTransactionAdvisor'
2024-07-20T12:50:59.199+02:00 TRACE 238666 --- [crud-springboot] [           main] o.s.b.f.s.DefaultListableBeanFactory     : Returning cached instance of singleton bean 'jpa.DishRepository.fragments#0'
2024-07-20T12:50:59.199+02:00 TRACE 238666 --- [crud-springboot] [           main] o.s.b.f.s.DefaultListableBeanFactory     : Returning cached instance of singleton bean 'org.springframework.transaction.config.internalTransactionAdvisor'
2024-07-20T12:50:59.199+02:00 TRACE 238666 --- [crud-springboot] [           main] o.s.b.f.s.DefaultListableBeanFactory     : Returning cached instance of singleton bean 'org.springframework.transaction.config.internalTransactionAdvisor'
2024-07-20T12:50:59.199+02:00 TRACE 238666 --- [crud-springboot] [           main] o.s.b.f.s.DefaultListableBeanFactory     : Returning cached instance of singleton bean 'jpaSharedEM_entityManagerFactory'
2024-07-20T12:50:59.199+02:00 TRACE 238666 --- [crud-springboot] [           main] o.s.b.f.s.DefaultListableBeanFactory     : Returning cached instance of singleton bean 'jpaMappingContext'
2024-07-20T12:50:59.199+02:00 TRACE 238666 --- [crud-springboot] [           main] o.s.b.f.s.DefaultListableBeanFactory     : Invoking afterPropertiesSet() on bean with name 'dishRepository'
2024-07-20T12:50:59.200+02:00 DEBUG 238666 --- [crud-springboot] [           main] tor$SharedEntityManagerInvocationHandler : Creating new EntityManager for shared EntityManager invocation
2024-07-20T12:50:59.201+02:00 DEBUG 238666 --- [crud-springboot] [           main] o.s.d.r.c.s.RepositoryFactorySupport     : Initializing repository instance for com.cwa.crudspringboot.repository.DishRepository…
2024-07-20T12:50:59.201+02:00 TRACE 238666 --- [crud-springboot] [           main] o.s.b.f.s.DefaultListableBeanFactory     : Returning cached instance of singleton bean 'applicationStartup'
2024-07-20T12:50:59.201+02:00 TRACE 238666 --- [crud-springboot] [           main] o.s.aop.framework.JdkDynamicAopProxy     : Creating JDK dynamic proxy: org.springframework.data.jpa.repository.support.CrudMethodMetadataPostProcessor$ThreadBoundTargetSource@50f5ce5b
2024-07-20T12:50:59.202+02:00 DEBUG 238666 --- [crud-springboot] [           main] tor$SharedEntityManagerInvocationHandler : Creating new EntityManager for shared EntityManager invocation
2024-07-20T12:50:59.202+02:00 TRACE 238666 --- [crud-springboot] [           main] o.s.aop.framework.JdkDynamicAopProxy     : Creating JDK dynamic proxy: org.springframework.data.jpa.repository.support.CrudMethodMetadataPostProcessor$ThreadBoundTargetSource@1a507ea0
2024-07-20T12:50:59.205+02:00 TRACE 238666 --- [crud-springboot] [           main] o.s.aop.framework.JdkDynamicAopProxy     : Creating JDK dynamic proxy: SingletonTargetSource for target object [org.springframework.data.jpa.repository.support.SimpleJpaRepository@64a9fca7]
2024-07-20T12:50:59.211+02:00 DEBUG 238666 --- [crud-springboot] [           main] o.s.d.r.c.s.RepositoryFactorySupport     : Finished creation of repository instance for com.cwa.crudspringboot.repository.DishRepository.
2024-07-20T12:50:59.211+02:00 TRACE 238666 --- [crud-springboot] [           main] o.s.b.f.s.DefaultListableBeanFactory     : Returning cached instance of singleton bean 'org.springframework.transaction.config.internalTransactionAdvisor'
2024-07-20T12:50:59.211+02:00 TRACE 238666 --- [crud-springboot] [           main] o.s.b.f.s.DefaultListableBeanFactory     : Returning cached instance of singleton bean 'org.springframework.transaction.config.internalTransactionAdvisor'
2024-07-20T12:50:59.211+02:00 TRACE 238666 --- [crud-springboot] [           main] o.s.b.f.s.DefaultListableBeanFactory     : Finished creating instance of bean 'dishRepository'
2024-07-20T12:50:59.211+02:00 DEBUG 238666 --- [crud-springboot] [           main] o.s.b.f.s.DefaultListableBeanFactory     : Creating shared instance of singleton bean 'data-jpa.repository-aot-processor#0'
2024-07-20T12:50:59.211+02:00 TRACE 238666 --- [crud-springboot] [           main] o.s.b.f.s.DefaultListableBeanFactory     : Creating instance of bean 'data-jpa.repository-aot-processor#0'
2024-07-20T12:50:59.211+02:00 TRACE 238666 --- [crud-springboot] [           main] o.s.b.f.s.DefaultListableBeanFactory     : Returning cached instance of singleton bean 'org.springframework.transaction.config.internalTransactionAdvisor'
2024-07-20T12:50:59.214+02:00 TRACE 238666 --- [crud-springboot] [           main] o.s.beans.CachedIntrospectionResults     : Getting BeanInfo for class [org.springframework.data.jpa.repository.config.JpaRepositoryConfigExtension$JpaRepositoryRegistrationAotProcessor]
2024-07-20T12:50:59.214+02:00 TRACE 238666 --- [crud-springboot] [           main] o.s.beans.CachedIntrospectionResults     : Caching PropertyDescriptors for class [org.springframework.data.jpa.repository.config.JpaRepositoryConfigExtension$JpaRepositoryRegistrationAotProcessor]
2024-07-20T12:50:59.214+02:00 TRACE 238666 --- [crud-springboot] [           main] o.s.beans.CachedIntrospectionResults     : Found bean property 'beanExcludedFromAotProcessing' of type [boolean]
2024-07-20T12:50:59.214+02:00 TRACE 238666 --- [crud-springboot] [           main] o.s.beans.CachedIntrospectionResults     : Found bean property 'beanFactory' of type [org.springframework.beans.factory.BeanFactory]
2024-07-20T12:50:59.215+02:00 TRACE 238666 --- [crud-springboot] [           main] o.s.beans.CachedIntrospectionResults     : Found bean property 'class' of type [java.lang.Class]
2024-07-20T12:50:59.215+02:00 TRACE 238666 --- [crud-springboot] [           main] o.s.beans.CachedIntrospectionResults     : Found bean property 'configMap' of type [java.util.Map]
2024-07-20T12:50:59.218+02:00 TRACE 238666 --- [crud-springboot] [           main] o.s.b.f.s.DefaultListableBeanFactory     : Returning cached instance of singleton bean 'org.springframework.transaction.config.internalTransactionAdvisor'
2024-07-20T12:50:59.218+02:00 TRACE 238666 --- [crud-springboot] [           main] o.s.b.f.s.DefaultListableBeanFactory     : Returning cached instance of singleton bean 'org.springframework.transaction.config.internalTransactionAdvisor'
2024-07-20T12:50:59.218+02:00 TRACE 238666 --- [crud-springboot] [           main] o.s.b.f.s.DefaultListableBeanFactory     : Finished creating instance of bean 'data-jpa.repository-aot-processor#0'
2024-07-20T12:50:59.218+02:00 TRACE 238666 --- [crud-springboot] [           main] o.s.b.f.s.DefaultListableBeanFactory     : Returning cached instance of singleton bean 'org.springframework.boot.autoconfigure.http.HttpMessageConvertersAutoConfiguration$StringHttpMessageConverterConfiguration'
2024-07-20T12:50:59.218+02:00 TRACE 238666 --- [crud-springboot] [           main] o.s.b.f.s.DefaultListableBeanFactory     : Returning cached instance of singleton bean 'stringHttpMessageConverter'
2024-07-20T12:50:59.218+02:00 TRACE 238666 --- [crud-springboot] [           main] o.s.b.f.s.DefaultListableBeanFactory     : Returning cached instance of singleton bean 'org.springframework.boot.autoconfigure.http.JacksonHttpMessageConvertersConfiguration$MappingJackson2HttpMessageConverterConfiguration'
2024-07-20T12:50:59.218+02:00 TRACE 238666 --- [crud-springboot] [           main] o.s.b.f.s.DefaultListableBeanFactory     : Returning cached instance of singleton bean 'mappingJackson2HttpMessageConverter'
2024-07-20T12:50:59.218+02:00 DEBUG 238666 --- [crud-springboot] [           main] o.s.b.f.s.DefaultListableBeanFactory     : Creating shared instance of singleton bean 'org.springframework.boot.autoconfigure.http.JacksonHttpMessageConvertersConfiguration'
2024-07-20T12:50:59.218+02:00 TRACE 238666 --- [crud-springboot] [           main] o.s.b.f.s.DefaultListableBeanFactory     : Creating instance of bean 'org.springframework.boot.autoconfigure.http.JacksonHttpMessageConvertersConfiguration'
2024-07-20T12:50:59.218+02:00 TRACE 238666 --- [crud-springboot] [           main] o.s.b.f.s.DefaultListableBeanFactory     : Returning cached instance of singleton bean 'org.springframework.transaction.config.internalTransactionAdvisor'
2024-07-20T12:50:59.219+02:00 TRACE 238666 --- [crud-springboot] [           main] o.s.b.f.s.DefaultListableBeanFactory     : Returning cached instance of singleton bean 'org.springframework.transaction.config.internalTransactionAdvisor'
2024-07-20T12:50:59.219+02:00 TRACE 238666 --- [crud-springboot] [           main] o.s.b.f.s.DefaultListableBeanFactory     : Returning cached instance of singleton bean 'org.springframework.transaction.config.internalTransactionAdvisor'
2024-07-20T12:50:59.219+02:00 TRACE 238666 --- [crud-springboot] [           main] o.s.b.f.s.DefaultListableBeanFactory     : Finished creating instance of bean 'org.springframework.boot.autoconfigure.http.JacksonHttpMessageConvertersConfiguration'
2024-07-20T12:50:59.219+02:00 TRACE 238666 --- [crud-springboot] [           main] o.s.b.f.s.DefaultListableBeanFactory     : Returning cached instance of singleton bean 'org.springframework.boot.autoconfigure.http.HttpMessageConvertersAutoConfiguration'
2024-07-20T12:50:59.219+02:00 TRACE 238666 --- [crud-springboot] [           main] o.s.b.f.s.DefaultListableBeanFactory     : Returning cached instance of singleton bean 'messageConverters'
2024-07-20T12:50:59.219+02:00 DEBUG 238666 --- [crud-springboot] [           main] o.s.b.f.s.DefaultListableBeanFactory     : Creating shared instance of singleton bean 'org.springframework.data.web.config.ProjectingArgumentResolverRegistrar'
2024-07-20T12:50:59.219+02:00 TRACE 238666 --- [crud-springboot] [           main] o.s.b.f.s.DefaultListableBeanFactory     : Creating instance of bean 'org.springframework.data.web.config.ProjectingArgumentResolverRegistrar'
2024-07-20T12:50:59.219+02:00 TRACE 238666 --- [crud-springboot] [           main] o.s.b.f.s.DefaultListableBeanFactory     : Returning cached instance of singleton bean 'org.springframework.transaction.config.internalTransactionAdvisor'
2024-07-20T12:50:59.220+02:00 TRACE 238666 --- [crud-springboot] [           main] o.s.b.f.s.DefaultListableBeanFactory     : Returning cached instance of singleton bean 'org.springframework.transaction.config.internalTransactionAdvisor'
2024-07-20T12:50:59.220+02:00 TRACE 238666 --- [crud-springboot] [           main] o.s.b.f.s.DefaultListableBeanFactory     : Returning cached instance of singleton bean 'org.springframework.transaction.config.internalTransactionAdvisor'
2024-07-20T12:50:59.220+02:00 TRACE 238666 --- [crud-springboot] [           main] o.s.b.f.s.DefaultListableBeanFactory     : Finished creating instance of bean 'org.springframework.data.web.config.ProjectingArgumentResolverRegistrar'
2024-07-20T12:50:59.220+02:00 TRACE 238666 --- [crud-springboot] [           main] o.s.b.f.s.DefaultListableBeanFactory     : Returning cached instance of singleton bean 'projectingArgumentResolverBeanPostProcessor'
2024-07-20T12:50:59.220+02:00 TRACE 238666 --- [crud-springboot] [           main] o.s.b.f.s.DefaultListableBeanFactory     : Returning cached instance of singleton bean 'org.springframework.data.web.config.SpringDataWebConfiguration'
2024-07-20T12:50:59.220+02:00 TRACE 238666 --- [crud-springboot] [           main] o.s.b.f.s.DefaultListableBeanFactory     : Returning cached instance of singleton bean 'pageableResolver'
2024-07-20T12:50:59.220+02:00 TRACE 238666 --- [crud-springboot] [           main] o.s.b.f.s.DefaultListableBeanFactory     : Returning cached instance of singleton bean 'sortResolver'
2024-07-20T12:50:59.220+02:00 DEBUG 238666 --- [crud-springboot] [           main] o.s.b.f.s.DefaultListableBeanFactory     : Creating shared instance of singleton bean 'offsetResolver'
2024-07-20T12:50:59.220+02:00 TRACE 238666 --- [crud-springboot] [           main] o.s.b.f.s.DefaultListableBeanFactory     : Creating instance of bean 'offsetResolver'
2024-07-20T12:50:59.220+02:00 TRACE 238666 --- [crud-springboot] [           main] o.s.b.f.s.DefaultListableBeanFactory     : Returning cached instance of singleton bean 'org.springframework.transaction.config.internalTransactionAdvisor'
2024-07-20T12:50:59.220+02:00 TRACE 238666 --- [crud-springboot] [           main] o.s.b.f.s.DefaultListableBeanFactory     : Returning cached instance of singleton bean 'org.springframework.data.web.config.SpringDataWebConfiguration'
2024-07-20T12:50:59.222+02:00 TRACE 238666 --- [crud-springboot] [           main] o.s.b.f.s.DefaultListableBeanFactory     : Returning cached instance of singleton bean 'org.springframework.transaction.config.internalTransactionAdvisor'
2024-07-20T12:50:59.222+02:00 TRACE 238666 --- [crud-springboot] [           main] o.s.b.f.s.DefaultListableBeanFactory     : Returning cached instance of singleton bean 'org.springframework.transaction.config.internalTransactionAdvisor'
2024-07-20T12:50:59.223+02:00 TRACE 238666 --- [crud-springboot] [           main] o.s.b.f.s.DefaultListableBeanFactory     : Finished creating instance of bean 'offsetResolver'
2024-07-20T12:50:59.223+02:00 TRACE 238666 --- [crud-springboot] [           main] o.s.b.f.s.DefaultListableBeanFactory     : Returning cached instance of singleton bean 'org.springframework.data.web.config.SpringDataJacksonConfiguration'
2024-07-20T12:50:59.223+02:00 TRACE 238666 --- [crud-springboot] [           main] o.s.b.f.s.DefaultListableBeanFactory     : Returning cached instance of singleton bean 'jacksonGeoModule'
2024-07-20T12:50:59.223+02:00 TRACE 238666 --- [crud-springboot] [           main] o.s.b.f.s.DefaultListableBeanFactory     : Returning cached instance of singleton bean 'pageModule'
2024-07-20T12:50:59.223+02:00 TRACE 238666 --- [crud-springboot] [           main] o.s.b.f.s.DefaultListableBeanFactory     : Returning cached instance of singleton bean 'org.springframework.boot.autoconfigure.data.web.SpringDataWebAutoConfiguration'
2024-07-20T12:50:59.223+02:00 TRACE 238666 --- [crud-springboot] [           main] o.s.b.f.s.DefaultListableBeanFactory     : Returning cached instance of singleton bean 'pageableCustomizer'
2024-07-20T12:50:59.223+02:00 TRACE 238666 --- [crud-springboot] [           main] o.s.b.f.s.DefaultListableBeanFactory     : Returning cached instance of singleton bean 'sortCustomizer'
2024-07-20T12:50:59.223+02:00 TRACE 238666 --- [crud-springboot] [           main] o.s.b.f.s.DefaultListableBeanFactory     : Returning cached instance of singleton bean 'spring.data.web-org.springframework.boot.autoconfigure.data.web.SpringDataWebProperties'
2024-07-20T12:50:59.223+02:00 DEBUG 238666 --- [crud-springboot] [           main] o.s.b.f.s.DefaultListableBeanFactory     : Creating shared instance of singleton bean 'org.springframework.boot.autoconfigure.info.ProjectInfoAutoConfiguration'
2024-07-20T12:50:59.223+02:00 TRACE 238666 --- [crud-springboot] [           main] o.s.b.f.s.DefaultListableBeanFactory     : Creating instance of bean 'org.springframework.boot.autoconfigure.info.ProjectInfoAutoConfiguration'
2024-07-20T12:50:59.223+02:00 TRACE 238666 --- [crud-springboot] [           main] o.s.b.f.s.DefaultListableBeanFactory     : Returning cached instance of singleton bean 'org.springframework.transaction.config.internalTransactionAdvisor'
2024-07-20T12:50:59.227+02:00 DEBUG 238666 --- [crud-springboot] [           main] o.s.b.f.s.DefaultListableBeanFactory     : Creating shared instance of singleton bean 'spring.info-org.springframework.boot.autoconfigure.info.ProjectInfoProperties'
2024-07-20T12:50:59.227+02:00 TRACE 238666 --- [crud-springboot] [           main] o.s.b.f.s.DefaultListableBeanFactory     : Creating instance of bean 'spring.info-org.springframework.boot.autoconfigure.info.ProjectInfoProperties'
2024-07-20T12:50:59.227+02:00 TRACE 238666 --- [crud-springboot] [           main] o.s.b.f.s.DefaultListableBeanFactory     : Returning cached instance of singleton bean 'org.springframework.transaction.config.internalTransactionAdvisor'
2024-07-20T12:50:59.227+02:00 TRACE 238666 --- [crud-springboot] [           main] o.s.b.f.s.DefaultListableBeanFactory     : Returning cached instance of singleton bean 'org.springframework.boot.context.properties.BoundConfigurationProperties'
2024-07-20T12:50:59.230+02:00 TRACE 238666 --- [crud-springboot] [           main] o.s.b.f.s.DefaultListableBeanFactory     : Returning cached instance of singleton bean 'org.springframework.transaction.config.internalTransactionAdvisor'
2024-07-20T12:50:59.230+02:00 TRACE 238666 --- [crud-springboot] [           main] o.s.b.f.s.DefaultListableBeanFactory     : Returning cached instance of singleton bean 'org.springframework.transaction.config.internalTransactionAdvisor'
2024-07-20T12:50:59.230+02:00 TRACE 238666 --- [crud-springboot] [           main] o.s.b.f.s.DefaultListableBeanFactory     : Finished creating instance of bean 'spring.info-org.springframework.boot.autoconfigure.info.ProjectInfoProperties'
2024-07-20T12:50:59.230+02:00 DEBUG 238666 --- [crud-springboot] [           main] o.s.b.f.s.DefaultListableBeanFactory     : Autowiring by type from bean name 'org.springframework.boot.autoconfigure.info.ProjectInfoAutoConfiguration' via constructor to bean named 'spring.info-org.springframework.boot.autoconfigure.info.ProjectInfoProperties'
2024-07-20T12:50:59.231+02:00 TRACE 238666 --- [crud-springboot] [           main] o.s.b.f.s.DefaultListableBeanFactory     : Returning cached instance of singleton bean 'org.springframework.transaction.config.internalTransactionAdvisor'
2024-07-20T12:50:59.231+02:00 TRACE 238666 --- [crud-springboot] [           main] o.s.b.f.s.DefaultListableBeanFactory     : Returning cached instance of singleton bean 'org.springframework.transaction.config.internalTransactionAdvisor'
2024-07-20T12:50:59.231+02:00 TRACE 238666 --- [crud-springboot] [           main] o.s.b.f.s.DefaultListableBeanFactory     : Finished creating instance of bean 'org.springframework.boot.autoconfigure.info.ProjectInfoAutoConfiguration'
2024-07-20T12:50:59.231+02:00 TRACE 238666 --- [crud-springboot] [           main] o.s.b.f.s.DefaultListableBeanFactory     : Returning cached instance of singleton bean 'spring.info-org.springframework.boot.autoconfigure.info.ProjectInfoProperties'
2024-07-20T12:50:59.231+02:00 DEBUG 238666 --- [crud-springboot] [           main] o.s.b.f.s.DefaultListableBeanFactory     : Creating shared instance of singleton bean 'org.springframework.boot.autoconfigure.jdbc.JdbcTemplateConfiguration'
2024-07-20T12:50:59.231+02:00 TRACE 238666 --- [crud-springboot] [           main] o.s.b.f.s.DefaultListableBeanFactory     : Creating instance of bean 'org.springframework.boot.autoconfigure.jdbc.JdbcTemplateConfiguration'
2024-07-20T12:50:59.231+02:00 TRACE 238666 --- [crud-springboot] [           main] o.s.b.f.s.DefaultListableBeanFactory     : Returning cached instance of singleton bean 'org.springframework.transaction.config.internalTransactionAdvisor'
2024-07-20T12:50:59.232+02:00 TRACE 238666 --- [crud-springboot] [           main] o.s.b.f.s.DefaultListableBeanFactory     : Returning cached instance of singleton bean 'org.springframework.transaction.config.internalTransactionAdvisor'
2024-07-20T12:50:59.232+02:00 TRACE 238666 --- [crud-springboot] [           main] o.s.b.f.s.DefaultListableBeanFactory     : Returning cached instance of singleton bean 'org.springframework.transaction.config.internalTransactionAdvisor'
2024-07-20T12:50:59.232+02:00 TRACE 238666 --- [crud-springboot] [           main] o.s.b.f.s.DefaultListableBeanFactory     : Finished creating instance of bean 'org.springframework.boot.autoconfigure.jdbc.JdbcTemplateConfiguration'
2024-07-20T12:50:59.232+02:00 TRACE 238666 --- [crud-springboot] [           main] o.s.b.f.s.DefaultListableBeanFactory     : Returning cached instance of singleton bean 'dataSourceScriptDatabaseInitializer'
2024-07-20T12:50:59.232+02:00 DEBUG 238666 --- [crud-springboot] [           main] o.s.b.f.s.DefaultListableBeanFactory     : Creating shared instance of singleton bean 'jdbcTemplate'
2024-07-20T12:50:59.232+02:00 TRACE 238666 --- [crud-springboot] [           main] o.s.b.f.s.DefaultListableBeanFactory     : Creating instance of bean 'jdbcTemplate'
2024-07-20T12:50:59.232+02:00 TRACE 238666 --- [crud-springboot] [           main] o.s.b.f.s.DefaultListableBeanFactory     : Returning cached instance of singleton bean 'org.springframework.transaction.config.internalTransactionAdvisor'
2024-07-20T12:50:59.232+02:00 TRACE 238666 --- [crud-springboot] [           main] o.s.b.f.s.DefaultListableBeanFactory     : Returning cached instance of singleton bean 'org.springframework.boot.autoconfigure.jdbc.JdbcTemplateConfiguration'
2024-07-20T12:50:59.233+02:00 TRACE 238666 --- [crud-springboot] [           main] o.s.b.f.s.DefaultListableBeanFactory     : Returning cached instance of singleton bean 'dataSource'
2024-07-20T12:50:59.234+02:00 DEBUG 238666 --- [crud-springboot] [           main] o.s.b.f.s.DefaultListableBeanFactory     : Creating shared instance of singleton bean 'spring.jdbc-org.springframework.boot.autoconfigure.jdbc.JdbcProperties'
2024-07-20T12:50:59.234+02:00 TRACE 238666 --- [crud-springboot] [           main] o.s.b.f.s.DefaultListableBeanFactory     : Creating instance of bean 'spring.jdbc-org.springframework.boot.autoconfigure.jdbc.JdbcProperties'
2024-07-20T12:50:59.234+02:00 TRACE 238666 --- [crud-springboot] [           main] o.s.b.f.s.DefaultListableBeanFactory     : Returning cached instance of singleton bean 'org.springframework.transaction.config.internalTransactionAdvisor'
2024-07-20T12:50:59.235+02:00 TRACE 238666 --- [crud-springboot] [           main] o.s.b.f.s.DefaultListableBeanFactory     : Returning cached instance of singleton bean 'org.springframework.boot.context.properties.BoundConfigurationProperties'
2024-07-20T12:50:59.236+02:00 TRACE 238666 --- [crud-springboot] [           main] o.s.b.f.s.DefaultListableBeanFactory     : Returning cached instance of singleton bean 'org.springframework.transaction.config.internalTransactionAdvisor'
2024-07-20T12:50:59.236+02:00 TRACE 238666 --- [crud-springboot] [           main] o.s.b.f.s.DefaultListableBeanFactory     : Returning cached instance of singleton bean 'org.springframework.transaction.config.internalTransactionAdvisor'
2024-07-20T12:50:59.237+02:00 TRACE 238666 --- [crud-springboot] [           main] o.s.b.f.s.DefaultListableBeanFactory     : Finished creating instance of bean 'spring.jdbc-org.springframework.boot.autoconfigure.jdbc.JdbcProperties'
2024-07-20T12:50:59.237+02:00 DEBUG 238666 --- [crud-springboot] [           main] o.s.b.f.s.DefaultListableBeanFactory     : Autowiring by type from bean name 'jdbcTemplate' via factory method to bean named 'dataSource'
2024-07-20T12:50:59.237+02:00 DEBUG 238666 --- [crud-springboot] [           main] o.s.b.f.s.DefaultListableBeanFactory     : Autowiring by type from bean name 'jdbcTemplate' via factory method to bean named 'spring.jdbc-org.springframework.boot.autoconfigure.jdbc.JdbcProperties'
2024-07-20T12:50:59.244+02:00 TRACE 238666 --- [crud-springboot] [           main] o.s.b.f.s.DefaultListableBeanFactory     : Invoking afterPropertiesSet() on bean with name 'jdbcTemplate'
2024-07-20T12:50:59.244+02:00 TRACE 238666 --- [crud-springboot] [           main] o.s.b.f.s.DefaultListableBeanFactory     : Returning cached instance of singleton bean 'org.springframework.transaction.config.internalTransactionAdvisor'
2024-07-20T12:50:59.244+02:00 TRACE 238666 --- [crud-springboot] [           main] o.s.b.f.s.DefaultListableBeanFactory     : Returning cached instance of singleton bean 'org.springframework.transaction.config.internalTransactionAdvisor'
2024-07-20T12:50:59.251+02:00 TRACE 238666 --- [crud-springboot] [           main] o.s.b.f.s.DefaultListableBeanFactory     : Finished creating instance of bean 'jdbcTemplate'
2024-07-20T12:50:59.251+02:00 DEBUG 238666 --- [crud-springboot] [           main] o.s.b.f.s.DefaultListableBeanFactory     : Creating shared instance of singleton bean 'org.springframework.boot.autoconfigure.jdbc.NamedParameterJdbcTemplateConfiguration'
2024-07-20T12:50:59.251+02:00 TRACE 238666 --- [crud-springboot] [           main] o.s.b.f.s.DefaultListableBeanFactory     : Creating instance of bean 'org.springframework.boot.autoconfigure.jdbc.NamedParameterJdbcTemplateConfiguration'
2024-07-20T12:50:59.251+02:00 TRACE 238666 --- [crud-springboot] [           main] o.s.b.f.s.DefaultListableBeanFactory     : Returning cached instance of singleton bean 'org.springframework.transaction.config.internalTransactionAdvisor'
2024-07-20T12:50:59.252+02:00 TRACE 238666 --- [crud-springboot] [           main] o.s.b.f.s.DefaultListableBeanFactory     : Returning cached instance of singleton bean 'org.springframework.transaction.config.internalTransactionAdvisor'
2024-07-20T12:50:59.252+02:00 TRACE 238666 --- [crud-springboot] [           main] o.s.b.f.s.DefaultListableBeanFactory     : Returning cached instance of singleton bean 'org.springframework.transaction.config.internalTransactionAdvisor'
2024-07-20T12:50:59.252+02:00 TRACE 238666 --- [crud-springboot] [           main] o.s.b.f.s.DefaultListableBeanFactory     : Finished creating instance of bean 'org.springframework.boot.autoconfigure.jdbc.NamedParameterJdbcTemplateConfiguration'
2024-07-20T12:50:59.252+02:00 TRACE 238666 --- [crud-springboot] [           main] o.s.b.f.s.DefaultListableBeanFactory     : Returning cached instance of singleton bean 'dataSourceScriptDatabaseInitializer'
2024-07-20T12:50:59.252+02:00 DEBUG 238666 --- [crud-springboot] [           main] o.s.b.f.s.DefaultListableBeanFactory     : Creating shared instance of singleton bean 'namedParameterJdbcTemplate'
2024-07-20T12:50:59.252+02:00 TRACE 238666 --- [crud-springboot] [           main] o.s.b.f.s.DefaultListableBeanFactory     : Creating instance of bean 'namedParameterJdbcTemplate'
2024-07-20T12:50:59.252+02:00 TRACE 238666 --- [crud-springboot] [           main] o.s.b.f.s.DefaultListableBeanFactory     : Returning cached instance of singleton bean 'org.springframework.transaction.config.internalTransactionAdvisor'
2024-07-20T12:50:59.252+02:00 TRACE 238666 --- [crud-springboot] [           main] o.s.b.f.s.DefaultListableBeanFactory     : Returning cached instance of singleton bean 'org.springframework.boot.autoconfigure.jdbc.NamedParameterJdbcTemplateConfiguration'
2024-07-20T12:50:59.253+02:00 TRACE 238666 --- [crud-springboot] [           main] o.s.b.f.s.DefaultListableBeanFactory     : Returning cached instance of singleton bean 'jdbcTemplate'
2024-07-20T12:50:59.253+02:00 DEBUG 238666 --- [crud-springboot] [           main] o.s.b.f.s.DefaultListableBeanFactory     : Autowiring by type from bean name 'namedParameterJdbcTemplate' via factory method to bean named 'jdbcTemplate'
2024-07-20T12:50:59.257+02:00 TRACE 238666 --- [crud-springboot] [           main] o.s.b.f.s.DefaultListableBeanFactory     : Returning cached instance of singleton bean 'org.springframework.transaction.config.internalTransactionAdvisor'
2024-07-20T12:50:59.257+02:00 TRACE 238666 --- [crud-springboot] [           main] o.s.b.f.s.DefaultListableBeanFactory     : Returning cached instance of singleton bean 'org.springframework.transaction.config.internalTransactionAdvisor'
2024-07-20T12:50:59.260+02:00 TRACE 238666 --- [crud-springboot] [           main] o.s.b.f.s.DefaultListableBeanFactory     : Finished creating instance of bean 'namedParameterJdbcTemplate'
2024-07-20T12:50:59.260+02:00 DEBUG 238666 --- [crud-springboot] [           main] o.s.b.f.s.DefaultListableBeanFactory     : Creating shared instance of singleton bean 'org.springframework.boot.autoconfigure.jdbc.JdbcTemplateAutoConfiguration'
2024-07-20T12:50:59.260+02:00 TRACE 238666 --- [crud-springboot] [           main] o.s.b.f.s.DefaultListableBeanFactory     : Creating instance of bean 'org.springframework.boot.autoconfigure.jdbc.JdbcTemplateAutoConfiguration'
2024-07-20T12:50:59.260+02:00 TRACE 238666 --- [crud-springboot] [           main] o.s.b.f.s.DefaultListableBeanFactory     : Returning cached instance of singleton bean 'org.springframework.transaction.config.internalTransactionAdvisor'
2024-07-20T12:50:59.261+02:00 TRACE 238666 --- [crud-springboot] [           main] o.s.b.f.s.DefaultListableBeanFactory     : Returning cached instance of singleton bean 'org.springframework.transaction.config.internalTransactionAdvisor'
2024-07-20T12:50:59.261+02:00 TRACE 238666 --- [crud-springboot] [           main] o.s.b.f.s.DefaultListableBeanFactory     : Returning cached instance of singleton bean 'org.springframework.transaction.config.internalTransactionAdvisor'
2024-07-20T12:50:59.261+02:00 TRACE 238666 --- [crud-springboot] [           main] o.s.b.f.s.DefaultListableBeanFactory     : Finished creating instance of bean 'org.springframework.boot.autoconfigure.jdbc.JdbcTemplateAutoConfiguration'
2024-07-20T12:50:59.261+02:00 TRACE 238666 --- [crud-springboot] [           main] o.s.b.f.s.DefaultListableBeanFactory     : Returning cached instance of singleton bean 'spring.jdbc-org.springframework.boot.autoconfigure.jdbc.JdbcProperties'
2024-07-20T12:50:59.261+02:00 TRACE 238666 --- [crud-springboot] [           main] o.s.b.f.s.DefaultListableBeanFactory     : Returning cached instance of singleton bean 'org.springframework.boot.sql.init.dependency.DatabaseInitializationDependencyConfigurer$DependsOnDatabaseInitializationPostProcessor'
2024-07-20T12:50:59.261+02:00 DEBUG 238666 --- [crud-springboot] [           main] o.s.b.f.s.DefaultListableBeanFactory     : Creating shared instance of singleton bean 'org.springframework.boot.autoconfigure.jdbc.JdbcClientAutoConfiguration'
2024-07-20T12:50:59.261+02:00 TRACE 238666 --- [crud-springboot] [           main] o.s.b.f.s.DefaultListableBeanFactory     : Creating instance of bean 'org.springframework.boot.autoconfigure.jdbc.JdbcClientAutoConfiguration'
2024-07-20T12:50:59.261+02:00 TRACE 238666 --- [crud-springboot] [           main] o.s.b.f.s.DefaultListableBeanFactory     : Returning cached instance of singleton bean 'org.springframework.transaction.config.internalTransactionAdvisor'
2024-07-20T12:50:59.262+02:00 TRACE 238666 --- [crud-springboot] [           main] o.s.b.f.s.DefaultListableBeanFactory     : Returning cached instance of singleton bean 'org.springframework.transaction.config.internalTransactionAdvisor'
2024-07-20T12:50:59.262+02:00 TRACE 238666 --- [crud-springboot] [           main] o.s.b.f.s.DefaultListableBeanFactory     : Returning cached instance of singleton bean 'org.springframework.transaction.config.internalTransactionAdvisor'
2024-07-20T12:50:59.262+02:00 TRACE 238666 --- [crud-springboot] [           main] o.s.b.f.s.DefaultListableBeanFactory     : Finished creating instance of bean 'org.springframework.boot.autoconfigure.jdbc.JdbcClientAutoConfiguration'
2024-07-20T12:50:59.262+02:00 TRACE 238666 --- [crud-springboot] [           main] o.s.b.f.s.DefaultListableBeanFactory     : Returning cached instance of singleton bean 'dataSourceScriptDatabaseInitializer'
2024-07-20T12:50:59.262+02:00 DEBUG 238666 --- [crud-springboot] [           main] o.s.b.f.s.DefaultListableBeanFactory     : Creating shared instance of singleton bean 'jdbcClient'
2024-07-20T12:50:59.262+02:00 TRACE 238666 --- [crud-springboot] [           main] o.s.b.f.s.DefaultListableBeanFactory     : Creating instance of bean 'jdbcClient'
2024-07-20T12:50:59.262+02:00 TRACE 238666 --- [crud-springboot] [           main] o.s.b.f.s.DefaultListableBeanFactory     : Returning cached instance of singleton bean 'org.springframework.transaction.config.internalTransactionAdvisor'
2024-07-20T12:50:59.262+02:00 TRACE 238666 --- [crud-springboot] [           main] o.s.b.f.s.DefaultListableBeanFactory     : Returning cached instance of singleton bean 'org.springframework.boot.autoconfigure.jdbc.JdbcClientAutoConfiguration'
2024-07-20T12:50:59.263+02:00 TRACE 238666 --- [crud-springboot] [           main] o.s.b.f.s.DefaultListableBeanFactory     : Returning cached instance of singleton bean 'namedParameterJdbcTemplate'
2024-07-20T12:50:59.263+02:00 DEBUG 238666 --- [crud-springboot] [           main] o.s.b.f.s.DefaultListableBeanFactory     : Autowiring by type from bean name 'jdbcClient' via factory method to bean named 'namedParameterJdbcTemplate'
2024-07-20T12:50:59.264+02:00 TRACE 238666 --- [crud-springboot] [           main] o.s.b.f.s.DefaultListableBeanFactory     : Returning cached instance of singleton bean 'org.springframework.transaction.config.internalTransactionAdvisor'
2024-07-20T12:50:59.264+02:00 TRACE 238666 --- [crud-springboot] [           main] o.s.b.f.s.DefaultListableBeanFactory     : Returning cached instance of singleton bean 'org.springframework.transaction.config.internalTransactionAdvisor'
2024-07-20T12:50:59.264+02:00 TRACE 238666 --- [crud-springboot] [           main] o.s.b.f.s.DefaultListableBeanFactory     : Finished creating instance of bean 'jdbcClient'
2024-07-20T12:50:59.265+02:00 DEBUG 238666 --- [crud-springboot] [           main] o.s.b.f.s.DefaultListableBeanFactory     : Creating shared instance of singleton bean 'org.springframework.boot.autoconfigure.security.servlet.SpringBootWebSecurityConfiguration'
2024-07-20T12:50:59.265+02:00 TRACE 238666 --- [crud-springboot] [           main] o.s.b.f.s.DefaultListableBeanFactory     : Creating instance of bean 'org.springframework.boot.autoconfigure.security.servlet.SpringBootWebSecurityConfiguration'
2024-07-20T12:50:59.265+02:00 TRACE 238666 --- [crud-springboot] [           main] o.s.b.f.s.DefaultListableBeanFactory     : Returning cached instance of singleton bean 'org.springframework.transaction.config.internalTransactionAdvisor'
2024-07-20T12:50:59.265+02:00 TRACE 238666 --- [crud-springboot] [           main] o.s.b.f.s.DefaultListableBeanFactory     : Returning cached instance of singleton bean 'org.springframework.transaction.config.internalTransactionAdvisor'
2024-07-20T12:50:59.265+02:00 TRACE 238666 --- [crud-springboot] [           main] o.s.b.f.s.DefaultListableBeanFactory     : Returning cached instance of singleton bean 'org.springframework.transaction.config.internalTransactionAdvisor'
2024-07-20T12:50:59.266+02:00 TRACE 238666 --- [crud-springboot] [           main] o.s.b.f.s.DefaultListableBeanFactory     : Finished creating instance of bean 'org.springframework.boot.autoconfigure.security.servlet.SpringBootWebSecurityConfiguration'
2024-07-20T12:50:59.266+02:00 TRACE 238666 --- [crud-springboot] [           main] o.s.b.f.s.DefaultListableBeanFactory     : Returning cached instance of singleton bean 'org.springframework.boot.autoconfigure.security.servlet.SecurityAutoConfiguration'
2024-07-20T12:50:59.266+02:00 TRACE 238666 --- [crud-springboot] [           main] o.s.b.f.s.DefaultListableBeanFactory     : Returning cached instance of singleton bean 'authenticationEventPublisher'
2024-07-20T12:50:59.266+02:00 DEBUG 238666 --- [crud-springboot] [           main] o.s.b.f.s.DefaultListableBeanFactory     : Creating shared instance of singleton bean 'spring.security-org.springframework.boot.autoconfigure.security.SecurityProperties'
2024-07-20T12:50:59.266+02:00 TRACE 238666 --- [crud-springboot] [           main] o.s.b.f.s.DefaultListableBeanFactory     : Creating instance of bean 'spring.security-org.springframework.boot.autoconfigure.security.SecurityProperties'
2024-07-20T12:50:59.266+02:00 TRACE 238666 --- [crud-springboot] [           main] o.s.b.f.s.DefaultListableBeanFactory     : Returning cached instance of singleton bean 'org.springframework.transaction.config.internalTransactionAdvisor'
2024-07-20T12:50:59.267+02:00 TRACE 238666 --- [crud-springboot] [           main] o.s.b.f.s.DefaultListableBeanFactory     : Returning cached instance of singleton bean 'org.springframework.boot.context.properties.BoundConfigurationProperties'
2024-07-20T12:50:59.268+02:00 TRACE 238666 --- [crud-springboot] [           main] o.s.b.f.s.DefaultListableBeanFactory     : Returning cached instance of singleton bean 'org.springframework.transaction.config.internalTransactionAdvisor'
2024-07-20T12:50:59.268+02:00 TRACE 238666 --- [crud-springboot] [           main] o.s.b.f.s.DefaultListableBeanFactory     : Returning cached instance of singleton bean 'org.springframework.transaction.config.internalTransactionAdvisor'
2024-07-20T12:50:59.268+02:00 TRACE 238666 --- [crud-springboot] [           main] o.s.b.f.s.DefaultListableBeanFactory     : Finished creating instance of bean 'spring.security-org.springframework.boot.autoconfigure.security.SecurityProperties'
2024-07-20T12:50:59.268+02:00 DEBUG 238666 --- [crud-springboot] [           main] o.s.b.f.s.DefaultListableBeanFactory     : Creating shared instance of singleton bean 'org.springframework.boot.autoconfigure.security.servlet.SecurityFilterAutoConfiguration'
2024-07-20T12:50:59.269+02:00 TRACE 238666 --- [crud-springboot] [           main] o.s.b.f.s.DefaultListableBeanFactory     : Creating instance of bean 'org.springframework.boot.autoconfigure.security.servlet.SecurityFilterAutoConfiguration'
2024-07-20T12:50:59.269+02:00 TRACE 238666 --- [crud-springboot] [           main] o.s.b.f.s.DefaultListableBeanFactory     : Returning cached instance of singleton bean 'org.springframework.transaction.config.internalTransactionAdvisor'
2024-07-20T12:50:59.269+02:00 TRACE 238666 --- [crud-springboot] [           main] o.s.b.f.s.DefaultListableBeanFactory     : Returning cached instance of singleton bean 'org.springframework.transaction.config.internalTransactionAdvisor'
2024-07-20T12:50:59.269+02:00 TRACE 238666 --- [crud-springboot] [           main] o.s.b.f.s.DefaultListableBeanFactory     : Returning cached instance of singleton bean 'org.springframework.transaction.config.internalTransactionAdvisor'
2024-07-20T12:50:59.269+02:00 TRACE 238666 --- [crud-springboot] [           main] o.s.b.f.s.DefaultListableBeanFactory     : Finished creating instance of bean 'org.springframework.boot.autoconfigure.security.servlet.SecurityFilterAutoConfiguration'
2024-07-20T12:50:59.269+02:00 DEBUG 238666 --- [crud-springboot] [           main] o.s.b.f.s.DefaultListableBeanFactory     : Creating shared instance of singleton bean 'securityFilterChainRegistration'
2024-07-20T12:50:59.269+02:00 TRACE 238666 --- [crud-springboot] [           main] o.s.b.f.s.DefaultListableBeanFactory     : Creating instance of bean 'securityFilterChainRegistration'
2024-07-20T12:50:59.270+02:00 TRACE 238666 --- [crud-springboot] [           main] o.s.b.f.s.DefaultListableBeanFactory     : Returning cached instance of singleton bean 'org.springframework.transaction.config.internalTransactionAdvisor'
2024-07-20T12:50:59.270+02:00 TRACE 238666 --- [crud-springboot] [           main] o.s.b.f.s.DefaultListableBeanFactory     : Returning cached instance of singleton bean 'org.springframework.boot.autoconfigure.security.servlet.SecurityFilterAutoConfiguration'
2024-07-20T12:50:59.271+02:00 TRACE 238666 --- [crud-springboot] [           main] o.s.b.f.s.DefaultListableBeanFactory     : Returning cached instance of singleton bean 'spring.security-org.springframework.boot.autoconfigure.security.SecurityProperties'
2024-07-20T12:50:59.271+02:00 DEBUG 238666 --- [crud-springboot] [           main] o.s.b.f.s.DefaultListableBeanFactory     : Autowiring by type from bean name 'securityFilterChainRegistration' via factory method to bean named 'spring.security-org.springframework.boot.autoconfigure.security.SecurityProperties'
2024-07-20T12:50:59.277+02:00 TRACE 238666 --- [crud-springboot] [           main] o.s.b.f.s.DefaultListableBeanFactory     : Returning cached instance of singleton bean 'org.springframework.transaction.config.internalTransactionAdvisor'
2024-07-20T12:50:59.277+02:00 TRACE 238666 --- [crud-springboot] [           main] o.s.b.f.s.DefaultListableBeanFactory     : Returning cached instance of singleton bean 'org.springframework.transaction.config.internalTransactionAdvisor'
2024-07-20T12:50:59.278+02:00 TRACE 238666 --- [crud-springboot] [           main] o.s.b.f.s.DefaultListableBeanFactory     : Finished creating instance of bean 'securityFilterChainRegistration'
2024-07-20T12:50:59.278+02:00 TRACE 238666 --- [crud-springboot] [           main] o.s.b.f.s.DefaultListableBeanFactory     : Returning cached instance of singleton bean 'org.springframework.boot.autoconfigure.sql.init.DataSourceInitializationConfiguration'
2024-07-20T12:50:59.278+02:00 TRACE 238666 --- [crud-springboot] [           main] o.s.b.f.s.DefaultListableBeanFactory     : Returning cached instance of singleton bean 'dataSourceScriptDatabaseInitializer'
2024-07-20T12:50:59.278+02:00 DEBUG 238666 --- [crud-springboot] [           main] o.s.b.f.s.DefaultListableBeanFactory     : Creating shared instance of singleton bean 'org.springframework.boot.autoconfigure.sql.init.SqlInitializationAutoConfiguration'
2024-07-20T12:50:59.278+02:00 TRACE 238666 --- [crud-springboot] [           main] o.s.b.f.s.DefaultListableBeanFactory     : Creating instance of bean 'org.springframework.boot.autoconfigure.sql.init.SqlInitializationAutoConfiguration'
2024-07-20T12:50:59.278+02:00 TRACE 238666 --- [crud-springboot] [           main] o.s.b.f.s.DefaultListableBeanFactory     : Returning cached instance of singleton bean 'org.springframework.transaction.config.internalTransactionAdvisor'
2024-07-20T12:50:59.279+02:00 TRACE 238666 --- [crud-springboot] [           main] o.s.b.f.s.DefaultListableBeanFactory     : Returning cached instance of singleton bean 'org.springframework.transaction.config.internalTransactionAdvisor'
2024-07-20T12:50:59.279+02:00 TRACE 238666 --- [crud-springboot] [           main] o.s.b.f.s.DefaultListableBeanFactory     : Returning cached instance of singleton bean 'org.springframework.transaction.config.internalTransactionAdvisor'
2024-07-20T12:50:59.279+02:00 TRACE 238666 --- [crud-springboot] [           main] o.s.b.f.s.DefaultListableBeanFactory     : Finished creating instance of bean 'org.springframework.boot.autoconfigure.sql.init.SqlInitializationAutoConfiguration'
2024-07-20T12:50:59.279+02:00 TRACE 238666 --- [crud-springboot] [           main] o.s.b.f.s.DefaultListableBeanFactory     : Returning cached instance of singleton bean 'spring.sql.init-org.springframework.boot.autoconfigure.sql.init.SqlInitializationProperties'
2024-07-20T12:50:59.279+02:00 DEBUG 238666 --- [crud-springboot] [           main] o.s.b.f.s.DefaultListableBeanFactory     : Creating shared instance of singleton bean 'org.springframework.boot.autoconfigure.task.TaskSchedulingConfigurations$ThreadPoolTaskSchedulerBuilderConfiguration'
2024-07-20T12:50:59.279+02:00 TRACE 238666 --- [crud-springboot] [           main] o.s.b.f.s.DefaultListableBeanFactory     : Creating instance of bean 'org.springframework.boot.autoconfigure.task.TaskSchedulingConfigurations$ThreadPoolTaskSchedulerBuilderConfiguration'
2024-07-20T12:50:59.279+02:00 TRACE 238666 --- [crud-springboot] [           main] o.s.b.f.s.DefaultListableBeanFactory     : Returning cached instance of singleton bean 'org.springframework.transaction.config.internalTransactionAdvisor'
2024-07-20T12:50:59.279+02:00 TRACE 238666 --- [crud-springboot] [           main] o.s.b.f.s.DefaultListableBeanFactory     : Returning cached instance of singleton bean 'org.springframework.transaction.config.internalTransactionAdvisor'
2024-07-20T12:50:59.279+02:00 TRACE 238666 --- [crud-springboot] [           main] o.s.b.f.s.DefaultListableBeanFactory     : Returning cached instance of singleton bean 'org.springframework.transaction.config.internalTransactionAdvisor'
2024-07-20T12:50:59.279+02:00 TRACE 238666 --- [crud-springboot] [           main] o.s.b.f.s.DefaultListableBeanFactory     : Finished creating instance of bean 'org.springframework.boot.autoconfigure.task.TaskSchedulingConfigurations$ThreadPoolTaskSchedulerBuilderConfiguration'
2024-07-20T12:50:59.279+02:00 DEBUG 238666 --- [crud-springboot] [           main] o.s.b.f.s.DefaultListableBeanFactory     : Creating shared instance of singleton bean 'threadPoolTaskSchedulerBuilder'
2024-07-20T12:50:59.279+02:00 TRACE 238666 --- [crud-springboot] [           main] o.s.b.f.s.DefaultListableBeanFactory     : Creating instance of bean 'threadPoolTaskSchedulerBuilder'
2024-07-20T12:50:59.280+02:00 TRACE 238666 --- [crud-springboot] [           main] o.s.b.f.s.DefaultListableBeanFactory     : Returning cached instance of singleton bean 'org.springframework.transaction.config.internalTransactionAdvisor'
2024-07-20T12:50:59.280+02:00 TRACE 238666 --- [crud-springboot] [           main] o.s.b.f.s.DefaultListableBeanFactory     : Returning cached instance of singleton bean 'org.springframework.boot.autoconfigure.task.TaskSchedulingConfigurations$ThreadPoolTaskSchedulerBuilderConfiguration'
2024-07-20T12:50:59.280+02:00 DEBUG 238666 --- [crud-springboot] [           main] o.s.b.f.s.DefaultListableBeanFactory     : Creating shared instance of singleton bean 'spring.task.scheduling-org.springframework.boot.autoconfigure.task.TaskSchedulingProperties'
2024-07-20T12:50:59.280+02:00 TRACE 238666 --- [crud-springboot] [           main] o.s.b.f.s.DefaultListableBeanFactory     : Creating instance of bean 'spring.task.scheduling-org.springframework.boot.autoconfigure.task.TaskSchedulingProperties'
2024-07-20T12:50:59.280+02:00 TRACE 238666 --- [crud-springboot] [           main] o.s.b.f.s.DefaultListableBeanFactory     : Returning cached instance of singleton bean 'org.springframework.transaction.config.internalTransactionAdvisor'
2024-07-20T12:50:59.281+02:00 TRACE 238666 --- [crud-springboot] [           main] o.s.b.f.s.DefaultListableBeanFactory     : Returning cached instance of singleton bean 'org.springframework.boot.context.properties.BoundConfigurationProperties'
2024-07-20T12:50:59.283+02:00 TRACE 238666 --- [crud-springboot] [           main] o.s.b.f.s.DefaultListableBeanFactory     : Returning cached instance of singleton bean 'org.springframework.transaction.config.internalTransactionAdvisor'
2024-07-20T12:50:59.283+02:00 TRACE 238666 --- [crud-springboot] [           main] o.s.b.f.s.DefaultListableBeanFactory     : Returning cached instance of singleton bean 'org.springframework.transaction.config.internalTransactionAdvisor'
2024-07-20T12:50:59.283+02:00 TRACE 238666 --- [crud-springboot] [           main] o.s.b.f.s.DefaultListableBeanFactory     : Finished creating instance of bean 'spring.task.scheduling-org.springframework.boot.autoconfigure.task.TaskSchedulingProperties'
2024-07-20T12:50:59.283+02:00 DEBUG 238666 --- [crud-springboot] [           main] o.s.b.f.s.DefaultListableBeanFactory     : Autowiring by type from bean name 'threadPoolTaskSchedulerBuilder' via factory method to bean named 'spring.task.scheduling-org.springframework.boot.autoconfigure.task.TaskSchedulingProperties'
2024-07-20T12:50:59.287+02:00 TRACE 238666 --- [crud-springboot] [           main] o.s.b.f.s.DefaultListableBeanFactory     : Returning cached instance of singleton bean 'org.springframework.transaction.config.internalTransactionAdvisor'
2024-07-20T12:50:59.287+02:00 TRACE 238666 --- [crud-springboot] [           main] o.s.b.f.s.DefaultListableBeanFactory     : Returning cached instance of singleton bean 'org.springframework.transaction.config.internalTransactionAdvisor'
2024-07-20T12:50:59.287+02:00 TRACE 238666 --- [crud-springboot] [           main] o.s.b.f.s.DefaultListableBeanFactory     : Finished creating instance of bean 'threadPoolTaskSchedulerBuilder'
2024-07-20T12:50:59.289+02:00 DEBUG 238666 --- [crud-springboot] [           main] o.s.b.f.s.DefaultListableBeanFactory     : Creating shared instance of singleton bean 'org.springframework.boot.autoconfigure.task.TaskSchedulingConfigurations$TaskSchedulerBuilderConfiguration'
2024-07-20T12:50:59.290+02:00 TRACE 238666 --- [crud-springboot] [           main] o.s.b.f.s.DefaultListableBeanFactory     : Creating instance of bean 'org.springframework.boot.autoconfigure.task.TaskSchedulingConfigurations$TaskSchedulerBuilderConfiguration'
2024-07-20T12:50:59.290+02:00 TRACE 238666 --- [crud-springboot] [           main] o.s.b.f.s.DefaultListableBeanFactory     : Returning cached instance of singleton bean 'org.springframework.transaction.config.internalTransactionAdvisor'
2024-07-20T12:50:59.293+02:00 TRACE 238666 --- [crud-springboot] [           main] o.s.b.f.s.DefaultListableBeanFactory     : Returning cached instance of singleton bean 'org.springframework.transaction.config.internalTransactionAdvisor'
2024-07-20T12:50:59.293+02:00 TRACE 238666 --- [crud-springboot] [           main] o.s.b.f.s.DefaultListableBeanFactory     : Returning cached instance of singleton bean 'org.springframework.transaction.config.internalTransactionAdvisor'
2024-07-20T12:50:59.293+02:00 TRACE 238666 --- [crud-springboot] [           main] o.s.b.f.s.DefaultListableBeanFactory     : Finished creating instance of bean 'org.springframework.boot.autoconfigure.task.TaskSchedulingConfigurations$TaskSchedulerBuilderConfiguration'
2024-07-20T12:50:59.293+02:00 DEBUG 238666 --- [crud-springboot] [           main] o.s.b.f.s.DefaultListableBeanFactory     : Creating shared instance of singleton bean 'taskSchedulerBuilder'
2024-07-20T12:50:59.293+02:00 TRACE 238666 --- [crud-springboot] [           main] o.s.b.f.s.DefaultListableBeanFactory     : Creating instance of bean 'taskSchedulerBuilder'
2024-07-20T12:50:59.293+02:00 TRACE 238666 --- [crud-springboot] [           main] o.s.b.f.s.DefaultListableBeanFactory     : Returning cached instance of singleton bean 'org.springframework.transaction.config.internalTransactionAdvisor'
2024-07-20T12:50:59.293+02:00 TRACE 238666 --- [crud-springboot] [           main] o.s.b.f.s.DefaultListableBeanFactory     : Returning cached instance of singleton bean 'org.springframework.boot.autoconfigure.task.TaskSchedulingConfigurations$TaskSchedulerBuilderConfiguration'
2024-07-20T12:50:59.294+02:00 TRACE 238666 --- [crud-springboot] [           main] o.s.b.f.s.DefaultListableBeanFactory     : Returning cached instance of singleton bean 'spring.task.scheduling-org.springframework.boot.autoconfigure.task.TaskSchedulingProperties'
2024-07-20T12:50:59.294+02:00 DEBUG 238666 --- [crud-springboot] [           main] o.s.b.f.s.DefaultListableBeanFactory     : Autowiring by type from bean name 'taskSchedulerBuilder' via factory method to bean named 'spring.task.scheduling-org.springframework.boot.autoconfigure.task.TaskSchedulingProperties'
2024-07-20T12:50:59.296+02:00 TRACE 238666 --- [crud-springboot] [           main] o.s.b.f.s.DefaultListableBeanFactory     : Returning cached instance of singleton bean 'org.springframework.transaction.config.internalTransactionAdvisor'
2024-07-20T12:50:59.297+02:00 TRACE 238666 --- [crud-springboot] [           main] o.s.b.f.s.DefaultListableBeanFactory     : Returning cached instance of singleton bean 'org.springframework.transaction.config.internalTransactionAdvisor'
2024-07-20T12:50:59.297+02:00 TRACE 238666 --- [crud-springboot] [           main] o.s.b.f.s.DefaultListableBeanFactory     : Finished creating instance of bean 'taskSchedulerBuilder'
2024-07-20T12:50:59.298+02:00 DEBUG 238666 --- [crud-springboot] [           main] o.s.b.f.s.DefaultListableBeanFactory     : Creating shared instance of singleton bean 'org.springframework.boot.autoconfigure.task.TaskSchedulingConfigurations$SimpleAsyncTaskSchedulerBuilderConfiguration'
2024-07-20T12:50:59.298+02:00 TRACE 238666 --- [crud-springboot] [           main] o.s.b.f.s.DefaultListableBeanFactory     : Creating instance of bean 'org.springframework.boot.autoconfigure.task.TaskSchedulingConfigurations$SimpleAsyncTaskSchedulerBuilderConfiguration'
2024-07-20T12:50:59.298+02:00 TRACE 238666 --- [crud-springboot] [           main] o.s.b.f.s.DefaultListableBeanFactory     : Returning cached instance of singleton bean 'org.springframework.transaction.config.internalTransactionAdvisor'
2024-07-20T12:50:59.299+02:00 TRACE 238666 --- [crud-springboot] [           main] o.s.b.f.s.DefaultListableBeanFactory     : Returning cached instance of singleton bean 'spring.task.scheduling-org.springframework.boot.autoconfigure.task.TaskSchedulingProperties'
2024-07-20T12:50:59.299+02:00 DEBUG 238666 --- [crud-springboot] [           main] o.s.b.f.s.DefaultListableBeanFactory     : Autowiring by type from bean name 'org.springframework.boot.autoconfigure.task.TaskSchedulingConfigurations$SimpleAsyncTaskSchedulerBuilderConfiguration' via constructor to bean named 'spring.task.scheduling-org.springframework.boot.autoconfigure.task.TaskSchedulingProperties'
2024-07-20T12:50:59.300+02:00 TRACE 238666 --- [crud-springboot] [           main] o.s.b.f.s.DefaultListableBeanFactory     : Returning cached instance of singleton bean 'org.springframework.transaction.config.internalTransactionAdvisor'
2024-07-20T12:50:59.300+02:00 TRACE 238666 --- [crud-springboot] [           main] o.s.b.f.s.DefaultListableBeanFactory     : Returning cached instance of singleton bean 'org.springframework.transaction.config.internalTransactionAdvisor'
2024-07-20T12:50:59.300+02:00 TRACE 238666 --- [crud-springboot] [           main] o.s.b.f.s.DefaultListableBeanFactory     : Finished creating instance of bean 'org.springframework.boot.autoconfigure.task.TaskSchedulingConfigurations$SimpleAsyncTaskSchedulerBuilderConfiguration'
2024-07-20T12:50:59.300+02:00 DEBUG 238666 --- [crud-springboot] [           main] o.s.b.f.s.DefaultListableBeanFactory     : Creating shared instance of singleton bean 'simpleAsyncTaskSchedulerBuilder'
2024-07-20T12:50:59.300+02:00 TRACE 238666 --- [crud-springboot] [           main] o.s.b.f.s.DefaultListableBeanFactory     : Creating instance of bean 'simpleAsyncTaskSchedulerBuilder'
2024-07-20T12:50:59.300+02:00 TRACE 238666 --- [crud-springboot] [           main] o.s.b.f.s.DefaultListableBeanFactory     : Returning cached instance of singleton bean 'org.springframework.transaction.config.internalTransactionAdvisor'
2024-07-20T12:50:59.300+02:00 TRACE 238666 --- [crud-springboot] [           main] o.s.b.f.s.DefaultListableBeanFactory     : Returning cached instance of singleton bean 'org.springframework.boot.autoconfigure.task.TaskSchedulingConfigurations$SimpleAsyncTaskSchedulerBuilderConfiguration'
2024-07-20T12:50:59.303+02:00 TRACE 238666 --- [crud-springboot] [           main] o.s.b.f.s.DefaultListableBeanFactory     : Returning cached instance of singleton bean 'org.springframework.transaction.config.internalTransactionAdvisor'
2024-07-20T12:50:59.303+02:00 TRACE 238666 --- [crud-springboot] [           main] o.s.b.f.s.DefaultListableBeanFactory     : Returning cached instance of singleton bean 'org.springframework.transaction.config.internalTransactionAdvisor'
2024-07-20T12:50:59.303+02:00 TRACE 238666 --- [crud-springboot] [           main] o.s.b.f.s.DefaultListableBeanFactory     : Finished creating instance of bean 'simpleAsyncTaskSchedulerBuilder'
2024-07-20T12:50:59.303+02:00 DEBUG 238666 --- [crud-springboot] [           main] o.s.b.f.s.DefaultListableBeanFactory     : Creating shared instance of singleton bean 'org.springframework.boot.autoconfigure.task.TaskSchedulingAutoConfiguration'
2024-07-20T12:50:59.303+02:00 TRACE 238666 --- [crud-springboot] [           main] o.s.b.f.s.DefaultListableBeanFactory     : Creating instance of bean 'org.springframework.boot.autoconfigure.task.TaskSchedulingAutoConfiguration'
2024-07-20T12:50:59.303+02:00 TRACE 238666 --- [crud-springboot] [           main] o.s.b.f.s.DefaultListableBeanFactory     : Returning cached instance of singleton bean 'org.springframework.transaction.config.internalTransactionAdvisor'
2024-07-20T12:50:59.304+02:00 TRACE 238666 --- [crud-springboot] [           main] o.s.b.f.s.DefaultListableBeanFactory     : Returning cached instance of singleton bean 'org.springframework.transaction.config.internalTransactionAdvisor'
2024-07-20T12:50:59.304+02:00 TRACE 238666 --- [crud-springboot] [           main] o.s.b.f.s.DefaultListableBeanFactory     : Returning cached instance of singleton bean 'org.springframework.transaction.config.internalTransactionAdvisor'
2024-07-20T12:50:59.304+02:00 TRACE 238666 --- [crud-springboot] [           main] o.s.b.f.s.DefaultListableBeanFactory     : Finished creating instance of bean 'org.springframework.boot.autoconfigure.task.TaskSchedulingAutoConfiguration'
2024-07-20T12:50:59.304+02:00 TRACE 238666 --- [crud-springboot] [           main] o.s.b.f.s.DefaultListableBeanFactory     : Returning cached instance of singleton bean 'spring.task.scheduling-org.springframework.boot.autoconfigure.task.TaskSchedulingProperties'
2024-07-20T12:50:59.304+02:00 TRACE 238666 --- [crud-springboot] [           main] o.s.b.f.s.DefaultListableBeanFactory     : Returning cached instance of singleton bean 'org.springframework.boot.autoconfigure.thymeleaf.ThymeleafAutoConfiguration$ThymeleafWebMvcConfiguration$ThymeleafViewResolverConfiguration'
2024-07-20T12:50:59.304+02:00 TRACE 238666 --- [crud-springboot] [           main] o.s.b.f.s.DefaultListableBeanFactory     : Returning cached instance of singleton bean 'thymeleafViewResolver'
2024-07-20T12:50:59.304+02:00 DEBUG 238666 --- [crud-springboot] [           main] o.s.b.f.s.DefaultListableBeanFactory     : Creating shared instance of singleton bean 'org.springframework.boot.autoconfigure.thymeleaf.ThymeleafAutoConfiguration$ThymeleafWebMvcConfiguration'
2024-07-20T12:50:59.304+02:00 TRACE 238666 --- [crud-springboot] [           main] o.s.b.f.s.DefaultListableBeanFactory     : Creating instance of bean 'org.springframework.boot.autoconfigure.thymeleaf.ThymeleafAutoConfiguration$ThymeleafWebMvcConfiguration'
2024-07-20T12:50:59.304+02:00 TRACE 238666 --- [crud-springboot] [           main] o.s.b.f.s.DefaultListableBeanFactory     : Returning cached instance of singleton bean 'org.springframework.transaction.config.internalTransactionAdvisor'
2024-07-20T12:50:59.307+02:00 TRACE 238666 --- [crud-springboot] [           main] o.s.b.f.s.DefaultListableBeanFactory     : Returning cached instance of singleton bean 'org.springframework.transaction.config.internalTransactionAdvisor'
2024-07-20T12:50:59.307+02:00 TRACE 238666 --- [crud-springboot] [           main] o.s.b.f.s.DefaultListableBeanFactory     : Returning cached instance of singleton bean 'org.springframework.transaction.config.internalTransactionAdvisor'
2024-07-20T12:50:59.308+02:00 TRACE 238666 --- [crud-springboot] [           main] o.s.b.f.s.DefaultListableBeanFactory     : Finished creating instance of bean 'org.springframework.boot.autoconfigure.thymeleaf.ThymeleafAutoConfiguration$ThymeleafWebMvcConfiguration'
2024-07-20T12:50:59.308+02:00 TRACE 238666 --- [crud-springboot] [           main] o.s.b.f.s.DefaultListableBeanFactory     : Returning cached instance of singleton bean 'org.springframework.boot.autoconfigure.thymeleaf.ThymeleafAutoConfiguration$DefaultTemplateResolverConfiguration'
2024-07-20T12:50:59.308+02:00 TRACE 238666 --- [crud-springboot] [           main] o.s.b.f.s.DefaultListableBeanFactory     : Returning cached instance of singleton bean 'defaultTemplateResolver'
2024-07-20T12:50:59.308+02:00 TRACE 238666 --- [crud-springboot] [           main] o.s.b.f.s.DefaultListableBeanFactory     : Returning cached instance of singleton bean 'org.springframework.boot.autoconfigure.thymeleaf.TemplateEngineConfigurations$DefaultTemplateEngineConfiguration'
2024-07-20T12:50:59.308+02:00 TRACE 238666 --- [crud-springboot] [           main] o.s.b.f.s.DefaultListableBeanFactory     : Returning cached instance of singleton bean 'templateEngine'
2024-07-20T12:50:59.308+02:00 DEBUG 238666 --- [crud-springboot] [           main] o.s.b.f.s.DefaultListableBeanFactory     : Creating shared instance of singleton bean 'org.springframework.boot.autoconfigure.thymeleaf.ThymeleafAutoConfiguration'
2024-07-20T12:50:59.308+02:00 TRACE 238666 --- [crud-springboot] [           main] o.s.b.f.s.DefaultListableBeanFactory     : Creating instance of bean 'org.springframework.boot.autoconfigure.thymeleaf.ThymeleafAutoConfiguration'
2024-07-20T12:50:59.308+02:00 TRACE 238666 --- [crud-springboot] [           main] o.s.b.f.s.DefaultListableBeanFactory     : Returning cached instance of singleton bean 'org.springframework.transaction.config.internalTransactionAdvisor'
2024-07-20T12:50:59.309+02:00 TRACE 238666 --- [crud-springboot] [           main] o.s.b.f.s.DefaultListableBeanFactory     : Returning cached instance of singleton bean 'org.springframework.transaction.config.internalTransactionAdvisor'
2024-07-20T12:50:59.309+02:00 TRACE 238666 --- [crud-springboot] [           main] o.s.b.f.s.DefaultListableBeanFactory     : Returning cached instance of singleton bean 'org.springframework.transaction.config.internalTransactionAdvisor'
2024-07-20T12:50:59.309+02:00 TRACE 238666 --- [crud-springboot] [           main] o.s.b.f.s.DefaultListableBeanFactory     : Finished creating instance of bean 'org.springframework.boot.autoconfigure.thymeleaf.ThymeleafAutoConfiguration'
2024-07-20T12:50:59.309+02:00 TRACE 238666 --- [crud-springboot] [           main] o.s.b.f.s.DefaultListableBeanFactory     : Returning cached instance of singleton bean 'spring.thymeleaf-org.springframework.boot.autoconfigure.thymeleaf.ThymeleafProperties'
2024-07-20T12:50:59.309+02:00 DEBUG 238666 --- [crud-springboot] [           main] o.s.b.f.s.DefaultListableBeanFactory     : Creating shared instance of singleton bean 'org.springframework.boot.autoconfigure.jdbc.DataSourceTransactionManagerAutoConfiguration$JdbcTransactionManagerConfiguration'
2024-07-20T12:50:59.309+02:00 TRACE 238666 --- [crud-springboot] [           main] o.s.b.f.s.DefaultListableBeanFactory     : Creating instance of bean 'org.springframework.boot.autoconfigure.jdbc.DataSourceTransactionManagerAutoConfiguration$JdbcTransactionManagerConfiguration'
2024-07-20T12:50:59.309+02:00 TRACE 238666 --- [crud-springboot] [           main] o.s.b.f.s.DefaultListableBeanFactory     : Returning cached instance of singleton bean 'org.springframework.transaction.config.internalTransactionAdvisor'
2024-07-20T12:50:59.311+02:00 TRACE 238666 --- [crud-springboot] [           main] o.s.b.f.s.DefaultListableBeanFactory     : Returning cached instance of singleton bean 'org.springframework.transaction.config.internalTransactionAdvisor'
2024-07-20T12:50:59.311+02:00 TRACE 238666 --- [crud-springboot] [           main] o.s.b.f.s.DefaultListableBeanFactory     : Returning cached instance of singleton bean 'org.springframework.transaction.config.internalTransactionAdvisor'
2024-07-20T12:50:59.311+02:00 TRACE 238666 --- [crud-springboot] [           main] o.s.b.f.s.DefaultListableBeanFactory     : Finished creating instance of bean 'org.springframework.boot.autoconfigure.jdbc.DataSourceTransactionManagerAutoConfiguration$JdbcTransactionManagerConfiguration'
2024-07-20T12:50:59.311+02:00 DEBUG 238666 --- [crud-springboot] [           main] o.s.b.f.s.DefaultListableBeanFactory     : Creating shared instance of singleton bean 'org.springframework.boot.autoconfigure.jdbc.DataSourceTransactionManagerAutoConfiguration'
2024-07-20T12:50:59.311+02:00 TRACE 238666 --- [crud-springboot] [           main] o.s.b.f.s.DefaultListableBeanFactory     : Creating instance of bean 'org.springframework.boot.autoconfigure.jdbc.DataSourceTransactionManagerAutoConfiguration'
2024-07-20T12:50:59.311+02:00 TRACE 238666 --- [crud-springboot] [           main] o.s.b.f.s.DefaultListableBeanFactory     : Returning cached instance of singleton bean 'org.springframework.transaction.config.internalTransactionAdvisor'
2024-07-20T12:50:59.312+02:00 TRACE 238666 --- [crud-springboot] [           main] o.s.b.f.s.DefaultListableBeanFactory     : Returning cached instance of singleton bean 'org.springframework.transaction.config.internalTransactionAdvisor'
2024-07-20T12:50:59.312+02:00 TRACE 238666 --- [crud-springboot] [           main] o.s.b.f.s.DefaultListableBeanFactory     : Returning cached instance of singleton bean 'org.springframework.transaction.config.internalTransactionAdvisor'
2024-07-20T12:50:59.312+02:00 TRACE 238666 --- [crud-springboot] [           main] o.s.b.f.s.DefaultListableBeanFactory     : Finished creating instance of bean 'org.springframework.boot.autoconfigure.jdbc.DataSourceTransactionManagerAutoConfiguration'
2024-07-20T12:50:59.312+02:00 TRACE 238666 --- [crud-springboot] [           main] o.s.b.f.s.DefaultListableBeanFactory     : Returning cached instance of singleton bean 'org.springframework.transaction.annotation.ProxyTransactionManagementConfiguration'
2024-07-20T12:50:59.312+02:00 TRACE 238666 --- [crud-springboot] [           main] o.s.b.f.s.DefaultListableBeanFactory     : Returning cached instance of singleton bean 'org.springframework.transaction.config.internalTransactionAdvisor'
2024-07-20T12:50:59.312+02:00 TRACE 238666 --- [crud-springboot] [           main] o.s.b.f.s.DefaultListableBeanFactory     : Returning cached instance of singleton bean 'transactionAttributeSource'
2024-07-20T12:50:59.312+02:00 TRACE 238666 --- [crud-springboot] [           main] o.s.b.f.s.DefaultListableBeanFactory     : Returning cached instance of singleton bean 'transactionInterceptor'
2024-07-20T12:50:59.312+02:00 TRACE 238666 --- [crud-springboot] [           main] o.s.b.f.s.DefaultListableBeanFactory     : Returning cached instance of singleton bean 'org.springframework.transaction.config.internalTransactionalEventListenerFactory'
2024-07-20T12:50:59.312+02:00 DEBUG 238666 --- [crud-springboot] [           main] o.s.b.f.s.DefaultListableBeanFactory     : Creating shared instance of singleton bean 'org.springframework.boot.autoconfigure.transaction.TransactionAutoConfiguration$EnableTransactionManagementConfiguration$CglibAutoProxyConfiguration'
2024-07-20T12:50:59.312+02:00 TRACE 238666 --- [crud-springboot] [           main] o.s.b.f.s.DefaultListableBeanFactory     : Creating instance of bean 'org.springframework.boot.autoconfigure.transaction.TransactionAutoConfiguration$EnableTransactionManagementConfiguration$CglibAutoProxyConfiguration'
2024-07-20T12:50:59.312+02:00 TRACE 238666 --- [crud-springboot] [           main] o.s.b.f.s.DefaultListableBeanFactory     : Returning cached instance of singleton bean 'org.springframework.transaction.config.internalTransactionAdvisor'
2024-07-20T12:50:59.313+02:00 TRACE 238666 --- [crud-springboot] [           main] o.s.b.f.s.DefaultListableBeanFactory     : Returning cached instance of singleton bean 'org.springframework.transaction.config.internalTransactionAdvisor'
2024-07-20T12:50:59.313+02:00 TRACE 238666 --- [crud-springboot] [           main] o.s.b.f.s.DefaultListableBeanFactory     : Returning cached instance of singleton bean 'org.springframework.transaction.config.internalTransactionAdvisor'
2024-07-20T12:50:59.313+02:00 TRACE 238666 --- [crud-springboot] [           main] o.s.b.f.s.DefaultListableBeanFactory     : Finished creating instance of bean 'org.springframework.boot.autoconfigure.transaction.TransactionAutoConfiguration$EnableTransactionManagementConfiguration$CglibAutoProxyConfiguration'
2024-07-20T12:50:59.313+02:00 DEBUG 238666 --- [crud-springboot] [           main] o.s.b.f.s.DefaultListableBeanFactory     : Creating shared instance of singleton bean 'org.springframework.boot.autoconfigure.transaction.TransactionAutoConfiguration$EnableTransactionManagementConfiguration'
2024-07-20T12:50:59.313+02:00 TRACE 238666 --- [crud-springboot] [           main] o.s.b.f.s.DefaultListableBeanFactory     : Creating instance of bean 'org.springframework.boot.autoconfigure.transaction.TransactionAutoConfiguration$EnableTransactionManagementConfiguration'
2024-07-20T12:50:59.313+02:00 TRACE 238666 --- [crud-springboot] [           main] o.s.b.f.s.DefaultListableBeanFactory     : Returning cached instance of singleton bean 'org.springframework.transaction.config.internalTransactionAdvisor'
2024-07-20T12:50:59.314+02:00 TRACE 238666 --- [crud-springboot] [           main] o.s.b.f.s.DefaultListableBeanFactory     : Returning cached instance of singleton bean 'org.springframework.transaction.config.internalTransactionAdvisor'
2024-07-20T12:50:59.314+02:00 TRACE 238666 --- [crud-springboot] [           main] o.s.b.f.s.DefaultListableBeanFactory     : Returning cached instance of singleton bean 'org.springframework.transaction.config.internalTransactionAdvisor'
2024-07-20T12:50:59.314+02:00 TRACE 238666 --- [crud-springboot] [           main] o.s.b.f.s.DefaultListableBeanFactory     : Finished creating instance of bean 'org.springframework.boot.autoconfigure.transaction.TransactionAutoConfiguration$EnableTransactionManagementConfiguration'
2024-07-20T12:50:59.314+02:00 DEBUG 238666 --- [crud-springboot] [           main] o.s.b.f.s.DefaultListableBeanFactory     : Creating shared instance of singleton bean 'org.springframework.boot.autoconfigure.transaction.TransactionAutoConfiguration$TransactionTemplateConfiguration'
2024-07-20T12:50:59.314+02:00 TRACE 238666 --- [crud-springboot] [           main] o.s.b.f.s.DefaultListableBeanFactory     : Creating instance of bean 'org.springframework.boot.autoconfigure.transaction.TransactionAutoConfiguration$TransactionTemplateConfiguration'
2024-07-20T12:50:59.314+02:00 TRACE 238666 --- [crud-springboot] [           main] o.s.b.f.s.DefaultListableBeanFactory     : Returning cached instance of singleton bean 'org.springframework.transaction.config.internalTransactionAdvisor'
2024-07-20T12:50:59.314+02:00 TRACE 238666 --- [crud-springboot] [           main] o.s.b.f.s.DefaultListableBeanFactory     : Returning cached instance of singleton bean 'org.springframework.transaction.config.internalTransactionAdvisor'
2024-07-20T12:50:59.314+02:00 TRACE 238666 --- [crud-springboot] [           main] o.s.b.f.s.DefaultListableBeanFactory     : Returning cached instance of singleton bean 'org.springframework.transaction.config.internalTransactionAdvisor'
2024-07-20T12:50:59.314+02:00 TRACE 238666 --- [crud-springboot] [           main] o.s.b.f.s.DefaultListableBeanFactory     : Finished creating instance of bean 'org.springframework.boot.autoconfigure.transaction.TransactionAutoConfiguration$TransactionTemplateConfiguration'
2024-07-20T12:50:59.314+02:00 DEBUG 238666 --- [crud-springboot] [           main] o.s.b.f.s.DefaultListableBeanFactory     : Creating shared instance of singleton bean 'transactionTemplate'
2024-07-20T12:50:59.314+02:00 TRACE 238666 --- [crud-springboot] [           main] o.s.b.f.s.DefaultListableBeanFactory     : Creating instance of bean 'transactionTemplate'
2024-07-20T12:50:59.314+02:00 TRACE 238666 --- [crud-springboot] [           main] o.s.b.f.s.DefaultListableBeanFactory     : Returning cached instance of singleton bean 'org.springframework.transaction.config.internalTransactionAdvisor'
2024-07-20T12:50:59.315+02:00 TRACE 238666 --- [crud-springboot] [           main] o.s.b.f.s.DefaultListableBeanFactory     : Returning cached instance of singleton bean 'org.springframework.boot.autoconfigure.transaction.TransactionAutoConfiguration$TransactionTemplateConfiguration'
2024-07-20T12:50:59.315+02:00 TRACE 238666 --- [crud-springboot] [           main] o.s.b.f.s.DefaultListableBeanFactory     : Returning cached instance of singleton bean 'transactionManager'
2024-07-20T12:50:59.315+02:00 DEBUG 238666 --- [crud-springboot] [           main] o.s.b.f.s.DefaultListableBeanFactory     : Autowiring by type from bean name 'transactionTemplate' via factory method to bean named 'transactionManager'
2024-07-20T12:50:59.317+02:00 TRACE 238666 --- [crud-springboot] [           main] o.s.b.f.s.DefaultListableBeanFactory     : Invoking afterPropertiesSet() on bean with name 'transactionTemplate'
2024-07-20T12:50:59.317+02:00 TRACE 238666 --- [crud-springboot] [           main] o.s.b.f.s.DefaultListableBeanFactory     : Returning cached instance of singleton bean 'org.springframework.transaction.config.internalTransactionAdvisor'
2024-07-20T12:50:59.317+02:00 TRACE 238666 --- [crud-springboot] [           main] o.s.b.f.s.DefaultListableBeanFactory     : Returning cached instance of singleton bean 'org.springframework.transaction.config.internalTransactionAdvisor'
2024-07-20T12:50:59.318+02:00 TRACE 238666 --- [crud-springboot] [           main] o.s.b.f.s.DefaultListableBeanFactory     : Finished creating instance of bean 'transactionTemplate'
2024-07-20T12:50:59.318+02:00 DEBUG 238666 --- [crud-springboot] [           main] o.s.b.f.s.DefaultListableBeanFactory     : Creating shared instance of singleton bean 'org.springframework.boot.autoconfigure.transaction.TransactionAutoConfiguration'
2024-07-20T12:50:59.318+02:00 TRACE 238666 --- [crud-springboot] [           main] o.s.b.f.s.DefaultListableBeanFactory     : Creating instance of bean 'org.springframework.boot.autoconfigure.transaction.TransactionAutoConfiguration'
2024-07-20T12:50:59.318+02:00 TRACE 238666 --- [crud-springboot] [           main] o.s.b.f.s.DefaultListableBeanFactory     : Returning cached instance of singleton bean 'org.springframework.transaction.config.internalTransactionAdvisor'
2024-07-20T12:50:59.320+02:00 TRACE 238666 --- [crud-springboot] [           main] o.s.b.f.s.DefaultListableBeanFactory     : Returning cached instance of singleton bean 'org.springframework.transaction.config.internalTransactionAdvisor'
2024-07-20T12:50:59.320+02:00 TRACE 238666 --- [crud-springboot] [           main] o.s.b.f.s.DefaultListableBeanFactory     : Returning cached instance of singleton bean 'org.springframework.transaction.config.internalTransactionAdvisor'
2024-07-20T12:50:59.320+02:00 TRACE 238666 --- [crud-springboot] [           main] o.s.b.f.s.DefaultListableBeanFactory     : Finished creating instance of bean 'org.springframework.boot.autoconfigure.transaction.TransactionAutoConfiguration'
2024-07-20T12:50:59.321+02:00 DEBUG 238666 --- [crud-springboot] [           main] o.s.b.f.s.DefaultListableBeanFactory     : Creating shared instance of singleton bean 'org.springframework.boot.autoconfigure.web.client.RestClientAutoConfiguration'
2024-07-20T12:50:59.321+02:00 TRACE 238666 --- [crud-springboot] [           main] o.s.b.f.s.DefaultListableBeanFactory     : Creating instance of bean 'org.springframework.boot.autoconfigure.web.client.RestClientAutoConfiguration'
2024-07-20T12:50:59.321+02:00 TRACE 238666 --- [crud-springboot] [           main] o.s.b.f.s.DefaultListableBeanFactory     : Returning cached instance of singleton bean 'org.springframework.transaction.config.internalTransactionAdvisor'
2024-07-20T12:50:59.321+02:00 TRACE 238666 --- [crud-springboot] [           main] o.s.b.f.s.DefaultListableBeanFactory     : Returning cached instance of singleton bean 'org.springframework.transaction.config.internalTransactionAdvisor'
2024-07-20T12:50:59.321+02:00 TRACE 238666 --- [crud-springboot] [           main] o.s.b.f.s.DefaultListableBeanFactory     : Returning cached instance of singleton bean 'org.springframework.transaction.config.internalTransactionAdvisor'
2024-07-20T12:50:59.321+02:00 TRACE 238666 --- [crud-springboot] [           main] o.s.b.f.s.DefaultListableBeanFactory     : Finished creating instance of bean 'org.springframework.boot.autoconfigure.web.client.RestClientAutoConfiguration'
2024-07-20T12:50:59.321+02:00 DEBUG 238666 --- [crud-springboot] [           main] o.s.b.f.s.DefaultListableBeanFactory     : Creating shared instance of singleton bean 'httpMessageConvertersRestClientCustomizer'
2024-07-20T12:50:59.321+02:00 TRACE 238666 --- [crud-springboot] [           main] o.s.b.f.s.DefaultListableBeanFactory     : Creating instance of bean 'httpMessageConvertersRestClientCustomizer'
2024-07-20T12:50:59.321+02:00 TRACE 238666 --- [crud-springboot] [           main] o.s.b.f.s.DefaultListableBeanFactory     : Returning cached instance of singleton bean 'org.springframework.transaction.config.internalTransactionAdvisor'
2024-07-20T12:50:59.322+02:00 TRACE 238666 --- [crud-springboot] [           main] o.s.b.f.s.DefaultListableBeanFactory     : Returning cached instance of singleton bean 'org.springframework.boot.autoconfigure.web.client.RestClientAutoConfiguration'
2024-07-20T12:50:59.322+02:00 TRACE 238666 --- [crud-springboot] [           main] o.s.b.f.s.DefaultListableBeanFactory     : Returning cached instance of singleton bean 'messageConverters'
2024-07-20T12:50:59.322+02:00 TRACE 238666 --- [crud-springboot] [           main] o.s.b.f.s.DefaultListableBeanFactory     : Returning cached instance of singleton bean 'org.springframework.transaction.config.internalTransactionAdvisor'
2024-07-20T12:50:59.322+02:00 TRACE 238666 --- [crud-springboot] [           main] o.s.b.f.s.DefaultListableBeanFactory     : Returning cached instance of singleton bean 'org.springframework.transaction.config.internalTransactionAdvisor'
2024-07-20T12:50:59.323+02:00 TRACE 238666 --- [crud-springboot] [           main] o.s.b.f.s.DefaultListableBeanFactory     : Finished creating instance of bean 'httpMessageConvertersRestClientCustomizer'
2024-07-20T12:50:59.323+02:00 DEBUG 238666 --- [crud-springboot] [           main] o.s.b.f.s.DefaultListableBeanFactory     : Creating shared instance of singleton bean 'restClientSsl'
2024-07-20T12:50:59.323+02:00 TRACE 238666 --- [crud-springboot] [           main] o.s.b.f.s.DefaultListableBeanFactory     : Creating instance of bean 'restClientSsl'
2024-07-20T12:50:59.323+02:00 TRACE 238666 --- [crud-springboot] [           main] o.s.b.f.s.DefaultListableBeanFactory     : Returning cached instance of singleton bean 'org.springframework.transaction.config.internalTransactionAdvisor'
2024-07-20T12:50:59.323+02:00 TRACE 238666 --- [crud-springboot] [           main] o.s.b.f.s.DefaultListableBeanFactory     : Returning cached instance of singleton bean 'org.springframework.boot.autoconfigure.web.client.RestClientAutoConfiguration'
2024-07-20T12:50:59.324+02:00 TRACE 238666 --- [crud-springboot] [           main] o.s.b.f.s.DefaultListableBeanFactory     : Returning cached instance of singleton bean 'sslBundleRegistry'
2024-07-20T12:50:59.324+02:00 DEBUG 238666 --- [crud-springboot] [           main] o.s.b.f.s.DefaultListableBeanFactory     : Autowiring by type from bean name 'restClientSsl' via factory method to bean named 'sslBundleRegistry'
2024-07-20T12:50:59.324+02:00 TRACE 238666 --- [crud-springboot] [           main] o.s.b.f.s.DefaultListableBeanFactory     : Returning cached instance of singleton bean 'org.springframework.transaction.config.internalTransactionAdvisor'
2024-07-20T12:50:59.324+02:00 TRACE 238666 --- [crud-springboot] [           main] o.s.b.f.s.DefaultListableBeanFactory     : Returning cached instance of singleton bean 'org.springframework.transaction.config.internalTransactionAdvisor'
2024-07-20T12:50:59.325+02:00 TRACE 238666 --- [crud-springboot] [           main] o.s.b.f.s.DefaultListableBeanFactory     : Finished creating instance of bean 'restClientSsl'
2024-07-20T12:50:59.325+02:00 DEBUG 238666 --- [crud-springboot] [           main] o.s.b.f.s.DefaultListableBeanFactory     : Creating shared instance of singleton bean 'restClientBuilderConfigurer'
2024-07-20T12:50:59.325+02:00 TRACE 238666 --- [crud-springboot] [           main] o.s.b.f.s.DefaultListableBeanFactory     : Creating instance of bean 'restClientBuilderConfigurer'
2024-07-20T12:50:59.325+02:00 TRACE 238666 --- [crud-springboot] [           main] o.s.b.f.s.DefaultListableBeanFactory     : Returning cached instance of singleton bean 'org.springframework.transaction.config.internalTransactionAdvisor'
2024-07-20T12:50:59.325+02:00 TRACE 238666 --- [crud-springboot] [           main] o.s.b.f.s.DefaultListableBeanFactory     : Returning cached instance of singleton bean 'org.springframework.boot.autoconfigure.web.client.RestClientAutoConfiguration'
2024-07-20T12:50:59.326+02:00 TRACE 238666 --- [crud-springboot] [           main] o.s.b.f.s.DefaultListableBeanFactory     : Returning cached instance of singleton bean 'httpMessageConvertersRestClientCustomizer'
2024-07-20T12:50:59.326+02:00 TRACE 238666 --- [crud-springboot] [           main] o.s.b.f.s.DefaultListableBeanFactory     : Returning cached instance of singleton bean 'httpMessageConvertersRestClientCustomizer'
2024-07-20T12:50:59.327+02:00 TRACE 238666 --- [crud-springboot] [           main] o.s.b.f.s.DefaultListableBeanFactory     : Returning cached instance of singleton bean 'org.springframework.transaction.config.internalTransactionAdvisor'
2024-07-20T12:50:59.327+02:00 TRACE 238666 --- [crud-springboot] [           main] o.s.b.f.s.DefaultListableBeanFactory     : Returning cached instance of singleton bean 'org.springframework.transaction.config.internalTransactionAdvisor'
2024-07-20T12:50:59.327+02:00 TRACE 238666 --- [crud-springboot] [           main] o.s.b.f.s.DefaultListableBeanFactory     : Finished creating instance of bean 'restClientBuilderConfigurer'
2024-07-20T12:50:59.327+02:00 DEBUG 238666 --- [crud-springboot] [           main] o.s.b.f.s.DefaultListableBeanFactory     : Creating shared instance of singleton bean 'org.springframework.boot.autoconfigure.web.client.RestTemplateAutoConfiguration'
2024-07-20T12:50:59.327+02:00 TRACE 238666 --- [crud-springboot] [           main] o.s.b.f.s.DefaultListableBeanFactory     : Creating instance of bean 'org.springframework.boot.autoconfigure.web.client.RestTemplateAutoConfiguration'
2024-07-20T12:50:59.327+02:00 TRACE 238666 --- [crud-springboot] [           main] o.s.b.f.s.DefaultListableBeanFactory     : Returning cached instance of singleton bean 'org.springframework.transaction.config.internalTransactionAdvisor'
2024-07-20T12:50:59.328+02:00 TRACE 238666 --- [crud-springboot] [           main] o.s.b.f.s.DefaultListableBeanFactory     : Returning cached instance of singleton bean 'org.springframework.transaction.config.internalTransactionAdvisor'
2024-07-20T12:50:59.328+02:00 TRACE 238666 --- [crud-springboot] [           main] o.s.b.f.s.DefaultListableBeanFactory     : Returning cached instance of singleton bean 'org.springframework.transaction.config.internalTransactionAdvisor'
2024-07-20T12:50:59.328+02:00 TRACE 238666 --- [crud-springboot] [           main] o.s.b.f.s.DefaultListableBeanFactory     : Finished creating instance of bean 'org.springframework.boot.autoconfigure.web.client.RestTemplateAutoConfiguration'
2024-07-20T12:50:59.328+02:00 TRACE 238666 --- [crud-springboot] [           main] o.s.b.f.s.DefaultListableBeanFactory     : Returning cached instance of singleton bean 'org.springframework.boot.autoconfigure.web.servlet.HttpEncodingAutoConfiguration'
2024-07-20T12:50:59.328+02:00 DEBUG 238666 --- [crud-springboot] [           main] o.s.b.f.s.DefaultListableBeanFactory     : Creating shared instance of singleton bean 'characterEncodingFilter'
2024-07-20T12:50:59.328+02:00 TRACE 238666 --- [crud-springboot] [           main] o.s.b.f.s.DefaultListableBeanFactory     : Creating instance of bean 'characterEncodingFilter'
2024-07-20T12:50:59.328+02:00 TRACE 238666 --- [crud-springboot] [           main] o.s.b.f.s.DefaultListableBeanFactory     : Returning cached instance of singleton bean 'org.springframework.transaction.config.internalTransactionAdvisor'
2024-07-20T12:50:59.329+02:00 TRACE 238666 --- [crud-springboot] [           main] o.s.b.f.s.DefaultListableBeanFactory     : Returning cached instance of singleton bean 'org.springframework.boot.autoconfigure.web.servlet.HttpEncodingAutoConfiguration'
2024-07-20T12:50:59.330+02:00 TRACE 238666 --- [crud-springboot] [           main] o.s.b.f.s.DefaultListableBeanFactory     : Invoking afterPropertiesSet() on bean with name 'characterEncodingFilter'
2024-07-20T12:50:59.330+02:00 TRACE 238666 --- [crud-springboot] [           main] o.s.b.f.s.DefaultListableBeanFactory     : Returning cached instance of singleton bean 'org.springframework.transaction.config.internalTransactionAdvisor'
2024-07-20T12:50:59.330+02:00 TRACE 238666 --- [crud-springboot] [           main] o.s.b.f.s.DefaultListableBeanFactory     : Returning cached instance of singleton bean 'org.springframework.transaction.config.internalTransactionAdvisor'
2024-07-20T12:50:59.332+02:00 TRACE 238666 --- [crud-springboot] [           main] o.s.b.f.s.DefaultListableBeanFactory     : Finished creating instance of bean 'characterEncodingFilter'
2024-07-20T12:50:59.332+02:00 TRACE 238666 --- [crud-springboot] [           main] o.s.b.f.s.DefaultListableBeanFactory     : Returning cached instance of singleton bean 'localeCharsetMappingsCustomizer'
2024-07-20T12:50:59.332+02:00 TRACE 238666 --- [crud-springboot] [           main] o.s.b.f.s.DefaultListableBeanFactory     : Returning cached instance of singleton bean 'org.springframework.boot.autoconfigure.web.servlet.MultipartAutoConfiguration'
2024-07-20T12:50:59.332+02:00 TRACE 238666 --- [crud-springboot] [           main] o.s.b.f.s.DefaultListableBeanFactory     : Returning cached instance of singleton bean 'multipartConfigElement'
2024-07-20T12:50:59.332+02:00 DEBUG 238666 --- [crud-springboot] [           main] o.s.b.f.s.DefaultListableBeanFactory     : Creating shared instance of singleton bean 'multipartResolver'
2024-07-20T12:50:59.332+02:00 TRACE 238666 --- [crud-springboot] [           main] o.s.b.f.s.DefaultListableBeanFactory     : Creating instance of bean 'multipartResolver'
2024-07-20T12:50:59.332+02:00 TRACE 238666 --- [crud-springboot] [           main] o.s.b.f.s.DefaultListableBeanFactory     : Returning cached instance of singleton bean 'org.springframework.transaction.config.internalTransactionAdvisor'
2024-07-20T12:50:59.332+02:00 TRACE 238666 --- [crud-springboot] [           main] o.s.b.f.s.DefaultListableBeanFactory     : Returning cached instance of singleton bean 'org.springframework.boot.autoconfigure.web.servlet.MultipartAutoConfiguration'
2024-07-20T12:50:59.335+02:00 TRACE 238666 --- [crud-springboot] [           main] o.s.b.f.s.DefaultListableBeanFactory     : Returning cached instance of singleton bean 'org.springframework.transaction.config.internalTransactionAdvisor'
2024-07-20T12:50:59.335+02:00 TRACE 238666 --- [crud-springboot] [           main] o.s.b.f.s.DefaultListableBeanFactory     : Returning cached instance of singleton bean 'org.springframework.transaction.config.internalTransactionAdvisor'
2024-07-20T12:50:59.335+02:00 TRACE 238666 --- [crud-springboot] [           main] o.s.b.f.s.DefaultListableBeanFactory     : Finished creating instance of bean 'multipartResolver'
2024-07-20T12:50:59.335+02:00 TRACE 238666 --- [crud-springboot] [           main] o.s.b.f.s.DefaultListableBeanFactory     : Returning cached instance of singleton bean 'spring.servlet.multipart-org.springframework.boot.autoconfigure.web.servlet.MultipartProperties'
2024-07-20T12:50:59.335+02:00 TRACE 238666 --- [crud-springboot] [           main] o.s.b.f.s.DefaultListableBeanFactory     : Returning cached instance of singleton bean 'mvcHandlerMappingIntrospectorRequestTransformer'
2024-07-20T12:50:59.335+02:00 TRACE 238666 --- [crud-springboot] [           main] o.s.b.f.s.DefaultListableBeanFactory     : Returning cached instance of singleton bean 'springSecurityFilterChain'
2024-07-20T12:50:59.337+02:00 TRACE 238666 --- [crud-springboot] [           main] o.s.c.e.EventListenerMethodProcessor     : No @EventListener annotations found on bean class: com.cwa.crudspringboot.CrudSpringbootApplication$$SpringCGLIB$$0
2024-07-20T12:50:59.337+02:00 TRACE 238666 --- [crud-springboot] [           main] o.s.c.e.EventListenerMethodProcessor     : No @EventListener annotations found on bean class: com.cwa.crudspringboot.configuration.JwtUtils
2024-07-20T12:50:59.337+02:00 TRACE 238666 --- [crud-springboot] [           main] o.s.c.e.EventListenerMethodProcessor     : No @EventListener annotations found on bean class: com.cwa.crudspringboot.configuration.SecurityConfig$$SpringCGLIB$$0
2024-07-20T12:50:59.337+02:00 TRACE 238666 --- [crud-springboot] [           main] o.s.c.e.EventListenerMethodProcessor     : No @EventListener annotations found on bean class: com.cwa.crudspringboot.controller.ApiResponse
2024-07-20T12:50:59.337+02:00 TRACE 238666 --- [crud-springboot] [           main] o.s.c.e.EventListenerMethodProcessor     : No @EventListener annotations found on bean class: com.cwa.crudspringboot.controller.AuthController
2024-07-20T12:50:59.337+02:00 TRACE 238666 --- [crud-springboot] [           main] o.s.c.e.EventListenerMethodProcessor     : No @EventListener annotations found on bean class: com.cwa.crudspringboot.controller.LoginRequest
2024-07-20T12:50:59.337+02:00 TRACE 238666 --- [crud-springboot] [           main] o.s.c.e.EventListenerMethodProcessor     : No @EventListener annotations found on bean class: com.cwa.crudspringboot.controller.PersonController
2024-07-20T12:50:59.337+02:00 TRACE 238666 --- [crud-springboot] [           main] o.s.c.e.EventListenerMethodProcessor     : No @EventListener annotations found on bean class: com.cwa.crudspringboot.controller.RegisterRequest
2024-07-20T12:50:59.337+02:00 TRACE 238666 --- [crud-springboot] [           main] o.s.c.e.EventListenerMethodProcessor     : No @EventListener annotations found on bean class: com.cwa.crudspringboot.controller.WebController
2024-07-20T12:50:59.338+02:00 TRACE 238666 --- [crud-springboot] [           main] o.s.c.e.EventListenerMethodProcessor     : No @EventListener annotations found on bean class: com.cwa.crudspringboot.filter.JwtFilter
2024-07-20T12:50:59.338+02:00 TRACE 238666 --- [crud-springboot] [           main] o.s.c.e.EventListenerMethodProcessor     : No @EventListener annotations found on bean class: com.cwa.crudspringboot.service.CardService
2024-07-20T12:50:59.338+02:00 TRACE 238666 --- [crud-springboot] [           main] o.s.c.e.EventListenerMethodProcessor     : No @EventListener annotations found on bean class: com.cwa.crudspringboot.service.CustomUserDetailsService
2024-07-20T12:50:59.338+02:00 TRACE 238666 --- [crud-springboot] [           main] o.s.c.e.EventListenerMethodProcessor     : No @EventListener annotations found on bean class: org.springframework.security.config.annotation.configuration.ObjectPostProcessorConfiguration
2024-07-20T12:50:59.338+02:00 TRACE 238666 --- [crud-springboot] [           main] o.s.c.e.EventListenerMethodProcessor     : No @EventListener annotations found on bean class: org.springframework.security.config.annotation.authentication.configuration.AuthenticationConfiguration
2024-07-20T12:50:59.338+02:00 TRACE 238666 --- [crud-springboot] [           main] o.s.c.e.EventListenerMethodProcessor     : No @EventListener annotations found on bean class: org.springframework.security.config.annotation.web.configuration.WebSecurityConfiguration
2024-07-20T12:50:59.339+02:00 TRACE 238666 --- [crud-springboot] [           main] o.s.c.e.EventListenerMethodProcessor     : No @EventListener annotations found on bean class: org.springframework.security.config.annotation.web.configuration.HttpSecurityConfiguration
2024-07-20T12:50:59.339+02:00 TRACE 238666 --- [crud-springboot] [           main] o.s.c.e.EventListenerMethodProcessor     : No @EventListener annotations found on bean class: org.springframework.boot.autoconfigure.context.PropertyPlaceholderAutoConfiguration
2024-07-20T12:50:59.339+02:00 TRACE 238666 --- [crud-springboot] [           main] o.s.c.e.EventListenerMethodProcessor     : No @EventListener annotations found on bean class: org.springframework.boot.autoconfigure.ssl.SslAutoConfiguration
2024-07-20T12:50:59.339+02:00 TRACE 238666 --- [crud-springboot] [           main] o.s.c.e.EventListenerMethodProcessor     : No @EventListener annotations found on bean class: org.springframework.boot.autoconfigure.websocket.servlet.WebSocketServletAutoConfiguration$TomcatWebSocketConfiguration
2024-07-20T12:50:59.339+02:00 TRACE 238666 --- [crud-springboot] [           main] o.s.c.e.EventListenerMethodProcessor     : No @EventListener annotations found on bean class: org.springframework.boot.autoconfigure.websocket.servlet.WebSocketServletAutoConfiguration
2024-07-20T12:50:59.339+02:00 TRACE 238666 --- [crud-springboot] [           main] o.s.c.e.EventListenerMethodProcessor     : No @EventListener annotations found on bean class: org.springframework.boot.autoconfigure.web.servlet.ServletWebServerFactoryConfiguration$EmbeddedTomcat
2024-07-20T12:50:59.339+02:00 TRACE 238666 --- [crud-springboot] [           main] o.s.c.e.EventListenerMethodProcessor     : No @EventListener annotations found on bean class: org.springframework.boot.autoconfigure.web.servlet.ServletWebServerFactoryAutoConfiguration
2024-07-20T12:50:59.339+02:00 TRACE 238666 --- [crud-springboot] [           main] o.s.c.e.EventListenerMethodProcessor     : No @EventListener annotations found on bean class: org.springframework.boot.autoconfigure.web.servlet.DispatcherServletAutoConfiguration$DispatcherServletConfiguration
2024-07-20T12:50:59.339+02:00 TRACE 238666 --- [crud-springboot] [           main] o.s.c.e.EventListenerMethodProcessor     : No @EventListener annotations found on bean class: org.springframework.boot.autoconfigure.web.servlet.DispatcherServletAutoConfiguration$DispatcherServletRegistrationConfiguration
2024-07-20T12:50:59.339+02:00 TRACE 238666 --- [crud-springboot] [           main] o.s.c.e.EventListenerMethodProcessor     : No @EventListener annotations found on bean class: org.springframework.boot.autoconfigure.web.servlet.DispatcherServletAutoConfiguration
2024-07-20T12:50:59.339+02:00 TRACE 238666 --- [crud-springboot] [           main] o.s.c.e.EventListenerMethodProcessor     : No @EventListener annotations found on bean class: org.springframework.boot.autoconfigure.task.TaskExecutorConfigurations$ThreadPoolTaskExecutorBuilderConfiguration
2024-07-20T12:50:59.339+02:00 TRACE 238666 --- [crud-springboot] [           main] o.s.c.e.EventListenerMethodProcessor     : No @EventListener annotations found on bean class: org.springframework.boot.autoconfigure.task.TaskExecutorConfigurations$TaskExecutorBuilderConfiguration
2024-07-20T12:50:59.340+02:00 TRACE 238666 --- [crud-springboot] [           main] o.s.c.e.EventListenerMethodProcessor     : No @EventListener annotations found on bean class: org.springframework.boot.autoconfigure.task.TaskExecutorConfigurations$SimpleAsyncTaskExecutorBuilderConfiguration
2024-07-20T12:50:59.340+02:00 TRACE 238666 --- [crud-springboot] [           main] o.s.c.e.EventListenerMethodProcessor     : No @EventListener annotations found on bean class: org.springframework.boot.autoconfigure.task.TaskExecutorConfigurations$TaskExecutorConfiguration
2024-07-20T12:50:59.340+02:00 TRACE 238666 --- [crud-springboot] [           main] o.s.c.e.EventListenerMethodProcessor     : No @EventListener annotations found on bean class: org.springframework.boot.autoconfigure.task.TaskExecutionAutoConfiguration
2024-07-20T12:50:59.340+02:00 TRACE 238666 --- [crud-springboot] [           main] o.s.c.e.EventListenerMethodProcessor     : No @EventListener annotations found on bean class: org.springframework.boot.autoconfigure.web.servlet.error.ErrorMvcAutoConfiguration$WhitelabelErrorViewConfiguration
2024-07-20T12:50:59.340+02:00 TRACE 238666 --- [crud-springboot] [           main] o.s.c.e.EventListenerMethodProcessor     : No @EventListener annotations found on bean class: org.springframework.boot.autoconfigure.web.servlet.error.ErrorMvcAutoConfiguration$DefaultErrorViewResolverConfiguration
2024-07-20T12:50:59.340+02:00 TRACE 238666 --- [crud-springboot] [           main] o.s.c.e.EventListenerMethodProcessor     : No @EventListener annotations found on bean class: org.springframework.boot.autoconfigure.web.servlet.error.ErrorMvcAutoConfiguration
2024-07-20T12:50:59.340+02:00 TRACE 238666 --- [crud-springboot] [           main] o.s.c.e.EventListenerMethodProcessor     : No @EventListener annotations found on bean class: org.springframework.boot.autoconfigure.web.servlet.error.BasicErrorController
2024-07-20T12:50:59.341+02:00 TRACE 238666 --- [crud-springboot] [           main] o.s.c.e.EventListenerMethodProcessor     : No @EventListener annotations found on bean class: org.springframework.boot.autoconfigure.web.servlet.WebMvcAutoConfiguration$EnableWebMvcConfiguration
2024-07-20T12:50:59.342+02:00 TRACE 238666 --- [crud-springboot] [           main] o.s.c.e.EventListenerMethodProcessor     : No @EventListener annotations found on bean class: org.springframework.boot.autoconfigure.web.servlet.WebMvcAutoConfiguration$WebMvcAutoConfigurationAdapter
2024-07-20T12:50:59.342+02:00 TRACE 238666 --- [crud-springboot] [           main] o.s.c.e.EventListenerMethodProcessor     : No @EventListener annotations found on bean class: org.springframework.boot.autoconfigure.web.servlet.WebMvcAutoConfiguration
2024-07-20T12:50:59.342+02:00 TRACE 238666 --- [crud-springboot] [           main] o.s.c.e.EventListenerMethodProcessor     : No @EventListener annotations found on bean class: org.springframework.boot.autoconfigure.aop.AopAutoConfiguration$AspectJAutoProxyingConfiguration$CglibAutoProxyConfiguration
2024-07-20T12:50:59.342+02:00 TRACE 238666 --- [crud-springboot] [           main] o.s.c.e.EventListenerMethodProcessor     : No @EventListener annotations found on bean class: org.springframework.boot.autoconfigure.aop.AopAutoConfiguration$AspectJAutoProxyingConfiguration
2024-07-20T12:50:59.342+02:00 TRACE 238666 --- [crud-springboot] [           main] o.s.c.e.EventListenerMethodProcessor     : No @EventListener annotations found on bean class: org.springframework.boot.autoconfigure.aop.AopAutoConfiguration
2024-07-20T12:50:59.342+02:00 TRACE 238666 --- [crud-springboot] [           main] o.s.c.e.EventListenerMethodProcessor     : No @EventListener annotations found on bean class: org.springframework.boot.autoconfigure.availability.ApplicationAvailabilityAutoConfiguration
2024-07-20T12:50:59.342+02:00 TRACE 238666 --- [crud-springboot] [           main] o.s.c.e.EventListenerMethodProcessor     : No @EventListener annotations found on bean class: org.springframework.boot.autoconfigure.transaction.jta.JtaAutoConfiguration
2024-07-20T12:50:59.342+02:00 TRACE 238666 --- [crud-springboot] [           main] o.s.c.e.EventListenerMethodProcessor     : No @EventListener annotations found on bean class: org.springframework.boot.autoconfigure.jdbc.DataSourceConfiguration$Hikari
2024-07-20T12:50:59.343+02:00 TRACE 238666 --- [crud-springboot] [           main] o.s.c.e.EventListenerMethodProcessor     : No @EventListener annotations found on bean class: com.zaxxer.hikari.HikariDataSource
2024-07-20T12:50:59.343+02:00 TRACE 238666 --- [crud-springboot] [           main] o.s.c.e.EventListenerMethodProcessor     : No @EventListener annotations found on bean class: org.springframework.boot.autoconfigure.jdbc.DataSourceAutoConfiguration$PooledDataSourceConfiguration
2024-07-20T12:50:59.343+02:00 TRACE 238666 --- [crud-springboot] [           main] o.s.c.e.EventListenerMethodProcessor     : No @EventListener annotations found on bean class: org.springframework.boot.autoconfigure.jdbc.metadata.DataSourcePoolMetadataProvidersConfiguration$HikariPoolDataSourceMetadataProviderConfiguration
2024-07-20T12:50:59.343+02:00 TRACE 238666 --- [crud-springboot] [           main] o.s.c.e.EventListenerMethodProcessor     : No @EventListener annotations found on bean class: org.springframework.boot.autoconfigure.jdbc.metadata.DataSourcePoolMetadataProvidersConfiguration
2024-07-20T12:50:59.343+02:00 TRACE 238666 --- [crud-springboot] [           main] o.s.c.e.EventListenerMethodProcessor     : No @EventListener annotations found on bean class: org.springframework.boot.autoconfigure.jdbc.DataSourceAutoConfiguration
2024-07-20T12:50:59.343+02:00 TRACE 238666 --- [crud-springboot] [           main] o.s.c.e.EventListenerMethodProcessor     : No @EventListener annotations found on bean class: org.springframework.boot.autoconfigure.transaction.TransactionManagerCustomizationAutoConfiguration
2024-07-20T12:50:59.343+02:00 TRACE 238666 --- [crud-springboot] [           main] o.s.c.e.EventListenerMethodProcessor     : No @EventListener annotations found on bean class: org.springframework.boot.autoconfigure.orm.jpa.JpaBaseConfiguration$JpaWebConfiguration
2024-07-20T12:50:59.343+02:00 TRACE 238666 --- [crud-springboot] [           main] o.s.c.e.EventListenerMethodProcessor     : No @EventListener annotations found on bean class: org.springframework.boot.autoconfigure.orm.jpa.JpaBaseConfiguration$PersistenceManagedTypesConfiguration
2024-07-20T12:50:59.343+02:00 TRACE 238666 --- [crud-springboot] [           main] o.s.c.e.EventListenerMethodProcessor     : No @EventListener annotations found on bean class: org.springframework.boot.autoconfigure.orm.jpa.HibernateJpaConfiguration
2024-07-20T12:50:59.344+02:00 TRACE 238666 --- [crud-springboot] [           main] o.s.c.e.EventListenerMethodProcessor     : No @EventListener annotations found on bean class: jdk.proxy2.$Proxy111
2024-07-20T12:50:59.344+02:00 TRACE 238666 --- [crud-springboot] [           main] o.s.c.e.EventListenerMethodProcessor     : No @EventListener annotations found on bean class: org.springframework.boot.autoconfigure.orm.jpa.HibernateJpaAutoConfiguration
2024-07-20T12:50:59.344+02:00 TRACE 238666 --- [crud-springboot] [           main] o.s.c.e.EventListenerMethodProcessor     : No @EventListener annotations found on bean class: org.springframework.boot.autoconfigure.jackson.JacksonAutoConfiguration$Jackson2ObjectMapperBuilderCustomizerConfiguration
2024-07-20T12:50:59.344+02:00 TRACE 238666 --- [crud-springboot] [           main] o.s.c.e.EventListenerMethodProcessor     : No @EventListener annotations found on bean class: org.springframework.boot.autoconfigure.jackson.JacksonAutoConfiguration$JacksonObjectMapperBuilderConfiguration
2024-07-20T12:50:59.344+02:00 TRACE 238666 --- [crud-springboot] [           main] o.s.c.e.EventListenerMethodProcessor     : No @EventListener annotations found on bean class: org.springframework.boot.autoconfigure.jackson.JacksonAutoConfiguration$ParameterNamesModuleConfiguration
2024-07-20T12:50:59.344+02:00 TRACE 238666 --- [crud-springboot] [           main] o.s.c.e.EventListenerMethodProcessor     : No @EventListener annotations found on bean class: com.fasterxml.jackson.module.paramnames.ParameterNamesModule
2024-07-20T12:50:59.344+02:00 TRACE 238666 --- [crud-springboot] [           main] o.s.c.e.EventListenerMethodProcessor     : No @EventListener annotations found on bean class: org.springframework.boot.autoconfigure.jackson.JacksonAutoConfiguration$JacksonObjectMapperConfiguration
2024-07-20T12:50:59.344+02:00 TRACE 238666 --- [crud-springboot] [           main] o.s.c.e.EventListenerMethodProcessor     : No @EventListener annotations found on bean class: com.fasterxml.jackson.databind.ObjectMapper
2024-07-20T12:50:59.345+02:00 TRACE 238666 --- [crud-springboot] [           main] o.s.c.e.EventListenerMethodProcessor     : No @EventListener annotations found on bean class: org.springframework.boot.autoconfigure.jackson.JacksonAutoConfiguration$JacksonMixinConfiguration
2024-07-20T12:50:59.345+02:00 TRACE 238666 --- [crud-springboot] [           main] o.s.c.e.EventListenerMethodProcessor     : No @EventListener annotations found on bean class: org.springframework.boot.autoconfigure.jackson.JacksonAutoConfiguration
2024-07-20T12:50:59.345+02:00 TRACE 238666 --- [crud-springboot] [           main] o.s.c.e.EventListenerMethodProcessor     : No @EventListener annotations found on bean class: org.springframework.boot.autoconfigure.context.ConfigurationPropertiesAutoConfiguration
2024-07-20T12:50:59.345+02:00 TRACE 238666 --- [crud-springboot] [           main] o.s.c.e.EventListenerMethodProcessor     : No @EventListener annotations found on bean class: org.springframework.boot.autoconfigure.context.LifecycleAutoConfiguration
2024-07-20T12:50:59.345+02:00 TRACE 238666 --- [crud-springboot] [           main] o.s.c.e.EventListenerMethodProcessor     : No @EventListener annotations found on bean class: org.springframework.boot.autoconfigure.dao.PersistenceExceptionTranslationAutoConfiguration
2024-07-20T12:50:59.345+02:00 TRACE 238666 --- [crud-springboot] [           main] o.s.c.e.EventListenerMethodProcessor     : No @EventListener annotations found on bean class: org.springframework.boot.autoconfigure.data.jpa.JpaRepositoriesAutoConfiguration
2024-07-20T12:50:59.345+02:00 TRACE 238666 --- [crud-springboot] [           main] o.s.c.e.EventListenerMethodProcessor     : No @EventListener annotations found on bean class: jdk.proxy2.$Proxy114
2024-07-20T12:50:59.346+02:00 TRACE 238666 --- [crud-springboot] [           main] o.s.c.e.EventListenerMethodProcessor     : No @EventListener annotations found on bean class: com.cwa.crudspringboot.repository.PersonRepository
2024-07-20T12:50:59.346+02:00 TRACE 238666 --- [crud-springboot] [           main] o.s.c.e.EventListenerMethodProcessor     : No @EventListener annotations found on bean class: com.cwa.crudspringboot.repository.UserRepository
2024-07-20T12:50:59.346+02:00 TRACE 238666 --- [crud-springboot] [           main] o.s.c.e.EventListenerMethodProcessor     : No @EventListener annotations found on bean class: com.cwa.crudspringboot.repository.MenuRepository
2024-07-20T12:50:59.346+02:00 TRACE 238666 --- [crud-springboot] [           main] o.s.c.e.EventListenerMethodProcessor     : No @EventListener annotations found on bean class: com.cwa.crudspringboot.repository.AllergenRepository
2024-07-20T12:50:59.346+02:00 TRACE 238666 --- [crud-springboot] [           main] o.s.c.e.EventListenerMethodProcessor     : No @EventListener annotations found on bean class: com.cwa.crudspringboot.repository.IngredientRepository
2024-07-20T12:50:59.347+02:00 TRACE 238666 --- [crud-springboot] [           main] o.s.c.e.EventListenerMethodProcessor     : No @EventListener annotations found on bean class: com.cwa.crudspringboot.repository.CardRepository
2024-07-20T12:50:59.347+02:00 TRACE 238666 --- [crud-springboot] [           main] o.s.c.e.EventListenerMethodProcessor     : No @EventListener annotations found on bean class: com.cwa.crudspringboot.repository.DishRepository
2024-07-20T12:50:59.347+02:00 TRACE 238666 --- [crud-springboot] [           main] o.s.c.e.EventListenerMethodProcessor     : No @EventListener annotations found on bean class: org.springframework.boot.autoconfigure.http.HttpMessageConvertersAutoConfiguration$StringHttpMessageConverterConfiguration
2024-07-20T12:50:59.348+02:00 TRACE 238666 --- [crud-springboot] [           main] o.s.c.e.EventListenerMethodProcessor     : No @EventListener annotations found on bean class: org.springframework.boot.autoconfigure.http.JacksonHttpMessageConvertersConfiguration$MappingJackson2HttpMessageConverterConfiguration
2024-07-20T12:50:59.348+02:00 TRACE 238666 --- [crud-springboot] [           main] o.s.c.e.EventListenerMethodProcessor     : No @EventListener annotations found on bean class: org.springframework.boot.autoconfigure.http.JacksonHttpMessageConvertersConfiguration
2024-07-20T12:50:59.348+02:00 TRACE 238666 --- [crud-springboot] [           main] o.s.c.e.EventListenerMethodProcessor     : No @EventListener annotations found on bean class: org.springframework.boot.autoconfigure.http.HttpMessageConvertersAutoConfiguration
2024-07-20T12:50:59.348+02:00 TRACE 238666 --- [crud-springboot] [           main] o.s.c.e.EventListenerMethodProcessor     : No @EventListener annotations found on bean class: org.springframework.data.web.config.ProjectingArgumentResolverRegistrar
2024-07-20T12:50:59.349+02:00 TRACE 238666 --- [crud-springboot] [           main] o.s.c.e.EventListenerMethodProcessor     : No @EventListener annotations found on bean class: org.springframework.data.web.config.SpringDataWebConfiguration
2024-07-20T12:50:59.349+02:00 TRACE 238666 --- [crud-springboot] [           main] o.s.c.e.EventListenerMethodProcessor     : No @EventListener annotations found on bean class: org.springframework.boot.autoconfigure.data.web.SpringDataWebAutoConfiguration
2024-07-20T12:50:59.349+02:00 TRACE 238666 --- [crud-springboot] [           main] o.s.c.e.EventListenerMethodProcessor     : No @EventListener annotations found on bean class: org.springframework.boot.autoconfigure.info.ProjectInfoAutoConfiguration
2024-07-20T12:50:59.349+02:00 TRACE 238666 --- [crud-springboot] [           main] o.s.c.e.EventListenerMethodProcessor     : No @EventListener annotations found on bean class: org.springframework.boot.autoconfigure.jdbc.JdbcTemplateConfiguration
2024-07-20T12:50:59.349+02:00 TRACE 238666 --- [crud-springboot] [           main] o.s.c.e.EventListenerMethodProcessor     : No @EventListener annotations found on bean class: org.springframework.boot.autoconfigure.jdbc.NamedParameterJdbcTemplateConfiguration
2024-07-20T12:50:59.349+02:00 TRACE 238666 --- [crud-springboot] [           main] o.s.c.e.EventListenerMethodProcessor     : No @EventListener annotations found on bean class: org.springframework.boot.autoconfigure.jdbc.JdbcTemplateAutoConfiguration
2024-07-20T12:50:59.349+02:00 TRACE 238666 --- [crud-springboot] [           main] o.s.c.e.EventListenerMethodProcessor     : No @EventListener annotations found on bean class: org.springframework.boot.autoconfigure.jdbc.JdbcClientAutoConfiguration
2024-07-20T12:50:59.350+02:00 TRACE 238666 --- [crud-springboot] [           main] o.s.c.e.EventListenerMethodProcessor     : No @EventListener annotations found on bean class: org.springframework.boot.autoconfigure.security.servlet.SpringBootWebSecurityConfiguration
2024-07-20T12:50:59.350+02:00 TRACE 238666 --- [crud-springboot] [           main] o.s.c.e.EventListenerMethodProcessor     : No @EventListener annotations found on bean class: org.springframework.boot.autoconfigure.security.servlet.SecurityAutoConfiguration
2024-07-20T12:50:59.350+02:00 TRACE 238666 --- [crud-springboot] [           main] o.s.c.e.EventListenerMethodProcessor     : No @EventListener annotations found on bean class: org.springframework.boot.autoconfigure.security.servlet.SecurityFilterAutoConfiguration
2024-07-20T12:50:59.350+02:00 TRACE 238666 --- [crud-springboot] [           main] o.s.c.e.EventListenerMethodProcessor     : No @EventListener annotations found on bean class: org.springframework.boot.autoconfigure.sql.init.DataSourceInitializationConfiguration
2024-07-20T12:50:59.350+02:00 TRACE 238666 --- [crud-springboot] [           main] o.s.c.e.EventListenerMethodProcessor     : No @EventListener annotations found on bean class: org.springframework.boot.autoconfigure.sql.init.SqlInitializationAutoConfiguration
2024-07-20T12:50:59.350+02:00 TRACE 238666 --- [crud-springboot] [           main] o.s.c.e.EventListenerMethodProcessor     : No @EventListener annotations found on bean class: org.springframework.boot.autoconfigure.task.TaskSchedulingConfigurations$ThreadPoolTaskSchedulerBuilderConfiguration
2024-07-20T12:50:59.350+02:00 TRACE 238666 --- [crud-springboot] [           main] o.s.c.e.EventListenerMethodProcessor     : No @EventListener annotations found on bean class: org.springframework.boot.autoconfigure.task.TaskSchedulingConfigurations$TaskSchedulerBuilderConfiguration
2024-07-20T12:50:59.350+02:00 TRACE 238666 --- [crud-springboot] [           main] o.s.c.e.EventListenerMethodProcessor     : No @EventListener annotations found on bean class: org.springframework.boot.autoconfigure.task.TaskSchedulingConfigurations$SimpleAsyncTaskSchedulerBuilderConfiguration
2024-07-20T12:50:59.350+02:00 TRACE 238666 --- [crud-springboot] [           main] o.s.c.e.EventListenerMethodProcessor     : No @EventListener annotations found on bean class: org.springframework.boot.autoconfigure.task.TaskSchedulingAutoConfiguration
2024-07-20T12:50:59.350+02:00 TRACE 238666 --- [crud-springboot] [           main] o.s.c.e.EventListenerMethodProcessor     : No @EventListener annotations found on bean class: org.springframework.boot.autoconfigure.thymeleaf.ThymeleafAutoConfiguration$ThymeleafWebMvcConfiguration$ThymeleafViewResolverConfiguration
2024-07-20T12:50:59.351+02:00 TRACE 238666 --- [crud-springboot] [           main] o.s.c.e.EventListenerMethodProcessor     : No @EventListener annotations found on bean class: org.thymeleaf.spring6.view.ThymeleafViewResolver
2024-07-20T12:50:59.351+02:00 TRACE 238666 --- [crud-springboot] [           main] o.s.c.e.EventListenerMethodProcessor     : No @EventListener annotations found on bean class: org.springframework.boot.autoconfigure.thymeleaf.ThymeleafAutoConfiguration$ThymeleafWebMvcConfiguration
2024-07-20T12:50:59.351+02:00 TRACE 238666 --- [crud-springboot] [           main] o.s.c.e.EventListenerMethodProcessor     : No @EventListener annotations found on bean class: org.springframework.boot.autoconfigure.thymeleaf.ThymeleafAutoConfiguration$DefaultTemplateResolverConfiguration
2024-07-20T12:50:59.351+02:00 TRACE 238666 --- [crud-springboot] [           main] o.s.c.e.EventListenerMethodProcessor     : No @EventListener annotations found on bean class: org.thymeleaf.spring6.templateresolver.SpringResourceTemplateResolver
2024-07-20T12:50:59.351+02:00 TRACE 238666 --- [crud-springboot] [           main] o.s.c.e.EventListenerMethodProcessor     : No @EventListener annotations found on bean class: org.springframework.boot.autoconfigure.thymeleaf.TemplateEngineConfigurations$DefaultTemplateEngineConfiguration
2024-07-20T12:50:59.351+02:00 TRACE 238666 --- [crud-springboot] [           main] o.s.c.e.EventListenerMethodProcessor     : No @EventListener annotations found on bean class: org.thymeleaf.spring6.SpringTemplateEngine
2024-07-20T12:50:59.351+02:00 TRACE 238666 --- [crud-springboot] [           main] o.s.c.e.EventListenerMethodProcessor     : No @EventListener annotations found on bean class: org.springframework.boot.autoconfigure.thymeleaf.ThymeleafAutoConfiguration
2024-07-20T12:50:59.351+02:00 TRACE 238666 --- [crud-springboot] [           main] o.s.c.e.EventListenerMethodProcessor     : No @EventListener annotations found on bean class: org.springframework.boot.autoconfigure.jdbc.DataSourceTransactionManagerAutoConfiguration$JdbcTransactionManagerConfiguration
2024-07-20T12:50:59.351+02:00 TRACE 238666 --- [crud-springboot] [           main] o.s.c.e.EventListenerMethodProcessor     : No @EventListener annotations found on bean class: org.springframework.boot.autoconfigure.jdbc.DataSourceTransactionManagerAutoConfiguration
2024-07-20T12:50:59.351+02:00 TRACE 238666 --- [crud-springboot] [           main] o.s.c.e.EventListenerMethodProcessor     : No @EventListener annotations found on bean class: org.springframework.transaction.annotation.ProxyTransactionManagementConfiguration
2024-07-20T12:50:59.351+02:00 TRACE 238666 --- [crud-springboot] [           main] o.s.c.e.EventListenerMethodProcessor     : No @EventListener annotations found on bean class: org.springframework.boot.autoconfigure.transaction.TransactionAutoConfiguration$EnableTransactionManagementConfiguration$CglibAutoProxyConfiguration
2024-07-20T12:50:59.352+02:00 TRACE 238666 --- [crud-springboot] [           main] o.s.c.e.EventListenerMethodProcessor     : No @EventListener annotations found on bean class: org.springframework.boot.autoconfigure.transaction.TransactionAutoConfiguration$EnableTransactionManagementConfiguration
2024-07-20T12:50:59.352+02:00 TRACE 238666 --- [crud-springboot] [           main] o.s.c.e.EventListenerMethodProcessor     : No @EventListener annotations found on bean class: org.springframework.boot.autoconfigure.transaction.TransactionAutoConfiguration$TransactionTemplateConfiguration
2024-07-20T12:50:59.352+02:00 TRACE 238666 --- [crud-springboot] [           main] o.s.c.e.EventListenerMethodProcessor     : No @EventListener annotations found on bean class: org.springframework.boot.autoconfigure.transaction.TransactionAutoConfiguration
2024-07-20T12:50:59.352+02:00 TRACE 238666 --- [crud-springboot] [           main] o.s.c.e.EventListenerMethodProcessor     : No @EventListener annotations found on bean class: org.springframework.boot.autoconfigure.web.client.RestClientAutoConfiguration
2024-07-20T12:50:59.352+02:00 TRACE 238666 --- [crud-springboot] [           main] o.s.c.e.EventListenerMethodProcessor     : No @EventListener annotations found on bean class: org.springframework.boot.autoconfigure.web.client.RestTemplateAutoConfiguration
2024-07-20T12:50:59.352+02:00 TRACE 238666 --- [crud-springboot] [           main] o.s.c.e.EventListenerMethodProcessor     : No @EventListener annotations found on bean class: org.springframework.boot.autoconfigure.web.servlet.HttpEncodingAutoConfiguration
2024-07-20T12:50:59.352+02:00 TRACE 238666 --- [crud-springboot] [           main] o.s.c.e.EventListenerMethodProcessor     : No @EventListener annotations found on bean class: org.springframework.boot.autoconfigure.web.servlet.MultipartAutoConfiguration
2024-07-20T12:50:59.352+02:00 TRACE 238666 --- [crud-springboot] [           main] o.s.c.e.EventListenerMethodProcessor     : No @EventListener annotations found on bean class: jakarta.servlet.MultipartConfigElement
2024-07-20T12:50:59.352+02:00 TRACE 238666 --- [crud-springboot] [           main] o.s.c.e.EventListenerMethodProcessor     : No @EventListener annotations found on bean class: jakarta.persistence.EntityManager
2024-07-20T12:50:59.353+02:00 TRACE 238666 --- [crud-springboot] [           main] o.s.b.f.s.DefaultListableBeanFactory     : Returning cached instance of singleton bean 'lifecycleProcessor'
2024-07-20T12:50:59.354+02:00 TRACE 238666 --- [crud-springboot] [           main] o.s.b.f.s.DefaultListableBeanFactory     : Returning cached instance of singleton bean 'applicationTaskExecutor'
2024-07-20T12:50:59.354+02:00 TRACE 238666 --- [crud-springboot] [           main] o.s.b.f.s.DefaultListableBeanFactory     : Returning cached instance of singleton bean 'lifecycleProcessor'
2024-07-20T12:50:59.354+02:00 TRACE 238666 --- [crud-springboot] [           main] o.s.b.f.s.DefaultListableBeanFactory     : Returning cached instance of singleton bean 'springBootLoggingLifecycle'
2024-07-20T12:50:59.359+02:00 DEBUG 238666 --- [crud-springboot] [           main] o.s.c.support.DefaultLifecycleProcessor  : Starting beans in phase -2147483647
2024-07-20T12:50:59.359+02:00 TRACE 238666 --- [crud-springboot] [           main] o.s.c.support.DefaultLifecycleProcessor  : Starting bean 'springBootLoggingLifecycle' of type [org.springframework.boot.context.logging.LoggingApplicationListener$Lifecycle]
2024-07-20T12:50:59.359+02:00 DEBUG 238666 --- [crud-springboot] [           main] o.s.c.support.DefaultLifecycleProcessor  : Successfully started bean 'springBootLoggingLifecycle'
2024-07-20T12:50:59.359+02:00 DEBUG 238666 --- [crud-springboot] [           main] o.s.c.support.DefaultLifecycleProcessor  : Starting beans in phase 2147483647
2024-07-20T12:50:59.361+02:00 TRACE 238666 --- [crud-springboot] [           main] o.s.b.f.s.DefaultListableBeanFactory     : Returning cached instance of singleton bean 'org.springframework.boot.autoconfigure.internalCachingMetadataReaderFactory'
2024-07-20T12:50:59.362+02:00 TRACE 238666 --- [crud-springboot] [           main] o.s.b.f.s.DefaultListableBeanFactory     : Returning cached instance of singleton bean 'delegatingApplicationListener'
2024-07-20T12:50:59.362+02:00 TRACE 238666 --- [crud-springboot] [           main] o.s.b.f.s.DefaultListableBeanFactory     : Returning cached instance of singleton bean 'mvcResourceUrlProvider'
2024-07-20T12:50:59.393+02:00 DEBUG 238666 --- [crud-springboot] [           main] .s.b.a.l.ConditionEvaluationReportLogger : 


============================
CONDITIONS EVALUATION REPORT
============================


Positive matches:
-----------------

   AopAutoConfiguration matched:
      - @ConditionalOnProperty (spring.aop.auto=true) matched (OnPropertyCondition)

   AopAutoConfiguration.AspectJAutoProxyingConfiguration matched:
      - @ConditionalOnClass found required class 'org.aspectj.weaver.Advice' (OnClassCondition)

   AopAutoConfiguration.AspectJAutoProxyingConfiguration.CglibAutoProxyConfiguration matched:
      - @ConditionalOnProperty (spring.aop.proxy-target-class=true) matched (OnPropertyCondition)

   ApplicationAvailabilityAutoConfiguration#applicationAvailability matched:
      - @ConditionalOnMissingBean (types: org.springframework.boot.availability.ApplicationAvailability; SearchStrategy: all) did not find any beans (OnBeanCondition)

   DataSourceAutoConfiguration matched:
      - @ConditionalOnClass found required classes 'javax.sql.DataSource', 'org.springframework.jdbc.datasource.embedded.EmbeddedDatabaseType' (OnClassCondition)
      - @ConditionalOnMissingBean (types: io.r2dbc.spi.ConnectionFactory; SearchStrategy: all) did not find any beans (OnBeanCondition)

   DataSourceAutoConfiguration.PooledDataSourceConfiguration matched:
      - AnyNestedCondition 1 matched 1 did not; NestedCondition on DataSourceAutoConfiguration.PooledDataSourceCondition.PooledDataSourceAvailable PooledDataSource found supported DataSource; NestedCondition on DataSourceAutoConfiguration.PooledDataSourceCondition.ExplicitType @ConditionalOnProperty (spring.datasource.type) did not find property 'type' (DataSourceAutoConfiguration.PooledDataSourceCondition)
      - @ConditionalOnMissingBean (types: javax.sql.DataSource,javax.sql.XADataSource; SearchStrategy: all) did not find any beans (OnBeanCondition)

   DataSourceAutoConfiguration.PooledDataSourceConfiguration#jdbcConnectionDetails matched:
      - @ConditionalOnMissingBean (types: org.springframework.boot.autoconfigure.jdbc.JdbcConnectionDetails; SearchStrategy: all) did not find any beans (OnBeanCondition)

   DataSourceConfiguration.Hikari matched:
      - @ConditionalOnClass found required class 'com.zaxxer.hikari.HikariDataSource' (OnClassCondition)
      - @ConditionalOnProperty (spring.datasource.type=com.zaxxer.hikari.HikariDataSource) matched (OnPropertyCondition)
      - @ConditionalOnMissingBean (types: javax.sql.DataSource; SearchStrategy: all) did not find any beans (OnBeanCondition)

   DataSourceInitializationConfiguration matched:
      - @ConditionalOnClass found required class 'org.springframework.jdbc.datasource.init.DatabasePopulator' (OnClassCondition)
      - @ConditionalOnSingleCandidate (types: javax.sql.DataSource; SearchStrategy: all) found a single bean 'dataSource'; @ConditionalOnMissingBean (types: org.springframework.boot.autoconfigure.sql.init.SqlDataSourceScriptDatabaseInitializer,org.springframework.boot.autoconfigure.sql.init.SqlR2dbcScriptDatabaseInitializer; SearchStrategy: all) did not find any beans (OnBeanCondition)

   DataSourcePoolMetadataProvidersConfiguration.HikariPoolDataSourceMetadataProviderConfiguration matched:
      - @ConditionalOnClass found required class 'com.zaxxer.hikari.HikariDataSource' (OnClassCondition)

   DataSourceTransactionManagerAutoConfiguration matched:
      - @ConditionalOnClass found required classes 'javax.sql.DataSource', 'org.springframework.jdbc.core.JdbcTemplate', 'org.springframework.transaction.TransactionManager' (OnClassCondition)

   DataSourceTransactionManagerAutoConfiguration.JdbcTransactionManagerConfiguration matched:
      - @ConditionalOnSingleCandidate (types: javax.sql.DataSource; SearchStrategy: all) found a single bean 'dataSource' (OnBeanCondition)

   DispatcherServletAutoConfiguration matched:
      - @ConditionalOnClass found required class 'org.springframework.web.servlet.DispatcherServlet' (OnClassCondition)
      - found 'session' scope (OnWebApplicationCondition)

   DispatcherServletAutoConfiguration.DispatcherServletConfiguration matched:
      - @ConditionalOnClass found required class 'jakarta.servlet.ServletRegistration' (OnClassCondition)
      - Default DispatcherServlet did not find dispatcher servlet beans (DispatcherServletAutoConfiguration.DefaultDispatcherServletCondition)

   DispatcherServletAutoConfiguration.DispatcherServletRegistrationConfiguration matched:
      - @ConditionalOnClass found required class 'jakarta.servlet.ServletRegistration' (OnClassCondition)
      - DispatcherServlet Registration did not find servlet registration bean (DispatcherServletAutoConfiguration.DispatcherServletRegistrationCondition)

   DispatcherServletAutoConfiguration.DispatcherServletRegistrationConfiguration#dispatcherServletRegistration matched:
      - @ConditionalOnBean (names: dispatcherServlet types: org.springframework.web.servlet.DispatcherServlet; SearchStrategy: all) found bean 'dispatcherServlet' (OnBeanCondition)

   ErrorMvcAutoConfiguration matched:
      - @ConditionalOnClass found required classes 'jakarta.servlet.Servlet', 'org.springframework.web.servlet.DispatcherServlet' (OnClassCondition)
      - found 'session' scope (OnWebApplicationCondition)

   ErrorMvcAutoConfiguration#basicErrorController matched:
      - @ConditionalOnMissingBean (types: org.springframework.boot.web.servlet.error.ErrorController; SearchStrategy: current) did not find any beans (OnBeanCondition)

   ErrorMvcAutoConfiguration#errorAttributes matched:
      - @ConditionalOnMissingBean (types: org.springframework.boot.web.servlet.error.ErrorAttributes; SearchStrategy: current) did not find any beans (OnBeanCondition)

   ErrorMvcAutoConfiguration.DefaultErrorViewResolverConfiguration#conventionErrorViewResolver matched:
      - @ConditionalOnBean (types: org.springframework.web.servlet.DispatcherServlet; SearchStrategy: all) found bean 'dispatcherServlet'; @ConditionalOnMissingBean (types: org.springframework.boot.autoconfigure.web.servlet.error.ErrorViewResolver; SearchStrategy: all) did not find any beans (OnBeanCondition)

   ErrorMvcAutoConfiguration.WhitelabelErrorViewConfiguration matched:
      - @ConditionalOnProperty (server.error.whitelabel.enabled) matched (OnPropertyCondition)
      - ErrorTemplate Missing did not find error template view (ErrorMvcAutoConfiguration.ErrorTemplateMissingCondition)

   ErrorMvcAutoConfiguration.WhitelabelErrorViewConfiguration#beanNameViewResolver matched:
      - @ConditionalOnMissingBean (types: org.springframework.web.servlet.view.BeanNameViewResolver; SearchStrategy: all) did not find any beans (OnBeanCondition)

   ErrorMvcAutoConfiguration.WhitelabelErrorViewConfiguration#defaultErrorView matched:
      - @ConditionalOnMissingBean (names: error; SearchStrategy: all) did not find any beans (OnBeanCondition)

   GenericCacheConfiguration matched:
      - Cache org.springframework.boot.autoconfigure.cache.GenericCacheConfiguration automatic cache type (CacheCondition)

   HibernateJpaAutoConfiguration matched:
      - @ConditionalOnClass found required classes 'org.springframework.orm.jpa.LocalContainerEntityManagerFactoryBean', 'jakarta.persistence.EntityManager', 'org.hibernate.engine.spi.SessionImplementor' (OnClassCondition)

   HibernateJpaConfiguration matched:
      - @ConditionalOnSingleCandidate (types: javax.sql.DataSource; SearchStrategy: all) found a single bean 'dataSource' (OnBeanCondition)

   HttpEncodingAutoConfiguration matched:
      - @ConditionalOnClass found required class 'org.springframework.web.filter.CharacterEncodingFilter' (OnClassCondition)
      - found 'session' scope (OnWebApplicationCondition)
      - @ConditionalOnProperty (server.servlet.encoding.enabled) matched (OnPropertyCondition)

   HttpEncodingAutoConfiguration#characterEncodingFilter matched:
      - @ConditionalOnMissingBean (types: org.springframework.web.filter.CharacterEncodingFilter; SearchStrategy: all) did not find any beans (OnBeanCondition)

   HttpMessageConvertersAutoConfiguration matched:
      - @ConditionalOnClass found required class 'org.springframework.http.converter.HttpMessageConverter' (OnClassCondition)
      - NoneNestedConditions 0 matched 1 did not; NestedCondition on HttpMessageConvertersAutoConfiguration.NotReactiveWebApplicationCondition.ReactiveWebApplication did not find reactive web application classes (HttpMessageConvertersAutoConfiguration.NotReactiveWebApplicationCondition)

   HttpMessageConvertersAutoConfiguration#messageConverters matched:
      - @ConditionalOnMissingBean (types: org.springframework.boot.autoconfigure.http.HttpMessageConverters; SearchStrategy: all) did not find any beans (OnBeanCondition)

   HttpMessageConvertersAutoConfiguration.StringHttpMessageConverterConfiguration matched:
      - @ConditionalOnClass found required class 'org.springframework.http.converter.StringHttpMessageConverter' (OnClassCondition)

   HttpMessageConvertersAutoConfiguration.StringHttpMessageConverterConfiguration#stringHttpMessageConverter matched:
      - @ConditionalOnMissingBean (types: org.springframework.http.converter.StringHttpMessageConverter; SearchStrategy: all) did not find any beans (OnBeanCondition)

   JacksonAutoConfiguration matched:
      - @ConditionalOnClass found required class 'com.fasterxml.jackson.databind.ObjectMapper' (OnClassCondition)

   JacksonAutoConfiguration.Jackson2ObjectMapperBuilderCustomizerConfiguration matched:
      - @ConditionalOnClass found required class 'org.springframework.http.converter.json.Jackson2ObjectMapperBuilder' (OnClassCondition)

   JacksonAutoConfiguration.JacksonObjectMapperBuilderConfiguration matched:
      - @ConditionalOnClass found required class 'org.springframework.http.converter.json.Jackson2ObjectMapperBuilder' (OnClassCondition)

   JacksonAutoConfiguration.JacksonObjectMapperBuilderConfiguration#jacksonObjectMapperBuilder matched:
      - @ConditionalOnMissingBean (types: org.springframework.http.converter.json.Jackson2ObjectMapperBuilder; SearchStrategy: all) did not find any beans (OnBeanCondition)

   JacksonAutoConfiguration.JacksonObjectMapperConfiguration matched:
      - @ConditionalOnClass found required class 'org.springframework.http.converter.json.Jackson2ObjectMapperBuilder' (OnClassCondition)

   JacksonAutoConfiguration.JacksonObjectMapperConfiguration#jacksonObjectMapper matched:
      - @ConditionalOnMissingBean (types: com.fasterxml.jackson.databind.ObjectMapper; SearchStrategy: all) did not find any beans (OnBeanCondition)

   JacksonAutoConfiguration.ParameterNamesModuleConfiguration matched:
      - @ConditionalOnClass found required class 'com.fasterxml.jackson.module.paramnames.ParameterNamesModule' (OnClassCondition)

   JacksonAutoConfiguration.ParameterNamesModuleConfiguration#parameterNamesModule matched:
      - @ConditionalOnMissingBean (types: com.fasterxml.jackson.module.paramnames.ParameterNamesModule; SearchStrategy: all) did not find any beans (OnBeanCondition)

   JacksonHttpMessageConvertersConfiguration.MappingJackson2HttpMessageConverterConfiguration matched:
      - @ConditionalOnClass found required class 'com.fasterxml.jackson.databind.ObjectMapper' (OnClassCondition)
      - @ConditionalOnProperty (spring.mvc.converters.preferred-json-mapper=jackson) matched (OnPropertyCondition)
      - @ConditionalOnBean (types: com.fasterxml.jackson.databind.ObjectMapper; SearchStrategy: all) found bean 'jacksonObjectMapper' (OnBeanCondition)

   JacksonHttpMessageConvertersConfiguration.MappingJackson2HttpMessageConverterConfiguration#mappingJackson2HttpMessageConverter matched:
      - @ConditionalOnMissingBean (types: org.springframework.http.converter.json.MappingJackson2HttpMessageConverter ignored: org.springframework.hateoas.server.mvc.TypeConstrainedMappingJackson2HttpMessageConverter,org.springframework.data.rest.webmvc.alps.AlpsJsonHttpMessageConverter; SearchStrategy: all) did not find any beans (OnBeanCondition)

   JdbcClientAutoConfiguration matched:
      - @ConditionalOnSingleCandidate (types: org.springframework.jdbc.core.namedparam.NamedParameterJdbcTemplate; SearchStrategy: all) found a single bean 'namedParameterJdbcTemplate'; @ConditionalOnMissingBean (types: org.springframework.jdbc.core.simple.JdbcClient; SearchStrategy: all) did not find any beans (OnBeanCondition)

   JdbcTemplateAutoConfiguration matched:
      - @ConditionalOnClass found required classes 'javax.sql.DataSource', 'org.springframework.jdbc.core.JdbcTemplate' (OnClassCondition)
      - @ConditionalOnSingleCandidate (types: javax.sql.DataSource; SearchStrategy: all) found a single bean 'dataSource' (OnBeanCondition)

   JdbcTemplateConfiguration matched:
      - @ConditionalOnMissingBean (types: org.springframework.jdbc.core.JdbcOperations; SearchStrategy: all) did not find any beans (OnBeanCondition)

   JpaBaseConfiguration#entityManagerFactory matched:
      - @ConditionalOnMissingBean (types: org.springframework.orm.jpa.LocalContainerEntityManagerFactoryBean,jakarta.persistence.EntityManagerFactory; SearchStrategy: all) did not find any beans (OnBeanCondition)

   JpaBaseConfiguration#entityManagerFactoryBuilder matched:
      - @ConditionalOnMissingBean (types: org.springframework.boot.orm.jpa.EntityManagerFactoryBuilder; SearchStrategy: all) did not find any beans (OnBeanCondition)

   JpaBaseConfiguration#jpaVendorAdapter matched:
      - @ConditionalOnMissingBean (types: org.springframework.orm.jpa.JpaVendorAdapter; SearchStrategy: all) did not find any beans (OnBeanCondition)

   JpaBaseConfiguration#transactionManager matched:
      - @ConditionalOnMissingBean (types: org.springframework.transaction.TransactionManager; SearchStrategy: all) did not find any beans (OnBeanCondition)

   JpaBaseConfiguration.JpaWebConfiguration matched:
      - @ConditionalOnClass found required class 'org.springframework.web.servlet.config.annotation.WebMvcConfigurer' (OnClassCondition)
      - found 'session' scope (OnWebApplicationCondition)
      - @ConditionalOnProperty (spring.jpa.open-in-view=true) matched (OnPropertyCondition)
      - @ConditionalOnMissingBean (types: org.springframework.orm.jpa.support.OpenEntityManagerInViewInterceptor,org.springframework.orm.jpa.support.OpenEntityManagerInViewFilter; SearchStrategy: all) did not find any beans (OnBeanCondition)

   JpaBaseConfiguration.PersistenceManagedTypesConfiguration matched:
      - @ConditionalOnMissingBean (types: org.springframework.orm.jpa.LocalContainerEntityManagerFactoryBean,jakarta.persistence.EntityManagerFactory; SearchStrategy: all) did not find any beans (OnBeanCondition)

   JpaBaseConfiguration.PersistenceManagedTypesConfiguration#persistenceManagedTypes matched:
      - @ConditionalOnMissingBean (types: org.springframework.orm.jpa.persistenceunit.PersistenceManagedTypes; SearchStrategy: all) did not find any beans (OnBeanCondition)

   JpaRepositoriesAutoConfiguration matched:
      - @ConditionalOnClass found required class 'org.springframework.data.jpa.repository.JpaRepository' (OnClassCondition)
      - @ConditionalOnProperty (spring.data.jpa.repositories.enabled=true) matched (OnPropertyCondition)
      - @ConditionalOnBean (types: javax.sql.DataSource; SearchStrategy: all) found bean 'dataSource'; @ConditionalOnMissingBean (types: org.springframework.data.jpa.repository.support.JpaRepositoryFactoryBean,org.springframework.data.jpa.repository.config.JpaRepositoryConfigExtension; SearchStrategy: all) did not find any beans (OnBeanCondition)

   JtaAutoConfiguration matched:
      - @ConditionalOnClass found required class 'jakarta.transaction.Transaction' (OnClassCondition)
      - @ConditionalOnProperty (spring.jta.enabled) matched (OnPropertyCondition)

   LifecycleAutoConfiguration#defaultLifecycleProcessor matched:
      - @ConditionalOnMissingBean (names: lifecycleProcessor; SearchStrategy: current) did not find any beans (OnBeanCondition)

   MultipartAutoConfiguration matched:
      - @ConditionalOnClass found required classes 'jakarta.servlet.Servlet', 'org.springframework.web.multipart.support.StandardServletMultipartResolver', 'jakarta.servlet.MultipartConfigElement' (OnClassCondition)
      - found 'session' scope (OnWebApplicationCondition)
      - @ConditionalOnProperty (spring.servlet.multipart.enabled) matched (OnPropertyCondition)

   MultipartAutoConfiguration#multipartConfigElement matched:
      - @ConditionalOnMissingBean (types: jakarta.servlet.MultipartConfigElement; SearchStrategy: all) did not find any beans (OnBeanCondition)

   MultipartAutoConfiguration#multipartResolver matched:
      - @ConditionalOnMissingBean (types: org.springframework.web.multipart.MultipartResolver; SearchStrategy: all) did not find any beans (OnBeanCondition)

   NamedParameterJdbcTemplateConfiguration matched:
      - @ConditionalOnSingleCandidate (types: org.springframework.jdbc.core.JdbcTemplate; SearchStrategy: all) found a single bean 'jdbcTemplate'; @ConditionalOnMissingBean (types: org.springframework.jdbc.core.namedparam.NamedParameterJdbcOperations; SearchStrategy: all) did not find any beans (OnBeanCondition)

   NoOpCacheConfiguration matched:
      - Cache org.springframework.boot.autoconfigure.cache.NoOpCacheConfiguration automatic cache type (CacheCondition)

   PersistenceExceptionTranslationAutoConfiguration matched:
      - @ConditionalOnClass found required class 'org.springframework.dao.annotation.PersistenceExceptionTranslationPostProcessor' (OnClassCondition)

   PersistenceExceptionTranslationAutoConfiguration#persistenceExceptionTranslationPostProcessor matched:
      - @ConditionalOnProperty (spring.dao.exceptiontranslation.enabled) matched (OnPropertyCondition)
      - @ConditionalOnMissingBean (types: org.springframework.dao.annotation.PersistenceExceptionTranslationPostProcessor; SearchStrategy: all) did not find any beans (OnBeanCondition)

   PropertyPlaceholderAutoConfiguration#propertySourcesPlaceholderConfigurer matched:
      - @ConditionalOnMissingBean (types: org.springframework.context.support.PropertySourcesPlaceholderConfigurer; SearchStrategy: current) did not find any beans (OnBeanCondition)

   RestClientAutoConfiguration matched:
      - @ConditionalOnClass found required class 'org.springframework.web.client.RestClient' (OnClassCondition)
      - NoneNestedConditions 0 matched 1 did not; NestedCondition on NotReactiveWebApplicationCondition.ReactiveWebApplication did not find reactive web application classes (NotReactiveWebApplicationCondition)

   RestClientAutoConfiguration#httpMessageConvertersRestClientCustomizer matched:
      - @ConditionalOnMissingBean (types: org.springframework.boot.autoconfigure.web.client.HttpMessageConvertersRestClientCustomizer; SearchStrategy: all) did not find any beans (OnBeanCondition)

   RestClientAutoConfiguration#restClientBuilder matched:
      - @ConditionalOnMissingBean (types: org.springframework.web.client.RestClient$Builder; SearchStrategy: all) did not find any beans (OnBeanCondition)

   RestClientAutoConfiguration#restClientBuilderConfigurer matched:
      - @ConditionalOnMissingBean (types: org.springframework.boot.autoconfigure.web.client.RestClientBuilderConfigurer; SearchStrategy: all) did not find any beans (OnBeanCondition)

   RestClientAutoConfiguration#restClientSsl matched:
      - @ConditionalOnBean (types: org.springframework.boot.ssl.SslBundles; SearchStrategy: all) found bean 'sslBundleRegistry'; @ConditionalOnMissingBean (types: org.springframework.boot.autoconfigure.web.client.RestClientSsl; SearchStrategy: all) did not find any beans (OnBeanCondition)

   RestTemplateAutoConfiguration matched:
      - @ConditionalOnClass found required class 'org.springframework.web.client.RestTemplate' (OnClassCondition)
      - NoneNestedConditions 0 matched 1 did not; NestedCondition on NotReactiveWebApplicationCondition.ReactiveWebApplication did not find reactive web application classes (NotReactiveWebApplicationCondition)

   RestTemplateAutoConfiguration#restTemplateBuilder matched:
      - @ConditionalOnMissingBean (types: org.springframework.boot.web.client.RestTemplateBuilder; SearchStrategy: all) did not find any beans (OnBeanCondition)

   SecurityAutoConfiguration matched:
      - @ConditionalOnClass found required class 'org.springframework.security.authentication.DefaultAuthenticationEventPublisher' (OnClassCondition)

   SecurityAutoConfiguration#authenticationEventPublisher matched:
      - @ConditionalOnMissingBean (types: org.springframework.security.authentication.AuthenticationEventPublisher; SearchStrategy: all) did not find any beans (OnBeanCondition)

   SecurityFilterAutoConfiguration matched:
      - @ConditionalOnClass found required classes 'org.springframework.security.web.context.AbstractSecurityWebApplicationInitializer', 'org.springframework.security.config.http.SessionCreationPolicy' (OnClassCondition)
      - found 'session' scope (OnWebApplicationCondition)

   SecurityFilterAutoConfiguration#securityFilterChainRegistration matched:
      - @ConditionalOnBean (names: springSecurityFilterChain; SearchStrategy: all) found bean 'springSecurityFilterChain' (OnBeanCondition)

   ServletWebServerFactoryAutoConfiguration matched:
      - @ConditionalOnClass found required class 'jakarta.servlet.ServletRequest' (OnClassCondition)
      - found 'session' scope (OnWebApplicationCondition)

   ServletWebServerFactoryAutoConfiguration#tomcatServletWebServerFactoryCustomizer matched:
      - @ConditionalOnClass found required class 'org.apache.catalina.startup.Tomcat' (OnClassCondition)

   ServletWebServerFactoryConfiguration.EmbeddedTomcat matched:
      - @ConditionalOnClass found required classes 'jakarta.servlet.Servlet', 'org.apache.catalina.startup.Tomcat', 'org.apache.coyote.UpgradeProtocol' (OnClassCondition)
      - @ConditionalOnMissingBean (types: org.springframework.boot.web.servlet.server.ServletWebServerFactory; SearchStrategy: current) did not find any beans (OnBeanCondition)

   SimpleCacheConfiguration matched:
      - Cache org.springframework.boot.autoconfigure.cache.SimpleCacheConfiguration automatic cache type (CacheCondition)

   SpringBootWebSecurityConfiguration matched:
      - found 'session' scope (OnWebApplicationCondition)

   SpringDataWebAutoConfiguration matched:
      - @ConditionalOnClass found required classes 'org.springframework.data.web.PageableHandlerMethodArgumentResolver', 'org.springframework.web.servlet.config.annotation.WebMvcConfigurer' (OnClassCondition)
      - found 'session' scope (OnWebApplicationCondition)
      - @ConditionalOnMissingBean (types: org.springframework.data.web.PageableHandlerMethodArgumentResolver; SearchStrategy: all) did not find any beans (OnBeanCondition)

   SpringDataWebAutoConfiguration#pageableCustomizer matched:
      - @ConditionalOnMissingBean (types: org.springframework.data.web.config.PageableHandlerMethodArgumentResolverCustomizer; SearchStrategy: all) did not find any beans (OnBeanCondition)

   SpringDataWebAutoConfiguration#sortCustomizer matched:
      - @ConditionalOnMissingBean (types: org.springframework.data.web.config.SortHandlerMethodArgumentResolverCustomizer; SearchStrategy: all) did not find any beans (OnBeanCondition)

   SqlInitializationAutoConfiguration matched:
      - @ConditionalOnProperty (spring.sql.init.enabled) matched (OnPropertyCondition)
      - NoneNestedConditions 0 matched 1 did not; NestedCondition on SqlInitializationAutoConfiguration.SqlInitializationModeCondition.ModeIsNever @ConditionalOnProperty (spring.sql.init.mode=never) did not find property 'mode' (SqlInitializationAutoConfiguration.SqlInitializationModeCondition)

   SslAutoConfiguration#sslBundleRegistry matched:
      - @ConditionalOnMissingBean (types: org.springframework.boot.ssl.SslBundleRegistry,org.springframework.boot.ssl.SslBundles; SearchStrategy: all) did not find any beans (OnBeanCondition)

   TaskExecutionAutoConfiguration matched:
      - @ConditionalOnClass found required class 'org.springframework.scheduling.concurrent.ThreadPoolTaskExecutor' (OnClassCondition)

   TaskExecutorConfigurations.SimpleAsyncTaskExecutorBuilderConfiguration#simpleAsyncTaskExecutorBuilder matched:
      - @ConditionalOnMissingBean (types: org.springframework.boot.task.SimpleAsyncTaskExecutorBuilder; SearchStrategy: all) did not find any beans (OnBeanCondition)
      - @ConditionalOnThreading found PLATFORM (OnThreadingCondition)

   TaskExecutorConfigurations.TaskExecutorBuilderConfiguration#taskExecutorBuilder matched:
      - @ConditionalOnMissingBean (types: org.springframework.boot.task.TaskExecutorBuilder; SearchStrategy: all) did not find any beans (OnBeanCondition)

   TaskExecutorConfigurations.TaskExecutorConfiguration matched:
      - @ConditionalOnMissingBean (types: java.util.concurrent.Executor; SearchStrategy: all) did not find any beans (OnBeanCondition)

   TaskExecutorConfigurations.TaskExecutorConfiguration#applicationTaskExecutor matched:
      - @ConditionalOnThreading found PLATFORM (OnThreadingCondition)

   TaskExecutorConfigurations.ThreadPoolTaskExecutorBuilderConfiguration#threadPoolTaskExecutorBuilder matched:
      - @ConditionalOnMissingBean (types: org.springframework.boot.task.TaskExecutorBuilder,org.springframework.boot.task.ThreadPoolTaskExecutorBuilder; SearchStrategy: all) did not find any beans (OnBeanCondition)

   TaskSchedulingAutoConfiguration matched:
      - @ConditionalOnClass found required class 'org.springframework.scheduling.concurrent.ThreadPoolTaskScheduler' (OnClassCondition)

   TaskSchedulingConfigurations.SimpleAsyncTaskSchedulerBuilderConfiguration#simpleAsyncTaskSchedulerBuilder matched:
      - @ConditionalOnMissingBean (types: org.springframework.boot.task.SimpleAsyncTaskSchedulerBuilder; SearchStrategy: all) did not find any beans (OnBeanCondition)
      - @ConditionalOnThreading found PLATFORM (OnThreadingCondition)

   TaskSchedulingConfigurations.TaskSchedulerBuilderConfiguration#taskSchedulerBuilder matched:
      - @ConditionalOnMissingBean (types: org.springframework.boot.task.TaskSchedulerBuilder; SearchStrategy: all) did not find any beans (OnBeanCondition)

   TaskSchedulingConfigurations.ThreadPoolTaskSchedulerBuilderConfiguration#threadPoolTaskSchedulerBuilder matched:
      - @ConditionalOnMissingBean (types: org.springframework.boot.task.TaskSchedulerBuilder,org.springframework.boot.task.ThreadPoolTaskSchedulerBuilder; SearchStrategy: all) did not find any beans (OnBeanCondition)

   TemplateEngineConfigurations.DefaultTemplateEngineConfiguration#templateEngine matched:
      - @ConditionalOnMissingBean (types: org.thymeleaf.spring6.ISpringTemplateEngine; SearchStrategy: all) did not find any beans (OnBeanCondition)

   ThymeleafAutoConfiguration matched:
      - @ConditionalOnClass found required classes 'org.thymeleaf.templatemode.TemplateMode', 'org.thymeleaf.spring6.SpringTemplateEngine' (OnClassCondition)

   ThymeleafAutoConfiguration.DefaultTemplateResolverConfiguration matched:
      - @ConditionalOnMissingBean (names: defaultTemplateResolver; SearchStrategy: all) did not find any beans (OnBeanCondition)

   ThymeleafAutoConfiguration.ThymeleafWebMvcConfiguration matched:
      - found 'session' scope (OnWebApplicationCondition)
      - @ConditionalOnProperty (spring.thymeleaf.enabled) matched (OnPropertyCondition)

   ThymeleafAutoConfiguration.ThymeleafWebMvcConfiguration.ThymeleafViewResolverConfiguration#thymeleafViewResolver matched:
      - @ConditionalOnMissingBean (names: thymeleafViewResolver; SearchStrategy: all) did not find any beans (OnBeanCondition)

   TransactionAutoConfiguration matched:
      - @ConditionalOnClass found required class 'org.springframework.transaction.PlatformTransactionManager' (OnClassCondition)

   TransactionAutoConfiguration.EnableTransactionManagementConfiguration matched:
      - @ConditionalOnBean (types: org.springframework.transaction.TransactionManager; SearchStrategy: all) found bean 'transactionManager'; @ConditionalOnMissingBean (types: org.springframework.transaction.annotation.AbstractTransactionManagementConfiguration; SearchStrategy: all) did not find any beans (OnBeanCondition)

   TransactionAutoConfiguration.EnableTransactionManagementConfiguration.CglibAutoProxyConfiguration matched:
      - @ConditionalOnProperty (spring.aop.proxy-target-class=true) matched (OnPropertyCondition)

   TransactionAutoConfiguration.TransactionTemplateConfiguration matched:
      - @ConditionalOnSingleCandidate (types: org.springframework.transaction.PlatformTransactionManager; SearchStrategy: all) found a single bean 'transactionManager' (OnBeanCondition)

   TransactionAutoConfiguration.TransactionTemplateConfiguration#transactionTemplate matched:
      - @ConditionalOnMissingBean (types: org.springframework.transaction.support.TransactionOperations; SearchStrategy: all) did not find any beans (OnBeanCondition)

   TransactionManagerCustomizationAutoConfiguration matched:
      - @ConditionalOnClass found required class 'org.springframework.transaction.PlatformTransactionManager' (OnClassCondition)

   TransactionManagerCustomizationAutoConfiguration#platformTransactionManagerCustomizers matched:
      - @ConditionalOnMissingBean (types: org.springframework.boot.autoconfigure.transaction.TransactionManagerCustomizers; SearchStrategy: all) did not find any beans (OnBeanCondition)

   WebMvcAutoConfiguration matched:
      - @ConditionalOnClass found required classes 'jakarta.servlet.Servlet', 'org.springframework.web.servlet.DispatcherServlet', 'org.springframework.web.servlet.config.annotation.WebMvcConfigurer' (OnClassCondition)
      - found 'session' scope (OnWebApplicationCondition)
      - @ConditionalOnMissingBean (types: org.springframework.web.servlet.config.annotation.WebMvcConfigurationSupport; SearchStrategy: all) did not find any beans (OnBeanCondition)

   WebMvcAutoConfiguration#formContentFilter matched:
      - @ConditionalOnProperty (spring.mvc.formcontent.filter.enabled) matched (OnPropertyCondition)
      - @ConditionalOnMissingBean (types: org.springframework.web.filter.FormContentFilter; SearchStrategy: all) did not find any beans (OnBeanCondition)

   WebMvcAutoConfiguration.EnableWebMvcConfiguration#flashMapManager matched:
      - @ConditionalOnMissingBean (names: flashMapManager; SearchStrategy: all) did not find any beans (OnBeanCondition)

   WebMvcAutoConfiguration.EnableWebMvcConfiguration#localeResolver matched:
      - @ConditionalOnMissingBean (names: localeResolver; SearchStrategy: all) did not find any beans (OnBeanCondition)

   WebMvcAutoConfiguration.EnableWebMvcConfiguration#themeResolver matched:
      - @ConditionalOnMissingBean (names: themeResolver; SearchStrategy: all) did not find any beans (OnBeanCondition)

   WebMvcAutoConfiguration.WebMvcAutoConfigurationAdapter#defaultViewResolver matched:
      - @ConditionalOnMissingBean (types: org.springframework.web.servlet.view.InternalResourceViewResolver; SearchStrategy: all) did not find any beans (OnBeanCondition)

   WebMvcAutoConfiguration.WebMvcAutoConfigurationAdapter#requestContextFilter matched:
      - @ConditionalOnMissingBean (types: org.springframework.web.context.request.RequestContextListener,org.springframework.web.filter.RequestContextFilter; SearchStrategy: all) did not find any beans (OnBeanCondition)

   WebMvcAutoConfiguration.WebMvcAutoConfigurationAdapter#viewResolver matched:
      - @ConditionalOnBean (types: org.springframework.web.servlet.ViewResolver; SearchStrategy: all) found beans 'defaultViewResolver', 'beanNameViewResolver', 'mvcViewResolver'; @ConditionalOnMissingBean (names: viewResolver types: org.springframework.web.servlet.view.ContentNegotiatingViewResolver; SearchStrategy: all) did not find any beans (OnBeanCondition)

   WebSocketServletAutoConfiguration matched:
      - @ConditionalOnClass found required classes 'jakarta.servlet.Servlet', 'jakarta.websocket.server.ServerContainer' (OnClassCondition)
      - found 'session' scope (OnWebApplicationCondition)

   WebSocketServletAutoConfiguration.TomcatWebSocketConfiguration matched:
      - @ConditionalOnClass found required classes 'org.apache.catalina.startup.Tomcat', 'org.apache.tomcat.websocket.server.WsSci' (OnClassCondition)

   WebSocketServletAutoConfiguration.TomcatWebSocketConfiguration#websocketServletWebServerCustomizer matched:
      - @ConditionalOnMissingBean (names: websocketServletWebServerCustomizer; SearchStrategy: all) did not find any beans (OnBeanCondition)


Negative matches:
-----------------

   ActiveMQAutoConfiguration:
      Did not match:
         - @ConditionalOnClass did not find required class 'jakarta.jms.ConnectionFactory' (OnClassCondition)

   AopAutoConfiguration.AspectJAutoProxyingConfiguration.JdkDynamicAutoProxyConfiguration:
      Did not match:
         - @ConditionalOnProperty (spring.aop.proxy-target-class=false) did not find property 'proxy-target-class' (OnPropertyCondition)

   AopAutoConfiguration.ClassProxyingConfiguration:
      Did not match:
         - @ConditionalOnMissingClass found unwanted class 'org.aspectj.weaver.Advice' (OnClassCondition)

   ArtemisAutoConfiguration:
      Did not match:
         - @ConditionalOnClass did not find required class 'jakarta.jms.ConnectionFactory' (OnClassCondition)

   BatchAutoConfiguration:
      Did not match:
         - @ConditionalOnClass did not find required class 'org.springframework.batch.core.launch.JobLauncher' (OnClassCondition)

   Cache2kCacheConfiguration:
      Did not match:
         - @ConditionalOnClass did not find required class 'org.cache2k.Cache2kBuilder' (OnClassCondition)

   CacheAutoConfiguration:
      Did not match:
         - @ConditionalOnBean (types: org.springframework.cache.interceptor.CacheAspectSupport; SearchStrategy: all) did not find any beans of type org.springframework.cache.interceptor.CacheAspectSupport (OnBeanCondition)
      Matched:
         - @ConditionalOnClass found required class 'org.springframework.cache.CacheManager' (OnClassCondition)

   CacheAutoConfiguration.CacheManagerEntityManagerFactoryDependsOnPostProcessor:
      Did not match:
         - Ancestor org.springframework.boot.autoconfigure.cache.CacheAutoConfiguration did not match (ConditionEvaluationReport.AncestorsMatchedCondition)
      Matched:
         - @ConditionalOnClass found required class 'org.springframework.orm.jpa.LocalContainerEntityManagerFactoryBean' (OnClassCondition)

   CaffeineCacheConfiguration:
      Did not match:
         - @ConditionalOnClass did not find required class 'com.github.benmanes.caffeine.cache.Caffeine' (OnClassCondition)

   CassandraAutoConfiguration:
      Did not match:
         - @ConditionalOnClass did not find required class 'com.datastax.oss.driver.api.core.CqlSession' (OnClassCondition)

   CassandraDataAutoConfiguration:
      Did not match:
         - @ConditionalOnClass did not find required class 'com.datastax.oss.driver.api.core.CqlSession' (OnClassCondition)

   CassandraReactiveDataAutoConfiguration:
      Did not match:
         - @ConditionalOnClass did not find required class 'com.datastax.oss.driver.api.core.CqlSession' (OnClassCondition)

   CassandraReactiveRepositoriesAutoConfiguration:
      Did not match:
         - @ConditionalOnClass did not find required class 'org.springframework.data.cassandra.ReactiveSession' (OnClassCondition)

   CassandraRepositoriesAutoConfiguration:
      Did not match:
         - @ConditionalOnClass did not find required class 'com.datastax.oss.driver.api.core.CqlSession' (OnClassCondition)

   ClientHttpConnectorAutoConfiguration:
      Did not match:
         - @ConditionalOnClass did not find required class 'org.springframework.web.reactive.function.client.WebClient' (OnClassCondition)

   CodecsAutoConfiguration:
      Did not match:
         - @ConditionalOnClass did not find required class 'org.springframework.web.reactive.function.client.WebClient' (OnClassCondition)

   CouchbaseAutoConfiguration:
      Did not match:
         - @ConditionalOnClass did not find required class 'com.couchbase.client.java.Cluster' (OnClassCondition)

   CouchbaseCacheConfiguration:
      Did not match:
         - @ConditionalOnClass did not find required class 'com.couchbase.client.java.Cluster' (OnClassCondition)

   CouchbaseDataAutoConfiguration:
      Did not match:
         - @ConditionalOnClass did not find required class 'com.couchbase.client.java.Bucket' (OnClassCondition)

   CouchbaseReactiveDataAutoConfiguration:
      Did not match:
         - @ConditionalOnClass did not find required class 'com.couchbase.client.java.Cluster' (OnClassCondition)

   CouchbaseReactiveRepositoriesAutoConfiguration:
      Did not match:
         - @ConditionalOnClass did not find required class 'com.couchbase.client.java.Cluster' (OnClassCondition)

   CouchbaseRepositoriesAutoConfiguration:
      Did not match:
         - @ConditionalOnClass did not find required class 'com.couchbase.client.java.Bucket' (OnClassCondition)

   DataSourceAutoConfiguration.EmbeddedDatabaseConfiguration:
      Did not match:
         - EmbeddedDataSource spring.datasource.url is set (DataSourceAutoConfiguration.EmbeddedDatabaseCondition)

   DataSourceCheckpointRestoreConfiguration:
      Did not match:
         - @ConditionalOnClass did not find required class 'org.crac.Resource' (OnClassCondition)

   DataSourceConfiguration.Dbcp2:
      Did not match:
         - @ConditionalOnClass did not find required class 'org.apache.commons.dbcp2.BasicDataSource' (OnClassCondition)

   DataSourceConfiguration.Generic:
      Did not match:
         - @ConditionalOnProperty (spring.datasource.type) did not find property 'spring.datasource.type' (OnPropertyCondition)

   DataSourceConfiguration.OracleUcp:
      Did not match:
         - @ConditionalOnClass did not find required classes 'oracle.ucp.jdbc.PoolDataSourceImpl', 'oracle.jdbc.OracleConnection' (OnClassCondition)

   DataSourceConfiguration.Tomcat:
      Did not match:
         - @ConditionalOnClass did not find required class 'org.apache.tomcat.jdbc.pool.DataSource' (OnClassCondition)

   DataSourceJmxConfiguration:
      Did not match:
         - @ConditionalOnProperty (spring.jmx.enabled=true) found different value in property 'enabled' (OnPropertyCondition)

   DataSourcePoolMetadataProvidersConfiguration.CommonsDbcp2PoolDataSourceMetadataProviderConfiguration:
      Did not match:
         - @ConditionalOnClass did not find required class 'org.apache.commons.dbcp2.BasicDataSource' (OnClassCondition)

   DataSourcePoolMetadataProvidersConfiguration.OracleUcpPoolDataSourceMetadataProviderConfiguration:
      Did not match:
         - @ConditionalOnClass did not find required classes 'oracle.ucp.jdbc.PoolDataSource', 'oracle.jdbc.OracleConnection' (OnClassCondition)

   DataSourcePoolMetadataProvidersConfiguration.TomcatDataSourcePoolMetadataProviderConfiguration:
      Did not match:
         - @ConditionalOnClass did not find required class 'org.apache.tomcat.jdbc.pool.DataSource' (OnClassCondition)

   DataSourceTransactionManagerAutoConfiguration.JdbcTransactionManagerConfiguration#transactionManager:
      Did not match:
         - @ConditionalOnMissingBean (types: org.springframework.transaction.TransactionManager; SearchStrategy: all) found beans of type 'org.springframework.transaction.TransactionManager' transactionManager (OnBeanCondition)

   DevToolsDataSourceAutoConfiguration:
      Did not match:
         - Devtools devtools is disabled for current context. (OnEnabledDevToolsCondition)
      Matched:
         - @ConditionalOnClass found required class 'javax.sql.DataSource' (OnClassCondition)

   DevToolsR2dbcAutoConfiguration:
      Did not match:
         - @ConditionalOnClass did not find required class 'io.r2dbc.spi.ConnectionFactory' (OnClassCondition)

   DispatcherServletAutoConfiguration.DispatcherServletConfiguration#multipartResolver:
      Did not match:
         - @ConditionalOnBean (types: org.springframework.web.multipart.MultipartResolver; SearchStrategy: all) did not find any beans of type org.springframework.web.multipart.MultipartResolver (OnBeanCondition)

   ElasticsearchClientAutoConfiguration:
      Did not match:
         - @ConditionalOnClass did not find required class 'co.elastic.clients.elasticsearch.ElasticsearchClient' (OnClassCondition)

   ElasticsearchDataAutoConfiguration:
      Did not match:
         - @ConditionalOnClass did not find required class 'org.springframework.data.elasticsearch.client.elc.ElasticsearchTemplate' (OnClassCondition)

   ElasticsearchRepositoriesAutoConfiguration:
      Did not match:
         - @ConditionalOnClass did not find required class 'org.springframework.data.elasticsearch.repository.ElasticsearchRepository' (OnClassCondition)

   ElasticsearchRestClientAutoConfiguration:
      Did not match:
         - @ConditionalOnClass did not find required class 'org.elasticsearch.client.RestClientBuilder' (OnClassCondition)

   EmbeddedLdapAutoConfiguration:
      Did not match:
         - @ConditionalOnClass did not find required class 'com.unboundid.ldap.listener.InMemoryDirectoryServer' (OnClassCondition)

   EmbeddedWebServerFactoryCustomizerAutoConfiguration:
      Did not match:
         - Application is deployed as a WAR file. (OnWarDeploymentCondition)
      Matched:
         - @ConditionalOnWebApplication (required) found 'session' scope (OnWebApplicationCondition)

   ErrorWebFluxAutoConfiguration:
      Did not match:
         - @ConditionalOnClass did not find required class 'org.springframework.web.reactive.config.WebFluxConfigurer' (OnClassCondition)

   FlywayAutoConfiguration:
      Did not match:
         - @ConditionalOnClass did not find required class 'org.flywaydb.core.Flyway' (OnClassCondition)

   FreeMarkerAutoConfiguration:
      Did not match:
         - @ConditionalOnClass did not find required class 'freemarker.template.Configuration' (OnClassCondition)

   GraphQlAutoConfiguration:
      Did not match:
         - @ConditionalOnClass did not find required class 'graphql.GraphQL' (OnClassCondition)

   GraphQlQueryByExampleAutoConfiguration:
      Did not match:
         - @ConditionalOnClass did not find required class 'graphql.GraphQL' (OnClassCondition)

   GraphQlQuerydslAutoConfiguration:
      Did not match:
         - @ConditionalOnClass did not find required class 'com.querydsl.core.Query' (OnClassCondition)

   GraphQlRSocketAutoConfiguration:
      Did not match:
         - @ConditionalOnClass did not find required class 'graphql.GraphQL' (OnClassCondition)

   GraphQlReactiveQueryByExampleAutoConfiguration:
      Did not match:
         - @ConditionalOnClass did not find required class 'graphql.GraphQL' (OnClassCondition)

   GraphQlReactiveQuerydslAutoConfiguration:
      Did not match:
         - @ConditionalOnClass did not find required class 'com.querydsl.core.Query' (OnClassCondition)

   GraphQlWebFluxAutoConfiguration:
      Did not match:
         - @ConditionalOnClass did not find required class 'graphql.GraphQL' (OnClassCondition)

   GraphQlWebFluxSecurityAutoConfiguration:
      Did not match:
         - @ConditionalOnClass did not find required class 'graphql.GraphQL' (OnClassCondition)

   GraphQlWebMvcAutoConfiguration:
      Did not match:
         - @ConditionalOnClass did not find required class 'graphql.GraphQL' (OnClassCondition)

   GraphQlWebMvcSecurityAutoConfiguration:
      Did not match:
         - @ConditionalOnClass did not find required class 'graphql.GraphQL' (OnClassCondition)

   GroovyTemplateAutoConfiguration:
      Did not match:
         - @ConditionalOnClass did not find required class 'groovy.text.markup.MarkupTemplateEngine' (OnClassCondition)

   GsonAutoConfiguration:
      Did not match:
         - @ConditionalOnClass did not find required class 'com.google.gson.Gson' (OnClassCondition)

   GsonHttpMessageConvertersConfiguration:
      Did not match:
         - @ConditionalOnClass did not find required class 'com.google.gson.Gson' (OnClassCondition)

   H2ConsoleAutoConfiguration:
      Did not match:
         - @ConditionalOnClass did not find required class 'org.h2.server.web.JakartaWebServlet' (OnClassCondition)

   HazelcastAutoConfiguration:
      Did not match:
         - @ConditionalOnClass did not find required class 'com.hazelcast.core.HazelcastInstance' (OnClassCondition)

   HazelcastCacheConfiguration:
      Did not match:
         - @ConditionalOnClass did not find required class 'com.hazelcast.core.HazelcastInstance' (OnClassCondition)

   HazelcastJpaDependencyAutoConfiguration:
      Did not match:
         - @ConditionalOnClass did not find required class 'com.hazelcast.core.HazelcastInstance' (OnClassCondition)

   HttpHandlerAutoConfiguration:
      Did not match:
         - @ConditionalOnClass did not find required class 'org.springframework.web.reactive.DispatcherHandler' (OnClassCondition)

   HypermediaAutoConfiguration:
      Did not match:
         - @ConditionalOnClass did not find required class 'org.springframework.hateoas.EntityModel' (OnClassCondition)

   InfinispanCacheConfiguration:
      Did not match:
         - @ConditionalOnClass did not find required class 'org.infinispan.spring.embedded.provider.SpringEmbeddedCacheManager' (OnClassCondition)

   InfluxDbAutoConfiguration:
      Did not match:
         - @ConditionalOnClass did not find required class 'org.influxdb.InfluxDB' (OnClassCondition)

   IntegrationAutoConfiguration:
      Did not match:
         - @ConditionalOnClass did not find required class 'org.springframework.integration.config.EnableIntegration' (OnClassCondition)

   JCacheCacheConfiguration:
      Did not match:
         - @ConditionalOnClass did not find required class 'javax.cache.Caching' (OnClassCondition)

   JacksonHttpMessageConvertersConfiguration.MappingJackson2XmlHttpMessageConverterConfiguration:
      Did not match:
         - @ConditionalOnClass did not find required class 'com.fasterxml.jackson.dataformat.xml.XmlMapper' (OnClassCondition)

   JdbcRepositoriesAutoConfiguration:
      Did not match:
         - @ConditionalOnClass did not find required class 'org.springframework.data.jdbc.repository.config.AbstractJdbcConfiguration' (OnClassCondition)

   JerseyAutoConfiguration:
      Did not match:
         - @ConditionalOnClass did not find required class 'org.glassfish.jersey.server.spring.SpringComponentProvider' (OnClassCondition)

   JmsAutoConfiguration:
      Did not match:
         - @ConditionalOnClass did not find required class 'jakarta.jms.Message' (OnClassCondition)

   JmxAutoConfiguration:
      Did not match:
         - @ConditionalOnProperty (spring.jmx.enabled=true) found different value in property 'enabled' (OnPropertyCondition)
      Matched:
         - @ConditionalOnClass found required class 'org.springframework.jmx.export.MBeanExporter' (OnClassCondition)

   JndiConnectionFactoryAutoConfiguration:
      Did not match:
         - @ConditionalOnClass did not find required class 'org.springframework.jms.core.JmsTemplate' (OnClassCondition)

   JndiDataSourceAutoConfiguration:
      Did not match:
         - @ConditionalOnProperty (spring.datasource.jndi-name) did not find property 'jndi-name' (OnPropertyCondition)
      Matched:
         - @ConditionalOnClass found required classes 'javax.sql.DataSource', 'org.springframework.jdbc.datasource.embedded.EmbeddedDatabaseType' (OnClassCondition)

   JndiJtaConfiguration:
      Did not match:
         - @ConditionalOnJndi JNDI environment is not available (OnJndiCondition)
      Matched:
         - @ConditionalOnClass found required class 'org.springframework.transaction.jta.JtaTransactionManager' (OnClassCondition)

   JooqAutoConfiguration:
      Did not match:
         - @ConditionalOnClass did not find required class 'org.jooq.DSLContext' (OnClassCondition)

   JpaRepositoriesAutoConfiguration#entityManagerFactoryBootstrapExecutorCustomizer:
      Did not match:
         - AnyNestedCondition 0 matched 2 did not; NestedCondition on JpaRepositoriesAutoConfiguration.BootstrapExecutorCondition.LazyBootstrapMode @ConditionalOnProperty (spring.data.jpa.repositories.bootstrap-mode=lazy) did not find property 'bootstrap-mode'; NestedCondition on JpaRepositoriesAutoConfiguration.BootstrapExecutorCondition.DeferredBootstrapMode @ConditionalOnProperty (spring.data.jpa.repositories.bootstrap-mode=deferred) did not find property 'bootstrap-mode' (JpaRepositoriesAutoConfiguration.BootstrapExecutorCondition)

   JsonbAutoConfiguration:
      Did not match:
         - @ConditionalOnClass did not find required class 'jakarta.json.bind.Jsonb' (OnClassCondition)

   JsonbHttpMessageConvertersConfiguration:
      Did not match:
         - @ConditionalOnClass did not find required class 'jakarta.json.bind.Jsonb' (OnClassCondition)

   KafkaAutoConfiguration:
      Did not match:
         - @ConditionalOnClass did not find required class 'org.springframework.kafka.core.KafkaTemplate' (OnClassCondition)

   LdapAutoConfiguration:
      Did not match:
         - @ConditionalOnClass did not find required class 'org.springframework.ldap.core.ContextSource' (OnClassCondition)

   LdapRepositoriesAutoConfiguration:
      Did not match:
         - @ConditionalOnClass did not find required class 'org.springframework.data.ldap.repository.LdapRepository' (OnClassCondition)

   LiquibaseAutoConfiguration:
      Did not match:
         - @ConditionalOnClass did not find required class 'liquibase.change.DatabaseChange' (OnClassCondition)

   LocalDevToolsAutoConfiguration:
      Did not match:
         - Initialized Restarter Condition initialized without URLs (OnInitializedRestarterCondition)

   MailSenderAutoConfiguration:
      Did not match:
         - @ConditionalOnClass did not find required class 'jakarta.mail.internet.MimeMessage' (OnClassCondition)

   MailSenderValidatorAutoConfiguration:
      Did not match:
         - @ConditionalOnSingleCandidate did not find required type 'org.springframework.mail.javamail.JavaMailSenderImpl' (OnBeanCondition)

   MessageSourceAutoConfiguration:
      Did not match:
         - ResourceBundle did not find bundle with basename messages (MessageSourceAutoConfiguration.ResourceBundleCondition)

   MongoAutoConfiguration:
      Did not match:
         - @ConditionalOnClass did not find required class 'com.mongodb.client.MongoClient' (OnClassCondition)

   MongoDataAutoConfiguration:
      Did not match:
         - @ConditionalOnClass did not find required class 'com.mongodb.client.MongoClient' (OnClassCondition)

   MongoReactiveAutoConfiguration:
      Did not match:
         - @ConditionalOnClass did not find required class 'com.mongodb.reactivestreams.client.MongoClient' (OnClassCondition)

   MongoReactiveDataAutoConfiguration:
      Did not match:
         - @ConditionalOnClass did not find required class 'com.mongodb.reactivestreams.client.MongoClient' (OnClassCondition)

   MongoReactiveRepositoriesAutoConfiguration:
      Did not match:
         - @ConditionalOnClass did not find required class 'com.mongodb.reactivestreams.client.MongoClient' (OnClassCondition)

   MongoRepositoriesAutoConfiguration:
      Did not match:
         - @ConditionalOnClass did not find required class 'com.mongodb.client.MongoClient' (OnClassCondition)

   MustacheAutoConfiguration:
      Did not match:
         - @ConditionalOnClass did not find required class 'com.samskivert.mustache.Mustache' (OnClassCondition)

   Neo4jAutoConfiguration:
      Did not match:
         - @ConditionalOnClass did not find required class 'org.neo4j.driver.Driver' (OnClassCondition)

   Neo4jDataAutoConfiguration:
      Did not match:
         - @ConditionalOnClass did not find required class 'org.neo4j.driver.Driver' (OnClassCondition)

   Neo4jReactiveDataAutoConfiguration:
      Did not match:
         - @ConditionalOnClass did not find required class 'org.neo4j.driver.Driver' (OnClassCondition)

   Neo4jReactiveRepositoriesAutoConfiguration:
      Did not match:
         - @ConditionalOnClass did not find required class 'org.neo4j.driver.Driver' (OnClassCondition)

   Neo4jRepositoriesAutoConfiguration:
      Did not match:
         - @ConditionalOnClass did not find required class 'org.neo4j.driver.Driver' (OnClassCondition)

   NettyAutoConfiguration:
      Did not match:
         - @ConditionalOnClass did not find required class 'io.netty.util.NettyRuntime' (OnClassCondition)

   OAuth2AuthorizationServerAutoConfiguration:
      Did not match:
         - @ConditionalOnClass did not find required class 'org.springframework.security.oauth2.server.authorization.OAuth2Authorization' (OnClassCondition)

   OAuth2AuthorizationServerJwtAutoConfiguration:
      Did not match:
         - @ConditionalOnClass did not find required class 'org.springframework.security.oauth2.server.authorization.OAuth2Authorization' (OnClassCondition)

   OAuth2ClientAutoConfiguration:
      Did not match:
         - @ConditionalOnClass did not find required class 'org.springframework.security.oauth2.client.registration.ClientRegistration' (OnClassCondition)

   OAuth2ResourceServerAutoConfiguration:
      Did not match:
         - @ConditionalOnClass did not find required class 'org.springframework.security.oauth2.server.resource.authentication.BearerTokenAuthenticationToken' (OnClassCondition)

   ProjectInfoAutoConfiguration#buildProperties:
      Did not match:
         - @ConditionalOnResource did not find resource '${spring.info.build.location:classpath:META-INF/build-info.properties}' (OnResourceCondition)

   ProjectInfoAutoConfiguration#gitProperties:
      Did not match:
         - GitResource did not find git info at classpath:git.properties (ProjectInfoAutoConfiguration.GitResourceAvailableCondition)

   PulsarAutoConfiguration:
      Did not match:
         - @ConditionalOnClass did not find required class 'org.apache.pulsar.client.api.PulsarClient' (OnClassCondition)

   PulsarReactiveAutoConfiguration:
      Did not match:
         - @ConditionalOnClass did not find required class 'org.apache.pulsar.client.api.PulsarClient' (OnClassCondition)

   QuartzAutoConfiguration:
      Did not match:
         - @ConditionalOnClass did not find required class 'org.quartz.Scheduler' (OnClassCondition)

   R2dbcAutoConfiguration:
      Did not match:
         - @ConditionalOnClass did not find required class 'io.r2dbc.spi.ConnectionFactory' (OnClassCondition)

   R2dbcDataAutoConfiguration:
      Did not match:
         - @ConditionalOnClass did not find required class 'org.springframework.data.r2dbc.core.R2dbcEntityTemplate' (OnClassCondition)

   R2dbcInitializationConfiguration:
      Did not match:
         - @ConditionalOnClass did not find required classes 'io.r2dbc.spi.ConnectionFactory', 'org.springframework.r2dbc.connection.init.DatabasePopulator' (OnClassCondition)

   R2dbcRepositoriesAutoConfiguration:
      Did not match:
         - @ConditionalOnClass did not find required class 'io.r2dbc.spi.ConnectionFactory' (OnClassCondition)

   R2dbcTransactionManagerAutoConfiguration:
      Did not match:
         - @ConditionalOnClass did not find required class 'org.springframework.r2dbc.connection.R2dbcTransactionManager' (OnClassCondition)

   RSocketGraphQlClientAutoConfiguration:
      Did not match:
         - @ConditionalOnClass did not find required class 'graphql.GraphQL' (OnClassCondition)

   RSocketMessagingAutoConfiguration:
      Did not match:
         - @ConditionalOnClass did not find required class 'io.rsocket.RSocket' (OnClassCondition)

   RSocketRequesterAutoConfiguration:
      Did not match:
         - @ConditionalOnClass did not find required class 'io.rsocket.RSocket' (OnClassCondition)

   RSocketSecurityAutoConfiguration:
      Did not match:
         - @ConditionalOnClass did not find required class 'org.springframework.security.rsocket.core.SecuritySocketAcceptorInterceptor' (OnClassCondition)

   RSocketServerAutoConfiguration:
      Did not match:
         - @ConditionalOnClass did not find required class 'io.rsocket.core.RSocketServer' (OnClassCondition)

   RSocketStrategiesAutoConfiguration:
      Did not match:
         - @ConditionalOnClass did not find required class 'io.netty.buffer.PooledByteBufAllocator' (OnClassCondition)

   RabbitAutoConfiguration:
      Did not match:
         - @ConditionalOnClass did not find required class 'com.rabbitmq.client.Channel' (OnClassCondition)

   ReactiveElasticsearchClientAutoConfiguration:
      Did not match:
         - @ConditionalOnClass did not find required class 'co.elastic.clients.transport.ElasticsearchTransport' (OnClassCondition)

   ReactiveElasticsearchRepositoriesAutoConfiguration:
      Did not match:
         - @ConditionalOnClass did not find required class 'org.springframework.data.elasticsearch.client.elc.ReactiveElasticsearchClient' (OnClassCondition)

   ReactiveMultipartAutoConfiguration:
      Did not match:
         - @ConditionalOnClass did not find required class 'org.springframework.web.reactive.config.WebFluxConfigurer' (OnClassCondition)

   ReactiveOAuth2ClientAutoConfiguration:
      Did not match:
         - @ConditionalOnClass did not find required class 'reactor.core.publisher.Flux' (OnClassCondition)

   ReactiveOAuth2ResourceServerAutoConfiguration:
      Did not match:
         - @ConditionalOnWebApplication did not find reactive web application classes (OnWebApplicationCondition)

   ReactiveSecurityAutoConfiguration:
      Did not match:
         - @ConditionalOnClass did not find required class 'reactor.core.publisher.Flux' (OnClassCondition)

   ReactiveUserDetailsServiceAutoConfiguration:
      Did not match:
         - AnyNestedCondition 0 matched 2 did not; NestedCondition on ReactiveUserDetailsServiceAutoConfiguration.RSocketEnabledOrReactiveWebApplication.ReactiveWebApplicationCondition did not find reactive web application classes; NestedCondition on ReactiveUserDetailsServiceAutoConfiguration.RSocketEnabledOrReactiveWebApplication.RSocketSecurityEnabledCondition @ConditionalOnBean (types: org.springframework.messaging.rsocket.annotation.support.RSocketMessageHandler; SearchStrategy: all) did not find any beans of type org.springframework.messaging.rsocket.annotation.support.RSocketMessageHandler (ReactiveUserDetailsServiceAutoConfiguration.RSocketEnabledOrReactiveWebApplication)
      Matched:
         - @ConditionalOnClass found required class 'org.springframework.security.authentication.ReactiveAuthenticationManager' (OnClassCondition)
         - AnyNestedCondition 1 matched 2 did not; NestedCondition on ReactiveUserDetailsServiceAutoConfiguration.MissingAlternativeOrUserPropertiesConfigured.PasswordConfigured @ConditionalOnProperty (spring.security.user.password) did not find property 'password'; NestedCondition on ReactiveUserDetailsServiceAutoConfiguration.MissingAlternativeOrUserPropertiesConfigured.NameConfigured @ConditionalOnProperty (spring.security.user.name) did not find property 'name'; NestedCondition on ReactiveUserDetailsServiceAutoConfiguration.MissingAlternativeOrUserPropertiesConfigured.MissingAlternative @ConditionalOnMissingClass did not find unwanted classes 'org.springframework.security.oauth2.client.registration.ClientRegistrationRepository', 'org.springframework.security.oauth2.server.resource.introspection.ReactiveOpaqueTokenIntrospector' (ReactiveUserDetailsServiceAutoConfiguration.MissingAlternativeOrUserPropertiesConfigured)

   ReactiveWebServerFactoryAutoConfiguration:
      Did not match:
         - @ConditionalOnWebApplication did not find reactive web application classes (OnWebApplicationCondition)

   ReactorAutoConfiguration:
      Did not match:
         - @ConditionalOnClass did not find required class 'reactor.core.publisher.Hooks' (OnClassCondition)

   RedisAutoConfiguration:
      Did not match:
         - @ConditionalOnClass did not find required class 'org.springframework.data.redis.core.RedisOperations' (OnClassCondition)

   RedisCacheConfiguration:
      Did not match:
         - @ConditionalOnClass did not find required class 'org.springframework.data.redis.connection.RedisConnectionFactory' (OnClassCondition)

   RedisReactiveAutoConfiguration:
      Did not match:
         - @ConditionalOnClass did not find required class 'reactor.core.publisher.Flux' (OnClassCondition)

   RedisRepositoriesAutoConfiguration:
      Did not match:
         - @ConditionalOnClass did not find required class 'org.springframework.data.redis.repository.configuration.EnableRedisRepositories' (OnClassCondition)

   RemoteDevToolsAutoConfiguration:
      Did not match:
         - @ConditionalOnProperty (spring.devtools.remote.secret) did not find property 'secret' (OnPropertyCondition)
      Matched:
         - @ConditionalOnClass found required classes 'jakarta.servlet.Filter', 'org.springframework.http.server.ServerHttpRequest' (OnClassCondition)

   RepositoryRestMvcAutoConfiguration:
      Did not match:
         - @ConditionalOnClass did not find required class 'org.springframework.data.rest.webmvc.config.RepositoryRestMvcConfiguration' (OnClassCondition)

   Saml2RelyingPartyAutoConfiguration:
      Did not match:
         - @ConditionalOnClass did not find required class 'org.springframework.security.saml2.provider.service.registration.RelyingPartyRegistrationRepository' (OnClassCondition)

   SecurityDataConfiguration:
      Did not match:
         - @ConditionalOnClass did not find required class 'org.springframework.security.data.repository.query.SecurityEvaluationContextExtension' (OnClassCondition)

   SendGridAutoConfiguration:
      Did not match:
         - @ConditionalOnClass did not find required class 'com.sendgrid.SendGrid' (OnClassCondition)

   ServletWebServerFactoryAutoConfiguration.ForwardedHeaderFilterConfiguration:
      Did not match:
         - @ConditionalOnProperty (server.forward-headers-strategy=framework) did not find property 'server.forward-headers-strategy' (OnPropertyCondition)

   ServletWebServerFactoryConfiguration.EmbeddedJetty:
      Did not match:
         - @ConditionalOnClass did not find required classes 'org.eclipse.jetty.server.Server', 'org.eclipse.jetty.util.Loader', 'org.eclipse.jetty.ee10.webapp.WebAppContext' (OnClassCondition)

   ServletWebServerFactoryConfiguration.EmbeddedUndertow:
      Did not match:
         - @ConditionalOnClass did not find required classes 'io.undertow.Undertow', 'org.xnio.SslClientAuthMode' (OnClassCondition)

   SessionAutoConfiguration:
      Did not match:
         - @ConditionalOnClass did not find required class 'org.springframework.session.Session' (OnClassCondition)

   SpringApplicationAdminJmxAutoConfiguration:
      Did not match:
         - @ConditionalOnProperty (spring.application.admin.enabled=true) did not find property 'enabled' (OnPropertyCondition)

   SpringBootWebSecurityConfiguration.SecurityFilterChainConfiguration:
      Did not match:
         - AllNestedConditions 1 matched 1 did not; NestedCondition on DefaultWebSecurityCondition.Beans @ConditionalOnMissingBean (types: org.springframework.security.web.SecurityFilterChain; SearchStrategy: all) found beans of type 'org.springframework.security.web.SecurityFilterChain' securityFilterChain; NestedCondition on DefaultWebSecurityCondition.Classes @ConditionalOnClass found required classes 'org.springframework.security.web.SecurityFilterChain', 'org.springframework.security.config.annotation.web.builders.HttpSecurity' (DefaultWebSecurityCondition)

   SpringBootWebSecurityConfiguration.WebSecurityEnablerConfiguration:
      Did not match:
         - @ConditionalOnMissingBean (names: springSecurityFilterChain; SearchStrategy: all) found beans named springSecurityFilterChain (OnBeanCondition)
      Matched:
         - @ConditionalOnClass found required class 'org.springframework.security.config.annotation.web.configuration.EnableWebSecurity' (OnClassCondition)

   TaskExecutorConfigurations.SimpleAsyncTaskExecutorBuilderConfiguration#simpleAsyncTaskExecutorBuilderVirtualThreads:
      Did not match:
         - @ConditionalOnMissingBean (types: org.springframework.boot.task.SimpleAsyncTaskExecutorBuilder; SearchStrategy: all) found beans of type 'org.springframework.boot.task.SimpleAsyncTaskExecutorBuilder' simpleAsyncTaskExecutorBuilder (OnBeanCondition)

   TaskExecutorConfigurations.TaskExecutorConfiguration#applicationTaskExecutorVirtualThreads:
      Did not match:
         - @ConditionalOnThreading did not find VIRTUAL (OnThreadingCondition)

   TaskSchedulingAutoConfiguration#scheduledBeanLazyInitializationExcludeFilter:
      Did not match:
         - @ConditionalOnBean (names: org.springframework.context.annotation.internalScheduledAnnotationProcessor; SearchStrategy: all) did not find any beans named org.springframework.context.annotation.internalScheduledAnnotationProcessor (OnBeanCondition)

   TaskSchedulingConfigurations.SimpleAsyncTaskSchedulerBuilderConfiguration#simpleAsyncTaskSchedulerBuilderVirtualThreads:
      Did not match:
         - @ConditionalOnMissingBean (types: org.springframework.boot.task.SimpleAsyncTaskSchedulerBuilder; SearchStrategy: all) found beans of type 'org.springframework.boot.task.SimpleAsyncTaskSchedulerBuilder' simpleAsyncTaskSchedulerBuilder (OnBeanCondition)

   TaskSchedulingConfigurations.TaskSchedulerConfiguration:
      Did not match:
         - @ConditionalOnBean (names: org.springframework.context.annotation.internalScheduledAnnotationProcessor; SearchStrategy: all) did not find any beans named org.springframework.context.annotation.internalScheduledAnnotationProcessor (OnBeanCondition)

   TemplateEngineConfigurations.ReactiveTemplateEngineConfiguration:
      Did not match:
         - did not find reactive web application classes (OnWebApplicationCondition)

   ThymeleafAutoConfiguration.DataAttributeDialectConfiguration:
      Did not match:
         - @ConditionalOnClass did not find required class 'com.github.mxab.thymeleaf.extras.dataattribute.dialect.DataAttributeDialect' (OnClassCondition)

   ThymeleafAutoConfiguration.ThymeleafSecurityDialectConfiguration:
      Did not match:
         - @ConditionalOnClass did not find required class 'org.thymeleaf.extras.springsecurity6.dialect.SpringSecurityDialect' (OnClassCondition)

   ThymeleafAutoConfiguration.ThymeleafWebFluxConfiguration:
      Did not match:
         - did not find reactive web application classes (OnWebApplicationCondition)

   ThymeleafAutoConfiguration.ThymeleafWebLayoutConfiguration:
      Did not match:
         - @ConditionalOnClass did not find required class 'nz.net.ultraq.thymeleaf.layoutdialect.LayoutDialect' (OnClassCondition)

   ThymeleafAutoConfiguration.ThymeleafWebMvcConfiguration#resourceUrlEncodingFilter:
      Did not match:
         - @ConditionalOnEnabledResourceChain did not find class org.webjars.WebJarAssetLocator (OnEnabledResourceChainCondition)

   TransactionAutoConfiguration#transactionalOperator:
      Did not match:
         - @ConditionalOnSingleCandidate (types: org.springframework.transaction.ReactiveTransactionManager; SearchStrategy: all) did not find any beans (OnBeanCondition)

   TransactionAutoConfiguration.AspectJTransactionManagementConfiguration:
      Did not match:
         - @ConditionalOnBean (types: org.springframework.transaction.aspectj.AbstractTransactionAspect; SearchStrategy: all) did not find any beans of type org.springframework.transaction.aspectj.AbstractTransactionAspect (OnBeanCondition)

   TransactionAutoConfiguration.EnableTransactionManagementConfiguration.JdkDynamicAutoProxyConfiguration:
      Did not match:
         - @ConditionalOnProperty (spring.aop.proxy-target-class=false) did not find property 'proxy-target-class' (OnPropertyCondition)

   UserDetailsServiceAutoConfiguration:
      Did not match:
         - @ConditionalOnMissingBean (types: org.springframework.security.authentication.AuthenticationManager,org.springframework.security.authentication.AuthenticationProvider,org.springframework.security.core.userdetails.UserDetailsService,org.springframework.security.authentication.AuthenticationManagerResolver,org.springframework.security.oauth2.jwt.JwtDecoder; SearchStrategy: all) found beans of type 'org.springframework.security.authentication.AuthenticationManager' authenticationManager and found beans of type 'org.springframework.security.core.userdetails.UserDetailsService' customUserDetailsService (OnBeanCondition)
      Matched:
         - @ConditionalOnClass found required class 'org.springframework.security.authentication.AuthenticationManager' (OnClassCondition)
         - AnyNestedCondition 1 matched 2 did not; NestedCondition on UserDetailsServiceAutoConfiguration.MissingAlternativeOrUserPropertiesConfigured.PasswordConfigured @ConditionalOnProperty (spring.security.user.password) did not find property 'password'; NestedCondition on UserDetailsServiceAutoConfiguration.MissingAlternativeOrUserPropertiesConfigured.NameConfigured @ConditionalOnProperty (spring.security.user.name) did not find property 'name'; NestedCondition on UserDetailsServiceAutoConfiguration.MissingAlternativeOrUserPropertiesConfigured.MissingAlternative @ConditionalOnMissingClass did not find unwanted classes 'org.springframework.security.oauth2.client.registration.ClientRegistrationRepository', 'org.springframework.security.oauth2.server.resource.introspection.OpaqueTokenIntrospector', 'org.springframework.security.saml2.provider.service.registration.RelyingPartyRegistrationRepository' (UserDetailsServiceAutoConfiguration.MissingAlternativeOrUserPropertiesConfigured)

   ValidationAutoConfiguration:
      Did not match:
         - @ConditionalOnClass did not find required class 'jakarta.validation.executable.ExecutableValidator' (OnClassCondition)

   WebClientAutoConfiguration:
      Did not match:
         - @ConditionalOnClass did not find required class 'org.springframework.web.reactive.function.client.WebClient' (OnClassCondition)

   WebFluxAutoConfiguration:
      Did not match:
         - @ConditionalOnClass did not find required class 'org.springframework.web.reactive.config.WebFluxConfigurer' (OnClassCondition)

   WebMvcAutoConfiguration#hiddenHttpMethodFilter:
      Did not match:
         - @ConditionalOnProperty (spring.mvc.hiddenmethod.filter.enabled) did not find property 'enabled' (OnPropertyCondition)

   WebMvcAutoConfiguration.ProblemDetailsErrorHandlingConfiguration:
      Did not match:
         - @ConditionalOnProperty (spring.mvc.problemdetails.enabled=true) did not find property 'enabled' (OnPropertyCondition)

   WebMvcAutoConfiguration.ResourceChainCustomizerConfiguration:
      Did not match:
         - @ConditionalOnEnabledResourceChain did not find class org.webjars.WebJarAssetLocator (OnEnabledResourceChainCondition)

   WebMvcAutoConfiguration.WebMvcAutoConfigurationAdapter#beanNameViewResolver:
      Did not match:
         - @ConditionalOnMissingBean (types: org.springframework.web.servlet.view.BeanNameViewResolver; SearchStrategy: all) found beans of type 'org.springframework.web.servlet.view.BeanNameViewResolver' beanNameViewResolver (OnBeanCondition)

   WebServiceTemplateAutoConfiguration:
      Did not match:
         - @ConditionalOnClass did not find required class 'org.springframework.oxm.Marshaller' (OnClassCondition)

   WebServicesAutoConfiguration:
      Did not match:
         - @ConditionalOnClass did not find required class 'org.springframework.ws.transport.http.MessageDispatcherServlet' (OnClassCondition)

   WebSessionIdResolverAutoConfiguration:
      Did not match:
         - @ConditionalOnClass did not find required class 'reactor.core.publisher.Mono' (OnClassCondition)

   WebSocketMessagingAutoConfiguration:
      Did not match:
         - @ConditionalOnClass did not find required class 'org.springframework.web.socket.config.annotation.WebSocketMessageBrokerConfigurer' (OnClassCondition)

   WebSocketReactiveAutoConfiguration:
      Did not match:
         - @ConditionalOnWebApplication did not find reactive web application classes (OnWebApplicationCondition)

   WebSocketServletAutoConfiguration.JettyWebSocketConfiguration:
      Did not match:
         - @ConditionalOnClass did not find required class 'org.eclipse.jetty.ee10.websocket.jakarta.server.config.JakartaWebSocketServletContainerInitializer' (OnClassCondition)

   WebSocketServletAutoConfiguration.UndertowWebSocketConfiguration:
      Did not match:
         - @ConditionalOnClass did not find required class 'io.undertow.websockets.jsr.Bootstrap' (OnClassCondition)

   XADataSourceAutoConfiguration:
      Did not match:
         - @ConditionalOnBean (types: org.springframework.boot.jdbc.XADataSourceWrapper; SearchStrategy: all) did not find any beans of type org.springframework.boot.jdbc.XADataSourceWrapper (OnBeanCondition)
      Matched:
         - @ConditionalOnClass found required classes 'javax.sql.DataSource', 'jakarta.transaction.TransactionManager', 'org.springframework.jdbc.datasource.embedded.EmbeddedDatabaseType' (OnClassCondition)


Exclusions:
-----------

    None


Unconditional classes:
----------------------

    org.springframework.boot.autoconfigure.context.ConfigurationPropertiesAutoConfiguration

    org.springframework.boot.autoconfigure.ssl.SslAutoConfiguration

    org.springframework.boot.autoconfigure.context.LifecycleAutoConfiguration

    org.springframework.boot.autoconfigure.context.PropertyPlaceholderAutoConfiguration

    org.springframework.boot.autoconfigure.availability.ApplicationAvailabilityAutoConfiguration

    org.springframework.boot.autoconfigure.info.ProjectInfoAutoConfiguration



2024-07-20T12:50:59.396+02:00 TRACE 238666 --- [crud-springboot] [           main] o.s.b.f.s.DefaultListableBeanFactory     : Returning cached instance of singleton bean 'welcomePageHandlerMapping'
2024-07-20T12:50:59.396+02:00 TRACE 238666 --- [crud-springboot] [           main] o.s.b.f.s.DefaultListableBeanFactory     : Returning cached instance of singleton bean 'welcomePageNotAcceptableHandlerMapping'
2024-07-20T12:50:59.396+02:00 TRACE 238666 --- [crud-springboot] [           main] o.s.b.f.s.DefaultListableBeanFactory     : Returning cached instance of singleton bean 'requestMappingHandlerMapping'
2024-07-20T12:50:59.396+02:00 TRACE 238666 --- [crud-springboot] [           main] o.s.b.f.s.DefaultListableBeanFactory     : Returning cached instance of singleton bean 'viewControllerHandlerMapping'
2024-07-20T12:50:59.396+02:00 TRACE 238666 --- [crud-springboot] [           main] o.s.b.f.s.DefaultListableBeanFactory     : Returning cached instance of singleton bean 'beanNameHandlerMapping'
2024-07-20T12:50:59.396+02:00 TRACE 238666 --- [crud-springboot] [           main] o.s.b.f.s.DefaultListableBeanFactory     : Returning cached instance of singleton bean 'routerFunctionMapping'
2024-07-20T12:50:59.396+02:00 TRACE 238666 --- [crud-springboot] [           main] o.s.b.f.s.DefaultListableBeanFactory     : Returning cached instance of singleton bean 'resourceHandlerMapping'
2024-07-20T12:50:59.396+02:00 TRACE 238666 --- [crud-springboot] [           main] o.s.b.f.s.DefaultListableBeanFactory     : Returning cached instance of singleton bean 'defaultServletHandlerMapping'
2024-07-20T12:50:59.400+02:00  INFO 238666 --- [crud-springboot] [           main] c.c.c.CrudSpringbootApplicationTests     : Started CrudSpringbootApplicationTests in 7.534 seconds (process running for 8.45)
2024-07-20T12:50:59.401+02:00 TRACE 238666 --- [crud-springboot] [           main] o.s.b.f.s.DefaultListableBeanFactory     : Returning cached instance of singleton bean 'delegatingApplicationListener'
2024-07-20T12:50:59.402+02:00 TRACE 238666 --- [crud-springboot] [           main] o.s.b.f.s.DefaultListableBeanFactory     : Returning cached instance of singleton bean 'delegatingApplicationListener'
2024-07-20T12:50:59.403+02:00 TRACE 238666 --- [crud-springboot] [           main] o.s.b.f.s.DefaultListableBeanFactory     : Returning cached instance of singleton bean 'applicationAvailability'
2024-07-20T12:50:59.403+02:00 DEBUG 238666 --- [crud-springboot] [           main] o.s.b.a.ApplicationAvailabilityBean      : Application availability state LivenessState changed to CORRECT
2024-07-20T12:50:59.408+02:00 TRACE 238666 --- [crud-springboot] [           main] o.s.b.f.s.DefaultListableBeanFactory     : Returning cached instance of singleton bean 'delegatingApplicationListener'
2024-07-20T12:50:59.408+02:00 DEBUG 238666 --- [crud-springboot] [           main] o.s.boot.devtools.restart.Restarter      : Creating new Restarter for thread Thread[main,5,main]
2024-07-20T12:50:59.409+02:00 TRACE 238666 --- [crud-springboot] [           main] o.s.b.f.s.DefaultListableBeanFactory     : Returning cached instance of singleton bean 'delegatingApplicationListener'
2024-07-20T12:50:59.410+02:00 TRACE 238666 --- [crud-springboot] [           main] o.s.b.f.s.DefaultListableBeanFactory     : Returning cached instance of singleton bean 'applicationAvailability'
2024-07-20T12:50:59.410+02:00 DEBUG 238666 --- [crud-springboot] [           main] o.s.b.a.ApplicationAvailabilityBean      : Application availability state ReadinessState changed to ACCEPTING_TRAFFIC
2024-07-20T12:50:59.412+02:00 TRACE 238666 --- [crud-springboot] [           main] c.DefaultCacheAwareContextLoaderDelegate : Storing ApplicationContext [1593368350] in cache under key [WebMergedContextConfiguration@2d18d9ed testClass = com.cwa.crudspringboot.CrudSpringbootApplicationTests, locations = [], classes = [com.cwa.crudspringboot.CrudSpringbootApplication], contextInitializerClasses = [], activeProfiles = [], propertySourceDescriptors = [], propertySourceProperties = ["org.springframework.boot.test.context.SpringBootTestContextBootstrapper=true"], contextCustomizers = [org.springframework.boot.test.context.filter.ExcludeFilterContextCustomizer@3a7442c7, org.springframework.boot.test.json.DuplicateJsonObjectContextCustomizerFactory$DuplicateJsonObjectContextCustomizer@cb0755b, org.springframework.boot.test.mock.mockito.MockitoContextCustomizer@0, org.springframework.boot.test.web.client.TestRestTemplateContextCustomizer@18271936, org.springframework.boot.test.autoconfigure.actuate.observability.ObservabilityContextCustomizerFactory$DisableObservabilityContextCustomizer@1f, org.springframework.boot.test.autoconfigure.properties.PropertyMappingContextCustomizer@0, org.springframework.boot.test.autoconfigure.web.servlet.WebDriverContextCustomizer@24569dba, org.springframework.boot.test.context.SpringBootTestAnnotation@d144f97a], resourceBasePath = "src/main/webapp", contextLoader = org.springframework.boot.test.context.SpringBootContextLoader, parent = null]
2024-07-20T12:50:59.413+02:00 DEBUG 238666 --- [crud-springboot] [           main] org.springframework.test.context.cache   : Spring test ApplicationContext cache statistics: [DefaultContextCache@7c9b0c16 size = 1, maxSize = 32, parentContextCount = 0, hitCount = 0, missCount = 1, failureCount = 0]
2024-07-20T12:50:59.414+02:00 TRACE 238666 --- [crud-springboot] [           main] o.s.t.c.w.ServletTestExecutionListener   : Setting up MockHttpServletRequest, MockHttpServletResponse, ServletWebRequest, and RequestContextHolder for test context [DefaultTestContext@240fa4ad testClass = com.cwa.crudspringboot.CrudSpringbootApplicationTests, testInstance = com.cwa.crudspringboot.CrudSpringbootApplicationTests@4fb3c670, testMethod = null, testException = null, mergedContextConfiguration = [WebMergedContextConfiguration@2d18d9ed testClass = com.cwa.crudspringboot.CrudSpringbootApplicationTests, locations = [], classes = [com.cwa.crudspringboot.CrudSpringbootApplication], contextInitializerClasses = [], activeProfiles = [], propertySourceDescriptors = [], propertySourceProperties = ["org.springframework.boot.test.context.SpringBootTestContextBootstrapper=true"], contextCustomizers = [org.springframework.boot.test.context.filter.ExcludeFilterContextCustomizer@3a7442c7, org.springframework.boot.test.json.DuplicateJsonObjectContextCustomizerFactory$DuplicateJsonObjectContextCustomizer@cb0755b, org.springframework.boot.test.mock.mockito.MockitoContextCustomizer@0, org.springframework.boot.test.web.client.TestRestTemplateContextCustomizer@18271936, org.springframework.boot.test.autoconfigure.actuate.observability.ObservabilityContextCustomizerFactory$DisableObservabilityContextCustomizer@1f, org.springframework.boot.test.autoconfigure.properties.PropertyMappingContextCustomizer@0, org.springframework.boot.test.autoconfigure.web.servlet.WebDriverContextCustomizer@24569dba, org.springframework.boot.test.context.SpringBootTestAnnotation@d144f97a], resourceBasePath = "src/main/webapp", contextLoader = org.springframework.boot.test.context.SpringBootContextLoader, parent = null], attributes = {"org.springframework.test.context.web.ServletTestExecutionListener.activateListener" -> true}]
2024-07-20T12:50:59.434+02:00 TRACE 238666 --- [crud-springboot] [           main] DependencyInjectionTestExecutionListener : Performing dependency injection for test context [DefaultTestContext@240fa4ad testClass = com.cwa.crudspringboot.CrudSpringbootApplicationTests, testInstance = com.cwa.crudspringboot.CrudSpringbootApplicationTests@4fb3c670, testMethod = null, testException = null, mergedContextConfiguration = [WebMergedContextConfiguration@2d18d9ed testClass = com.cwa.crudspringboot.CrudSpringbootApplicationTests, locations = [], classes = [com.cwa.crudspringboot.CrudSpringbootApplication], contextInitializerClasses = [], activeProfiles = [], propertySourceDescriptors = [], propertySourceProperties = ["org.springframework.boot.test.context.SpringBootTestContextBootstrapper=true"], contextCustomizers = [org.springframework.boot.test.context.filter.ExcludeFilterContextCustomizer@3a7442c7, org.springframework.boot.test.json.DuplicateJsonObjectContextCustomizerFactory$DuplicateJsonObjectContextCustomizer@cb0755b, org.springframework.boot.test.mock.mockito.MockitoContextCustomizer@0, org.springframework.boot.test.web.client.TestRestTemplateContextCustomizer@18271936, org.springframework.boot.test.autoconfigure.actuate.observability.ObservabilityContextCustomizerFactory$DisableObservabilityContextCustomizer@1f, org.springframework.boot.test.autoconfigure.properties.PropertyMappingContextCustomizer@0, org.springframework.boot.test.autoconfigure.web.servlet.WebDriverContextCustomizer@24569dba, org.springframework.boot.test.context.SpringBootTestAnnotation@d144f97a], resourceBasePath = "src/main/webapp", contextLoader = org.springframework.boot.test.context.SpringBootContextLoader, parent = null], attributes = {"org.springframework.test.context.web.ServletTestExecutionListener.activateListener" -> true, "org.springframework.test.context.web.ServletTestExecutionListener.populatedRequestContextHolder" -> true, "org.springframework.test.context.web.ServletTestExecutionListener.resetRequestContextHolder" -> true, "org.springframework.test.context.event.ApplicationEventsTestExecutionListener.recordApplicationEvents" -> false}]
2024-07-20T12:50:59.435+02:00 TRACE 238666 --- [crud-springboot] [           main] c.DefaultCacheAwareContextLoaderDelegate : Retrieved ApplicationContext [1593368350] from cache with key [WebMergedContextConfiguration@2d18d9ed testClass = com.cwa.crudspringboot.CrudSpringbootApplicationTests, locations = [], classes = [com.cwa.crudspringboot.CrudSpringbootApplication], contextInitializerClasses = [], activeProfiles = [], propertySourceDescriptors = [], propertySourceProperties = ["org.springframework.boot.test.context.SpringBootTestContextBootstrapper=true"], contextCustomizers = [org.springframework.boot.test.context.filter.ExcludeFilterContextCustomizer@3a7442c7, org.springframework.boot.test.json.DuplicateJsonObjectContextCustomizerFactory$DuplicateJsonObjectContextCustomizer@cb0755b, org.springframework.boot.test.mock.mockito.MockitoContextCustomizer@0, org.springframework.boot.test.web.client.TestRestTemplateContextCustomizer@18271936, org.springframework.boot.test.autoconfigure.actuate.observability.ObservabilityContextCustomizerFactory$DisableObservabilityContextCustomizer@1f, org.springframework.boot.test.autoconfigure.properties.PropertyMappingContextCustomizer@0, org.springframework.boot.test.autoconfigure.web.servlet.WebDriverContextCustomizer@24569dba, org.springframework.boot.test.context.SpringBootTestAnnotation@d144f97a], resourceBasePath = "src/main/webapp", contextLoader = org.springframework.boot.test.context.SpringBootContextLoader, parent = null]
2024-07-20T12:50:59.435+02:00 DEBUG 238666 --- [crud-springboot] [           main] org.springframework.test.context.cache   : Spring test ApplicationContext cache statistics: [DefaultContextCache@7c9b0c16 size = 1, maxSize = 32, parentContextCount = 0, hitCount = 1, missCount = 1, failureCount = 0]
2024-07-20T12:50:59.436+02:00 TRACE 238666 --- [crud-springboot] [           main] o.s.b.f.s.DefaultListableBeanFactory     : Returning cached instance of singleton bean 'org.springframework.transaction.config.internalTransactionAdvisor'
2024-07-20T12:50:59.438+02:00 TRACE 238666 --- [crud-springboot] [           main] c.DefaultCacheAwareContextLoaderDelegate : Retrieved ApplicationContext [1593368350] from cache with key [WebMergedContextConfiguration@2d18d9ed testClass = com.cwa.crudspringboot.CrudSpringbootApplicationTests, locations = [], classes = [com.cwa.crudspringboot.CrudSpringbootApplication], contextInitializerClasses = [], activeProfiles = [], propertySourceDescriptors = [], propertySourceProperties = ["org.springframework.boot.test.context.SpringBootTestContextBootstrapper=true"], contextCustomizers = [org.springframework.boot.test.context.filter.ExcludeFilterContextCustomizer@3a7442c7, org.springframework.boot.test.json.DuplicateJsonObjectContextCustomizerFactory$DuplicateJsonObjectContextCustomizer@cb0755b, org.springframework.boot.test.mock.mockito.MockitoContextCustomizer@0, org.springframework.boot.test.web.client.TestRestTemplateContextCustomizer@18271936, org.springframework.boot.test.autoconfigure.actuate.observability.ObservabilityContextCustomizerFactory$DisableObservabilityContextCustomizer@1f, org.springframework.boot.test.autoconfigure.properties.PropertyMappingContextCustomizer@0, org.springframework.boot.test.autoconfigure.web.servlet.WebDriverContextCustomizer@24569dba, org.springframework.boot.test.context.SpringBootTestAnnotation@d144f97a], resourceBasePath = "src/main/webapp", contextLoader = org.springframework.boot.test.context.SpringBootContextLoader, parent = null]
2024-07-20T12:50:59.438+02:00 DEBUG 238666 --- [crud-springboot] [           main] org.springframework.test.context.cache   : Spring test ApplicationContext cache statistics: [DefaultContextCache@7c9b0c16 size = 1, maxSize = 32, parentContextCount = 0, hitCount = 2, missCount = 1, failureCount = 0]
2024-07-20T12:50:59.439+02:00 TRACE 238666 --- [crud-springboot] [           main] o.s.b.f.s.DefaultListableBeanFactory     : Returning cached instance of singleton bean 'delegatingApplicationListener'
2024-07-20T12:50:59.454+02:00 TRACE 238666 --- [crud-springboot] [           main] o.s.test.context.TestContextManager      : beforeTestMethod(): instance [com.cwa.crudspringboot.CrudSpringbootApplicationTests@4fb3c670], method [void com.cwa.crudspringboot.CrudSpringbootApplicationTests.contextLoads()]
2024-07-20T12:50:59.457+02:00 TRACE 238666 --- [crud-springboot] [           main] sContextBeforeModesTestExecutionListener : Before test method: context [DefaultTestContext@240fa4ad testClass = com.cwa.crudspringboot.CrudSpringbootApplicationTests, testInstance = com.cwa.crudspringboot.CrudSpringbootApplicationTests@4fb3c670, testMethod = contextLoads(), testException = null, mergedContextConfiguration = [WebMergedContextConfiguration@2d18d9ed testClass = com.cwa.crudspringboot.CrudSpringbootApplicationTests, locations = [], classes = [com.cwa.crudspringboot.CrudSpringbootApplication], contextInitializerClasses = [], activeProfiles = [], propertySourceDescriptors = [], propertySourceProperties = ["org.springframework.boot.test.context.SpringBootTestContextBootstrapper=true"], contextCustomizers = [org.springframework.boot.test.context.filter.ExcludeFilterContextCustomizer@3a7442c7, org.springframework.boot.test.json.DuplicateJsonObjectContextCustomizerFactory$DuplicateJsonObjectContextCustomizer@cb0755b, org.springframework.boot.test.mock.mockito.MockitoContextCustomizer@0, org.springframework.boot.test.web.client.TestRestTemplateContextCustomizer@18271936, org.springframework.boot.test.autoconfigure.actuate.observability.ObservabilityContextCustomizerFactory$DisableObservabilityContextCustomizer@1f, org.springframework.boot.test.autoconfigure.properties.PropertyMappingContextCustomizer@0, org.springframework.boot.test.autoconfigure.web.servlet.WebDriverContextCustomizer@24569dba, org.springframework.boot.test.context.SpringBootTestAnnotation@d144f97a], resourceBasePath = "src/main/webapp", contextLoader = org.springframework.boot.test.context.SpringBootContextLoader, parent = null], attributes = {"org.springframework.test.context.web.ServletTestExecutionListener.activateListener" -> true, "org.springframework.test.context.web.ServletTestExecutionListener.populatedRequestContextHolder" -> true, "org.springframework.test.context.web.ServletTestExecutionListener.resetRequestContextHolder" -> true, "org.springframework.test.context.event.ApplicationEventsTestExecutionListener.recordApplicationEvents" -> false}], class annotated with @DirtiesContext [false] with mode [null], method annotated with @DirtiesContext [false] with mode [null]
2024-07-20T12:50:59.462+02:00 TRACE 238666 --- [crud-springboot] [           main] c.DefaultCacheAwareContextLoaderDelegate : Retrieved ApplicationContext [1593368350] from cache with key [WebMergedContextConfiguration@2d18d9ed testClass = com.cwa.crudspringboot.CrudSpringbootApplicationTests, locations = [], classes = [com.cwa.crudspringboot.CrudSpringbootApplication], contextInitializerClasses = [], activeProfiles = [], propertySourceDescriptors = [], propertySourceProperties = ["org.springframework.boot.test.context.SpringBootTestContextBootstrapper=true"], contextCustomizers = [org.springframework.boot.test.context.filter.ExcludeFilterContextCustomizer@3a7442c7, org.springframework.boot.test.json.DuplicateJsonObjectContextCustomizerFactory$DuplicateJsonObjectContextCustomizer@cb0755b, org.springframework.boot.test.mock.mockito.MockitoContextCustomizer@0, org.springframework.boot.test.web.client.TestRestTemplateContextCustomizer@18271936, org.springframework.boot.test.autoconfigure.actuate.observability.ObservabilityContextCustomizerFactory$DisableObservabilityContextCustomizer@1f, org.springframework.boot.test.autoconfigure.properties.PropertyMappingContextCustomizer@0, org.springframework.boot.test.autoconfigure.web.servlet.WebDriverContextCustomizer@24569dba, org.springframework.boot.test.context.SpringBootTestAnnotation@d144f97a], resourceBasePath = "src/main/webapp", contextLoader = org.springframework.boot.test.context.SpringBootContextLoader, parent = null]
2024-07-20T12:50:59.463+02:00 DEBUG 238666 --- [crud-springboot] [           main] org.springframework.test.context.cache   : Spring test ApplicationContext cache statistics: [DefaultContextCache@7c9b0c16 size = 1, maxSize = 32, parentContextCount = 0, hitCount = 3, missCount = 1, failureCount = 0]
2024-07-20T12:50:59.463+02:00 TRACE 238666 --- [crud-springboot] [           main] o.s.b.f.s.DefaultListableBeanFactory     : Returning cached instance of singleton bean 'delegatingApplicationListener'
2024-07-20T12:50:59.464+02:00 TRACE 238666 --- [crud-springboot] [           main] c.DefaultCacheAwareContextLoaderDelegate : Retrieved ApplicationContext [1593368350] from cache with key [WebMergedContextConfiguration@2d18d9ed testClass = com.cwa.crudspringboot.CrudSpringbootApplicationTests, locations = [], classes = [com.cwa.crudspringboot.CrudSpringbootApplication], contextInitializerClasses = [], activeProfiles = [], propertySourceDescriptors = [], propertySourceProperties = ["org.springframework.boot.test.context.SpringBootTestContextBootstrapper=true"], contextCustomizers = [org.springframework.boot.test.context.filter.ExcludeFilterContextCustomizer@3a7442c7, org.springframework.boot.test.json.DuplicateJsonObjectContextCustomizerFactory$DuplicateJsonObjectContextCustomizer@cb0755b, org.springframework.boot.test.mock.mockito.MockitoContextCustomizer@0, org.springframework.boot.test.web.client.TestRestTemplateContextCustomizer@18271936, org.springframework.boot.test.autoconfigure.actuate.observability.ObservabilityContextCustomizerFactory$DisableObservabilityContextCustomizer@1f, org.springframework.boot.test.autoconfigure.properties.PropertyMappingContextCustomizer@0, org.springframework.boot.test.autoconfigure.web.servlet.WebDriverContextCustomizer@24569dba, org.springframework.boot.test.context.SpringBootTestAnnotation@d144f97a], resourceBasePath = "src/main/webapp", contextLoader = org.springframework.boot.test.context.SpringBootContextLoader, parent = null]
2024-07-20T12:50:59.464+02:00 DEBUG 238666 --- [crud-springboot] [           main] org.springframework.test.context.cache   : Spring test ApplicationContext cache statistics: [DefaultContextCache@7c9b0c16 size = 1, maxSize = 32, parentContextCount = 0, hitCount = 4, missCount = 1, failureCount = 0]
2024-07-20T12:50:59.465+02:00 TRACE 238666 --- [crud-springboot] [           main] o.s.b.f.s.DefaultListableBeanFactory     : Returning cached instance of singleton bean 'org.springframework.boot.test.mock.mockito.MockitoPostProcessor$SpyPostProcessor'
2024-07-20T12:51:00.236+02:00 TRACE 238666 --- [crud-springboot] [           main] o.s.b.f.s.DefaultListableBeanFactory     : Returning cached instance of singleton bean 'org.springframework.boot.test.mock.mockito.MockitoPostProcessor'
2024-07-20T12:51:00.236+02:00 TRACE 238666 --- [crud-springboot] [           main] o.s.b.f.s.DefaultListableBeanFactory     : Returning cached instance of singleton bean 'org.springframework.context.annotation.internalConfigurationAnnotationProcessor'
2024-07-20T12:51:00.237+02:00 TRACE 238666 --- [crud-springboot] [           main] o.s.b.f.s.DefaultListableBeanFactory     : Returning cached instance of singleton bean 'org.springframework.context.annotation.internalAutowiredAnnotationProcessor'
2024-07-20T12:51:00.237+02:00 TRACE 238666 --- [crud-springboot] [           main] o.s.b.f.s.DefaultListableBeanFactory     : Returning cached instance of singleton bean 'org.springframework.context.annotation.internalCommonAnnotationProcessor'
2024-07-20T12:51:00.237+02:00 TRACE 238666 --- [crud-springboot] [           main] o.s.b.f.s.DefaultListableBeanFactory     : Returning cached instance of singleton bean 'org.springframework.context.annotation.internalPersistenceAnnotationProcessor'
2024-07-20T12:51:00.237+02:00 TRACE 238666 --- [crud-springboot] [           main] o.s.b.f.s.DefaultListableBeanFactory     : Returning cached instance of singleton bean 'org.springframework.context.event.internalEventListenerProcessor'
2024-07-20T12:51:00.237+02:00 TRACE 238666 --- [crud-springboot] [           main] o.s.b.f.s.DefaultListableBeanFactory     : Returning cached instance of singleton bean 'org.springframework.context.event.internalEventListenerFactory'
2024-07-20T12:51:00.237+02:00 TRACE 238666 --- [crud-springboot] [           main] o.s.b.f.s.DefaultListableBeanFactory     : Returning cached instance of singleton bean 'crudSpringbootApplication'
2024-07-20T12:51:00.237+02:00 TRACE 238666 --- [crud-springboot] [           main] o.s.b.f.s.DefaultListableBeanFactory     : Returning cached instance of singleton bean 'org.springframework.boot.autoconfigure.internalCachingMetadataReaderFactory'
2024-07-20T12:51:00.237+02:00 TRACE 238666 --- [crud-springboot] [           main] o.s.b.f.s.DefaultListableBeanFactory     : Returning cached instance of singleton bean 'org.springframework.boot.autoconfigure.internalCachingMetadataReaderFactory'
2024-07-20T12:51:00.237+02:00 TRACE 238666 --- [crud-springboot] [           main] o.s.b.f.s.DefaultListableBeanFactory     : Returning cached instance of singleton bean 'jwtUtils'
2024-07-20T12:51:00.237+02:00 TRACE 238666 --- [crud-springboot] [           main] o.s.b.f.s.DefaultListableBeanFactory     : Returning cached instance of singleton bean 'securityConfig'
2024-07-20T12:51:00.237+02:00 TRACE 238666 --- [crud-springboot] [           main] o.s.b.f.s.DefaultListableBeanFactory     : Returning cached instance of singleton bean 'apiResponse'
2024-07-20T12:51:00.237+02:00 TRACE 238666 --- [crud-springboot] [           main] o.s.b.f.s.DefaultListableBeanFactory     : Returning cached instance of singleton bean 'authController'
2024-07-20T12:51:00.237+02:00 TRACE 238666 --- [crud-springboot] [           main] o.s.b.f.s.DefaultListableBeanFactory     : Returning cached instance of singleton bean 'loginRequest'
2024-07-20T12:51:00.237+02:00 TRACE 238666 --- [crud-springboot] [           main] o.s.b.f.s.DefaultListableBeanFactory     : Returning cached instance of singleton bean 'personController'
2024-07-20T12:51:00.237+02:00 TRACE 238666 --- [crud-springboot] [           main] o.s.b.f.s.DefaultListableBeanFactory     : Returning cached instance of singleton bean 'registerRequest'
2024-07-20T12:51:00.237+02:00 TRACE 238666 --- [crud-springboot] [           main] o.s.b.f.s.DefaultListableBeanFactory     : Returning cached instance of singleton bean 'webController'
2024-07-20T12:51:00.237+02:00 TRACE 238666 --- [crud-springboot] [           main] o.s.b.f.s.DefaultListableBeanFactory     : Returning cached instance of singleton bean 'jwtFilter'
2024-07-20T12:51:00.237+02:00 TRACE 238666 --- [crud-springboot] [           main] o.s.b.f.s.DefaultListableBeanFactory     : Returning cached instance of singleton bean 'cardService'
2024-07-20T12:51:00.237+02:00 TRACE 238666 --- [crud-springboot] [           main] o.s.b.f.s.DefaultListableBeanFactory     : Returning cached instance of singleton bean 'customUserDetailsService'
2024-07-20T12:51:00.237+02:00 TRACE 238666 --- [crud-springboot] [           main] o.s.b.f.s.DefaultListableBeanFactory     : Returning cached instance of singleton bean 'org.springframework.security.config.annotation.configuration.ObjectPostProcessorConfiguration'
2024-07-20T12:51:00.237+02:00 TRACE 238666 --- [crud-springboot] [           main] o.s.b.f.s.DefaultListableBeanFactory     : Returning cached instance of singleton bean 'objectPostProcessor'
2024-07-20T12:51:00.237+02:00 TRACE 238666 --- [crud-springboot] [           main] o.s.b.f.s.DefaultListableBeanFactory     : Returning cached instance of singleton bean 'org.springframework.security.config.annotation.authentication.configuration.AuthenticationConfiguration'
2024-07-20T12:51:00.237+02:00 TRACE 238666 --- [crud-springboot] [           main] o.s.b.f.s.DefaultListableBeanFactory     : Returning cached instance of singleton bean 'authenticationManagerBuilder'
2024-07-20T12:51:00.237+02:00 TRACE 238666 --- [crud-springboot] [           main] o.s.b.f.s.DefaultListableBeanFactory     : Returning cached instance of singleton bean 'enableGlobalAuthenticationAutowiredConfigurer'
2024-07-20T12:51:00.237+02:00 TRACE 238666 --- [crud-springboot] [           main] o.s.b.f.s.DefaultListableBeanFactory     : Returning cached instance of singleton bean 'initializeUserDetailsBeanManagerConfigurer'
2024-07-20T12:51:00.237+02:00 TRACE 238666 --- [crud-springboot] [           main] o.s.b.f.s.DefaultListableBeanFactory     : Returning cached instance of singleton bean 'initializeAuthenticationProviderBeanManagerConfigurer'
2024-07-20T12:51:00.237+02:00 TRACE 238666 --- [crud-springboot] [           main] o.s.b.f.s.DefaultListableBeanFactory     : Returning cached instance of singleton bean 'org.springframework.security.config.annotation.web.configuration.WebSecurityConfiguration'
2024-07-20T12:51:00.237+02:00 TRACE 238666 --- [crud-springboot] [           main] o.s.b.f.s.DefaultListableBeanFactory     : Returning cached instance of singleton bean 'delegatingApplicationListener'
2024-07-20T12:51:00.237+02:00 TRACE 238666 --- [crud-springboot] [           main] o.s.b.f.s.DefaultListableBeanFactory     : Returning cached instance of singleton bean 'webSecurityExpressionHandler'
2024-07-20T12:51:00.237+02:00 TRACE 238666 --- [crud-springboot] [           main] o.s.b.f.s.DefaultListableBeanFactory     : Returning cached instance of singleton bean 'privilegeEvaluator'
2024-07-20T12:51:00.237+02:00 TRACE 238666 --- [crud-springboot] [           main] o.s.b.f.s.DefaultListableBeanFactory     : Returning cached instance of singleton bean 'conversionServicePostProcessor'
2024-07-20T12:51:00.238+02:00 TRACE 238666 --- [crud-springboot] [           main] o.s.b.f.s.DefaultListableBeanFactory     : Returning cached instance of singleton bean 'org.springframework.security.config.annotation.web.configuration.WebMvcSecurityConfiguration'
2024-07-20T12:51:00.238+02:00 TRACE 238666 --- [crud-springboot] [           main] o.s.b.f.s.DefaultListableBeanFactory     : Returning cached instance of singleton bean 'requestDataValueProcessor'
2024-07-20T12:51:00.238+02:00 TRACE 238666 --- [crud-springboot] [           main] o.s.b.f.s.DefaultListableBeanFactory     : Returning cached instance of singleton bean 'springSecurityHandlerMappingIntrospectorBeanDefinitionRegistryPostProcessor'
2024-07-20T12:51:00.238+02:00 TRACE 238666 --- [crud-springboot] [           main] o.s.b.f.s.DefaultListableBeanFactory     : Returning cached instance of singleton bean 'org.springframework.security.config.annotation.web.configuration.HttpSecurityConfiguration'
2024-07-20T12:51:00.238+02:00 TRACE 238666 --- [crud-springboot] [           main] o.s.b.f.s.DefaultListableBeanFactory     : Returning cached instance of singleton bean 'passwordEncoder'
2024-07-20T12:51:00.238+02:00 TRACE 238666 --- [crud-springboot] [           main] o.s.b.f.s.DefaultListableBeanFactory     : Returning cached instance of singleton bean 'authenticationManager'
2024-07-20T12:51:00.238+02:00 TRACE 238666 --- [crud-springboot] [           main] o.s.b.f.s.DefaultListableBeanFactory     : Returning cached instance of singleton bean 'securityFilterChain'
2024-07-20T12:51:00.238+02:00 TRACE 238666 --- [crud-springboot] [           main] o.s.b.f.s.DefaultListableBeanFactory     : Returning cached instance of singleton bean 'org.springframework.boot.autoconfigure.AutoConfigurationPackages'
2024-07-20T12:51:00.238+02:00 TRACE 238666 --- [crud-springboot] [           main] o.s.b.f.s.DefaultListableBeanFactory     : Returning cached instance of singleton bean 'org.springframework.boot.autoconfigure.context.PropertyPlaceholderAutoConfiguration'
2024-07-20T12:51:00.238+02:00 TRACE 238666 --- [crud-springboot] [           main] o.s.b.f.s.DefaultListableBeanFactory     : Returning cached instance of singleton bean 'propertySourcesPlaceholderConfigurer'
2024-07-20T12:51:00.238+02:00 TRACE 238666 --- [crud-springboot] [           main] o.s.b.f.s.DefaultListableBeanFactory     : Returning cached instance of singleton bean 'org.springframework.boot.autoconfigure.ssl.SslAutoConfiguration'
2024-07-20T12:51:00.238+02:00 TRACE 238666 --- [crud-springboot] [           main] o.s.b.f.s.DefaultListableBeanFactory     : Returning cached instance of singleton bean 'fileWatcher'
2024-07-20T12:51:00.238+02:00 TRACE 238666 --- [crud-springboot] [           main] o.s.b.f.s.DefaultListableBeanFactory     : Returning cached instance of singleton bean 'sslPropertiesSslBundleRegistrar'
2024-07-20T12:51:00.238+02:00 TRACE 238666 --- [crud-springboot] [           main] o.s.b.f.s.DefaultListableBeanFactory     : Returning cached instance of singleton bean 'sslBundleRegistry'
2024-07-20T12:51:00.238+02:00 TRACE 238666 --- [crud-springboot] [           main] o.s.b.f.s.DefaultListableBeanFactory     : Returning cached instance of singleton bean 'org.springframework.boot.context.properties.ConfigurationPropertiesBindingPostProcessor'
2024-07-20T12:51:00.238+02:00 TRACE 238666 --- [crud-springboot] [           main] o.s.b.f.s.DefaultListableBeanFactory     : Returning cached instance of singleton bean 'org.springframework.boot.context.internalConfigurationPropertiesBinder'
2024-07-20T12:51:00.238+02:00 TRACE 238666 --- [crud-springboot] [           main] o.s.b.f.s.DefaultListableBeanFactory     : Returning cached instance of singleton bean 'org.springframework.boot.context.internalConfigurationPropertiesBinder'
2024-07-20T12:51:00.238+02:00 TRACE 238666 --- [crud-springboot] [           main] o.s.b.f.s.DefaultListableBeanFactory     : Returning cached instance of singleton bean 'org.springframework.boot.context.properties.BoundConfigurationProperties'
2024-07-20T12:51:00.238+02:00 TRACE 238666 --- [crud-springboot] [           main] o.s.b.f.s.DefaultListableBeanFactory     : Returning cached instance of singleton bean 'org.springframework.boot.context.properties.EnableConfigurationPropertiesRegistrar.methodValidationExcludeFilter'
2024-07-20T12:51:00.239+02:00 TRACE 238666 --- [crud-springboot] [           main] o.s.b.f.s.DefaultListableBeanFactory     : Returning cached instance of singleton bean 'spring.ssl-org.springframework.boot.autoconfigure.ssl.SslProperties'
2024-07-20T12:51:00.239+02:00 TRACE 238666 --- [crud-springboot] [           main] o.s.b.f.s.DefaultListableBeanFactory     : Returning cached instance of singleton bean 'org.springframework.boot.autoconfigure.websocket.servlet.WebSocketServletAutoConfiguration$TomcatWebSocketConfiguration'
2024-07-20T12:51:00.239+02:00 TRACE 238666 --- [crud-springboot] [           main] o.s.b.f.s.DefaultListableBeanFactory     : Returning cached instance of singleton bean 'websocketServletWebServerCustomizer'
2024-07-20T12:51:00.239+02:00 TRACE 238666 --- [crud-springboot] [           main] o.s.b.f.s.DefaultListableBeanFactory     : Returning cached instance of singleton bean 'org.springframework.boot.autoconfigure.websocket.servlet.WebSocketServletAutoConfiguration'
2024-07-20T12:51:00.239+02:00 TRACE 238666 --- [crud-springboot] [           main] o.s.b.f.s.DefaultListableBeanFactory     : Returning cached instance of singleton bean 'org.springframework.boot.autoconfigure.web.servlet.ServletWebServerFactoryConfiguration$EmbeddedTomcat'
2024-07-20T12:51:00.239+02:00 TRACE 238666 --- [crud-springboot] [           main] o.s.b.f.s.DefaultListableBeanFactory     : Returning cached instance of singleton bean 'tomcatServletWebServerFactory'
2024-07-20T12:51:00.239+02:00 TRACE 238666 --- [crud-springboot] [           main] o.s.b.f.s.DefaultListableBeanFactory     : Returning cached instance of singleton bean 'org.springframework.boot.autoconfigure.web.servlet.ServletWebServerFactoryAutoConfiguration'
2024-07-20T12:51:00.239+02:00 TRACE 238666 --- [crud-springboot] [           main] o.s.b.f.s.DefaultListableBeanFactory     : Returning cached instance of singleton bean 'servletWebServerFactoryCustomizer'
2024-07-20T12:51:00.239+02:00 TRACE 238666 --- [crud-springboot] [           main] o.s.b.f.s.DefaultListableBeanFactory     : Returning cached instance of singleton bean 'tomcatServletWebServerFactoryCustomizer'
2024-07-20T12:51:00.239+02:00 TRACE 238666 --- [crud-springboot] [           main] o.s.b.f.s.DefaultListableBeanFactory     : Returning cached instance of singleton bean 'server-org.springframework.boot.autoconfigure.web.ServerProperties'
2024-07-20T12:51:00.239+02:00 TRACE 238666 --- [crud-springboot] [           main] o.s.b.f.s.DefaultListableBeanFactory     : Returning cached instance of singleton bean 'webServerFactoryCustomizerBeanPostProcessor'
2024-07-20T12:51:00.239+02:00 TRACE 238666 --- [crud-springboot] [           main] o.s.b.f.s.DefaultListableBeanFactory     : Returning cached instance of singleton bean 'errorPageRegistrarBeanPostProcessor'
2024-07-20T12:51:00.239+02:00 TRACE 238666 --- [crud-springboot] [           main] o.s.b.f.s.DefaultListableBeanFactory     : Returning cached instance of singleton bean 'org.springframework.boot.autoconfigure.web.servlet.DispatcherServletAutoConfiguration$DispatcherServletConfiguration'
2024-07-20T12:51:00.239+02:00 TRACE 238666 --- [crud-springboot] [           main] o.s.b.f.s.DefaultListableBeanFactory     : Returning cached instance of singleton bean 'dispatcherServlet'
2024-07-20T12:51:00.239+02:00 TRACE 238666 --- [crud-springboot] [           main] o.s.b.f.s.DefaultListableBeanFactory     : Returning cached instance of singleton bean 'spring.mvc-org.springframework.boot.autoconfigure.web.servlet.WebMvcProperties'
2024-07-20T12:51:00.239+02:00 TRACE 238666 --- [crud-springboot] [           main] o.s.b.f.s.DefaultListableBeanFactory     : Returning cached instance of singleton bean 'org.springframework.boot.autoconfigure.web.servlet.DispatcherServletAutoConfiguration$DispatcherServletRegistrationConfiguration'
2024-07-20T12:51:00.239+02:00 TRACE 238666 --- [crud-springboot] [           main] o.s.b.f.s.DefaultListableBeanFactory     : Returning cached instance of singleton bean 'dispatcherServletRegistration'
2024-07-20T12:51:00.239+02:00 TRACE 238666 --- [crud-springboot] [           main] o.s.b.f.s.DefaultListableBeanFactory     : Returning cached instance of singleton bean 'org.springframework.boot.autoconfigure.web.servlet.DispatcherServletAutoConfiguration'
2024-07-20T12:51:00.239+02:00 TRACE 238666 --- [crud-springboot] [           main] o.s.b.f.s.DefaultListableBeanFactory     : Returning cached instance of singleton bean 'org.springframework.boot.autoconfigure.task.TaskExecutorConfigurations$ThreadPoolTaskExecutorBuilderConfiguration'
2024-07-20T12:51:00.239+02:00 TRACE 238666 --- [crud-springboot] [           main] o.s.b.f.s.DefaultListableBeanFactory     : Returning cached instance of singleton bean 'threadPoolTaskExecutorBuilder'
2024-07-20T12:51:00.239+02:00 TRACE 238666 --- [crud-springboot] [           main] o.s.b.f.s.DefaultListableBeanFactory     : Returning cached instance of singleton bean 'org.springframework.boot.autoconfigure.task.TaskExecutorConfigurations$TaskExecutorBuilderConfiguration'
2024-07-20T12:51:00.240+02:00 TRACE 238666 --- [crud-springboot] [           main] o.s.b.f.s.DefaultListableBeanFactory     : Returning cached instance of singleton bean 'taskExecutorBuilder'
2024-07-20T12:51:00.240+02:00 TRACE 238666 --- [crud-springboot] [           main] o.s.b.f.s.DefaultListableBeanFactory     : Returning cached instance of singleton bean 'org.springframework.boot.autoconfigure.task.TaskExecutorConfigurations$SimpleAsyncTaskExecutorBuilderConfiguration'
2024-07-20T12:51:00.240+02:00 TRACE 238666 --- [crud-springboot] [           main] o.s.b.f.s.DefaultListableBeanFactory     : Returning cached instance of singleton bean 'simpleAsyncTaskExecutorBuilder'
2024-07-20T12:51:00.240+02:00 TRACE 238666 --- [crud-springboot] [           main] o.s.b.f.s.DefaultListableBeanFactory     : Returning cached instance of singleton bean 'org.springframework.boot.autoconfigure.task.TaskExecutorConfigurations$TaskExecutorConfiguration'
2024-07-20T12:51:00.240+02:00 TRACE 238666 --- [crud-springboot] [           main] o.s.b.f.s.DefaultListableBeanFactory     : Returning cached instance of singleton bean 'applicationTaskExecutor'
2024-07-20T12:51:00.240+02:00 TRACE 238666 --- [crud-springboot] [           main] o.s.b.f.s.DefaultListableBeanFactory     : Returning cached instance of singleton bean 'org.springframework.boot.autoconfigure.task.TaskExecutionAutoConfiguration'
2024-07-20T12:51:00.240+02:00 TRACE 238666 --- [crud-springboot] [           main] o.s.b.f.s.DefaultListableBeanFactory     : Returning cached instance of singleton bean 'spring.task.execution-org.springframework.boot.autoconfigure.task.TaskExecutionProperties'
2024-07-20T12:51:00.240+02:00 TRACE 238666 --- [crud-springboot] [           main] o.s.b.f.s.DefaultListableBeanFactory     : Returning cached instance of singleton bean 'org.springframework.boot.autoconfigure.web.servlet.error.ErrorMvcAutoConfiguration$WhitelabelErrorViewConfiguration'
2024-07-20T12:51:00.240+02:00 TRACE 238666 --- [crud-springboot] [           main] o.s.b.f.s.DefaultListableBeanFactory     : Returning cached instance of singleton bean 'error'
2024-07-20T12:51:00.241+02:00 TRACE 238666 --- [crud-springboot] [           main] o.s.b.f.s.DefaultListableBeanFactory     : Returning cached instance of singleton bean 'beanNameViewResolver'
2024-07-20T12:51:00.241+02:00 TRACE 238666 --- [crud-springboot] [           main] o.s.b.f.s.DefaultListableBeanFactory     : Returning cached instance of singleton bean 'org.springframework.boot.autoconfigure.web.servlet.error.ErrorMvcAutoConfiguration$DefaultErrorViewResolverConfiguration'
2024-07-20T12:51:00.241+02:00 TRACE 238666 --- [crud-springboot] [           main] o.s.b.f.s.DefaultListableBeanFactory     : Returning cached instance of singleton bean 'conventionErrorViewResolver'
2024-07-20T12:51:00.241+02:00 TRACE 238666 --- [crud-springboot] [           main] o.s.b.f.s.DefaultListableBeanFactory     : Returning cached instance of singleton bean 'spring.web-org.springframework.boot.autoconfigure.web.WebProperties'
2024-07-20T12:51:00.241+02:00 TRACE 238666 --- [crud-springboot] [           main] o.s.b.f.s.DefaultListableBeanFactory     : Returning cached instance of singleton bean 'org.springframework.boot.autoconfigure.web.servlet.error.ErrorMvcAutoConfiguration'
2024-07-20T12:51:00.241+02:00 TRACE 238666 --- [crud-springboot] [           main] o.s.b.f.s.DefaultListableBeanFactory     : Returning cached instance of singleton bean 'errorAttributes'
2024-07-20T12:51:00.241+02:00 TRACE 238666 --- [crud-springboot] [           main] o.s.b.f.s.DefaultListableBeanFactory     : Returning cached instance of singleton bean 'basicErrorController'
2024-07-20T12:51:00.241+02:00 TRACE 238666 --- [crud-springboot] [           main] o.s.b.f.s.DefaultListableBeanFactory     : Returning cached instance of singleton bean 'errorPageCustomizer'
2024-07-20T12:51:00.241+02:00 TRACE 238666 --- [crud-springboot] [           main] o.s.b.f.s.DefaultListableBeanFactory     : Returning cached instance of singleton bean 'preserveErrorControllerTargetClassPostProcessor'
2024-07-20T12:51:00.241+02:00 TRACE 238666 --- [crud-springboot] [           main] o.s.b.f.s.DefaultListableBeanFactory     : Returning cached instance of singleton bean 'org.springframework.boot.autoconfigure.web.servlet.WebMvcAutoConfiguration$EnableWebMvcConfiguration'
2024-07-20T12:51:00.241+02:00 TRACE 238666 --- [crud-springboot] [           main] o.s.b.f.s.DefaultListableBeanFactory     : Returning cached instance of singleton bean 'welcomePageHandlerMapping'
2024-07-20T12:51:00.241+02:00 TRACE 238666 --- [crud-springboot] [           main] o.s.b.f.s.DefaultListableBeanFactory     : Returning cached instance of singleton bean 'welcomePageNotAcceptableHandlerMapping'
2024-07-20T12:51:00.241+02:00 TRACE 238666 --- [crud-springboot] [           main] o.s.b.f.s.DefaultListableBeanFactory     : Returning cached instance of singleton bean 'localeResolver'
2024-07-20T12:51:00.241+02:00 TRACE 238666 --- [crud-springboot] [           main] o.s.b.f.s.DefaultListableBeanFactory     : Returning cached instance of singleton bean 'themeResolver'
2024-07-20T12:51:00.241+02:00 TRACE 238666 --- [crud-springboot] [           main] o.s.b.f.s.DefaultListableBeanFactory     : Returning cached instance of singleton bean 'flashMapManager'
2024-07-20T12:51:00.241+02:00 TRACE 238666 --- [crud-springboot] [           main] o.s.b.f.s.DefaultListableBeanFactory     : Returning cached instance of singleton bean 'mvcConversionService'
2024-07-20T12:51:00.241+02:00 TRACE 238666 --- [crud-springboot] [           main] o.s.b.f.s.DefaultListableBeanFactory     : Returning cached instance of singleton bean 'mvcValidator'
2024-07-20T12:51:00.241+02:00 TRACE 238666 --- [crud-springboot] [           main] o.s.b.f.s.DefaultListableBeanFactory     : Returning cached instance of singleton bean 'mvcContentNegotiationManager'
2024-07-20T12:51:00.241+02:00 TRACE 238666 --- [crud-springboot] [           main] o.s.b.f.s.DefaultListableBeanFactory     : Returning cached instance of singleton bean 'requestMappingHandlerMapping'
2024-07-20T12:51:00.241+02:00 TRACE 238666 --- [crud-springboot] [           main] o.s.b.f.s.DefaultListableBeanFactory     : Returning cached instance of singleton bean 'mvcPatternParser'
2024-07-20T12:51:00.241+02:00 TRACE 238666 --- [crud-springboot] [           main] o.s.b.f.s.DefaultListableBeanFactory     : Returning cached instance of singleton bean 'mvcUrlPathHelper'
2024-07-20T12:51:00.241+02:00 TRACE 238666 --- [crud-springboot] [           main] o.s.b.f.s.DefaultListableBeanFactory     : Returning cached instance of singleton bean 'mvcPathMatcher'
2024-07-20T12:51:00.242+02:00 TRACE 238666 --- [crud-springboot] [           main] o.s.b.f.s.DefaultListableBeanFactory     : Returning cached instance of singleton bean 'viewControllerHandlerMapping'
2024-07-20T12:51:00.242+02:00 TRACE 238666 --- [crud-springboot] [           main] o.s.b.f.s.DefaultListableBeanFactory     : Returning cached instance of singleton bean 'beanNameHandlerMapping'
2024-07-20T12:51:00.242+02:00 TRACE 238666 --- [crud-springboot] [           main] o.s.b.f.s.DefaultListableBeanFactory     : Returning cached instance of singleton bean 'routerFunctionMapping'
2024-07-20T12:51:00.242+02:00 TRACE 238666 --- [crud-springboot] [           main] o.s.b.f.s.DefaultListableBeanFactory     : Returning cached instance of singleton bean 'resourceHandlerMapping'
2024-07-20T12:51:00.242+02:00 TRACE 238666 --- [crud-springboot] [           main] o.s.b.f.s.DefaultListableBeanFactory     : Returning cached instance of singleton bean 'mvcResourceUrlProvider'
2024-07-20T12:51:00.242+02:00 TRACE 238666 --- [crud-springboot] [           main] o.s.b.f.s.DefaultListableBeanFactory     : Returning cached instance of singleton bean 'defaultServletHandlerMapping'
2024-07-20T12:51:00.242+02:00 TRACE 238666 --- [crud-springboot] [           main] o.s.b.f.s.DefaultListableBeanFactory     : Returning cached instance of singleton bean 'requestMappingHandlerAdapter'
2024-07-20T12:51:00.242+02:00 TRACE 238666 --- [crud-springboot] [           main] o.s.b.f.s.DefaultListableBeanFactory     : Returning cached instance of singleton bean 'handlerFunctionAdapter'
2024-07-20T12:51:00.242+02:00 TRACE 238666 --- [crud-springboot] [           main] o.s.b.f.s.DefaultListableBeanFactory     : Returning cached instance of singleton bean 'mvcUriComponentsContributor'
2024-07-20T12:51:00.242+02:00 TRACE 238666 --- [crud-springboot] [           main] o.s.b.f.s.DefaultListableBeanFactory     : Returning cached instance of singleton bean 'httpRequestHandlerAdapter'
2024-07-20T12:51:00.242+02:00 TRACE 238666 --- [crud-springboot] [           main] o.s.b.f.s.DefaultListableBeanFactory     : Returning cached instance of singleton bean 'simpleControllerHandlerAdapter'
2024-07-20T12:51:00.242+02:00 TRACE 238666 --- [crud-springboot] [           main] o.s.b.f.s.DefaultListableBeanFactory     : Returning cached instance of singleton bean 'handlerExceptionResolver'
2024-07-20T12:51:00.242+02:00 TRACE 238666 --- [crud-springboot] [           main] o.s.b.f.s.DefaultListableBeanFactory     : Returning cached instance of singleton bean 'mvcViewResolver'
2024-07-20T12:51:00.242+02:00 TRACE 238666 --- [crud-springboot] [           main] o.s.b.f.s.DefaultListableBeanFactory     : Returning cached instance of singleton bean 'mvcHandlerMappingIntrospector'
2024-07-20T12:51:00.242+02:00 TRACE 238666 --- [crud-springboot] [           main] o.s.b.f.s.DefaultListableBeanFactory     : Returning cached instance of singleton bean 'viewNameTranslator'
2024-07-20T12:51:00.242+02:00 TRACE 238666 --- [crud-springboot] [           main] o.s.b.f.s.DefaultListableBeanFactory     : Returning cached instance of singleton bean 'org.springframework.boot.autoconfigure.web.servlet.WebMvcAutoConfiguration$WebMvcAutoConfigurationAdapter'
2024-07-20T12:51:00.242+02:00 TRACE 238666 --- [crud-springboot] [           main] o.s.b.f.s.DefaultListableBeanFactory     : Returning cached instance of singleton bean 'defaultViewResolver'
2024-07-20T12:51:00.242+02:00 TRACE 238666 --- [crud-springboot] [           main] o.s.b.f.s.DefaultListableBeanFactory     : Returning cached instance of singleton bean 'viewResolver'
2024-07-20T12:51:00.242+02:00 TRACE 238666 --- [crud-springboot] [           main] o.s.b.f.s.DefaultListableBeanFactory     : Returning cached instance of singleton bean 'requestContextFilter'
2024-07-20T12:51:00.242+02:00 TRACE 238666 --- [crud-springboot] [           main] o.s.b.f.s.DefaultListableBeanFactory     : Returning cached instance of singleton bean 'org.springframework.boot.autoconfigure.web.servlet.WebMvcAutoConfiguration'
2024-07-20T12:51:00.242+02:00 TRACE 238666 --- [crud-springboot] [           main] o.s.b.f.s.DefaultListableBeanFactory     : Returning cached instance of singleton bean 'formContentFilter'
2024-07-20T12:51:00.243+02:00 TRACE 238666 --- [crud-springboot] [           main] o.s.b.f.s.DefaultListableBeanFactory     : Returning cached instance of singleton bean 'org.springframework.boot.autoconfigure.aop.AopAutoConfiguration$AspectJAutoProxyingConfiguration$CglibAutoProxyConfiguration'
2024-07-20T12:51:00.243+02:00 TRACE 238666 --- [crud-springboot] [           main] o.s.b.f.s.DefaultListableBeanFactory     : Returning cached instance of singleton bean 'org.springframework.aop.config.internalAutoProxyCreator'
2024-07-20T12:51:00.243+02:00 TRACE 238666 --- [crud-springboot] [           main] o.s.b.f.s.DefaultListableBeanFactory     : Returning cached instance of singleton bean 'org.springframework.boot.autoconfigure.aop.AopAutoConfiguration$AspectJAutoProxyingConfiguration'
2024-07-20T12:51:00.243+02:00 TRACE 238666 --- [crud-springboot] [           main] o.s.b.f.s.DefaultListableBeanFactory     : Returning cached instance of singleton bean 'org.springframework.boot.autoconfigure.aop.AopAutoConfiguration'
2024-07-20T12:51:00.243+02:00 TRACE 238666 --- [crud-springboot] [           main] o.s.b.f.s.DefaultListableBeanFactory     : Returning cached instance of singleton bean 'org.springframework.boot.autoconfigure.availability.ApplicationAvailabilityAutoConfiguration'
2024-07-20T12:51:00.243+02:00 TRACE 238666 --- [crud-springboot] [           main] o.s.b.f.s.DefaultListableBeanFactory     : Returning cached instance of singleton bean 'applicationAvailability'
2024-07-20T12:51:00.243+02:00 TRACE 238666 --- [crud-springboot] [           main] o.s.b.f.s.DefaultListableBeanFactory     : Returning cached instance of singleton bean 'org.springframework.boot.autoconfigure.transaction.jta.JtaAutoConfiguration'
2024-07-20T12:51:00.243+02:00 TRACE 238666 --- [crud-springboot] [           main] o.s.b.f.s.DefaultListableBeanFactory     : Returning cached instance of singleton bean 'org.springframework.boot.autoconfigure.jdbc.DataSourceConfiguration$Hikari'
2024-07-20T12:51:00.243+02:00 TRACE 238666 --- [crud-springboot] [           main] o.s.b.f.s.DefaultListableBeanFactory     : Returning cached instance of singleton bean 'jdbcConnectionDetailsHikariBeanPostProcessor'
2024-07-20T12:51:00.243+02:00 TRACE 238666 --- [crud-springboot] [           main] o.s.b.f.s.DefaultListableBeanFactory     : Returning cached instance of singleton bean 'dataSource'
2024-07-20T12:51:00.243+02:00 TRACE 238666 --- [crud-springboot] [           main] o.s.b.f.s.DefaultListableBeanFactory     : Returning cached instance of singleton bean 'org.springframework.boot.autoconfigure.jdbc.DataSourceAutoConfiguration$PooledDataSourceConfiguration'
2024-07-20T12:51:00.243+02:00 TRACE 238666 --- [crud-springboot] [           main] o.s.b.f.s.DefaultListableBeanFactory     : Returning cached instance of singleton bean 'jdbcConnectionDetails'
2024-07-20T12:51:00.243+02:00 TRACE 238666 --- [crud-springboot] [           main] o.s.b.f.s.DefaultListableBeanFactory     : Returning cached instance of singleton bean 'org.springframework.boot.autoconfigure.jdbc.metadata.DataSourcePoolMetadataProvidersConfiguration$HikariPoolDataSourceMetadataProviderConfiguration'
2024-07-20T12:51:00.243+02:00 TRACE 238666 --- [crud-springboot] [           main] o.s.b.f.s.DefaultListableBeanFactory     : Returning cached instance of singleton bean 'hikariPoolDataSourceMetadataProvider'
2024-07-20T12:51:00.243+02:00 TRACE 238666 --- [crud-springboot] [           main] o.s.b.f.s.DefaultListableBeanFactory     : Returning cached instance of singleton bean 'org.springframework.boot.autoconfigure.jdbc.metadata.DataSourcePoolMetadataProvidersConfiguration'
2024-07-20T12:51:00.243+02:00 TRACE 238666 --- [crud-springboot] [           main] o.s.b.f.s.DefaultListableBeanFactory     : Returning cached instance of singleton bean 'org.springframework.boot.autoconfigure.jdbc.DataSourceAutoConfiguration'
2024-07-20T12:51:00.243+02:00 TRACE 238666 --- [crud-springboot] [           main] o.s.b.f.s.DefaultListableBeanFactory     : Returning cached instance of singleton bean 'spring.datasource-org.springframework.boot.autoconfigure.jdbc.DataSourceProperties'
2024-07-20T12:51:00.243+02:00 TRACE 238666 --- [crud-springboot] [           main] o.s.b.f.s.DefaultListableBeanFactory     : Returning cached instance of singleton bean 'org.springframework.boot.autoconfigure.transaction.TransactionManagerCustomizationAutoConfiguration'
2024-07-20T12:51:00.243+02:00 TRACE 238666 --- [crud-springboot] [           main] o.s.b.f.s.DefaultListableBeanFactory     : Returning cached instance of singleton bean 'platformTransactionManagerCustomizers'
2024-07-20T12:51:00.243+02:00 TRACE 238666 --- [crud-springboot] [           main] o.s.b.f.s.DefaultListableBeanFactory     : Returning cached instance of singleton bean 'transactionExecutionListeners'
2024-07-20T12:51:00.243+02:00 TRACE 238666 --- [crud-springboot] [           main] o.s.b.f.s.DefaultListableBeanFactory     : Returning cached instance of singleton bean 'spring.transaction-org.springframework.boot.autoconfigure.transaction.TransactionProperties'
2024-07-20T12:51:00.243+02:00 TRACE 238666 --- [crud-springboot] [           main] o.s.b.f.s.DefaultListableBeanFactory     : Returning cached instance of singleton bean 'org.springframework.boot.autoconfigure.orm.jpa.JpaBaseConfiguration$JpaWebConfiguration'
2024-07-20T12:51:00.243+02:00 TRACE 238666 --- [crud-springboot] [           main] o.s.b.f.s.DefaultListableBeanFactory     : Returning cached instance of singleton bean 'openEntityManagerInViewInterceptor'
2024-07-20T12:51:00.243+02:00 TRACE 238666 --- [crud-springboot] [           main] o.s.b.f.s.DefaultListableBeanFactory     : Returning cached instance of singleton bean 'openEntityManagerInViewInterceptorConfigurer'
2024-07-20T12:51:00.243+02:00 TRACE 238666 --- [crud-springboot] [           main] o.s.b.f.s.DefaultListableBeanFactory     : Returning cached instance of singleton bean 'org.springframework.boot.autoconfigure.orm.jpa.JpaBaseConfiguration$PersistenceManagedTypesConfiguration'
2024-07-20T12:51:00.243+02:00 TRACE 238666 --- [crud-springboot] [           main] o.s.b.f.s.DefaultListableBeanFactory     : Returning cached instance of singleton bean 'persistenceManagedTypes'
2024-07-20T12:51:00.244+02:00 TRACE 238666 --- [crud-springboot] [           main] o.s.b.f.s.DefaultListableBeanFactory     : Returning cached instance of singleton bean 'org.springframework.boot.autoconfigure.orm.jpa.HibernateJpaConfiguration'
2024-07-20T12:51:00.244+02:00 TRACE 238666 --- [crud-springboot] [           main] o.s.b.f.s.DefaultListableBeanFactory     : Returning cached instance of singleton bean 'transactionManager'
2024-07-20T12:51:00.244+02:00 TRACE 238666 --- [crud-springboot] [           main] o.s.b.f.s.DefaultListableBeanFactory     : Returning cached instance of singleton bean 'jpaVendorAdapter'
2024-07-20T12:51:00.244+02:00 TRACE 238666 --- [crud-springboot] [           main] o.s.b.f.s.DefaultListableBeanFactory     : Returning cached instance of singleton bean 'entityManagerFactoryBuilder'
2024-07-20T12:51:00.244+02:00 TRACE 238666 --- [crud-springboot] [           main] o.s.b.f.s.DefaultListableBeanFactory     : Returning cached instance of singleton bean 'entityManagerFactory'
2024-07-20T12:51:00.244+02:00 TRACE 238666 --- [crud-springboot] [           main] o.s.b.f.s.DefaultListableBeanFactory     : Returning cached instance of singleton bean 'entityManagerFactory'
2024-07-20T12:51:00.244+02:00 TRACE 238666 --- [crud-springboot] [           main] o.s.b.f.s.DefaultListableBeanFactory     : Returning cached instance of singleton bean 'spring.jpa.hibernate-org.springframework.boot.autoconfigure.orm.jpa.HibernateProperties'
2024-07-20T12:51:00.244+02:00 TRACE 238666 --- [crud-springboot] [           main] o.s.b.f.s.DefaultListableBeanFactory     : Returning cached instance of singleton bean 'spring.jpa-org.springframework.boot.autoconfigure.orm.jpa.JpaProperties'
2024-07-20T12:51:00.244+02:00 TRACE 238666 --- [crud-springboot] [           main] o.s.b.f.s.DefaultListableBeanFactory     : Returning cached instance of singleton bean 'org.springframework.boot.autoconfigure.orm.jpa.HibernateJpaAutoConfiguration'
2024-07-20T12:51:00.244+02:00 TRACE 238666 --- [crud-springboot] [           main] o.s.b.f.s.DefaultListableBeanFactory     : Returning cached instance of singleton bean 'org.springframework.boot.autoconfigure.jackson.JacksonAutoConfiguration$Jackson2ObjectMapperBuilderCustomizerConfiguration'
2024-07-20T12:51:00.244+02:00 TRACE 238666 --- [crud-springboot] [           main] o.s.b.f.s.DefaultListableBeanFactory     : Returning cached instance of singleton bean 'standardJacksonObjectMapperBuilderCustomizer'
2024-07-20T12:51:00.244+02:00 TRACE 238666 --- [crud-springboot] [           main] o.s.b.f.s.DefaultListableBeanFactory     : Returning cached instance of singleton bean 'spring.jackson-org.springframework.boot.autoconfigure.jackson.JacksonProperties'
2024-07-20T12:51:00.244+02:00 TRACE 238666 --- [crud-springboot] [           main] o.s.b.f.s.DefaultListableBeanFactory     : Returning cached instance of singleton bean 'org.springframework.boot.autoconfigure.jackson.JacksonAutoConfiguration$JacksonObjectMapperBuilderConfiguration'
2024-07-20T12:51:00.244+02:00 TRACE 238666 --- [crud-springboot] [           main] o.s.b.f.s.DefaultListableBeanFactory     : Returning cached instance of singleton bean 'org.springframework.boot.autoconfigure.jackson.JacksonAutoConfiguration$ParameterNamesModuleConfiguration'
2024-07-20T12:51:00.244+02:00 TRACE 238666 --- [crud-springboot] [           main] o.s.b.f.s.DefaultListableBeanFactory     : Returning cached instance of singleton bean 'parameterNamesModule'
2024-07-20T12:51:00.244+02:00 TRACE 238666 --- [crud-springboot] [           main] o.s.b.f.s.DefaultListableBeanFactory     : Returning cached instance of singleton bean 'org.springframework.boot.autoconfigure.jackson.JacksonAutoConfiguration$JacksonObjectMapperConfiguration'
2024-07-20T12:51:00.244+02:00 TRACE 238666 --- [crud-springboot] [           main] o.s.b.f.s.DefaultListableBeanFactory     : Returning cached instance of singleton bean 'jacksonObjectMapper'
2024-07-20T12:51:00.244+02:00 TRACE 238666 --- [crud-springboot] [           main] o.s.b.f.s.DefaultListableBeanFactory     : Returning cached instance of singleton bean 'org.springframework.boot.autoconfigure.jackson.JacksonAutoConfiguration$JacksonMixinConfiguration'
2024-07-20T12:51:00.244+02:00 TRACE 238666 --- [crud-springboot] [           main] o.s.b.f.s.DefaultListableBeanFactory     : Returning cached instance of singleton bean 'jsonMixinModuleEntries'
2024-07-20T12:51:00.244+02:00 TRACE 238666 --- [crud-springboot] [           main] o.s.b.f.s.DefaultListableBeanFactory     : Returning cached instance of singleton bean 'jsonMixinModule'
2024-07-20T12:51:00.244+02:00 TRACE 238666 --- [crud-springboot] [           main] o.s.b.f.s.DefaultListableBeanFactory     : Returning cached instance of singleton bean 'org.springframework.boot.autoconfigure.jackson.JacksonAutoConfiguration'
2024-07-20T12:51:00.244+02:00 TRACE 238666 --- [crud-springboot] [           main] o.s.b.f.s.DefaultListableBeanFactory     : Returning cached instance of singleton bean 'jsonComponentModule'
2024-07-20T12:51:00.245+02:00 TRACE 238666 --- [crud-springboot] [           main] o.s.b.f.s.DefaultListableBeanFactory     : Returning cached instance of singleton bean 'org.springframework.boot.autoconfigure.context.ConfigurationPropertiesAutoConfiguration'
2024-07-20T12:51:00.245+02:00 TRACE 238666 --- [crud-springboot] [           main] o.s.b.f.s.DefaultListableBeanFactory     : Returning cached instance of singleton bean 'org.springframework.boot.autoconfigure.context.LifecycleAutoConfiguration'
2024-07-20T12:51:00.245+02:00 TRACE 238666 --- [crud-springboot] [           main] o.s.b.f.s.DefaultListableBeanFactory     : Returning cached instance of singleton bean 'lifecycleProcessor'
2024-07-20T12:51:00.245+02:00 TRACE 238666 --- [crud-springboot] [           main] o.s.b.f.s.DefaultListableBeanFactory     : Returning cached instance of singleton bean 'spring.lifecycle-org.springframework.boot.autoconfigure.context.LifecycleProperties'
2024-07-20T12:51:00.245+02:00 TRACE 238666 --- [crud-springboot] [           main] o.s.b.f.s.DefaultListableBeanFactory     : Returning cached instance of singleton bean 'org.springframework.boot.autoconfigure.dao.PersistenceExceptionTranslationAutoConfiguration'
2024-07-20T12:51:00.245+02:00 TRACE 238666 --- [crud-springboot] [           main] o.s.b.f.s.DefaultListableBeanFactory     : Returning cached instance of singleton bean 'persistenceExceptionTranslationPostProcessor'
2024-07-20T12:51:00.245+02:00 TRACE 238666 --- [crud-springboot] [           main] o.s.b.f.s.DefaultListableBeanFactory     : Returning cached instance of singleton bean 'org.springframework.boot.autoconfigure.data.jpa.JpaRepositoriesAutoConfiguration'
2024-07-20T12:51:00.245+02:00 TRACE 238666 --- [crud-springboot] [           main] o.s.b.f.s.DefaultListableBeanFactory     : Returning cached instance of singleton bean 'jpaSharedEM_entityManagerFactory'
2024-07-20T12:51:00.245+02:00 TRACE 238666 --- [crud-springboot] [           main] o.s.b.f.s.DefaultListableBeanFactory     : Returning cached instance of singleton bean 'emBeanDefinitionRegistrarPostProcessor'
2024-07-20T12:51:00.245+02:00 TRACE 238666 --- [crud-springboot] [           main] o.s.b.f.s.DefaultListableBeanFactory     : Returning cached instance of singleton bean 'jpaMappingContext'
2024-07-20T12:51:00.245+02:00 TRACE 238666 --- [crud-springboot] [           main] o.s.b.f.s.DefaultListableBeanFactory     : Returning cached instance of singleton bean 'jpaMappingContext'
2024-07-20T12:51:00.245+02:00 TRACE 238666 --- [crud-springboot] [           main] o.s.b.f.s.DefaultListableBeanFactory     : Returning cached instance of singleton bean 'org.springframework.data.jpa.util.JpaMetamodelCacheCleanup'
2024-07-20T12:51:00.245+02:00 TRACE 238666 --- [crud-springboot] [           main] o.s.b.f.s.DefaultListableBeanFactory     : Returning cached instance of singleton bean 'org.springframework.data.jpa.repository.support.JpaEvaluationContextExtension'
2024-07-20T12:51:00.245+02:00 TRACE 238666 --- [crud-springboot] [           main] o.s.b.f.s.DefaultListableBeanFactory     : Returning cached instance of singleton bean 'jpa.named-queries#0'
2024-07-20T12:51:00.245+02:00 TRACE 238666 --- [crud-springboot] [           main] o.s.b.f.s.DefaultListableBeanFactory     : Returning cached instance of singleton bean 'jpa.named-queries#0'
2024-07-20T12:51:00.245+02:00 TRACE 238666 --- [crud-springboot] [           main] o.s.b.f.s.DefaultListableBeanFactory     : Returning cached instance of singleton bean 'jpa.PersonRepository.fragments#0'
2024-07-20T12:51:00.245+02:00 TRACE 238666 --- [crud-springboot] [           main] o.s.b.f.s.DefaultListableBeanFactory     : Returning cached instance of singleton bean 'jpa.PersonRepository.fragments#0'
2024-07-20T12:51:00.245+02:00 TRACE 238666 --- [crud-springboot] [           main] o.s.b.f.s.DefaultListableBeanFactory     : Returning cached instance of singleton bean 'personRepository'
2024-07-20T12:51:00.245+02:00 TRACE 238666 --- [crud-springboot] [           main] o.s.b.f.s.DefaultListableBeanFactory     : Returning cached instance of singleton bean 'personRepository'
2024-07-20T12:51:00.245+02:00 TRACE 238666 --- [crud-springboot] [           main] o.s.b.f.s.DefaultListableBeanFactory     : Returning cached instance of singleton bean 'jpa.named-queries#1'
2024-07-20T12:51:00.245+02:00 TRACE 238666 --- [crud-springboot] [           main] o.s.b.f.s.DefaultListableBeanFactory     : Returning cached instance of singleton bean 'jpa.named-queries#1'
2024-07-20T12:51:00.245+02:00 TRACE 238666 --- [crud-springboot] [           main] o.s.b.f.s.DefaultListableBeanFactory     : Returning cached instance of singleton bean 'jpa.UserRepository.fragments#0'
2024-07-20T12:51:00.245+02:00 TRACE 238666 --- [crud-springboot] [           main] o.s.b.f.s.DefaultListableBeanFactory     : Returning cached instance of singleton bean 'jpa.UserRepository.fragments#0'
2024-07-20T12:51:00.245+02:00 TRACE 238666 --- [crud-springboot] [           main] o.s.b.f.s.DefaultListableBeanFactory     : Returning cached instance of singleton bean 'userRepository'
2024-07-20T12:51:00.245+02:00 TRACE 238666 --- [crud-springboot] [           main] o.s.b.f.s.DefaultListableBeanFactory     : Returning cached instance of singleton bean 'userRepository'
2024-07-20T12:51:00.246+02:00 TRACE 238666 --- [crud-springboot] [           main] o.s.b.f.s.DefaultListableBeanFactory     : Returning cached instance of singleton bean 'jpa.named-queries#2'
2024-07-20T12:51:00.246+02:00 TRACE 238666 --- [crud-springboot] [           main] o.s.b.f.s.DefaultListableBeanFactory     : Returning cached instance of singleton bean 'jpa.named-queries#2'
2024-07-20T12:51:00.246+02:00 TRACE 238666 --- [crud-springboot] [           main] o.s.b.f.s.DefaultListableBeanFactory     : Returning cached instance of singleton bean 'jpa.MenuRepository.fragments#0'
2024-07-20T12:51:00.246+02:00 TRACE 238666 --- [crud-springboot] [           main] o.s.b.f.s.DefaultListableBeanFactory     : Returning cached instance of singleton bean 'jpa.MenuRepository.fragments#0'
2024-07-20T12:51:00.246+02:00 TRACE 238666 --- [crud-springboot] [           main] o.s.b.f.s.DefaultListableBeanFactory     : Returning cached instance of singleton bean 'menuRepository'
2024-07-20T12:51:00.246+02:00 TRACE 238666 --- [crud-springboot] [           main] o.s.b.f.s.DefaultListableBeanFactory     : Returning cached instance of singleton bean 'menuRepository'
2024-07-20T12:51:00.246+02:00 TRACE 238666 --- [crud-springboot] [           main] o.s.b.f.s.DefaultListableBeanFactory     : Returning cached instance of singleton bean 'org.springframework.transaction.config.internalTransactionAdvisor'
2024-07-20T12:51:00.246+02:00 TRACE 238666 --- [crud-springboot] [           main] o.s.b.f.s.DefaultListableBeanFactory     : Returning cached instance of singleton bean 'org.springframework.transaction.config.internalTransactionAdvisor'
2024-07-20T12:51:00.246+02:00 TRACE 238666 --- [crud-springboot] [           main] o.s.b.f.s.DefaultListableBeanFactory     : Returning cached instance of singleton bean 'jpa.named-queries#3'
2024-07-20T12:51:00.246+02:00 TRACE 238666 --- [crud-springboot] [           main] o.s.b.f.s.DefaultListableBeanFactory     : Returning cached instance of singleton bean 'jpa.named-queries#3'
2024-07-20T12:51:00.246+02:00 TRACE 238666 --- [crud-springboot] [           main] o.s.b.f.s.DefaultListableBeanFactory     : Returning cached instance of singleton bean 'jpa.AllergenRepository.fragments#0'
2024-07-20T12:51:00.246+02:00 TRACE 238666 --- [crud-springboot] [           main] o.s.b.f.s.DefaultListableBeanFactory     : Returning cached instance of singleton bean 'jpa.AllergenRepository.fragments#0'
2024-07-20T12:51:00.246+02:00 TRACE 238666 --- [crud-springboot] [           main] o.s.b.f.s.DefaultListableBeanFactory     : Returning cached instance of singleton bean 'allergenRepository'
2024-07-20T12:51:00.246+02:00 TRACE 238666 --- [crud-springboot] [           main] o.s.b.f.s.DefaultListableBeanFactory     : Returning cached instance of singleton bean 'allergenRepository'
2024-07-20T12:51:00.247+02:00 TRACE 238666 --- [crud-springboot] [           main] o.s.b.f.s.DefaultListableBeanFactory     : Returning cached instance of singleton bean 'org.springframework.transaction.config.internalTransactionAdvisor'
2024-07-20T12:51:00.247+02:00 TRACE 238666 --- [crud-springboot] [           main] o.s.b.f.s.DefaultListableBeanFactory     : Returning cached instance of singleton bean 'org.springframework.transaction.config.internalTransactionAdvisor'
2024-07-20T12:51:00.247+02:00 TRACE 238666 --- [crud-springboot] [           main] o.s.b.f.s.DefaultListableBeanFactory     : Returning cached instance of singleton bean 'jpa.named-queries#4'
2024-07-20T12:51:00.247+02:00 TRACE 238666 --- [crud-springboot] [           main] o.s.b.f.s.DefaultListableBeanFactory     : Returning cached instance of singleton bean 'jpa.named-queries#4'
2024-07-20T12:51:00.247+02:00 TRACE 238666 --- [crud-springboot] [           main] o.s.b.f.s.DefaultListableBeanFactory     : Returning cached instance of singleton bean 'jpa.IngredientRepository.fragments#0'
2024-07-20T12:51:00.247+02:00 TRACE 238666 --- [crud-springboot] [           main] o.s.b.f.s.DefaultListableBeanFactory     : Returning cached instance of singleton bean 'jpa.IngredientRepository.fragments#0'
2024-07-20T12:51:00.247+02:00 TRACE 238666 --- [crud-springboot] [           main] o.s.b.f.s.DefaultListableBeanFactory     : Returning cached instance of singleton bean 'ingredientRepository'
2024-07-20T12:51:00.247+02:00 TRACE 238666 --- [crud-springboot] [           main] o.s.b.f.s.DefaultListableBeanFactory     : Returning cached instance of singleton bean 'ingredientRepository'
2024-07-20T12:51:00.247+02:00 TRACE 238666 --- [crud-springboot] [           main] o.s.b.f.s.DefaultListableBeanFactory     : Returning cached instance of singleton bean 'org.springframework.transaction.config.internalTransactionAdvisor'
2024-07-20T12:51:00.247+02:00 TRACE 238666 --- [crud-springboot] [           main] o.s.b.f.s.DefaultListableBeanFactory     : Returning cached instance of singleton bean 'org.springframework.transaction.config.internalTransactionAdvisor'
2024-07-20T12:51:00.247+02:00 TRACE 238666 --- [crud-springboot] [           main] o.s.b.f.s.DefaultListableBeanFactory     : Returning cached instance of singleton bean 'jpa.named-queries#5'
2024-07-20T12:51:00.247+02:00 TRACE 238666 --- [crud-springboot] [           main] o.s.b.f.s.DefaultListableBeanFactory     : Returning cached instance of singleton bean 'jpa.named-queries#5'
2024-07-20T12:51:00.247+02:00 TRACE 238666 --- [crud-springboot] [           main] o.s.b.f.s.DefaultListableBeanFactory     : Returning cached instance of singleton bean 'jpa.CardRepository.fragments#0'
2024-07-20T12:51:00.247+02:00 TRACE 238666 --- [crud-springboot] [           main] o.s.b.f.s.DefaultListableBeanFactory     : Returning cached instance of singleton bean 'jpa.CardRepository.fragments#0'
2024-07-20T12:51:00.247+02:00 TRACE 238666 --- [crud-springboot] [           main] o.s.b.f.s.DefaultListableBeanFactory     : Returning cached instance of singleton bean 'cardRepository'
2024-07-20T12:51:00.247+02:00 TRACE 238666 --- [crud-springboot] [           main] o.s.b.f.s.DefaultListableBeanFactory     : Returning cached instance of singleton bean 'cardRepository'
2024-07-20T12:51:00.248+02:00 TRACE 238666 --- [crud-springboot] [           main] o.s.b.f.s.DefaultListableBeanFactory     : Returning cached instance of singleton bean 'jpa.named-queries#6'
2024-07-20T12:51:00.248+02:00 TRACE 238666 --- [crud-springboot] [           main] o.s.b.f.s.DefaultListableBeanFactory     : Returning cached instance of singleton bean 'jpa.named-queries#6'
2024-07-20T12:51:00.248+02:00 TRACE 238666 --- [crud-springboot] [           main] o.s.b.f.s.DefaultListableBeanFactory     : Returning cached instance of singleton bean 'jpa.DishRepository.fragments#0'
2024-07-20T12:51:00.248+02:00 TRACE 238666 --- [crud-springboot] [           main] o.s.b.f.s.DefaultListableBeanFactory     : Returning cached instance of singleton bean 'jpa.DishRepository.fragments#0'
2024-07-20T12:51:00.248+02:00 TRACE 238666 --- [crud-springboot] [           main] o.s.b.f.s.DefaultListableBeanFactory     : Returning cached instance of singleton bean 'dishRepository'
2024-07-20T12:51:00.248+02:00 TRACE 238666 --- [crud-springboot] [           main] o.s.b.f.s.DefaultListableBeanFactory     : Returning cached instance of singleton bean 'dishRepository'
2024-07-20T12:51:00.248+02:00 TRACE 238666 --- [crud-springboot] [           main] o.s.b.f.s.DefaultListableBeanFactory     : Returning cached instance of singleton bean 'org.springframework.transaction.config.internalTransactionAdvisor'
2024-07-20T12:51:00.248+02:00 TRACE 238666 --- [crud-springboot] [           main] o.s.b.f.s.DefaultListableBeanFactory     : Returning cached instance of singleton bean 'org.springframework.transaction.config.internalTransactionAdvisor'
2024-07-20T12:51:00.248+02:00 TRACE 238666 --- [crud-springboot] [           main] o.s.b.f.s.DefaultListableBeanFactory     : Returning cached instance of singleton bean 'data-jpa.repository-aot-processor#0'
2024-07-20T12:51:00.248+02:00 TRACE 238666 --- [crud-springboot] [           main] o.s.b.f.s.DefaultListableBeanFactory     : Returning cached instance of singleton bean 'org.springframework.boot.autoconfigure.http.HttpMessageConvertersAutoConfiguration$StringHttpMessageConverterConfiguration'
2024-07-20T12:51:00.248+02:00 TRACE 238666 --- [crud-springboot] [           main] o.s.b.f.s.DefaultListableBeanFactory     : Returning cached instance of singleton bean 'stringHttpMessageConverter'
2024-07-20T12:51:00.248+02:00 TRACE 238666 --- [crud-springboot] [           main] o.s.b.f.s.DefaultListableBeanFactory     : Returning cached instance of singleton bean 'org.springframework.boot.autoconfigure.http.JacksonHttpMessageConvertersConfiguration$MappingJackson2HttpMessageConverterConfiguration'
2024-07-20T12:51:00.248+02:00 TRACE 238666 --- [crud-springboot] [           main] o.s.b.f.s.DefaultListableBeanFactory     : Returning cached instance of singleton bean 'mappingJackson2HttpMessageConverter'
2024-07-20T12:51:00.248+02:00 TRACE 238666 --- [crud-springboot] [           main] o.s.b.f.s.DefaultListableBeanFactory     : Returning cached instance of singleton bean 'org.springframework.boot.autoconfigure.http.JacksonHttpMessageConvertersConfiguration'
2024-07-20T12:51:00.248+02:00 TRACE 238666 --- [crud-springboot] [           main] o.s.b.f.s.DefaultListableBeanFactory     : Returning cached instance of singleton bean 'org.springframework.boot.autoconfigure.http.HttpMessageConvertersAutoConfiguration'
2024-07-20T12:51:00.248+02:00 TRACE 238666 --- [crud-springboot] [           main] o.s.b.f.s.DefaultListableBeanFactory     : Returning cached instance of singleton bean 'messageConverters'
2024-07-20T12:51:00.248+02:00 TRACE 238666 --- [crud-springboot] [           main] o.s.b.f.s.DefaultListableBeanFactory     : Returning cached instance of singleton bean 'org.springframework.data.web.config.ProjectingArgumentResolverRegistrar'
2024-07-20T12:51:00.248+02:00 TRACE 238666 --- [crud-springboot] [           main] o.s.b.f.s.DefaultListableBeanFactory     : Returning cached instance of singleton bean 'projectingArgumentResolverBeanPostProcessor'
2024-07-20T12:51:00.248+02:00 TRACE 238666 --- [crud-springboot] [           main] o.s.b.f.s.DefaultListableBeanFactory     : Returning cached instance of singleton bean 'org.springframework.data.web.config.SpringDataWebConfiguration'
2024-07-20T12:51:00.248+02:00 TRACE 238666 --- [crud-springboot] [           main] o.s.b.f.s.DefaultListableBeanFactory     : Returning cached instance of singleton bean 'pageableResolver'
2024-07-20T12:51:00.248+02:00 TRACE 238666 --- [crud-springboot] [           main] o.s.b.f.s.DefaultListableBeanFactory     : Returning cached instance of singleton bean 'sortResolver'
2024-07-20T12:51:00.248+02:00 TRACE 238666 --- [crud-springboot] [           main] o.s.b.f.s.DefaultListableBeanFactory     : Returning cached instance of singleton bean 'offsetResolver'
2024-07-20T12:51:00.248+02:00 TRACE 238666 --- [crud-springboot] [           main] o.s.b.f.s.DefaultListableBeanFactory     : Returning cached instance of singleton bean 'org.springframework.data.web.config.SpringDataJacksonConfiguration'
2024-07-20T12:51:00.248+02:00 TRACE 238666 --- [crud-springboot] [           main] o.s.b.f.s.DefaultListableBeanFactory     : Returning cached instance of singleton bean 'jacksonGeoModule'
2024-07-20T12:51:00.248+02:00 TRACE 238666 --- [crud-springboot] [           main] o.s.b.f.s.DefaultListableBeanFactory     : Returning cached instance of singleton bean 'pageModule'
2024-07-20T12:51:00.248+02:00 TRACE 238666 --- [crud-springboot] [           main] o.s.b.f.s.DefaultListableBeanFactory     : Returning cached instance of singleton bean 'org.springframework.boot.autoconfigure.data.web.SpringDataWebAutoConfiguration'
2024-07-20T12:51:00.248+02:00 TRACE 238666 --- [crud-springboot] [           main] o.s.b.f.s.DefaultListableBeanFactory     : Returning cached instance of singleton bean 'pageableCustomizer'
2024-07-20T12:51:00.248+02:00 TRACE 238666 --- [crud-springboot] [           main] o.s.b.f.s.DefaultListableBeanFactory     : Returning cached instance of singleton bean 'sortCustomizer'
2024-07-20T12:51:00.248+02:00 TRACE 238666 --- [crud-springboot] [           main] o.s.b.f.s.DefaultListableBeanFactory     : Returning cached instance of singleton bean 'spring.data.web-org.springframework.boot.autoconfigure.data.web.SpringDataWebProperties'
2024-07-20T12:51:00.248+02:00 TRACE 238666 --- [crud-springboot] [           main] o.s.b.f.s.DefaultListableBeanFactory     : Returning cached instance of singleton bean 'org.springframework.boot.autoconfigure.info.ProjectInfoAutoConfiguration'
2024-07-20T12:51:00.249+02:00 TRACE 238666 --- [crud-springboot] [           main] o.s.b.f.s.DefaultListableBeanFactory     : Returning cached instance of singleton bean 'spring.info-org.springframework.boot.autoconfigure.info.ProjectInfoProperties'
2024-07-20T12:51:00.249+02:00 TRACE 238666 --- [crud-springboot] [           main] o.s.b.f.s.DefaultListableBeanFactory     : Returning cached instance of singleton bean 'org.springframework.boot.autoconfigure.jdbc.JdbcTemplateConfiguration'
2024-07-20T12:51:00.249+02:00 TRACE 238666 --- [crud-springboot] [           main] o.s.b.f.s.DefaultListableBeanFactory     : Returning cached instance of singleton bean 'jdbcTemplate'
2024-07-20T12:51:00.249+02:00 TRACE 238666 --- [crud-springboot] [           main] o.s.b.f.s.DefaultListableBeanFactory     : Returning cached instance of singleton bean 'org.springframework.boot.autoconfigure.jdbc.NamedParameterJdbcTemplateConfiguration'
2024-07-20T12:51:00.249+02:00 TRACE 238666 --- [crud-springboot] [           main] o.s.b.f.s.DefaultListableBeanFactory     : Returning cached instance of singleton bean 'namedParameterJdbcTemplate'
2024-07-20T12:51:00.249+02:00 TRACE 238666 --- [crud-springboot] [           main] o.s.b.f.s.DefaultListableBeanFactory     : Returning cached instance of singleton bean 'org.springframework.boot.autoconfigure.jdbc.JdbcTemplateAutoConfiguration'
2024-07-20T12:51:00.249+02:00 TRACE 238666 --- [crud-springboot] [           main] o.s.b.f.s.DefaultListableBeanFactory     : Returning cached instance of singleton bean 'spring.jdbc-org.springframework.boot.autoconfigure.jdbc.JdbcProperties'
2024-07-20T12:51:00.249+02:00 TRACE 238666 --- [crud-springboot] [           main] o.s.b.f.s.DefaultListableBeanFactory     : Returning cached instance of singleton bean 'org.springframework.boot.sql.init.dependency.DatabaseInitializationDependencyConfigurer$DependsOnDatabaseInitializationPostProcessor'
2024-07-20T12:51:00.249+02:00 TRACE 238666 --- [crud-springboot] [           main] o.s.b.f.s.DefaultListableBeanFactory     : Returning cached instance of singleton bean 'org.springframework.boot.autoconfigure.jdbc.JdbcClientAutoConfiguration'
2024-07-20T12:51:00.249+02:00 TRACE 238666 --- [crud-springboot] [           main] o.s.b.f.s.DefaultListableBeanFactory     : Returning cached instance of singleton bean 'jdbcClient'
2024-07-20T12:51:00.249+02:00 TRACE 238666 --- [crud-springboot] [           main] o.s.b.f.s.DefaultListableBeanFactory     : Returning cached instance of singleton bean 'org.springframework.boot.autoconfigure.security.servlet.SpringBootWebSecurityConfiguration'
2024-07-20T12:51:00.249+02:00 TRACE 238666 --- [crud-springboot] [           main] o.s.b.f.s.DefaultListableBeanFactory     : Returning cached instance of singleton bean 'org.springframework.boot.autoconfigure.security.servlet.SecurityAutoConfiguration'
2024-07-20T12:51:00.249+02:00 TRACE 238666 --- [crud-springboot] [           main] o.s.b.f.s.DefaultListableBeanFactory     : Returning cached instance of singleton bean 'authenticationEventPublisher'
2024-07-20T12:51:00.249+02:00 TRACE 238666 --- [crud-springboot] [           main] o.s.b.f.s.DefaultListableBeanFactory     : Returning cached instance of singleton bean 'spring.security-org.springframework.boot.autoconfigure.security.SecurityProperties'
2024-07-20T12:51:00.249+02:00 TRACE 238666 --- [crud-springboot] [           main] o.s.b.f.s.DefaultListableBeanFactory     : Returning cached instance of singleton bean 'org.springframework.boot.autoconfigure.security.servlet.SecurityFilterAutoConfiguration'
2024-07-20T12:51:00.249+02:00 TRACE 238666 --- [crud-springboot] [           main] o.s.b.f.s.DefaultListableBeanFactory     : Returning cached instance of singleton bean 'securityFilterChainRegistration'
2024-07-20T12:51:00.249+02:00 TRACE 238666 --- [crud-springboot] [           main] o.s.b.f.s.DefaultListableBeanFactory     : Returning cached instance of singleton bean 'org.springframework.boot.autoconfigure.sql.init.DataSourceInitializationConfiguration'
2024-07-20T12:51:00.249+02:00 TRACE 238666 --- [crud-springboot] [           main] o.s.b.f.s.DefaultListableBeanFactory     : Returning cached instance of singleton bean 'dataSourceScriptDatabaseInitializer'
2024-07-20T12:51:00.249+02:00 TRACE 238666 --- [crud-springboot] [           main] o.s.b.f.s.DefaultListableBeanFactory     : Returning cached instance of singleton bean 'org.springframework.boot.autoconfigure.sql.init.SqlInitializationAutoConfiguration'
2024-07-20T12:51:00.249+02:00 TRACE 238666 --- [crud-springboot] [           main] o.s.b.f.s.DefaultListableBeanFactory     : Returning cached instance of singleton bean 'spring.sql.init-org.springframework.boot.autoconfigure.sql.init.SqlInitializationProperties'
2024-07-20T12:51:00.249+02:00 TRACE 238666 --- [crud-springboot] [           main] o.s.b.f.s.DefaultListableBeanFactory     : Returning cached instance of singleton bean 'org.springframework.boot.autoconfigure.task.TaskSchedulingConfigurations$ThreadPoolTaskSchedulerBuilderConfiguration'
2024-07-20T12:51:00.249+02:00 TRACE 238666 --- [crud-springboot] [           main] o.s.b.f.s.DefaultListableBeanFactory     : Returning cached instance of singleton bean 'threadPoolTaskSchedulerBuilder'
2024-07-20T12:51:00.249+02:00 TRACE 238666 --- [crud-springboot] [           main] o.s.b.f.s.DefaultListableBeanFactory     : Returning cached instance of singleton bean 'org.springframework.boot.autoconfigure.task.TaskSchedulingConfigurations$TaskSchedulerBuilderConfiguration'
2024-07-20T12:51:00.249+02:00 TRACE 238666 --- [crud-springboot] [           main] o.s.b.f.s.DefaultListableBeanFactory     : Returning cached instance of singleton bean 'taskSchedulerBuilder'
2024-07-20T12:51:00.249+02:00 TRACE 238666 --- [crud-springboot] [           main] o.s.b.f.s.DefaultListableBeanFactory     : Returning cached instance of singleton bean 'org.springframework.boot.autoconfigure.task.TaskSchedulingConfigurations$SimpleAsyncTaskSchedulerBuilderConfiguration'
2024-07-20T12:51:00.250+02:00 TRACE 238666 --- [crud-springboot] [           main] o.s.b.f.s.DefaultListableBeanFactory     : Returning cached instance of singleton bean 'simpleAsyncTaskSchedulerBuilder'
2024-07-20T12:51:00.250+02:00 TRACE 238666 --- [crud-springboot] [           main] o.s.b.f.s.DefaultListableBeanFactory     : Returning cached instance of singleton bean 'org.springframework.boot.autoconfigure.task.TaskSchedulingAutoConfiguration'
2024-07-20T12:51:00.250+02:00 TRACE 238666 --- [crud-springboot] [           main] o.s.b.f.s.DefaultListableBeanFactory     : Returning cached instance of singleton bean 'spring.task.scheduling-org.springframework.boot.autoconfigure.task.TaskSchedulingProperties'
2024-07-20T12:51:00.250+02:00 TRACE 238666 --- [crud-springboot] [           main] o.s.b.f.s.DefaultListableBeanFactory     : Returning cached instance of singleton bean 'org.springframework.boot.autoconfigure.thymeleaf.ThymeleafAutoConfiguration$ThymeleafWebMvcConfiguration$ThymeleafViewResolverConfiguration'
2024-07-20T12:51:00.250+02:00 TRACE 238666 --- [crud-springboot] [           main] o.s.b.f.s.DefaultListableBeanFactory     : Returning cached instance of singleton bean 'thymeleafViewResolver'
2024-07-20T12:51:00.250+02:00 TRACE 238666 --- [crud-springboot] [           main] o.s.b.f.s.DefaultListableBeanFactory     : Returning cached instance of singleton bean 'org.springframework.boot.autoconfigure.thymeleaf.ThymeleafAutoConfiguration$ThymeleafWebMvcConfiguration'
2024-07-20T12:51:00.250+02:00 TRACE 238666 --- [crud-springboot] [           main] o.s.b.f.s.DefaultListableBeanFactory     : Returning cached instance of singleton bean 'org.springframework.boot.autoconfigure.thymeleaf.ThymeleafAutoConfiguration$DefaultTemplateResolverConfiguration'
2024-07-20T12:51:00.250+02:00 TRACE 238666 --- [crud-springboot] [           main] o.s.b.f.s.DefaultListableBeanFactory     : Returning cached instance of singleton bean 'defaultTemplateResolver'
2024-07-20T12:51:00.250+02:00 TRACE 238666 --- [crud-springboot] [           main] o.s.b.f.s.DefaultListableBeanFactory     : Returning cached instance of singleton bean 'org.springframework.boot.autoconfigure.thymeleaf.TemplateEngineConfigurations$DefaultTemplateEngineConfiguration'
2024-07-20T12:51:00.250+02:00 TRACE 238666 --- [crud-springboot] [           main] o.s.b.f.s.DefaultListableBeanFactory     : Returning cached instance of singleton bean 'templateEngine'
2024-07-20T12:51:00.250+02:00 TRACE 238666 --- [crud-springboot] [           main] o.s.b.f.s.DefaultListableBeanFactory     : Returning cached instance of singleton bean 'org.springframework.boot.autoconfigure.thymeleaf.ThymeleafAutoConfiguration'
2024-07-20T12:51:00.250+02:00 TRACE 238666 --- [crud-springboot] [           main] o.s.b.f.s.DefaultListableBeanFactory     : Returning cached instance of singleton bean 'spring.thymeleaf-org.springframework.boot.autoconfigure.thymeleaf.ThymeleafProperties'
2024-07-20T12:51:00.250+02:00 TRACE 238666 --- [crud-springboot] [           main] o.s.b.f.s.DefaultListableBeanFactory     : Returning cached instance of singleton bean 'org.springframework.boot.autoconfigure.jdbc.DataSourceTransactionManagerAutoConfiguration$JdbcTransactionManagerConfiguration'
2024-07-20T12:51:00.250+02:00 TRACE 238666 --- [crud-springboot] [           main] o.s.b.f.s.DefaultListableBeanFactory     : Returning cached instance of singleton bean 'org.springframework.boot.autoconfigure.jdbc.DataSourceTransactionManagerAutoConfiguration'
2024-07-20T12:51:00.250+02:00 TRACE 238666 --- [crud-springboot] [           main] o.s.b.f.s.DefaultListableBeanFactory     : Returning cached instance of singleton bean 'org.springframework.transaction.annotation.ProxyTransactionManagementConfiguration'
2024-07-20T12:51:00.250+02:00 TRACE 238666 --- [crud-springboot] [           main] o.s.b.f.s.DefaultListableBeanFactory     : Returning cached instance of singleton bean 'org.springframework.transaction.config.internalTransactionAdvisor'
2024-07-20T12:51:00.251+02:00 TRACE 238666 --- [crud-springboot] [           main] o.s.b.f.s.DefaultListableBeanFactory     : Returning cached instance of singleton bean 'transactionAttributeSource'
2024-07-20T12:51:00.251+02:00 TRACE 238666 --- [crud-springboot] [           main] o.s.b.f.s.DefaultListableBeanFactory     : Returning cached instance of singleton bean 'transactionInterceptor'
2024-07-20T12:51:00.251+02:00 TRACE 238666 --- [crud-springboot] [           main] o.s.b.f.s.DefaultListableBeanFactory     : Returning cached instance of singleton bean 'org.springframework.transaction.config.internalTransactionalEventListenerFactory'
2024-07-20T12:51:00.251+02:00 TRACE 238666 --- [crud-springboot] [           main] o.s.b.f.s.DefaultListableBeanFactory     : Returning cached instance of singleton bean 'org.springframework.boot.autoconfigure.transaction.TransactionAutoConfiguration$EnableTransactionManagementConfiguration$CglibAutoProxyConfiguration'
2024-07-20T12:51:00.251+02:00 TRACE 238666 --- [crud-springboot] [           main] o.s.b.f.s.DefaultListableBeanFactory     : Returning cached instance of singleton bean 'org.springframework.boot.autoconfigure.transaction.TransactionAutoConfiguration$EnableTransactionManagementConfiguration'
2024-07-20T12:51:00.251+02:00 TRACE 238666 --- [crud-springboot] [           main] o.s.b.f.s.DefaultListableBeanFactory     : Returning cached instance of singleton bean 'org.springframework.boot.autoconfigure.transaction.TransactionAutoConfiguration$TransactionTemplateConfiguration'
2024-07-20T12:51:00.251+02:00 TRACE 238666 --- [crud-springboot] [           main] o.s.b.f.s.DefaultListableBeanFactory     : Returning cached instance of singleton bean 'transactionTemplate'
2024-07-20T12:51:00.251+02:00 TRACE 238666 --- [crud-springboot] [           main] o.s.b.f.s.DefaultListableBeanFactory     : Returning cached instance of singleton bean 'org.springframework.boot.autoconfigure.transaction.TransactionAutoConfiguration'
2024-07-20T12:51:00.251+02:00 TRACE 238666 --- [crud-springboot] [           main] o.s.b.f.s.DefaultListableBeanFactory     : Returning cached instance of singleton bean 'org.springframework.boot.autoconfigure.web.client.RestClientAutoConfiguration'
2024-07-20T12:51:00.251+02:00 TRACE 238666 --- [crud-springboot] [           main] o.s.b.f.s.DefaultListableBeanFactory     : Returning cached instance of singleton bean 'httpMessageConvertersRestClientCustomizer'
2024-07-20T12:51:00.251+02:00 TRACE 238666 --- [crud-springboot] [           main] o.s.b.f.s.DefaultListableBeanFactory     : Returning cached instance of singleton bean 'restClientSsl'
2024-07-20T12:51:00.251+02:00 TRACE 238666 --- [crud-springboot] [           main] o.s.b.f.s.DefaultListableBeanFactory     : Returning cached instance of singleton bean 'restClientBuilderConfigurer'
2024-07-20T12:51:00.251+02:00 TRACE 238666 --- [crud-springboot] [           main] o.s.b.f.s.DefaultListableBeanFactory     : Returning cached instance of singleton bean 'org.springframework.boot.autoconfigure.web.client.RestTemplateAutoConfiguration'
2024-07-20T12:51:00.251+02:00 TRACE 238666 --- [crud-springboot] [           main] o.s.b.f.s.DefaultListableBeanFactory     : Returning cached instance of singleton bean 'org.springframework.boot.autoconfigure.web.servlet.HttpEncodingAutoConfiguration'
2024-07-20T12:51:00.251+02:00 TRACE 238666 --- [crud-springboot] [           main] o.s.b.f.s.DefaultListableBeanFactory     : Returning cached instance of singleton bean 'characterEncodingFilter'
2024-07-20T12:51:00.251+02:00 TRACE 238666 --- [crud-springboot] [           main] o.s.b.f.s.DefaultListableBeanFactory     : Returning cached instance of singleton bean 'localeCharsetMappingsCustomizer'
2024-07-20T12:51:00.251+02:00 TRACE 238666 --- [crud-springboot] [           main] o.s.b.f.s.DefaultListableBeanFactory     : Returning cached instance of singleton bean 'org.springframework.boot.autoconfigure.web.servlet.MultipartAutoConfiguration'
2024-07-20T12:51:00.251+02:00 TRACE 238666 --- [crud-springboot] [           main] o.s.b.f.s.DefaultListableBeanFactory     : Returning cached instance of singleton bean 'multipartConfigElement'
2024-07-20T12:51:00.251+02:00 TRACE 238666 --- [crud-springboot] [           main] o.s.b.f.s.DefaultListableBeanFactory     : Returning cached instance of singleton bean 'multipartResolver'
2024-07-20T12:51:00.251+02:00 TRACE 238666 --- [crud-springboot] [           main] o.s.b.f.s.DefaultListableBeanFactory     : Returning cached instance of singleton bean 'spring.servlet.multipart-org.springframework.boot.autoconfigure.web.servlet.MultipartProperties'
2024-07-20T12:51:00.251+02:00 TRACE 238666 --- [crud-springboot] [           main] o.s.b.f.s.DefaultListableBeanFactory     : Returning cached instance of singleton bean 'mvcHandlerMappingIntrospectorRequestTransformer'
2024-07-20T12:51:00.252+02:00 TRACE 238666 --- [crud-springboot] [           main] o.s.b.f.s.DefaultListableBeanFactory     : Returning cached instance of singleton bean 'springSecurityFilterChain'
2024-07-20T12:51:00.252+02:00 TRACE 238666 --- [crud-springboot] [           main] o.s.b.f.s.DefaultListableBeanFactory     : Returning cached instance of singleton bean 'org.springframework.boot.test.mock.mockito.MockitoBeans'
2024-07-20T12:51:00.254+02:00 TRACE 238666 --- [crud-springboot] [           main] o.s.test.context.TestContextManager      : beforeTestExecution(): instance [com.cwa.crudspringboot.CrudSpringbootApplicationTests@4fb3c670], method [void com.cwa.crudspringboot.CrudSpringbootApplicationTests.contextLoads()]
2024-07-20T12:51:00.255+02:00 TRACE 238666 --- [crud-springboot] [           main] c.DefaultCacheAwareContextLoaderDelegate : Retrieved ApplicationContext [1593368350] from cache with key [WebMergedContextConfiguration@2d18d9ed testClass = com.cwa.crudspringboot.CrudSpringbootApplicationTests, locations = [], classes = [com.cwa.crudspringboot.CrudSpringbootApplication], contextInitializerClasses = [], activeProfiles = [], propertySourceDescriptors = [], propertySourceProperties = ["org.springframework.boot.test.context.SpringBootTestContextBootstrapper=true"], contextCustomizers = [org.springframework.boot.test.context.filter.ExcludeFilterContextCustomizer@3a7442c7, org.springframework.boot.test.json.DuplicateJsonObjectContextCustomizerFactory$DuplicateJsonObjectContextCustomizer@cb0755b, org.springframework.boot.test.mock.mockito.MockitoContextCustomizer@0, org.springframework.boot.test.web.client.TestRestTemplateContextCustomizer@18271936, org.springframework.boot.test.autoconfigure.actuate.observability.ObservabilityContextCustomizerFactory$DisableObservabilityContextCustomizer@1f, org.springframework.boot.test.autoconfigure.properties.PropertyMappingContextCustomizer@0, org.springframework.boot.test.autoconfigure.web.servlet.WebDriverContextCustomizer@24569dba, org.springframework.boot.test.context.SpringBootTestAnnotation@d144f97a], resourceBasePath = "src/main/webapp", contextLoader = org.springframework.boot.test.context.SpringBootContextLoader, parent = null]
2024-07-20T12:51:00.255+02:00 DEBUG 238666 --- [crud-springboot] [           main] org.springframework.test.context.cache   : Spring test ApplicationContext cache statistics: [DefaultContextCache@7c9b0c16 size = 1, maxSize = 32, parentContextCount = 0, hitCount = 5, missCount = 1, failureCount = 0]
2024-07-20T12:51:00.256+02:00 TRACE 238666 --- [crud-springboot] [           main] o.s.b.f.s.DefaultListableBeanFactory     : Returning cached instance of singleton bean 'delegatingApplicationListener'
2024-07-20T12:51:00.264+02:00 TRACE 238666 --- [crud-springboot] [           main] o.s.test.context.TestContextManager      : afterTestExecution(): instance [com.cwa.crudspringboot.CrudSpringbootApplicationTests@4fb3c670], method [void com.cwa.crudspringboot.CrudSpringbootApplicationTests.contextLoads()], exception [null]
2024-07-20T12:51:00.265+02:00 TRACE 238666 --- [crud-springboot] [           main] c.DefaultCacheAwareContextLoaderDelegate : Retrieved ApplicationContext [1593368350] from cache with key [WebMergedContextConfiguration@2d18d9ed testClass = com.cwa.crudspringboot.CrudSpringbootApplicationTests, locations = [], classes = [com.cwa.crudspringboot.CrudSpringbootApplication], contextInitializerClasses = [], activeProfiles = [], propertySourceDescriptors = [], propertySourceProperties = ["org.springframework.boot.test.context.SpringBootTestContextBootstrapper=true"], contextCustomizers = [org.springframework.boot.test.context.filter.ExcludeFilterContextCustomizer@3a7442c7, org.springframework.boot.test.json.DuplicateJsonObjectContextCustomizerFactory$DuplicateJsonObjectContextCustomizer@cb0755b, org.springframework.boot.test.mock.mockito.MockitoContextCustomizer@0, org.springframework.boot.test.web.client.TestRestTemplateContextCustomizer@18271936, org.springframework.boot.test.autoconfigure.actuate.observability.ObservabilityContextCustomizerFactory$DisableObservabilityContextCustomizer@1f, org.springframework.boot.test.autoconfigure.properties.PropertyMappingContextCustomizer@0, org.springframework.boot.test.autoconfigure.web.servlet.WebDriverContextCustomizer@24569dba, org.springframework.boot.test.context.SpringBootTestAnnotation@d144f97a], resourceBasePath = "src/main/webapp", contextLoader = org.springframework.boot.test.context.SpringBootContextLoader, parent = null]
2024-07-20T12:51:00.265+02:00 DEBUG 238666 --- [crud-springboot] [           main] org.springframework.test.context.cache   : Spring test ApplicationContext cache statistics: [DefaultContextCache@7c9b0c16 size = 1, maxSize = 32, parentContextCount = 0, hitCount = 6, missCount = 1, failureCount = 0]
2024-07-20T12:51:00.265+02:00 TRACE 238666 --- [crud-springboot] [           main] o.s.b.f.s.DefaultListableBeanFactory     : Returning cached instance of singleton bean 'delegatingApplicationListener'
2024-07-20T12:51:00.266+02:00 TRACE 238666 --- [crud-springboot] [           main] o.s.test.context.TestContextManager      : afterTestMethod(): instance [com.cwa.crudspringboot.CrudSpringbootApplicationTests@4fb3c670], method [void com.cwa.crudspringboot.CrudSpringbootApplicationTests.contextLoads()], exception [null]
2024-07-20T12:51:00.267+02:00 TRACE 238666 --- [crud-springboot] [           main] c.DefaultCacheAwareContextLoaderDelegate : Retrieved ApplicationContext [1593368350] from cache with key [WebMergedContextConfiguration@2d18d9ed testClass = com.cwa.crudspringboot.CrudSpringbootApplicationTests, locations = [], classes = [com.cwa.crudspringboot.CrudSpringbootApplication], contextInitializerClasses = [], activeProfiles = [], propertySourceDescriptors = [], propertySourceProperties = ["org.springframework.boot.test.context.SpringBootTestContextBootstrapper=true"], contextCustomizers = [org.springframework.boot.test.context.filter.ExcludeFilterContextCustomizer@3a7442c7, org.springframework.boot.test.json.DuplicateJsonObjectContextCustomizerFactory$DuplicateJsonObjectContextCustomizer@cb0755b, org.springframework.boot.test.mock.mockito.MockitoContextCustomizer@0, org.springframework.boot.test.web.client.TestRestTemplateContextCustomizer@18271936, org.springframework.boot.test.autoconfigure.actuate.observability.ObservabilityContextCustomizerFactory$DisableObservabilityContextCustomizer@1f, org.springframework.boot.test.autoconfigure.properties.PropertyMappingContextCustomizer@0, org.springframework.boot.test.autoconfigure.web.servlet.WebDriverContextCustomizer@24569dba, org.springframework.boot.test.context.SpringBootTestAnnotation@d144f97a], resourceBasePath = "src/main/webapp", contextLoader = org.springframework.boot.test.context.SpringBootContextLoader, parent = null]
2024-07-20T12:51:00.267+02:00 DEBUG 238666 --- [crud-springboot] [           main] org.springframework.test.context.cache   : Spring test ApplicationContext cache statistics: [DefaultContextCache@7c9b0c16 size = 1, maxSize = 32, parentContextCount = 0, hitCount = 7, missCount = 1, failureCount = 0]
2024-07-20T12:51:00.267+02:00 TRACE 238666 --- [crud-springboot] [           main] c.DefaultCacheAwareContextLoaderDelegate : Retrieved ApplicationContext [1593368350] from cache with key [WebMergedContextConfiguration@2d18d9ed testClass = com.cwa.crudspringboot.CrudSpringbootApplicationTests, locations = [], classes = [com.cwa.crudspringboot.CrudSpringbootApplication], contextInitializerClasses = [], activeProfiles = [], propertySourceDescriptors = [], propertySourceProperties = ["org.springframework.boot.test.context.SpringBootTestContextBootstrapper=true"], contextCustomizers = [org.springframework.boot.test.context.filter.ExcludeFilterContextCustomizer@3a7442c7, org.springframework.boot.test.json.DuplicateJsonObjectContextCustomizerFactory$DuplicateJsonObjectContextCustomizer@cb0755b, org.springframework.boot.test.mock.mockito.MockitoContextCustomizer@0, org.springframework.boot.test.web.client.TestRestTemplateContextCustomizer@18271936, org.springframework.boot.test.autoconfigure.actuate.observability.ObservabilityContextCustomizerFactory$DisableObservabilityContextCustomizer@1f, org.springframework.boot.test.autoconfigure.properties.PropertyMappingContextCustomizer@0, org.springframework.boot.test.autoconfigure.web.servlet.WebDriverContextCustomizer@24569dba, org.springframework.boot.test.context.SpringBootTestAnnotation@d144f97a], resourceBasePath = "src/main/webapp", contextLoader = org.springframework.boot.test.context.SpringBootContextLoader, parent = null]
2024-07-20T12:51:00.267+02:00 DEBUG 238666 --- [crud-springboot] [           main] org.springframework.test.context.cache   : Spring test ApplicationContext cache statistics: [DefaultContextCache@7c9b0c16 size = 1, maxSize = 32, parentContextCount = 0, hitCount = 8, missCount = 1, failureCount = 0]
2024-07-20T12:51:00.268+02:00 TRACE 238666 --- [crud-springboot] [           main] o.s.b.f.s.DefaultListableBeanFactory     : No bean named 'org.springframework.boot.test.autoconfigure.web.servlet.SpringBootMockMvcBuilderCustomizer$DeferredLinesWriter' found in org.springframework.beans.factory.support.DefaultListableBeanFactory@6f330eb9: defining beans [org.springframework.boot.test.mock.mockito.MockitoPostProcessor$SpyPostProcessor,org.springframework.boot.test.mock.mockito.MockitoPostProcessor,org.springframework.context.annotation.internalConfigurationAnnotationProcessor,org.springframework.context.annotation.internalAutowiredAnnotationProcessor,org.springframework.context.annotation.internalCommonAnnotationProcessor,org.springframework.context.annotation.internalPersistenceAnnotationProcessor,org.springframework.context.event.internalEventListenerProcessor,org.springframework.context.event.internalEventListenerFactory,crudSpringbootApplication,org.springframework.boot.autoconfigure.internalCachingMetadataReaderFactory,jwtUtils,securityConfig,apiResponse,authController,loginRequest,personController,registerRequest,webController,jwtFilter,cardService,customUserDetailsService,org.springframework.security.config.annotation.configuration.ObjectPostProcessorConfiguration,objectPostProcessor,org.springframework.security.config.annotation.authentication.configuration.AuthenticationConfiguration,authenticationManagerBuilder,enableGlobalAuthenticationAutowiredConfigurer,initializeUserDetailsBeanManagerConfigurer,initializeAuthenticationProviderBeanManagerConfigurer,org.springframework.security.config.annotation.web.configuration.WebSecurityConfiguration,delegatingApplicationListener,webSecurityExpressionHandler,privilegeEvaluator,conversionServicePostProcessor,org.springframework.security.config.annotation.web.configuration.WebMvcSecurityConfiguration,requestDataValueProcessor,springSecurityHandlerMappingIntrospectorBeanDefinitionRegistryPostProcessor,org.springframework.security.config.annotation.web.configuration.HttpSecurityConfiguration,org.springframework.security.config.annotation.web.configuration.HttpSecurityConfiguration.httpSecurity,passwordEncoder,authenticationManager,securityFilterChain,org.springframework.boot.autoconfigure.AutoConfigurationPackages,org.springframework.boot.autoconfigure.context.PropertyPlaceholderAutoConfiguration,propertySourcesPlaceholderConfigurer,org.springframework.boot.autoconfigure.ssl.SslAutoConfiguration,fileWatcher,sslPropertiesSslBundleRegistrar,sslBundleRegistry,org.springframework.boot.context.properties.ConfigurationPropertiesBindingPostProcessor,org.springframework.boot.context.internalConfigurationPropertiesBinder,org.springframework.boot.context.properties.BoundConfigurationProperties,org.springframework.boot.context.properties.EnableConfigurationPropertiesRegistrar.methodValidationExcludeFilter,spring.ssl-org.springframework.boot.autoconfigure.ssl.SslProperties,org.springframework.boot.autoconfigure.websocket.servlet.WebSocketServletAutoConfiguration$TomcatWebSocketConfiguration,websocketServletWebServerCustomizer,org.springframework.boot.autoconfigure.websocket.servlet.WebSocketServletAutoConfiguration,org.springframework.boot.autoconfigure.web.servlet.ServletWebServerFactoryConfiguration$EmbeddedTomcat,tomcatServletWebServerFactory,org.springframework.boot.autoconfigure.web.servlet.ServletWebServerFactoryAutoConfiguration,servletWebServerFactoryCustomizer,tomcatServletWebServerFactoryCustomizer,server-org.springframework.boot.autoconfigure.web.ServerProperties,webServerFactoryCustomizerBeanPostProcessor,errorPageRegistrarBeanPostProcessor,org.springframework.boot.autoconfigure.web.servlet.DispatcherServletAutoConfiguration$DispatcherServletConfiguration,dispatcherServlet,spring.mvc-org.springframework.boot.autoconfigure.web.servlet.WebMvcProperties,org.springframework.boot.autoconfigure.web.servlet.DispatcherServletAutoConfiguration$DispatcherServletRegistrationConfiguration,dispatcherServletRegistration,org.springframework.boot.autoconfigure.web.servlet.DispatcherServletAutoConfiguration,org.springframework.boot.autoconfigure.task.TaskExecutorConfigurations$ThreadPoolTaskExecutorBuilderConfiguration,threadPoolTaskExecutorBuilder,org.springframework.boot.autoconfigure.task.TaskExecutorConfigurations$TaskExecutorBuilderConfiguration,taskExecutorBuilder,org.springframework.boot.autoconfigure.task.TaskExecutorConfigurations$SimpleAsyncTaskExecutorBuilderConfiguration,simpleAsyncTaskExecutorBuilder,org.springframework.boot.autoconfigure.task.TaskExecutorConfigurations$TaskExecutorConfiguration,applicationTaskExecutor,org.springframework.boot.autoconfigure.task.TaskExecutionAutoConfiguration,spring.task.execution-org.springframework.boot.autoconfigure.task.TaskExecutionProperties,org.springframework.boot.autoconfigure.web.servlet.error.ErrorMvcAutoConfiguration$WhitelabelErrorViewConfiguration,error,beanNameViewResolver,org.springframework.boot.autoconfigure.web.servlet.error.ErrorMvcAutoConfiguration$DefaultErrorViewResolverConfiguration,conventionErrorViewResolver,spring.web-org.springframework.boot.autoconfigure.web.WebProperties,org.springframework.boot.autoconfigure.web.servlet.error.ErrorMvcAutoConfiguration,errorAttributes,basicErrorController,errorPageCustomizer,preserveErrorControllerTargetClassPostProcessor,org.springframework.boot.autoconfigure.web.servlet.WebMvcAutoConfiguration$EnableWebMvcConfiguration,welcomePageHandlerMapping,welcomePageNotAcceptableHandlerMapping,localeResolver,themeResolver,flashMapManager,mvcConversionService,mvcValidator,mvcContentNegotiationManager,requestMappingHandlerMapping,mvcPatternParser,mvcUrlPathHelper,mvcPathMatcher,viewControllerHandlerMapping,beanNameHandlerMapping,routerFunctionMapping,resourceHandlerMapping,mvcResourceUrlProvider,defaultServletHandlerMapping,requestMappingHandlerAdapter,handlerFunctionAdapter,mvcUriComponentsContributor,httpRequestHandlerAdapter,simpleControllerHandlerAdapter,handlerExceptionResolver,mvcViewResolver,mvcHandlerMappingIntrospector,viewNameTranslator,org.springframework.boot.autoconfigure.web.servlet.WebMvcAutoConfiguration$WebMvcAutoConfigurationAdapter,defaultViewResolver,viewResolver,requestContextFilter,org.springframework.boot.autoconfigure.web.servlet.WebMvcAutoConfiguration,formContentFilter,org.springframework.boot.autoconfigure.aop.AopAutoConfiguration$AspectJAutoProxyingConfiguration$CglibAutoProxyConfiguration,org.springframework.aop.config.internalAutoProxyCreator,org.springframework.boot.autoconfigure.aop.AopAutoConfiguration$AspectJAutoProxyingConfiguration,org.springframework.boot.autoconfigure.aop.AopAutoConfiguration,org.springframework.boot.autoconfigure.availability.ApplicationAvailabilityAutoConfiguration,applicationAvailability,org.springframework.boot.autoconfigure.transaction.jta.JtaAutoConfiguration,org.springframework.boot.autoconfigure.jdbc.DataSourceConfiguration$Hikari,jdbcConnectionDetailsHikariBeanPostProcessor,dataSource,org.springframework.boot.autoconfigure.jdbc.DataSourceAutoConfiguration$PooledDataSourceConfiguration,jdbcConnectionDetails,org.springframework.boot.autoconfigure.jdbc.metadata.DataSourcePoolMetadataProvidersConfiguration$HikariPoolDataSourceMetadataProviderConfiguration,hikariPoolDataSourceMetadataProvider,org.springframework.boot.autoconfigure.jdbc.metadata.DataSourcePoolMetadataProvidersConfiguration,org.springframework.boot.autoconfigure.jdbc.DataSourceAutoConfiguration,spring.datasource-org.springframework.boot.autoconfigure.jdbc.DataSourceProperties,org.springframework.boot.autoconfigure.transaction.TransactionManagerCustomizationAutoConfiguration,platformTransactionManagerCustomizers,transactionExecutionListeners,spring.transaction-org.springframework.boot.autoconfigure.transaction.TransactionProperties,org.springframework.boot.autoconfigure.orm.jpa.JpaBaseConfiguration$JpaWebConfiguration,openEntityManagerInViewInterceptor,openEntityManagerInViewInterceptorConfigurer,org.springframework.boot.autoconfigure.orm.jpa.JpaBaseConfiguration$PersistenceManagedTypesConfiguration,persistenceManagedTypes,org.springframework.boot.autoconfigure.orm.jpa.HibernateJpaConfiguration,transactionManager,jpaVendorAdapter,entityManagerFactoryBuilder,entityManagerFactory,spring.jpa.hibernate-org.springframework.boot.autoconfigure.orm.jpa.HibernateProperties,spring.jpa-org.springframework.boot.autoconfigure.orm.jpa.JpaProperties,org.springframework.boot.autoconfigure.orm.jpa.HibernateJpaAutoConfiguration,org.springframework.boot.autoconfigure.jackson.JacksonAutoConfiguration$Jackson2ObjectMapperBuilderCustomizerConfiguration,standardJacksonObjectMapperBuilderCustomizer,spring.jackson-org.springframework.boot.autoconfigure.jackson.JacksonProperties,org.springframework.boot.autoconfigure.jackson.JacksonAutoConfiguration$JacksonObjectMapperBuilderConfiguration,jacksonObjectMapperBuilder,org.springframework.boot.autoconfigure.jackson.JacksonAutoConfiguration$ParameterNamesModuleConfiguration,parameterNamesModule,org.springframework.boot.autoconfigure.jackson.JacksonAutoConfiguration$JacksonObjectMapperConfiguration,jacksonObjectMapper,org.springframework.boot.autoconfigure.jackson.JacksonAutoConfiguration$JacksonMixinConfiguration,jsonMixinModuleEntries,jsonMixinModule,org.springframework.boot.autoconfigure.jackson.JacksonAutoConfiguration,jsonComponentModule,org.springframework.boot.autoconfigure.context.ConfigurationPropertiesAutoConfiguration,org.springframework.boot.autoconfigure.context.LifecycleAutoConfiguration,lifecycleProcessor,spring.lifecycle-org.springframework.boot.autoconfigure.context.LifecycleProperties,org.springframework.boot.autoconfigure.dao.PersistenceExceptionTranslationAutoConfiguration,persistenceExceptionTranslationPostProcessor,org.springframework.boot.autoconfigure.data.jpa.JpaRepositoriesAutoConfiguration,jpaSharedEM_entityManagerFactory,emBeanDefinitionRegistrarPostProcessor,jpaMappingContext,jpaContext,org.springframework.data.jpa.util.JpaMetamodelCacheCleanup,org.springframework.data.jpa.repository.support.JpaEvaluationContextExtension,jpa.named-queries#0,jpa.PersonRepository.fragments#0,personRepository,jpa.named-queries#1,jpa.UserRepository.fragments#0,userRepository,jpa.named-queries#2,jpa.MenuRepository.fragments#0,menuRepository,jpa.named-queries#3,jpa.AllergenRepository.fragments#0,allergenRepository,jpa.named-queries#4,jpa.IngredientRepository.fragments#0,ingredientRepository,jpa.named-queries#5,jpa.CardRepository.fragments#0,cardRepository,jpa.named-queries#6,jpa.DishRepository.fragments#0,dishRepository,data-jpa.repository-aot-processor#0,org.springframework.boot.autoconfigure.http.HttpMessageConvertersAutoConfiguration$StringHttpMessageConverterConfiguration,stringHttpMessageConverter,org.springframework.boot.autoconfigure.http.JacksonHttpMessageConvertersConfiguration$MappingJackson2HttpMessageConverterConfiguration,mappingJackson2HttpMessageConverter,org.springframework.boot.autoconfigure.http.JacksonHttpMessageConvertersConfiguration,org.springframework.boot.autoconfigure.http.HttpMessageConvertersAutoConfiguration,messageConverters,org.springframework.data.web.config.ProjectingArgumentResolverRegistrar,projectingArgumentResolverBeanPostProcessor,org.springframework.data.web.config.SpringDataWebConfiguration,pageableResolver,sortResolver,offsetResolver,org.springframework.data.web.config.SpringDataJacksonConfiguration,jacksonGeoModule,pageModule,org.springframework.boot.autoconfigure.data.web.SpringDataWebAutoConfiguration,pageableCustomizer,sortCustomizer,spring.data.web-org.springframework.boot.autoconfigure.data.web.SpringDataWebProperties,org.springframework.boot.autoconfigure.info.ProjectInfoAutoConfiguration,spring.info-org.springframework.boot.autoconfigure.info.ProjectInfoProperties,org.springframework.boot.autoconfigure.jdbc.JdbcTemplateConfiguration,jdbcTemplate,org.springframework.boot.autoconfigure.jdbc.NamedParameterJdbcTemplateConfiguration,namedParameterJdbcTemplate,org.springframework.boot.autoconfigure.jdbc.JdbcTemplateAutoConfiguration,spring.jdbc-org.springframework.boot.autoconfigure.jdbc.JdbcProperties,org.springframework.boot.sql.init.dependency.DatabaseInitializationDependencyConfigurer$DependsOnDatabaseInitializationPostProcessor,org.springframework.boot.autoconfigure.jdbc.JdbcClientAutoConfiguration,jdbcClient,org.springframework.boot.autoconfigure.security.servlet.SpringBootWebSecurityConfiguration,org.springframework.boot.autoconfigure.security.servlet.SecurityAutoConfiguration,authenticationEventPublisher,spring.security-org.springframework.boot.autoconfigure.security.SecurityProperties,org.springframework.boot.autoconfigure.security.servlet.SecurityFilterAutoConfiguration,securityFilterChainRegistration,org.springframework.boot.autoconfigure.sql.init.DataSourceInitializationConfiguration,dataSourceScriptDatabaseInitializer,org.springframework.boot.autoconfigure.sql.init.SqlInitializationAutoConfiguration,spring.sql.init-org.springframework.boot.autoconfigure.sql.init.SqlInitializationProperties,org.springframework.boot.autoconfigure.task.TaskSchedulingConfigurations$ThreadPoolTaskSchedulerBuilderConfiguration,threadPoolTaskSchedulerBuilder,org.springframework.boot.autoconfigure.task.TaskSchedulingConfigurations$TaskSchedulerBuilderConfiguration,taskSchedulerBuilder,org.springframework.boot.autoconfigure.task.TaskSchedulingConfigurations$SimpleAsyncTaskSchedulerBuilderConfiguration,simpleAsyncTaskSchedulerBuilder,org.springframework.boot.autoconfigure.task.TaskSchedulingAutoConfiguration,spring.task.scheduling-org.springframework.boot.autoconfigure.task.TaskSchedulingProperties,org.springframework.boot.autoconfigure.thymeleaf.ThymeleafAutoConfiguration$ThymeleafWebMvcConfiguration$ThymeleafViewResolverConfiguration,thymeleafViewResolver,org.springframework.boot.autoconfigure.thymeleaf.ThymeleafAutoConfiguration$ThymeleafWebMvcConfiguration,org.springframework.boot.autoconfigure.thymeleaf.ThymeleafAutoConfiguration$DefaultTemplateResolverConfiguration,defaultTemplateResolver,org.springframework.boot.autoconfigure.thymeleaf.TemplateEngineConfigurations$DefaultTemplateEngineConfiguration,templateEngine,org.springframework.boot.autoconfigure.thymeleaf.ThymeleafAutoConfiguration,spring.thymeleaf-org.springframework.boot.autoconfigure.thymeleaf.ThymeleafProperties,org.springframework.boot.autoconfigure.jdbc.DataSourceTransactionManagerAutoConfiguration$JdbcTransactionManagerConfiguration,org.springframework.boot.autoconfigure.jdbc.DataSourceTransactionManagerAutoConfiguration,org.springframework.transaction.annotation.ProxyTransactionManagementConfiguration,org.springframework.transaction.config.internalTransactionAdvisor,transactionAttributeSource,transactionInterceptor,org.springframework.transaction.config.internalTransactionalEventListenerFactory,org.springframework.boot.autoconfigure.transaction.TransactionAutoConfiguration$EnableTransactionManagementConfiguration$CglibAutoProxyConfiguration,org.springframework.boot.autoconfigure.transaction.TransactionAutoConfiguration$EnableTransactionManagementConfiguration,org.springframework.boot.autoconfigure.transaction.TransactionAutoConfiguration$TransactionTemplateConfiguration,transactionTemplate,org.springframework.boot.autoconfigure.transaction.TransactionAutoConfiguration,org.springframework.boot.autoconfigure.web.client.RestClientAutoConfiguration,httpMessageConvertersRestClientCustomizer,restClientSsl,restClientBuilderConfigurer,restClientBuilder,org.springframework.boot.autoconfigure.web.client.RestTemplateAutoConfiguration,restTemplateBuilderConfigurer,restTemplateBuilder,org.springframework.boot.autoconfigure.web.servlet.HttpEncodingAutoConfiguration,characterEncodingFilter,localeCharsetMappingsCustomizer,org.springframework.boot.autoconfigure.web.servlet.MultipartAutoConfiguration,multipartConfigElement,multipartResolver,spring.servlet.multipart-org.springframework.boot.autoconfigure.web.servlet.MultipartProperties,mvcHandlerMappingIntrospectorRequestTransformer,springSecurityFilterChain,jpaSharedEM_AWC_entityManagerFactory]; root of factory hierarchy
2024-07-20T12:51:00.268+02:00 TRACE 238666 --- [crud-springboot] [           main] c.DefaultCacheAwareContextLoaderDelegate : Retrieved ApplicationContext [1593368350] from cache with key [WebMergedContextConfiguration@2d18d9ed testClass = com.cwa.crudspringboot.CrudSpringbootApplicationTests, locations = [], classes = [com.cwa.crudspringboot.CrudSpringbootApplication], contextInitializerClasses = [], activeProfiles = [], propertySourceDescriptors = [], propertySourceProperties = ["org.springframework.boot.test.context.SpringBootTestContextBootstrapper=true"], contextCustomizers = [org.springframework.boot.test.context.filter.ExcludeFilterContextCustomizer@3a7442c7, org.springframework.boot.test.json.DuplicateJsonObjectContextCustomizerFactory$DuplicateJsonObjectContextCustomizer@cb0755b, org.springframework.boot.test.mock.mockito.MockitoContextCustomizer@0, org.springframework.boot.test.web.client.TestRestTemplateContextCustomizer@18271936, org.springframework.boot.test.autoconfigure.actuate.observability.ObservabilityContextCustomizerFactory$DisableObservabilityContextCustomizer@1f, org.springframework.boot.test.autoconfigure.properties.PropertyMappingContextCustomizer@0, org.springframework.boot.test.autoconfigure.web.servlet.WebDriverContextCustomizer@24569dba, org.springframework.boot.test.context.SpringBootTestAnnotation@d144f97a], resourceBasePath = "src/main/webapp", contextLoader = org.springframework.boot.test.context.SpringBootContextLoader, parent = null]
2024-07-20T12:51:00.268+02:00 DEBUG 238666 --- [crud-springboot] [           main] org.springframework.test.context.cache   : Spring test ApplicationContext cache statistics: [DefaultContextCache@7c9b0c16 size = 1, maxSize = 32, parentContextCount = 0, hitCount = 9, missCount = 1, failureCount = 0]
2024-07-20T12:51:00.270+02:00 TRACE 238666 --- [crud-springboot] [           main] c.DefaultCacheAwareContextLoaderDelegate : Retrieved ApplicationContext [1593368350] from cache with key [WebMergedContextConfiguration@2d18d9ed testClass = com.cwa.crudspringboot.CrudSpringbootApplicationTests, locations = [], classes = [com.cwa.crudspringboot.CrudSpringbootApplication], contextInitializerClasses = [], activeProfiles = [], propertySourceDescriptors = [], propertySourceProperties = ["org.springframework.boot.test.context.SpringBootTestContextBootstrapper=true"], contextCustomizers = [org.springframework.boot.test.context.filter.ExcludeFilterContextCustomizer@3a7442c7, org.springframework.boot.test.json.DuplicateJsonObjectContextCustomizerFactory$DuplicateJsonObjectContextCustomizer@cb0755b, org.springframework.boot.test.mock.mockito.MockitoContextCustomizer@0, org.springframework.boot.test.web.client.TestRestTemplateContextCustomizer@18271936, org.springframework.boot.test.autoconfigure.actuate.observability.ObservabilityContextCustomizerFactory$DisableObservabilityContextCustomizer@1f, org.springframework.boot.test.autoconfigure.properties.PropertyMappingContextCustomizer@0, org.springframework.boot.test.autoconfigure.web.servlet.WebDriverContextCustomizer@24569dba, org.springframework.boot.test.context.SpringBootTestAnnotation@d144f97a], resourceBasePath = "src/main/webapp", contextLoader = org.springframework.boot.test.context.SpringBootContextLoader, parent = null]
2024-07-20T12:51:00.270+02:00 DEBUG 238666 --- [crud-springboot] [           main] org.springframework.test.context.cache   : Spring test ApplicationContext cache statistics: [DefaultContextCache@7c9b0c16 size = 1, maxSize = 32, parentContextCount = 0, hitCount = 10, missCount = 1, failureCount = 0]
2024-07-20T12:51:00.270+02:00 TRACE 238666 --- [crud-springboot] [           main] o.s.b.f.s.DefaultListableBeanFactory     : Returning cached instance of singleton bean 'org.springframework.boot.test.mock.mockito.MockitoPostProcessor$SpyPostProcessor'
2024-07-20T12:51:00.270+02:00 TRACE 238666 --- [crud-springboot] [           main] o.s.b.f.s.DefaultListableBeanFactory     : Returning cached instance of singleton bean 'org.springframework.boot.test.mock.mockito.MockitoPostProcessor'
2024-07-20T12:51:00.270+02:00 TRACE 238666 --- [crud-springboot] [           main] o.s.b.f.s.DefaultListableBeanFactory     : Returning cached instance of singleton bean 'org.springframework.context.annotation.internalConfigurationAnnotationProcessor'
2024-07-20T12:51:00.270+02:00 TRACE 238666 --- [crud-springboot] [           main] o.s.b.f.s.DefaultListableBeanFactory     : Returning cached instance of singleton bean 'org.springframework.context.annotation.internalAutowiredAnnotationProcessor'
2024-07-20T12:51:00.270+02:00 TRACE 238666 --- [crud-springboot] [           main] o.s.b.f.s.DefaultListableBeanFactory     : Returning cached instance of singleton bean 'org.springframework.context.annotation.internalCommonAnnotationProcessor'
2024-07-20T12:51:00.270+02:00 TRACE 238666 --- [crud-springboot] [           main] o.s.b.f.s.DefaultListableBeanFactory     : Returning cached instance of singleton bean 'org.springframework.context.annotation.internalPersistenceAnnotationProcessor'
2024-07-20T12:51:00.270+02:00 TRACE 238666 --- [crud-springboot] [           main] o.s.b.f.s.DefaultListableBeanFactory     : Returning cached instance of singleton bean 'org.springframework.context.event.internalEventListenerProcessor'
2024-07-20T12:51:00.270+02:00 TRACE 238666 --- [crud-springboot] [           main] o.s.b.f.s.DefaultListableBeanFactory     : Returning cached instance of singleton bean 'org.springframework.context.event.internalEventListenerFactory'
2024-07-20T12:51:00.270+02:00 TRACE 238666 --- [crud-springboot] [           main] o.s.b.f.s.DefaultListableBeanFactory     : Returning cached instance of singleton bean 'crudSpringbootApplication'
2024-07-20T12:51:00.270+02:00 TRACE 238666 --- [crud-springboot] [           main] o.s.b.f.s.DefaultListableBeanFactory     : Returning cached instance of singleton bean 'org.springframework.boot.autoconfigure.internalCachingMetadataReaderFactory'
2024-07-20T12:51:00.270+02:00 TRACE 238666 --- [crud-springboot] [           main] o.s.b.f.s.DefaultListableBeanFactory     : Returning cached instance of singleton bean 'org.springframework.boot.autoconfigure.internalCachingMetadataReaderFactory'
2024-07-20T12:51:00.270+02:00 TRACE 238666 --- [crud-springboot] [           main] o.s.b.f.s.DefaultListableBeanFactory     : Returning cached instance of singleton bean 'jwtUtils'
2024-07-20T12:51:00.270+02:00 TRACE 238666 --- [crud-springboot] [           main] o.s.b.f.s.DefaultListableBeanFactory     : Returning cached instance of singleton bean 'securityConfig'
2024-07-20T12:51:00.270+02:00 TRACE 238666 --- [crud-springboot] [           main] o.s.b.f.s.DefaultListableBeanFactory     : Returning cached instance of singleton bean 'apiResponse'
2024-07-20T12:51:00.270+02:00 TRACE 238666 --- [crud-springboot] [           main] o.s.b.f.s.DefaultListableBeanFactory     : Returning cached instance of singleton bean 'authController'
2024-07-20T12:51:00.270+02:00 TRACE 238666 --- [crud-springboot] [           main] o.s.b.f.s.DefaultListableBeanFactory     : Returning cached instance of singleton bean 'loginRequest'
2024-07-20T12:51:00.271+02:00 TRACE 238666 --- [crud-springboot] [           main] o.s.b.f.s.DefaultListableBeanFactory     : Returning cached instance of singleton bean 'personController'
2024-07-20T12:51:00.271+02:00 TRACE 238666 --- [crud-springboot] [           main] o.s.b.f.s.DefaultListableBeanFactory     : Returning cached instance of singleton bean 'registerRequest'
2024-07-20T12:51:00.271+02:00 TRACE 238666 --- [crud-springboot] [           main] o.s.b.f.s.DefaultListableBeanFactory     : Returning cached instance of singleton bean 'webController'
2024-07-20T12:51:00.271+02:00 TRACE 238666 --- [crud-springboot] [           main] o.s.b.f.s.DefaultListableBeanFactory     : Returning cached instance of singleton bean 'jwtFilter'
2024-07-20T12:51:00.271+02:00 TRACE 238666 --- [crud-springboot] [           main] o.s.b.f.s.DefaultListableBeanFactory     : Returning cached instance of singleton bean 'cardService'
2024-07-20T12:51:00.271+02:00 TRACE 238666 --- [crud-springboot] [           main] o.s.b.f.s.DefaultListableBeanFactory     : Returning cached instance of singleton bean 'customUserDetailsService'
2024-07-20T12:51:00.271+02:00 TRACE 238666 --- [crud-springboot] [           main] o.s.b.f.s.DefaultListableBeanFactory     : Returning cached instance of singleton bean 'org.springframework.security.config.annotation.configuration.ObjectPostProcessorConfiguration'
2024-07-20T12:51:00.271+02:00 TRACE 238666 --- [crud-springboot] [           main] o.s.b.f.s.DefaultListableBeanFactory     : Returning cached instance of singleton bean 'objectPostProcessor'
2024-07-20T12:51:00.271+02:00 TRACE 238666 --- [crud-springboot] [           main] o.s.b.f.s.DefaultListableBeanFactory     : Returning cached instance of singleton bean 'org.springframework.security.config.annotation.authentication.configuration.AuthenticationConfiguration'
2024-07-20T12:51:00.271+02:00 TRACE 238666 --- [crud-springboot] [           main] o.s.b.f.s.DefaultListableBeanFactory     : Returning cached instance of singleton bean 'authenticationManagerBuilder'
2024-07-20T12:51:00.271+02:00 TRACE 238666 --- [crud-springboot] [           main] o.s.b.f.s.DefaultListableBeanFactory     : Returning cached instance of singleton bean 'enableGlobalAuthenticationAutowiredConfigurer'
2024-07-20T12:51:00.271+02:00 TRACE 238666 --- [crud-springboot] [           main] o.s.b.f.s.DefaultListableBeanFactory     : Returning cached instance of singleton bean 'initializeUserDetailsBeanManagerConfigurer'
2024-07-20T12:51:00.271+02:00 TRACE 238666 --- [crud-springboot] [           main] o.s.b.f.s.DefaultListableBeanFactory     : Returning cached instance of singleton bean 'initializeAuthenticationProviderBeanManagerConfigurer'
2024-07-20T12:51:00.271+02:00 TRACE 238666 --- [crud-springboot] [           main] o.s.b.f.s.DefaultListableBeanFactory     : Returning cached instance of singleton bean 'org.springframework.security.config.annotation.web.configuration.WebSecurityConfiguration'
2024-07-20T12:51:00.271+02:00 TRACE 238666 --- [crud-springboot] [           main] o.s.b.f.s.DefaultListableBeanFactory     : Returning cached instance of singleton bean 'delegatingApplicationListener'
2024-07-20T12:51:00.271+02:00 TRACE 238666 --- [crud-springboot] [           main] o.s.b.f.s.DefaultListableBeanFactory     : Returning cached instance of singleton bean 'webSecurityExpressionHandler'
2024-07-20T12:51:00.271+02:00 TRACE 238666 --- [crud-springboot] [           main] o.s.b.f.s.DefaultListableBeanFactory     : Returning cached instance of singleton bean 'privilegeEvaluator'
2024-07-20T12:51:00.271+02:00 TRACE 238666 --- [crud-springboot] [           main] o.s.b.f.s.DefaultListableBeanFactory     : Returning cached instance of singleton bean 'conversionServicePostProcessor'
2024-07-20T12:51:00.271+02:00 TRACE 238666 --- [crud-springboot] [           main] o.s.b.f.s.DefaultListableBeanFactory     : Returning cached instance of singleton bean 'org.springframework.security.config.annotation.web.configuration.WebMvcSecurityConfiguration'
2024-07-20T12:51:00.271+02:00 TRACE 238666 --- [crud-springboot] [           main] o.s.b.f.s.DefaultListableBeanFactory     : Returning cached instance of singleton bean 'requestDataValueProcessor'
2024-07-20T12:51:00.271+02:00 TRACE 238666 --- [crud-springboot] [           main] o.s.b.f.s.DefaultListableBeanFactory     : Returning cached instance of singleton bean 'springSecurityHandlerMappingIntrospectorBeanDefinitionRegistryPostProcessor'
2024-07-20T12:51:00.271+02:00 TRACE 238666 --- [crud-springboot] [           main] o.s.b.f.s.DefaultListableBeanFactory     : Returning cached instance of singleton bean 'org.springframework.security.config.annotation.web.configuration.HttpSecurityConfiguration'
2024-07-20T12:51:00.271+02:00 TRACE 238666 --- [crud-springboot] [           main] o.s.b.f.s.DefaultListableBeanFactory     : Returning cached instance of singleton bean 'passwordEncoder'
2024-07-20T12:51:00.271+02:00 TRACE 238666 --- [crud-springboot] [           main] o.s.b.f.s.DefaultListableBeanFactory     : Returning cached instance of singleton bean 'authenticationManager'
2024-07-20T12:51:00.271+02:00 TRACE 238666 --- [crud-springboot] [           main] o.s.b.f.s.DefaultListableBeanFactory     : Returning cached instance of singleton bean 'securityFilterChain'
2024-07-20T12:51:00.271+02:00 TRACE 238666 --- [crud-springboot] [           main] o.s.b.f.s.DefaultListableBeanFactory     : Returning cached instance of singleton bean 'org.springframework.boot.autoconfigure.AutoConfigurationPackages'
2024-07-20T12:51:00.271+02:00 TRACE 238666 --- [crud-springboot] [           main] o.s.b.f.s.DefaultListableBeanFactory     : Returning cached instance of singleton bean 'org.springframework.boot.autoconfigure.context.PropertyPlaceholderAutoConfiguration'
2024-07-20T12:51:00.271+02:00 TRACE 238666 --- [crud-springboot] [           main] o.s.b.f.s.DefaultListableBeanFactory     : Returning cached instance of singleton bean 'propertySourcesPlaceholderConfigurer'
2024-07-20T12:51:00.271+02:00 TRACE 238666 --- [crud-springboot] [           main] o.s.b.f.s.DefaultListableBeanFactory     : Returning cached instance of singleton bean 'org.springframework.boot.autoconfigure.ssl.SslAutoConfiguration'
2024-07-20T12:51:00.271+02:00 TRACE 238666 --- [crud-springboot] [           main] o.s.b.f.s.DefaultListableBeanFactory     : Returning cached instance of singleton bean 'fileWatcher'
2024-07-20T12:51:00.271+02:00 TRACE 238666 --- [crud-springboot] [           main] o.s.b.f.s.DefaultListableBeanFactory     : Returning cached instance of singleton bean 'sslPropertiesSslBundleRegistrar'
2024-07-20T12:51:00.272+02:00 TRACE 238666 --- [crud-springboot] [           main] o.s.b.f.s.DefaultListableBeanFactory     : Returning cached instance of singleton bean 'sslBundleRegistry'
2024-07-20T12:51:00.272+02:00 TRACE 238666 --- [crud-springboot] [           main] o.s.b.f.s.DefaultListableBeanFactory     : Returning cached instance of singleton bean 'org.springframework.boot.context.properties.ConfigurationPropertiesBindingPostProcessor'
2024-07-20T12:51:00.272+02:00 TRACE 238666 --- [crud-springboot] [           main] o.s.b.f.s.DefaultListableBeanFactory     : Returning cached instance of singleton bean 'org.springframework.boot.context.internalConfigurationPropertiesBinder'
2024-07-20T12:51:00.272+02:00 TRACE 238666 --- [crud-springboot] [           main] o.s.b.f.s.DefaultListableBeanFactory     : Returning cached instance of singleton bean 'org.springframework.boot.context.internalConfigurationPropertiesBinder'
2024-07-20T12:51:00.272+02:00 TRACE 238666 --- [crud-springboot] [           main] o.s.b.f.s.DefaultListableBeanFactory     : Returning cached instance of singleton bean 'org.springframework.boot.context.properties.BoundConfigurationProperties'
2024-07-20T12:51:00.272+02:00 TRACE 238666 --- [crud-springboot] [           main] o.s.b.f.s.DefaultListableBeanFactory     : Returning cached instance of singleton bean 'org.springframework.boot.context.properties.EnableConfigurationPropertiesRegistrar.methodValidationExcludeFilter'
2024-07-20T12:51:00.272+02:00 TRACE 238666 --- [crud-springboot] [           main] o.s.b.f.s.DefaultListableBeanFactory     : Returning cached instance of singleton bean 'spring.ssl-org.springframework.boot.autoconfigure.ssl.SslProperties'
2024-07-20T12:51:00.272+02:00 TRACE 238666 --- [crud-springboot] [           main] o.s.b.f.s.DefaultListableBeanFactory     : Returning cached instance of singleton bean 'org.springframework.boot.autoconfigure.websocket.servlet.WebSocketServletAutoConfiguration$TomcatWebSocketConfiguration'
2024-07-20T12:51:00.272+02:00 TRACE 238666 --- [crud-springboot] [           main] o.s.b.f.s.DefaultListableBeanFactory     : Returning cached instance of singleton bean 'websocketServletWebServerCustomizer'
2024-07-20T12:51:00.272+02:00 TRACE 238666 --- [crud-springboot] [           main] o.s.b.f.s.DefaultListableBeanFactory     : Returning cached instance of singleton bean 'org.springframework.boot.autoconfigure.websocket.servlet.WebSocketServletAutoConfiguration'
2024-07-20T12:51:00.272+02:00 TRACE 238666 --- [crud-springboot] [           main] o.s.b.f.s.DefaultListableBeanFactory     : Returning cached instance of singleton bean 'org.springframework.boot.autoconfigure.web.servlet.ServletWebServerFactoryConfiguration$EmbeddedTomcat'
2024-07-20T12:51:00.272+02:00 TRACE 238666 --- [crud-springboot] [           main] o.s.b.f.s.DefaultListableBeanFactory     : Returning cached instance of singleton bean 'tomcatServletWebServerFactory'
2024-07-20T12:51:00.272+02:00 TRACE 238666 --- [crud-springboot] [           main] o.s.b.f.s.DefaultListableBeanFactory     : Returning cached instance of singleton bean 'org.springframework.boot.autoconfigure.web.servlet.ServletWebServerFactoryAutoConfiguration'
2024-07-20T12:51:00.272+02:00 TRACE 238666 --- [crud-springboot] [           main] o.s.b.f.s.DefaultListableBeanFactory     : Returning cached instance of singleton bean 'servletWebServerFactoryCustomizer'
2024-07-20T12:51:00.272+02:00 TRACE 238666 --- [crud-springboot] [           main] o.s.b.f.s.DefaultListableBeanFactory     : Returning cached instance of singleton bean 'tomcatServletWebServerFactoryCustomizer'
2024-07-20T12:51:00.272+02:00 TRACE 238666 --- [crud-springboot] [           main] o.s.b.f.s.DefaultListableBeanFactory     : Returning cached instance of singleton bean 'server-org.springframework.boot.autoconfigure.web.ServerProperties'
2024-07-20T12:51:00.272+02:00 TRACE 238666 --- [crud-springboot] [           main] o.s.b.f.s.DefaultListableBeanFactory     : Returning cached instance of singleton bean 'webServerFactoryCustomizerBeanPostProcessor'
2024-07-20T12:51:00.272+02:00 TRACE 238666 --- [crud-springboot] [           main] o.s.b.f.s.DefaultListableBeanFactory     : Returning cached instance of singleton bean 'errorPageRegistrarBeanPostProcessor'
2024-07-20T12:51:00.272+02:00 TRACE 238666 --- [crud-springboot] [           main] o.s.b.f.s.DefaultListableBeanFactory     : Returning cached instance of singleton bean 'org.springframework.boot.autoconfigure.web.servlet.DispatcherServletAutoConfiguration$DispatcherServletConfiguration'
2024-07-20T12:51:00.273+02:00 TRACE 238666 --- [crud-springboot] [           main] o.s.b.f.s.DefaultListableBeanFactory     : Returning cached instance of singleton bean 'dispatcherServlet'
2024-07-20T12:51:00.273+02:00 TRACE 238666 --- [crud-springboot] [           main] o.s.b.f.s.DefaultListableBeanFactory     : Returning cached instance of singleton bean 'spring.mvc-org.springframework.boot.autoconfigure.web.servlet.WebMvcProperties'
2024-07-20T12:51:00.273+02:00 TRACE 238666 --- [crud-springboot] [           main] o.s.b.f.s.DefaultListableBeanFactory     : Returning cached instance of singleton bean 'org.springframework.boot.autoconfigure.web.servlet.DispatcherServletAutoConfiguration$DispatcherServletRegistrationConfiguration'
2024-07-20T12:51:00.273+02:00 TRACE 238666 --- [crud-springboot] [           main] o.s.b.f.s.DefaultListableBeanFactory     : Returning cached instance of singleton bean 'dispatcherServletRegistration'
2024-07-20T12:51:00.273+02:00 TRACE 238666 --- [crud-springboot] [           main] o.s.b.f.s.DefaultListableBeanFactory     : Returning cached instance of singleton bean 'org.springframework.boot.autoconfigure.web.servlet.DispatcherServletAutoConfiguration'
2024-07-20T12:51:00.273+02:00 TRACE 238666 --- [crud-springboot] [           main] o.s.b.f.s.DefaultListableBeanFactory     : Returning cached instance of singleton bean 'org.springframework.boot.autoconfigure.task.TaskExecutorConfigurations$ThreadPoolTaskExecutorBuilderConfiguration'
2024-07-20T12:51:00.273+02:00 TRACE 238666 --- [crud-springboot] [           main] o.s.b.f.s.DefaultListableBeanFactory     : Returning cached instance of singleton bean 'threadPoolTaskExecutorBuilder'
2024-07-20T12:51:00.273+02:00 TRACE 238666 --- [crud-springboot] [           main] o.s.b.f.s.DefaultListableBeanFactory     : Returning cached instance of singleton bean 'org.springframework.boot.autoconfigure.task.TaskExecutorConfigurations$TaskExecutorBuilderConfiguration'
2024-07-20T12:51:00.273+02:00 TRACE 238666 --- [crud-springboot] [           main] o.s.b.f.s.DefaultListableBeanFactory     : Returning cached instance of singleton bean 'taskExecutorBuilder'
2024-07-20T12:51:00.273+02:00 TRACE 238666 --- [crud-springboot] [           main] o.s.b.f.s.DefaultListableBeanFactory     : Returning cached instance of singleton bean 'org.springframework.boot.autoconfigure.task.TaskExecutorConfigurations$SimpleAsyncTaskExecutorBuilderConfiguration'
2024-07-20T12:51:00.273+02:00 TRACE 238666 --- [crud-springboot] [           main] o.s.b.f.s.DefaultListableBeanFactory     : Returning cached instance of singleton bean 'simpleAsyncTaskExecutorBuilder'
2024-07-20T12:51:00.273+02:00 TRACE 238666 --- [crud-springboot] [           main] o.s.b.f.s.DefaultListableBeanFactory     : Returning cached instance of singleton bean 'org.springframework.boot.autoconfigure.task.TaskExecutorConfigurations$TaskExecutorConfiguration'
2024-07-20T12:51:00.273+02:00 TRACE 238666 --- [crud-springboot] [           main] o.s.b.f.s.DefaultListableBeanFactory     : Returning cached instance of singleton bean 'applicationTaskExecutor'
2024-07-20T12:51:00.273+02:00 TRACE 238666 --- [crud-springboot] [           main] o.s.b.f.s.DefaultListableBeanFactory     : Returning cached instance of singleton bean 'org.springframework.boot.autoconfigure.task.TaskExecutionAutoConfiguration'
2024-07-20T12:51:00.273+02:00 TRACE 238666 --- [crud-springboot] [           main] o.s.b.f.s.DefaultListableBeanFactory     : Returning cached instance of singleton bean 'spring.task.execution-org.springframework.boot.autoconfigure.task.TaskExecutionProperties'
2024-07-20T12:51:00.273+02:00 TRACE 238666 --- [crud-springboot] [           main] o.s.b.f.s.DefaultListableBeanFactory     : Returning cached instance of singleton bean 'org.springframework.boot.autoconfigure.web.servlet.error.ErrorMvcAutoConfiguration$WhitelabelErrorViewConfiguration'
2024-07-20T12:51:00.273+02:00 TRACE 238666 --- [crud-springboot] [           main] o.s.b.f.s.DefaultListableBeanFactory     : Returning cached instance of singleton bean 'error'
2024-07-20T12:51:00.273+02:00 TRACE 238666 --- [crud-springboot] [           main] o.s.b.f.s.DefaultListableBeanFactory     : Returning cached instance of singleton bean 'beanNameViewResolver'
2024-07-20T12:51:00.273+02:00 TRACE 238666 --- [crud-springboot] [           main] o.s.b.f.s.DefaultListableBeanFactory     : Returning cached instance of singleton bean 'org.springframework.boot.autoconfigure.web.servlet.error.ErrorMvcAutoConfiguration$DefaultErrorViewResolverConfiguration'
2024-07-20T12:51:00.273+02:00 TRACE 238666 --- [crud-springboot] [           main] o.s.b.f.s.DefaultListableBeanFactory     : Returning cached instance of singleton bean 'conventionErrorViewResolver'
2024-07-20T12:51:00.273+02:00 TRACE 238666 --- [crud-springboot] [           main] o.s.b.f.s.DefaultListableBeanFactory     : Returning cached instance of singleton bean 'spring.web-org.springframework.boot.autoconfigure.web.WebProperties'
2024-07-20T12:51:00.273+02:00 TRACE 238666 --- [crud-springboot] [           main] o.s.b.f.s.DefaultListableBeanFactory     : Returning cached instance of singleton bean 'org.springframework.boot.autoconfigure.web.servlet.error.ErrorMvcAutoConfiguration'
2024-07-20T12:51:00.273+02:00 TRACE 238666 --- [crud-springboot] [           main] o.s.b.f.s.DefaultListableBeanFactory     : Returning cached instance of singleton bean 'errorAttributes'
2024-07-20T12:51:00.273+02:00 TRACE 238666 --- [crud-springboot] [           main] o.s.b.f.s.DefaultListableBeanFactory     : Returning cached instance of singleton bean 'basicErrorController'
2024-07-20T12:51:00.273+02:00 TRACE 238666 --- [crud-springboot] [           main] o.s.b.f.s.DefaultListableBeanFactory     : Returning cached instance of singleton bean 'errorPageCustomizer'
2024-07-20T12:51:00.274+02:00 TRACE 238666 --- [crud-springboot] [           main] o.s.b.f.s.DefaultListableBeanFactory     : Returning cached instance of singleton bean 'preserveErrorControllerTargetClassPostProcessor'
2024-07-20T12:51:00.274+02:00 TRACE 238666 --- [crud-springboot] [           main] o.s.b.f.s.DefaultListableBeanFactory     : Returning cached instance of singleton bean 'org.springframework.boot.autoconfigure.web.servlet.WebMvcAutoConfiguration$EnableWebMvcConfiguration'
2024-07-20T12:51:00.274+02:00 TRACE 238666 --- [crud-springboot] [           main] o.s.b.f.s.DefaultListableBeanFactory     : Returning cached instance of singleton bean 'welcomePageHandlerMapping'
2024-07-20T12:51:00.274+02:00 TRACE 238666 --- [crud-springboot] [           main] o.s.b.f.s.DefaultListableBeanFactory     : Returning cached instance of singleton bean 'welcomePageNotAcceptableHandlerMapping'
2024-07-20T12:51:00.274+02:00 TRACE 238666 --- [crud-springboot] [           main] o.s.b.f.s.DefaultListableBeanFactory     : Returning cached instance of singleton bean 'localeResolver'
2024-07-20T12:51:00.274+02:00 TRACE 238666 --- [crud-springboot] [           main] o.s.b.f.s.DefaultListableBeanFactory     : Returning cached instance of singleton bean 'themeResolver'
2024-07-20T12:51:00.274+02:00 TRACE 238666 --- [crud-springboot] [           main] o.s.b.f.s.DefaultListableBeanFactory     : Returning cached instance of singleton bean 'flashMapManager'
2024-07-20T12:51:00.274+02:00 TRACE 238666 --- [crud-springboot] [           main] o.s.b.f.s.DefaultListableBeanFactory     : Returning cached instance of singleton bean 'mvcConversionService'
2024-07-20T12:51:00.274+02:00 TRACE 238666 --- [crud-springboot] [           main] o.s.b.f.s.DefaultListableBeanFactory     : Returning cached instance of singleton bean 'mvcValidator'
2024-07-20T12:51:00.274+02:00 TRACE 238666 --- [crud-springboot] [           main] o.s.b.f.s.DefaultListableBeanFactory     : Returning cached instance of singleton bean 'mvcContentNegotiationManager'
2024-07-20T12:51:00.274+02:00 TRACE 238666 --- [crud-springboot] [           main] o.s.b.f.s.DefaultListableBeanFactory     : Returning cached instance of singleton bean 'requestMappingHandlerMapping'
2024-07-20T12:51:00.274+02:00 TRACE 238666 --- [crud-springboot] [           main] o.s.b.f.s.DefaultListableBeanFactory     : Returning cached instance of singleton bean 'mvcPatternParser'
2024-07-20T12:51:00.274+02:00 TRACE 238666 --- [crud-springboot] [           main] o.s.b.f.s.DefaultListableBeanFactory     : Returning cached instance of singleton bean 'mvcUrlPathHelper'
2024-07-20T12:51:00.274+02:00 TRACE 238666 --- [crud-springboot] [           main] o.s.b.f.s.DefaultListableBeanFactory     : Returning cached instance of singleton bean 'mvcPathMatcher'
2024-07-20T12:51:00.274+02:00 TRACE 238666 --- [crud-springboot] [           main] o.s.b.f.s.DefaultListableBeanFactory     : Returning cached instance of singleton bean 'viewControllerHandlerMapping'
2024-07-20T12:51:00.274+02:00 TRACE 238666 --- [crud-springboot] [           main] o.s.b.f.s.DefaultListableBeanFactory     : Returning cached instance of singleton bean 'beanNameHandlerMapping'
2024-07-20T12:51:00.274+02:00 TRACE 238666 --- [crud-springboot] [           main] o.s.b.f.s.DefaultListableBeanFactory     : Returning cached instance of singleton bean 'routerFunctionMapping'
2024-07-20T12:51:00.274+02:00 TRACE 238666 --- [crud-springboot] [           main] o.s.b.f.s.DefaultListableBeanFactory     : Returning cached instance of singleton bean 'resourceHandlerMapping'
2024-07-20T12:51:00.274+02:00 TRACE 238666 --- [crud-springboot] [           main] o.s.b.f.s.DefaultListableBeanFactory     : Returning cached instance of singleton bean 'mvcResourceUrlProvider'
2024-07-20T12:51:00.274+02:00 TRACE 238666 --- [crud-springboot] [           main] o.s.b.f.s.DefaultListableBeanFactory     : Returning cached instance of singleton bean 'defaultServletHandlerMapping'
2024-07-20T12:51:00.274+02:00 TRACE 238666 --- [crud-springboot] [           main] o.s.b.f.s.DefaultListableBeanFactory     : Returning cached instance of singleton bean 'requestMappingHandlerAdapter'
2024-07-20T12:51:00.274+02:00 TRACE 238666 --- [crud-springboot] [           main] o.s.b.f.s.DefaultListableBeanFactory     : Returning cached instance of singleton bean 'handlerFunctionAdapter'
2024-07-20T12:51:00.274+02:00 TRACE 238666 --- [crud-springboot] [           main] o.s.b.f.s.DefaultListableBeanFactory     : Returning cached instance of singleton bean 'mvcUriComponentsContributor'
2024-07-20T12:51:00.275+02:00 TRACE 238666 --- [crud-springboot] [           main] o.s.b.f.s.DefaultListableBeanFactory     : Returning cached instance of singleton bean 'httpRequestHandlerAdapter'
2024-07-20T12:51:00.275+02:00 TRACE 238666 --- [crud-springboot] [           main] o.s.b.f.s.DefaultListableBeanFactory     : Returning cached instance of singleton bean 'simpleControllerHandlerAdapter'
2024-07-20T12:51:00.275+02:00 TRACE 238666 --- [crud-springboot] [           main] o.s.b.f.s.DefaultListableBeanFactory     : Returning cached instance of singleton bean 'handlerExceptionResolver'
2024-07-20T12:51:00.275+02:00 TRACE 238666 --- [crud-springboot] [           main] o.s.b.f.s.DefaultListableBeanFactory     : Returning cached instance of singleton bean 'mvcViewResolver'
2024-07-20T12:51:00.275+02:00 TRACE 238666 --- [crud-springboot] [           main] o.s.b.f.s.DefaultListableBeanFactory     : Returning cached instance of singleton bean 'mvcHandlerMappingIntrospector'
2024-07-20T12:51:00.275+02:00 TRACE 238666 --- [crud-springboot] [           main] o.s.b.f.s.DefaultListableBeanFactory     : Returning cached instance of singleton bean 'viewNameTranslator'
2024-07-20T12:51:00.275+02:00 TRACE 238666 --- [crud-springboot] [           main] o.s.b.f.s.DefaultListableBeanFactory     : Returning cached instance of singleton bean 'org.springframework.boot.autoconfigure.web.servlet.WebMvcAutoConfiguration$WebMvcAutoConfigurationAdapter'
2024-07-20T12:51:00.275+02:00 TRACE 238666 --- [crud-springboot] [           main] o.s.b.f.s.DefaultListableBeanFactory     : Returning cached instance of singleton bean 'defaultViewResolver'
2024-07-20T12:51:00.275+02:00 TRACE 238666 --- [crud-springboot] [           main] o.s.b.f.s.DefaultListableBeanFactory     : Returning cached instance of singleton bean 'viewResolver'
2024-07-20T12:51:00.275+02:00 TRACE 238666 --- [crud-springboot] [           main] o.s.b.f.s.DefaultListableBeanFactory     : Returning cached instance of singleton bean 'requestContextFilter'
2024-07-20T12:51:00.275+02:00 TRACE 238666 --- [crud-springboot] [           main] o.s.b.f.s.DefaultListableBeanFactory     : Returning cached instance of singleton bean 'org.springframework.boot.autoconfigure.web.servlet.WebMvcAutoConfiguration'
2024-07-20T12:51:00.275+02:00 TRACE 238666 --- [crud-springboot] [           main] o.s.b.f.s.DefaultListableBeanFactory     : Returning cached instance of singleton bean 'formContentFilter'
2024-07-20T12:51:00.275+02:00 TRACE 238666 --- [crud-springboot] [           main] o.s.b.f.s.DefaultListableBeanFactory     : Returning cached instance of singleton bean 'org.springframework.boot.autoconfigure.aop.AopAutoConfiguration$AspectJAutoProxyingConfiguration$CglibAutoProxyConfiguration'
2024-07-20T12:51:00.275+02:00 TRACE 238666 --- [crud-springboot] [           main] o.s.b.f.s.DefaultListableBeanFactory     : Returning cached instance of singleton bean 'org.springframework.aop.config.internalAutoProxyCreator'
2024-07-20T12:51:00.275+02:00 TRACE 238666 --- [crud-springboot] [           main] o.s.b.f.s.DefaultListableBeanFactory     : Returning cached instance of singleton bean 'org.springframework.boot.autoconfigure.aop.AopAutoConfiguration$AspectJAutoProxyingConfiguration'
2024-07-20T12:51:00.275+02:00 TRACE 238666 --- [crud-springboot] [           main] o.s.b.f.s.DefaultListableBeanFactory     : Returning cached instance of singleton bean 'org.springframework.boot.autoconfigure.aop.AopAutoConfiguration'
2024-07-20T12:51:00.275+02:00 TRACE 238666 --- [crud-springboot] [           main] o.s.b.f.s.DefaultListableBeanFactory     : Returning cached instance of singleton bean 'org.springframework.boot.autoconfigure.availability.ApplicationAvailabilityAutoConfiguration'
2024-07-20T12:51:00.275+02:00 TRACE 238666 --- [crud-springboot] [           main] o.s.b.f.s.DefaultListableBeanFactory     : Returning cached instance of singleton bean 'applicationAvailability'
2024-07-20T12:51:00.275+02:00 TRACE 238666 --- [crud-springboot] [           main] o.s.b.f.s.DefaultListableBeanFactory     : Returning cached instance of singleton bean 'org.springframework.boot.autoconfigure.transaction.jta.JtaAutoConfiguration'
2024-07-20T12:51:00.275+02:00 TRACE 238666 --- [crud-springboot] [           main] o.s.b.f.s.DefaultListableBeanFactory     : Returning cached instance of singleton bean 'org.springframework.boot.autoconfigure.jdbc.DataSourceConfiguration$Hikari'
2024-07-20T12:51:00.275+02:00 TRACE 238666 --- [crud-springboot] [           main] o.s.b.f.s.DefaultListableBeanFactory     : Returning cached instance of singleton bean 'jdbcConnectionDetailsHikariBeanPostProcessor'
2024-07-20T12:51:00.275+02:00 TRACE 238666 --- [crud-springboot] [           main] o.s.b.f.s.DefaultListableBeanFactory     : Returning cached instance of singleton bean 'dataSource'
2024-07-20T12:51:00.275+02:00 TRACE 238666 --- [crud-springboot] [           main] o.s.b.f.s.DefaultListableBeanFactory     : Returning cached instance of singleton bean 'org.springframework.boot.autoconfigure.jdbc.DataSourceAutoConfiguration$PooledDataSourceConfiguration'
2024-07-20T12:51:00.275+02:00 TRACE 238666 --- [crud-springboot] [           main] o.s.b.f.s.DefaultListableBeanFactory     : Returning cached instance of singleton bean 'jdbcConnectionDetails'
2024-07-20T12:51:00.275+02:00 TRACE 238666 --- [crud-springboot] [           main] o.s.b.f.s.DefaultListableBeanFactory     : Returning cached instance of singleton bean 'org.springframework.boot.autoconfigure.jdbc.metadata.DataSourcePoolMetadataProvidersConfiguration$HikariPoolDataSourceMetadataProviderConfiguration'
2024-07-20T12:51:00.275+02:00 TRACE 238666 --- [crud-springboot] [           main] o.s.b.f.s.DefaultListableBeanFactory     : Returning cached instance of singleton bean 'hikariPoolDataSourceMetadataProvider'
2024-07-20T12:51:00.276+02:00 TRACE 238666 --- [crud-springboot] [           main] o.s.b.f.s.DefaultListableBeanFactory     : Returning cached instance of singleton bean 'org.springframework.boot.autoconfigure.jdbc.metadata.DataSourcePoolMetadataProvidersConfiguration'
2024-07-20T12:51:00.276+02:00 TRACE 238666 --- [crud-springboot] [           main] o.s.b.f.s.DefaultListableBeanFactory     : Returning cached instance of singleton bean 'org.springframework.boot.autoconfigure.jdbc.DataSourceAutoConfiguration'
2024-07-20T12:51:00.276+02:00 TRACE 238666 --- [crud-springboot] [           main] o.s.b.f.s.DefaultListableBeanFactory     : Returning cached instance of singleton bean 'spring.datasource-org.springframework.boot.autoconfigure.jdbc.DataSourceProperties'
2024-07-20T12:51:00.276+02:00 TRACE 238666 --- [crud-springboot] [           main] o.s.b.f.s.DefaultListableBeanFactory     : Returning cached instance of singleton bean 'org.springframework.boot.autoconfigure.transaction.TransactionManagerCustomizationAutoConfiguration'
2024-07-20T12:51:00.276+02:00 TRACE 238666 --- [crud-springboot] [           main] o.s.b.f.s.DefaultListableBeanFactory     : Returning cached instance of singleton bean 'platformTransactionManagerCustomizers'
2024-07-20T12:51:00.276+02:00 TRACE 238666 --- [crud-springboot] [           main] o.s.b.f.s.DefaultListableBeanFactory     : Returning cached instance of singleton bean 'transactionExecutionListeners'
2024-07-20T12:51:00.276+02:00 TRACE 238666 --- [crud-springboot] [           main] o.s.b.f.s.DefaultListableBeanFactory     : Returning cached instance of singleton bean 'spring.transaction-org.springframework.boot.autoconfigure.transaction.TransactionProperties'
2024-07-20T12:51:00.276+02:00 TRACE 238666 --- [crud-springboot] [           main] o.s.b.f.s.DefaultListableBeanFactory     : Returning cached instance of singleton bean 'org.springframework.boot.autoconfigure.orm.jpa.JpaBaseConfiguration$JpaWebConfiguration'
2024-07-20T12:51:00.276+02:00 TRACE 238666 --- [crud-springboot] [           main] o.s.b.f.s.DefaultListableBeanFactory     : Returning cached instance of singleton bean 'openEntityManagerInViewInterceptor'
2024-07-20T12:51:00.276+02:00 TRACE 238666 --- [crud-springboot] [           main] o.s.b.f.s.DefaultListableBeanFactory     : Returning cached instance of singleton bean 'openEntityManagerInViewInterceptorConfigurer'
2024-07-20T12:51:00.276+02:00 TRACE 238666 --- [crud-springboot] [           main] o.s.b.f.s.DefaultListableBeanFactory     : Returning cached instance of singleton bean 'org.springframework.boot.autoconfigure.orm.jpa.JpaBaseConfiguration$PersistenceManagedTypesConfiguration'
2024-07-20T12:51:00.276+02:00 TRACE 238666 --- [crud-springboot] [           main] o.s.b.f.s.DefaultListableBeanFactory     : Returning cached instance of singleton bean 'persistenceManagedTypes'
2024-07-20T12:51:00.276+02:00 TRACE 238666 --- [crud-springboot] [           main] o.s.b.f.s.DefaultListableBeanFactory     : Returning cached instance of singleton bean 'org.springframework.boot.autoconfigure.orm.jpa.HibernateJpaConfiguration'
2024-07-20T12:51:00.276+02:00 TRACE 238666 --- [crud-springboot] [           main] o.s.b.f.s.DefaultListableBeanFactory     : Returning cached instance of singleton bean 'transactionManager'
2024-07-20T12:51:00.276+02:00 TRACE 238666 --- [crud-springboot] [           main] o.s.b.f.s.DefaultListableBeanFactory     : Returning cached instance of singleton bean 'jpaVendorAdapter'
2024-07-20T12:51:00.276+02:00 TRACE 238666 --- [crud-springboot] [           main] o.s.b.f.s.DefaultListableBeanFactory     : Returning cached instance of singleton bean 'entityManagerFactoryBuilder'
2024-07-20T12:51:00.276+02:00 TRACE 238666 --- [crud-springboot] [           main] o.s.b.f.s.DefaultListableBeanFactory     : Returning cached instance of singleton bean 'entityManagerFactory'
2024-07-20T12:51:00.276+02:00 TRACE 238666 --- [crud-springboot] [           main] o.s.b.f.s.DefaultListableBeanFactory     : Returning cached instance of singleton bean 'entityManagerFactory'
2024-07-20T12:51:00.276+02:00 TRACE 238666 --- [crud-springboot] [           main] o.s.b.f.s.DefaultListableBeanFactory     : Returning cached instance of singleton bean 'spring.jpa.hibernate-org.springframework.boot.autoconfigure.orm.jpa.HibernateProperties'
2024-07-20T12:51:00.276+02:00 TRACE 238666 --- [crud-springboot] [           main] o.s.b.f.s.DefaultListableBeanFactory     : Returning cached instance of singleton bean 'spring.jpa-org.springframework.boot.autoconfigure.orm.jpa.JpaProperties'
2024-07-20T12:51:00.276+02:00 TRACE 238666 --- [crud-springboot] [           main] o.s.b.f.s.DefaultListableBeanFactory     : Returning cached instance of singleton bean 'org.springframework.boot.autoconfigure.orm.jpa.HibernateJpaAutoConfiguration'
2024-07-20T12:51:00.276+02:00 TRACE 238666 --- [crud-springboot] [           main] o.s.b.f.s.DefaultListableBeanFactory     : Returning cached instance of singleton bean 'org.springframework.boot.autoconfigure.jackson.JacksonAutoConfiguration$Jackson2ObjectMapperBuilderCustomizerConfiguration'
2024-07-20T12:51:00.276+02:00 TRACE 238666 --- [crud-springboot] [           main] o.s.b.f.s.DefaultListableBeanFactory     : Returning cached instance of singleton bean 'standardJacksonObjectMapperBuilderCustomizer'
2024-07-20T12:51:00.276+02:00 TRACE 238666 --- [crud-springboot] [           main] o.s.b.f.s.DefaultListableBeanFactory     : Returning cached instance of singleton bean 'spring.jackson-org.springframework.boot.autoconfigure.jackson.JacksonProperties'
2024-07-20T12:51:00.276+02:00 TRACE 238666 --- [crud-springboot] [           main] o.s.b.f.s.DefaultListableBeanFactory     : Returning cached instance of singleton bean 'org.springframework.boot.autoconfigure.jackson.JacksonAutoConfiguration$JacksonObjectMapperBuilderConfiguration'
2024-07-20T12:51:00.276+02:00 TRACE 238666 --- [crud-springboot] [           main] o.s.b.f.s.DefaultListableBeanFactory     : Returning cached instance of singleton bean 'org.springframework.boot.autoconfigure.jackson.JacksonAutoConfiguration$ParameterNamesModuleConfiguration'
2024-07-20T12:51:00.276+02:00 TRACE 238666 --- [crud-springboot] [           main] o.s.b.f.s.DefaultListableBeanFactory     : Returning cached instance of singleton bean 'parameterNamesModule'
2024-07-20T12:51:00.276+02:00 TRACE 238666 --- [crud-springboot] [           main] o.s.b.f.s.DefaultListableBeanFactory     : Returning cached instance of singleton bean 'org.springframework.boot.autoconfigure.jackson.JacksonAutoConfiguration$JacksonObjectMapperConfiguration'
2024-07-20T12:51:00.276+02:00 TRACE 238666 --- [crud-springboot] [           main] o.s.b.f.s.DefaultListableBeanFactory     : Returning cached instance of singleton bean 'jacksonObjectMapper'
2024-07-20T12:51:00.276+02:00 TRACE 238666 --- [crud-springboot] [           main] o.s.b.f.s.DefaultListableBeanFactory     : Returning cached instance of singleton bean 'org.springframework.boot.autoconfigure.jackson.JacksonAutoConfiguration$JacksonMixinConfiguration'
2024-07-20T12:51:00.276+02:00 TRACE 238666 --- [crud-springboot] [           main] o.s.b.f.s.DefaultListableBeanFactory     : Returning cached instance of singleton bean 'jsonMixinModuleEntries'
2024-07-20T12:51:00.276+02:00 TRACE 238666 --- [crud-springboot] [           main] o.s.b.f.s.DefaultListableBeanFactory     : Returning cached instance of singleton bean 'jsonMixinModule'
2024-07-20T12:51:00.277+02:00 TRACE 238666 --- [crud-springboot] [           main] o.s.b.f.s.DefaultListableBeanFactory     : Returning cached instance of singleton bean 'org.springframework.boot.autoconfigure.jackson.JacksonAutoConfiguration'
2024-07-20T12:51:00.277+02:00 TRACE 238666 --- [crud-springboot] [           main] o.s.b.f.s.DefaultListableBeanFactory     : Returning cached instance of singleton bean 'jsonComponentModule'
2024-07-20T12:51:00.277+02:00 TRACE 238666 --- [crud-springboot] [           main] o.s.b.f.s.DefaultListableBeanFactory     : Returning cached instance of singleton bean 'org.springframework.boot.autoconfigure.context.ConfigurationPropertiesAutoConfiguration'
2024-07-20T12:51:00.277+02:00 TRACE 238666 --- [crud-springboot] [           main] o.s.b.f.s.DefaultListableBeanFactory     : Returning cached instance of singleton bean 'org.springframework.boot.autoconfigure.context.LifecycleAutoConfiguration'
2024-07-20T12:51:00.277+02:00 TRACE 238666 --- [crud-springboot] [           main] o.s.b.f.s.DefaultListableBeanFactory     : Returning cached instance of singleton bean 'lifecycleProcessor'
2024-07-20T12:51:00.277+02:00 TRACE 238666 --- [crud-springboot] [           main] o.s.b.f.s.DefaultListableBeanFactory     : Returning cached instance of singleton bean 'spring.lifecycle-org.springframework.boot.autoconfigure.context.LifecycleProperties'
2024-07-20T12:51:00.277+02:00 TRACE 238666 --- [crud-springboot] [           main] o.s.b.f.s.DefaultListableBeanFactory     : Returning cached instance of singleton bean 'org.springframework.boot.autoconfigure.dao.PersistenceExceptionTranslationAutoConfiguration'
2024-07-20T12:51:00.277+02:00 TRACE 238666 --- [crud-springboot] [           main] o.s.b.f.s.DefaultListableBeanFactory     : Returning cached instance of singleton bean 'persistenceExceptionTranslationPostProcessor'
2024-07-20T12:51:00.277+02:00 TRACE 238666 --- [crud-springboot] [           main] o.s.b.f.s.DefaultListableBeanFactory     : Returning cached instance of singleton bean 'org.springframework.boot.autoconfigure.data.jpa.JpaRepositoriesAutoConfiguration'
2024-07-20T12:51:00.277+02:00 TRACE 238666 --- [crud-springboot] [           main] o.s.b.f.s.DefaultListableBeanFactory     : Returning cached instance of singleton bean 'jpaSharedEM_entityManagerFactory'
2024-07-20T12:51:00.277+02:00 TRACE 238666 --- [crud-springboot] [           main] o.s.b.f.s.DefaultListableBeanFactory     : Returning cached instance of singleton bean 'emBeanDefinitionRegistrarPostProcessor'
2024-07-20T12:51:00.277+02:00 TRACE 238666 --- [crud-springboot] [           main] o.s.b.f.s.DefaultListableBeanFactory     : Returning cached instance of singleton bean 'jpaMappingContext'
2024-07-20T12:51:00.277+02:00 TRACE 238666 --- [crud-springboot] [           main] o.s.b.f.s.DefaultListableBeanFactory     : Returning cached instance of singleton bean 'jpaMappingContext'
2024-07-20T12:51:00.277+02:00 TRACE 238666 --- [crud-springboot] [           main] o.s.b.f.s.DefaultListableBeanFactory     : Returning cached instance of singleton bean 'org.springframework.data.jpa.util.JpaMetamodelCacheCleanup'
2024-07-20T12:51:00.277+02:00 TRACE 238666 --- [crud-springboot] [           main] o.s.b.f.s.DefaultListableBeanFactory     : Returning cached instance of singleton bean 'org.springframework.data.jpa.repository.support.JpaEvaluationContextExtension'
2024-07-20T12:51:00.277+02:00 TRACE 238666 --- [crud-springboot] [           main] o.s.b.f.s.DefaultListableBeanFactory     : Returning cached instance of singleton bean 'jpa.named-queries#0'
2024-07-20T12:51:00.277+02:00 TRACE 238666 --- [crud-springboot] [           main] o.s.b.f.s.DefaultListableBeanFactory     : Returning cached instance of singleton bean 'jpa.named-queries#0'
2024-07-20T12:51:00.277+02:00 TRACE 238666 --- [crud-springboot] [           main] o.s.b.f.s.DefaultListableBeanFactory     : Returning cached instance of singleton bean 'jpa.PersonRepository.fragments#0'
2024-07-20T12:51:00.277+02:00 TRACE 238666 --- [crud-springboot] [           main] o.s.b.f.s.DefaultListableBeanFactory     : Returning cached instance of singleton bean 'jpa.PersonRepository.fragments#0'
2024-07-20T12:51:00.277+02:00 TRACE 238666 --- [crud-springboot] [           main] o.s.b.f.s.DefaultListableBeanFactory     : Returning cached instance of singleton bean 'personRepository'
2024-07-20T12:51:00.277+02:00 TRACE 238666 --- [crud-springboot] [           main] o.s.b.f.s.DefaultListableBeanFactory     : Returning cached instance of singleton bean 'personRepository'
2024-07-20T12:51:00.277+02:00 TRACE 238666 --- [crud-springboot] [           main] o.s.b.f.s.DefaultListableBeanFactory     : Returning cached instance of singleton bean 'jpa.named-queries#1'
2024-07-20T12:51:00.277+02:00 TRACE 238666 --- [crud-springboot] [           main] o.s.b.f.s.DefaultListableBeanFactory     : Returning cached instance of singleton bean 'jpa.named-queries#1'
2024-07-20T12:51:00.277+02:00 TRACE 238666 --- [crud-springboot] [           main] o.s.b.f.s.DefaultListableBeanFactory     : Returning cached instance of singleton bean 'jpa.UserRepository.fragments#0'
2024-07-20T12:51:00.277+02:00 TRACE 238666 --- [crud-springboot] [           main] o.s.b.f.s.DefaultListableBeanFactory     : Returning cached instance of singleton bean 'jpa.UserRepository.fragments#0'
2024-07-20T12:51:00.277+02:00 TRACE 238666 --- [crud-springboot] [           main] o.s.b.f.s.DefaultListableBeanFactory     : Returning cached instance of singleton bean 'userRepository'
2024-07-20T12:51:00.277+02:00 TRACE 238666 --- [crud-springboot] [           main] o.s.b.f.s.DefaultListableBeanFactory     : Returning cached instance of singleton bean 'userRepository'
2024-07-20T12:51:00.278+02:00 TRACE 238666 --- [crud-springboot] [           main] o.s.b.f.s.DefaultListableBeanFactory     : Returning cached instance of singleton bean 'jpa.named-queries#2'
2024-07-20T12:51:00.278+02:00 TRACE 238666 --- [crud-springboot] [           main] o.s.b.f.s.DefaultListableBeanFactory     : Returning cached instance of singleton bean 'jpa.named-queries#2'
2024-07-20T12:51:00.278+02:00 TRACE 238666 --- [crud-springboot] [           main] o.s.b.f.s.DefaultListableBeanFactory     : Returning cached instance of singleton bean 'jpa.MenuRepository.fragments#0'
2024-07-20T12:51:00.278+02:00 TRACE 238666 --- [crud-springboot] [           main] o.s.b.f.s.DefaultListableBeanFactory     : Returning cached instance of singleton bean 'jpa.MenuRepository.fragments#0'
2024-07-20T12:51:00.278+02:00 TRACE 238666 --- [crud-springboot] [           main] o.s.b.f.s.DefaultListableBeanFactory     : Returning cached instance of singleton bean 'menuRepository'
2024-07-20T12:51:00.278+02:00 TRACE 238666 --- [crud-springboot] [           main] o.s.b.f.s.DefaultListableBeanFactory     : Returning cached instance of singleton bean 'menuRepository'
2024-07-20T12:51:00.278+02:00 TRACE 238666 --- [crud-springboot] [           main] o.s.b.f.s.DefaultListableBeanFactory     : Returning cached instance of singleton bean 'jpa.named-queries#3'
2024-07-20T12:51:00.278+02:00 TRACE 238666 --- [crud-springboot] [           main] o.s.b.f.s.DefaultListableBeanFactory     : Returning cached instance of singleton bean 'jpa.named-queries#3'
2024-07-20T12:51:00.278+02:00 TRACE 238666 --- [crud-springboot] [           main] o.s.b.f.s.DefaultListableBeanFactory     : Returning cached instance of singleton bean 'jpa.AllergenRepository.fragments#0'
2024-07-20T12:51:00.278+02:00 TRACE 238666 --- [crud-springboot] [           main] o.s.b.f.s.DefaultListableBeanFactory     : Returning cached instance of singleton bean 'jpa.AllergenRepository.fragments#0'
2024-07-20T12:51:00.278+02:00 TRACE 238666 --- [crud-springboot] [           main] o.s.b.f.s.DefaultListableBeanFactory     : Returning cached instance of singleton bean 'allergenRepository'
2024-07-20T12:51:00.278+02:00 TRACE 238666 --- [crud-springboot] [           main] o.s.b.f.s.DefaultListableBeanFactory     : Returning cached instance of singleton bean 'allergenRepository'
2024-07-20T12:51:00.278+02:00 TRACE 238666 --- [crud-springboot] [           main] o.s.b.f.s.DefaultListableBeanFactory     : Returning cached instance of singleton bean 'jpa.named-queries#4'
2024-07-20T12:51:00.278+02:00 TRACE 238666 --- [crud-springboot] [           main] o.s.b.f.s.DefaultListableBeanFactory     : Returning cached instance of singleton bean 'jpa.named-queries#4'
2024-07-20T12:51:00.278+02:00 TRACE 238666 --- [crud-springboot] [           main] o.s.b.f.s.DefaultListableBeanFactory     : Returning cached instance of singleton bean 'jpa.IngredientRepository.fragments#0'
2024-07-20T12:51:00.278+02:00 TRACE 238666 --- [crud-springboot] [           main] o.s.b.f.s.DefaultListableBeanFactory     : Returning cached instance of singleton bean 'jpa.IngredientRepository.fragments#0'
2024-07-20T12:51:00.278+02:00 TRACE 238666 --- [crud-springboot] [           main] o.s.b.f.s.DefaultListableBeanFactory     : Returning cached instance of singleton bean 'ingredientRepository'
2024-07-20T12:51:00.278+02:00 TRACE 238666 --- [crud-springboot] [           main] o.s.b.f.s.DefaultListableBeanFactory     : Returning cached instance of singleton bean 'ingredientRepository'
2024-07-20T12:51:00.278+02:00 TRACE 238666 --- [crud-springboot] [           main] o.s.b.f.s.DefaultListableBeanFactory     : Returning cached instance of singleton bean 'jpa.named-queries#5'
2024-07-20T12:51:00.278+02:00 TRACE 238666 --- [crud-springboot] [           main] o.s.b.f.s.DefaultListableBeanFactory     : Returning cached instance of singleton bean 'jpa.named-queries#5'
2024-07-20T12:51:00.278+02:00 TRACE 238666 --- [crud-springboot] [           main] o.s.b.f.s.DefaultListableBeanFactory     : Returning cached instance of singleton bean 'jpa.CardRepository.fragments#0'
2024-07-20T12:51:00.278+02:00 TRACE 238666 --- [crud-springboot] [           main] o.s.b.f.s.DefaultListableBeanFactory     : Returning cached instance of singleton bean 'jpa.CardRepository.fragments#0'
2024-07-20T12:51:00.278+02:00 TRACE 238666 --- [crud-springboot] [           main] o.s.b.f.s.DefaultListableBeanFactory     : Returning cached instance of singleton bean 'cardRepository'
2024-07-20T12:51:00.278+02:00 TRACE 238666 --- [crud-springboot] [           main] o.s.b.f.s.DefaultListableBeanFactory     : Returning cached instance of singleton bean 'cardRepository'
2024-07-20T12:51:00.278+02:00 TRACE 238666 --- [crud-springboot] [           main] o.s.b.f.s.DefaultListableBeanFactory     : Returning cached instance of singleton bean 'jpa.named-queries#6'
2024-07-20T12:51:00.278+02:00 TRACE 238666 --- [crud-springboot] [           main] o.s.b.f.s.DefaultListableBeanFactory     : Returning cached instance of singleton bean 'jpa.named-queries#6'
2024-07-20T12:51:00.278+02:00 TRACE 238666 --- [crud-springboot] [           main] o.s.b.f.s.DefaultListableBeanFactory     : Returning cached instance of singleton bean 'jpa.DishRepository.fragments#0'
2024-07-20T12:51:00.278+02:00 TRACE 238666 --- [crud-springboot] [           main] o.s.b.f.s.DefaultListableBeanFactory     : Returning cached instance of singleton bean 'jpa.DishRepository.fragments#0'
2024-07-20T12:51:00.278+02:00 TRACE 238666 --- [crud-springboot] [           main] o.s.b.f.s.DefaultListableBeanFactory     : Returning cached instance of singleton bean 'dishRepository'
2024-07-20T12:51:00.278+02:00 TRACE 238666 --- [crud-springboot] [           main] o.s.b.f.s.DefaultListableBeanFactory     : Returning cached instance of singleton bean 'dishRepository'
2024-07-20T12:51:00.278+02:00 TRACE 238666 --- [crud-springboot] [           main] o.s.b.f.s.DefaultListableBeanFactory     : Returning cached instance of singleton bean 'data-jpa.repository-aot-processor#0'
2024-07-20T12:51:00.278+02:00 TRACE 238666 --- [crud-springboot] [           main] o.s.b.f.s.DefaultListableBeanFactory     : Returning cached instance of singleton bean 'org.springframework.boot.autoconfigure.http.HttpMessageConvertersAutoConfiguration$StringHttpMessageConverterConfiguration'
2024-07-20T12:51:00.278+02:00 TRACE 238666 --- [crud-springboot] [           main] o.s.b.f.s.DefaultListableBeanFactory     : Returning cached instance of singleton bean 'stringHttpMessageConverter'
2024-07-20T12:51:00.278+02:00 TRACE 238666 --- [crud-springboot] [           main] o.s.b.f.s.DefaultListableBeanFactory     : Returning cached instance of singleton bean 'org.springframework.boot.autoconfigure.http.JacksonHttpMessageConvertersConfiguration$MappingJackson2HttpMessageConverterConfiguration'
2024-07-20T12:51:00.278+02:00 TRACE 238666 --- [crud-springboot] [           main] o.s.b.f.s.DefaultListableBeanFactory     : Returning cached instance of singleton bean 'mappingJackson2HttpMessageConverter'
2024-07-20T12:51:00.278+02:00 TRACE 238666 --- [crud-springboot] [           main] o.s.b.f.s.DefaultListableBeanFactory     : Returning cached instance of singleton bean 'org.springframework.boot.autoconfigure.http.JacksonHttpMessageConvertersConfiguration'
2024-07-20T12:51:00.279+02:00 TRACE 238666 --- [crud-springboot] [           main] o.s.b.f.s.DefaultListableBeanFactory     : Returning cached instance of singleton bean 'org.springframework.boot.autoconfigure.http.HttpMessageConvertersAutoConfiguration'
2024-07-20T12:51:00.279+02:00 TRACE 238666 --- [crud-springboot] [           main] o.s.b.f.s.DefaultListableBeanFactory     : Returning cached instance of singleton bean 'messageConverters'
2024-07-20T12:51:00.279+02:00 TRACE 238666 --- [crud-springboot] [           main] o.s.b.f.s.DefaultListableBeanFactory     : Returning cached instance of singleton bean 'org.springframework.data.web.config.ProjectingArgumentResolverRegistrar'
2024-07-20T12:51:00.279+02:00 TRACE 238666 --- [crud-springboot] [           main] o.s.b.f.s.DefaultListableBeanFactory     : Returning cached instance of singleton bean 'projectingArgumentResolverBeanPostProcessor'
2024-07-20T12:51:00.279+02:00 TRACE 238666 --- [crud-springboot] [           main] o.s.b.f.s.DefaultListableBeanFactory     : Returning cached instance of singleton bean 'org.springframework.data.web.config.SpringDataWebConfiguration'
2024-07-20T12:51:00.279+02:00 TRACE 238666 --- [crud-springboot] [           main] o.s.b.f.s.DefaultListableBeanFactory     : Returning cached instance of singleton bean 'pageableResolver'
2024-07-20T12:51:00.279+02:00 TRACE 238666 --- [crud-springboot] [           main] o.s.b.f.s.DefaultListableBeanFactory     : Returning cached instance of singleton bean 'sortResolver'
2024-07-20T12:51:00.279+02:00 TRACE 238666 --- [crud-springboot] [           main] o.s.b.f.s.DefaultListableBeanFactory     : Returning cached instance of singleton bean 'offsetResolver'
2024-07-20T12:51:00.279+02:00 TRACE 238666 --- [crud-springboot] [           main] o.s.b.f.s.DefaultListableBeanFactory     : Returning cached instance of singleton bean 'org.springframework.data.web.config.SpringDataJacksonConfiguration'
2024-07-20T12:51:00.279+02:00 TRACE 238666 --- [crud-springboot] [           main] o.s.b.f.s.DefaultListableBeanFactory     : Returning cached instance of singleton bean 'jacksonGeoModule'
2024-07-20T12:51:00.279+02:00 TRACE 238666 --- [crud-springboot] [           main] o.s.b.f.s.DefaultListableBeanFactory     : Returning cached instance of singleton bean 'pageModule'
2024-07-20T12:51:00.279+02:00 TRACE 238666 --- [crud-springboot] [           main] o.s.b.f.s.DefaultListableBeanFactory     : Returning cached instance of singleton bean 'org.springframework.boot.autoconfigure.data.web.SpringDataWebAutoConfiguration'
2024-07-20T12:51:00.279+02:00 TRACE 238666 --- [crud-springboot] [           main] o.s.b.f.s.DefaultListableBeanFactory     : Returning cached instance of singleton bean 'pageableCustomizer'
2024-07-20T12:51:00.279+02:00 TRACE 238666 --- [crud-springboot] [           main] o.s.b.f.s.DefaultListableBeanFactory     : Returning cached instance of singleton bean 'sortCustomizer'
2024-07-20T12:51:00.279+02:00 TRACE 238666 --- [crud-springboot] [           main] o.s.b.f.s.DefaultListableBeanFactory     : Returning cached instance of singleton bean 'spring.data.web-org.springframework.boot.autoconfigure.data.web.SpringDataWebProperties'
2024-07-20T12:51:00.279+02:00 TRACE 238666 --- [crud-springboot] [           main] o.s.b.f.s.DefaultListableBeanFactory     : Returning cached instance of singleton bean 'org.springframework.boot.autoconfigure.info.ProjectInfoAutoConfiguration'
2024-07-20T12:51:00.279+02:00 TRACE 238666 --- [crud-springboot] [           main] o.s.b.f.s.DefaultListableBeanFactory     : Returning cached instance of singleton bean 'spring.info-org.springframework.boot.autoconfigure.info.ProjectInfoProperties'
2024-07-20T12:51:00.279+02:00 TRACE 238666 --- [crud-springboot] [           main] o.s.b.f.s.DefaultListableBeanFactory     : Returning cached instance of singleton bean 'org.springframework.boot.autoconfigure.jdbc.JdbcTemplateConfiguration'
2024-07-20T12:51:00.279+02:00 TRACE 238666 --- [crud-springboot] [           main] o.s.b.f.s.DefaultListableBeanFactory     : Returning cached instance of singleton bean 'jdbcTemplate'
2024-07-20T12:51:00.279+02:00 TRACE 238666 --- [crud-springboot] [           main] o.s.b.f.s.DefaultListableBeanFactory     : Returning cached instance of singleton bean 'org.springframework.boot.autoconfigure.jdbc.NamedParameterJdbcTemplateConfiguration'
2024-07-20T12:51:00.279+02:00 TRACE 238666 --- [crud-springboot] [           main] o.s.b.f.s.DefaultListableBeanFactory     : Returning cached instance of singleton bean 'namedParameterJdbcTemplate'
2024-07-20T12:51:00.279+02:00 TRACE 238666 --- [crud-springboot] [           main] o.s.b.f.s.DefaultListableBeanFactory     : Returning cached instance of singleton bean 'org.springframework.boot.autoconfigure.jdbc.JdbcTemplateAutoConfiguration'
2024-07-20T12:51:00.279+02:00 TRACE 238666 --- [crud-springboot] [           main] o.s.b.f.s.DefaultListableBeanFactory     : Returning cached instance of singleton bean 'spring.jdbc-org.springframework.boot.autoconfigure.jdbc.JdbcProperties'
2024-07-20T12:51:00.279+02:00 TRACE 238666 --- [crud-springboot] [           main] o.s.b.f.s.DefaultListableBeanFactory     : Returning cached instance of singleton bean 'org.springframework.boot.sql.init.dependency.DatabaseInitializationDependencyConfigurer$DependsOnDatabaseInitializationPostProcessor'
2024-07-20T12:51:00.279+02:00 TRACE 238666 --- [crud-springboot] [           main] o.s.b.f.s.DefaultListableBeanFactory     : Returning cached instance of singleton bean 'org.springframework.boot.autoconfigure.jdbc.JdbcClientAutoConfiguration'
2024-07-20T12:51:00.279+02:00 TRACE 238666 --- [crud-springboot] [           main] o.s.b.f.s.DefaultListableBeanFactory     : Returning cached instance of singleton bean 'jdbcClient'
2024-07-20T12:51:00.279+02:00 TRACE 238666 --- [crud-springboot] [           main] o.s.b.f.s.DefaultListableBeanFactory     : Returning cached instance of singleton bean 'org.springframework.boot.autoconfigure.security.servlet.SpringBootWebSecurityConfiguration'
2024-07-20T12:51:00.279+02:00 TRACE 238666 --- [crud-springboot] [           main] o.s.b.f.s.DefaultListableBeanFactory     : Returning cached instance of singleton bean 'org.springframework.boot.autoconfigure.security.servlet.SecurityAutoConfiguration'
2024-07-20T12:51:00.279+02:00 TRACE 238666 --- [crud-springboot] [           main] o.s.b.f.s.DefaultListableBeanFactory     : Returning cached instance of singleton bean 'authenticationEventPublisher'
2024-07-20T12:51:00.279+02:00 TRACE 238666 --- [crud-springboot] [           main] o.s.b.f.s.DefaultListableBeanFactory     : Returning cached instance of singleton bean 'spring.security-org.springframework.boot.autoconfigure.security.SecurityProperties'
2024-07-20T12:51:00.279+02:00 TRACE 238666 --- [crud-springboot] [           main] o.s.b.f.s.DefaultListableBeanFactory     : Returning cached instance of singleton bean 'org.springframework.boot.autoconfigure.security.servlet.SecurityFilterAutoConfiguration'
2024-07-20T12:51:00.280+02:00 TRACE 238666 --- [crud-springboot] [           main] o.s.b.f.s.DefaultListableBeanFactory     : Returning cached instance of singleton bean 'securityFilterChainRegistration'
2024-07-20T12:51:00.280+02:00 TRACE 238666 --- [crud-springboot] [           main] o.s.b.f.s.DefaultListableBeanFactory     : Returning cached instance of singleton bean 'org.springframework.boot.autoconfigure.sql.init.DataSourceInitializationConfiguration'
2024-07-20T12:51:00.280+02:00 TRACE 238666 --- [crud-springboot] [           main] o.s.b.f.s.DefaultListableBeanFactory     : Returning cached instance of singleton bean 'dataSourceScriptDatabaseInitializer'
2024-07-20T12:51:00.280+02:00 TRACE 238666 --- [crud-springboot] [           main] o.s.b.f.s.DefaultListableBeanFactory     : Returning cached instance of singleton bean 'org.springframework.boot.autoconfigure.sql.init.SqlInitializationAutoConfiguration'
2024-07-20T12:51:00.280+02:00 TRACE 238666 --- [crud-springboot] [           main] o.s.b.f.s.DefaultListableBeanFactory     : Returning cached instance of singleton bean 'spring.sql.init-org.springframework.boot.autoconfigure.sql.init.SqlInitializationProperties'
2024-07-20T12:51:00.280+02:00 TRACE 238666 --- [crud-springboot] [           main] o.s.b.f.s.DefaultListableBeanFactory     : Returning cached instance of singleton bean 'org.springframework.boot.autoconfigure.task.TaskSchedulingConfigurations$ThreadPoolTaskSchedulerBuilderConfiguration'
2024-07-20T12:51:00.280+02:00 TRACE 238666 --- [crud-springboot] [           main] o.s.b.f.s.DefaultListableBeanFactory     : Returning cached instance of singleton bean 'threadPoolTaskSchedulerBuilder'
2024-07-20T12:51:00.280+02:00 TRACE 238666 --- [crud-springboot] [           main] o.s.b.f.s.DefaultListableBeanFactory     : Returning cached instance of singleton bean 'org.springframework.boot.autoconfigure.task.TaskSchedulingConfigurations$TaskSchedulerBuilderConfiguration'
2024-07-20T12:51:00.280+02:00 TRACE 238666 --- [crud-springboot] [           main] o.s.b.f.s.DefaultListableBeanFactory     : Returning cached instance of singleton bean 'taskSchedulerBuilder'
2024-07-20T12:51:00.280+02:00 TRACE 238666 --- [crud-springboot] [           main] o.s.b.f.s.DefaultListableBeanFactory     : Returning cached instance of singleton bean 'org.springframework.boot.autoconfigure.task.TaskSchedulingConfigurations$SimpleAsyncTaskSchedulerBuilderConfiguration'
2024-07-20T12:51:00.280+02:00 TRACE 238666 --- [crud-springboot] [           main] o.s.b.f.s.DefaultListableBeanFactory     : Returning cached instance of singleton bean 'simpleAsyncTaskSchedulerBuilder'
2024-07-20T12:51:00.280+02:00 TRACE 238666 --- [crud-springboot] [           main] o.s.b.f.s.DefaultListableBeanFactory     : Returning cached instance of singleton bean 'org.springframework.boot.autoconfigure.task.TaskSchedulingAutoConfiguration'
2024-07-20T12:51:00.280+02:00 TRACE 238666 --- [crud-springboot] [           main] o.s.b.f.s.DefaultListableBeanFactory     : Returning cached instance of singleton bean 'spring.task.scheduling-org.springframework.boot.autoconfigure.task.TaskSchedulingProperties'
2024-07-20T12:51:00.280+02:00 TRACE 238666 --- [crud-springboot] [           main] o.s.b.f.s.DefaultListableBeanFactory     : Returning cached instance of singleton bean 'org.springframework.boot.autoconfigure.thymeleaf.ThymeleafAutoConfiguration$ThymeleafWebMvcConfiguration$ThymeleafViewResolverConfiguration'
2024-07-20T12:51:00.280+02:00 TRACE 238666 --- [crud-springboot] [           main] o.s.b.f.s.DefaultListableBeanFactory     : Returning cached instance of singleton bean 'thymeleafViewResolver'
2024-07-20T12:51:00.280+02:00 TRACE 238666 --- [crud-springboot] [           main] o.s.b.f.s.DefaultListableBeanFactory     : Returning cached instance of singleton bean 'org.springframework.boot.autoconfigure.thymeleaf.ThymeleafAutoConfiguration$ThymeleafWebMvcConfiguration'
2024-07-20T12:51:00.280+02:00 TRACE 238666 --- [crud-springboot] [           main] o.s.b.f.s.DefaultListableBeanFactory     : Returning cached instance of singleton bean 'org.springframework.boot.autoconfigure.thymeleaf.ThymeleafAutoConfiguration$DefaultTemplateResolverConfiguration'
2024-07-20T12:51:00.280+02:00 TRACE 238666 --- [crud-springboot] [           main] o.s.b.f.s.DefaultListableBeanFactory     : Returning cached instance of singleton bean 'defaultTemplateResolver'
2024-07-20T12:51:00.280+02:00 TRACE 238666 --- [crud-springboot] [           main] o.s.b.f.s.DefaultListableBeanFactory     : Returning cached instance of singleton bean 'org.springframework.boot.autoconfigure.thymeleaf.TemplateEngineConfigurations$DefaultTemplateEngineConfiguration'
2024-07-20T12:51:00.280+02:00 TRACE 238666 --- [crud-springboot] [           main] o.s.b.f.s.DefaultListableBeanFactory     : Returning cached instance of singleton bean 'templateEngine'
2024-07-20T12:51:00.280+02:00 TRACE 238666 --- [crud-springboot] [           main] o.s.b.f.s.DefaultListableBeanFactory     : Returning cached instance of singleton bean 'org.springframework.boot.autoconfigure.thymeleaf.ThymeleafAutoConfiguration'
2024-07-20T12:51:00.280+02:00 TRACE 238666 --- [crud-springboot] [           main] o.s.b.f.s.DefaultListableBeanFactory     : Returning cached instance of singleton bean 'spring.thymeleaf-org.springframework.boot.autoconfigure.thymeleaf.ThymeleafProperties'
2024-07-20T12:51:00.280+02:00 TRACE 238666 --- [crud-springboot] [           main] o.s.b.f.s.DefaultListableBeanFactory     : Returning cached instance of singleton bean 'org.springframework.boot.autoconfigure.jdbc.DataSourceTransactionManagerAutoConfiguration$JdbcTransactionManagerConfiguration'
2024-07-20T12:51:00.280+02:00 TRACE 238666 --- [crud-springboot] [           main] o.s.b.f.s.DefaultListableBeanFactory     : Returning cached instance of singleton bean 'org.springframework.boot.autoconfigure.jdbc.DataSourceTransactionManagerAutoConfiguration'
2024-07-20T12:51:00.280+02:00 TRACE 238666 --- [crud-springboot] [           main] o.s.b.f.s.DefaultListableBeanFactory     : Returning cached instance of singleton bean 'org.springframework.transaction.annotation.ProxyTransactionManagementConfiguration'
2024-07-20T12:51:00.280+02:00 TRACE 238666 --- [crud-springboot] [           main] o.s.b.f.s.DefaultListableBeanFactory     : Returning cached instance of singleton bean 'org.springframework.transaction.config.internalTransactionAdvisor'
2024-07-20T12:51:00.280+02:00 TRACE 238666 --- [crud-springboot] [           main] o.s.b.f.s.DefaultListableBeanFactory     : Returning cached instance of singleton bean 'transactionAttributeSource'
2024-07-20T12:51:00.280+02:00 TRACE 238666 --- [crud-springboot] [           main] o.s.b.f.s.DefaultListableBeanFactory     : Returning cached instance of singleton bean 'transactionInterceptor'
2024-07-20T12:51:00.280+02:00 TRACE 238666 --- [crud-springboot] [           main] o.s.b.f.s.DefaultListableBeanFactory     : Returning cached instance of singleton bean 'org.springframework.transaction.config.internalTransactionalEventListenerFactory'
2024-07-20T12:51:00.280+02:00 TRACE 238666 --- [crud-springboot] [           main] o.s.b.f.s.DefaultListableBeanFactory     : Returning cached instance of singleton bean 'org.springframework.boot.autoconfigure.transaction.TransactionAutoConfiguration$EnableTransactionManagementConfiguration$CglibAutoProxyConfiguration'
2024-07-20T12:51:00.280+02:00 TRACE 238666 --- [crud-springboot] [           main] o.s.b.f.s.DefaultListableBeanFactory     : Returning cached instance of singleton bean 'org.springframework.boot.autoconfigure.transaction.TransactionAutoConfiguration$EnableTransactionManagementConfiguration'
2024-07-20T12:51:00.280+02:00 TRACE 238666 --- [crud-springboot] [           main] o.s.b.f.s.DefaultListableBeanFactory     : Returning cached instance of singleton bean 'org.springframework.boot.autoconfigure.transaction.TransactionAutoConfiguration$TransactionTemplateConfiguration'
2024-07-20T12:51:00.280+02:00 TRACE 238666 --- [crud-springboot] [           main] o.s.b.f.s.DefaultListableBeanFactory     : Returning cached instance of singleton bean 'transactionTemplate'
2024-07-20T12:51:00.280+02:00 TRACE 238666 --- [crud-springboot] [           main] o.s.b.f.s.DefaultListableBeanFactory     : Returning cached instance of singleton bean 'org.springframework.boot.autoconfigure.transaction.TransactionAutoConfiguration'
2024-07-20T12:51:00.280+02:00 TRACE 238666 --- [crud-springboot] [           main] o.s.b.f.s.DefaultListableBeanFactory     : Returning cached instance of singleton bean 'org.springframework.boot.autoconfigure.web.client.RestClientAutoConfiguration'
2024-07-20T12:51:00.280+02:00 TRACE 238666 --- [crud-springboot] [           main] o.s.b.f.s.DefaultListableBeanFactory     : Returning cached instance of singleton bean 'httpMessageConvertersRestClientCustomizer'
2024-07-20T12:51:00.281+02:00 TRACE 238666 --- [crud-springboot] [           main] o.s.b.f.s.DefaultListableBeanFactory     : Returning cached instance of singleton bean 'restClientSsl'
2024-07-20T12:51:00.281+02:00 TRACE 238666 --- [crud-springboot] [           main] o.s.b.f.s.DefaultListableBeanFactory     : Returning cached instance of singleton bean 'restClientBuilderConfigurer'
2024-07-20T12:51:00.281+02:00 TRACE 238666 --- [crud-springboot] [           main] o.s.b.f.s.DefaultListableBeanFactory     : Returning cached instance of singleton bean 'org.springframework.boot.autoconfigure.web.client.RestTemplateAutoConfiguration'
2024-07-20T12:51:00.281+02:00 TRACE 238666 --- [crud-springboot] [           main] o.s.b.f.s.DefaultListableBeanFactory     : Returning cached instance of singleton bean 'org.springframework.boot.autoconfigure.web.servlet.HttpEncodingAutoConfiguration'
2024-07-20T12:51:00.281+02:00 TRACE 238666 --- [crud-springboot] [           main] o.s.b.f.s.DefaultListableBeanFactory     : Returning cached instance of singleton bean 'characterEncodingFilter'
2024-07-20T12:51:00.281+02:00 TRACE 238666 --- [crud-springboot] [           main] o.s.b.f.s.DefaultListableBeanFactory     : Returning cached instance of singleton bean 'localeCharsetMappingsCustomizer'
2024-07-20T12:51:00.281+02:00 TRACE 238666 --- [crud-springboot] [           main] o.s.b.f.s.DefaultListableBeanFactory     : Returning cached instance of singleton bean 'org.springframework.boot.autoconfigure.web.servlet.MultipartAutoConfiguration'
2024-07-20T12:51:00.281+02:00 TRACE 238666 --- [crud-springboot] [           main] o.s.b.f.s.DefaultListableBeanFactory     : Returning cached instance of singleton bean 'multipartConfigElement'
2024-07-20T12:51:00.281+02:00 TRACE 238666 --- [crud-springboot] [           main] o.s.b.f.s.DefaultListableBeanFactory     : Returning cached instance of singleton bean 'multipartResolver'
2024-07-20T12:51:00.281+02:00 TRACE 238666 --- [crud-springboot] [           main] o.s.b.f.s.DefaultListableBeanFactory     : Returning cached instance of singleton bean 'spring.servlet.multipart-org.springframework.boot.autoconfigure.web.servlet.MultipartProperties'
2024-07-20T12:51:00.281+02:00 TRACE 238666 --- [crud-springboot] [           main] o.s.b.f.s.DefaultListableBeanFactory     : Returning cached instance of singleton bean 'mvcHandlerMappingIntrospectorRequestTransformer'
2024-07-20T12:51:00.281+02:00 TRACE 238666 --- [crud-springboot] [           main] o.s.b.f.s.DefaultListableBeanFactory     : Returning cached instance of singleton bean 'springSecurityFilterChain'
2024-07-20T12:51:00.281+02:00 TRACE 238666 --- [crud-springboot] [           main] o.s.b.f.s.DefaultListableBeanFactory     : Returning cached instance of singleton bean 'org.springframework.boot.test.mock.mockito.MockitoBeans'
2024-07-20T12:51:00.281+02:00 TRACE 238666 --- [crud-springboot] [           main] c.DefaultCacheAwareContextLoaderDelegate : Retrieved ApplicationContext [1593368350] from cache with key [WebMergedContextConfiguration@2d18d9ed testClass = com.cwa.crudspringboot.CrudSpringbootApplicationTests, locations = [], classes = [com.cwa.crudspringboot.CrudSpringbootApplication], contextInitializerClasses = [], activeProfiles = [], propertySourceDescriptors = [], propertySourceProperties = ["org.springframework.boot.test.context.SpringBootTestContextBootstrapper=true"], contextCustomizers = [org.springframework.boot.test.context.filter.ExcludeFilterContextCustomizer@3a7442c7, org.springframework.boot.test.json.DuplicateJsonObjectContextCustomizerFactory$DuplicateJsonObjectContextCustomizer@cb0755b, org.springframework.boot.test.mock.mockito.MockitoContextCustomizer@0, org.springframework.boot.test.web.client.TestRestTemplateContextCustomizer@18271936, org.springframework.boot.test.autoconfigure.actuate.observability.ObservabilityContextCustomizerFactory$DisableObservabilityContextCustomizer@1f, org.springframework.boot.test.autoconfigure.properties.PropertyMappingContextCustomizer@0, org.springframework.boot.test.autoconfigure.web.servlet.WebDriverContextCustomizer@24569dba, org.springframework.boot.test.context.SpringBootTestAnnotation@d144f97a], resourceBasePath = "src/main/webapp", contextLoader = org.springframework.boot.test.context.SpringBootContextLoader, parent = null]
2024-07-20T12:51:00.281+02:00 DEBUG 238666 --- [crud-springboot] [           main] org.springframework.test.context.cache   : Spring test ApplicationContext cache statistics: [DefaultContextCache@7c9b0c16 size = 1, maxSize = 32, parentContextCount = 0, hitCount = 11, missCount = 1, failureCount = 0]
2024-07-20T12:51:00.283+02:00 TRACE 238666 --- [crud-springboot] [           main] c.DefaultCacheAwareContextLoaderDelegate : Retrieved ApplicationContext [1593368350] from cache with key [WebMergedContextConfiguration@2d18d9ed testClass = com.cwa.crudspringboot.CrudSpringbootApplicationTests, locations = [], classes = [com.cwa.crudspringboot.CrudSpringbootApplication], contextInitializerClasses = [], activeProfiles = [], propertySourceDescriptors = [], propertySourceProperties = ["org.springframework.boot.test.context.SpringBootTestContextBootstrapper=true"], contextCustomizers = [org.springframework.boot.test.context.filter.ExcludeFilterContextCustomizer@3a7442c7, org.springframework.boot.test.json.DuplicateJsonObjectContextCustomizerFactory$DuplicateJsonObjectContextCustomizer@cb0755b, org.springframework.boot.test.mock.mockito.MockitoContextCustomizer@0, org.springframework.boot.test.web.client.TestRestTemplateContextCustomizer@18271936, org.springframework.boot.test.autoconfigure.actuate.observability.ObservabilityContextCustomizerFactory$DisableObservabilityContextCustomizer@1f, org.springframework.boot.test.autoconfigure.properties.PropertyMappingContextCustomizer@0, org.springframework.boot.test.autoconfigure.web.servlet.WebDriverContextCustomizer@24569dba, org.springframework.boot.test.context.SpringBootTestAnnotation@d144f97a], resourceBasePath = "src/main/webapp", contextLoader = org.springframework.boot.test.context.SpringBootContextLoader, parent = null]
2024-07-20T12:51:00.283+02:00 DEBUG 238666 --- [crud-springboot] [           main] org.springframework.test.context.cache   : Spring test ApplicationContext cache statistics: [DefaultContextCache@7c9b0c16 size = 1, maxSize = 32, parentContextCount = 0, hitCount = 12, missCount = 1, failureCount = 0]
2024-07-20T12:51:00.283+02:00 TRACE 238666 --- [crud-springboot] [           main] o.s.b.f.s.DefaultListableBeanFactory     : Returning cached instance of singleton bean 'delegatingApplicationListener'
2024-07-20T12:51:00.284+02:00 TRACE 238666 --- [crud-springboot] [           main] .c.s.DirtiesContextTestExecutionListener : After test method: context [DefaultTestContext@240fa4ad testClass = com.cwa.crudspringboot.CrudSpringbootApplicationTests, testInstance = com.cwa.crudspringboot.CrudSpringbootApplicationTests@4fb3c670, testMethod = contextLoads(), testException = null, mergedContextConfiguration = [WebMergedContextConfiguration@2d18d9ed testClass = com.cwa.crudspringboot.CrudSpringbootApplicationTests, locations = [], classes = [com.cwa.crudspringboot.CrudSpringbootApplication], contextInitializerClasses = [], activeProfiles = [], propertySourceDescriptors = [], propertySourceProperties = ["org.springframework.boot.test.context.SpringBootTestContextBootstrapper=true"], contextCustomizers = [org.springframework.boot.test.context.filter.ExcludeFilterContextCustomizer@3a7442c7, org.springframework.boot.test.json.DuplicateJsonObjectContextCustomizerFactory$DuplicateJsonObjectContextCustomizer@cb0755b, org.springframework.boot.test.mock.mockito.MockitoContextCustomizer@0, org.springframework.boot.test.web.client.TestRestTemplateContextCustomizer@18271936, org.springframework.boot.test.autoconfigure.actuate.observability.ObservabilityContextCustomizerFactory$DisableObservabilityContextCustomizer@1f, org.springframework.boot.test.autoconfigure.properties.PropertyMappingContextCustomizer@0, org.springframework.boot.test.autoconfigure.web.servlet.WebDriverContextCustomizer@24569dba, org.springframework.boot.test.context.SpringBootTestAnnotation@d144f97a], resourceBasePath = "src/main/webapp", contextLoader = org.springframework.boot.test.context.SpringBootContextLoader, parent = null], attributes = {"org.springframework.test.context.web.ServletTestExecutionListener.activateListener" -> true, "org.springframework.test.context.web.ServletTestExecutionListener.populatedRequestContextHolder" -> true, "org.springframework.test.context.web.ServletTestExecutionListener.resetRequestContextHolder" -> true, "org.springframework.test.context.event.ApplicationEventsTestExecutionListener.recordApplicationEvents" -> false}], class annotated with @DirtiesContext [false] with mode [null], method annotated with @DirtiesContext [false] with mode [null]
2024-07-20T12:51:00.284+02:00 TRACE 238666 --- [crud-springboot] [           main] o.s.t.c.w.ServletTestExecutionListener   : Resetting RequestContextHolder for test context [DefaultTestContext@240fa4ad testClass = com.cwa.crudspringboot.CrudSpringbootApplicationTests, testInstance = com.cwa.crudspringboot.CrudSpringbootApplicationTests@4fb3c670, testMethod = contextLoads(), testException = null, mergedContextConfiguration = [WebMergedContextConfiguration@2d18d9ed testClass = com.cwa.crudspringboot.CrudSpringbootApplicationTests, locations = [], classes = [com.cwa.crudspringboot.CrudSpringbootApplication], contextInitializerClasses = [], activeProfiles = [], propertySourceDescriptors = [], propertySourceProperties = ["org.springframework.boot.test.context.SpringBootTestContextBootstrapper=true"], contextCustomizers = [org.springframework.boot.test.context.filter.ExcludeFilterContextCustomizer@3a7442c7, org.springframework.boot.test.json.DuplicateJsonObjectContextCustomizerFactory$DuplicateJsonObjectContextCustomizer@cb0755b, org.springframework.boot.test.mock.mockito.MockitoContextCustomizer@0, org.springframework.boot.test.web.client.TestRestTemplateContextCustomizer@18271936, org.springframework.boot.test.autoconfigure.actuate.observability.ObservabilityContextCustomizerFactory$DisableObservabilityContextCustomizer@1f, org.springframework.boot.test.autoconfigure.properties.PropertyMappingContextCustomizer@0, org.springframework.boot.test.autoconfigure.web.servlet.WebDriverContextCustomizer@24569dba, org.springframework.boot.test.context.SpringBootTestAnnotation@d144f97a], resourceBasePath = "src/main/webapp", contextLoader = org.springframework.boot.test.context.SpringBootContextLoader, parent = null], attributes = {"org.springframework.test.context.web.ServletTestExecutionListener.activateListener" -> true, "org.springframework.test.context.web.ServletTestExecutionListener.populatedRequestContextHolder" -> true, "org.springframework.test.context.web.ServletTestExecutionListener.resetRequestContextHolder" -> true, "org.springframework.test.context.event.ApplicationEventsTestExecutionListener.recordApplicationEvents" -> false}]
]]></system-out>
  </testcase>
</testsuite>